[2022-10-19 23:37:27] PRINT {'features1': 400, 'features2': 10, 'lr': 0.00014134831433671122, 'epsilon': 1e-06}
[2022-10-19 23:37:27] PRINT Using cuda device
[2022-10-19 23:37:28] PRINT Train Epoch: 1 [0/60000 (0%)]	Loss: 551.168335
[2022-10-19 23:37:28] PRINT Train Epoch: 1 [1280/60000 (2%)]	Loss: 513.862610
[2022-10-19 23:37:28] PRINT Train Epoch: 1 [2560/60000 (4%)]	Loss: 471.330566
[2022-10-19 23:37:28] PRINT Train Epoch: 1 [3840/60000 (6%)]	Loss: 419.908997
[2022-10-19 23:37:29] PRINT Train Epoch: 1 [5120/60000 (9%)]	Loss: 356.124542
[2022-10-19 23:37:29] PRINT Train Epoch: 1 [6400/60000 (11%)]	Loss: 322.605927
[2022-10-19 23:37:29] PRINT Train Epoch: 1 [7680/60000 (13%)]	Loss: 291.272491
[2022-10-19 23:37:29] PRINT Train Epoch: 1 [8960/60000 (15%)]	Loss: 276.296600
[2022-10-19 23:37:29] PRINT Train Epoch: 1 [10240/60000 (17%)]	Loss: 261.875092
[2022-10-19 23:37:29] PRINT Train Epoch: 1 [11520/60000 (19%)]	Loss: 252.741074
[2022-10-19 23:37:29] PRINT Train Epoch: 1 [12800/60000 (21%)]	Loss: 245.432892
[2022-10-19 23:37:29] PRINT Train Epoch: 1 [14080/60000 (23%)]	Loss: 237.842957
[2022-10-19 23:37:29] PRINT Train Epoch: 1 [15360/60000 (26%)]	Loss: 232.134399
[2022-10-19 23:37:29] PRINT Train Epoch: 1 [16640/60000 (28%)]	Loss: 231.783661
[2022-10-19 23:37:30] PRINT Train Epoch: 1 [17920/60000 (30%)]	Loss: 231.191147
[2022-10-19 23:37:30] PRINT Train Epoch: 1 [19200/60000 (32%)]	Loss: 238.953857
[2022-10-19 23:37:30] PRINT Train Epoch: 1 [20480/60000 (34%)]	Loss: 234.871750
[2022-10-19 23:37:30] PRINT Train Epoch: 1 [21760/60000 (36%)]	Loss: 233.375961
[2022-10-19 23:37:30] PRINT Train Epoch: 1 [23040/60000 (38%)]	Loss: 229.589813
[2022-10-19 23:37:30] PRINT Train Epoch: 1 [24320/60000 (41%)]	Loss: 226.769501
[2022-10-19 23:37:30] PRINT Train Epoch: 1 [25600/60000 (43%)]	Loss: 225.834274
[2022-10-19 23:37:30] PRINT Train Epoch: 1 [26880/60000 (45%)]	Loss: 217.332794
[2022-10-19 23:37:30] PRINT Train Epoch: 1 [28160/60000 (47%)]	Loss: 218.184387
[2022-10-19 23:37:31] PRINT Train Epoch: 1 [29440/60000 (49%)]	Loss: 220.718689
[2022-10-19 23:37:31] PRINT Train Epoch: 1 [30720/60000 (51%)]	Loss: 222.329620
[2022-10-19 23:37:31] PRINT Train Epoch: 1 [32000/60000 (53%)]	Loss: 202.349625
[2022-10-19 23:37:31] PRINT Train Epoch: 1 [33280/60000 (55%)]	Loss: 212.796448
[2022-10-19 23:37:31] PRINT Train Epoch: 1 [34560/60000 (58%)]	Loss: 208.886993
[2022-10-19 23:37:31] PRINT Train Epoch: 1 [35840/60000 (60%)]	Loss: 204.645584
[2022-10-19 23:37:31] PRINT Train Epoch: 1 [37120/60000 (62%)]	Loss: 203.919968
[2022-10-19 23:37:31] PRINT Train Epoch: 1 [38400/60000 (64%)]	Loss: 201.010056
[2022-10-19 23:37:31] PRINT Train Epoch: 1 [39680/60000 (66%)]	Loss: 197.674301
[2022-10-19 23:37:31] PRINT Train Epoch: 1 [40960/60000 (68%)]	Loss: 203.210449
[2022-10-19 23:37:32] PRINT Train Epoch: 1 [42240/60000 (70%)]	Loss: 200.843491
[2022-10-19 23:37:32] PRINT Train Epoch: 1 [43520/60000 (72%)]	Loss: 200.037598
[2022-10-19 23:37:32] PRINT Train Epoch: 1 [44800/60000 (75%)]	Loss: 191.526688
[2022-10-19 23:37:32] PRINT Train Epoch: 1 [46080/60000 (77%)]	Loss: 191.006378
[2022-10-19 23:37:32] PRINT Train Epoch: 1 [47360/60000 (79%)]	Loss: 187.612595
[2022-10-19 23:37:32] PRINT Train Epoch: 1 [48640/60000 (81%)]	Loss: 188.674973
[2022-10-19 23:37:32] PRINT Train Epoch: 1 [49920/60000 (83%)]	Loss: 190.326782
[2022-10-19 23:37:32] PRINT Train Epoch: 1 [51200/60000 (85%)]	Loss: 186.628128
[2022-10-19 23:37:32] PRINT Train Epoch: 1 [52480/60000 (87%)]	Loss: 186.145370
[2022-10-19 23:37:33] PRINT Train Epoch: 1 [53760/60000 (90%)]	Loss: 186.976562
[2022-10-19 23:37:33] PRINT Train Epoch: 1 [55040/60000 (92%)]	Loss: 179.135040
[2022-10-19 23:37:33] PRINT Train Epoch: 1 [56320/60000 (94%)]	Loss: 179.477859
[2022-10-19 23:37:33] PRINT Train Epoch: 1 [57600/60000 (96%)]	Loss: 185.494781
[2022-10-19 23:37:33] PRINT Train Epoch: 1 [58880/60000 (98%)]	Loss: 176.387360
[2022-10-19 23:37:33] PRINT ====> Epoch: 1 Average loss: 239.9159
[2022-10-19 23:37:34] PRINT ====> Test set loss: 178.5071
[2022-10-19 23:37:34] PRINT Train Epoch: 2 [0/60000 (0%)]	Loss: 190.726151
[2022-10-19 23:37:34] PRINT Train Epoch: 2 [1280/60000 (2%)]	Loss: 181.189209
[2022-10-19 23:37:34] PRINT Train Epoch: 2 [2560/60000 (4%)]	Loss: 180.240952
[2022-10-19 23:37:34] PRINT Train Epoch: 2 [3840/60000 (6%)]	Loss: 174.761292
[2022-10-19 23:37:34] PRINT Train Epoch: 2 [5120/60000 (9%)]	Loss: 176.923798
[2022-10-19 23:37:34] PRINT Train Epoch: 2 [6400/60000 (11%)]	Loss: 167.259583
[2022-10-19 23:37:35] PRINT Train Epoch: 2 [7680/60000 (13%)]	Loss: 176.146545
[2022-10-19 23:37:35] PRINT Train Epoch: 2 [8960/60000 (15%)]	Loss: 173.691589
[2022-10-19 23:37:35] PRINT Train Epoch: 2 [10240/60000 (17%)]	Loss: 179.611374
[2022-10-19 23:37:35] PRINT Train Epoch: 2 [11520/60000 (19%)]	Loss: 167.839050
[2022-10-19 23:37:35] PRINT Train Epoch: 2 [12800/60000 (21%)]	Loss: 171.861984
[2022-10-19 23:37:35] PRINT Train Epoch: 2 [14080/60000 (23%)]	Loss: 167.254440
[2022-10-19 23:37:35] PRINT Train Epoch: 2 [15360/60000 (26%)]	Loss: 168.228134
[2022-10-19 23:37:35] PRINT Train Epoch: 2 [16640/60000 (28%)]	Loss: 164.633362
[2022-10-19 23:37:35] PRINT Train Epoch: 2 [17920/60000 (30%)]	Loss: 166.055389
[2022-10-19 23:37:36] PRINT Train Epoch: 2 [19200/60000 (32%)]	Loss: 164.740295
[2022-10-19 23:37:36] PRINT Train Epoch: 2 [20480/60000 (34%)]	Loss: 163.466919
[2022-10-19 23:37:36] PRINT Train Epoch: 2 [21760/60000 (36%)]	Loss: 164.429733
[2022-10-19 23:37:36] PRINT Train Epoch: 2 [23040/60000 (38%)]	Loss: 167.703400
[2022-10-19 23:37:36] PRINT Train Epoch: 2 [24320/60000 (41%)]	Loss: 156.467758
[2022-10-19 23:37:36] PRINT Train Epoch: 2 [25600/60000 (43%)]	Loss: 163.055145
[2022-10-19 23:37:36] PRINT Train Epoch: 2 [26880/60000 (45%)]	Loss: 159.572662
[2022-10-19 23:37:36] PRINT Train Epoch: 2 [28160/60000 (47%)]	Loss: 165.162949
[2022-10-19 23:37:36] PRINT Train Epoch: 2 [29440/60000 (49%)]	Loss: 160.922897
[2022-10-19 23:37:36] PRINT Train Epoch: 2 [30720/60000 (51%)]	Loss: 150.282379
[2022-10-19 23:37:37] PRINT Train Epoch: 2 [32000/60000 (53%)]	Loss: 159.875870
[2022-10-19 23:37:37] PRINT Train Epoch: 2 [33280/60000 (55%)]	Loss: 156.452316
[2022-10-19 23:37:37] PRINT Train Epoch: 2 [34560/60000 (58%)]	Loss: 157.581299
[2022-10-19 23:37:37] PRINT Train Epoch: 2 [35840/60000 (60%)]	Loss: 164.332993
[2022-10-19 23:37:37] PRINT Train Epoch: 2 [37120/60000 (62%)]	Loss: 161.135727
[2022-10-19 23:37:37] PRINT Train Epoch: 2 [38400/60000 (64%)]	Loss: 164.130402
[2022-10-19 23:37:37] PRINT Train Epoch: 2 [39680/60000 (66%)]	Loss: 160.665298
[2022-10-19 23:37:37] PRINT Train Epoch: 2 [40960/60000 (68%)]	Loss: 149.248413
[2022-10-19 23:37:37] PRINT Train Epoch: 2 [42240/60000 (70%)]	Loss: 156.728195
[2022-10-19 23:37:37] PRINT Train Epoch: 2 [43520/60000 (72%)]	Loss: 156.012863
[2022-10-19 23:37:38] PRINT Train Epoch: 2 [44800/60000 (75%)]	Loss: 154.210693
[2022-10-19 23:37:38] PRINT Train Epoch: 2 [46080/60000 (77%)]	Loss: 153.442444
[2022-10-19 23:37:38] PRINT Train Epoch: 2 [47360/60000 (79%)]	Loss: 151.832123
[2022-10-19 23:37:38] PRINT Train Epoch: 2 [48640/60000 (81%)]	Loss: 149.198608
[2022-10-19 23:37:38] PRINT Train Epoch: 2 [49920/60000 (83%)]	Loss: 154.058685
[2022-10-19 23:37:38] PRINT Train Epoch: 2 [51200/60000 (85%)]	Loss: 152.979462
[2022-10-19 23:37:38] PRINT Train Epoch: 2 [52480/60000 (87%)]	Loss: 157.941864
[2022-10-19 23:37:38] PRINT Train Epoch: 2 [53760/60000 (90%)]	Loss: 148.703766
[2022-10-19 23:37:38] PRINT Train Epoch: 2 [55040/60000 (92%)]	Loss: 146.984070
[2022-10-19 23:37:39] PRINT Train Epoch: 2 [56320/60000 (94%)]	Loss: 148.165100
[2022-10-19 23:37:39] PRINT Train Epoch: 2 [57600/60000 (96%)]	Loss: 150.839417
[2022-10-19 23:37:39] PRINT Train Epoch: 2 [58880/60000 (98%)]	Loss: 148.932953
[2022-10-19 23:37:39] PRINT ====> Epoch: 2 Average loss: 161.1497
[2022-10-19 23:37:40] PRINT ====> Test set loss: 149.0024
[2022-10-19 23:37:40] PRINT Train Epoch: 3 [0/60000 (0%)]	Loss: 154.646271
[2022-10-19 23:37:40] PRINT Train Epoch: 3 [1280/60000 (2%)]	Loss: 148.866455
[2022-10-19 23:37:40] PRINT Train Epoch: 3 [2560/60000 (4%)]	Loss: 144.514435
[2022-10-19 23:37:40] PRINT Train Epoch: 3 [3840/60000 (6%)]	Loss: 147.573898
[2022-10-19 23:37:40] PRINT Train Epoch: 3 [5120/60000 (9%)]	Loss: 148.972122
[2022-10-19 23:37:40] PRINT Train Epoch: 3 [6400/60000 (11%)]	Loss: 147.245865
[2022-10-19 23:37:40] PRINT Train Epoch: 3 [7680/60000 (13%)]	Loss: 144.555939
[2022-10-19 23:37:41] PRINT Train Epoch: 3 [8960/60000 (15%)]	Loss: 145.301758
[2022-10-19 23:37:41] PRINT Train Epoch: 3 [10240/60000 (17%)]	Loss: 146.617294
[2022-10-19 23:37:41] PRINT Train Epoch: 3 [11520/60000 (19%)]	Loss: 148.800369
[2022-10-19 23:37:41] PRINT Train Epoch: 3 [12800/60000 (21%)]	Loss: 148.349564
[2022-10-19 23:37:41] PRINT Train Epoch: 3 [14080/60000 (23%)]	Loss: 149.039185
[2022-10-19 23:37:41] PRINT Train Epoch: 3 [15360/60000 (26%)]	Loss: 145.278015
[2022-10-19 23:37:41] PRINT Train Epoch: 3 [16640/60000 (28%)]	Loss: 148.453644
[2022-10-19 23:37:41] PRINT Train Epoch: 3 [17920/60000 (30%)]	Loss: 144.378326
[2022-10-19 23:37:41] PRINT Train Epoch: 3 [19200/60000 (32%)]	Loss: 141.778244
[2022-10-19 23:37:41] PRINT Train Epoch: 3 [20480/60000 (34%)]	Loss: 141.002380
[2022-10-19 23:37:42] PRINT Train Epoch: 3 [21760/60000 (36%)]	Loss: 142.960388
[2022-10-19 23:37:42] PRINT Train Epoch: 3 [23040/60000 (38%)]	Loss: 146.831635
[2022-10-19 23:37:42] PRINT Train Epoch: 3 [24320/60000 (41%)]	Loss: 137.953018
[2022-10-19 23:37:42] PRINT Train Epoch: 3 [25600/60000 (43%)]	Loss: 143.221054
[2022-10-19 23:37:42] PRINT Train Epoch: 3 [26880/60000 (45%)]	Loss: 148.244965
[2022-10-19 23:37:42] PRINT Train Epoch: 3 [28160/60000 (47%)]	Loss: 140.553131
[2022-10-19 23:37:42] PRINT Train Epoch: 3 [29440/60000 (49%)]	Loss: 147.531677
[2022-10-19 23:37:42] PRINT Train Epoch: 3 [30720/60000 (51%)]	Loss: 149.935226
[2022-10-19 23:37:42] PRINT Train Epoch: 3 [32000/60000 (53%)]	Loss: 144.965271
[2022-10-19 23:37:43] PRINT Train Epoch: 3 [33280/60000 (55%)]	Loss: 140.168076
[2022-10-19 23:37:43] PRINT Train Epoch: 3 [34560/60000 (58%)]	Loss: 140.193436
[2022-10-19 23:37:43] PRINT Train Epoch: 3 [35840/60000 (60%)]	Loss: 139.219940
[2022-10-19 23:37:43] PRINT Train Epoch: 3 [37120/60000 (62%)]	Loss: 145.199188
[2022-10-19 23:37:43] PRINT Train Epoch: 3 [38400/60000 (64%)]	Loss: 142.714981
[2022-10-19 23:37:43] PRINT Train Epoch: 3 [39680/60000 (66%)]	Loss: 142.982056
[2022-10-19 23:37:43] PRINT Train Epoch: 3 [40960/60000 (68%)]	Loss: 142.870361
[2022-10-19 23:37:43] PRINT Train Epoch: 3 [42240/60000 (70%)]	Loss: 143.339645
[2022-10-19 23:37:43] PRINT Train Epoch: 3 [43520/60000 (72%)]	Loss: 145.640152
[2022-10-19 23:37:43] PRINT Train Epoch: 3 [44800/60000 (75%)]	Loss: 141.313232
[2022-10-19 23:37:44] PRINT Train Epoch: 3 [46080/60000 (77%)]	Loss: 139.925018
[2022-10-19 23:37:44] PRINT Train Epoch: 3 [47360/60000 (79%)]	Loss: 134.364166
[2022-10-19 23:37:44] PRINT Train Epoch: 3 [48640/60000 (81%)]	Loss: 139.646378
[2022-10-19 23:37:44] PRINT Train Epoch: 3 [49920/60000 (83%)]	Loss: 146.498688
[2022-10-19 23:37:44] PRINT Train Epoch: 3 [51200/60000 (85%)]	Loss: 141.240540
[2022-10-19 23:37:44] PRINT Train Epoch: 3 [52480/60000 (87%)]	Loss: 140.228455
[2022-10-19 23:37:44] PRINT Train Epoch: 3 [53760/60000 (90%)]	Loss: 139.980911
[2022-10-19 23:37:44] PRINT Train Epoch: 3 [55040/60000 (92%)]	Loss: 135.905487
[2022-10-19 23:37:44] PRINT Train Epoch: 3 [56320/60000 (94%)]	Loss: 135.040497
[2022-10-19 23:37:45] PRINT Train Epoch: 3 [57600/60000 (96%)]	Loss: 141.352341
[2022-10-19 23:37:45] PRINT Train Epoch: 3 [58880/60000 (98%)]	Loss: 138.252167
[2022-10-19 23:37:45] PRINT ====> Epoch: 3 Average loss: 144.0343
[2022-10-19 23:37:46] PRINT ====> Test set loss: 137.9396
[2022-10-19 23:37:46] PRINT Train Epoch: 4 [0/60000 (0%)]	Loss: 140.036209
[2022-10-19 23:37:46] PRINT Train Epoch: 4 [1280/60000 (2%)]	Loss: 142.284454
[2022-10-19 23:37:46] PRINT Train Epoch: 4 [2560/60000 (4%)]	Loss: 131.213348
[2022-10-19 23:37:46] PRINT Train Epoch: 4 [3840/60000 (6%)]	Loss: 143.139282
[2022-10-19 23:37:46] PRINT Train Epoch: 4 [5120/60000 (9%)]	Loss: 137.646988
[2022-10-19 23:37:46] PRINT Train Epoch: 4 [6400/60000 (11%)]	Loss: 141.227280
[2022-10-19 23:37:46] PRINT Train Epoch: 4 [7680/60000 (13%)]	Loss: 142.715027
[2022-10-19 23:37:46] PRINT Train Epoch: 4 [8960/60000 (15%)]	Loss: 133.588287
[2022-10-19 23:37:46] PRINT Train Epoch: 4 [10240/60000 (17%)]	Loss: 134.167328
[2022-10-19 23:37:47] PRINT Train Epoch: 4 [11520/60000 (19%)]	Loss: 140.564438
[2022-10-19 23:37:47] PRINT Train Epoch: 4 [12800/60000 (21%)]	Loss: 135.896393
[2022-10-19 23:37:47] PRINT Train Epoch: 4 [14080/60000 (23%)]	Loss: 145.286545
[2022-10-19 23:37:47] PRINT Train Epoch: 4 [15360/60000 (26%)]	Loss: 134.599625
[2022-10-19 23:37:47] PRINT Train Epoch: 4 [16640/60000 (28%)]	Loss: 133.443970
[2022-10-19 23:37:47] PRINT Train Epoch: 4 [17920/60000 (30%)]	Loss: 132.225037
[2022-10-19 23:37:47] PRINT Train Epoch: 4 [19200/60000 (32%)]	Loss: 136.028046
[2022-10-19 23:37:47] PRINT Train Epoch: 4 [20480/60000 (34%)]	Loss: 137.392395
[2022-10-19 23:37:47] PRINT Train Epoch: 4 [21760/60000 (36%)]	Loss: 139.963409
[2022-10-19 23:37:48] PRINT Train Epoch: 4 [23040/60000 (38%)]	Loss: 135.600769
[2022-10-19 23:37:48] PRINT Train Epoch: 4 [24320/60000 (41%)]	Loss: 132.581665
[2022-10-19 23:37:48] PRINT Train Epoch: 4 [25600/60000 (43%)]	Loss: 140.707596
[2022-10-19 23:37:48] PRINT Train Epoch: 4 [26880/60000 (45%)]	Loss: 135.618683
[2022-10-19 23:37:48] PRINT Train Epoch: 4 [28160/60000 (47%)]	Loss: 134.710342
[2022-10-19 23:37:48] PRINT Train Epoch: 4 [29440/60000 (49%)]	Loss: 132.428741
[2022-10-19 23:37:48] PRINT Train Epoch: 4 [30720/60000 (51%)]	Loss: 132.667511
[2022-10-19 23:37:48] PRINT Train Epoch: 4 [32000/60000 (53%)]	Loss: 132.990265
[2022-10-19 23:37:48] PRINT Train Epoch: 4 [33280/60000 (55%)]	Loss: 137.976059
[2022-10-19 23:37:48] PRINT Train Epoch: 4 [34560/60000 (58%)]	Loss: 140.429321
[2022-10-19 23:37:49] PRINT Train Epoch: 4 [35840/60000 (60%)]	Loss: 137.555267
[2022-10-19 23:37:49] PRINT Train Epoch: 4 [37120/60000 (62%)]	Loss: 134.192139
[2022-10-19 23:37:49] PRINT Train Epoch: 4 [38400/60000 (64%)]	Loss: 131.184341
[2022-10-19 23:37:49] PRINT Train Epoch: 4 [39680/60000 (66%)]	Loss: 132.585983
[2022-10-19 23:37:49] PRINT Train Epoch: 4 [40960/60000 (68%)]	Loss: 134.313324
[2022-10-19 23:37:49] PRINT Train Epoch: 4 [42240/60000 (70%)]	Loss: 136.811066
[2022-10-19 23:37:49] PRINT Train Epoch: 4 [43520/60000 (72%)]	Loss: 138.612640
[2022-10-19 23:37:49] PRINT Train Epoch: 4 [44800/60000 (75%)]	Loss: 133.328949
[2022-10-19 23:37:49] PRINT Train Epoch: 4 [46080/60000 (77%)]	Loss: 132.800995
[2022-10-19 23:37:49] PRINT Train Epoch: 4 [47360/60000 (79%)]	Loss: 134.979538
[2022-10-19 23:37:50] PRINT Train Epoch: 4 [48640/60000 (81%)]	Loss: 130.638565
[2022-10-19 23:37:50] PRINT Train Epoch: 4 [49920/60000 (83%)]	Loss: 133.060928
[2022-10-19 23:37:50] PRINT Train Epoch: 4 [51200/60000 (85%)]	Loss: 132.746948
[2022-10-19 23:37:50] PRINT Train Epoch: 4 [52480/60000 (87%)]	Loss: 137.414154
[2022-10-19 23:37:50] PRINT Train Epoch: 4 [53760/60000 (90%)]	Loss: 128.910431
[2022-10-19 23:37:50] PRINT Train Epoch: 4 [55040/60000 (92%)]	Loss: 127.699165
[2022-10-19 23:37:50] PRINT Train Epoch: 4 [56320/60000 (94%)]	Loss: 132.818207
[2022-10-19 23:37:50] PRINT Train Epoch: 4 [57600/60000 (96%)]	Loss: 131.867874
[2022-10-19 23:37:50] PRINT Train Epoch: 4 [58880/60000 (98%)]	Loss: 137.040955
[2022-10-19 23:37:51] PRINT ====> Epoch: 4 Average loss: 135.8776
[2022-10-19 23:37:51] PRINT ====> Test set loss: 131.9165
[2022-10-19 23:37:51] PRINT Train Epoch: 5 [0/60000 (0%)]	Loss: 134.744690
[2022-10-19 23:37:52] PRINT Train Epoch: 5 [1280/60000 (2%)]	Loss: 134.473694
[2022-10-19 23:37:52] PRINT Train Epoch: 5 [2560/60000 (4%)]	Loss: 132.224579
[2022-10-19 23:37:52] PRINT Train Epoch: 5 [3840/60000 (6%)]	Loss: 130.539093
[2022-10-19 23:37:52] PRINT Train Epoch: 5 [5120/60000 (9%)]	Loss: 126.344650
[2022-10-19 23:37:52] PRINT Train Epoch: 5 [6400/60000 (11%)]	Loss: 136.040344
[2022-10-19 23:37:52] PRINT Train Epoch: 5 [7680/60000 (13%)]	Loss: 133.326645
[2022-10-19 23:37:52] PRINT Train Epoch: 5 [8960/60000 (15%)]	Loss: 132.142334
[2022-10-19 23:37:52] PRINT Train Epoch: 5 [10240/60000 (17%)]	Loss: 131.731705
[2022-10-19 23:37:52] PRINT Train Epoch: 5 [11520/60000 (19%)]	Loss: 129.962372
[2022-10-19 23:37:52] PRINT Train Epoch: 5 [12800/60000 (21%)]	Loss: 125.690727
[2022-10-19 23:37:53] PRINT Train Epoch: 5 [14080/60000 (23%)]	Loss: 122.815880
[2022-10-19 23:37:53] PRINT Train Epoch: 5 [15360/60000 (26%)]	Loss: 137.296783
[2022-10-19 23:37:53] PRINT Train Epoch: 5 [16640/60000 (28%)]	Loss: 129.434555
[2022-10-19 23:37:53] PRINT Train Epoch: 5 [17920/60000 (30%)]	Loss: 131.079422
[2022-10-19 23:37:53] PRINT Train Epoch: 5 [19200/60000 (32%)]	Loss: 130.339233
[2022-10-19 23:37:53] PRINT Train Epoch: 5 [20480/60000 (34%)]	Loss: 127.637299
[2022-10-19 23:37:53] PRINT Train Epoch: 5 [21760/60000 (36%)]	Loss: 132.502106
[2022-10-19 23:37:53] PRINT Train Epoch: 5 [23040/60000 (38%)]	Loss: 134.170364
[2022-10-19 23:37:53] PRINT Train Epoch: 5 [24320/60000 (41%)]	Loss: 134.957001
[2022-10-19 23:37:53] PRINT Train Epoch: 5 [25600/60000 (43%)]	Loss: 130.581299
[2022-10-19 23:37:54] PRINT Train Epoch: 5 [26880/60000 (45%)]	Loss: 131.335983
[2022-10-19 23:37:54] PRINT Train Epoch: 5 [28160/60000 (47%)]	Loss: 130.805969
[2022-10-19 23:37:54] PRINT Train Epoch: 5 [29440/60000 (49%)]	Loss: 134.501190
[2022-10-19 23:37:54] PRINT Train Epoch: 5 [30720/60000 (51%)]	Loss: 134.167923
[2022-10-19 23:37:54] PRINT Train Epoch: 5 [32000/60000 (53%)]	Loss: 129.303741
[2022-10-19 23:37:54] PRINT Train Epoch: 5 [33280/60000 (55%)]	Loss: 135.682068
[2022-10-19 23:37:54] PRINT Train Epoch: 5 [34560/60000 (58%)]	Loss: 133.145004
[2022-10-19 23:37:54] PRINT Train Epoch: 5 [35840/60000 (60%)]	Loss: 130.487076
[2022-10-19 23:37:54] PRINT Train Epoch: 5 [37120/60000 (62%)]	Loss: 130.831680
[2022-10-19 23:37:54] PRINT Train Epoch: 5 [38400/60000 (64%)]	Loss: 127.994019
[2022-10-19 23:37:55] PRINT Train Epoch: 5 [39680/60000 (66%)]	Loss: 128.718094
[2022-10-19 23:37:55] PRINT Train Epoch: 5 [40960/60000 (68%)]	Loss: 128.092911
[2022-10-19 23:37:55] PRINT Train Epoch: 5 [42240/60000 (70%)]	Loss: 139.537094
[2022-10-19 23:37:55] PRINT Train Epoch: 5 [43520/60000 (72%)]	Loss: 132.134705
[2022-10-19 23:37:55] PRINT Train Epoch: 5 [44800/60000 (75%)]	Loss: 132.413742
[2022-10-19 23:37:55] PRINT Train Epoch: 5 [46080/60000 (77%)]	Loss: 127.025909
[2022-10-19 23:37:55] PRINT Train Epoch: 5 [47360/60000 (79%)]	Loss: 126.227150
[2022-10-19 23:37:55] PRINT Train Epoch: 5 [48640/60000 (81%)]	Loss: 129.890793
[2022-10-19 23:37:55] PRINT Train Epoch: 5 [49920/60000 (83%)]	Loss: 126.811699
[2022-10-19 23:37:56] PRINT Train Epoch: 5 [51200/60000 (85%)]	Loss: 130.251450
[2022-10-19 23:37:56] PRINT Train Epoch: 5 [52480/60000 (87%)]	Loss: 132.635971
[2022-10-19 23:37:56] PRINT Train Epoch: 5 [53760/60000 (90%)]	Loss: 128.492416
[2022-10-19 23:37:56] PRINT Train Epoch: 5 [55040/60000 (92%)]	Loss: 126.521194
[2022-10-19 23:37:56] PRINT Train Epoch: 5 [56320/60000 (94%)]	Loss: 133.234863
[2022-10-19 23:37:56] PRINT Train Epoch: 5 [57600/60000 (96%)]	Loss: 129.940002
[2022-10-19 23:37:56] PRINT Train Epoch: 5 [58880/60000 (98%)]	Loss: 129.789917
[2022-10-19 23:37:56] PRINT ====> Epoch: 5 Average loss: 131.2035
[2022-10-19 23:37:57] PRINT ====> Test set loss: 128.2828
[2022-10-19 23:37:57] PRINT Train Epoch: 6 [0/60000 (0%)]	Loss: 129.573868
[2022-10-19 23:37:57] PRINT Train Epoch: 6 [1280/60000 (2%)]	Loss: 126.927460
[2022-10-19 23:37:57] PRINT Train Epoch: 6 [2560/60000 (4%)]	Loss: 123.523453
[2022-10-19 23:37:57] PRINT Train Epoch: 6 [3840/60000 (6%)]	Loss: 128.084106
[2022-10-19 23:37:58] PRINT Train Epoch: 6 [5120/60000 (9%)]	Loss: 133.044586
[2022-10-19 23:37:58] PRINT Train Epoch: 6 [6400/60000 (11%)]	Loss: 128.524948
[2022-10-19 23:37:58] PRINT Train Epoch: 6 [7680/60000 (13%)]	Loss: 130.431946
[2022-10-19 23:37:58] PRINT Train Epoch: 6 [8960/60000 (15%)]	Loss: 126.435242
[2022-10-19 23:37:58] PRINT Train Epoch: 6 [10240/60000 (17%)]	Loss: 127.787453
[2022-10-19 23:37:58] PRINT Train Epoch: 6 [11520/60000 (19%)]	Loss: 132.116409
[2022-10-19 23:37:58] PRINT Train Epoch: 6 [12800/60000 (21%)]	Loss: 125.877235
[2022-10-19 23:37:58] PRINT Train Epoch: 6 [14080/60000 (23%)]	Loss: 125.876335
[2022-10-19 23:37:58] PRINT Train Epoch: 6 [15360/60000 (26%)]	Loss: 125.499680
[2022-10-19 23:37:58] PRINT Train Epoch: 6 [16640/60000 (28%)]	Loss: 128.807251
[2022-10-19 23:37:59] PRINT Train Epoch: 6 [17920/60000 (30%)]	Loss: 129.359680
[2022-10-19 23:37:59] PRINT Train Epoch: 6 [19200/60000 (32%)]	Loss: 125.702339
[2022-10-19 23:37:59] PRINT Train Epoch: 6 [20480/60000 (34%)]	Loss: 125.829605
[2022-10-19 23:37:59] PRINT Train Epoch: 6 [21760/60000 (36%)]	Loss: 127.227058
[2022-10-19 23:37:59] PRINT Train Epoch: 6 [23040/60000 (38%)]	Loss: 132.770996
[2022-10-19 23:37:59] PRINT Train Epoch: 6 [24320/60000 (41%)]	Loss: 121.169312
[2022-10-19 23:37:59] PRINT Train Epoch: 6 [25600/60000 (43%)]	Loss: 127.549179
[2022-10-19 23:37:59] PRINT Train Epoch: 6 [26880/60000 (45%)]	Loss: 127.037201
[2022-10-19 23:37:59] PRINT Train Epoch: 6 [28160/60000 (47%)]	Loss: 125.857460
[2022-10-19 23:37:59] PRINT Train Epoch: 6 [29440/60000 (49%)]	Loss: 128.797302
[2022-10-19 23:38:00] PRINT Train Epoch: 6 [30720/60000 (51%)]	Loss: 124.407600
[2022-10-19 23:38:00] PRINT Train Epoch: 6 [32000/60000 (53%)]	Loss: 128.839600
[2022-10-19 23:38:00] PRINT Train Epoch: 6 [33280/60000 (55%)]	Loss: 125.868683
[2022-10-19 23:38:00] PRINT Train Epoch: 6 [34560/60000 (58%)]	Loss: 129.663483
[2022-10-19 23:38:00] PRINT Train Epoch: 6 [35840/60000 (60%)]	Loss: 126.545471
[2022-10-19 23:38:00] PRINT Train Epoch: 6 [37120/60000 (62%)]	Loss: 129.361069
[2022-10-19 23:38:00] PRINT Train Epoch: 6 [38400/60000 (64%)]	Loss: 128.492340
[2022-10-19 23:38:00] PRINT Train Epoch: 6 [39680/60000 (66%)]	Loss: 123.676682
[2022-10-19 23:38:00] PRINT Train Epoch: 6 [40960/60000 (68%)]	Loss: 129.934036
[2022-10-19 23:38:01] PRINT Train Epoch: 6 [42240/60000 (70%)]	Loss: 127.345856
[2022-10-19 23:38:01] PRINT Train Epoch: 6 [43520/60000 (72%)]	Loss: 127.509430
[2022-10-19 23:38:01] PRINT Train Epoch: 6 [44800/60000 (75%)]	Loss: 124.794022
[2022-10-19 23:38:01] PRINT Train Epoch: 6 [46080/60000 (77%)]	Loss: 118.282791
[2022-10-19 23:38:01] PRINT Train Epoch: 6 [47360/60000 (79%)]	Loss: 127.686646
[2022-10-19 23:38:01] PRINT Train Epoch: 6 [48640/60000 (81%)]	Loss: 127.946518
[2022-10-19 23:38:01] PRINT Train Epoch: 6 [49920/60000 (83%)]	Loss: 125.556236
[2022-10-19 23:38:01] PRINT Train Epoch: 6 [51200/60000 (85%)]	Loss: 128.997955
[2022-10-19 23:38:01] PRINT Train Epoch: 6 [52480/60000 (87%)]	Loss: 128.040115
[2022-10-19 23:38:02] PRINT Train Epoch: 6 [53760/60000 (90%)]	Loss: 128.319305
[2022-10-19 23:38:02] PRINT Train Epoch: 6 [55040/60000 (92%)]	Loss: 125.396744
[2022-10-19 23:38:02] PRINT Train Epoch: 6 [56320/60000 (94%)]	Loss: 125.018860
[2022-10-19 23:38:02] PRINT Train Epoch: 6 [57600/60000 (96%)]	Loss: 129.637253
[2022-10-19 23:38:02] PRINT Train Epoch: 6 [58880/60000 (98%)]	Loss: 129.765564
[2022-10-19 23:38:02] PRINT ====> Epoch: 6 Average loss: 128.1539
[2022-10-19 23:38:03] PRINT ====> Test set loss: 125.7285
[2022-10-19 23:38:03] PRINT Train Epoch: 7 [0/60000 (0%)]	Loss: 121.298210
[2022-10-19 23:38:03] PRINT Train Epoch: 7 [1280/60000 (2%)]	Loss: 128.857773
[2022-10-19 23:38:03] PRINT Train Epoch: 7 [2560/60000 (4%)]	Loss: 127.167412
[2022-10-19 23:38:03] PRINT Train Epoch: 7 [3840/60000 (6%)]	Loss: 127.097778
[2022-10-19 23:38:03] PRINT Train Epoch: 7 [5120/60000 (9%)]	Loss: 125.433136
[2022-10-19 23:38:03] PRINT Train Epoch: 7 [6400/60000 (11%)]	Loss: 124.180328
[2022-10-19 23:38:04] PRINT Train Epoch: 7 [7680/60000 (13%)]	Loss: 130.642502
[2022-10-19 23:38:04] PRINT Train Epoch: 7 [8960/60000 (15%)]	Loss: 129.345551
[2022-10-19 23:38:04] PRINT Train Epoch: 7 [10240/60000 (17%)]	Loss: 121.092361
[2022-10-19 23:38:04] PRINT Train Epoch: 7 [11520/60000 (19%)]	Loss: 127.824211
[2022-10-19 23:38:04] PRINT Train Epoch: 7 [12800/60000 (21%)]	Loss: 125.394600
[2022-10-19 23:38:04] PRINT Train Epoch: 7 [14080/60000 (23%)]	Loss: 128.595276
[2022-10-19 23:38:04] PRINT Train Epoch: 7 [15360/60000 (26%)]	Loss: 125.734154
[2022-10-19 23:38:04] PRINT Train Epoch: 7 [16640/60000 (28%)]	Loss: 127.275833
[2022-10-19 23:38:04] PRINT Train Epoch: 7 [17920/60000 (30%)]	Loss: 127.292480
[2022-10-19 23:38:05] PRINT Train Epoch: 7 [19200/60000 (32%)]	Loss: 124.614975
[2022-10-19 23:38:05] PRINT Train Epoch: 7 [20480/60000 (34%)]	Loss: 125.516075
[2022-10-19 23:38:05] PRINT Train Epoch: 7 [21760/60000 (36%)]	Loss: 125.593460
[2022-10-19 23:38:05] PRINT Train Epoch: 7 [23040/60000 (38%)]	Loss: 128.541458
[2022-10-19 23:38:05] PRINT Train Epoch: 7 [24320/60000 (41%)]	Loss: 127.648293
[2022-10-19 23:38:05] PRINT Train Epoch: 7 [25600/60000 (43%)]	Loss: 124.426285
[2022-10-19 23:38:05] PRINT Train Epoch: 7 [26880/60000 (45%)]	Loss: 130.144196
[2022-10-19 23:38:05] PRINT Train Epoch: 7 [28160/60000 (47%)]	Loss: 124.393059
[2022-10-19 23:38:05] PRINT Train Epoch: 7 [29440/60000 (49%)]	Loss: 121.291122
[2022-10-19 23:38:05] PRINT Train Epoch: 7 [30720/60000 (51%)]	Loss: 128.668198
[2022-10-19 23:38:06] PRINT Train Epoch: 7 [32000/60000 (53%)]	Loss: 128.916779
[2022-10-19 23:38:06] PRINT Train Epoch: 7 [33280/60000 (55%)]	Loss: 125.643326
[2022-10-19 23:38:06] PRINT Train Epoch: 7 [34560/60000 (58%)]	Loss: 129.076218
[2022-10-19 23:38:06] PRINT Train Epoch: 7 [35840/60000 (60%)]	Loss: 125.892563
[2022-10-19 23:38:06] PRINT Train Epoch: 7 [37120/60000 (62%)]	Loss: 126.066849
[2022-10-19 23:38:06] PRINT Train Epoch: 7 [38400/60000 (64%)]	Loss: 126.572426
[2022-10-19 23:38:06] PRINT Train Epoch: 7 [39680/60000 (66%)]	Loss: 126.132965
[2022-10-19 23:38:06] PRINT Train Epoch: 7 [40960/60000 (68%)]	Loss: 128.917191
[2022-10-19 23:38:06] PRINT Train Epoch: 7 [42240/60000 (70%)]	Loss: 128.766815
[2022-10-19 23:38:06] PRINT Train Epoch: 7 [43520/60000 (72%)]	Loss: 121.244171
[2022-10-19 23:38:07] PRINT Train Epoch: 7 [44800/60000 (75%)]	Loss: 124.758011
[2022-10-19 23:38:07] PRINT Train Epoch: 7 [46080/60000 (77%)]	Loss: 127.815971
[2022-10-19 23:38:07] PRINT Train Epoch: 7 [47360/60000 (79%)]	Loss: 121.382355
[2022-10-19 23:38:07] PRINT Train Epoch: 7 [48640/60000 (81%)]	Loss: 123.206993
[2022-10-19 23:38:07] PRINT Train Epoch: 7 [49920/60000 (83%)]	Loss: 124.946640
[2022-10-19 23:38:07] PRINT Train Epoch: 7 [51200/60000 (85%)]	Loss: 122.569084
[2022-10-19 23:38:07] PRINT Train Epoch: 7 [52480/60000 (87%)]	Loss: 129.704605
[2022-10-19 23:38:07] PRINT Train Epoch: 7 [53760/60000 (90%)]	Loss: 123.302841
[2022-10-19 23:38:07] PRINT Train Epoch: 7 [55040/60000 (92%)]	Loss: 126.962700
[2022-10-19 23:38:08] PRINT Train Epoch: 7 [56320/60000 (94%)]	Loss: 129.101151
[2022-10-19 23:38:08] PRINT Train Epoch: 7 [57600/60000 (96%)]	Loss: 123.970192
[2022-10-19 23:38:08] PRINT Train Epoch: 7 [58880/60000 (98%)]	Loss: 129.750320
[2022-10-19 23:38:08] PRINT ====> Epoch: 7 Average loss: 125.8680
[2022-10-19 23:38:09] PRINT ====> Test set loss: 123.8761
[2022-10-19 23:38:09] PRINT Train Epoch: 8 [0/60000 (0%)]	Loss: 126.297821
[2022-10-19 23:38:09] PRINT Train Epoch: 8 [1280/60000 (2%)]	Loss: 129.772400
[2022-10-19 23:38:09] PRINT Train Epoch: 8 [2560/60000 (4%)]	Loss: 122.169594
[2022-10-19 23:38:09] PRINT Train Epoch: 8 [3840/60000 (6%)]	Loss: 124.804420
[2022-10-19 23:38:09] PRINT Train Epoch: 8 [5120/60000 (9%)]	Loss: 127.812363
[2022-10-19 23:38:09] PRINT Train Epoch: 8 [6400/60000 (11%)]	Loss: 121.168968
[2022-10-19 23:38:09] PRINT Train Epoch: 8 [7680/60000 (13%)]	Loss: 127.747002
[2022-10-19 23:38:10] PRINT Train Epoch: 8 [8960/60000 (15%)]	Loss: 128.454712
[2022-10-19 23:38:10] PRINT Train Epoch: 8 [10240/60000 (17%)]	Loss: 124.691025
[2022-10-19 23:38:10] PRINT Train Epoch: 8 [11520/60000 (19%)]	Loss: 122.751549
[2022-10-19 23:38:10] PRINT Train Epoch: 8 [12800/60000 (21%)]	Loss: 118.292526
[2022-10-19 23:38:10] PRINT Train Epoch: 8 [14080/60000 (23%)]	Loss: 124.256149
[2022-10-19 23:38:10] PRINT Train Epoch: 8 [15360/60000 (26%)]	Loss: 126.897217
[2022-10-19 23:38:10] PRINT Train Epoch: 8 [16640/60000 (28%)]	Loss: 121.845154
[2022-10-19 23:38:10] PRINT Train Epoch: 8 [17920/60000 (30%)]	Loss: 125.426086
[2022-10-19 23:38:10] PRINT Train Epoch: 8 [19200/60000 (32%)]	Loss: 127.300720
[2022-10-19 23:38:10] PRINT Train Epoch: 8 [20480/60000 (34%)]	Loss: 123.897888
[2022-10-19 23:38:11] PRINT Train Epoch: 8 [21760/60000 (36%)]	Loss: 124.917770
[2022-10-19 23:38:11] PRINT Train Epoch: 8 [23040/60000 (38%)]	Loss: 124.244995
[2022-10-19 23:38:11] PRINT Train Epoch: 8 [24320/60000 (41%)]	Loss: 126.575775
[2022-10-19 23:38:11] PRINT Train Epoch: 8 [25600/60000 (43%)]	Loss: 127.673477
[2022-10-19 23:38:11] PRINT Train Epoch: 8 [26880/60000 (45%)]	Loss: 126.709892
[2022-10-19 23:38:11] PRINT Train Epoch: 8 [28160/60000 (47%)]	Loss: 120.885971
[2022-10-19 23:38:11] PRINT Train Epoch: 8 [29440/60000 (49%)]	Loss: 124.025711
[2022-10-19 23:38:11] PRINT Train Epoch: 8 [30720/60000 (51%)]	Loss: 120.150360
[2022-10-19 23:38:11] PRINT Train Epoch: 8 [32000/60000 (53%)]	Loss: 122.081581
[2022-10-19 23:38:11] PRINT Train Epoch: 8 [33280/60000 (55%)]	Loss: 124.624451
[2022-10-19 23:38:12] PRINT Train Epoch: 8 [34560/60000 (58%)]	Loss: 121.588226
[2022-10-19 23:38:12] PRINT Train Epoch: 8 [35840/60000 (60%)]	Loss: 126.489288
[2022-10-19 23:38:12] PRINT Train Epoch: 8 [37120/60000 (62%)]	Loss: 119.176010
[2022-10-19 23:38:12] PRINT Train Epoch: 8 [38400/60000 (64%)]	Loss: 118.584633
[2022-10-19 23:38:12] PRINT Train Epoch: 8 [39680/60000 (66%)]	Loss: 122.950592
[2022-10-19 23:38:12] PRINT Train Epoch: 8 [40960/60000 (68%)]	Loss: 125.875656
[2022-10-19 23:38:12] PRINT Train Epoch: 8 [42240/60000 (70%)]	Loss: 124.126984
[2022-10-19 23:38:12] PRINT Train Epoch: 8 [43520/60000 (72%)]	Loss: 121.850372
[2022-10-19 23:38:12] PRINT Train Epoch: 8 [44800/60000 (75%)]	Loss: 126.017990
[2022-10-19 23:38:13] PRINT Train Epoch: 8 [46080/60000 (77%)]	Loss: 129.563095
[2022-10-19 23:38:13] PRINT Train Epoch: 8 [47360/60000 (79%)]	Loss: 125.253891
[2022-10-19 23:38:13] PRINT Train Epoch: 8 [48640/60000 (81%)]	Loss: 119.807632
[2022-10-19 23:38:13] PRINT Train Epoch: 8 [49920/60000 (83%)]	Loss: 123.637421
[2022-10-19 23:38:13] PRINT Train Epoch: 8 [51200/60000 (85%)]	Loss: 120.133316
[2022-10-19 23:38:13] PRINT Train Epoch: 8 [52480/60000 (87%)]	Loss: 124.173241
[2022-10-19 23:38:13] PRINT Train Epoch: 8 [53760/60000 (90%)]	Loss: 125.541580
[2022-10-19 23:38:13] PRINT Train Epoch: 8 [55040/60000 (92%)]	Loss: 126.208931
[2022-10-19 23:38:13] PRINT Train Epoch: 8 [56320/60000 (94%)]	Loss: 117.468979
[2022-10-19 23:38:14] PRINT Train Epoch: 8 [57600/60000 (96%)]	Loss: 123.321564
[2022-10-19 23:38:14] PRINT Train Epoch: 8 [58880/60000 (98%)]	Loss: 127.169334
[2022-10-19 23:38:14] PRINT ====> Epoch: 8 Average loss: 124.0969
[2022-10-19 23:38:15] PRINT ====> Test set loss: 122.3893
[2022-10-19 23:38:15] PRINT Train Epoch: 9 [0/60000 (0%)]	Loss: 124.440186
[2022-10-19 23:38:15] PRINT Train Epoch: 9 [1280/60000 (2%)]	Loss: 119.886246
[2022-10-19 23:38:15] PRINT Train Epoch: 9 [2560/60000 (4%)]	Loss: 124.871048
[2022-10-19 23:38:15] PRINT Train Epoch: 9 [3840/60000 (6%)]	Loss: 123.748962
[2022-10-19 23:38:15] PRINT Train Epoch: 9 [5120/60000 (9%)]	Loss: 117.114075
[2022-10-19 23:38:15] PRINT Train Epoch: 9 [6400/60000 (11%)]	Loss: 125.244797
[2022-10-19 23:38:15] PRINT Train Epoch: 9 [7680/60000 (13%)]	Loss: 123.654556
[2022-10-19 23:38:15] PRINT Train Epoch: 9 [8960/60000 (15%)]	Loss: 120.832115
[2022-10-19 23:38:15] PRINT Train Epoch: 9 [10240/60000 (17%)]	Loss: 124.079353
[2022-10-19 23:38:16] PRINT Train Epoch: 9 [11520/60000 (19%)]	Loss: 124.531746
[2022-10-19 23:38:16] PRINT Train Epoch: 9 [12800/60000 (21%)]	Loss: 127.379318
[2022-10-19 23:38:16] PRINT Train Epoch: 9 [14080/60000 (23%)]	Loss: 125.715744
[2022-10-19 23:38:16] PRINT Train Epoch: 9 [15360/60000 (26%)]	Loss: 118.915306
[2022-10-19 23:38:16] PRINT Train Epoch: 9 [16640/60000 (28%)]	Loss: 120.908371
[2022-10-19 23:38:16] PRINT Train Epoch: 9 [17920/60000 (30%)]	Loss: 118.331604
[2022-10-19 23:38:16] PRINT Train Epoch: 9 [19200/60000 (32%)]	Loss: 120.112022
[2022-10-19 23:38:16] PRINT Train Epoch: 9 [20480/60000 (34%)]	Loss: 126.212082
[2022-10-19 23:38:16] PRINT Train Epoch: 9 [21760/60000 (36%)]	Loss: 121.133926
[2022-10-19 23:38:17] PRINT Train Epoch: 9 [23040/60000 (38%)]	Loss: 124.289345
[2022-10-19 23:38:17] PRINT Train Epoch: 9 [24320/60000 (41%)]	Loss: 124.978516
[2022-10-19 23:38:17] PRINT Train Epoch: 9 [25600/60000 (43%)]	Loss: 120.676086
[2022-10-19 23:38:17] PRINT Train Epoch: 9 [26880/60000 (45%)]	Loss: 125.173859
[2022-10-19 23:38:17] PRINT Train Epoch: 9 [28160/60000 (47%)]	Loss: 121.998039
[2022-10-19 23:38:17] PRINT Train Epoch: 9 [29440/60000 (49%)]	Loss: 119.201012
[2022-10-19 23:38:17] PRINT Train Epoch: 9 [30720/60000 (51%)]	Loss: 119.254410
[2022-10-19 23:38:17] PRINT Train Epoch: 9 [32000/60000 (53%)]	Loss: 123.019608
[2022-10-19 23:38:17] PRINT Train Epoch: 9 [33280/60000 (55%)]	Loss: 124.989037
[2022-10-19 23:38:17] PRINT Train Epoch: 9 [34560/60000 (58%)]	Loss: 120.854935
[2022-10-19 23:38:18] PRINT Train Epoch: 9 [35840/60000 (60%)]	Loss: 126.853394
[2022-10-19 23:38:18] PRINT Train Epoch: 9 [37120/60000 (62%)]	Loss: 122.894577
[2022-10-19 23:38:18] PRINT Train Epoch: 9 [38400/60000 (64%)]	Loss: 117.211624
[2022-10-19 23:38:18] PRINT Train Epoch: 9 [39680/60000 (66%)]	Loss: 116.748718
[2022-10-19 23:38:18] PRINT Train Epoch: 9 [40960/60000 (68%)]	Loss: 120.118408
[2022-10-19 23:38:18] PRINT Train Epoch: 9 [42240/60000 (70%)]	Loss: 118.397980
[2022-10-19 23:38:18] PRINT Train Epoch: 9 [43520/60000 (72%)]	Loss: 125.613998
[2022-10-19 23:38:18] PRINT Train Epoch: 9 [44800/60000 (75%)]	Loss: 122.525833
[2022-10-19 23:38:18] PRINT Train Epoch: 9 [46080/60000 (77%)]	Loss: 117.065826
[2022-10-19 23:38:18] PRINT Train Epoch: 9 [47360/60000 (79%)]	Loss: 118.736015
[2022-10-19 23:38:19] PRINT Train Epoch: 9 [48640/60000 (81%)]	Loss: 123.931725
[2022-10-19 23:38:19] PRINT Train Epoch: 9 [49920/60000 (83%)]	Loss: 125.163162
[2022-10-19 23:38:19] PRINT Train Epoch: 9 [51200/60000 (85%)]	Loss: 121.548080
[2022-10-19 23:38:19] PRINT Train Epoch: 9 [52480/60000 (87%)]	Loss: 119.800705
[2022-10-19 23:38:19] PRINT Train Epoch: 9 [53760/60000 (90%)]	Loss: 119.385773
[2022-10-19 23:38:19] PRINT Train Epoch: 9 [55040/60000 (92%)]	Loss: 121.934517
[2022-10-19 23:38:19] PRINT Train Epoch: 9 [56320/60000 (94%)]	Loss: 118.920311
[2022-10-19 23:38:19] PRINT Train Epoch: 9 [57600/60000 (96%)]	Loss: 119.520462
[2022-10-19 23:38:19] PRINT Train Epoch: 9 [58880/60000 (98%)]	Loss: 127.735641
[2022-10-19 23:38:20] PRINT ====> Epoch: 9 Average loss: 122.6592
[2022-10-19 23:38:20] PRINT ====> Test set loss: 120.9630
[2022-10-19 23:38:20] PRINT Train Epoch: 10 [0/60000 (0%)]	Loss: 119.865601
[2022-10-19 23:38:21] PRINT Train Epoch: 10 [1280/60000 (2%)]	Loss: 123.809616
[2022-10-19 23:38:21] PRINT Train Epoch: 10 [2560/60000 (4%)]	Loss: 123.276169
[2022-10-19 23:38:21] PRINT Train Epoch: 10 [3840/60000 (6%)]	Loss: 122.640594
[2022-10-19 23:38:21] PRINT Train Epoch: 10 [5120/60000 (9%)]	Loss: 121.421890
[2022-10-19 23:38:21] PRINT Train Epoch: 10 [6400/60000 (11%)]	Loss: 119.954529
[2022-10-19 23:38:21] PRINT Train Epoch: 10 [7680/60000 (13%)]	Loss: 117.911919
[2022-10-19 23:38:21] PRINT Train Epoch: 10 [8960/60000 (15%)]	Loss: 124.531471
[2022-10-19 23:38:21] PRINT Train Epoch: 10 [10240/60000 (17%)]	Loss: 119.889969
[2022-10-19 23:38:21] PRINT Train Epoch: 10 [11520/60000 (19%)]	Loss: 124.655243
[2022-10-19 23:38:21] PRINT Train Epoch: 10 [12800/60000 (21%)]	Loss: 121.040192
[2022-10-19 23:38:22] PRINT Train Epoch: 10 [14080/60000 (23%)]	Loss: 120.841927
[2022-10-19 23:38:22] PRINT Train Epoch: 10 [15360/60000 (26%)]	Loss: 121.029907
[2022-10-19 23:38:22] PRINT Train Epoch: 10 [16640/60000 (28%)]	Loss: 123.033134
[2022-10-19 23:38:22] PRINT Train Epoch: 10 [17920/60000 (30%)]	Loss: 118.628822
[2022-10-19 23:38:22] PRINT Train Epoch: 10 [19200/60000 (32%)]	Loss: 122.172958
[2022-10-19 23:38:22] PRINT Train Epoch: 10 [20480/60000 (34%)]	Loss: 120.614944
[2022-10-19 23:38:22] PRINT Train Epoch: 10 [21760/60000 (36%)]	Loss: 121.606339
[2022-10-19 23:38:22] PRINT Train Epoch: 10 [23040/60000 (38%)]	Loss: 116.407631
[2022-10-19 23:38:22] PRINT Train Epoch: 10 [24320/60000 (41%)]	Loss: 122.326256
[2022-10-19 23:38:23] PRINT Train Epoch: 10 [25600/60000 (43%)]	Loss: 119.135429
[2022-10-19 23:38:23] PRINT Train Epoch: 10 [26880/60000 (45%)]	Loss: 123.874664
[2022-10-19 23:38:23] PRINT Train Epoch: 10 [28160/60000 (47%)]	Loss: 121.103088
[2022-10-19 23:38:23] PRINT Train Epoch: 10 [29440/60000 (49%)]	Loss: 118.253708
[2022-10-19 23:38:23] PRINT Train Epoch: 10 [30720/60000 (51%)]	Loss: 122.370895
[2022-10-19 23:38:23] PRINT Train Epoch: 10 [32000/60000 (53%)]	Loss: 118.696487
[2022-10-19 23:38:23] PRINT Train Epoch: 10 [33280/60000 (55%)]	Loss: 120.326706
[2022-10-19 23:38:23] PRINT Train Epoch: 10 [34560/60000 (58%)]	Loss: 118.824944
[2022-10-19 23:38:23] PRINT Train Epoch: 10 [35840/60000 (60%)]	Loss: 120.905586
[2022-10-19 23:38:23] PRINT Train Epoch: 10 [37120/60000 (62%)]	Loss: 115.760910
[2022-10-19 23:38:24] PRINT Train Epoch: 10 [38400/60000 (64%)]	Loss: 125.462639
[2022-10-19 23:38:24] PRINT Train Epoch: 10 [39680/60000 (66%)]	Loss: 122.446671
[2022-10-19 23:38:24] PRINT Train Epoch: 10 [40960/60000 (68%)]	Loss: 122.157173
[2022-10-19 23:38:24] PRINT Train Epoch: 10 [42240/60000 (70%)]	Loss: 121.987366
[2022-10-19 23:38:24] PRINT Train Epoch: 10 [43520/60000 (72%)]	Loss: 118.192627
[2022-10-19 23:38:24] PRINT Train Epoch: 10 [44800/60000 (75%)]	Loss: 122.374802
[2022-10-19 23:38:24] PRINT Train Epoch: 10 [46080/60000 (77%)]	Loss: 120.903587
[2022-10-19 23:38:24] PRINT Train Epoch: 10 [47360/60000 (79%)]	Loss: 118.576584
[2022-10-19 23:38:24] PRINT Train Epoch: 10 [48640/60000 (81%)]	Loss: 117.652618
[2022-10-19 23:38:25] PRINT Train Epoch: 10 [49920/60000 (83%)]	Loss: 120.316589
[2022-10-19 23:38:25] PRINT Train Epoch: 10 [51200/60000 (85%)]	Loss: 120.071945
[2022-10-19 23:38:25] PRINT Train Epoch: 10 [52480/60000 (87%)]	Loss: 119.101059
[2022-10-19 23:38:25] PRINT Train Epoch: 10 [53760/60000 (90%)]	Loss: 118.835373
[2022-10-19 23:38:25] PRINT Train Epoch: 10 [55040/60000 (92%)]	Loss: 122.925018
[2022-10-19 23:38:25] PRINT Train Epoch: 10 [56320/60000 (94%)]	Loss: 120.035110
[2022-10-19 23:38:25] PRINT Train Epoch: 10 [57600/60000 (96%)]	Loss: 126.318947
[2022-10-19 23:38:25] PRINT Train Epoch: 10 [58880/60000 (98%)]	Loss: 125.711525
[2022-10-19 23:38:25] PRINT ====> Epoch: 10 Average loss: 121.4367
[2022-10-19 23:38:26] PRINT ====> Test set loss: 119.9026
