[2022-10-19 23:26:03] PRINT {'features1': 400, 'features2': 20, 'lr': 0.025476402232036042, 'epsilon': 1e-07}
[2022-10-19 23:26:03] PRINT Using cuda device
[2022-10-19 23:26:04] PRINT Train Epoch: 1 [0/60000 (0%)]	Loss: 550.513916
[2022-10-19 23:26:05] PRINT Train Epoch: 1 [1280/60000 (2%)]	Loss: 228.343506
[2022-10-19 23:26:05] PRINT Train Epoch: 1 [2560/60000 (4%)]	Loss: 218.120468
[2022-10-19 23:26:05] PRINT Train Epoch: 1 [3840/60000 (6%)]	Loss: 205.518433
[2022-10-19 23:26:05] PRINT Train Epoch: 1 [5120/60000 (9%)]	Loss: 202.781448
[2022-10-19 23:26:05] PRINT Train Epoch: 1 [6400/60000 (11%)]	Loss: 198.850922
[2022-10-19 23:26:05] PRINT Train Epoch: 1 [7680/60000 (13%)]	Loss: 197.696976
[2022-10-19 23:26:05] PRINT Train Epoch: 1 [8960/60000 (15%)]	Loss: 191.026306
[2022-10-19 23:26:05] PRINT Train Epoch: 1 [10240/60000 (17%)]	Loss: 195.765701
[2022-10-19 23:26:05] PRINT Train Epoch: 1 [11520/60000 (19%)]	Loss: 192.880768
[2022-10-19 23:26:05] PRINT Train Epoch: 1 [12800/60000 (21%)]	Loss: 187.481308
[2022-10-19 23:26:06] PRINT Train Epoch: 1 [14080/60000 (23%)]	Loss: 185.055267
[2022-10-19 23:26:06] PRINT Train Epoch: 1 [15360/60000 (26%)]	Loss: 201.734009
[2022-10-19 23:26:06] PRINT Train Epoch: 1 [16640/60000 (28%)]	Loss: 188.278976
[2022-10-19 23:26:06] PRINT Train Epoch: 1 [17920/60000 (30%)]	Loss: 185.241653
[2022-10-19 23:26:06] PRINT Train Epoch: 1 [19200/60000 (32%)]	Loss: 183.320007
[2022-10-19 23:26:06] PRINT Train Epoch: 1 [20480/60000 (34%)]	Loss: 184.347412
[2022-10-19 23:26:06] PRINT Train Epoch: 1 [21760/60000 (36%)]	Loss: 177.409912
[2022-10-19 23:26:06] PRINT Train Epoch: 1 [23040/60000 (38%)]	Loss: 185.559738
[2022-10-19 23:26:06] PRINT Train Epoch: 1 [24320/60000 (41%)]	Loss: 182.589798
[2022-10-19 23:26:06] PRINT Train Epoch: 1 [25600/60000 (43%)]	Loss: 187.055908
[2022-10-19 23:26:07] PRINT Train Epoch: 1 [26880/60000 (45%)]	Loss: 186.700958
[2022-10-19 23:26:07] PRINT Train Epoch: 1 [28160/60000 (47%)]	Loss: 183.922897
[2022-10-19 23:26:07] PRINT Train Epoch: 1 [29440/60000 (49%)]	Loss: 179.292786
[2022-10-19 23:26:07] PRINT Train Epoch: 1 [30720/60000 (51%)]	Loss: 172.318237
[2022-10-19 23:26:07] PRINT Train Epoch: 1 [32000/60000 (53%)]	Loss: 176.662338
[2022-10-19 23:26:07] PRINT Train Epoch: 1 [33280/60000 (55%)]	Loss: 182.687439
[2022-10-19 23:26:07] PRINT Train Epoch: 1 [34560/60000 (58%)]	Loss: 180.064026
[2022-10-19 23:26:07] PRINT Train Epoch: 1 [35840/60000 (60%)]	Loss: 174.389755
[2022-10-19 23:26:07] PRINT Train Epoch: 1 [37120/60000 (62%)]	Loss: 179.693741
[2022-10-19 23:26:07] PRINT Train Epoch: 1 [38400/60000 (64%)]	Loss: 175.601898
[2022-10-19 23:26:08] PRINT Train Epoch: 1 [39680/60000 (66%)]	Loss: 179.534988
[2022-10-19 23:26:08] PRINT Train Epoch: 1 [40960/60000 (68%)]	Loss: 183.911270
[2022-10-19 23:26:08] PRINT Train Epoch: 1 [42240/60000 (70%)]	Loss: 182.807678
[2022-10-19 23:26:08] PRINT Train Epoch: 1 [43520/60000 (72%)]	Loss: 185.992493
[2022-10-19 23:26:08] PRINT Train Epoch: 1 [44800/60000 (75%)]	Loss: 181.745895
[2022-10-19 23:26:08] PRINT Train Epoch: 1 [46080/60000 (77%)]	Loss: 183.717285
[2022-10-19 23:26:08] PRINT Train Epoch: 1 [47360/60000 (79%)]	Loss: 177.897614
[2022-10-19 23:26:08] PRINT Train Epoch: 1 [48640/60000 (81%)]	Loss: 177.395721
[2022-10-19 23:26:08] PRINT Train Epoch: 1 [49920/60000 (83%)]	Loss: 175.591385
[2022-10-19 23:26:08] PRINT Train Epoch: 1 [51200/60000 (85%)]	Loss: 180.066925
[2022-10-19 23:26:09] PRINT Train Epoch: 1 [52480/60000 (87%)]	Loss: 180.337250
[2022-10-19 23:26:09] PRINT Train Epoch: 1 [53760/60000 (90%)]	Loss: 184.527008
[2022-10-19 23:26:09] PRINT Train Epoch: 1 [55040/60000 (92%)]	Loss: 171.324783
[2022-10-19 23:26:09] PRINT Train Epoch: 1 [56320/60000 (94%)]	Loss: 187.979462
[2022-10-19 23:26:09] PRINT Train Epoch: 1 [57600/60000 (96%)]	Loss: 181.189346
[2022-10-19 23:26:09] PRINT Train Epoch: 1 [58880/60000 (98%)]	Loss: 179.091293
[2022-10-19 23:26:09] PRINT ====> Epoch: 1 Average loss: 192.6129
[2022-10-19 23:26:10] PRINT ====> Test set loss: 176.4036
[2022-10-19 23:26:10] PRINT Train Epoch: 2 [0/60000 (0%)]	Loss: 171.795425
[2022-10-19 23:26:10] PRINT Train Epoch: 2 [1280/60000 (2%)]	Loss: 179.849533
[2022-10-19 23:26:10] PRINT Train Epoch: 2 [2560/60000 (4%)]	Loss: 178.335999
[2022-10-19 23:26:10] PRINT Train Epoch: 2 [3840/60000 (6%)]	Loss: 181.654449
[2022-10-19 23:26:10] PRINT Train Epoch: 2 [5120/60000 (9%)]	Loss: 177.409286
[2022-10-19 23:26:11] PRINT Train Epoch: 2 [6400/60000 (11%)]	Loss: 173.895630
[2022-10-19 23:26:11] PRINT Train Epoch: 2 [7680/60000 (13%)]	Loss: 176.572449
[2022-10-19 23:26:11] PRINT Train Epoch: 2 [8960/60000 (15%)]	Loss: 183.075195
[2022-10-19 23:26:11] PRINT Train Epoch: 2 [10240/60000 (17%)]	Loss: 175.660583
[2022-10-19 23:26:11] PRINT Train Epoch: 2 [11520/60000 (19%)]	Loss: 185.133286
[2022-10-19 23:26:11] PRINT Train Epoch: 2 [12800/60000 (21%)]	Loss: 173.703888
[2022-10-19 23:26:11] PRINT Train Epoch: 2 [14080/60000 (23%)]	Loss: 172.656342
[2022-10-19 23:26:11] PRINT Train Epoch: 2 [15360/60000 (26%)]	Loss: 189.180328
[2022-10-19 23:26:11] PRINT Train Epoch: 2 [16640/60000 (28%)]	Loss: 168.612656
[2022-10-19 23:26:11] PRINT Train Epoch: 2 [17920/60000 (30%)]	Loss: 183.446487
[2022-10-19 23:26:12] PRINT Train Epoch: 2 [19200/60000 (32%)]	Loss: 184.288757
[2022-10-19 23:26:12] PRINT Train Epoch: 2 [20480/60000 (34%)]	Loss: 176.379883
[2022-10-19 23:26:12] PRINT Train Epoch: 2 [21760/60000 (36%)]	Loss: 177.988831
[2022-10-19 23:26:12] PRINT Train Epoch: 2 [23040/60000 (38%)]	Loss: 178.276245
[2022-10-19 23:26:12] PRINT Train Epoch: 2 [24320/60000 (41%)]	Loss: 180.388855
[2022-10-19 23:26:12] PRINT Train Epoch: 2 [25600/60000 (43%)]	Loss: 182.522202
[2022-10-19 23:26:12] PRINT Train Epoch: 2 [26880/60000 (45%)]	Loss: 177.869614
[2022-10-19 23:26:12] PRINT Train Epoch: 2 [28160/60000 (47%)]	Loss: 178.033234
[2022-10-19 23:26:12] PRINT Train Epoch: 2 [29440/60000 (49%)]	Loss: 176.472122
[2022-10-19 23:26:13] PRINT Train Epoch: 2 [30720/60000 (51%)]	Loss: 176.815598
[2022-10-19 23:26:13] PRINT Train Epoch: 2 [32000/60000 (53%)]	Loss: 170.717865
[2022-10-19 23:26:13] PRINT Train Epoch: 2 [33280/60000 (55%)]	Loss: 167.055023
[2022-10-19 23:26:13] PRINT Train Epoch: 2 [34560/60000 (58%)]	Loss: 187.967209
[2022-10-19 23:26:13] PRINT Train Epoch: 2 [35840/60000 (60%)]	Loss: 170.640778
[2022-10-19 23:26:13] PRINT Train Epoch: 2 [37120/60000 (62%)]	Loss: 175.655563
[2022-10-19 23:26:13] PRINT Train Epoch: 2 [38400/60000 (64%)]	Loss: 165.741180
[2022-10-19 23:26:13] PRINT Train Epoch: 2 [39680/60000 (66%)]	Loss: 173.035385
[2022-10-19 23:26:13] PRINT Train Epoch: 2 [40960/60000 (68%)]	Loss: 173.337662
[2022-10-19 23:26:13] PRINT Train Epoch: 2 [42240/60000 (70%)]	Loss: 177.731537
[2022-10-19 23:26:14] PRINT Train Epoch: 2 [43520/60000 (72%)]	Loss: 171.882782
[2022-10-19 23:26:14] PRINT Train Epoch: 2 [44800/60000 (75%)]	Loss: 173.324768
[2022-10-19 23:26:14] PRINT Train Epoch: 2 [46080/60000 (77%)]	Loss: 173.169998
[2022-10-19 23:26:14] PRINT Train Epoch: 2 [47360/60000 (79%)]	Loss: 180.138718
[2022-10-19 23:26:14] PRINT Train Epoch: 2 [48640/60000 (81%)]	Loss: 175.049057
[2022-10-19 23:26:14] PRINT Train Epoch: 2 [49920/60000 (83%)]	Loss: 180.863693
[2022-10-19 23:26:14] PRINT Train Epoch: 2 [51200/60000 (85%)]	Loss: 173.289124
[2022-10-19 23:26:14] PRINT Train Epoch: 2 [52480/60000 (87%)]	Loss: 175.022095
[2022-10-19 23:26:14] PRINT Train Epoch: 2 [53760/60000 (90%)]	Loss: 182.861145
[2022-10-19 23:26:15] PRINT Train Epoch: 2 [55040/60000 (92%)]	Loss: 176.532486
[2022-10-19 23:26:15] PRINT Train Epoch: 2 [56320/60000 (94%)]	Loss: 174.035248
[2022-10-19 23:26:15] PRINT Train Epoch: 2 [57600/60000 (96%)]	Loss: 177.700195
[2022-10-19 23:26:15] PRINT Train Epoch: 2 [58880/60000 (98%)]	Loss: 173.662552
[2022-10-19 23:26:15] PRINT ====> Epoch: 2 Average loss: 176.2275
[2022-10-19 23:26:16] PRINT ====> Test set loss: 175.0712
[2022-10-19 23:26:16] PRINT Train Epoch: 3 [0/60000 (0%)]	Loss: 178.317703
[2022-10-19 23:26:16] PRINT Train Epoch: 3 [1280/60000 (2%)]	Loss: 184.131271
[2022-10-19 23:26:16] PRINT Train Epoch: 3 [2560/60000 (4%)]	Loss: 167.414124
[2022-10-19 23:26:16] PRINT Train Epoch: 3 [3840/60000 (6%)]	Loss: 170.374863
[2022-10-19 23:26:16] PRINT Train Epoch: 3 [5120/60000 (9%)]	Loss: 176.362747
[2022-10-19 23:26:16] PRINT Train Epoch: 3 [6400/60000 (11%)]	Loss: 163.386322
[2022-10-19 23:26:16] PRINT Train Epoch: 3 [7680/60000 (13%)]	Loss: 172.591049
[2022-10-19 23:26:17] PRINT Train Epoch: 3 [8960/60000 (15%)]	Loss: 174.038803
[2022-10-19 23:26:17] PRINT Train Epoch: 3 [10240/60000 (17%)]	Loss: 179.127838
[2022-10-19 23:26:17] PRINT Train Epoch: 3 [11520/60000 (19%)]	Loss: 172.676483
[2022-10-19 23:26:17] PRINT Train Epoch: 3 [12800/60000 (21%)]	Loss: 176.552139
[2022-10-19 23:26:17] PRINT Train Epoch: 3 [14080/60000 (23%)]	Loss: 176.065338
[2022-10-19 23:26:17] PRINT Train Epoch: 3 [15360/60000 (26%)]	Loss: 173.774124
[2022-10-19 23:26:17] PRINT Train Epoch: 3 [16640/60000 (28%)]	Loss: 177.203842
[2022-10-19 23:26:17] PRINT Train Epoch: 3 [17920/60000 (30%)]	Loss: 169.217239
[2022-10-19 23:26:17] PRINT Train Epoch: 3 [19200/60000 (32%)]	Loss: 176.290222
[2022-10-19 23:26:17] PRINT Train Epoch: 3 [20480/60000 (34%)]	Loss: 178.290710
[2022-10-19 23:26:18] PRINT Train Epoch: 3 [21760/60000 (36%)]	Loss: 179.421463
[2022-10-19 23:26:18] PRINT Train Epoch: 3 [23040/60000 (38%)]	Loss: 176.415741
[2022-10-19 23:26:18] PRINT Train Epoch: 3 [24320/60000 (41%)]	Loss: 182.333176
[2022-10-19 23:26:18] PRINT Train Epoch: 3 [25600/60000 (43%)]	Loss: 172.037582
[2022-10-19 23:26:18] PRINT Train Epoch: 3 [26880/60000 (45%)]	Loss: 174.630005
[2022-10-19 23:26:18] PRINT Train Epoch: 3 [28160/60000 (47%)]	Loss: 175.880875
[2022-10-19 23:26:18] PRINT Train Epoch: 3 [29440/60000 (49%)]	Loss: 174.669006
[2022-10-19 23:26:18] PRINT Train Epoch: 3 [30720/60000 (51%)]	Loss: 182.326630
[2022-10-19 23:26:18] PRINT Train Epoch: 3 [32000/60000 (53%)]	Loss: 174.547318
[2022-10-19 23:26:18] PRINT Train Epoch: 3 [33280/60000 (55%)]	Loss: 170.616516
[2022-10-19 23:26:19] PRINT Train Epoch: 3 [34560/60000 (58%)]	Loss: 178.891632
[2022-10-19 23:26:19] PRINT Train Epoch: 3 [35840/60000 (60%)]	Loss: 177.456009
[2022-10-19 23:26:19] PRINT Train Epoch: 3 [37120/60000 (62%)]	Loss: 177.044159
[2022-10-19 23:26:19] PRINT Train Epoch: 3 [38400/60000 (64%)]	Loss: 174.119400
[2022-10-19 23:26:19] PRINT Train Epoch: 3 [39680/60000 (66%)]	Loss: 179.232651
[2022-10-19 23:26:19] PRINT Train Epoch: 3 [40960/60000 (68%)]	Loss: 179.590607
[2022-10-19 23:26:19] PRINT Train Epoch: 3 [42240/60000 (70%)]	Loss: 170.470490
[2022-10-19 23:26:19] PRINT Train Epoch: 3 [43520/60000 (72%)]	Loss: 179.396439
[2022-10-19 23:26:19] PRINT Train Epoch: 3 [44800/60000 (75%)]	Loss: 168.595367
[2022-10-19 23:26:19] PRINT Train Epoch: 3 [46080/60000 (77%)]	Loss: 176.772614
[2022-10-19 23:26:20] PRINT Train Epoch: 3 [47360/60000 (79%)]	Loss: 181.193497
[2022-10-19 23:26:20] PRINT Train Epoch: 3 [48640/60000 (81%)]	Loss: 172.727936
[2022-10-19 23:26:20] PRINT Train Epoch: 3 [49920/60000 (83%)]	Loss: 168.616058
[2022-10-19 23:26:20] PRINT Train Epoch: 3 [51200/60000 (85%)]	Loss: 176.110153
[2022-10-19 23:26:20] PRINT Train Epoch: 3 [52480/60000 (87%)]	Loss: 171.422195
[2022-10-19 23:26:20] PRINT Train Epoch: 3 [53760/60000 (90%)]	Loss: 172.412781
[2022-10-19 23:26:20] PRINT Train Epoch: 3 [55040/60000 (92%)]	Loss: 178.156906
[2022-10-19 23:26:20] PRINT Train Epoch: 3 [56320/60000 (94%)]	Loss: 173.867310
[2022-10-19 23:26:20] PRINT Train Epoch: 3 [57600/60000 (96%)]	Loss: 182.255249
[2022-10-19 23:26:20] PRINT Train Epoch: 3 [58880/60000 (98%)]	Loss: 172.503494
[2022-10-19 23:26:21] PRINT ====> Epoch: 3 Average loss: 174.8800
[2022-10-19 23:26:21] PRINT ====> Test set loss: 175.0154
[2022-10-19 23:26:21] PRINT Train Epoch: 4 [0/60000 (0%)]	Loss: 176.972290
[2022-10-19 23:26:22] PRINT Train Epoch: 4 [1280/60000 (2%)]	Loss: 183.566666
[2022-10-19 23:26:22] PRINT Train Epoch: 4 [2560/60000 (4%)]	Loss: 180.049286
[2022-10-19 23:26:22] PRINT Train Epoch: 4 [3840/60000 (6%)]	Loss: 172.071930
[2022-10-19 23:26:22] PRINT Train Epoch: 4 [5120/60000 (9%)]	Loss: 175.292435
[2022-10-19 23:26:22] PRINT Train Epoch: 4 [6400/60000 (11%)]	Loss: 176.045120
[2022-10-19 23:26:22] PRINT Train Epoch: 4 [7680/60000 (13%)]	Loss: 173.191605
[2022-10-19 23:26:22] PRINT Train Epoch: 4 [8960/60000 (15%)]	Loss: 174.398727
[2022-10-19 23:26:22] PRINT Train Epoch: 4 [10240/60000 (17%)]	Loss: 174.473831
[2022-10-19 23:26:22] PRINT Train Epoch: 4 [11520/60000 (19%)]	Loss: 172.357483
[2022-10-19 23:26:22] PRINT Train Epoch: 4 [12800/60000 (21%)]	Loss: 172.583176
[2022-10-19 23:26:23] PRINT Train Epoch: 4 [14080/60000 (23%)]	Loss: 173.184753
[2022-10-19 23:26:23] PRINT Train Epoch: 4 [15360/60000 (26%)]	Loss: 172.213211
[2022-10-19 23:26:23] PRINT Train Epoch: 4 [16640/60000 (28%)]	Loss: 170.561172
[2022-10-19 23:26:23] PRINT Train Epoch: 4 [17920/60000 (30%)]	Loss: 179.189926
[2022-10-19 23:26:23] PRINT Train Epoch: 4 [19200/60000 (32%)]	Loss: 166.502441
[2022-10-19 23:26:23] PRINT Train Epoch: 4 [20480/60000 (34%)]	Loss: 170.527374
[2022-10-19 23:26:23] PRINT Train Epoch: 4 [21760/60000 (36%)]	Loss: 172.708740
[2022-10-19 23:26:23] PRINT Train Epoch: 4 [23040/60000 (38%)]	Loss: 169.857910
[2022-10-19 23:26:23] PRINT Train Epoch: 4 [24320/60000 (41%)]	Loss: 174.020111
[2022-10-19 23:26:23] PRINT Train Epoch: 4 [25600/60000 (43%)]	Loss: 175.275223
[2022-10-19 23:26:24] PRINT Train Epoch: 4 [26880/60000 (45%)]	Loss: 178.367752
[2022-10-19 23:26:24] PRINT Train Epoch: 4 [28160/60000 (47%)]	Loss: 174.707336
[2022-10-19 23:26:24] PRINT Train Epoch: 4 [29440/60000 (49%)]	Loss: 173.380478
[2022-10-19 23:26:24] PRINT Train Epoch: 4 [30720/60000 (51%)]	Loss: 170.187515
[2022-10-19 23:26:24] PRINT Train Epoch: 4 [32000/60000 (53%)]	Loss: 169.887543
[2022-10-19 23:26:24] PRINT Train Epoch: 4 [33280/60000 (55%)]	Loss: 173.145370
[2022-10-19 23:26:24] PRINT Train Epoch: 4 [34560/60000 (58%)]	Loss: 172.373962
[2022-10-19 23:26:24] PRINT Train Epoch: 4 [35840/60000 (60%)]	Loss: 167.240326
[2022-10-19 23:26:24] PRINT Train Epoch: 4 [37120/60000 (62%)]	Loss: 169.908920
[2022-10-19 23:26:24] PRINT Train Epoch: 4 [38400/60000 (64%)]	Loss: 179.775940
[2022-10-19 23:26:25] PRINT Train Epoch: 4 [39680/60000 (66%)]	Loss: 179.622162
[2022-10-19 23:26:25] PRINT Train Epoch: 4 [40960/60000 (68%)]	Loss: 177.478516
[2022-10-19 23:26:25] PRINT Train Epoch: 4 [42240/60000 (70%)]	Loss: 170.395630
[2022-10-19 23:26:25] PRINT Train Epoch: 4 [43520/60000 (72%)]	Loss: 179.971115
[2022-10-19 23:26:25] PRINT Train Epoch: 4 [44800/60000 (75%)]	Loss: 167.948669
[2022-10-19 23:26:25] PRINT Train Epoch: 4 [46080/60000 (77%)]	Loss: 176.766891
[2022-10-19 23:26:25] PRINT Train Epoch: 4 [47360/60000 (79%)]	Loss: 178.899261
[2022-10-19 23:26:25] PRINT Train Epoch: 4 [48640/60000 (81%)]	Loss: 172.031036
[2022-10-19 23:26:25] PRINT Train Epoch: 4 [49920/60000 (83%)]	Loss: 182.234589
[2022-10-19 23:26:25] PRINT Train Epoch: 4 [51200/60000 (85%)]	Loss: 175.616714
[2022-10-19 23:26:26] PRINT Train Epoch: 4 [52480/60000 (87%)]	Loss: 174.969788
[2022-10-19 23:26:26] PRINT Train Epoch: 4 [53760/60000 (90%)]	Loss: 171.878708
[2022-10-19 23:26:26] PRINT Train Epoch: 4 [55040/60000 (92%)]	Loss: 168.710968
[2022-10-19 23:26:26] PRINT Train Epoch: 4 [56320/60000 (94%)]	Loss: 176.108597
[2022-10-19 23:26:26] PRINT Train Epoch: 4 [57600/60000 (96%)]	Loss: 179.119507
[2022-10-19 23:26:26] PRINT Train Epoch: 4 [58880/60000 (98%)]	Loss: 173.460052
[2022-10-19 23:26:26] PRINT ====> Epoch: 4 Average loss: 174.0269
[2022-10-19 23:26:27] PRINT ====> Test set loss: 177.1869
[2022-10-19 23:26:27] PRINT Train Epoch: 5 [0/60000 (0%)]	Loss: 180.944946
[2022-10-19 23:26:27] PRINT Train Epoch: 5 [1280/60000 (2%)]	Loss: 165.871368
[2022-10-19 23:26:27] PRINT Train Epoch: 5 [2560/60000 (4%)]	Loss: 172.286804
[2022-10-19 23:26:27] PRINT Train Epoch: 5 [3840/60000 (6%)]	Loss: 169.325287
[2022-10-19 23:26:28] PRINT Train Epoch: 5 [5120/60000 (9%)]	Loss: 171.799286
[2022-10-19 23:26:28] PRINT Train Epoch: 5 [6400/60000 (11%)]	Loss: 177.352646
[2022-10-19 23:26:28] PRINT Train Epoch: 5 [7680/60000 (13%)]	Loss: 177.600266
[2022-10-19 23:26:28] PRINT Train Epoch: 5 [8960/60000 (15%)]	Loss: 173.132782
[2022-10-19 23:26:28] PRINT Train Epoch: 5 [10240/60000 (17%)]	Loss: 169.404694
[2022-10-19 23:26:28] PRINT Train Epoch: 5 [11520/60000 (19%)]	Loss: 173.508667
[2022-10-19 23:26:28] PRINT Train Epoch: 5 [12800/60000 (21%)]	Loss: 174.041000
[2022-10-19 23:26:28] PRINT Train Epoch: 5 [14080/60000 (23%)]	Loss: 170.573486
[2022-10-19 23:26:28] PRINT Train Epoch: 5 [15360/60000 (26%)]	Loss: 167.000366
[2022-10-19 23:26:28] PRINT Train Epoch: 5 [16640/60000 (28%)]	Loss: 167.566803
[2022-10-19 23:26:29] PRINT Train Epoch: 5 [17920/60000 (30%)]	Loss: 165.039001
[2022-10-19 23:26:29] PRINT Train Epoch: 5 [19200/60000 (32%)]	Loss: 169.265518
[2022-10-19 23:26:29] PRINT Train Epoch: 5 [20480/60000 (34%)]	Loss: 171.156052
[2022-10-19 23:26:29] PRINT Train Epoch: 5 [21760/60000 (36%)]	Loss: 175.865677
[2022-10-19 23:26:29] PRINT Train Epoch: 5 [23040/60000 (38%)]	Loss: 182.059967
[2022-10-19 23:26:29] PRINT Train Epoch: 5 [24320/60000 (41%)]	Loss: 170.229507
[2022-10-19 23:26:29] PRINT Train Epoch: 5 [25600/60000 (43%)]	Loss: 175.130905
[2022-10-19 23:26:29] PRINT Train Epoch: 5 [26880/60000 (45%)]	Loss: 173.743423
[2022-10-19 23:26:29] PRINT Train Epoch: 5 [28160/60000 (47%)]	Loss: 164.583069
[2022-10-19 23:26:30] PRINT Train Epoch: 5 [29440/60000 (49%)]	Loss: 174.074875
[2022-10-19 23:26:30] PRINT Train Epoch: 5 [30720/60000 (51%)]	Loss: 171.192230
[2022-10-19 23:26:30] PRINT Train Epoch: 5 [32000/60000 (53%)]	Loss: 169.508026
[2022-10-19 23:26:30] PRINT Train Epoch: 5 [33280/60000 (55%)]	Loss: 176.539856
[2022-10-19 23:26:30] PRINT Train Epoch: 5 [34560/60000 (58%)]	Loss: 174.410034
[2022-10-19 23:26:30] PRINT Train Epoch: 5 [35840/60000 (60%)]	Loss: 170.331741
[2022-10-19 23:26:30] PRINT Train Epoch: 5 [37120/60000 (62%)]	Loss: 173.782013
[2022-10-19 23:26:30] PRINT Train Epoch: 5 [38400/60000 (64%)]	Loss: 173.533646
[2022-10-19 23:26:30] PRINT Train Epoch: 5 [39680/60000 (66%)]	Loss: 165.330002
[2022-10-19 23:26:30] PRINT Train Epoch: 5 [40960/60000 (68%)]	Loss: 179.063675
[2022-10-19 23:26:31] PRINT Train Epoch: 5 [42240/60000 (70%)]	Loss: 168.620987
[2022-10-19 23:26:31] PRINT Train Epoch: 5 [43520/60000 (72%)]	Loss: 172.231384
[2022-10-19 23:26:31] PRINT Train Epoch: 5 [44800/60000 (75%)]	Loss: 168.031601
[2022-10-19 23:26:31] PRINT Train Epoch: 5 [46080/60000 (77%)]	Loss: 175.432053
[2022-10-19 23:26:31] PRINT Train Epoch: 5 [47360/60000 (79%)]	Loss: 173.071289
[2022-10-19 23:26:31] PRINT Train Epoch: 5 [48640/60000 (81%)]	Loss: 180.497818
[2022-10-19 23:26:31] PRINT Train Epoch: 5 [49920/60000 (83%)]	Loss: 174.650848
[2022-10-19 23:26:31] PRINT Train Epoch: 5 [51200/60000 (85%)]	Loss: 168.607803
[2022-10-19 23:26:31] PRINT Train Epoch: 5 [52480/60000 (87%)]	Loss: 175.953842
[2022-10-19 23:26:32] PRINT Train Epoch: 5 [53760/60000 (90%)]	Loss: 177.965363
[2022-10-19 23:26:32] PRINT Train Epoch: 5 [55040/60000 (92%)]	Loss: 175.584030
[2022-10-19 23:26:32] PRINT Train Epoch: 5 [56320/60000 (94%)]	Loss: 171.704453
[2022-10-19 23:26:32] PRINT Train Epoch: 5 [57600/60000 (96%)]	Loss: 174.836319
[2022-10-19 23:26:32] PRINT Train Epoch: 5 [58880/60000 (98%)]	Loss: 173.413773
[2022-10-19 23:26:32] PRINT ====> Epoch: 5 Average loss: 173.5407
[2022-10-19 23:26:33] PRINT ====> Test set loss: 173.9233
[2022-10-19 23:26:33] PRINT Train Epoch: 6 [0/60000 (0%)]	Loss: 173.715942
[2022-10-19 23:26:33] PRINT Train Epoch: 6 [1280/60000 (2%)]	Loss: 167.925354
[2022-10-19 23:26:33] PRINT Train Epoch: 6 [2560/60000 (4%)]	Loss: 170.172012
[2022-10-19 23:26:33] PRINT Train Epoch: 6 [3840/60000 (6%)]	Loss: 176.632462
[2022-10-19 23:26:33] PRINT Train Epoch: 6 [5120/60000 (9%)]	Loss: 163.150772
[2022-10-19 23:26:33] PRINT Train Epoch: 6 [6400/60000 (11%)]	Loss: 173.205643
[2022-10-19 23:26:34] PRINT Train Epoch: 6 [7680/60000 (13%)]	Loss: 171.458679
[2022-10-19 23:26:34] PRINT Train Epoch: 6 [8960/60000 (15%)]	Loss: 174.833694
[2022-10-19 23:26:34] PRINT Train Epoch: 6 [10240/60000 (17%)]	Loss: 171.679733
[2022-10-19 23:26:34] PRINT Train Epoch: 6 [11520/60000 (19%)]	Loss: 171.216568
[2022-10-19 23:26:34] PRINT Train Epoch: 6 [12800/60000 (21%)]	Loss: 173.315689
[2022-10-19 23:26:34] PRINT Train Epoch: 6 [14080/60000 (23%)]	Loss: 168.537064
[2022-10-19 23:26:34] PRINT Train Epoch: 6 [15360/60000 (26%)]	Loss: 172.069427
[2022-10-19 23:26:34] PRINT Train Epoch: 6 [16640/60000 (28%)]	Loss: 174.010788
[2022-10-19 23:26:34] PRINT Train Epoch: 6 [17920/60000 (30%)]	Loss: 172.244919
[2022-10-19 23:26:34] PRINT Train Epoch: 6 [19200/60000 (32%)]	Loss: 176.795898
[2022-10-19 23:26:35] PRINT Train Epoch: 6 [20480/60000 (34%)]	Loss: 169.500214
[2022-10-19 23:26:35] PRINT Train Epoch: 6 [21760/60000 (36%)]	Loss: 169.450592
[2022-10-19 23:26:35] PRINT Train Epoch: 6 [23040/60000 (38%)]	Loss: 169.233292
[2022-10-19 23:26:35] PRINT Train Epoch: 6 [24320/60000 (41%)]	Loss: 179.441360
[2022-10-19 23:26:35] PRINT Train Epoch: 6 [25600/60000 (43%)]	Loss: 178.439758
[2022-10-19 23:26:35] PRINT Train Epoch: 6 [26880/60000 (45%)]	Loss: 171.017471
[2022-10-19 23:26:35] PRINT Train Epoch: 6 [28160/60000 (47%)]	Loss: 176.669907
[2022-10-19 23:26:35] PRINT Train Epoch: 6 [29440/60000 (49%)]	Loss: 167.350159
[2022-10-19 23:26:35] PRINT Train Epoch: 6 [30720/60000 (51%)]	Loss: 178.637863
[2022-10-19 23:26:35] PRINT Train Epoch: 6 [32000/60000 (53%)]	Loss: 176.815369
[2022-10-19 23:26:36] PRINT Train Epoch: 6 [33280/60000 (55%)]	Loss: 175.653656
[2022-10-19 23:26:36] PRINT Train Epoch: 6 [34560/60000 (58%)]	Loss: 177.506912
[2022-10-19 23:26:36] PRINT Train Epoch: 6 [35840/60000 (60%)]	Loss: 170.733490
[2022-10-19 23:26:36] PRINT Train Epoch: 6 [37120/60000 (62%)]	Loss: 167.071381
[2022-10-19 23:26:36] PRINT Train Epoch: 6 [38400/60000 (64%)]	Loss: 170.470398
[2022-10-19 23:26:36] PRINT Train Epoch: 6 [39680/60000 (66%)]	Loss: 169.976196
[2022-10-19 23:26:36] PRINT Train Epoch: 6 [40960/60000 (68%)]	Loss: 171.935791
[2022-10-19 23:26:36] PRINT Train Epoch: 6 [42240/60000 (70%)]	Loss: 177.667480
[2022-10-19 23:26:36] PRINT Train Epoch: 6 [43520/60000 (72%)]	Loss: 170.043350
[2022-10-19 23:26:36] PRINT Train Epoch: 6 [44800/60000 (75%)]	Loss: 178.052200
[2022-10-19 23:26:37] PRINT Train Epoch: 6 [46080/60000 (77%)]	Loss: 172.163147
[2022-10-19 23:26:37] PRINT Train Epoch: 6 [47360/60000 (79%)]	Loss: 173.914810
[2022-10-19 23:26:37] PRINT Train Epoch: 6 [48640/60000 (81%)]	Loss: 175.975189
[2022-10-19 23:26:37] PRINT Train Epoch: 6 [49920/60000 (83%)]	Loss: 172.400986
[2022-10-19 23:26:37] PRINT Train Epoch: 6 [51200/60000 (85%)]	Loss: 171.401764
[2022-10-19 23:26:37] PRINT Train Epoch: 6 [52480/60000 (87%)]	Loss: 168.576157
[2022-10-19 23:26:37] PRINT Train Epoch: 6 [53760/60000 (90%)]	Loss: 169.342590
[2022-10-19 23:26:37] PRINT Train Epoch: 6 [55040/60000 (92%)]	Loss: 175.034103
[2022-10-19 23:26:37] PRINT Train Epoch: 6 [56320/60000 (94%)]	Loss: 177.047363
[2022-10-19 23:26:38] PRINT Train Epoch: 6 [57600/60000 (96%)]	Loss: 174.038940
[2022-10-19 23:26:38] PRINT Train Epoch: 6 [58880/60000 (98%)]	Loss: 173.113556
[2022-10-19 23:26:38] PRINT ====> Epoch: 6 Average loss: 173.4457
[2022-10-19 23:26:39] PRINT ====> Test set loss: 174.5458
[2022-10-19 23:26:39] PRINT Train Epoch: 7 [0/60000 (0%)]	Loss: 175.322815
[2022-10-19 23:26:39] PRINT Train Epoch: 7 [1280/60000 (2%)]	Loss: 173.668213
[2022-10-19 23:26:39] PRINT Train Epoch: 7 [2560/60000 (4%)]	Loss: 172.783493
[2022-10-19 23:26:39] PRINT Train Epoch: 7 [3840/60000 (6%)]	Loss: 170.532379
[2022-10-19 23:26:39] PRINT Train Epoch: 7 [5120/60000 (9%)]	Loss: 174.271347
[2022-10-19 23:26:39] PRINT Train Epoch: 7 [6400/60000 (11%)]	Loss: 164.886749
[2022-10-19 23:26:39] PRINT Train Epoch: 7 [7680/60000 (13%)]	Loss: 178.821228
[2022-10-19 23:26:39] PRINT Train Epoch: 7 [8960/60000 (15%)]	Loss: 180.296844
[2022-10-19 23:26:39] PRINT Train Epoch: 7 [10240/60000 (17%)]	Loss: 174.024872
[2022-10-19 23:26:39] PRINT Train Epoch: 7 [11520/60000 (19%)]	Loss: 166.180435
[2022-10-19 23:26:40] PRINT Train Epoch: 7 [12800/60000 (21%)]	Loss: 173.465256
[2022-10-19 23:26:40] PRINT Train Epoch: 7 [14080/60000 (23%)]	Loss: 180.262024
[2022-10-19 23:26:40] PRINT Train Epoch: 7 [15360/60000 (26%)]	Loss: 166.538116
[2022-10-19 23:26:40] PRINT Train Epoch: 7 [16640/60000 (28%)]	Loss: 183.809280
[2022-10-19 23:26:40] PRINT Train Epoch: 7 [17920/60000 (30%)]	Loss: 166.507126
[2022-10-19 23:26:40] PRINT Train Epoch: 7 [19200/60000 (32%)]	Loss: 175.368866
[2022-10-19 23:26:40] PRINT Train Epoch: 7 [20480/60000 (34%)]	Loss: 175.410828
[2022-10-19 23:26:40] PRINT Train Epoch: 7 [21760/60000 (36%)]	Loss: 180.643723
[2022-10-19 23:26:40] PRINT Train Epoch: 7 [23040/60000 (38%)]	Loss: 173.447266
[2022-10-19 23:26:41] PRINT Train Epoch: 7 [24320/60000 (41%)]	Loss: 172.262238
[2022-10-19 23:26:41] PRINT Train Epoch: 7 [25600/60000 (43%)]	Loss: 165.514572
[2022-10-19 23:26:41] PRINT Train Epoch: 7 [26880/60000 (45%)]	Loss: 172.536392
[2022-10-19 23:26:41] PRINT Train Epoch: 7 [28160/60000 (47%)]	Loss: 175.105499
[2022-10-19 23:26:41] PRINT Train Epoch: 7 [29440/60000 (49%)]	Loss: 166.975388
[2022-10-19 23:26:41] PRINT Train Epoch: 7 [30720/60000 (51%)]	Loss: 171.051727
[2022-10-19 23:26:41] PRINT Train Epoch: 7 [32000/60000 (53%)]	Loss: 166.504776
[2022-10-19 23:26:41] PRINT Train Epoch: 7 [33280/60000 (55%)]	Loss: 181.335739
[2022-10-19 23:26:41] PRINT Train Epoch: 7 [34560/60000 (58%)]	Loss: 171.421356
[2022-10-19 23:26:41] PRINT Train Epoch: 7 [35840/60000 (60%)]	Loss: 172.990143
[2022-10-19 23:26:42] PRINT Train Epoch: 7 [37120/60000 (62%)]	Loss: 176.279846
[2022-10-19 23:26:42] PRINT Train Epoch: 7 [38400/60000 (64%)]	Loss: 170.585876
[2022-10-19 23:26:42] PRINT Train Epoch: 7 [39680/60000 (66%)]	Loss: 168.843552
[2022-10-19 23:26:42] PRINT Train Epoch: 7 [40960/60000 (68%)]	Loss: 175.006409
[2022-10-19 23:26:42] PRINT Train Epoch: 7 [42240/60000 (70%)]	Loss: 166.984039
[2022-10-19 23:26:42] PRINT Train Epoch: 7 [43520/60000 (72%)]	Loss: 173.711090
[2022-10-19 23:26:42] PRINT Train Epoch: 7 [44800/60000 (75%)]	Loss: 168.053391
[2022-10-19 23:26:42] PRINT Train Epoch: 7 [46080/60000 (77%)]	Loss: 178.992645
[2022-10-19 23:26:42] PRINT Train Epoch: 7 [47360/60000 (79%)]	Loss: 168.562592
[2022-10-19 23:26:42] PRINT Train Epoch: 7 [48640/60000 (81%)]	Loss: 170.692963
[2022-10-19 23:26:43] PRINT Train Epoch: 7 [49920/60000 (83%)]	Loss: 177.538757
[2022-10-19 23:26:43] PRINT Train Epoch: 7 [51200/60000 (85%)]	Loss: 168.401291
[2022-10-19 23:26:43] PRINT Train Epoch: 7 [52480/60000 (87%)]	Loss: 173.113983
[2022-10-19 23:26:43] PRINT Train Epoch: 7 [53760/60000 (90%)]	Loss: 173.938400
[2022-10-19 23:26:43] PRINT Train Epoch: 7 [55040/60000 (92%)]	Loss: 171.485321
[2022-10-19 23:26:43] PRINT Train Epoch: 7 [56320/60000 (94%)]	Loss: 175.997467
[2022-10-19 23:26:43] PRINT Train Epoch: 7 [57600/60000 (96%)]	Loss: 169.073700
[2022-10-19 23:26:43] PRINT Train Epoch: 7 [58880/60000 (98%)]	Loss: 174.552597
[2022-10-19 23:26:43] PRINT ====> Epoch: 7 Average loss: 173.2584
[2022-10-19 23:26:44] PRINT ====> Test set loss: 171.8423
[2022-10-19 23:26:44] PRINT Train Epoch: 8 [0/60000 (0%)]	Loss: 176.035599
[2022-10-19 23:26:44] PRINT Train Epoch: 8 [1280/60000 (2%)]	Loss: 179.412247
[2022-10-19 23:26:44] PRINT Train Epoch: 8 [2560/60000 (4%)]	Loss: 175.820160
[2022-10-19 23:26:45] PRINT Train Epoch: 8 [3840/60000 (6%)]	Loss: 170.120193
[2022-10-19 23:26:45] PRINT Train Epoch: 8 [5120/60000 (9%)]	Loss: 167.750580
[2022-10-19 23:26:45] PRINT Train Epoch: 8 [6400/60000 (11%)]	Loss: 174.619232
[2022-10-19 23:26:45] PRINT Train Epoch: 8 [7680/60000 (13%)]	Loss: 177.437149
[2022-10-19 23:26:45] PRINT Train Epoch: 8 [8960/60000 (15%)]	Loss: 179.176956
[2022-10-19 23:26:45] PRINT Train Epoch: 8 [10240/60000 (17%)]	Loss: 176.978043
[2022-10-19 23:26:45] PRINT Train Epoch: 8 [11520/60000 (19%)]	Loss: 176.891785
[2022-10-19 23:26:45] PRINT Train Epoch: 8 [12800/60000 (21%)]	Loss: 184.859161
[2022-10-19 23:26:45] PRINT Train Epoch: 8 [14080/60000 (23%)]	Loss: 167.804413
[2022-10-19 23:26:46] PRINT Train Epoch: 8 [15360/60000 (26%)]	Loss: 174.633255
[2022-10-19 23:26:46] PRINT Train Epoch: 8 [16640/60000 (28%)]	Loss: 168.225571
[2022-10-19 23:26:46] PRINT Train Epoch: 8 [17920/60000 (30%)]	Loss: 180.193451
[2022-10-19 23:26:46] PRINT Train Epoch: 8 [19200/60000 (32%)]	Loss: 182.616943
[2022-10-19 23:26:46] PRINT Train Epoch: 8 [20480/60000 (34%)]	Loss: 179.863174
[2022-10-19 23:26:46] PRINT Train Epoch: 8 [21760/60000 (36%)]	Loss: 164.789429
[2022-10-19 23:26:46] PRINT Train Epoch: 8 [23040/60000 (38%)]	Loss: 176.218277
[2022-10-19 23:26:46] PRINT Train Epoch: 8 [24320/60000 (41%)]	Loss: 168.907913
[2022-10-19 23:26:46] PRINT Train Epoch: 8 [25600/60000 (43%)]	Loss: 171.096466
[2022-10-19 23:26:46] PRINT Train Epoch: 8 [26880/60000 (45%)]	Loss: 164.945221
[2022-10-19 23:26:47] PRINT Train Epoch: 8 [28160/60000 (47%)]	Loss: 179.141953
[2022-10-19 23:26:47] PRINT Train Epoch: 8 [29440/60000 (49%)]	Loss: 169.979187
[2022-10-19 23:26:47] PRINT Train Epoch: 8 [30720/60000 (51%)]	Loss: 175.571899
[2022-10-19 23:26:47] PRINT Train Epoch: 8 [32000/60000 (53%)]	Loss: 180.467758
[2022-10-19 23:26:47] PRINT Train Epoch: 8 [33280/60000 (55%)]	Loss: 174.163101
[2022-10-19 23:26:47] PRINT Train Epoch: 8 [34560/60000 (58%)]	Loss: 179.350128
[2022-10-19 23:26:47] PRINT Train Epoch: 8 [35840/60000 (60%)]	Loss: 173.168594
[2022-10-19 23:26:47] PRINT Train Epoch: 8 [37120/60000 (62%)]	Loss: 168.012451
[2022-10-19 23:26:47] PRINT Train Epoch: 8 [38400/60000 (64%)]	Loss: 168.414124
[2022-10-19 23:26:47] PRINT Train Epoch: 8 [39680/60000 (66%)]	Loss: 168.474655
[2022-10-19 23:26:48] PRINT Train Epoch: 8 [40960/60000 (68%)]	Loss: 176.260208
[2022-10-19 23:26:48] PRINT Train Epoch: 8 [42240/60000 (70%)]	Loss: 161.811691
[2022-10-19 23:26:48] PRINT Train Epoch: 8 [43520/60000 (72%)]	Loss: 174.782074
[2022-10-19 23:26:48] PRINT Train Epoch: 8 [44800/60000 (75%)]	Loss: 171.037491
[2022-10-19 23:26:48] PRINT Train Epoch: 8 [46080/60000 (77%)]	Loss: 170.463730
[2022-10-19 23:26:48] PRINT Train Epoch: 8 [47360/60000 (79%)]	Loss: 166.786560
[2022-10-19 23:26:48] PRINT Train Epoch: 8 [48640/60000 (81%)]	Loss: 172.962402
[2022-10-19 23:26:48] PRINT Train Epoch: 8 [49920/60000 (83%)]	Loss: 166.529434
[2022-10-19 23:26:48] PRINT Train Epoch: 8 [51200/60000 (85%)]	Loss: 172.747375
[2022-10-19 23:26:48] PRINT Train Epoch: 8 [52480/60000 (87%)]	Loss: 178.157455
[2022-10-19 23:26:49] PRINT Train Epoch: 8 [53760/60000 (90%)]	Loss: 176.168884
[2022-10-19 23:26:49] PRINT Train Epoch: 8 [55040/60000 (92%)]	Loss: 168.713135
[2022-10-19 23:26:49] PRINT Train Epoch: 8 [56320/60000 (94%)]	Loss: 172.056702
[2022-10-19 23:26:49] PRINT Train Epoch: 8 [57600/60000 (96%)]	Loss: 172.778580
[2022-10-19 23:26:49] PRINT Train Epoch: 8 [58880/60000 (98%)]	Loss: 172.700943
[2022-10-19 23:26:49] PRINT ====> Epoch: 8 Average loss: 173.1187
[2022-10-19 23:26:50] PRINT ====> Test set loss: 172.1259
[2022-10-19 23:26:50] PRINT Train Epoch: 9 [0/60000 (0%)]	Loss: 177.678940
[2022-10-19 23:26:50] PRINT Train Epoch: 9 [1280/60000 (2%)]	Loss: 174.120438
[2022-10-19 23:26:50] PRINT Train Epoch: 9 [2560/60000 (4%)]	Loss: 170.824341
[2022-10-19 23:26:50] PRINT Train Epoch: 9 [3840/60000 (6%)]	Loss: 180.906998
[2022-10-19 23:26:50] PRINT Train Epoch: 9 [5120/60000 (9%)]	Loss: 179.406845
[2022-10-19 23:26:51] PRINT Train Epoch: 9 [6400/60000 (11%)]	Loss: 167.736832
[2022-10-19 23:26:51] PRINT Train Epoch: 9 [7680/60000 (13%)]	Loss: 177.368683
[2022-10-19 23:26:51] PRINT Train Epoch: 9 [8960/60000 (15%)]	Loss: 180.530731
[2022-10-19 23:26:51] PRINT Train Epoch: 9 [10240/60000 (17%)]	Loss: 173.951569
[2022-10-19 23:26:51] PRINT Train Epoch: 9 [11520/60000 (19%)]	Loss: 175.174896
[2022-10-19 23:26:51] PRINT Train Epoch: 9 [12800/60000 (21%)]	Loss: 170.368942
[2022-10-19 23:26:51] PRINT Train Epoch: 9 [14080/60000 (23%)]	Loss: 172.904129
[2022-10-19 23:26:51] PRINT Train Epoch: 9 [15360/60000 (26%)]	Loss: 181.149918
[2022-10-19 23:26:51] PRINT Train Epoch: 9 [16640/60000 (28%)]	Loss: 169.920181
[2022-10-19 23:26:51] PRINT Train Epoch: 9 [17920/60000 (30%)]	Loss: 172.623154
[2022-10-19 23:26:52] PRINT Train Epoch: 9 [19200/60000 (32%)]	Loss: 164.034729
[2022-10-19 23:26:52] PRINT Train Epoch: 9 [20480/60000 (34%)]	Loss: 165.300476
[2022-10-19 23:26:52] PRINT Train Epoch: 9 [21760/60000 (36%)]	Loss: 178.170227
[2022-10-19 23:26:52] PRINT Train Epoch: 9 [23040/60000 (38%)]	Loss: 167.647476
[2022-10-19 23:26:52] PRINT Train Epoch: 9 [24320/60000 (41%)]	Loss: 161.134338
[2022-10-19 23:26:52] PRINT Train Epoch: 9 [25600/60000 (43%)]	Loss: 178.525009
[2022-10-19 23:26:52] PRINT Train Epoch: 9 [26880/60000 (45%)]	Loss: 171.037598
[2022-10-19 23:26:52] PRINT Train Epoch: 9 [28160/60000 (47%)]	Loss: 174.001587
[2022-10-19 23:26:52] PRINT Train Epoch: 9 [29440/60000 (49%)]	Loss: 165.039185
[2022-10-19 23:26:52] PRINT Train Epoch: 9 [30720/60000 (51%)]	Loss: 184.271790
[2022-10-19 23:26:53] PRINT Train Epoch: 9 [32000/60000 (53%)]	Loss: 189.230392
[2022-10-19 23:26:53] PRINT Train Epoch: 9 [33280/60000 (55%)]	Loss: 171.031906
[2022-10-19 23:26:53] PRINT Train Epoch: 9 [34560/60000 (58%)]	Loss: 172.190186
[2022-10-19 23:26:53] PRINT Train Epoch: 9 [35840/60000 (60%)]	Loss: 171.649612
[2022-10-19 23:26:53] PRINT Train Epoch: 9 [37120/60000 (62%)]	Loss: 167.660660
[2022-10-19 23:26:53] PRINT Train Epoch: 9 [38400/60000 (64%)]	Loss: 168.314224
[2022-10-19 23:26:53] PRINT Train Epoch: 9 [39680/60000 (66%)]	Loss: 171.946960
[2022-10-19 23:26:53] PRINT Train Epoch: 9 [40960/60000 (68%)]	Loss: 175.412521
[2022-10-19 23:26:53] PRINT Train Epoch: 9 [42240/60000 (70%)]	Loss: 170.875641
[2022-10-19 23:26:54] PRINT Train Epoch: 9 [43520/60000 (72%)]	Loss: 168.597168
[2022-10-19 23:26:54] PRINT Train Epoch: 9 [44800/60000 (75%)]	Loss: 165.624268
[2022-10-19 23:26:54] PRINT Train Epoch: 9 [46080/60000 (77%)]	Loss: 175.732849
[2022-10-19 23:26:54] PRINT Train Epoch: 9 [47360/60000 (79%)]	Loss: 172.645874
[2022-10-19 23:26:54] PRINT Train Epoch: 9 [48640/60000 (81%)]	Loss: 175.085861
[2022-10-19 23:26:54] PRINT Train Epoch: 9 [49920/60000 (83%)]	Loss: 177.301193
[2022-10-19 23:26:54] PRINT Train Epoch: 9 [51200/60000 (85%)]	Loss: 175.370789
[2022-10-19 23:26:54] PRINT Train Epoch: 9 [52480/60000 (87%)]	Loss: 167.690323
[2022-10-19 23:26:54] PRINT Train Epoch: 9 [53760/60000 (90%)]	Loss: 162.886963
[2022-10-19 23:26:54] PRINT Train Epoch: 9 [55040/60000 (92%)]	Loss: 170.151794
[2022-10-19 23:26:55] PRINT Train Epoch: 9 [56320/60000 (94%)]	Loss: 174.079681
[2022-10-19 23:26:55] PRINT Train Epoch: 9 [57600/60000 (96%)]	Loss: 172.560577
[2022-10-19 23:26:55] PRINT Train Epoch: 9 [58880/60000 (98%)]	Loss: 166.669922
[2022-10-19 23:26:55] PRINT ====> Epoch: 9 Average loss: 172.7104
[2022-10-19 23:26:56] PRINT ====> Test set loss: 172.9376
[2022-10-19 23:26:56] PRINT Train Epoch: 10 [0/60000 (0%)]	Loss: 173.070999
[2022-10-19 23:26:56] PRINT Train Epoch: 10 [1280/60000 (2%)]	Loss: 164.065491
[2022-10-19 23:26:56] PRINT Train Epoch: 10 [2560/60000 (4%)]	Loss: 177.489319
[2022-10-19 23:26:56] PRINT Train Epoch: 10 [3840/60000 (6%)]	Loss: 175.386261
[2022-10-19 23:26:56] PRINT Train Epoch: 10 [5120/60000 (9%)]	Loss: 176.943649
[2022-10-19 23:26:56] PRINT Train Epoch: 10 [6400/60000 (11%)]	Loss: 185.056702
[2022-10-19 23:26:56] PRINT Train Epoch: 10 [7680/60000 (13%)]	Loss: 173.901764
[2022-10-19 23:26:56] PRINT Train Epoch: 10 [8960/60000 (15%)]	Loss: 167.854004
[2022-10-19 23:26:57] PRINT Train Epoch: 10 [10240/60000 (17%)]	Loss: 175.102524
[2022-10-19 23:26:57] PRINT Train Epoch: 10 [11520/60000 (19%)]	Loss: 173.461029
[2022-10-19 23:26:57] PRINT Train Epoch: 10 [12800/60000 (21%)]	Loss: 173.577393
[2022-10-19 23:26:57] PRINT Train Epoch: 10 [14080/60000 (23%)]	Loss: 168.252823
[2022-10-19 23:26:57] PRINT Train Epoch: 10 [15360/60000 (26%)]	Loss: 180.441391
[2022-10-19 23:26:57] PRINT Train Epoch: 10 [16640/60000 (28%)]	Loss: 180.132614
[2022-10-19 23:26:57] PRINT Train Epoch: 10 [17920/60000 (30%)]	Loss: 170.897156
[2022-10-19 23:26:57] PRINT Train Epoch: 10 [19200/60000 (32%)]	Loss: 169.132492
[2022-10-19 23:26:57] PRINT Train Epoch: 10 [20480/60000 (34%)]	Loss: 175.246231
[2022-10-19 23:26:58] PRINT Train Epoch: 10 [21760/60000 (36%)]	Loss: 170.573151
[2022-10-19 23:26:58] PRINT Train Epoch: 10 [23040/60000 (38%)]	Loss: 181.700165
[2022-10-19 23:26:58] PRINT Train Epoch: 10 [24320/60000 (41%)]	Loss: 175.261002
[2022-10-19 23:26:58] PRINT Train Epoch: 10 [25600/60000 (43%)]	Loss: 166.968201
[2022-10-19 23:26:58] PRINT Train Epoch: 10 [26880/60000 (45%)]	Loss: 173.382675
[2022-10-19 23:26:58] PRINT Train Epoch: 10 [28160/60000 (47%)]	Loss: 178.138077
[2022-10-19 23:26:58] PRINT Train Epoch: 10 [29440/60000 (49%)]	Loss: 170.662354
[2022-10-19 23:26:58] PRINT Train Epoch: 10 [30720/60000 (51%)]	Loss: 175.325623
[2022-10-19 23:26:58] PRINT Train Epoch: 10 [32000/60000 (53%)]	Loss: 177.238373
[2022-10-19 23:26:58] PRINT Train Epoch: 10 [33280/60000 (55%)]	Loss: 171.918243
[2022-10-19 23:26:59] PRINT Train Epoch: 10 [34560/60000 (58%)]	Loss: 168.651428
[2022-10-19 23:26:59] PRINT Train Epoch: 10 [35840/60000 (60%)]	Loss: 173.084106
[2022-10-19 23:26:59] PRINT Train Epoch: 10 [37120/60000 (62%)]	Loss: 171.549210
[2022-10-19 23:26:59] PRINT Train Epoch: 10 [38400/60000 (64%)]	Loss: 176.191788
[2022-10-19 23:26:59] PRINT Train Epoch: 10 [39680/60000 (66%)]	Loss: 166.459274
[2022-10-19 23:26:59] PRINT Train Epoch: 10 [40960/60000 (68%)]	Loss: 173.264023
[2022-10-19 23:26:59] PRINT Train Epoch: 10 [42240/60000 (70%)]	Loss: 182.381149
[2022-10-19 23:26:59] PRINT Train Epoch: 10 [43520/60000 (72%)]	Loss: 167.801971
[2022-10-19 23:26:59] PRINT Train Epoch: 10 [44800/60000 (75%)]	Loss: 175.529160
[2022-10-19 23:27:00] PRINT Train Epoch: 10 [46080/60000 (77%)]	Loss: 171.967300
[2022-10-19 23:27:00] PRINT Train Epoch: 10 [47360/60000 (79%)]	Loss: 168.879715
[2022-10-19 23:27:00] PRINT Train Epoch: 10 [48640/60000 (81%)]	Loss: 172.130249
[2022-10-19 23:27:00] PRINT Train Epoch: 10 [49920/60000 (83%)]	Loss: 169.628601
[2022-10-19 23:27:00] PRINT Train Epoch: 10 [51200/60000 (85%)]	Loss: 167.602737
[2022-10-19 23:27:00] PRINT Train Epoch: 10 [52480/60000 (87%)]	Loss: 173.079636
[2022-10-19 23:27:00] PRINT Train Epoch: 10 [53760/60000 (90%)]	Loss: 167.919693
[2022-10-19 23:27:00] PRINT Train Epoch: 10 [55040/60000 (92%)]	Loss: 168.548508
[2022-10-19 23:27:00] PRINT Train Epoch: 10 [56320/60000 (94%)]	Loss: 164.233414
[2022-10-19 23:27:00] PRINT Train Epoch: 10 [57600/60000 (96%)]	Loss: 172.692902
[2022-10-19 23:27:01] PRINT Train Epoch: 10 [58880/60000 (98%)]	Loss: 176.597610
[2022-10-19 23:27:01] PRINT ====> Epoch: 10 Average loss: 173.2163
[2022-10-19 23:27:02] PRINT ====> Test set loss: 174.0263
