[2022-10-20 00:31:07] PRINT {'features1': 500, 'features2': 40, 'lr': 0.0005170748983278458, 'epsilon': 1e-07, 'TRIAL_BUDGET': 2}
[2022-10-20 00:31:09] PRINT Using cuda device
[2022-10-20 00:31:23] PRINT Train Epoch: 1 [0/60000 (0%)]	Loss: 548.662415
[2022-10-20 00:31:23] PRINT Train Epoch: 1 [1280/60000 (2%)]	Loss: 367.665344
[2022-10-20 00:31:24] PRINT Train Epoch: 1 [2560/60000 (4%)]	Loss: 262.250793
[2022-10-20 00:31:24] PRINT Train Epoch: 1 [3840/60000 (6%)]	Loss: 230.877625
[2022-10-20 00:31:24] PRINT Train Epoch: 1 [5120/60000 (9%)]	Loss: 226.149170
[2022-10-20 00:31:24] PRINT Train Epoch: 1 [6400/60000 (11%)]	Loss: 225.983627
[2022-10-20 00:31:25] PRINT Train Epoch: 1 [7680/60000 (13%)]	Loss: 214.440491
[2022-10-20 00:31:25] PRINT Train Epoch: 1 [8960/60000 (15%)]	Loss: 211.888153
[2022-10-20 00:31:25] PRINT Train Epoch: 1 [10240/60000 (17%)]	Loss: 202.424637
[2022-10-20 00:31:26] PRINT Train Epoch: 1 [11520/60000 (19%)]	Loss: 198.411041
[2022-10-20 00:31:26] PRINT Train Epoch: 1 [12800/60000 (21%)]	Loss: 206.148087
[2022-10-20 00:31:26] PRINT Train Epoch: 1 [14080/60000 (23%)]	Loss: 192.893631
[2022-10-20 00:31:27] PRINT Train Epoch: 1 [15360/60000 (26%)]	Loss: 191.081329
[2022-10-20 00:31:27] PRINT Train Epoch: 1 [16640/60000 (28%)]	Loss: 185.967224
[2022-10-20 00:31:27] PRINT Train Epoch: 1 [17920/60000 (30%)]	Loss: 183.086029
[2022-10-20 00:31:27] PRINT Train Epoch: 1 [19200/60000 (32%)]	Loss: 180.164200
[2022-10-20 00:31:28] PRINT Train Epoch: 1 [20480/60000 (34%)]	Loss: 174.903595
[2022-10-20 00:31:28] PRINT Train Epoch: 1 [21760/60000 (36%)]	Loss: 171.683334
[2022-10-20 00:31:28] PRINT Train Epoch: 1 [23040/60000 (38%)]	Loss: 173.437698
[2022-10-20 00:31:29] PRINT Train Epoch: 1 [24320/60000 (41%)]	Loss: 169.583466
[2022-10-20 00:31:29] PRINT Train Epoch: 1 [25600/60000 (43%)]	Loss: 165.013962
[2022-10-20 00:31:29] PRINT Train Epoch: 1 [26880/60000 (45%)]	Loss: 164.917953
[2022-10-20 00:31:30] PRINT Train Epoch: 1 [28160/60000 (47%)]	Loss: 170.072205
[2022-10-20 00:31:30] PRINT Train Epoch: 1 [29440/60000 (49%)]	Loss: 163.060852
[2022-10-20 00:31:30] PRINT Train Epoch: 1 [30720/60000 (51%)]	Loss: 162.807388
[2022-10-20 00:31:31] PRINT Train Epoch: 1 [32000/60000 (53%)]	Loss: 159.913452
[2022-10-20 00:31:31] PRINT Train Epoch: 1 [33280/60000 (55%)]	Loss: 156.053375
[2022-10-20 00:31:31] PRINT Train Epoch: 1 [34560/60000 (58%)]	Loss: 157.401260
[2022-10-20 00:31:31] PRINT Train Epoch: 1 [35840/60000 (60%)]	Loss: 155.706848
[2022-10-20 00:31:32] PRINT Train Epoch: 1 [37120/60000 (62%)]	Loss: 158.411865
[2022-10-20 00:31:32] PRINT Train Epoch: 1 [38400/60000 (64%)]	Loss: 156.325439
[2022-10-20 00:31:32] PRINT Train Epoch: 1 [39680/60000 (66%)]	Loss: 152.157303
[2022-10-20 00:31:33] PRINT Train Epoch: 1 [40960/60000 (68%)]	Loss: 156.907272
[2022-10-20 00:31:33] PRINT Train Epoch: 1 [42240/60000 (70%)]	Loss: 152.134811
[2022-10-20 00:31:33] PRINT Train Epoch: 1 [43520/60000 (72%)]	Loss: 153.363037
[2022-10-20 00:31:34] PRINT Train Epoch: 1 [44800/60000 (75%)]	Loss: 152.412369
[2022-10-20 00:31:34] PRINT Train Epoch: 1 [46080/60000 (77%)]	Loss: 150.137878
[2022-10-20 00:31:34] PRINT Train Epoch: 1 [47360/60000 (79%)]	Loss: 145.054428
[2022-10-20 00:31:34] PRINT Train Epoch: 1 [48640/60000 (81%)]	Loss: 147.171158
[2022-10-20 00:31:35] PRINT Train Epoch: 1 [49920/60000 (83%)]	Loss: 138.792389
[2022-10-20 00:31:35] PRINT Train Epoch: 1 [51200/60000 (85%)]	Loss: 140.635620
[2022-10-20 00:31:35] PRINT Train Epoch: 1 [52480/60000 (87%)]	Loss: 151.647614
[2022-10-20 00:31:36] PRINT Train Epoch: 1 [53760/60000 (90%)]	Loss: 148.278915
[2022-10-20 00:31:36] PRINT Train Epoch: 1 [55040/60000 (92%)]	Loss: 146.793976
[2022-10-20 00:31:36] PRINT Train Epoch: 1 [56320/60000 (94%)]	Loss: 143.256165
[2022-10-20 00:31:37] PRINT Train Epoch: 1 [57600/60000 (96%)]	Loss: 137.439789
[2022-10-20 00:31:37] PRINT Train Epoch: 1 [58880/60000 (98%)]	Loss: 145.402420
[2022-10-20 00:31:37] PRINT ====> Epoch: 1 Average loss: 180.9306
[2022-10-20 00:31:40] PRINT ====> Test set loss: 141.1415
[2022-10-20 00:31:40] PRINT Train Epoch: 2 [0/60000 (0%)]	Loss: 144.109772
[2022-10-20 00:31:40] PRINT Train Epoch: 2 [1280/60000 (2%)]	Loss: 131.494186
[2022-10-20 00:31:40] PRINT Train Epoch: 2 [2560/60000 (4%)]	Loss: 140.204315
[2022-10-20 00:31:41] PRINT Train Epoch: 2 [3840/60000 (6%)]	Loss: 143.734909
[2022-10-20 00:31:41] PRINT Train Epoch: 2 [5120/60000 (9%)]	Loss: 137.629395
[2022-10-20 00:31:41] PRINT Train Epoch: 2 [6400/60000 (11%)]	Loss: 144.638687
[2022-10-20 00:31:42] PRINT Train Epoch: 2 [7680/60000 (13%)]	Loss: 139.229431
[2022-10-20 00:31:42] PRINT Train Epoch: 2 [8960/60000 (15%)]	Loss: 144.017441
[2022-10-20 00:31:42] PRINT Train Epoch: 2 [10240/60000 (17%)]	Loss: 132.752213
[2022-10-20 00:31:43] PRINT Train Epoch: 2 [11520/60000 (19%)]	Loss: 142.723679
[2022-10-20 00:31:43] PRINT Train Epoch: 2 [12800/60000 (21%)]	Loss: 138.205673
[2022-10-20 00:31:43] PRINT Train Epoch: 2 [14080/60000 (23%)]	Loss: 141.090546
[2022-10-20 00:31:44] PRINT Train Epoch: 2 [15360/60000 (26%)]	Loss: 131.859161
[2022-10-20 00:31:44] PRINT Train Epoch: 2 [16640/60000 (28%)]	Loss: 136.608948
[2022-10-20 00:31:44] PRINT Train Epoch: 2 [17920/60000 (30%)]	Loss: 138.713089
[2022-10-20 00:31:45] PRINT Train Epoch: 2 [19200/60000 (32%)]	Loss: 136.085068
[2022-10-20 00:31:45] PRINT Train Epoch: 2 [20480/60000 (34%)]	Loss: 133.136749
[2022-10-20 00:31:45] PRINT Train Epoch: 2 [21760/60000 (36%)]	Loss: 133.225204
[2022-10-20 00:31:46] PRINT Train Epoch: 2 [23040/60000 (38%)]	Loss: 140.143005
[2022-10-20 00:31:46] PRINT Train Epoch: 2 [24320/60000 (41%)]	Loss: 135.539124
[2022-10-20 00:31:46] PRINT Train Epoch: 2 [25600/60000 (43%)]	Loss: 131.106689
[2022-10-20 00:31:46] PRINT Train Epoch: 2 [26880/60000 (45%)]	Loss: 134.965836
[2022-10-20 00:31:47] PRINT Train Epoch: 2 [28160/60000 (47%)]	Loss: 130.223358
[2022-10-20 00:31:47] PRINT Train Epoch: 2 [29440/60000 (49%)]	Loss: 132.904266
[2022-10-20 00:31:47] PRINT Train Epoch: 2 [30720/60000 (51%)]	Loss: 130.231384
[2022-10-20 00:31:48] PRINT Train Epoch: 2 [32000/60000 (53%)]	Loss: 133.062241
[2022-10-20 00:31:48] PRINT Train Epoch: 2 [33280/60000 (55%)]	Loss: 130.593460
[2022-10-20 00:31:48] PRINT Train Epoch: 2 [34560/60000 (58%)]	Loss: 131.988434
[2022-10-20 00:31:49] PRINT Train Epoch: 2 [35840/60000 (60%)]	Loss: 133.199738
[2022-10-20 00:31:49] PRINT Train Epoch: 2 [37120/60000 (62%)]	Loss: 132.041565
[2022-10-20 00:31:49] PRINT Train Epoch: 2 [38400/60000 (64%)]	Loss: 131.780945
[2022-10-20 00:31:50] PRINT Train Epoch: 2 [39680/60000 (66%)]	Loss: 130.663147
[2022-10-20 00:31:50] PRINT Train Epoch: 2 [40960/60000 (68%)]	Loss: 130.443909
[2022-10-20 00:31:50] PRINT Train Epoch: 2 [42240/60000 (70%)]	Loss: 132.253738
[2022-10-20 00:31:50] PRINT Train Epoch: 2 [43520/60000 (72%)]	Loss: 129.234421
[2022-10-20 00:31:51] PRINT Train Epoch: 2 [44800/60000 (75%)]	Loss: 128.034271
[2022-10-20 00:31:51] PRINT Train Epoch: 2 [46080/60000 (77%)]	Loss: 127.685173
[2022-10-20 00:31:51] PRINT Train Epoch: 2 [47360/60000 (79%)]	Loss: 128.523743
[2022-10-20 00:31:52] PRINT Train Epoch: 2 [48640/60000 (81%)]	Loss: 122.681198
[2022-10-20 00:31:52] PRINT Train Epoch: 2 [49920/60000 (83%)]	Loss: 132.152939
[2022-10-20 00:31:52] PRINT Train Epoch: 2 [51200/60000 (85%)]	Loss: 130.289474
[2022-10-20 00:31:53] PRINT Train Epoch: 2 [52480/60000 (87%)]	Loss: 127.740540
[2022-10-20 00:31:53] PRINT Train Epoch: 2 [53760/60000 (90%)]	Loss: 126.798988
[2022-10-20 00:31:53] PRINT Train Epoch: 2 [55040/60000 (92%)]	Loss: 126.266029
[2022-10-20 00:31:54] PRINT Train Epoch: 2 [56320/60000 (94%)]	Loss: 132.667313
[2022-10-20 00:31:54] PRINT Train Epoch: 2 [57600/60000 (96%)]	Loss: 127.671989
[2022-10-20 00:31:54] PRINT Train Epoch: 2 [58880/60000 (98%)]	Loss: 128.054352
[2022-10-20 00:31:54] PRINT ====> Epoch: 2 Average loss: 133.0837
[2022-10-20 00:31:57] PRINT ====> Test set loss: 124.9702
[2022-10-20 00:31:57] PRINT Train Epoch: 3 [0/60000 (0%)]	Loss: 125.425858
[2022-10-20 00:31:57] PRINT Train Epoch: 3 [1280/60000 (2%)]	Loss: 125.284546
[2022-10-20 00:31:58] PRINT Train Epoch: 3 [2560/60000 (4%)]	Loss: 123.746063
[2022-10-20 00:31:58] PRINT Train Epoch: 3 [3840/60000 (6%)]	Loss: 128.942764
[2022-10-20 00:31:58] PRINT Train Epoch: 3 [5120/60000 (9%)]	Loss: 125.346222
[2022-10-20 00:31:59] PRINT Train Epoch: 3 [6400/60000 (11%)]	Loss: 118.670990
[2022-10-20 00:31:59] PRINT Train Epoch: 3 [7680/60000 (13%)]	Loss: 127.945061
[2022-10-20 00:31:59] PRINT Train Epoch: 3 [8960/60000 (15%)]	Loss: 123.771515
[2022-10-20 00:32:00] PRINT Train Epoch: 3 [10240/60000 (17%)]	Loss: 129.761673
[2022-10-20 00:32:00] PRINT Train Epoch: 3 [11520/60000 (19%)]	Loss: 123.747650
[2022-10-20 00:32:00] PRINT Train Epoch: 3 [12800/60000 (21%)]	Loss: 129.398163
[2022-10-20 00:32:01] PRINT Train Epoch: 3 [14080/60000 (23%)]	Loss: 119.641983
[2022-10-20 00:32:01] PRINT Train Epoch: 3 [15360/60000 (26%)]	Loss: 123.086182
[2022-10-20 00:32:01] PRINT Train Epoch: 3 [16640/60000 (28%)]	Loss: 123.583435
[2022-10-20 00:32:02] PRINT Train Epoch: 3 [17920/60000 (30%)]	Loss: 123.825623
[2022-10-20 00:32:02] PRINT Train Epoch: 3 [19200/60000 (32%)]	Loss: 122.673218
[2022-10-20 00:32:02] PRINT Train Epoch: 3 [20480/60000 (34%)]	Loss: 123.519669
[2022-10-20 00:32:02] PRINT Train Epoch: 3 [21760/60000 (36%)]	Loss: 126.050156
[2022-10-20 00:32:03] PRINT Train Epoch: 3 [23040/60000 (38%)]	Loss: 122.911865
[2022-10-20 00:32:03] PRINT Train Epoch: 3 [24320/60000 (41%)]	Loss: 125.630157
[2022-10-20 00:32:03] PRINT Train Epoch: 3 [25600/60000 (43%)]	Loss: 127.731697
[2022-10-20 00:32:04] PRINT Train Epoch: 3 [26880/60000 (45%)]	Loss: 123.380547
[2022-10-20 00:32:04] PRINT Train Epoch: 3 [28160/60000 (47%)]	Loss: 124.217323
[2022-10-20 00:32:04] PRINT Train Epoch: 3 [29440/60000 (49%)]	Loss: 121.222626
[2022-10-20 00:32:05] PRINT Train Epoch: 3 [30720/60000 (51%)]	Loss: 129.264740
[2022-10-20 00:32:05] PRINT Train Epoch: 3 [32000/60000 (53%)]	Loss: 117.238045
[2022-10-20 00:32:05] PRINT Train Epoch: 3 [33280/60000 (55%)]	Loss: 120.393341
[2022-10-20 00:32:05] PRINT Train Epoch: 3 [34560/60000 (58%)]	Loss: 122.824707
[2022-10-20 00:32:06] PRINT Train Epoch: 3 [35840/60000 (60%)]	Loss: 120.625488
[2022-10-20 00:32:06] PRINT Train Epoch: 3 [37120/60000 (62%)]	Loss: 119.493683
[2022-10-20 00:32:06] PRINT Train Epoch: 3 [38400/60000 (64%)]	Loss: 121.851181
[2022-10-20 00:32:07] PRINT Train Epoch: 3 [39680/60000 (66%)]	Loss: 118.954651
[2022-10-20 00:32:07] PRINT Train Epoch: 3 [40960/60000 (68%)]	Loss: 120.529968
[2022-10-20 00:32:07] PRINT Train Epoch: 3 [42240/60000 (70%)]	Loss: 120.170448
[2022-10-20 00:32:08] PRINT Train Epoch: 3 [43520/60000 (72%)]	Loss: 120.524178
[2022-10-20 00:32:08] PRINT Train Epoch: 3 [44800/60000 (75%)]	Loss: 117.238670
[2022-10-20 00:32:08] PRINT Train Epoch: 3 [46080/60000 (77%)]	Loss: 117.748398
[2022-10-20 00:32:08] PRINT Train Epoch: 3 [47360/60000 (79%)]	Loss: 120.740791
[2022-10-20 00:32:09] PRINT Train Epoch: 3 [48640/60000 (81%)]	Loss: 118.325798
[2022-10-20 00:32:09] PRINT Train Epoch: 3 [49920/60000 (83%)]	Loss: 117.369339
[2022-10-20 00:32:09] PRINT Train Epoch: 3 [51200/60000 (85%)]	Loss: 116.277420
[2022-10-20 00:32:10] PRINT Train Epoch: 3 [52480/60000 (87%)]	Loss: 121.516457
[2022-10-20 00:32:10] PRINT Train Epoch: 3 [53760/60000 (90%)]	Loss: 121.936218
[2022-10-20 00:32:10] PRINT Train Epoch: 3 [55040/60000 (92%)]	Loss: 118.789673
[2022-10-20 00:32:11] PRINT Train Epoch: 3 [56320/60000 (94%)]	Loss: 117.988907
[2022-10-20 00:32:11] PRINT Train Epoch: 3 [57600/60000 (96%)]	Loss: 119.336823
[2022-10-20 00:32:11] PRINT Train Epoch: 3 [58880/60000 (98%)]	Loss: 118.956390
[2022-10-20 00:32:12] PRINT ====> Epoch: 3 Average loss: 122.3068
[2022-10-20 00:32:14] PRINT ====> Test set loss: 118.0424
[2022-10-20 00:32:14] PRINT Train Epoch: 4 [0/60000 (0%)]	Loss: 113.228027
[2022-10-20 00:32:15] PRINT Train Epoch: 4 [1280/60000 (2%)]	Loss: 117.159019
[2022-10-20 00:32:15] PRINT Train Epoch: 4 [2560/60000 (4%)]	Loss: 117.302986
[2022-10-20 00:32:15] PRINT Train Epoch: 4 [3840/60000 (6%)]	Loss: 117.040543
[2022-10-20 00:32:16] PRINT Train Epoch: 4 [5120/60000 (9%)]	Loss: 115.670181
[2022-10-20 00:32:16] PRINT Train Epoch: 4 [6400/60000 (11%)]	Loss: 119.089867
[2022-10-20 00:32:16] PRINT Train Epoch: 4 [7680/60000 (13%)]	Loss: 117.104309
[2022-10-20 00:32:17] PRINT Train Epoch: 4 [8960/60000 (15%)]	Loss: 120.950394
[2022-10-20 00:32:17] PRINT Train Epoch: 4 [10240/60000 (17%)]	Loss: 116.503036
[2022-10-20 00:32:17] PRINT Train Epoch: 4 [11520/60000 (19%)]	Loss: 119.680504
[2022-10-20 00:32:18] PRINT Train Epoch: 4 [12800/60000 (21%)]	Loss: 119.046379
[2022-10-20 00:32:18] PRINT Train Epoch: 4 [14080/60000 (23%)]	Loss: 117.728561
[2022-10-20 00:32:18] PRINT Train Epoch: 4 [15360/60000 (26%)]	Loss: 124.066696
[2022-10-20 00:32:19] PRINT Train Epoch: 4 [16640/60000 (28%)]	Loss: 119.036362
[2022-10-20 00:32:19] PRINT Train Epoch: 4 [17920/60000 (30%)]	Loss: 113.071220
[2022-10-20 00:32:19] PRINT Train Epoch: 4 [19200/60000 (32%)]	Loss: 119.769440
[2022-10-20 00:32:20] PRINT Train Epoch: 4 [20480/60000 (34%)]	Loss: 116.206528
[2022-10-20 00:32:20] PRINT Train Epoch: 4 [21760/60000 (36%)]	Loss: 116.305290
[2022-10-20 00:32:20] PRINT Train Epoch: 4 [23040/60000 (38%)]	Loss: 114.850204
[2022-10-20 00:32:20] PRINT Train Epoch: 4 [24320/60000 (41%)]	Loss: 118.898132
[2022-10-20 00:32:21] PRINT Train Epoch: 4 [25600/60000 (43%)]	Loss: 116.366608
[2022-10-20 00:32:21] PRINT Train Epoch: 4 [26880/60000 (45%)]	Loss: 113.339569
[2022-10-20 00:32:21] PRINT Train Epoch: 4 [28160/60000 (47%)]	Loss: 115.827988
[2022-10-20 00:32:22] PRINT Train Epoch: 4 [29440/60000 (49%)]	Loss: 122.893509
[2022-10-20 00:32:22] PRINT Train Epoch: 4 [30720/60000 (51%)]	Loss: 116.455292
[2022-10-20 00:32:22] PRINT Train Epoch: 4 [32000/60000 (53%)]	Loss: 116.445404
[2022-10-20 00:32:23] PRINT Train Epoch: 4 [33280/60000 (55%)]	Loss: 115.672531
[2022-10-20 00:32:23] PRINT Train Epoch: 4 [34560/60000 (58%)]	Loss: 116.153648
[2022-10-20 00:32:23] PRINT Train Epoch: 4 [35840/60000 (60%)]	Loss: 118.187057
[2022-10-20 00:32:24] PRINT Train Epoch: 4 [37120/60000 (62%)]	Loss: 113.267044
[2022-10-20 00:32:24] PRINT Train Epoch: 4 [38400/60000 (64%)]	Loss: 109.945206
[2022-10-20 00:32:24] PRINT Train Epoch: 4 [39680/60000 (66%)]	Loss: 115.295593
[2022-10-20 00:32:25] PRINT Train Epoch: 4 [40960/60000 (68%)]	Loss: 114.327988
[2022-10-20 00:32:25] PRINT Train Epoch: 4 [42240/60000 (70%)]	Loss: 118.789047
[2022-10-20 00:32:25] PRINT Train Epoch: 4 [43520/60000 (72%)]	Loss: 115.460213
[2022-10-20 00:32:26] PRINT Train Epoch: 4 [44800/60000 (75%)]	Loss: 117.711983
[2022-10-20 00:32:26] PRINT Train Epoch: 4 [46080/60000 (77%)]	Loss: 112.866898
[2022-10-20 00:32:26] PRINT Train Epoch: 4 [47360/60000 (79%)]	Loss: 116.410088
[2022-10-20 00:32:26] PRINT Train Epoch: 4 [48640/60000 (81%)]	Loss: 114.315521
[2022-10-20 00:32:27] PRINT Train Epoch: 4 [49920/60000 (83%)]	Loss: 111.517105
[2022-10-20 00:32:27] PRINT Train Epoch: 4 [51200/60000 (85%)]	Loss: 118.333138
[2022-10-20 00:32:27] PRINT Train Epoch: 4 [52480/60000 (87%)]	Loss: 114.133545
[2022-10-20 00:32:28] PRINT Train Epoch: 4 [53760/60000 (90%)]	Loss: 116.223129
[2022-10-20 00:32:28] PRINT Train Epoch: 4 [55040/60000 (92%)]	Loss: 114.663841
[2022-10-20 00:32:28] PRINT Train Epoch: 4 [56320/60000 (94%)]	Loss: 114.807991
[2022-10-20 00:32:29] PRINT Train Epoch: 4 [57600/60000 (96%)]	Loss: 111.714874
[2022-10-20 00:32:29] PRINT Train Epoch: 4 [58880/60000 (98%)]	Loss: 118.217087
[2022-10-20 00:32:29] PRINT ====> Epoch: 4 Average loss: 117.0015
[2022-10-20 00:32:32] PRINT ====> Test set loss: 114.2886
[2022-10-20 00:32:32] PRINT Train Epoch: 5 [0/60000 (0%)]	Loss: 119.985397
[2022-10-20 00:32:32] PRINT Train Epoch: 5 [1280/60000 (2%)]	Loss: 113.390091
[2022-10-20 00:32:33] PRINT Train Epoch: 5 [2560/60000 (4%)]	Loss: 111.115173
[2022-10-20 00:32:33] PRINT Train Epoch: 5 [3840/60000 (6%)]	Loss: 112.788239
[2022-10-20 00:32:33] PRINT Train Epoch: 5 [5120/60000 (9%)]	Loss: 114.724693
[2022-10-20 00:32:34] PRINT Train Epoch: 5 [6400/60000 (11%)]	Loss: 118.817184
[2022-10-20 00:32:34] PRINT Train Epoch: 5 [7680/60000 (13%)]	Loss: 111.518997
[2022-10-20 00:32:34] PRINT Train Epoch: 5 [8960/60000 (15%)]	Loss: 115.279755
[2022-10-20 00:32:34] PRINT Train Epoch: 5 [10240/60000 (17%)]	Loss: 113.589630
[2022-10-20 00:32:35] PRINT Train Epoch: 5 [11520/60000 (19%)]	Loss: 113.705276
[2022-10-20 00:32:35] PRINT Train Epoch: 5 [12800/60000 (21%)]	Loss: 116.548645
[2022-10-20 00:32:35] PRINT Train Epoch: 5 [14080/60000 (23%)]	Loss: 112.991722
[2022-10-20 00:32:36] PRINT Train Epoch: 5 [15360/60000 (26%)]	Loss: 113.988609
[2022-10-20 00:32:36] PRINT Train Epoch: 5 [16640/60000 (28%)]	Loss: 112.864456
[2022-10-20 00:32:36] PRINT Train Epoch: 5 [17920/60000 (30%)]	Loss: 111.563011
[2022-10-20 00:32:37] PRINT Train Epoch: 5 [19200/60000 (32%)]	Loss: 117.416046
[2022-10-20 00:32:37] PRINT Train Epoch: 5 [20480/60000 (34%)]	Loss: 121.060806
[2022-10-20 00:32:37] PRINT Train Epoch: 5 [21760/60000 (36%)]	Loss: 111.923462
[2022-10-20 00:32:38] PRINT Train Epoch: 5 [23040/60000 (38%)]	Loss: 110.975632
[2022-10-20 00:32:38] PRINT Train Epoch: 5 [24320/60000 (41%)]	Loss: 112.282944
[2022-10-20 00:32:38] PRINT Train Epoch: 5 [25600/60000 (43%)]	Loss: 113.745041
[2022-10-20 00:32:39] PRINT Train Epoch: 5 [26880/60000 (45%)]	Loss: 119.180809
[2022-10-20 00:32:39] PRINT Train Epoch: 5 [28160/60000 (47%)]	Loss: 115.529930
[2022-10-20 00:32:39] PRINT Train Epoch: 5 [29440/60000 (49%)]	Loss: 117.264542
[2022-10-20 00:32:40] PRINT Train Epoch: 5 [30720/60000 (51%)]	Loss: 111.110229
[2022-10-20 00:32:40] PRINT Train Epoch: 5 [32000/60000 (53%)]	Loss: 116.360901
[2022-10-20 00:32:40] PRINT Train Epoch: 5 [33280/60000 (55%)]	Loss: 113.004372
[2022-10-20 00:32:41] PRINT Train Epoch: 5 [34560/60000 (58%)]	Loss: 116.410187
[2022-10-20 00:32:41] PRINT Train Epoch: 5 [35840/60000 (60%)]	Loss: 116.574692
[2022-10-20 00:32:41] PRINT Train Epoch: 5 [37120/60000 (62%)]	Loss: 115.098198
[2022-10-20 00:32:42] PRINT Train Epoch: 5 [38400/60000 (64%)]	Loss: 108.375847
[2022-10-20 00:32:42] PRINT Train Epoch: 5 [39680/60000 (66%)]	Loss: 112.504288
[2022-10-20 00:32:42] PRINT Train Epoch: 5 [40960/60000 (68%)]	Loss: 113.278893
[2022-10-20 00:32:43] PRINT Train Epoch: 5 [42240/60000 (70%)]	Loss: 116.906876
[2022-10-20 00:32:43] PRINT Train Epoch: 5 [43520/60000 (72%)]	Loss: 113.734062
[2022-10-20 00:32:43] PRINT Train Epoch: 5 [44800/60000 (75%)]	Loss: 110.879555
[2022-10-20 00:32:44] PRINT Train Epoch: 5 [46080/60000 (77%)]	Loss: 111.065346
[2022-10-20 00:32:44] PRINT Train Epoch: 5 [47360/60000 (79%)]	Loss: 112.920494
[2022-10-20 00:32:44] PRINT Train Epoch: 5 [48640/60000 (81%)]	Loss: 114.718185
[2022-10-20 00:32:44] PRINT Train Epoch: 5 [49920/60000 (83%)]	Loss: 117.101456
[2022-10-20 00:32:45] PRINT Train Epoch: 5 [51200/60000 (85%)]	Loss: 117.369537
[2022-10-20 00:32:45] PRINT Train Epoch: 5 [52480/60000 (87%)]	Loss: 114.327156
[2022-10-20 00:32:45] PRINT Train Epoch: 5 [53760/60000 (90%)]	Loss: 115.555252
[2022-10-20 00:32:46] PRINT Train Epoch: 5 [55040/60000 (92%)]	Loss: 112.012970
[2022-10-20 00:32:46] PRINT Train Epoch: 5 [56320/60000 (94%)]	Loss: 110.918243
[2022-10-20 00:32:46] PRINT Train Epoch: 5 [57600/60000 (96%)]	Loss: 117.624763
[2022-10-20 00:32:47] PRINT Train Epoch: 5 [58880/60000 (98%)]	Loss: 109.323990
[2022-10-20 00:32:47] PRINT ====> Epoch: 5 Average loss: 113.9553
[2022-10-20 00:32:50] PRINT ====> Test set loss: 112.0049
[2022-10-20 00:32:50] PRINT Train Epoch: 6 [0/60000 (0%)]	Loss: 112.639282
[2022-10-20 00:32:50] PRINT Train Epoch: 6 [1280/60000 (2%)]	Loss: 115.979340
[2022-10-20 00:32:50] PRINT Train Epoch: 6 [2560/60000 (4%)]	Loss: 110.450745
[2022-10-20 00:32:51] PRINT Train Epoch: 6 [3840/60000 (6%)]	Loss: 113.780151
[2022-10-20 00:32:51] PRINT Train Epoch: 6 [5120/60000 (9%)]	Loss: 113.152512
[2022-10-20 00:32:51] PRINT Train Epoch: 6 [6400/60000 (11%)]	Loss: 112.334106
[2022-10-20 00:32:52] PRINT Train Epoch: 6 [7680/60000 (13%)]	Loss: 112.628548
[2022-10-20 00:32:52] PRINT Train Epoch: 6 [8960/60000 (15%)]	Loss: 113.662285
[2022-10-20 00:32:52] PRINT Train Epoch: 6 [10240/60000 (17%)]	Loss: 113.817734
[2022-10-20 00:32:53] PRINT Train Epoch: 6 [11520/60000 (19%)]	Loss: 113.006195
[2022-10-20 00:32:53] PRINT Train Epoch: 6 [12800/60000 (21%)]	Loss: 112.155838
[2022-10-20 00:32:53] PRINT Train Epoch: 6 [14080/60000 (23%)]	Loss: 108.991226
[2022-10-20 00:32:53] PRINT Train Epoch: 6 [15360/60000 (26%)]	Loss: 109.362717
[2022-10-20 00:32:54] PRINT Train Epoch: 6 [16640/60000 (28%)]	Loss: 113.609261
[2022-10-20 00:32:54] PRINT Train Epoch: 6 [17920/60000 (30%)]	Loss: 111.898262
[2022-10-20 00:32:54] PRINT Train Epoch: 6 [19200/60000 (32%)]	Loss: 112.895607
[2022-10-20 00:32:55] PRINT Train Epoch: 6 [20480/60000 (34%)]	Loss: 115.036240
[2022-10-20 00:32:55] PRINT Train Epoch: 6 [21760/60000 (36%)]	Loss: 113.593918
[2022-10-20 00:32:55] PRINT Train Epoch: 6 [23040/60000 (38%)]	Loss: 113.752670
[2022-10-20 00:32:56] PRINT Train Epoch: 6 [24320/60000 (41%)]	Loss: 110.545746
[2022-10-20 00:32:56] PRINT Train Epoch: 6 [25600/60000 (43%)]	Loss: 111.593384
[2022-10-20 00:32:56] PRINT Train Epoch: 6 [26880/60000 (45%)]	Loss: 110.141609
[2022-10-20 00:32:57] PRINT Train Epoch: 6 [28160/60000 (47%)]	Loss: 112.128799
[2022-10-20 00:32:57] PRINT Train Epoch: 6 [29440/60000 (49%)]	Loss: 110.608276
[2022-10-20 00:32:57] PRINT Train Epoch: 6 [30720/60000 (51%)]	Loss: 110.061752
[2022-10-20 00:32:58] PRINT Train Epoch: 6 [32000/60000 (53%)]	Loss: 113.803680
[2022-10-20 00:32:58] PRINT Train Epoch: 6 [33280/60000 (55%)]	Loss: 114.608170
[2022-10-20 00:32:58] PRINT Train Epoch: 6 [34560/60000 (58%)]	Loss: 111.098450
[2022-10-20 00:32:58] PRINT Train Epoch: 6 [35840/60000 (60%)]	Loss: 111.907967
[2022-10-20 00:32:59] PRINT Train Epoch: 6 [37120/60000 (62%)]	Loss: 109.755554
[2022-10-20 00:32:59] PRINT Train Epoch: 6 [38400/60000 (64%)]	Loss: 111.727013
[2022-10-20 00:32:59] PRINT Train Epoch: 6 [39680/60000 (66%)]	Loss: 110.180832
[2022-10-20 00:33:00] PRINT Train Epoch: 6 [40960/60000 (68%)]	Loss: 113.994423
[2022-10-20 00:33:00] PRINT Train Epoch: 6 [42240/60000 (70%)]	Loss: 110.630203
[2022-10-20 00:33:00] PRINT Train Epoch: 6 [43520/60000 (72%)]	Loss: 108.663040
[2022-10-20 00:33:01] PRINT Train Epoch: 6 [44800/60000 (75%)]	Loss: 108.133408
[2022-10-20 00:33:01] PRINT Train Epoch: 6 [46080/60000 (77%)]	Loss: 109.866074
[2022-10-20 00:33:01] PRINT Train Epoch: 6 [47360/60000 (79%)]	Loss: 108.531799
[2022-10-20 00:33:02] PRINT Train Epoch: 6 [48640/60000 (81%)]	Loss: 110.590080
[2022-10-20 00:33:02] PRINT Train Epoch: 6 [49920/60000 (83%)]	Loss: 111.517807
[2022-10-20 00:33:02] PRINT Train Epoch: 6 [51200/60000 (85%)]	Loss: 112.439072
[2022-10-20 00:33:02] PRINT Train Epoch: 6 [52480/60000 (87%)]	Loss: 110.748100
[2022-10-20 00:33:03] PRINT Train Epoch: 6 [53760/60000 (90%)]	Loss: 111.756317
[2022-10-20 00:33:03] PRINT Train Epoch: 6 [55040/60000 (92%)]	Loss: 112.001251
[2022-10-20 00:33:03] PRINT Train Epoch: 6 [56320/60000 (94%)]	Loss: 109.483513
[2022-10-20 00:33:04] PRINT Train Epoch: 6 [57600/60000 (96%)]	Loss: 110.299728
[2022-10-20 00:33:04] PRINT Train Epoch: 6 [58880/60000 (98%)]	Loss: 108.318726
[2022-10-20 00:33:04] PRINT ====> Epoch: 6 Average loss: 111.9207
[2022-10-20 00:33:07] PRINT ====> Test set loss: 110.2350
[2022-10-20 00:33:07] PRINT Train Epoch: 7 [0/60000 (0%)]	Loss: 110.507576
[2022-10-20 00:33:07] PRINT Train Epoch: 7 [1280/60000 (2%)]	Loss: 109.126312
[2022-10-20 00:33:08] PRINT Train Epoch: 7 [2560/60000 (4%)]	Loss: 110.714920
[2022-10-20 00:33:08] PRINT Train Epoch: 7 [3840/60000 (6%)]	Loss: 105.461014
[2022-10-20 00:33:08] PRINT Train Epoch: 7 [5120/60000 (9%)]	Loss: 113.303566
[2022-10-20 00:33:09] PRINT Train Epoch: 7 [6400/60000 (11%)]	Loss: 111.622787
[2022-10-20 00:33:09] PRINT Train Epoch: 7 [7680/60000 (13%)]	Loss: 113.381744
[2022-10-20 00:33:09] PRINT Train Epoch: 7 [8960/60000 (15%)]	Loss: 107.588310
[2022-10-20 00:33:10] PRINT Train Epoch: 7 [10240/60000 (17%)]	Loss: 110.033134
[2022-10-20 00:33:10] PRINT Train Epoch: 7 [11520/60000 (19%)]	Loss: 111.881012
[2022-10-20 00:33:10] PRINT Train Epoch: 7 [12800/60000 (21%)]	Loss: 109.732719
[2022-10-20 00:33:11] PRINT Train Epoch: 7 [14080/60000 (23%)]	Loss: 112.126556
[2022-10-20 00:33:11] PRINT Train Epoch: 7 [15360/60000 (26%)]	Loss: 112.250526
[2022-10-20 00:33:11] PRINT Train Epoch: 7 [16640/60000 (28%)]	Loss: 106.259903
[2022-10-20 00:33:11] PRINT Train Epoch: 7 [17920/60000 (30%)]	Loss: 110.224113
[2022-10-20 00:33:12] PRINT Train Epoch: 7 [19200/60000 (32%)]	Loss: 112.141403
[2022-10-20 00:33:12] PRINT Train Epoch: 7 [20480/60000 (34%)]	Loss: 110.651337
[2022-10-20 00:33:12] PRINT Train Epoch: 7 [21760/60000 (36%)]	Loss: 110.809036
[2022-10-20 00:33:13] PRINT Train Epoch: 7 [23040/60000 (38%)]	Loss: 108.375221
[2022-10-20 00:33:13] PRINT Train Epoch: 7 [24320/60000 (41%)]	Loss: 107.819443
[2022-10-20 00:33:13] PRINT Train Epoch: 7 [25600/60000 (43%)]	Loss: 114.667252
[2022-10-20 00:33:14] PRINT Train Epoch: 7 [26880/60000 (45%)]	Loss: 112.520386
[2022-10-20 00:33:14] PRINT Train Epoch: 7 [28160/60000 (47%)]	Loss: 113.757111
[2022-10-20 00:33:14] PRINT Train Epoch: 7 [29440/60000 (49%)]	Loss: 109.396484
[2022-10-20 00:33:15] PRINT Train Epoch: 7 [30720/60000 (51%)]	Loss: 110.446884
[2022-10-20 00:33:15] PRINT Train Epoch: 7 [32000/60000 (53%)]	Loss: 114.183838
[2022-10-20 00:33:15] PRINT Train Epoch: 7 [33280/60000 (55%)]	Loss: 108.660080
[2022-10-20 00:33:16] PRINT Train Epoch: 7 [34560/60000 (58%)]	Loss: 110.686890
[2022-10-20 00:33:16] PRINT Train Epoch: 7 [35840/60000 (60%)]	Loss: 108.595360
[2022-10-20 00:33:16] PRINT Train Epoch: 7 [37120/60000 (62%)]	Loss: 111.950592
[2022-10-20 00:33:16] PRINT Train Epoch: 7 [38400/60000 (64%)]	Loss: 110.103775
[2022-10-20 00:33:17] PRINT Train Epoch: 7 [39680/60000 (66%)]	Loss: 111.329544
[2022-10-20 00:33:17] PRINT Train Epoch: 7 [40960/60000 (68%)]	Loss: 109.925079
[2022-10-20 00:33:17] PRINT Train Epoch: 7 [42240/60000 (70%)]	Loss: 111.863220
[2022-10-20 00:33:18] PRINT Train Epoch: 7 [43520/60000 (72%)]	Loss: 110.387924
[2022-10-20 00:33:18] PRINT Train Epoch: 7 [44800/60000 (75%)]	Loss: 109.756973
[2022-10-20 00:33:18] PRINT Train Epoch: 7 [46080/60000 (77%)]	Loss: 112.648186
[2022-10-20 00:33:19] PRINT Train Epoch: 7 [47360/60000 (79%)]	Loss: 111.837883
[2022-10-20 00:33:19] PRINT Train Epoch: 7 [48640/60000 (81%)]	Loss: 105.529823
[2022-10-20 00:33:19] PRINT Train Epoch: 7 [49920/60000 (83%)]	Loss: 110.126755
[2022-10-20 00:33:20] PRINT Train Epoch: 7 [51200/60000 (85%)]	Loss: 109.615646
[2022-10-20 00:33:20] PRINT Train Epoch: 7 [52480/60000 (87%)]	Loss: 109.394211
[2022-10-20 00:33:20] PRINT Train Epoch: 7 [53760/60000 (90%)]	Loss: 115.926018
[2022-10-20 00:33:20] PRINT Train Epoch: 7 [55040/60000 (92%)]	Loss: 111.190125
[2022-10-20 00:33:21] PRINT Train Epoch: 7 [56320/60000 (94%)]	Loss: 110.944550
[2022-10-20 00:33:21] PRINT Train Epoch: 7 [57600/60000 (96%)]	Loss: 109.659828
[2022-10-20 00:33:21] PRINT Train Epoch: 7 [58880/60000 (98%)]	Loss: 110.757858
[2022-10-20 00:33:22] PRINT ====> Epoch: 7 Average loss: 110.4260
[2022-10-20 00:33:24] PRINT ====> Test set loss: 109.0520
[2022-10-20 00:33:24] PRINT Train Epoch: 8 [0/60000 (0%)]	Loss: 110.204315
[2022-10-20 00:33:25] PRINT Train Epoch: 8 [1280/60000 (2%)]	Loss: 109.499397
[2022-10-20 00:33:25] PRINT Train Epoch: 8 [2560/60000 (4%)]	Loss: 110.235016
[2022-10-20 00:33:25] PRINT Train Epoch: 8 [3840/60000 (6%)]	Loss: 109.582985
[2022-10-20 00:33:26] PRINT Train Epoch: 8 [5120/60000 (9%)]	Loss: 108.980568
[2022-10-20 00:33:26] PRINT Train Epoch: 8 [6400/60000 (11%)]	Loss: 110.127678
[2022-10-20 00:33:26] PRINT Train Epoch: 8 [7680/60000 (13%)]	Loss: 108.802460
[2022-10-20 00:33:27] PRINT Train Epoch: 8 [8960/60000 (15%)]	Loss: 113.505058
[2022-10-20 00:33:27] PRINT Train Epoch: 8 [10240/60000 (17%)]	Loss: 109.001343
[2022-10-20 00:33:27] PRINT Train Epoch: 8 [11520/60000 (19%)]	Loss: 111.252480
[2022-10-20 00:33:28] PRINT Train Epoch: 8 [12800/60000 (21%)]	Loss: 110.815125
[2022-10-20 00:33:28] PRINT Train Epoch: 8 [14080/60000 (23%)]	Loss: 109.779861
[2022-10-20 00:33:28] PRINT Train Epoch: 8 [15360/60000 (26%)]	Loss: 108.696266
[2022-10-20 00:33:29] PRINT Train Epoch: 8 [16640/60000 (28%)]	Loss: 109.183403
[2022-10-20 00:33:29] PRINT Train Epoch: 8 [17920/60000 (30%)]	Loss: 112.781235
[2022-10-20 00:33:29] PRINT Train Epoch: 8 [19200/60000 (32%)]	Loss: 110.085045
[2022-10-20 00:33:30] PRINT Train Epoch: 8 [20480/60000 (34%)]	Loss: 106.466629
[2022-10-20 00:33:30] PRINT Train Epoch: 8 [21760/60000 (36%)]	Loss: 109.017639
[2022-10-20 00:33:30] PRINT Train Epoch: 8 [23040/60000 (38%)]	Loss: 110.898300
[2022-10-20 00:33:31] PRINT Train Epoch: 8 [24320/60000 (41%)]	Loss: 108.176796
[2022-10-20 00:33:31] PRINT Train Epoch: 8 [25600/60000 (43%)]	Loss: 111.398666
[2022-10-20 00:33:31] PRINT Train Epoch: 8 [26880/60000 (45%)]	Loss: 112.008430
[2022-10-20 00:33:31] PRINT Train Epoch: 8 [28160/60000 (47%)]	Loss: 111.296303
[2022-10-20 00:33:32] PRINT Train Epoch: 8 [29440/60000 (49%)]	Loss: 111.160309
[2022-10-20 00:33:32] PRINT Train Epoch: 8 [30720/60000 (51%)]	Loss: 109.490463
[2022-10-20 00:33:32] PRINT Train Epoch: 8 [32000/60000 (53%)]	Loss: 107.809433
[2022-10-20 00:33:33] PRINT Train Epoch: 8 [33280/60000 (55%)]	Loss: 112.178299
[2022-10-20 00:33:33] PRINT Train Epoch: 8 [34560/60000 (58%)]	Loss: 109.150085
[2022-10-20 00:33:33] PRINT Train Epoch: 8 [35840/60000 (60%)]	Loss: 108.108223
[2022-10-20 00:33:34] PRINT Train Epoch: 8 [37120/60000 (62%)]	Loss: 109.715073
[2022-10-20 00:33:34] PRINT Train Epoch: 8 [38400/60000 (64%)]	Loss: 106.676163
[2022-10-20 00:33:34] PRINT Train Epoch: 8 [39680/60000 (66%)]	Loss: 109.664093
[2022-10-20 00:33:34] PRINT Train Epoch: 8 [40960/60000 (68%)]	Loss: 106.182541
[2022-10-20 00:33:35] PRINT Train Epoch: 8 [42240/60000 (70%)]	Loss: 108.704788
[2022-10-20 00:33:35] PRINT Train Epoch: 8 [43520/60000 (72%)]	Loss: 108.772537
[2022-10-20 00:33:35] PRINT Train Epoch: 8 [44800/60000 (75%)]	Loss: 109.910339
[2022-10-20 00:33:36] PRINT Train Epoch: 8 [46080/60000 (77%)]	Loss: 107.058258
[2022-10-20 00:33:36] PRINT Train Epoch: 8 [47360/60000 (79%)]	Loss: 108.643539
[2022-10-20 00:33:36] PRINT Train Epoch: 8 [48640/60000 (81%)]	Loss: 108.910431
[2022-10-20 00:33:37] PRINT Train Epoch: 8 [49920/60000 (83%)]	Loss: 102.792992
[2022-10-20 00:33:37] PRINT Train Epoch: 8 [51200/60000 (85%)]	Loss: 113.862610
[2022-10-20 00:33:37] PRINT Train Epoch: 8 [52480/60000 (87%)]	Loss: 112.644081
[2022-10-20 00:33:38] PRINT Train Epoch: 8 [53760/60000 (90%)]	Loss: 109.274796
[2022-10-20 00:33:38] PRINT Train Epoch: 8 [55040/60000 (92%)]	Loss: 106.691887
[2022-10-20 00:33:38] PRINT Train Epoch: 8 [56320/60000 (94%)]	Loss: 108.616333
[2022-10-20 00:33:38] PRINT Train Epoch: 8 [57600/60000 (96%)]	Loss: 108.528831
[2022-10-20 00:33:39] PRINT Train Epoch: 8 [58880/60000 (98%)]	Loss: 107.278572
[2022-10-20 00:33:39] PRINT ====> Epoch: 8 Average loss: 109.2746
[2022-10-20 00:33:42] PRINT ====> Test set loss: 108.1301
[2022-10-20 00:33:42] PRINT Train Epoch: 9 [0/60000 (0%)]	Loss: 104.489243
[2022-10-20 00:33:42] PRINT Train Epoch: 9 [1280/60000 (2%)]	Loss: 104.025490
[2022-10-20 00:33:42] PRINT Train Epoch: 9 [2560/60000 (4%)]	Loss: 109.145508
[2022-10-20 00:33:43] PRINT Train Epoch: 9 [3840/60000 (6%)]	Loss: 108.562668
[2022-10-20 00:33:43] PRINT Train Epoch: 9 [5120/60000 (9%)]	Loss: 111.695480
[2022-10-20 00:33:43] PRINT Train Epoch: 9 [6400/60000 (11%)]	Loss: 105.967041
[2022-10-20 00:33:44] PRINT Train Epoch: 9 [7680/60000 (13%)]	Loss: 109.345367
[2022-10-20 00:33:44] PRINT Train Epoch: 9 [8960/60000 (15%)]	Loss: 108.779533
[2022-10-20 00:33:44] PRINT Train Epoch: 9 [10240/60000 (17%)]	Loss: 109.656471
[2022-10-20 00:33:45] PRINT Train Epoch: 9 [11520/60000 (19%)]	Loss: 103.159302
[2022-10-20 00:33:45] PRINT Train Epoch: 9 [12800/60000 (21%)]	Loss: 106.665695
[2022-10-20 00:33:45] PRINT Train Epoch: 9 [14080/60000 (23%)]	Loss: 108.342018
[2022-10-20 00:33:46] PRINT Train Epoch: 9 [15360/60000 (26%)]	Loss: 106.190010
[2022-10-20 00:33:46] PRINT Train Epoch: 9 [16640/60000 (28%)]	Loss: 107.998993
[2022-10-20 00:33:46] PRINT Train Epoch: 9 [17920/60000 (30%)]	Loss: 108.919800
[2022-10-20 00:33:47] PRINT Train Epoch: 9 [19200/60000 (32%)]	Loss: 109.564644
[2022-10-20 00:33:47] PRINT Train Epoch: 9 [20480/60000 (34%)]	Loss: 112.565933
[2022-10-20 00:33:47] PRINT Train Epoch: 9 [21760/60000 (36%)]	Loss: 110.840500
[2022-10-20 00:33:48] PRINT Train Epoch: 9 [23040/60000 (38%)]	Loss: 109.774963
[2022-10-20 00:33:48] PRINT Train Epoch: 9 [24320/60000 (41%)]	Loss: 108.746262
[2022-10-20 00:33:48] PRINT Train Epoch: 9 [25600/60000 (43%)]	Loss: 108.610306
[2022-10-20 00:33:49] PRINT Train Epoch: 9 [26880/60000 (45%)]	Loss: 111.171371
[2022-10-20 00:33:49] PRINT Train Epoch: 9 [28160/60000 (47%)]	Loss: 109.149094
[2022-10-20 00:33:49] PRINT Train Epoch: 9 [29440/60000 (49%)]	Loss: 109.691910
[2022-10-20 00:33:50] PRINT Train Epoch: 9 [30720/60000 (51%)]	Loss: 108.375320
[2022-10-20 00:33:50] PRINT Train Epoch: 9 [32000/60000 (53%)]	Loss: 106.987053
[2022-10-20 00:33:50] PRINT Train Epoch: 9 [33280/60000 (55%)]	Loss: 104.560135
[2022-10-20 00:33:50] PRINT Train Epoch: 9 [34560/60000 (58%)]	Loss: 104.905334
[2022-10-20 00:33:51] PRINT Train Epoch: 9 [35840/60000 (60%)]	Loss: 111.271164
[2022-10-20 00:33:51] PRINT Train Epoch: 9 [37120/60000 (62%)]	Loss: 109.823570
[2022-10-20 00:33:51] PRINT Train Epoch: 9 [38400/60000 (64%)]	Loss: 109.246994
[2022-10-20 00:33:52] PRINT Train Epoch: 9 [39680/60000 (66%)]	Loss: 112.428085
[2022-10-20 00:33:52] PRINT Train Epoch: 9 [40960/60000 (68%)]	Loss: 105.274803
[2022-10-20 00:33:52] PRINT Train Epoch: 9 [42240/60000 (70%)]	Loss: 107.651825
[2022-10-20 00:33:53] PRINT Train Epoch: 9 [43520/60000 (72%)]	Loss: 104.842094
[2022-10-20 00:33:53] PRINT Train Epoch: 9 [44800/60000 (75%)]	Loss: 107.607475
[2022-10-20 00:33:53] PRINT Train Epoch: 9 [46080/60000 (77%)]	Loss: 106.818466
[2022-10-20 00:33:54] PRINT Train Epoch: 9 [47360/60000 (79%)]	Loss: 108.403473
[2022-10-20 00:33:54] PRINT Train Epoch: 9 [48640/60000 (81%)]	Loss: 106.505371
[2022-10-20 00:33:54] PRINT Train Epoch: 9 [49920/60000 (83%)]	Loss: 107.681564
[2022-10-20 00:33:55] PRINT Train Epoch: 9 [51200/60000 (85%)]	Loss: 109.903168
[2022-10-20 00:33:55] PRINT Train Epoch: 9 [52480/60000 (87%)]	Loss: 104.559204
[2022-10-20 00:33:55] PRINT Train Epoch: 9 [53760/60000 (90%)]	Loss: 108.035889
[2022-10-20 00:33:56] PRINT Train Epoch: 9 [55040/60000 (92%)]	Loss: 106.706825
[2022-10-20 00:33:56] PRINT Train Epoch: 9 [56320/60000 (94%)]	Loss: 104.522362
[2022-10-20 00:33:56] PRINT Train Epoch: 9 [57600/60000 (96%)]	Loss: 106.822281
[2022-10-20 00:33:57] PRINT Train Epoch: 9 [58880/60000 (98%)]	Loss: 111.546371
[2022-10-20 00:33:57] PRINT ====> Epoch: 9 Average loss: 108.4044
[2022-10-20 00:33:59] PRINT ====> Test set loss: 107.2710
[2022-10-20 00:34:00] PRINT Train Epoch: 10 [0/60000 (0%)]	Loss: 106.386963
[2022-10-20 00:34:00] PRINT Train Epoch: 10 [1280/60000 (2%)]	Loss: 104.356155
[2022-10-20 00:34:00] PRINT Train Epoch: 10 [2560/60000 (4%)]	Loss: 105.961952
[2022-10-20 00:34:01] PRINT Train Epoch: 10 [3840/60000 (6%)]	Loss: 108.365311
[2022-10-20 00:34:01] PRINT Train Epoch: 10 [5120/60000 (9%)]	Loss: 105.805428
[2022-10-20 00:34:01] PRINT Train Epoch: 10 [6400/60000 (11%)]	Loss: 108.425102
[2022-10-20 00:34:01] PRINT Train Epoch: 10 [7680/60000 (13%)]	Loss: 108.446976
[2022-10-20 00:34:02] PRINT Train Epoch: 10 [8960/60000 (15%)]	Loss: 103.362991
[2022-10-20 00:34:02] PRINT Train Epoch: 10 [10240/60000 (17%)]	Loss: 105.357941
[2022-10-20 00:34:02] PRINT Train Epoch: 10 [11520/60000 (19%)]	Loss: 105.444672
[2022-10-20 00:34:03] PRINT Train Epoch: 10 [12800/60000 (21%)]	Loss: 109.409782
[2022-10-20 00:34:03] PRINT Train Epoch: 10 [14080/60000 (23%)]	Loss: 105.797821
[2022-10-20 00:34:03] PRINT Train Epoch: 10 [15360/60000 (26%)]	Loss: 110.272446
[2022-10-20 00:34:04] PRINT Train Epoch: 10 [16640/60000 (28%)]	Loss: 108.862320
[2022-10-20 00:34:04] PRINT Train Epoch: 10 [17920/60000 (30%)]	Loss: 107.540466
[2022-10-20 00:34:04] PRINT Train Epoch: 10 [19200/60000 (32%)]	Loss: 108.574753
[2022-10-20 00:34:05] PRINT Train Epoch: 10 [20480/60000 (34%)]	Loss: 103.437187
[2022-10-20 00:34:05] PRINT Train Epoch: 10 [21760/60000 (36%)]	Loss: 108.860970
[2022-10-20 00:34:05] PRINT Train Epoch: 10 [23040/60000 (38%)]	Loss: 104.866379
[2022-10-20 00:34:06] PRINT Train Epoch: 10 [24320/60000 (41%)]	Loss: 109.525620
[2022-10-20 00:34:06] PRINT Train Epoch: 10 [25600/60000 (43%)]	Loss: 111.664841
[2022-10-20 00:34:06] PRINT Train Epoch: 10 [26880/60000 (45%)]	Loss: 109.165344
[2022-10-20 00:34:06] PRINT Train Epoch: 10 [28160/60000 (47%)]	Loss: 111.359528
[2022-10-20 00:34:07] PRINT Train Epoch: 10 [29440/60000 (49%)]	Loss: 108.351517
[2022-10-20 00:34:07] PRINT Train Epoch: 10 [30720/60000 (51%)]	Loss: 108.363037
[2022-10-20 00:34:07] PRINT Train Epoch: 10 [32000/60000 (53%)]	Loss: 107.274895
[2022-10-20 00:34:08] PRINT Train Epoch: 10 [33280/60000 (55%)]	Loss: 105.961342
[2022-10-20 00:34:08] PRINT Train Epoch: 10 [34560/60000 (58%)]	Loss: 112.216362
[2022-10-20 00:34:08] PRINT Train Epoch: 10 [35840/60000 (60%)]	Loss: 109.121346
[2022-10-20 00:34:09] PRINT Train Epoch: 10 [37120/60000 (62%)]	Loss: 106.912979
[2022-10-20 00:34:09] PRINT Train Epoch: 10 [38400/60000 (64%)]	Loss: 106.641022
[2022-10-20 00:34:09] PRINT Train Epoch: 10 [39680/60000 (66%)]	Loss: 106.046448
[2022-10-20 00:34:10] PRINT Train Epoch: 10 [40960/60000 (68%)]	Loss: 107.515915
[2022-10-20 00:34:10] PRINT Train Epoch: 10 [42240/60000 (70%)]	Loss: 108.495895
[2022-10-20 00:34:10] PRINT Train Epoch: 10 [43520/60000 (72%)]	Loss: 107.466400
[2022-10-20 00:34:10] PRINT Train Epoch: 10 [44800/60000 (75%)]	Loss: 105.975204
[2022-10-20 00:34:11] PRINT Train Epoch: 10 [46080/60000 (77%)]	Loss: 106.324280
[2022-10-20 00:34:11] PRINT Train Epoch: 10 [47360/60000 (79%)]	Loss: 104.809235
[2022-10-20 00:34:11] PRINT Train Epoch: 10 [48640/60000 (81%)]	Loss: 108.244766
[2022-10-20 00:34:12] PRINT Train Epoch: 10 [49920/60000 (83%)]	Loss: 109.499443
[2022-10-20 00:34:12] PRINT Train Epoch: 10 [51200/60000 (85%)]	Loss: 105.216309
[2022-10-20 00:34:12] PRINT Train Epoch: 10 [52480/60000 (87%)]	Loss: 103.118713
[2022-10-20 00:34:13] PRINT Train Epoch: 10 [53760/60000 (90%)]	Loss: 106.773270
[2022-10-20 00:34:13] PRINT Train Epoch: 10 [55040/60000 (92%)]	Loss: 105.636261
[2022-10-20 00:34:13] PRINT Train Epoch: 10 [56320/60000 (94%)]	Loss: 106.862144
[2022-10-20 00:34:14] PRINT Train Epoch: 10 [57600/60000 (96%)]	Loss: 102.024498
[2022-10-20 00:34:14] PRINT Train Epoch: 10 [58880/60000 (98%)]	Loss: 105.273872
[2022-10-20 00:34:14] PRINT ====> Epoch: 10 Average loss: 107.6781
[2022-10-20 00:34:17] PRINT ====> Test set loss: 106.7865
