[2022-10-20 01:51:16] PRINT {'features1': 400, 'features2': 40, 'lr': 0.004762491169903974, 'epsilon': 1e-06}
[2022-10-20 01:51:16] PRINT Using cuda device
[2022-10-20 01:51:17] PRINT Train Epoch: 1 [0/60000 (0%)]	Loss: 549.053955
[2022-10-20 01:51:17] PRINT Train Epoch: 1 [1280/60000 (2%)]	Loss: 220.117569
[2022-10-20 01:51:17] PRINT Train Epoch: 1 [2560/60000 (4%)]	Loss: 212.692642
[2022-10-20 01:51:18] PRINT Train Epoch: 1 [3840/60000 (6%)]	Loss: 197.114563
[2022-10-20 01:51:18] PRINT Train Epoch: 1 [5120/60000 (9%)]	Loss: 192.784393
[2022-10-20 01:51:18] PRINT Train Epoch: 1 [6400/60000 (11%)]	Loss: 178.167007
[2022-10-20 01:51:18] PRINT Train Epoch: 1 [7680/60000 (13%)]	Loss: 167.746490
[2022-10-20 01:51:18] PRINT Train Epoch: 1 [8960/60000 (15%)]	Loss: 163.728256
[2022-10-20 01:51:18] PRINT Train Epoch: 1 [10240/60000 (17%)]	Loss: 165.347260
[2022-10-20 01:51:18] PRINT Train Epoch: 1 [11520/60000 (19%)]	Loss: 161.826614
[2022-10-20 01:51:18] PRINT Train Epoch: 1 [12800/60000 (21%)]	Loss: 160.255051
[2022-10-20 01:51:18] PRINT Train Epoch: 1 [14080/60000 (23%)]	Loss: 147.921127
[2022-10-20 01:51:18] PRINT Train Epoch: 1 [15360/60000 (26%)]	Loss: 153.251740
[2022-10-20 01:51:18] PRINT Train Epoch: 1 [16640/60000 (28%)]	Loss: 151.641144
[2022-10-20 01:51:19] PRINT Train Epoch: 1 [17920/60000 (30%)]	Loss: 143.640717
[2022-10-20 01:51:19] PRINT Train Epoch: 1 [19200/60000 (32%)]	Loss: 144.370026
[2022-10-20 01:51:19] PRINT Train Epoch: 1 [20480/60000 (34%)]	Loss: 146.202606
[2022-10-20 01:51:19] PRINT Train Epoch: 1 [21760/60000 (36%)]	Loss: 147.968948
[2022-10-20 01:51:19] PRINT Train Epoch: 1 [23040/60000 (38%)]	Loss: 140.763000
[2022-10-20 01:51:19] PRINT Train Epoch: 1 [24320/60000 (41%)]	Loss: 138.946747
[2022-10-20 01:51:19] PRINT Train Epoch: 1 [25600/60000 (43%)]	Loss: 131.830750
[2022-10-20 01:51:19] PRINT Train Epoch: 1 [26880/60000 (45%)]	Loss: 139.774460
[2022-10-20 01:51:19] PRINT Train Epoch: 1 [28160/60000 (47%)]	Loss: 138.635559
[2022-10-20 01:51:19] PRINT Train Epoch: 1 [29440/60000 (49%)]	Loss: 133.567108
[2022-10-20 01:51:19] PRINT Train Epoch: 1 [30720/60000 (51%)]	Loss: 132.906357
[2022-10-20 01:51:20] PRINT Train Epoch: 1 [32000/60000 (53%)]	Loss: 128.338623
[2022-10-20 01:51:20] PRINT Train Epoch: 1 [33280/60000 (55%)]	Loss: 130.905563
[2022-10-20 01:51:20] PRINT Train Epoch: 1 [34560/60000 (58%)]	Loss: 128.159912
[2022-10-20 01:51:20] PRINT Train Epoch: 1 [35840/60000 (60%)]	Loss: 128.808746
[2022-10-20 01:51:20] PRINT Train Epoch: 1 [37120/60000 (62%)]	Loss: 124.162300
[2022-10-20 01:51:20] PRINT Train Epoch: 1 [38400/60000 (64%)]	Loss: 133.842850
[2022-10-20 01:51:20] PRINT Train Epoch: 1 [39680/60000 (66%)]	Loss: 123.509476
[2022-10-20 01:51:20] PRINT Train Epoch: 1 [40960/60000 (68%)]	Loss: 124.648560
[2022-10-20 01:51:20] PRINT Train Epoch: 1 [42240/60000 (70%)]	Loss: 123.550140
[2022-10-20 01:51:20] PRINT Train Epoch: 1 [43520/60000 (72%)]	Loss: 117.756424
[2022-10-20 01:51:20] PRINT Train Epoch: 1 [44800/60000 (75%)]	Loss: 121.665924
[2022-10-20 01:51:21] PRINT Train Epoch: 1 [46080/60000 (77%)]	Loss: 121.074699
[2022-10-20 01:51:21] PRINT Train Epoch: 1 [47360/60000 (79%)]	Loss: 119.277191
[2022-10-20 01:51:21] PRINT Train Epoch: 1 [48640/60000 (81%)]	Loss: 124.505997
[2022-10-20 01:51:21] PRINT Train Epoch: 1 [49920/60000 (83%)]	Loss: 118.899582
[2022-10-20 01:51:21] PRINT Train Epoch: 1 [51200/60000 (85%)]	Loss: 119.859009
[2022-10-20 01:51:21] PRINT Train Epoch: 1 [52480/60000 (87%)]	Loss: 117.279236
[2022-10-20 01:51:21] PRINT Train Epoch: 1 [53760/60000 (90%)]	Loss: 124.220673
[2022-10-20 01:51:21] PRINT Train Epoch: 1 [55040/60000 (92%)]	Loss: 118.848686
[2022-10-20 01:51:21] PRINT Train Epoch: 1 [56320/60000 (94%)]	Loss: 119.923157
[2022-10-20 01:51:21] PRINT Train Epoch: 1 [57600/60000 (96%)]	Loss: 122.336555
[2022-10-20 01:51:21] PRINT Train Epoch: 1 [58880/60000 (98%)]	Loss: 118.804939
[2022-10-20 01:51:22] PRINT ====> Epoch: 1 Average loss: 144.0919
[2022-10-20 01:51:22] PRINT ====> Test set loss: 118.2923
[2022-10-20 01:51:22] PRINT Train Epoch: 2 [0/60000 (0%)]	Loss: 120.543732
[2022-10-20 01:51:22] PRINT Train Epoch: 2 [1280/60000 (2%)]	Loss: 119.339813
[2022-10-20 01:51:23] PRINT Train Epoch: 2 [2560/60000 (4%)]	Loss: 117.757401
[2022-10-20 01:51:23] PRINT Train Epoch: 2 [3840/60000 (6%)]	Loss: 120.253540
[2022-10-20 01:51:23] PRINT Train Epoch: 2 [5120/60000 (9%)]	Loss: 115.004349
[2022-10-20 01:51:23] PRINT Train Epoch: 2 [6400/60000 (11%)]	Loss: 116.650146
[2022-10-20 01:51:23] PRINT Train Epoch: 2 [7680/60000 (13%)]	Loss: 115.191879
[2022-10-20 01:51:23] PRINT Train Epoch: 2 [8960/60000 (15%)]	Loss: 113.913475
[2022-10-20 01:51:23] PRINT Train Epoch: 2 [10240/60000 (17%)]	Loss: 118.866516
[2022-10-20 01:51:23] PRINT Train Epoch: 2 [11520/60000 (19%)]	Loss: 117.947174
[2022-10-20 01:51:23] PRINT Train Epoch: 2 [12800/60000 (21%)]	Loss: 118.600586
[2022-10-20 01:51:23] PRINT Train Epoch: 2 [14080/60000 (23%)]	Loss: 116.430397
[2022-10-20 01:51:23] PRINT Train Epoch: 2 [15360/60000 (26%)]	Loss: 114.801529
[2022-10-20 01:51:24] PRINT Train Epoch: 2 [16640/60000 (28%)]	Loss: 120.170517
[2022-10-20 01:51:24] PRINT Train Epoch: 2 [17920/60000 (30%)]	Loss: 117.825577
[2022-10-20 01:51:24] PRINT Train Epoch: 2 [19200/60000 (32%)]	Loss: 114.714844
[2022-10-20 01:51:24] PRINT Train Epoch: 2 [20480/60000 (34%)]	Loss: 109.362915
[2022-10-20 01:51:24] PRINT Train Epoch: 2 [21760/60000 (36%)]	Loss: 116.294418
[2022-10-20 01:51:24] PRINT Train Epoch: 2 [23040/60000 (38%)]	Loss: 120.493904
[2022-10-20 01:51:24] PRINT Train Epoch: 2 [24320/60000 (41%)]	Loss: 113.230743
[2022-10-20 01:51:24] PRINT Train Epoch: 2 [25600/60000 (43%)]	Loss: 120.107872
[2022-10-20 01:51:24] PRINT Train Epoch: 2 [26880/60000 (45%)]	Loss: 113.159752
[2022-10-20 01:51:24] PRINT Train Epoch: 2 [28160/60000 (47%)]	Loss: 117.498413
[2022-10-20 01:51:24] PRINT Train Epoch: 2 [29440/60000 (49%)]	Loss: 115.002457
[2022-10-20 01:51:24] PRINT Train Epoch: 2 [30720/60000 (51%)]	Loss: 109.575760
[2022-10-20 01:51:25] PRINT Train Epoch: 2 [32000/60000 (53%)]	Loss: 110.360962
[2022-10-20 01:51:25] PRINT Train Epoch: 2 [33280/60000 (55%)]	Loss: 115.508171
[2022-10-20 01:51:25] PRINT Train Epoch: 2 [34560/60000 (58%)]	Loss: 116.204895
[2022-10-20 01:51:25] PRINT Train Epoch: 2 [35840/60000 (60%)]	Loss: 111.852386
[2022-10-20 01:51:25] PRINT Train Epoch: 2 [37120/60000 (62%)]	Loss: 117.353119
[2022-10-20 01:51:25] PRINT Train Epoch: 2 [38400/60000 (64%)]	Loss: 113.883209
[2022-10-20 01:51:25] PRINT Train Epoch: 2 [39680/60000 (66%)]	Loss: 119.201263
[2022-10-20 01:51:25] PRINT Train Epoch: 2 [40960/60000 (68%)]	Loss: 112.571228
[2022-10-20 01:51:25] PRINT Train Epoch: 2 [42240/60000 (70%)]	Loss: 112.398689
[2022-10-20 01:51:25] PRINT Train Epoch: 2 [43520/60000 (72%)]	Loss: 118.543587
[2022-10-20 01:51:25] PRINT Train Epoch: 2 [44800/60000 (75%)]	Loss: 118.546570
[2022-10-20 01:51:26] PRINT Train Epoch: 2 [46080/60000 (77%)]	Loss: 118.428551
[2022-10-20 01:51:26] PRINT Train Epoch: 2 [47360/60000 (79%)]	Loss: 115.765869
[2022-10-20 01:51:26] PRINT Train Epoch: 2 [48640/60000 (81%)]	Loss: 113.701019
[2022-10-20 01:51:26] PRINT Train Epoch: 2 [49920/60000 (83%)]	Loss: 112.684021
[2022-10-20 01:51:26] PRINT Train Epoch: 2 [51200/60000 (85%)]	Loss: 115.030701
[2022-10-20 01:51:26] PRINT Train Epoch: 2 [52480/60000 (87%)]	Loss: 114.342537
[2022-10-20 01:51:26] PRINT Train Epoch: 2 [53760/60000 (90%)]	Loss: 110.241501
[2022-10-20 01:51:26] PRINT Train Epoch: 2 [55040/60000 (92%)]	Loss: 113.538635
[2022-10-20 01:51:26] PRINT Train Epoch: 2 [56320/60000 (94%)]	Loss: 112.980743
[2022-10-20 01:51:26] PRINT Train Epoch: 2 [57600/60000 (96%)]	Loss: 114.680328
[2022-10-20 01:51:26] PRINT Train Epoch: 2 [58880/60000 (98%)]	Loss: 114.831139
[2022-10-20 01:51:27] PRINT ====> Epoch: 2 Average loss: 115.5540
[2022-10-20 01:51:27] PRINT ====> Test set loss: 112.6116
[2022-10-20 01:51:27] PRINT Train Epoch: 3 [0/60000 (0%)]	Loss: 108.099152
[2022-10-20 01:51:27] PRINT Train Epoch: 3 [1280/60000 (2%)]	Loss: 111.591858
[2022-10-20 01:51:27] PRINT Train Epoch: 3 [2560/60000 (4%)]	Loss: 113.342285
[2022-10-20 01:51:28] PRINT Train Epoch: 3 [3840/60000 (6%)]	Loss: 115.631699
[2022-10-20 01:51:28] PRINT Train Epoch: 3 [5120/60000 (9%)]	Loss: 109.665039
[2022-10-20 01:51:28] PRINT Train Epoch: 3 [6400/60000 (11%)]	Loss: 108.389549
[2022-10-20 01:51:28] PRINT Train Epoch: 3 [7680/60000 (13%)]	Loss: 113.171989
[2022-10-20 01:51:28] PRINT Train Epoch: 3 [8960/60000 (15%)]	Loss: 112.289940
[2022-10-20 01:51:28] PRINT Train Epoch: 3 [10240/60000 (17%)]	Loss: 111.926231
[2022-10-20 01:51:28] PRINT Train Epoch: 3 [11520/60000 (19%)]	Loss: 110.831810
[2022-10-20 01:51:28] PRINT Train Epoch: 3 [12800/60000 (21%)]	Loss: 112.073456
[2022-10-20 01:51:28] PRINT Train Epoch: 3 [14080/60000 (23%)]	Loss: 115.387650
[2022-10-20 01:51:28] PRINT Train Epoch: 3 [15360/60000 (26%)]	Loss: 111.781624
[2022-10-20 01:51:28] PRINT Train Epoch: 3 [16640/60000 (28%)]	Loss: 116.120834
[2022-10-20 01:51:29] PRINT Train Epoch: 3 [17920/60000 (30%)]	Loss: 115.018463
[2022-10-20 01:51:29] PRINT Train Epoch: 3 [19200/60000 (32%)]	Loss: 116.489380
[2022-10-20 01:51:29] PRINT Train Epoch: 3 [20480/60000 (34%)]	Loss: 111.734558
[2022-10-20 01:51:29] PRINT Train Epoch: 3 [21760/60000 (36%)]	Loss: 113.016640
[2022-10-20 01:51:29] PRINT Train Epoch: 3 [23040/60000 (38%)]	Loss: 112.797310
[2022-10-20 01:51:29] PRINT Train Epoch: 3 [24320/60000 (41%)]	Loss: 113.802376
[2022-10-20 01:51:29] PRINT Train Epoch: 3 [25600/60000 (43%)]	Loss: 112.712669
[2022-10-20 01:51:29] PRINT Train Epoch: 3 [26880/60000 (45%)]	Loss: 112.679726
[2022-10-20 01:51:29] PRINT Train Epoch: 3 [28160/60000 (47%)]	Loss: 113.013153
[2022-10-20 01:51:29] PRINT Train Epoch: 3 [29440/60000 (49%)]	Loss: 107.247490
[2022-10-20 01:51:29] PRINT Train Epoch: 3 [30720/60000 (51%)]	Loss: 108.405167
[2022-10-20 01:51:30] PRINT Train Epoch: 3 [32000/60000 (53%)]	Loss: 113.427818
[2022-10-20 01:51:30] PRINT Train Epoch: 3 [33280/60000 (55%)]	Loss: 113.412521
[2022-10-20 01:51:30] PRINT Train Epoch: 3 [34560/60000 (58%)]	Loss: 111.455002
[2022-10-20 01:51:30] PRINT Train Epoch: 3 [35840/60000 (60%)]	Loss: 113.037437
[2022-10-20 01:51:30] PRINT Train Epoch: 3 [37120/60000 (62%)]	Loss: 114.580620
[2022-10-20 01:51:30] PRINT Train Epoch: 3 [38400/60000 (64%)]	Loss: 111.800781
[2022-10-20 01:51:30] PRINT Train Epoch: 3 [39680/60000 (66%)]	Loss: 114.029305
[2022-10-20 01:51:30] PRINT Train Epoch: 3 [40960/60000 (68%)]	Loss: 109.772789
[2022-10-20 01:51:30] PRINT Train Epoch: 3 [42240/60000 (70%)]	Loss: 115.141685
[2022-10-20 01:51:30] PRINT Train Epoch: 3 [43520/60000 (72%)]	Loss: 110.229858
[2022-10-20 01:51:30] PRINT Train Epoch: 3 [44800/60000 (75%)]	Loss: 110.373123
[2022-10-20 01:51:31] PRINT Train Epoch: 3 [46080/60000 (77%)]	Loss: 113.994255
[2022-10-20 01:51:31] PRINT Train Epoch: 3 [47360/60000 (79%)]	Loss: 111.916405
[2022-10-20 01:51:31] PRINT Train Epoch: 3 [48640/60000 (81%)]	Loss: 115.836281
[2022-10-20 01:51:31] PRINT Train Epoch: 3 [49920/60000 (83%)]	Loss: 111.678017
[2022-10-20 01:51:31] PRINT Train Epoch: 3 [51200/60000 (85%)]	Loss: 113.288216
[2022-10-20 01:51:31] PRINT Train Epoch: 3 [52480/60000 (87%)]	Loss: 108.701340
[2022-10-20 01:51:31] PRINT Train Epoch: 3 [53760/60000 (90%)]	Loss: 113.568550
[2022-10-20 01:51:31] PRINT Train Epoch: 3 [55040/60000 (92%)]	Loss: 111.703247
[2022-10-20 01:51:31] PRINT Train Epoch: 3 [56320/60000 (94%)]	Loss: 114.797653
[2022-10-20 01:51:31] PRINT Train Epoch: 3 [57600/60000 (96%)]	Loss: 108.554947
[2022-10-20 01:51:31] PRINT Train Epoch: 3 [58880/60000 (98%)]	Loss: 109.197342
[2022-10-20 01:51:32] PRINT ====> Epoch: 3 Average loss: 112.2759
[2022-10-20 01:51:32] PRINT ====> Test set loss: 111.0864
[2022-10-20 01:51:32] PRINT Train Epoch: 4 [0/60000 (0%)]	Loss: 117.365440
[2022-10-20 01:51:32] PRINT Train Epoch: 4 [1280/60000 (2%)]	Loss: 112.209328
[2022-10-20 01:51:32] PRINT Train Epoch: 4 [2560/60000 (4%)]	Loss: 108.848061
[2022-10-20 01:51:33] PRINT Train Epoch: 4 [3840/60000 (6%)]	Loss: 110.726990
[2022-10-20 01:51:33] PRINT Train Epoch: 4 [5120/60000 (9%)]	Loss: 111.385941
[2022-10-20 01:51:33] PRINT Train Epoch: 4 [6400/60000 (11%)]	Loss: 116.313927
[2022-10-20 01:51:33] PRINT Train Epoch: 4 [7680/60000 (13%)]	Loss: 113.456078
[2022-10-20 01:51:33] PRINT Train Epoch: 4 [8960/60000 (15%)]	Loss: 109.361946
[2022-10-20 01:51:33] PRINT Train Epoch: 4 [10240/60000 (17%)]	Loss: 107.613113
[2022-10-20 01:51:33] PRINT Train Epoch: 4 [11520/60000 (19%)]	Loss: 110.135025
[2022-10-20 01:51:33] PRINT Train Epoch: 4 [12800/60000 (21%)]	Loss: 111.088249
[2022-10-20 01:51:33] PRINT Train Epoch: 4 [14080/60000 (23%)]	Loss: 111.194275
[2022-10-20 01:51:33] PRINT Train Epoch: 4 [15360/60000 (26%)]	Loss: 110.712936
[2022-10-20 01:51:33] PRINT Train Epoch: 4 [16640/60000 (28%)]	Loss: 110.136086
[2022-10-20 01:51:33] PRINT Train Epoch: 4 [17920/60000 (30%)]	Loss: 108.152298
[2022-10-20 01:51:34] PRINT Train Epoch: 4 [19200/60000 (32%)]	Loss: 113.385818
[2022-10-20 01:51:34] PRINT Train Epoch: 4 [20480/60000 (34%)]	Loss: 105.772865
[2022-10-20 01:51:34] PRINT Train Epoch: 4 [21760/60000 (36%)]	Loss: 111.974182
[2022-10-20 01:51:34] PRINT Train Epoch: 4 [23040/60000 (38%)]	Loss: 105.423676
[2022-10-20 01:51:34] PRINT Train Epoch: 4 [24320/60000 (41%)]	Loss: 115.099594
[2022-10-20 01:51:34] PRINT Train Epoch: 4 [25600/60000 (43%)]	Loss: 108.328354
[2022-10-20 01:51:34] PRINT Train Epoch: 4 [26880/60000 (45%)]	Loss: 110.580917
[2022-10-20 01:51:34] PRINT Train Epoch: 4 [28160/60000 (47%)]	Loss: 109.575981
[2022-10-20 01:51:34] PRINT Train Epoch: 4 [29440/60000 (49%)]	Loss: 107.891182
[2022-10-20 01:51:34] PRINT Train Epoch: 4 [30720/60000 (51%)]	Loss: 112.540970
[2022-10-20 01:51:34] PRINT Train Epoch: 4 [32000/60000 (53%)]	Loss: 111.953125
[2022-10-20 01:51:34] PRINT Train Epoch: 4 [33280/60000 (55%)]	Loss: 114.481766
[2022-10-20 01:51:35] PRINT Train Epoch: 4 [34560/60000 (58%)]	Loss: 111.916016
[2022-10-20 01:51:35] PRINT Train Epoch: 4 [35840/60000 (60%)]	Loss: 107.213020
[2022-10-20 01:51:35] PRINT Train Epoch: 4 [37120/60000 (62%)]	Loss: 110.880455
[2022-10-20 01:51:35] PRINT Train Epoch: 4 [38400/60000 (64%)]	Loss: 108.467125
[2022-10-20 01:51:35] PRINT Train Epoch: 4 [39680/60000 (66%)]	Loss: 105.734154
[2022-10-20 01:51:35] PRINT Train Epoch: 4 [40960/60000 (68%)]	Loss: 110.390633
[2022-10-20 01:51:35] PRINT Train Epoch: 4 [42240/60000 (70%)]	Loss: 106.607849
[2022-10-20 01:51:35] PRINT Train Epoch: 4 [43520/60000 (72%)]	Loss: 111.238800
[2022-10-20 01:51:35] PRINT Train Epoch: 4 [44800/60000 (75%)]	Loss: 111.497177
[2022-10-20 01:51:35] PRINT Train Epoch: 4 [46080/60000 (77%)]	Loss: 114.332779
[2022-10-20 01:51:35] PRINT Train Epoch: 4 [47360/60000 (79%)]	Loss: 111.143166
[2022-10-20 01:51:35] PRINT Train Epoch: 4 [48640/60000 (81%)]	Loss: 113.274040
[2022-10-20 01:51:36] PRINT Train Epoch: 4 [49920/60000 (83%)]	Loss: 107.608559
[2022-10-20 01:51:36] PRINT Train Epoch: 4 [51200/60000 (85%)]	Loss: 112.397980
[2022-10-20 01:51:36] PRINT Train Epoch: 4 [52480/60000 (87%)]	Loss: 112.832443
[2022-10-20 01:51:36] PRINT Train Epoch: 4 [53760/60000 (90%)]	Loss: 108.920319
[2022-10-20 01:51:36] PRINT Train Epoch: 4 [55040/60000 (92%)]	Loss: 113.502800
[2022-10-20 01:51:36] PRINT Train Epoch: 4 [56320/60000 (94%)]	Loss: 111.163208
[2022-10-20 01:51:36] PRINT Train Epoch: 4 [57600/60000 (96%)]	Loss: 114.119553
[2022-10-20 01:51:36] PRINT Train Epoch: 4 [58880/60000 (98%)]	Loss: 106.678001
[2022-10-20 01:51:36] PRINT ====> Epoch: 4 Average loss: 110.7785
[2022-10-20 01:51:37] PRINT ====> Test set loss: 109.8914
[2022-10-20 01:51:37] PRINT Train Epoch: 5 [0/60000 (0%)]	Loss: 114.632385
[2022-10-20 01:51:37] PRINT Train Epoch: 5 [1280/60000 (2%)]	Loss: 112.065254
[2022-10-20 01:51:37] PRINT Train Epoch: 5 [2560/60000 (4%)]	Loss: 114.068336
[2022-10-20 01:51:37] PRINT Train Epoch: 5 [3840/60000 (6%)]	Loss: 116.218864
[2022-10-20 01:51:37] PRINT Train Epoch: 5 [5120/60000 (9%)]	Loss: 111.709915
[2022-10-20 01:51:37] PRINT Train Epoch: 5 [6400/60000 (11%)]	Loss: 111.766380
[2022-10-20 01:51:38] PRINT Train Epoch: 5 [7680/60000 (13%)]	Loss: 109.163544
[2022-10-20 01:51:38] PRINT Train Epoch: 5 [8960/60000 (15%)]	Loss: 110.807564
[2022-10-20 01:51:38] PRINT Train Epoch: 5 [10240/60000 (17%)]	Loss: 109.806030
[2022-10-20 01:51:38] PRINT Train Epoch: 5 [11520/60000 (19%)]	Loss: 111.638168
[2022-10-20 01:51:38] PRINT Train Epoch: 5 [12800/60000 (21%)]	Loss: 114.259514
[2022-10-20 01:51:38] PRINT Train Epoch: 5 [14080/60000 (23%)]	Loss: 109.319977
[2022-10-20 01:51:38] PRINT Train Epoch: 5 [15360/60000 (26%)]	Loss: 112.089523
[2022-10-20 01:51:38] PRINT Train Epoch: 5 [16640/60000 (28%)]	Loss: 106.112350
[2022-10-20 01:51:38] PRINT Train Epoch: 5 [17920/60000 (30%)]	Loss: 108.871185
[2022-10-20 01:51:38] PRINT Train Epoch: 5 [19200/60000 (32%)]	Loss: 109.983681
[2022-10-20 01:51:38] PRINT Train Epoch: 5 [20480/60000 (34%)]	Loss: 110.299294
[2022-10-20 01:51:39] PRINT Train Epoch: 5 [21760/60000 (36%)]	Loss: 109.858223
[2022-10-20 01:51:39] PRINT Train Epoch: 5 [23040/60000 (38%)]	Loss: 112.904617
[2022-10-20 01:51:39] PRINT Train Epoch: 5 [24320/60000 (41%)]	Loss: 113.872757
[2022-10-20 01:51:39] PRINT Train Epoch: 5 [25600/60000 (43%)]	Loss: 111.377945
[2022-10-20 01:51:39] PRINT Train Epoch: 5 [26880/60000 (45%)]	Loss: 109.262405
[2022-10-20 01:51:39] PRINT Train Epoch: 5 [28160/60000 (47%)]	Loss: 109.573318
[2022-10-20 01:51:39] PRINT Train Epoch: 5 [29440/60000 (49%)]	Loss: 108.199097
[2022-10-20 01:51:39] PRINT Train Epoch: 5 [30720/60000 (51%)]	Loss: 110.455215
[2022-10-20 01:51:39] PRINT Train Epoch: 5 [32000/60000 (53%)]	Loss: 108.893585
[2022-10-20 01:51:39] PRINT Train Epoch: 5 [33280/60000 (55%)]	Loss: 106.634079
[2022-10-20 01:51:39] PRINT Train Epoch: 5 [34560/60000 (58%)]	Loss: 104.156960
[2022-10-20 01:51:40] PRINT Train Epoch: 5 [35840/60000 (60%)]	Loss: 112.077469
[2022-10-20 01:51:40] PRINT Train Epoch: 5 [37120/60000 (62%)]	Loss: 110.838875
[2022-10-20 01:51:40] PRINT Train Epoch: 5 [38400/60000 (64%)]	Loss: 112.201172
[2022-10-20 01:51:40] PRINT Train Epoch: 5 [39680/60000 (66%)]	Loss: 110.871117
[2022-10-20 01:51:40] PRINT Train Epoch: 5 [40960/60000 (68%)]	Loss: 111.056442
[2022-10-20 01:51:40] PRINT Train Epoch: 5 [42240/60000 (70%)]	Loss: 109.373360
[2022-10-20 01:51:40] PRINT Train Epoch: 5 [43520/60000 (72%)]	Loss: 117.146996
[2022-10-20 01:51:40] PRINT Train Epoch: 5 [44800/60000 (75%)]	Loss: 109.421021
[2022-10-20 01:51:40] PRINT Train Epoch: 5 [46080/60000 (77%)]	Loss: 107.795326
[2022-10-20 01:51:40] PRINT Train Epoch: 5 [47360/60000 (79%)]	Loss: 108.968307
[2022-10-20 01:51:40] PRINT Train Epoch: 5 [48640/60000 (81%)]	Loss: 112.001480
[2022-10-20 01:51:41] PRINT Train Epoch: 5 [49920/60000 (83%)]	Loss: 110.746536
[2022-10-20 01:51:41] PRINT Train Epoch: 5 [51200/60000 (85%)]	Loss: 106.525101
[2022-10-20 01:51:41] PRINT Train Epoch: 5 [52480/60000 (87%)]	Loss: 107.777489
[2022-10-20 01:51:41] PRINT Train Epoch: 5 [53760/60000 (90%)]	Loss: 110.513062
[2022-10-20 01:51:41] PRINT Train Epoch: 5 [55040/60000 (92%)]	Loss: 113.565842
[2022-10-20 01:51:41] PRINT Train Epoch: 5 [56320/60000 (94%)]	Loss: 110.939835
[2022-10-20 01:51:41] PRINT Train Epoch: 5 [57600/60000 (96%)]	Loss: 108.793594
[2022-10-20 01:51:41] PRINT Train Epoch: 5 [58880/60000 (98%)]	Loss: 111.169411
[2022-10-20 01:51:41] PRINT ====> Epoch: 5 Average loss: 109.7743
[2022-10-20 01:51:42] PRINT ====> Test set loss: 108.8193
[2022-10-20 01:51:42] PRINT Train Epoch: 6 [0/60000 (0%)]	Loss: 110.775421
[2022-10-20 01:51:42] PRINT Train Epoch: 6 [1280/60000 (2%)]	Loss: 113.161560
[2022-10-20 01:51:42] PRINT Train Epoch: 6 [2560/60000 (4%)]	Loss: 109.618080
[2022-10-20 01:51:42] PRINT Train Epoch: 6 [3840/60000 (6%)]	Loss: 110.279999
[2022-10-20 01:51:42] PRINT Train Epoch: 6 [5120/60000 (9%)]	Loss: 109.356712
[2022-10-20 01:51:43] PRINT Train Epoch: 6 [6400/60000 (11%)]	Loss: 108.456619
[2022-10-20 01:51:43] PRINT Train Epoch: 6 [7680/60000 (13%)]	Loss: 106.331406
[2022-10-20 01:51:43] PRINT Train Epoch: 6 [8960/60000 (15%)]	Loss: 108.354675
[2022-10-20 01:51:43] PRINT Train Epoch: 6 [10240/60000 (17%)]	Loss: 116.103432
[2022-10-20 01:51:43] PRINT Train Epoch: 6 [11520/60000 (19%)]	Loss: 111.186249
[2022-10-20 01:51:43] PRINT Train Epoch: 6 [12800/60000 (21%)]	Loss: 111.606346
[2022-10-20 01:51:43] PRINT Train Epoch: 6 [14080/60000 (23%)]	Loss: 108.584244
[2022-10-20 01:51:43] PRINT Train Epoch: 6 [15360/60000 (26%)]	Loss: 111.339531
[2022-10-20 01:51:43] PRINT Train Epoch: 6 [16640/60000 (28%)]	Loss: 105.547737
[2022-10-20 01:51:43] PRINT Train Epoch: 6 [17920/60000 (30%)]	Loss: 107.075211
[2022-10-20 01:51:43] PRINT Train Epoch: 6 [19200/60000 (32%)]	Loss: 111.051727
[2022-10-20 01:51:44] PRINT Train Epoch: 6 [20480/60000 (34%)]	Loss: 109.512268
[2022-10-20 01:51:44] PRINT Train Epoch: 6 [21760/60000 (36%)]	Loss: 103.963295
[2022-10-20 01:51:44] PRINT Train Epoch: 6 [23040/60000 (38%)]	Loss: 101.158752
[2022-10-20 01:51:44] PRINT Train Epoch: 6 [24320/60000 (41%)]	Loss: 107.360802
[2022-10-20 01:51:44] PRINT Train Epoch: 6 [25600/60000 (43%)]	Loss: 113.105057
[2022-10-20 01:51:44] PRINT Train Epoch: 6 [26880/60000 (45%)]	Loss: 108.757278
[2022-10-20 01:51:44] PRINT Train Epoch: 6 [28160/60000 (47%)]	Loss: 106.686386
[2022-10-20 01:51:44] PRINT Train Epoch: 6 [29440/60000 (49%)]	Loss: 105.705818
[2022-10-20 01:51:44] PRINT Train Epoch: 6 [30720/60000 (51%)]	Loss: 110.057312
[2022-10-20 01:51:44] PRINT Train Epoch: 6 [32000/60000 (53%)]	Loss: 107.292473
[2022-10-20 01:51:44] PRINT Train Epoch: 6 [33280/60000 (55%)]	Loss: 112.663124
[2022-10-20 01:51:45] PRINT Train Epoch: 6 [34560/60000 (58%)]	Loss: 113.335602
[2022-10-20 01:51:45] PRINT Train Epoch: 6 [35840/60000 (60%)]	Loss: 106.663193
[2022-10-20 01:51:45] PRINT Train Epoch: 6 [37120/60000 (62%)]	Loss: 114.524567
[2022-10-20 01:51:45] PRINT Train Epoch: 6 [38400/60000 (64%)]	Loss: 114.267029
[2022-10-20 01:51:45] PRINT Train Epoch: 6 [39680/60000 (66%)]	Loss: 107.629578
[2022-10-20 01:51:45] PRINT Train Epoch: 6 [40960/60000 (68%)]	Loss: 108.885925
[2022-10-20 01:51:45] PRINT Train Epoch: 6 [42240/60000 (70%)]	Loss: 112.306313
[2022-10-20 01:51:45] PRINT Train Epoch: 6 [43520/60000 (72%)]	Loss: 111.257248
[2022-10-20 01:51:45] PRINT Train Epoch: 6 [44800/60000 (75%)]	Loss: 109.076004
[2022-10-20 01:51:45] PRINT Train Epoch: 6 [46080/60000 (77%)]	Loss: 107.010925
[2022-10-20 01:51:45] PRINT Train Epoch: 6 [47360/60000 (79%)]	Loss: 107.732086
[2022-10-20 01:51:46] PRINT Train Epoch: 6 [48640/60000 (81%)]	Loss: 110.008003
[2022-10-20 01:51:46] PRINT Train Epoch: 6 [49920/60000 (83%)]	Loss: 107.260246
[2022-10-20 01:51:46] PRINT Train Epoch: 6 [51200/60000 (85%)]	Loss: 112.256744
[2022-10-20 01:51:46] PRINT Train Epoch: 6 [52480/60000 (87%)]	Loss: 110.138733
[2022-10-20 01:51:46] PRINT Train Epoch: 6 [53760/60000 (90%)]	Loss: 108.585022
[2022-10-20 01:51:46] PRINT Train Epoch: 6 [55040/60000 (92%)]	Loss: 106.338036
[2022-10-20 01:51:46] PRINT Train Epoch: 6 [56320/60000 (94%)]	Loss: 107.055771
[2022-10-20 01:51:46] PRINT Train Epoch: 6 [57600/60000 (96%)]	Loss: 110.194199
[2022-10-20 01:51:46] PRINT Train Epoch: 6 [58880/60000 (98%)]	Loss: 109.742897
[2022-10-20 01:51:46] PRINT ====> Epoch: 6 Average loss: 109.2043
[2022-10-20 01:51:47] PRINT ====> Test set loss: 108.1962
[2022-10-20 01:51:47] PRINT Train Epoch: 7 [0/60000 (0%)]	Loss: 107.767021
[2022-10-20 01:51:47] PRINT Train Epoch: 7 [1280/60000 (2%)]	Loss: 110.750786
[2022-10-20 01:51:47] PRINT Train Epoch: 7 [2560/60000 (4%)]	Loss: 112.845078
[2022-10-20 01:51:47] PRINT Train Epoch: 7 [3840/60000 (6%)]	Loss: 108.196091
[2022-10-20 01:51:47] PRINT Train Epoch: 7 [5120/60000 (9%)]	Loss: 108.845955
[2022-10-20 01:51:48] PRINT Train Epoch: 7 [6400/60000 (11%)]	Loss: 110.139175
[2022-10-20 01:51:48] PRINT Train Epoch: 7 [7680/60000 (13%)]	Loss: 108.542084
[2022-10-20 01:51:48] PRINT Train Epoch: 7 [8960/60000 (15%)]	Loss: 108.779915
[2022-10-20 01:51:48] PRINT Train Epoch: 7 [10240/60000 (17%)]	Loss: 106.445236
[2022-10-20 01:51:48] PRINT Train Epoch: 7 [11520/60000 (19%)]	Loss: 109.448616
[2022-10-20 01:51:48] PRINT Train Epoch: 7 [12800/60000 (21%)]	Loss: 105.313980
[2022-10-20 01:51:48] PRINT Train Epoch: 7 [14080/60000 (23%)]	Loss: 107.482933
[2022-10-20 01:51:48] PRINT Train Epoch: 7 [15360/60000 (26%)]	Loss: 107.897621
[2022-10-20 01:51:48] PRINT Train Epoch: 7 [16640/60000 (28%)]	Loss: 106.515137
[2022-10-20 01:51:48] PRINT Train Epoch: 7 [17920/60000 (30%)]	Loss: 108.489822
[2022-10-20 01:51:48] PRINT Train Epoch: 7 [19200/60000 (32%)]	Loss: 112.469803
[2022-10-20 01:51:48] PRINT Train Epoch: 7 [20480/60000 (34%)]	Loss: 107.154617
[2022-10-20 01:51:49] PRINT Train Epoch: 7 [21760/60000 (36%)]	Loss: 112.104446
[2022-10-20 01:51:49] PRINT Train Epoch: 7 [23040/60000 (38%)]	Loss: 109.982681
[2022-10-20 01:51:49] PRINT Train Epoch: 7 [24320/60000 (41%)]	Loss: 107.927803
[2022-10-20 01:51:49] PRINT Train Epoch: 7 [25600/60000 (43%)]	Loss: 112.968193
[2022-10-20 01:51:49] PRINT Train Epoch: 7 [26880/60000 (45%)]	Loss: 103.611115
[2022-10-20 01:51:49] PRINT Train Epoch: 7 [28160/60000 (47%)]	Loss: 106.586395
[2022-10-20 01:51:49] PRINT Train Epoch: 7 [29440/60000 (49%)]	Loss: 110.344589
[2022-10-20 01:51:49] PRINT Train Epoch: 7 [30720/60000 (51%)]	Loss: 107.277298
[2022-10-20 01:51:49] PRINT Train Epoch: 7 [32000/60000 (53%)]	Loss: 109.986893
[2022-10-20 01:51:49] PRINT Train Epoch: 7 [33280/60000 (55%)]	Loss: 110.398285
[2022-10-20 01:51:49] PRINT Train Epoch: 7 [34560/60000 (58%)]	Loss: 109.370743
[2022-10-20 01:51:50] PRINT Train Epoch: 7 [35840/60000 (60%)]	Loss: 107.365265
[2022-10-20 01:51:50] PRINT Train Epoch: 7 [37120/60000 (62%)]	Loss: 107.512306
[2022-10-20 01:51:50] PRINT Train Epoch: 7 [38400/60000 (64%)]	Loss: 102.895943
[2022-10-20 01:51:50] PRINT Train Epoch: 7 [39680/60000 (66%)]	Loss: 109.183136
[2022-10-20 01:51:50] PRINT Train Epoch: 7 [40960/60000 (68%)]	Loss: 112.539513
[2022-10-20 01:51:50] PRINT Train Epoch: 7 [42240/60000 (70%)]	Loss: 109.219887
[2022-10-20 01:51:50] PRINT Train Epoch: 7 [43520/60000 (72%)]	Loss: 108.679077
[2022-10-20 01:51:50] PRINT Train Epoch: 7 [44800/60000 (75%)]	Loss: 108.315781
[2022-10-20 01:51:50] PRINT Train Epoch: 7 [46080/60000 (77%)]	Loss: 108.170990
[2022-10-20 01:51:50] PRINT Train Epoch: 7 [47360/60000 (79%)]	Loss: 111.592934
[2022-10-20 01:51:50] PRINT Train Epoch: 7 [48640/60000 (81%)]	Loss: 112.779144
[2022-10-20 01:51:50] PRINT Train Epoch: 7 [49920/60000 (83%)]	Loss: 110.510994
[2022-10-20 01:51:51] PRINT Train Epoch: 7 [51200/60000 (85%)]	Loss: 109.844193
[2022-10-20 01:51:51] PRINT Train Epoch: 7 [52480/60000 (87%)]	Loss: 112.813828
[2022-10-20 01:51:51] PRINT Train Epoch: 7 [53760/60000 (90%)]	Loss: 106.834717
[2022-10-20 01:51:51] PRINT Train Epoch: 7 [55040/60000 (92%)]	Loss: 111.266190
[2022-10-20 01:51:51] PRINT Train Epoch: 7 [56320/60000 (94%)]	Loss: 105.543381
[2022-10-20 01:51:51] PRINT Train Epoch: 7 [57600/60000 (96%)]	Loss: 107.878799
[2022-10-20 01:51:51] PRINT Train Epoch: 7 [58880/60000 (98%)]	Loss: 109.835770
[2022-10-20 01:51:51] PRINT ====> Epoch: 7 Average loss: 108.5741
[2022-10-20 01:51:52] PRINT ====> Test set loss: 108.0996
[2022-10-20 01:51:52] PRINT Train Epoch: 8 [0/60000 (0%)]	Loss: 106.395203
[2022-10-20 01:51:52] PRINT Train Epoch: 8 [1280/60000 (2%)]	Loss: 104.812042
[2022-10-20 01:51:52] PRINT Train Epoch: 8 [2560/60000 (4%)]	Loss: 107.370605
[2022-10-20 01:51:52] PRINT Train Epoch: 8 [3840/60000 (6%)]	Loss: 104.514313
[2022-10-20 01:51:52] PRINT Train Epoch: 8 [5120/60000 (9%)]	Loss: 105.837433
[2022-10-20 01:51:52] PRINT Train Epoch: 8 [6400/60000 (11%)]	Loss: 103.677200
[2022-10-20 01:51:52] PRINT Train Epoch: 8 [7680/60000 (13%)]	Loss: 106.382599
[2022-10-20 01:51:53] PRINT Train Epoch: 8 [8960/60000 (15%)]	Loss: 107.018250
[2022-10-20 01:51:53] PRINT Train Epoch: 8 [10240/60000 (17%)]	Loss: 106.148376
[2022-10-20 01:51:53] PRINT Train Epoch: 8 [11520/60000 (19%)]	Loss: 108.315811
[2022-10-20 01:51:53] PRINT Train Epoch: 8 [12800/60000 (21%)]	Loss: 110.561882
[2022-10-20 01:51:53] PRINT Train Epoch: 8 [14080/60000 (23%)]	Loss: 111.214676
[2022-10-20 01:51:53] PRINT Train Epoch: 8 [15360/60000 (26%)]	Loss: 110.038231
[2022-10-20 01:51:53] PRINT Train Epoch: 8 [16640/60000 (28%)]	Loss: 108.791901
[2022-10-20 01:51:53] PRINT Train Epoch: 8 [17920/60000 (30%)]	Loss: 109.815170
[2022-10-20 01:51:53] PRINT Train Epoch: 8 [19200/60000 (32%)]	Loss: 110.106369
[2022-10-20 01:51:53] PRINT Train Epoch: 8 [20480/60000 (34%)]	Loss: 107.406654
[2022-10-20 01:51:53] PRINT Train Epoch: 8 [21760/60000 (36%)]	Loss: 107.886520
[2022-10-20 01:51:54] PRINT Train Epoch: 8 [23040/60000 (38%)]	Loss: 111.518066
[2022-10-20 01:51:54] PRINT Train Epoch: 8 [24320/60000 (41%)]	Loss: 106.990105
[2022-10-20 01:51:54] PRINT Train Epoch: 8 [25600/60000 (43%)]	Loss: 113.686188
[2022-10-20 01:51:54] PRINT Train Epoch: 8 [26880/60000 (45%)]	Loss: 106.224350
[2022-10-20 01:51:54] PRINT Train Epoch: 8 [28160/60000 (47%)]	Loss: 105.380402
[2022-10-20 01:51:54] PRINT Train Epoch: 8 [29440/60000 (49%)]	Loss: 106.522911
[2022-10-20 01:51:54] PRINT Train Epoch: 8 [30720/60000 (51%)]	Loss: 106.871346
[2022-10-20 01:51:54] PRINT Train Epoch: 8 [32000/60000 (53%)]	Loss: 108.021561
[2022-10-20 01:51:54] PRINT Train Epoch: 8 [33280/60000 (55%)]	Loss: 109.001144
[2022-10-20 01:51:54] PRINT Train Epoch: 8 [34560/60000 (58%)]	Loss: 106.823700
[2022-10-20 01:51:54] PRINT Train Epoch: 8 [35840/60000 (60%)]	Loss: 107.692963
[2022-10-20 01:51:54] PRINT Train Epoch: 8 [37120/60000 (62%)]	Loss: 107.211395
[2022-10-20 01:51:55] PRINT Train Epoch: 8 [38400/60000 (64%)]	Loss: 107.642044
[2022-10-20 01:51:55] PRINT Train Epoch: 8 [39680/60000 (66%)]	Loss: 112.382248
[2022-10-20 01:51:55] PRINT Train Epoch: 8 [40960/60000 (68%)]	Loss: 104.157257
[2022-10-20 01:51:55] PRINT Train Epoch: 8 [42240/60000 (70%)]	Loss: 108.320930
[2022-10-20 01:51:55] PRINT Train Epoch: 8 [43520/60000 (72%)]	Loss: 107.665642
[2022-10-20 01:51:55] PRINT Train Epoch: 8 [44800/60000 (75%)]	Loss: 103.589973
[2022-10-20 01:51:55] PRINT Train Epoch: 8 [46080/60000 (77%)]	Loss: 107.115067
[2022-10-20 01:51:55] PRINT Train Epoch: 8 [47360/60000 (79%)]	Loss: 108.349411
[2022-10-20 01:51:55] PRINT Train Epoch: 8 [48640/60000 (81%)]	Loss: 107.829849
[2022-10-20 01:51:55] PRINT Train Epoch: 8 [49920/60000 (83%)]	Loss: 108.047752
[2022-10-20 01:51:55] PRINT Train Epoch: 8 [51200/60000 (85%)]	Loss: 108.253258
[2022-10-20 01:51:56] PRINT Train Epoch: 8 [52480/60000 (87%)]	Loss: 111.072922
[2022-10-20 01:51:56] PRINT Train Epoch: 8 [53760/60000 (90%)]	Loss: 108.471962
[2022-10-20 01:51:56] PRINT Train Epoch: 8 [55040/60000 (92%)]	Loss: 104.834846
[2022-10-20 01:51:56] PRINT Train Epoch: 8 [56320/60000 (94%)]	Loss: 108.895889
[2022-10-20 01:51:56] PRINT Train Epoch: 8 [57600/60000 (96%)]	Loss: 105.937531
[2022-10-20 01:51:56] PRINT Train Epoch: 8 [58880/60000 (98%)]	Loss: 111.337700
[2022-10-20 01:51:56] PRINT ====> Epoch: 8 Average loss: 108.2263
[2022-10-20 01:51:57] PRINT ====> Test set loss: 107.8056
[2022-10-20 01:51:57] PRINT Train Epoch: 9 [0/60000 (0%)]	Loss: 109.784714
[2022-10-20 01:51:57] PRINT Train Epoch: 9 [1280/60000 (2%)]	Loss: 103.934486
[2022-10-20 01:51:57] PRINT Train Epoch: 9 [2560/60000 (4%)]	Loss: 107.631920
[2022-10-20 01:51:57] PRINT Train Epoch: 9 [3840/60000 (6%)]	Loss: 106.232178
[2022-10-20 01:51:57] PRINT Train Epoch: 9 [5120/60000 (9%)]	Loss: 111.265961
[2022-10-20 01:51:57] PRINT Train Epoch: 9 [6400/60000 (11%)]	Loss: 106.565735
[2022-10-20 01:51:57] PRINT Train Epoch: 9 [7680/60000 (13%)]	Loss: 109.260193
[2022-10-20 01:51:57] PRINT Train Epoch: 9 [8960/60000 (15%)]	Loss: 109.756248
[2022-10-20 01:51:58] PRINT Train Epoch: 9 [10240/60000 (17%)]	Loss: 106.464447
[2022-10-20 01:51:58] PRINT Train Epoch: 9 [11520/60000 (19%)]	Loss: 102.915359
[2022-10-20 01:51:58] PRINT Train Epoch: 9 [12800/60000 (21%)]	Loss: 108.021713
[2022-10-20 01:51:58] PRINT Train Epoch: 9 [14080/60000 (23%)]	Loss: 108.710724
[2022-10-20 01:51:58] PRINT Train Epoch: 9 [15360/60000 (26%)]	Loss: 109.998077
[2022-10-20 01:51:58] PRINT Train Epoch: 9 [16640/60000 (28%)]	Loss: 106.169334
[2022-10-20 01:51:58] PRINT Train Epoch: 9 [17920/60000 (30%)]	Loss: 109.368713
[2022-10-20 01:51:58] PRINT Train Epoch: 9 [19200/60000 (32%)]	Loss: 108.593979
[2022-10-20 01:51:58] PRINT Train Epoch: 9 [20480/60000 (34%)]	Loss: 105.203835
[2022-10-20 01:51:58] PRINT Train Epoch: 9 [21760/60000 (36%)]	Loss: 107.782074
[2022-10-20 01:51:58] PRINT Train Epoch: 9 [23040/60000 (38%)]	Loss: 107.692909
[2022-10-20 01:51:59] PRINT Train Epoch: 9 [24320/60000 (41%)]	Loss: 109.630417
[2022-10-20 01:51:59] PRINT Train Epoch: 9 [25600/60000 (43%)]	Loss: 108.573029
[2022-10-20 01:51:59] PRINT Train Epoch: 9 [26880/60000 (45%)]	Loss: 110.806419
[2022-10-20 01:51:59] PRINT Train Epoch: 9 [28160/60000 (47%)]	Loss: 103.864151
[2022-10-20 01:51:59] PRINT Train Epoch: 9 [29440/60000 (49%)]	Loss: 113.138168
[2022-10-20 01:51:59] PRINT Train Epoch: 9 [30720/60000 (51%)]	Loss: 103.632256
[2022-10-20 01:51:59] PRINT Train Epoch: 9 [32000/60000 (53%)]	Loss: 105.700424
[2022-10-20 01:51:59] PRINT Train Epoch: 9 [33280/60000 (55%)]	Loss: 102.912224
[2022-10-20 01:51:59] PRINT Train Epoch: 9 [34560/60000 (58%)]	Loss: 107.070908
[2022-10-20 01:51:59] PRINT Train Epoch: 9 [35840/60000 (60%)]	Loss: 109.891762
[2022-10-20 01:51:59] PRINT Train Epoch: 9 [37120/60000 (62%)]	Loss: 107.505455
[2022-10-20 01:52:00] PRINT Train Epoch: 9 [38400/60000 (64%)]	Loss: 106.472198
[2022-10-20 01:52:00] PRINT Train Epoch: 9 [39680/60000 (66%)]	Loss: 107.327072
[2022-10-20 01:52:00] PRINT Train Epoch: 9 [40960/60000 (68%)]	Loss: 105.681168
[2022-10-20 01:52:00] PRINT Train Epoch: 9 [42240/60000 (70%)]	Loss: 113.955666
[2022-10-20 01:52:00] PRINT Train Epoch: 9 [43520/60000 (72%)]	Loss: 107.384445
[2022-10-20 01:52:00] PRINT Train Epoch: 9 [44800/60000 (75%)]	Loss: 110.368172
[2022-10-20 01:52:00] PRINT Train Epoch: 9 [46080/60000 (77%)]	Loss: 105.032516
[2022-10-20 01:52:00] PRINT Train Epoch: 9 [47360/60000 (79%)]	Loss: 107.340538
[2022-10-20 01:52:00] PRINT Train Epoch: 9 [48640/60000 (81%)]	Loss: 106.906464
[2022-10-20 01:52:00] PRINT Train Epoch: 9 [49920/60000 (83%)]	Loss: 110.255859
[2022-10-20 01:52:00] PRINT Train Epoch: 9 [51200/60000 (85%)]	Loss: 108.256424
[2022-10-20 01:52:01] PRINT Train Epoch: 9 [52480/60000 (87%)]	Loss: 109.050972
[2022-10-20 01:52:01] PRINT Train Epoch: 9 [53760/60000 (90%)]	Loss: 110.430206
[2022-10-20 01:52:01] PRINT Train Epoch: 9 [55040/60000 (92%)]	Loss: 111.139725
[2022-10-20 01:52:01] PRINT Train Epoch: 9 [56320/60000 (94%)]	Loss: 106.295723
[2022-10-20 01:52:01] PRINT Train Epoch: 9 [57600/60000 (96%)]	Loss: 105.842705
[2022-10-20 01:52:01] PRINT Train Epoch: 9 [58880/60000 (98%)]	Loss: 114.784241
[2022-10-20 01:52:01] PRINT ====> Epoch: 9 Average loss: 107.8568
[2022-10-20 01:52:02] PRINT ====> Test set loss: 107.5275
[2022-10-20 01:52:02] PRINT Train Epoch: 10 [0/60000 (0%)]	Loss: 108.299431
[2022-10-20 01:52:02] PRINT Train Epoch: 10 [1280/60000 (2%)]	Loss: 101.317657
[2022-10-20 01:52:02] PRINT Train Epoch: 10 [2560/60000 (4%)]	Loss: 105.810974
[2022-10-20 01:52:02] PRINT Train Epoch: 10 [3840/60000 (6%)]	Loss: 105.889923
[2022-10-20 01:52:02] PRINT Train Epoch: 10 [5120/60000 (9%)]	Loss: 106.657310
[2022-10-20 01:52:02] PRINT Train Epoch: 10 [6400/60000 (11%)]	Loss: 109.819847
[2022-10-20 01:52:02] PRINT Train Epoch: 10 [7680/60000 (13%)]	Loss: 108.519897
[2022-10-20 01:52:02] PRINT Train Epoch: 10 [8960/60000 (15%)]	Loss: 110.213135
[2022-10-20 01:52:03] PRINT Train Epoch: 10 [10240/60000 (17%)]	Loss: 108.457222
[2022-10-20 01:52:03] PRINT Train Epoch: 10 [11520/60000 (19%)]	Loss: 107.710861
[2022-10-20 01:52:03] PRINT Train Epoch: 10 [12800/60000 (21%)]	Loss: 110.719078
[2022-10-20 01:52:03] PRINT Train Epoch: 10 [14080/60000 (23%)]	Loss: 109.042404
[2022-10-20 01:52:03] PRINT Train Epoch: 10 [15360/60000 (26%)]	Loss: 108.234772
[2022-10-20 01:52:03] PRINT Train Epoch: 10 [16640/60000 (28%)]	Loss: 104.921600
[2022-10-20 01:52:03] PRINT Train Epoch: 10 [17920/60000 (30%)]	Loss: 103.832863
[2022-10-20 01:52:03] PRINT Train Epoch: 10 [19200/60000 (32%)]	Loss: 106.471207
[2022-10-20 01:52:03] PRINT Train Epoch: 10 [20480/60000 (34%)]	Loss: 106.628380
[2022-10-20 01:52:03] PRINT Train Epoch: 10 [21760/60000 (36%)]	Loss: 106.800049
[2022-10-20 01:52:03] PRINT Train Epoch: 10 [23040/60000 (38%)]	Loss: 107.525940
[2022-10-20 01:52:03] PRINT Train Epoch: 10 [24320/60000 (41%)]	Loss: 103.649429
[2022-10-20 01:52:04] PRINT Train Epoch: 10 [25600/60000 (43%)]	Loss: 107.870438
[2022-10-20 01:52:04] PRINT Train Epoch: 10 [26880/60000 (45%)]	Loss: 109.339340
[2022-10-20 01:52:04] PRINT Train Epoch: 10 [28160/60000 (47%)]	Loss: 106.976555
[2022-10-20 01:52:04] PRINT Train Epoch: 10 [29440/60000 (49%)]	Loss: 108.113930
[2022-10-20 01:52:04] PRINT Train Epoch: 10 [30720/60000 (51%)]	Loss: 105.766464
[2022-10-20 01:52:04] PRINT Train Epoch: 10 [32000/60000 (53%)]	Loss: 108.441757
[2022-10-20 01:52:04] PRINT Train Epoch: 10 [33280/60000 (55%)]	Loss: 106.490128
[2022-10-20 01:52:04] PRINT Train Epoch: 10 [34560/60000 (58%)]	Loss: 107.167007
[2022-10-20 01:52:04] PRINT Train Epoch: 10 [35840/60000 (60%)]	Loss: 104.602043
[2022-10-20 01:52:04] PRINT Train Epoch: 10 [37120/60000 (62%)]	Loss: 109.840912
[2022-10-20 01:52:04] PRINT Train Epoch: 10 [38400/60000 (64%)]	Loss: 104.386581
[2022-10-20 01:52:05] PRINT Train Epoch: 10 [39680/60000 (66%)]	Loss: 104.847763
[2022-10-20 01:52:05] PRINT Train Epoch: 10 [40960/60000 (68%)]	Loss: 106.799927
[2022-10-20 01:52:05] PRINT Train Epoch: 10 [42240/60000 (70%)]	Loss: 103.962852
[2022-10-20 01:52:05] PRINT Train Epoch: 10 [43520/60000 (72%)]	Loss: 108.146317
[2022-10-20 01:52:05] PRINT Train Epoch: 10 [44800/60000 (75%)]	Loss: 106.246216
[2022-10-20 01:52:05] PRINT Train Epoch: 10 [46080/60000 (77%)]	Loss: 105.694244
[2022-10-20 01:52:05] PRINT Train Epoch: 10 [47360/60000 (79%)]	Loss: 109.921074
[2022-10-20 01:52:05] PRINT Train Epoch: 10 [48640/60000 (81%)]	Loss: 112.535881
[2022-10-20 01:52:05] PRINT Train Epoch: 10 [49920/60000 (83%)]	Loss: 110.923897
[2022-10-20 01:52:05] PRINT Train Epoch: 10 [51200/60000 (85%)]	Loss: 105.955093
[2022-10-20 01:52:05] PRINT Train Epoch: 10 [52480/60000 (87%)]	Loss: 108.226318
[2022-10-20 01:52:06] PRINT Train Epoch: 10 [53760/60000 (90%)]	Loss: 106.080505
[2022-10-20 01:52:06] PRINT Train Epoch: 10 [55040/60000 (92%)]	Loss: 107.380180
[2022-10-20 01:52:06] PRINT Train Epoch: 10 [56320/60000 (94%)]	Loss: 110.004845
[2022-10-20 01:52:06] PRINT Train Epoch: 10 [57600/60000 (96%)]	Loss: 110.840164
[2022-10-20 01:52:06] PRINT Train Epoch: 10 [58880/60000 (98%)]	Loss: 105.474564
[2022-10-20 01:52:06] PRINT ====> Epoch: 10 Average loss: 107.6568
[2022-10-20 01:52:07] PRINT ====> Test set loss: 107.5869
