[2022-10-20 01:49:06] PRINT {'features1': 400, 'features2': 40, 'lr': 0.0011122744672658984, 'epsilon': 1e-06}
[2022-10-20 01:49:06] PRINT Using cuda device
[2022-10-20 01:49:08] PRINT Train Epoch: 1 [0/60000 (0%)]	Loss: 549.053955
[2022-10-20 01:49:08] PRINT Train Epoch: 1 [1280/60000 (2%)]	Loss: 293.650909
[2022-10-20 01:49:08] PRINT Train Epoch: 1 [2560/60000 (4%)]	Loss: 236.806122
[2022-10-20 01:49:08] PRINT Train Epoch: 1 [3840/60000 (6%)]	Loss: 216.826981
[2022-10-20 01:49:08] PRINT Train Epoch: 1 [5120/60000 (9%)]	Loss: 216.077316
[2022-10-20 01:49:08] PRINT Train Epoch: 1 [6400/60000 (11%)]	Loss: 208.188110
[2022-10-20 01:49:08] PRINT Train Epoch: 1 [7680/60000 (13%)]	Loss: 197.794891
[2022-10-20 01:49:08] PRINT Train Epoch: 1 [8960/60000 (15%)]	Loss: 196.262741
[2022-10-20 01:49:08] PRINT Train Epoch: 1 [10240/60000 (17%)]	Loss: 197.761765
[2022-10-20 01:49:08] PRINT Train Epoch: 1 [11520/60000 (19%)]	Loss: 190.622025
[2022-10-20 01:49:08] PRINT Train Epoch: 1 [12800/60000 (21%)]	Loss: 181.758560
[2022-10-20 01:49:08] PRINT Train Epoch: 1 [14080/60000 (23%)]	Loss: 170.221252
[2022-10-20 01:49:09] PRINT Train Epoch: 1 [15360/60000 (26%)]	Loss: 174.427277
[2022-10-20 01:49:09] PRINT Train Epoch: 1 [16640/60000 (28%)]	Loss: 169.843857
[2022-10-20 01:49:09] PRINT Train Epoch: 1 [17920/60000 (30%)]	Loss: 162.190979
[2022-10-20 01:49:09] PRINT Train Epoch: 1 [19200/60000 (32%)]	Loss: 165.028519
[2022-10-20 01:49:09] PRINT Train Epoch: 1 [20480/60000 (34%)]	Loss: 166.496063
[2022-10-20 01:49:09] PRINT Train Epoch: 1 [21760/60000 (36%)]	Loss: 165.539352
[2022-10-20 01:49:09] PRINT Train Epoch: 1 [23040/60000 (38%)]	Loss: 158.424881
[2022-10-20 01:49:09] PRINT Train Epoch: 1 [24320/60000 (41%)]	Loss: 158.239807
[2022-10-20 01:49:09] PRINT Train Epoch: 1 [25600/60000 (43%)]	Loss: 150.893768
[2022-10-20 01:49:09] PRINT Train Epoch: 1 [26880/60000 (45%)]	Loss: 156.894821
[2022-10-20 01:49:10] PRINT Train Epoch: 1 [28160/60000 (47%)]	Loss: 154.621857
[2022-10-20 01:49:10] PRINT Train Epoch: 1 [29440/60000 (49%)]	Loss: 152.505951
[2022-10-20 01:49:10] PRINT Train Epoch: 1 [30720/60000 (51%)]	Loss: 151.075363
[2022-10-20 01:49:10] PRINT Train Epoch: 1 [32000/60000 (53%)]	Loss: 144.609055
[2022-10-20 01:49:10] PRINT Train Epoch: 1 [33280/60000 (55%)]	Loss: 148.959427
[2022-10-20 01:49:10] PRINT Train Epoch: 1 [34560/60000 (58%)]	Loss: 144.377167
[2022-10-20 01:49:10] PRINT Train Epoch: 1 [35840/60000 (60%)]	Loss: 143.136505
[2022-10-20 01:49:10] PRINT Train Epoch: 1 [37120/60000 (62%)]	Loss: 141.786194
[2022-10-20 01:49:10] PRINT Train Epoch: 1 [38400/60000 (64%)]	Loss: 146.436493
[2022-10-20 01:49:10] PRINT Train Epoch: 1 [39680/60000 (66%)]	Loss: 138.847122
[2022-10-20 01:49:10] PRINT Train Epoch: 1 [40960/60000 (68%)]	Loss: 139.397888
[2022-10-20 01:49:10] PRINT Train Epoch: 1 [42240/60000 (70%)]	Loss: 138.029556
[2022-10-20 01:49:11] PRINT Train Epoch: 1 [43520/60000 (72%)]	Loss: 132.101166
[2022-10-20 01:49:11] PRINT Train Epoch: 1 [44800/60000 (75%)]	Loss: 137.496140
[2022-10-20 01:49:11] PRINT Train Epoch: 1 [46080/60000 (77%)]	Loss: 135.967743
[2022-10-20 01:49:11] PRINT Train Epoch: 1 [47360/60000 (79%)]	Loss: 133.418457
[2022-10-20 01:49:11] PRINT Train Epoch: 1 [48640/60000 (81%)]	Loss: 139.478714
[2022-10-20 01:49:11] PRINT Train Epoch: 1 [49920/60000 (83%)]	Loss: 133.344818
[2022-10-20 01:49:11] PRINT Train Epoch: 1 [51200/60000 (85%)]	Loss: 133.838867
[2022-10-20 01:49:11] PRINT Train Epoch: 1 [52480/60000 (87%)]	Loss: 130.716370
[2022-10-20 01:49:11] PRINT Train Epoch: 1 [53760/60000 (90%)]	Loss: 138.633957
[2022-10-20 01:49:11] PRINT Train Epoch: 1 [55040/60000 (92%)]	Loss: 132.085876
[2022-10-20 01:49:11] PRINT Train Epoch: 1 [56320/60000 (94%)]	Loss: 131.997406
[2022-10-20 01:49:12] PRINT Train Epoch: 1 [57600/60000 (96%)]	Loss: 134.162704
[2022-10-20 01:49:12] PRINT Train Epoch: 1 [58880/60000 (98%)]	Loss: 131.050507
[2022-10-20 01:49:12] PRINT ====> Epoch: 1 Average loss: 164.7715
[2022-10-20 01:49:12] PRINT ====> Test set loss: 130.4439
[2022-10-20 01:49:12] PRINT Train Epoch: 2 [0/60000 (0%)]	Loss: 131.068161
[2022-10-20 01:49:13] PRINT Train Epoch: 2 [1280/60000 (2%)]	Loss: 132.204544
[2022-10-20 01:49:13] PRINT Train Epoch: 2 [2560/60000 (4%)]	Loss: 129.880875
[2022-10-20 01:49:13] PRINT Train Epoch: 2 [3840/60000 (6%)]	Loss: 132.332306
[2022-10-20 01:49:13] PRINT Train Epoch: 2 [5120/60000 (9%)]	Loss: 127.500214
[2022-10-20 01:49:13] PRINT Train Epoch: 2 [6400/60000 (11%)]	Loss: 128.981674
[2022-10-20 01:49:13] PRINT Train Epoch: 2 [7680/60000 (13%)]	Loss: 127.193031
[2022-10-20 01:49:13] PRINT Train Epoch: 2 [8960/60000 (15%)]	Loss: 125.798874
[2022-10-20 01:49:13] PRINT Train Epoch: 2 [10240/60000 (17%)]	Loss: 130.808746
[2022-10-20 01:49:13] PRINT Train Epoch: 2 [11520/60000 (19%)]	Loss: 127.049820
[2022-10-20 01:49:13] PRINT Train Epoch: 2 [12800/60000 (21%)]	Loss: 129.122284
[2022-10-20 01:49:13] PRINT Train Epoch: 2 [14080/60000 (23%)]	Loss: 128.252060
[2022-10-20 01:49:13] PRINT Train Epoch: 2 [15360/60000 (26%)]	Loss: 125.688759
[2022-10-20 01:49:14] PRINT Train Epoch: 2 [16640/60000 (28%)]	Loss: 129.753830
[2022-10-20 01:49:14] PRINT Train Epoch: 2 [17920/60000 (30%)]	Loss: 128.397491
[2022-10-20 01:49:14] PRINT Train Epoch: 2 [19200/60000 (32%)]	Loss: 123.341476
[2022-10-20 01:49:14] PRINT Train Epoch: 2 [20480/60000 (34%)]	Loss: 118.879135
[2022-10-20 01:49:14] PRINT Train Epoch: 2 [21760/60000 (36%)]	Loss: 124.280968
[2022-10-20 01:49:14] PRINT Train Epoch: 2 [23040/60000 (38%)]	Loss: 129.546021
[2022-10-20 01:49:14] PRINT Train Epoch: 2 [24320/60000 (41%)]	Loss: 121.970612
[2022-10-20 01:49:14] PRINT Train Epoch: 2 [25600/60000 (43%)]	Loss: 127.848770
[2022-10-20 01:49:14] PRINT Train Epoch: 2 [26880/60000 (45%)]	Loss: 121.959724
[2022-10-20 01:49:14] PRINT Train Epoch: 2 [28160/60000 (47%)]	Loss: 125.262810
[2022-10-20 01:49:14] PRINT Train Epoch: 2 [29440/60000 (49%)]	Loss: 121.326874
[2022-10-20 01:49:14] PRINT Train Epoch: 2 [30720/60000 (51%)]	Loss: 118.189575
[2022-10-20 01:49:15] PRINT Train Epoch: 2 [32000/60000 (53%)]	Loss: 117.276810
[2022-10-20 01:49:15] PRINT Train Epoch: 2 [33280/60000 (55%)]	Loss: 124.498550
[2022-10-20 01:49:15] PRINT Train Epoch: 2 [34560/60000 (58%)]	Loss: 123.820900
[2022-10-20 01:49:15] PRINT Train Epoch: 2 [35840/60000 (60%)]	Loss: 119.173950
[2022-10-20 01:49:15] PRINT Train Epoch: 2 [37120/60000 (62%)]	Loss: 123.812904
[2022-10-20 01:49:15] PRINT Train Epoch: 2 [38400/60000 (64%)]	Loss: 119.921608
[2022-10-20 01:49:15] PRINT Train Epoch: 2 [39680/60000 (66%)]	Loss: 125.742416
[2022-10-20 01:49:15] PRINT Train Epoch: 2 [40960/60000 (68%)]	Loss: 118.325195
[2022-10-20 01:49:15] PRINT Train Epoch: 2 [42240/60000 (70%)]	Loss: 119.495895
[2022-10-20 01:49:15] PRINT Train Epoch: 2 [43520/60000 (72%)]	Loss: 125.655670
[2022-10-20 01:49:15] PRINT Train Epoch: 2 [44800/60000 (75%)]	Loss: 125.432320
[2022-10-20 01:49:15] PRINT Train Epoch: 2 [46080/60000 (77%)]	Loss: 126.952209
[2022-10-20 01:49:16] PRINT Train Epoch: 2 [47360/60000 (79%)]	Loss: 122.757271
[2022-10-20 01:49:16] PRINT Train Epoch: 2 [48640/60000 (81%)]	Loss: 120.298615
[2022-10-20 01:49:16] PRINT Train Epoch: 2 [49920/60000 (83%)]	Loss: 119.401039
[2022-10-20 01:49:16] PRINT Train Epoch: 2 [51200/60000 (85%)]	Loss: 120.753799
[2022-10-20 01:49:16] PRINT Train Epoch: 2 [52480/60000 (87%)]	Loss: 120.257858
[2022-10-20 01:49:16] PRINT Train Epoch: 2 [53760/60000 (90%)]	Loss: 115.558060
[2022-10-20 01:49:16] PRINT Train Epoch: 2 [55040/60000 (92%)]	Loss: 119.030037
[2022-10-20 01:49:16] PRINT Train Epoch: 2 [56320/60000 (94%)]	Loss: 117.230377
[2022-10-20 01:49:16] PRINT Train Epoch: 2 [57600/60000 (96%)]	Loss: 118.914444
[2022-10-20 01:49:16] PRINT Train Epoch: 2 [58880/60000 (98%)]	Loss: 121.285019
[2022-10-20 01:49:16] PRINT ====> Epoch: 2 Average loss: 124.1066
[2022-10-20 01:49:17] PRINT ====> Test set loss: 117.9809
[2022-10-20 01:49:17] PRINT Train Epoch: 3 [0/60000 (0%)]	Loss: 113.689102
[2022-10-20 01:49:17] PRINT Train Epoch: 3 [1280/60000 (2%)]	Loss: 117.016403
[2022-10-20 01:49:17] PRINT Train Epoch: 3 [2560/60000 (4%)]	Loss: 119.507172
[2022-10-20 01:49:17] PRINT Train Epoch: 3 [3840/60000 (6%)]	Loss: 120.162506
[2022-10-20 01:49:17] PRINT Train Epoch: 3 [5120/60000 (9%)]	Loss: 114.340698
[2022-10-20 01:49:18] PRINT Train Epoch: 3 [6400/60000 (11%)]	Loss: 114.725739
[2022-10-20 01:49:18] PRINT Train Epoch: 3 [7680/60000 (13%)]	Loss: 119.848999
[2022-10-20 01:49:18] PRINT Train Epoch: 3 [8960/60000 (15%)]	Loss: 117.291939
[2022-10-20 01:49:18] PRINT Train Epoch: 3 [10240/60000 (17%)]	Loss: 117.612427
[2022-10-20 01:49:18] PRINT Train Epoch: 3 [11520/60000 (19%)]	Loss: 115.787514
[2022-10-20 01:49:18] PRINT Train Epoch: 3 [12800/60000 (21%)]	Loss: 118.021667
[2022-10-20 01:49:18] PRINT Train Epoch: 3 [14080/60000 (23%)]	Loss: 118.724495
[2022-10-20 01:49:18] PRINT Train Epoch: 3 [15360/60000 (26%)]	Loss: 115.664268
[2022-10-20 01:49:18] PRINT Train Epoch: 3 [16640/60000 (28%)]	Loss: 120.322128
[2022-10-20 01:49:18] PRINT Train Epoch: 3 [17920/60000 (30%)]	Loss: 117.618515
[2022-10-20 01:49:18] PRINT Train Epoch: 3 [19200/60000 (32%)]	Loss: 120.316086
[2022-10-20 01:49:19] PRINT Train Epoch: 3 [20480/60000 (34%)]	Loss: 115.735886
[2022-10-20 01:49:19] PRINT Train Epoch: 3 [21760/60000 (36%)]	Loss: 117.673409
[2022-10-20 01:49:19] PRINT Train Epoch: 3 [23040/60000 (38%)]	Loss: 117.639954
[2022-10-20 01:49:19] PRINT Train Epoch: 3 [24320/60000 (41%)]	Loss: 117.557236
[2022-10-20 01:49:19] PRINT Train Epoch: 3 [25600/60000 (43%)]	Loss: 117.244370
[2022-10-20 01:49:19] PRINT Train Epoch: 3 [26880/60000 (45%)]	Loss: 115.112343
[2022-10-20 01:49:19] PRINT Train Epoch: 3 [28160/60000 (47%)]	Loss: 117.657272
[2022-10-20 01:49:19] PRINT Train Epoch: 3 [29440/60000 (49%)]	Loss: 111.173225
[2022-10-20 01:49:19] PRINT Train Epoch: 3 [30720/60000 (51%)]	Loss: 113.097282
[2022-10-20 01:49:19] PRINT Train Epoch: 3 [32000/60000 (53%)]	Loss: 117.095131
[2022-10-20 01:49:19] PRINT Train Epoch: 3 [33280/60000 (55%)]	Loss: 116.897659
[2022-10-20 01:49:20] PRINT Train Epoch: 3 [34560/60000 (58%)]	Loss: 115.312256
[2022-10-20 01:49:20] PRINT Train Epoch: 3 [35840/60000 (60%)]	Loss: 115.782227
[2022-10-20 01:49:20] PRINT Train Epoch: 3 [37120/60000 (62%)]	Loss: 116.968918
[2022-10-20 01:49:20] PRINT Train Epoch: 3 [38400/60000 (64%)]	Loss: 114.546303
[2022-10-20 01:49:20] PRINT Train Epoch: 3 [39680/60000 (66%)]	Loss: 116.259674
[2022-10-20 01:49:20] PRINT Train Epoch: 3 [40960/60000 (68%)]	Loss: 112.222015
[2022-10-20 01:49:20] PRINT Train Epoch: 3 [42240/60000 (70%)]	Loss: 118.472275
[2022-10-20 01:49:20] PRINT Train Epoch: 3 [43520/60000 (72%)]	Loss: 113.091156
[2022-10-20 01:49:20] PRINT Train Epoch: 3 [44800/60000 (75%)]	Loss: 113.442871
[2022-10-20 01:49:20] PRINT Train Epoch: 3 [46080/60000 (77%)]	Loss: 116.742416
[2022-10-20 01:49:20] PRINT Train Epoch: 3 [47360/60000 (79%)]	Loss: 114.211334
[2022-10-20 01:49:21] PRINT Train Epoch: 3 [48640/60000 (81%)]	Loss: 118.378860
[2022-10-20 01:49:21] PRINT Train Epoch: 3 [49920/60000 (83%)]	Loss: 114.112633
[2022-10-20 01:49:21] PRINT Train Epoch: 3 [51200/60000 (85%)]	Loss: 116.343872
[2022-10-20 01:49:21] PRINT Train Epoch: 3 [52480/60000 (87%)]	Loss: 111.170746
[2022-10-20 01:49:21] PRINT Train Epoch: 3 [53760/60000 (90%)]	Loss: 116.301590
[2022-10-20 01:49:21] PRINT Train Epoch: 3 [55040/60000 (92%)]	Loss: 113.669846
[2022-10-20 01:49:21] PRINT Train Epoch: 3 [56320/60000 (94%)]	Loss: 118.494873
[2022-10-20 01:49:21] PRINT Train Epoch: 3 [57600/60000 (96%)]	Loss: 109.050827
[2022-10-20 01:49:21] PRINT Train Epoch: 3 [58880/60000 (98%)]	Loss: 112.778580
[2022-10-20 01:49:21] PRINT ====> Epoch: 3 Average loss: 115.9583
[2022-10-20 01:49:22] PRINT ====> Test set loss: 112.9448
[2022-10-20 01:49:22] PRINT Train Epoch: 4 [0/60000 (0%)]	Loss: 120.222992
[2022-10-20 01:49:22] PRINT Train Epoch: 4 [1280/60000 (2%)]	Loss: 113.632996
[2022-10-20 01:49:22] PRINT Train Epoch: 4 [2560/60000 (4%)]	Loss: 110.265877
[2022-10-20 01:49:22] PRINT Train Epoch: 4 [3840/60000 (6%)]	Loss: 113.331879
[2022-10-20 01:49:23] PRINT Train Epoch: 4 [5120/60000 (9%)]	Loss: 113.024338
[2022-10-20 01:49:23] PRINT Train Epoch: 4 [6400/60000 (11%)]	Loss: 119.343170
[2022-10-20 01:49:23] PRINT Train Epoch: 4 [7680/60000 (13%)]	Loss: 115.628807
[2022-10-20 01:49:23] PRINT Train Epoch: 4 [8960/60000 (15%)]	Loss: 112.218796
[2022-10-20 01:49:23] PRINT Train Epoch: 4 [10240/60000 (17%)]	Loss: 109.754570
[2022-10-20 01:49:23] PRINT Train Epoch: 4 [11520/60000 (19%)]	Loss: 113.170479
[2022-10-20 01:49:23] PRINT Train Epoch: 4 [12800/60000 (21%)]	Loss: 113.950073
[2022-10-20 01:49:23] PRINT Train Epoch: 4 [14080/60000 (23%)]	Loss: 112.912605
[2022-10-20 01:49:23] PRINT Train Epoch: 4 [15360/60000 (26%)]	Loss: 112.145508
[2022-10-20 01:49:23] PRINT Train Epoch: 4 [16640/60000 (28%)]	Loss: 111.106407
[2022-10-20 01:49:23] PRINT Train Epoch: 4 [17920/60000 (30%)]	Loss: 109.733276
[2022-10-20 01:49:23] PRINT Train Epoch: 4 [19200/60000 (32%)]	Loss: 115.516945
[2022-10-20 01:49:24] PRINT Train Epoch: 4 [20480/60000 (34%)]	Loss: 107.200623
[2022-10-20 01:49:24] PRINT Train Epoch: 4 [21760/60000 (36%)]	Loss: 113.632973
[2022-10-20 01:49:24] PRINT Train Epoch: 4 [23040/60000 (38%)]	Loss: 106.737930
[2022-10-20 01:49:24] PRINT Train Epoch: 4 [24320/60000 (41%)]	Loss: 115.030487
[2022-10-20 01:49:24] PRINT Train Epoch: 4 [25600/60000 (43%)]	Loss: 109.248993
[2022-10-20 01:49:24] PRINT Train Epoch: 4 [26880/60000 (45%)]	Loss: 112.112640
[2022-10-20 01:49:24] PRINT Train Epoch: 4 [28160/60000 (47%)]	Loss: 110.164207
[2022-10-20 01:49:24] PRINT Train Epoch: 4 [29440/60000 (49%)]	Loss: 109.605278
[2022-10-20 01:49:24] PRINT Train Epoch: 4 [30720/60000 (51%)]	Loss: 112.600899
[2022-10-20 01:49:24] PRINT Train Epoch: 4 [32000/60000 (53%)]	Loss: 112.474304
[2022-10-20 01:49:25] PRINT Train Epoch: 4 [33280/60000 (55%)]	Loss: 115.665901
[2022-10-20 01:49:25] PRINT Train Epoch: 4 [34560/60000 (58%)]	Loss: 112.298767
[2022-10-20 01:49:25] PRINT Train Epoch: 4 [35840/60000 (60%)]	Loss: 109.260262
[2022-10-20 01:49:25] PRINT Train Epoch: 4 [37120/60000 (62%)]	Loss: 112.653961
[2022-10-20 01:49:25] PRINT Train Epoch: 4 [38400/60000 (64%)]	Loss: 109.757599
[2022-10-20 01:49:25] PRINT Train Epoch: 4 [39680/60000 (66%)]	Loss: 107.210419
[2022-10-20 01:49:25] PRINT Train Epoch: 4 [40960/60000 (68%)]	Loss: 111.265579
[2022-10-20 01:49:25] PRINT Train Epoch: 4 [42240/60000 (70%)]	Loss: 106.729958
[2022-10-20 01:49:25] PRINT Train Epoch: 4 [43520/60000 (72%)]	Loss: 111.890503
[2022-10-20 01:49:25] PRINT Train Epoch: 4 [44800/60000 (75%)]	Loss: 112.792458
[2022-10-20 01:49:25] PRINT Train Epoch: 4 [46080/60000 (77%)]	Loss: 114.037743
[2022-10-20 01:49:26] PRINT Train Epoch: 4 [47360/60000 (79%)]	Loss: 112.102135
[2022-10-20 01:49:26] PRINT Train Epoch: 4 [48640/60000 (81%)]	Loss: 113.808525
[2022-10-20 01:49:26] PRINT Train Epoch: 4 [49920/60000 (83%)]	Loss: 107.717545
[2022-10-20 01:49:26] PRINT Train Epoch: 4 [51200/60000 (85%)]	Loss: 112.728409
[2022-10-20 01:49:26] PRINT Train Epoch: 4 [52480/60000 (87%)]	Loss: 115.886475
[2022-10-20 01:49:26] PRINT Train Epoch: 4 [53760/60000 (90%)]	Loss: 109.536682
[2022-10-20 01:49:26] PRINT Train Epoch: 4 [55040/60000 (92%)]	Loss: 113.597168
[2022-10-20 01:49:26] PRINT Train Epoch: 4 [56320/60000 (94%)]	Loss: 113.188370
[2022-10-20 01:49:26] PRINT Train Epoch: 4 [57600/60000 (96%)]	Loss: 115.057648
[2022-10-20 01:49:26] PRINT Train Epoch: 4 [58880/60000 (98%)]	Loss: 108.455238
[2022-10-20 01:49:26] PRINT ====> Epoch: 4 Average loss: 112.2031
[2022-10-20 01:49:27] PRINT ====> Test set loss: 110.3442
[2022-10-20 01:49:27] PRINT Train Epoch: 5 [0/60000 (0%)]	Loss: 114.538406
[2022-10-20 01:49:27] PRINT Train Epoch: 5 [1280/60000 (2%)]	Loss: 112.096085
[2022-10-20 01:49:27] PRINT Train Epoch: 5 [2560/60000 (4%)]	Loss: 114.746674
[2022-10-20 01:49:27] PRINT Train Epoch: 5 [3840/60000 (6%)]	Loss: 116.869949
[2022-10-20 01:49:28] PRINT Train Epoch: 5 [5120/60000 (9%)]	Loss: 112.144974
[2022-10-20 01:49:28] PRINT Train Epoch: 5 [6400/60000 (11%)]	Loss: 113.426880
[2022-10-20 01:49:28] PRINT Train Epoch: 5 [7680/60000 (13%)]	Loss: 109.776665
[2022-10-20 01:49:28] PRINT Train Epoch: 5 [8960/60000 (15%)]	Loss: 111.263260
[2022-10-20 01:49:28] PRINT Train Epoch: 5 [10240/60000 (17%)]	Loss: 109.852356
[2022-10-20 01:49:28] PRINT Train Epoch: 5 [11520/60000 (19%)]	Loss: 112.779785
[2022-10-20 01:49:28] PRINT Train Epoch: 5 [12800/60000 (21%)]	Loss: 113.615219
[2022-10-20 01:49:28] PRINT Train Epoch: 5 [14080/60000 (23%)]	Loss: 109.290840
[2022-10-20 01:49:28] PRINT Train Epoch: 5 [15360/60000 (26%)]	Loss: 113.582558
[2022-10-20 01:49:28] PRINT Train Epoch: 5 [16640/60000 (28%)]	Loss: 107.176483
[2022-10-20 01:49:28] PRINT Train Epoch: 5 [17920/60000 (30%)]	Loss: 110.146851
[2022-10-20 01:49:29] PRINT Train Epoch: 5 [19200/60000 (32%)]	Loss: 110.660744
[2022-10-20 01:49:29] PRINT Train Epoch: 5 [20480/60000 (34%)]	Loss: 111.292267
[2022-10-20 01:49:29] PRINT Train Epoch: 5 [21760/60000 (36%)]	Loss: 111.088371
[2022-10-20 01:49:29] PRINT Train Epoch: 5 [23040/60000 (38%)]	Loss: 112.092911
[2022-10-20 01:49:29] PRINT Train Epoch: 5 [24320/60000 (41%)]	Loss: 113.648613
[2022-10-20 01:49:29] PRINT Train Epoch: 5 [25600/60000 (43%)]	Loss: 112.018021
[2022-10-20 01:49:29] PRINT Train Epoch: 5 [26880/60000 (45%)]	Loss: 109.652954
[2022-10-20 01:49:29] PRINT Train Epoch: 5 [28160/60000 (47%)]	Loss: 110.053482
[2022-10-20 01:49:29] PRINT Train Epoch: 5 [29440/60000 (49%)]	Loss: 107.806335
[2022-10-20 01:49:29] PRINT Train Epoch: 5 [30720/60000 (51%)]	Loss: 109.537994
[2022-10-20 01:49:29] PRINT Train Epoch: 5 [32000/60000 (53%)]	Loss: 108.196953
[2022-10-20 01:49:29] PRINT Train Epoch: 5 [33280/60000 (55%)]	Loss: 107.434029
[2022-10-20 01:49:30] PRINT Train Epoch: 5 [34560/60000 (58%)]	Loss: 104.859810
[2022-10-20 01:49:30] PRINT Train Epoch: 5 [35840/60000 (60%)]	Loss: 111.823273
[2022-10-20 01:49:30] PRINT Train Epoch: 5 [37120/60000 (62%)]	Loss: 110.746353
[2022-10-20 01:49:30] PRINT Train Epoch: 5 [38400/60000 (64%)]	Loss: 111.732346
[2022-10-20 01:49:30] PRINT Train Epoch: 5 [39680/60000 (66%)]	Loss: 110.264526
[2022-10-20 01:49:30] PRINT Train Epoch: 5 [40960/60000 (68%)]	Loss: 110.546707
[2022-10-20 01:49:30] PRINT Train Epoch: 5 [42240/60000 (70%)]	Loss: 109.868195
[2022-10-20 01:49:30] PRINT Train Epoch: 5 [43520/60000 (72%)]	Loss: 118.015930
[2022-10-20 01:49:30] PRINT Train Epoch: 5 [44800/60000 (75%)]	Loss: 110.404358
[2022-10-20 01:49:30] PRINT Train Epoch: 5 [46080/60000 (77%)]	Loss: 108.157013
[2022-10-20 01:49:30] PRINT Train Epoch: 5 [47360/60000 (79%)]	Loss: 109.695755
[2022-10-20 01:49:31] PRINT Train Epoch: 5 [48640/60000 (81%)]	Loss: 112.111771
[2022-10-20 01:49:31] PRINT Train Epoch: 5 [49920/60000 (83%)]	Loss: 111.259995
[2022-10-20 01:49:31] PRINT Train Epoch: 5 [51200/60000 (85%)]	Loss: 107.697571
[2022-10-20 01:49:31] PRINT Train Epoch: 5 [52480/60000 (87%)]	Loss: 107.779297
[2022-10-20 01:49:31] PRINT Train Epoch: 5 [53760/60000 (90%)]	Loss: 110.090149
[2022-10-20 01:49:31] PRINT Train Epoch: 5 [55040/60000 (92%)]	Loss: 114.334770
[2022-10-20 01:49:31] PRINT Train Epoch: 5 [56320/60000 (94%)]	Loss: 110.901154
[2022-10-20 01:49:31] PRINT Train Epoch: 5 [57600/60000 (96%)]	Loss: 108.873962
[2022-10-20 01:49:31] PRINT Train Epoch: 5 [58880/60000 (98%)]	Loss: 110.999268
[2022-10-20 01:49:31] PRINT ====> Epoch: 5 Average loss: 110.0916
[2022-10-20 01:49:32] PRINT ====> Test set loss: 108.8380
[2022-10-20 01:49:32] PRINT Train Epoch: 6 [0/60000 (0%)]	Loss: 109.968361
[2022-10-20 01:49:32] PRINT Train Epoch: 6 [1280/60000 (2%)]	Loss: 112.944656
[2022-10-20 01:49:32] PRINT Train Epoch: 6 [2560/60000 (4%)]	Loss: 110.438461
[2022-10-20 01:49:32] PRINT Train Epoch: 6 [3840/60000 (6%)]	Loss: 110.122314
[2022-10-20 01:49:33] PRINT Train Epoch: 6 [5120/60000 (9%)]	Loss: 109.698082
[2022-10-20 01:49:33] PRINT Train Epoch: 6 [6400/60000 (11%)]	Loss: 107.499779
[2022-10-20 01:49:33] PRINT Train Epoch: 6 [7680/60000 (13%)]	Loss: 106.024498
[2022-10-20 01:49:33] PRINT Train Epoch: 6 [8960/60000 (15%)]	Loss: 108.693779
[2022-10-20 01:49:33] PRINT Train Epoch: 6 [10240/60000 (17%)]	Loss: 116.389496
[2022-10-20 01:49:33] PRINT Train Epoch: 6 [11520/60000 (19%)]	Loss: 110.434990
[2022-10-20 01:49:33] PRINT Train Epoch: 6 [12800/60000 (21%)]	Loss: 110.789337
[2022-10-20 01:49:33] PRINT Train Epoch: 6 [14080/60000 (23%)]	Loss: 109.373825
[2022-10-20 01:49:33] PRINT Train Epoch: 6 [15360/60000 (26%)]	Loss: 110.938477
[2022-10-20 01:49:33] PRINT Train Epoch: 6 [16640/60000 (28%)]	Loss: 105.729019
[2022-10-20 01:49:33] PRINT Train Epoch: 6 [17920/60000 (30%)]	Loss: 105.746574
[2022-10-20 01:49:34] PRINT Train Epoch: 6 [19200/60000 (32%)]	Loss: 111.348160
[2022-10-20 01:49:34] PRINT Train Epoch: 6 [20480/60000 (34%)]	Loss: 109.677238
[2022-10-20 01:49:34] PRINT Train Epoch: 6 [21760/60000 (36%)]	Loss: 103.014221
[2022-10-20 01:49:34] PRINT Train Epoch: 6 [23040/60000 (38%)]	Loss: 101.163124
[2022-10-20 01:49:34] PRINT Train Epoch: 6 [24320/60000 (41%)]	Loss: 106.686501
[2022-10-20 01:49:34] PRINT Train Epoch: 6 [25600/60000 (43%)]	Loss: 112.205490
[2022-10-20 01:49:34] PRINT Train Epoch: 6 [26880/60000 (45%)]	Loss: 107.499641
[2022-10-20 01:49:34] PRINT Train Epoch: 6 [28160/60000 (47%)]	Loss: 105.790833
[2022-10-20 01:49:34] PRINT Train Epoch: 6 [29440/60000 (49%)]	Loss: 106.087891
[2022-10-20 01:49:34] PRINT Train Epoch: 6 [30720/60000 (51%)]	Loss: 108.984436
[2022-10-20 01:49:34] PRINT Train Epoch: 6 [32000/60000 (53%)]	Loss: 107.268860
[2022-10-20 01:49:35] PRINT Train Epoch: 6 [33280/60000 (55%)]	Loss: 112.420006
[2022-10-20 01:49:35] PRINT Train Epoch: 6 [34560/60000 (58%)]	Loss: 111.483063
[2022-10-20 01:49:35] PRINT Train Epoch: 6 [35840/60000 (60%)]	Loss: 106.181107
[2022-10-20 01:49:35] PRINT Train Epoch: 6 [37120/60000 (62%)]	Loss: 113.716705
[2022-10-20 01:49:35] PRINT Train Epoch: 6 [38400/60000 (64%)]	Loss: 111.630409
[2022-10-20 01:49:35] PRINT Train Epoch: 6 [39680/60000 (66%)]	Loss: 107.391556
[2022-10-20 01:49:35] PRINT Train Epoch: 6 [40960/60000 (68%)]	Loss: 108.668030
[2022-10-20 01:49:35] PRINT Train Epoch: 6 [42240/60000 (70%)]	Loss: 111.976761
[2022-10-20 01:49:35] PRINT Train Epoch: 6 [43520/60000 (72%)]	Loss: 109.702805
[2022-10-20 01:49:35] PRINT Train Epoch: 6 [44800/60000 (75%)]	Loss: 108.191589
[2022-10-20 01:49:35] PRINT Train Epoch: 6 [46080/60000 (77%)]	Loss: 105.787369
[2022-10-20 01:49:36] PRINT Train Epoch: 6 [47360/60000 (79%)]	Loss: 106.648804
[2022-10-20 01:49:36] PRINT Train Epoch: 6 [48640/60000 (81%)]	Loss: 109.362740
[2022-10-20 01:49:36] PRINT Train Epoch: 6 [49920/60000 (83%)]	Loss: 107.345993
[2022-10-20 01:49:36] PRINT Train Epoch: 6 [51200/60000 (85%)]	Loss: 111.688171
[2022-10-20 01:49:36] PRINT Train Epoch: 6 [52480/60000 (87%)]	Loss: 110.104355
[2022-10-20 01:49:36] PRINT Train Epoch: 6 [53760/60000 (90%)]	Loss: 107.861168
[2022-10-20 01:49:36] PRINT Train Epoch: 6 [55040/60000 (92%)]	Loss: 106.713486
[2022-10-20 01:49:36] PRINT Train Epoch: 6 [56320/60000 (94%)]	Loss: 106.853958
[2022-10-20 01:49:36] PRINT Train Epoch: 6 [57600/60000 (96%)]	Loss: 109.795715
[2022-10-20 01:49:36] PRINT Train Epoch: 6 [58880/60000 (98%)]	Loss: 108.500603
[2022-10-20 01:49:36] PRINT ====> Epoch: 6 Average loss: 108.7776
[2022-10-20 01:49:37] PRINT ====> Test set loss: 107.8087
[2022-10-20 01:49:37] PRINT Train Epoch: 7 [0/60000 (0%)]	Loss: 107.748650
[2022-10-20 01:49:37] PRINT Train Epoch: 7 [1280/60000 (2%)]	Loss: 108.797356
[2022-10-20 01:49:37] PRINT Train Epoch: 7 [2560/60000 (4%)]	Loss: 110.508492
[2022-10-20 01:49:37] PRINT Train Epoch: 7 [3840/60000 (6%)]	Loss: 108.365807
[2022-10-20 01:49:38] PRINT Train Epoch: 7 [5120/60000 (9%)]	Loss: 108.519058
[2022-10-20 01:49:38] PRINT Train Epoch: 7 [6400/60000 (11%)]	Loss: 108.754494
[2022-10-20 01:49:38] PRINT Train Epoch: 7 [7680/60000 (13%)]	Loss: 106.854477
[2022-10-20 01:49:38] PRINT Train Epoch: 7 [8960/60000 (15%)]	Loss: 108.352463
[2022-10-20 01:49:38] PRINT Train Epoch: 7 [10240/60000 (17%)]	Loss: 106.372482
[2022-10-20 01:49:38] PRINT Train Epoch: 7 [11520/60000 (19%)]	Loss: 109.118729
[2022-10-20 01:49:38] PRINT Train Epoch: 7 [12800/60000 (21%)]	Loss: 105.579590
[2022-10-20 01:49:38] PRINT Train Epoch: 7 [14080/60000 (23%)]	Loss: 106.756920
[2022-10-20 01:49:38] PRINT Train Epoch: 7 [15360/60000 (26%)]	Loss: 106.937698
[2022-10-20 01:49:38] PRINT Train Epoch: 7 [16640/60000 (28%)]	Loss: 105.753906
[2022-10-20 01:49:38] PRINT Train Epoch: 7 [17920/60000 (30%)]	Loss: 107.599648
[2022-10-20 01:49:39] PRINT Train Epoch: 7 [19200/60000 (32%)]	Loss: 111.600281
[2022-10-20 01:49:39] PRINT Train Epoch: 7 [20480/60000 (34%)]	Loss: 107.363907
[2022-10-20 01:49:39] PRINT Train Epoch: 7 [21760/60000 (36%)]	Loss: 111.545593
[2022-10-20 01:49:39] PRINT Train Epoch: 7 [23040/60000 (38%)]	Loss: 108.234955
[2022-10-20 01:49:39] PRINT Train Epoch: 7 [24320/60000 (41%)]	Loss: 106.993698
[2022-10-20 01:49:39] PRINT Train Epoch: 7 [25600/60000 (43%)]	Loss: 112.481583
[2022-10-20 01:49:39] PRINT Train Epoch: 7 [26880/60000 (45%)]	Loss: 103.908440
[2022-10-20 01:49:39] PRINT Train Epoch: 7 [28160/60000 (47%)]	Loss: 106.336304
[2022-10-20 01:49:39] PRINT Train Epoch: 7 [29440/60000 (49%)]	Loss: 109.539841
[2022-10-20 01:49:39] PRINT Train Epoch: 7 [30720/60000 (51%)]	Loss: 106.677742
[2022-10-20 01:49:39] PRINT Train Epoch: 7 [32000/60000 (53%)]	Loss: 108.689484
[2022-10-20 01:49:40] PRINT Train Epoch: 7 [33280/60000 (55%)]	Loss: 108.704536
[2022-10-20 01:49:40] PRINT Train Epoch: 7 [34560/60000 (58%)]	Loss: 109.121391
[2022-10-20 01:49:40] PRINT Train Epoch: 7 [35840/60000 (60%)]	Loss: 106.329102
[2022-10-20 01:49:40] PRINT Train Epoch: 7 [37120/60000 (62%)]	Loss: 106.670799
[2022-10-20 01:49:40] PRINT Train Epoch: 7 [38400/60000 (64%)]	Loss: 103.266769
[2022-10-20 01:49:40] PRINT Train Epoch: 7 [39680/60000 (66%)]	Loss: 108.102600
[2022-10-20 01:49:40] PRINT Train Epoch: 7 [40960/60000 (68%)]	Loss: 110.855057
[2022-10-20 01:49:40] PRINT Train Epoch: 7 [42240/60000 (70%)]	Loss: 107.792328
[2022-10-20 01:49:40] PRINT Train Epoch: 7 [43520/60000 (72%)]	Loss: 108.002655
[2022-10-20 01:49:40] PRINT Train Epoch: 7 [44800/60000 (75%)]	Loss: 107.730743
[2022-10-20 01:49:40] PRINT Train Epoch: 7 [46080/60000 (77%)]	Loss: 107.925629
[2022-10-20 01:49:41] PRINT Train Epoch: 7 [47360/60000 (79%)]	Loss: 110.573166
[2022-10-20 01:49:41] PRINT Train Epoch: 7 [48640/60000 (81%)]	Loss: 111.738052
[2022-10-20 01:49:41] PRINT Train Epoch: 7 [49920/60000 (83%)]	Loss: 110.219742
[2022-10-20 01:49:41] PRINT Train Epoch: 7 [51200/60000 (85%)]	Loss: 109.641556
[2022-10-20 01:49:41] PRINT Train Epoch: 7 [52480/60000 (87%)]	Loss: 110.536995
[2022-10-20 01:49:41] PRINT Train Epoch: 7 [53760/60000 (90%)]	Loss: 106.046478
[2022-10-20 01:49:41] PRINT Train Epoch: 7 [55040/60000 (92%)]	Loss: 108.098045
[2022-10-20 01:49:41] PRINT Train Epoch: 7 [56320/60000 (94%)]	Loss: 106.363899
[2022-10-20 01:49:41] PRINT Train Epoch: 7 [57600/60000 (96%)]	Loss: 107.763351
[2022-10-20 01:49:41] PRINT Train Epoch: 7 [58880/60000 (98%)]	Loss: 108.178925
[2022-10-20 01:49:41] PRINT ====> Epoch: 7 Average loss: 107.8973
[2022-10-20 01:49:42] PRINT ====> Test set loss: 106.8873
[2022-10-20 01:49:42] PRINT Train Epoch: 8 [0/60000 (0%)]	Loss: 104.979553
[2022-10-20 01:49:42] PRINT Train Epoch: 8 [1280/60000 (2%)]	Loss: 104.106560
[2022-10-20 01:49:42] PRINT Train Epoch: 8 [2560/60000 (4%)]	Loss: 107.137260
[2022-10-20 01:49:42] PRINT Train Epoch: 8 [3840/60000 (6%)]	Loss: 104.042809
[2022-10-20 01:49:43] PRINT Train Epoch: 8 [5120/60000 (9%)]	Loss: 105.133118
[2022-10-20 01:49:43] PRINT Train Epoch: 8 [6400/60000 (11%)]	Loss: 102.738739
[2022-10-20 01:49:43] PRINT Train Epoch: 8 [7680/60000 (13%)]	Loss: 105.184807
[2022-10-20 01:49:43] PRINT Train Epoch: 8 [8960/60000 (15%)]	Loss: 106.289017
[2022-10-20 01:49:43] PRINT Train Epoch: 8 [10240/60000 (17%)]	Loss: 105.254105
[2022-10-20 01:49:43] PRINT Train Epoch: 8 [11520/60000 (19%)]	Loss: 107.684830
[2022-10-20 01:49:43] PRINT Train Epoch: 8 [12800/60000 (21%)]	Loss: 109.641853
[2022-10-20 01:49:43] PRINT Train Epoch: 8 [14080/60000 (23%)]	Loss: 111.162590
[2022-10-20 01:49:43] PRINT Train Epoch: 8 [15360/60000 (26%)]	Loss: 109.691055
[2022-10-20 01:49:43] PRINT Train Epoch: 8 [16640/60000 (28%)]	Loss: 108.069389
[2022-10-20 01:49:43] PRINT Train Epoch: 8 [17920/60000 (30%)]	Loss: 109.125427
[2022-10-20 01:49:44] PRINT Train Epoch: 8 [19200/60000 (32%)]	Loss: 109.078369
[2022-10-20 01:49:44] PRINT Train Epoch: 8 [20480/60000 (34%)]	Loss: 106.816994
[2022-10-20 01:49:44] PRINT Train Epoch: 8 [21760/60000 (36%)]	Loss: 105.819756
[2022-10-20 01:49:44] PRINT Train Epoch: 8 [23040/60000 (38%)]	Loss: 111.247719
[2022-10-20 01:49:44] PRINT Train Epoch: 8 [24320/60000 (41%)]	Loss: 107.352455
[2022-10-20 01:49:44] PRINT Train Epoch: 8 [25600/60000 (43%)]	Loss: 111.561264
[2022-10-20 01:49:44] PRINT Train Epoch: 8 [26880/60000 (45%)]	Loss: 104.941864
[2022-10-20 01:49:44] PRINT Train Epoch: 8 [28160/60000 (47%)]	Loss: 104.701019
[2022-10-20 01:49:44] PRINT Train Epoch: 8 [29440/60000 (49%)]	Loss: 106.058418
[2022-10-20 01:49:44] PRINT Train Epoch: 8 [30720/60000 (51%)]	Loss: 107.425888
[2022-10-20 01:49:44] PRINT Train Epoch: 8 [32000/60000 (53%)]	Loss: 106.718445
[2022-10-20 01:49:45] PRINT Train Epoch: 8 [33280/60000 (55%)]	Loss: 107.032394
[2022-10-20 01:49:45] PRINT Train Epoch: 8 [34560/60000 (58%)]	Loss: 104.908279
[2022-10-20 01:49:45] PRINT Train Epoch: 8 [35840/60000 (60%)]	Loss: 106.358406
[2022-10-20 01:49:45] PRINT Train Epoch: 8 [37120/60000 (62%)]	Loss: 106.195328
[2022-10-20 01:49:45] PRINT Train Epoch: 8 [38400/60000 (64%)]	Loss: 107.074799
[2022-10-20 01:49:45] PRINT Train Epoch: 8 [39680/60000 (66%)]	Loss: 110.585419
[2022-10-20 01:49:45] PRINT Train Epoch: 8 [40960/60000 (68%)]	Loss: 102.759193
[2022-10-20 01:49:45] PRINT Train Epoch: 8 [42240/60000 (70%)]	Loss: 107.125069
[2022-10-20 01:49:45] PRINT Train Epoch: 8 [43520/60000 (72%)]	Loss: 106.220093
[2022-10-20 01:49:45] PRINT Train Epoch: 8 [44800/60000 (75%)]	Loss: 102.866035
[2022-10-20 01:49:45] PRINT Train Epoch: 8 [46080/60000 (77%)]	Loss: 106.015396
[2022-10-20 01:49:46] PRINT Train Epoch: 8 [47360/60000 (79%)]	Loss: 108.216019
[2022-10-20 01:49:46] PRINT Train Epoch: 8 [48640/60000 (81%)]	Loss: 106.621994
[2022-10-20 01:49:46] PRINT Train Epoch: 8 [49920/60000 (83%)]	Loss: 107.724869
[2022-10-20 01:49:46] PRINT Train Epoch: 8 [51200/60000 (85%)]	Loss: 106.448967
[2022-10-20 01:49:46] PRINT Train Epoch: 8 [52480/60000 (87%)]	Loss: 109.513435
[2022-10-20 01:49:46] PRINT Train Epoch: 8 [53760/60000 (90%)]	Loss: 107.487907
[2022-10-20 01:49:46] PRINT Train Epoch: 8 [55040/60000 (92%)]	Loss: 104.056007
[2022-10-20 01:49:46] PRINT Train Epoch: 8 [56320/60000 (94%)]	Loss: 106.685974
[2022-10-20 01:49:46] PRINT Train Epoch: 8 [57600/60000 (96%)]	Loss: 104.377380
[2022-10-20 01:49:46] PRINT Train Epoch: 8 [58880/60000 (98%)]	Loss: 110.528625
[2022-10-20 01:49:46] PRINT ====> Epoch: 8 Average loss: 107.1513
[2022-10-20 01:49:47] PRINT ====> Test set loss: 106.5239
[2022-10-20 01:49:47] PRINT Train Epoch: 9 [0/60000 (0%)]	Loss: 108.986229
[2022-10-20 01:49:47] PRINT Train Epoch: 9 [1280/60000 (2%)]	Loss: 103.728508
[2022-10-20 01:49:47] PRINT Train Epoch: 9 [2560/60000 (4%)]	Loss: 105.898773
[2022-10-20 01:49:47] PRINT Train Epoch: 9 [3840/60000 (6%)]	Loss: 106.207695
[2022-10-20 01:49:48] PRINT Train Epoch: 9 [5120/60000 (9%)]	Loss: 110.071762
[2022-10-20 01:49:48] PRINT Train Epoch: 9 [6400/60000 (11%)]	Loss: 105.882233
[2022-10-20 01:49:48] PRINT Train Epoch: 9 [7680/60000 (13%)]	Loss: 108.576416
[2022-10-20 01:49:48] PRINT Train Epoch: 9 [8960/60000 (15%)]	Loss: 107.162323
[2022-10-20 01:49:48] PRINT Train Epoch: 9 [10240/60000 (17%)]	Loss: 105.821442
[2022-10-20 01:49:48] PRINT Train Epoch: 9 [11520/60000 (19%)]	Loss: 102.353180
[2022-10-20 01:49:48] PRINT Train Epoch: 9 [12800/60000 (21%)]	Loss: 106.398682
[2022-10-20 01:49:48] PRINT Train Epoch: 9 [14080/60000 (23%)]	Loss: 107.527924
[2022-10-20 01:49:48] PRINT Train Epoch: 9 [15360/60000 (26%)]	Loss: 109.655045
[2022-10-20 01:49:48] PRINT Train Epoch: 9 [16640/60000 (28%)]	Loss: 105.340179
[2022-10-20 01:49:48] PRINT Train Epoch: 9 [17920/60000 (30%)]	Loss: 106.912727
[2022-10-20 01:49:49] PRINT Train Epoch: 9 [19200/60000 (32%)]	Loss: 107.134972
[2022-10-20 01:49:49] PRINT Train Epoch: 9 [20480/60000 (34%)]	Loss: 104.632812
[2022-10-20 01:49:49] PRINT Train Epoch: 9 [21760/60000 (36%)]	Loss: 106.750664
[2022-10-20 01:49:49] PRINT Train Epoch: 9 [23040/60000 (38%)]	Loss: 106.144287
[2022-10-20 01:49:49] PRINT Train Epoch: 9 [24320/60000 (41%)]	Loss: 108.888641
[2022-10-20 01:49:49] PRINT Train Epoch: 9 [25600/60000 (43%)]	Loss: 106.966759
[2022-10-20 01:49:49] PRINT Train Epoch: 9 [26880/60000 (45%)]	Loss: 108.899109
[2022-10-20 01:49:49] PRINT Train Epoch: 9 [28160/60000 (47%)]	Loss: 101.552917
[2022-10-20 01:49:49] PRINT Train Epoch: 9 [29440/60000 (49%)]	Loss: 110.469711
[2022-10-20 01:49:49] PRINT Train Epoch: 9 [30720/60000 (51%)]	Loss: 103.394989
[2022-10-20 01:49:49] PRINT Train Epoch: 9 [32000/60000 (53%)]	Loss: 105.190186
[2022-10-20 01:49:49] PRINT Train Epoch: 9 [33280/60000 (55%)]	Loss: 102.965103
[2022-10-20 01:49:50] PRINT Train Epoch: 9 [34560/60000 (58%)]	Loss: 105.371628
[2022-10-20 01:49:50] PRINT Train Epoch: 9 [35840/60000 (60%)]	Loss: 108.624382
[2022-10-20 01:49:50] PRINT Train Epoch: 9 [37120/60000 (62%)]	Loss: 106.864182
[2022-10-20 01:49:50] PRINT Train Epoch: 9 [38400/60000 (64%)]	Loss: 105.132782
[2022-10-20 01:49:50] PRINT Train Epoch: 9 [39680/60000 (66%)]	Loss: 106.497284
[2022-10-20 01:49:50] PRINT Train Epoch: 9 [40960/60000 (68%)]	Loss: 103.583954
[2022-10-20 01:49:50] PRINT Train Epoch: 9 [42240/60000 (70%)]	Loss: 112.157936
[2022-10-20 01:49:50] PRINT Train Epoch: 9 [43520/60000 (72%)]	Loss: 107.283783
[2022-10-20 01:49:50] PRINT Train Epoch: 9 [44800/60000 (75%)]	Loss: 108.930489
[2022-10-20 01:49:50] PRINT Train Epoch: 9 [46080/60000 (77%)]	Loss: 103.924751
[2022-10-20 01:49:50] PRINT Train Epoch: 9 [47360/60000 (79%)]	Loss: 106.148521
[2022-10-20 01:49:51] PRINT Train Epoch: 9 [48640/60000 (81%)]	Loss: 105.516853
[2022-10-20 01:49:51] PRINT Train Epoch: 9 [49920/60000 (83%)]	Loss: 108.909172
[2022-10-20 01:49:51] PRINT Train Epoch: 9 [51200/60000 (85%)]	Loss: 107.439941
[2022-10-20 01:49:51] PRINT Train Epoch: 9 [52480/60000 (87%)]	Loss: 107.564346
[2022-10-20 01:49:51] PRINT Train Epoch: 9 [53760/60000 (90%)]	Loss: 108.226089
[2022-10-20 01:49:51] PRINT Train Epoch: 9 [55040/60000 (92%)]	Loss: 109.343742
[2022-10-20 01:49:51] PRINT Train Epoch: 9 [56320/60000 (94%)]	Loss: 104.933990
[2022-10-20 01:49:51] PRINT Train Epoch: 9 [57600/60000 (96%)]	Loss: 103.984436
[2022-10-20 01:49:51] PRINT Train Epoch: 9 [58880/60000 (98%)]	Loss: 111.236725
[2022-10-20 01:49:51] PRINT ====> Epoch: 9 Average loss: 106.7080
[2022-10-20 01:49:52] PRINT ====> Test set loss: 106.1230
[2022-10-20 01:49:52] PRINT Train Epoch: 10 [0/60000 (0%)]	Loss: 106.232491
[2022-10-20 01:49:52] PRINT Train Epoch: 10 [1280/60000 (2%)]	Loss: 100.292999
[2022-10-20 01:49:52] PRINT Train Epoch: 10 [2560/60000 (4%)]	Loss: 105.543541
[2022-10-20 01:49:52] PRINT Train Epoch: 10 [3840/60000 (6%)]	Loss: 104.557106
[2022-10-20 01:49:53] PRINT Train Epoch: 10 [5120/60000 (9%)]	Loss: 105.349716
[2022-10-20 01:49:53] PRINT Train Epoch: 10 [6400/60000 (11%)]	Loss: 108.706741
[2022-10-20 01:49:53] PRINT Train Epoch: 10 [7680/60000 (13%)]	Loss: 106.993744
[2022-10-20 01:49:53] PRINT Train Epoch: 10 [8960/60000 (15%)]	Loss: 108.619499
[2022-10-20 01:49:53] PRINT Train Epoch: 10 [10240/60000 (17%)]	Loss: 106.292221
[2022-10-20 01:49:53] PRINT Train Epoch: 10 [11520/60000 (19%)]	Loss: 106.829338
[2022-10-20 01:49:53] PRINT Train Epoch: 10 [12800/60000 (21%)]	Loss: 109.557632
[2022-10-20 01:49:53] PRINT Train Epoch: 10 [14080/60000 (23%)]	Loss: 107.540085
[2022-10-20 01:49:53] PRINT Train Epoch: 10 [15360/60000 (26%)]	Loss: 106.225754
[2022-10-20 01:49:53] PRINT Train Epoch: 10 [16640/60000 (28%)]	Loss: 103.937897
[2022-10-20 01:49:53] PRINT Train Epoch: 10 [17920/60000 (30%)]	Loss: 102.428253
[2022-10-20 01:49:54] PRINT Train Epoch: 10 [19200/60000 (32%)]	Loss: 104.734566
[2022-10-20 01:49:54] PRINT Train Epoch: 10 [20480/60000 (34%)]	Loss: 105.377151
[2022-10-20 01:49:54] PRINT Train Epoch: 10 [21760/60000 (36%)]	Loss: 105.606232
[2022-10-20 01:49:54] PRINT Train Epoch: 10 [23040/60000 (38%)]	Loss: 105.644943
[2022-10-20 01:49:54] PRINT Train Epoch: 10 [24320/60000 (41%)]	Loss: 103.120544
[2022-10-20 01:49:54] PRINT Train Epoch: 10 [25600/60000 (43%)]	Loss: 106.847610
[2022-10-20 01:49:54] PRINT Train Epoch: 10 [26880/60000 (45%)]	Loss: 107.417122
[2022-10-20 01:49:54] PRINT Train Epoch: 10 [28160/60000 (47%)]	Loss: 104.853027
[2022-10-20 01:49:54] PRINT Train Epoch: 10 [29440/60000 (49%)]	Loss: 106.813797
[2022-10-20 01:49:54] PRINT Train Epoch: 10 [30720/60000 (51%)]	Loss: 104.291260
[2022-10-20 01:49:54] PRINT Train Epoch: 10 [32000/60000 (53%)]	Loss: 107.848534
[2022-10-20 01:49:55] PRINT Train Epoch: 10 [33280/60000 (55%)]	Loss: 105.308975
[2022-10-20 01:49:55] PRINT Train Epoch: 10 [34560/60000 (58%)]	Loss: 105.550049
[2022-10-20 01:49:55] PRINT Train Epoch: 10 [35840/60000 (60%)]	Loss: 104.229233
[2022-10-20 01:49:55] PRINT Train Epoch: 10 [37120/60000 (62%)]	Loss: 106.832481
[2022-10-20 01:49:55] PRINT Train Epoch: 10 [38400/60000 (64%)]	Loss: 104.310181
[2022-10-20 01:49:55] PRINT Train Epoch: 10 [39680/60000 (66%)]	Loss: 103.715744
[2022-10-20 01:49:55] PRINT Train Epoch: 10 [40960/60000 (68%)]	Loss: 104.839180
[2022-10-20 01:49:55] PRINT Train Epoch: 10 [42240/60000 (70%)]	Loss: 102.728622
[2022-10-20 01:49:55] PRINT Train Epoch: 10 [43520/60000 (72%)]	Loss: 106.788460
[2022-10-20 01:49:55] PRINT Train Epoch: 10 [44800/60000 (75%)]	Loss: 104.740128
[2022-10-20 01:49:55] PRINT Train Epoch: 10 [46080/60000 (77%)]	Loss: 105.216202
[2022-10-20 01:49:56] PRINT Train Epoch: 10 [47360/60000 (79%)]	Loss: 108.503502
[2022-10-20 01:49:56] PRINT Train Epoch: 10 [48640/60000 (81%)]	Loss: 110.148926
[2022-10-20 01:49:56] PRINT Train Epoch: 10 [49920/60000 (83%)]	Loss: 110.339622
[2022-10-20 01:49:56] PRINT Train Epoch: 10 [51200/60000 (85%)]	Loss: 104.999573
[2022-10-20 01:49:56] PRINT Train Epoch: 10 [52480/60000 (87%)]	Loss: 105.938896
[2022-10-20 01:49:56] PRINT Train Epoch: 10 [53760/60000 (90%)]	Loss: 104.421677
[2022-10-20 01:49:56] PRINT Train Epoch: 10 [55040/60000 (92%)]	Loss: 106.587654
[2022-10-20 01:49:56] PRINT Train Epoch: 10 [56320/60000 (94%)]	Loss: 108.756096
[2022-10-20 01:49:56] PRINT Train Epoch: 10 [57600/60000 (96%)]	Loss: 108.136681
[2022-10-20 01:49:56] PRINT Train Epoch: 10 [58880/60000 (98%)]	Loss: 103.670937
[2022-10-20 01:49:56] PRINT ====> Epoch: 10 Average loss: 106.1962
[2022-10-20 01:49:57] PRINT ====> Test set loss: 105.4849
