[2022-10-19 23:18:33] PRINT {'features1': 400, 'features2': 10, 'lr': 0.005521577380774511, 'epsilon': 1e-06}
[2022-10-19 23:18:33] PRINT Using cuda device
[2022-10-19 23:18:34] PRINT Train Epoch: 1 [0/60000 (0%)]	Loss: 551.168335
[2022-10-19 23:18:34] PRINT Train Epoch: 1 [1280/60000 (2%)]	Loss: 216.050980
[2022-10-19 23:18:34] PRINT Train Epoch: 1 [2560/60000 (4%)]	Loss: 199.863037
[2022-10-19 23:18:35] PRINT Train Epoch: 1 [3840/60000 (6%)]	Loss: 189.718613
[2022-10-19 23:18:35] PRINT Train Epoch: 1 [5120/60000 (9%)]	Loss: 176.633972
[2022-10-19 23:18:35] PRINT Train Epoch: 1 [6400/60000 (11%)]	Loss: 178.914078
[2022-10-19 23:18:35] PRINT Train Epoch: 1 [7680/60000 (13%)]	Loss: 164.949600
[2022-10-19 23:18:35] PRINT Train Epoch: 1 [8960/60000 (15%)]	Loss: 159.745499
[2022-10-19 23:18:35] PRINT Train Epoch: 1 [10240/60000 (17%)]	Loss: 152.520615
[2022-10-19 23:18:35] PRINT Train Epoch: 1 [11520/60000 (19%)]	Loss: 146.028351
[2022-10-19 23:18:35] PRINT Train Epoch: 1 [12800/60000 (21%)]	Loss: 139.688583
[2022-10-19 23:18:35] PRINT Train Epoch: 1 [14080/60000 (23%)]	Loss: 136.764801
[2022-10-19 23:18:35] PRINT Train Epoch: 1 [15360/60000 (26%)]	Loss: 134.770432
[2022-10-19 23:18:36] PRINT Train Epoch: 1 [16640/60000 (28%)]	Loss: 132.191071
[2022-10-19 23:18:36] PRINT Train Epoch: 1 [17920/60000 (30%)]	Loss: 130.220886
[2022-10-19 23:18:36] PRINT Train Epoch: 1 [19200/60000 (32%)]	Loss: 139.637329
[2022-10-19 23:18:36] PRINT Train Epoch: 1 [20480/60000 (34%)]	Loss: 139.771667
[2022-10-19 23:18:36] PRINT Train Epoch: 1 [21760/60000 (36%)]	Loss: 135.767426
[2022-10-19 23:18:36] PRINT Train Epoch: 1 [23040/60000 (38%)]	Loss: 134.774338
[2022-10-19 23:18:36] PRINT Train Epoch: 1 [24320/60000 (41%)]	Loss: 131.751846
[2022-10-19 23:18:36] PRINT Train Epoch: 1 [25600/60000 (43%)]	Loss: 133.359802
[2022-10-19 23:18:36] PRINT Train Epoch: 1 [26880/60000 (45%)]	Loss: 129.652054
[2022-10-19 23:18:36] PRINT Train Epoch: 1 [28160/60000 (47%)]	Loss: 129.230118
[2022-10-19 23:18:37] PRINT Train Epoch: 1 [29440/60000 (49%)]	Loss: 132.156387
[2022-10-19 23:18:37] PRINT Train Epoch: 1 [30720/60000 (51%)]	Loss: 133.091705
[2022-10-19 23:18:37] PRINT Train Epoch: 1 [32000/60000 (53%)]	Loss: 119.421234
[2022-10-19 23:18:37] PRINT Train Epoch: 1 [33280/60000 (55%)]	Loss: 126.515930
[2022-10-19 23:18:37] PRINT Train Epoch: 1 [34560/60000 (58%)]	Loss: 128.908905
[2022-10-19 23:18:37] PRINT Train Epoch: 1 [35840/60000 (60%)]	Loss: 121.491791
[2022-10-19 23:18:37] PRINT Train Epoch: 1 [37120/60000 (62%)]	Loss: 126.461914
[2022-10-19 23:18:37] PRINT Train Epoch: 1 [38400/60000 (64%)]	Loss: 125.487167
[2022-10-19 23:18:37] PRINT Train Epoch: 1 [39680/60000 (66%)]	Loss: 123.109215
[2022-10-19 23:18:38] PRINT Train Epoch: 1 [40960/60000 (68%)]	Loss: 129.029938
[2022-10-19 23:18:38] PRINT Train Epoch: 1 [42240/60000 (70%)]	Loss: 122.865379
[2022-10-19 23:18:38] PRINT Train Epoch: 1 [43520/60000 (72%)]	Loss: 127.881943
[2022-10-19 23:18:38] PRINT Train Epoch: 1 [44800/60000 (75%)]	Loss: 121.964859
[2022-10-19 23:18:38] PRINT Train Epoch: 1 [46080/60000 (77%)]	Loss: 121.598129
[2022-10-19 23:18:38] PRINT Train Epoch: 1 [47360/60000 (79%)]	Loss: 120.573349
[2022-10-19 23:18:38] PRINT Train Epoch: 1 [48640/60000 (81%)]	Loss: 121.718781
[2022-10-19 23:18:38] PRINT Train Epoch: 1 [49920/60000 (83%)]	Loss: 124.895889
[2022-10-19 23:18:38] PRINT Train Epoch: 1 [51200/60000 (85%)]	Loss: 123.397446
[2022-10-19 23:18:38] PRINT Train Epoch: 1 [52480/60000 (87%)]	Loss: 127.130753
[2022-10-19 23:18:39] PRINT Train Epoch: 1 [53760/60000 (90%)]	Loss: 126.193985
[2022-10-19 23:18:39] PRINT Train Epoch: 1 [55040/60000 (92%)]	Loss: 119.040405
[2022-10-19 23:18:39] PRINT Train Epoch: 1 [56320/60000 (94%)]	Loss: 118.700348
[2022-10-19 23:18:39] PRINT Train Epoch: 1 [57600/60000 (96%)]	Loss: 124.047470
[2022-10-19 23:18:39] PRINT Train Epoch: 1 [58880/60000 (98%)]	Loss: 114.762627
[2022-10-19 23:18:39] PRINT ====> Epoch: 1 Average loss: 139.7072
[2022-10-19 23:18:40] PRINT ====> Test set loss: 119.6651
[2022-10-19 23:18:40] PRINT Train Epoch: 2 [0/60000 (0%)]	Loss: 128.320618
[2022-10-19 23:18:40] PRINT Train Epoch: 2 [1280/60000 (2%)]	Loss: 123.640915
[2022-10-19 23:18:40] PRINT Train Epoch: 2 [2560/60000 (4%)]	Loss: 124.207939
[2022-10-19 23:18:40] PRINT Train Epoch: 2 [3840/60000 (6%)]	Loss: 116.850388
[2022-10-19 23:18:40] PRINT Train Epoch: 2 [5120/60000 (9%)]	Loss: 120.636551
[2022-10-19 23:18:41] PRINT Train Epoch: 2 [6400/60000 (11%)]	Loss: 117.320877
[2022-10-19 23:18:41] PRINT Train Epoch: 2 [7680/60000 (13%)]	Loss: 121.567001
[2022-10-19 23:18:41] PRINT Train Epoch: 2 [8960/60000 (15%)]	Loss: 122.399063
[2022-10-19 23:18:41] PRINT Train Epoch: 2 [10240/60000 (17%)]	Loss: 125.709198
[2022-10-19 23:18:41] PRINT Train Epoch: 2 [11520/60000 (19%)]	Loss: 118.911835
[2022-10-19 23:18:41] PRINT Train Epoch: 2 [12800/60000 (21%)]	Loss: 124.799194
[2022-10-19 23:18:41] PRINT Train Epoch: 2 [14080/60000 (23%)]	Loss: 116.870308
[2022-10-19 23:18:41] PRINT Train Epoch: 2 [15360/60000 (26%)]	Loss: 121.765854
[2022-10-19 23:18:41] PRINT Train Epoch: 2 [16640/60000 (28%)]	Loss: 119.510941
[2022-10-19 23:18:41] PRINT Train Epoch: 2 [17920/60000 (30%)]	Loss: 120.722961
[2022-10-19 23:18:42] PRINT Train Epoch: 2 [19200/60000 (32%)]	Loss: 117.591278
[2022-10-19 23:18:42] PRINT Train Epoch: 2 [20480/60000 (34%)]	Loss: 115.857056
[2022-10-19 23:18:42] PRINT Train Epoch: 2 [21760/60000 (36%)]	Loss: 118.769417
[2022-10-19 23:18:42] PRINT Train Epoch: 2 [23040/60000 (38%)]	Loss: 126.309860
[2022-10-19 23:18:42] PRINT Train Epoch: 2 [24320/60000 (41%)]	Loss: 114.759872
[2022-10-19 23:18:42] PRINT Train Epoch: 2 [25600/60000 (43%)]	Loss: 120.099556
[2022-10-19 23:18:42] PRINT Train Epoch: 2 [26880/60000 (45%)]	Loss: 117.109390
[2022-10-19 23:18:42] PRINT Train Epoch: 2 [28160/60000 (47%)]	Loss: 122.416336
[2022-10-19 23:18:42] PRINT Train Epoch: 2 [29440/60000 (49%)]	Loss: 118.496498
[2022-10-19 23:18:42] PRINT Train Epoch: 2 [30720/60000 (51%)]	Loss: 113.555702
[2022-10-19 23:18:43] PRINT Train Epoch: 2 [32000/60000 (53%)]	Loss: 120.738800
[2022-10-19 23:18:43] PRINT Train Epoch: 2 [33280/60000 (55%)]	Loss: 117.024071
[2022-10-19 23:18:43] PRINT Train Epoch: 2 [34560/60000 (58%)]	Loss: 117.989670
[2022-10-19 23:18:43] PRINT Train Epoch: 2 [35840/60000 (60%)]	Loss: 125.393021
[2022-10-19 23:18:43] PRINT Train Epoch: 2 [37120/60000 (62%)]	Loss: 121.341568
[2022-10-19 23:18:43] PRINT Train Epoch: 2 [38400/60000 (64%)]	Loss: 127.968796
[2022-10-19 23:18:43] PRINT Train Epoch: 2 [39680/60000 (66%)]	Loss: 121.024666
[2022-10-19 23:18:43] PRINT Train Epoch: 2 [40960/60000 (68%)]	Loss: 112.506195
[2022-10-19 23:18:43] PRINT Train Epoch: 2 [42240/60000 (70%)]	Loss: 118.610916
[2022-10-19 23:18:44] PRINT Train Epoch: 2 [43520/60000 (72%)]	Loss: 120.611572
[2022-10-19 23:18:44] PRINT Train Epoch: 2 [44800/60000 (75%)]	Loss: 120.140785
[2022-10-19 23:18:44] PRINT Train Epoch: 2 [46080/60000 (77%)]	Loss: 117.400139
[2022-10-19 23:18:44] PRINT Train Epoch: 2 [47360/60000 (79%)]	Loss: 115.798615
[2022-10-19 23:18:44] PRINT Train Epoch: 2 [48640/60000 (81%)]	Loss: 114.974724
[2022-10-19 23:18:44] PRINT Train Epoch: 2 [49920/60000 (83%)]	Loss: 119.182404
[2022-10-19 23:18:44] PRINT Train Epoch: 2 [51200/60000 (85%)]	Loss: 118.075760
[2022-10-19 23:18:44] PRINT Train Epoch: 2 [52480/60000 (87%)]	Loss: 121.569534
[2022-10-19 23:18:44] PRINT Train Epoch: 2 [53760/60000 (90%)]	Loss: 114.726791
[2022-10-19 23:18:44] PRINT Train Epoch: 2 [55040/60000 (92%)]	Loss: 115.489998
[2022-10-19 23:18:45] PRINT Train Epoch: 2 [56320/60000 (94%)]	Loss: 113.970757
[2022-10-19 23:18:45] PRINT Train Epoch: 2 [57600/60000 (96%)]	Loss: 118.750183
[2022-10-19 23:18:45] PRINT Train Epoch: 2 [58880/60000 (98%)]	Loss: 116.428375
[2022-10-19 23:18:45] PRINT ====> Epoch: 2 Average loss: 118.5578
[2022-10-19 23:18:46] PRINT ====> Test set loss: 117.1214
[2022-10-19 23:18:46] PRINT Train Epoch: 3 [0/60000 (0%)]	Loss: 121.829491
[2022-10-19 23:18:46] PRINT Train Epoch: 3 [1280/60000 (2%)]	Loss: 115.210510
[2022-10-19 23:18:46] PRINT Train Epoch: 3 [2560/60000 (4%)]	Loss: 111.575607
[2022-10-19 23:18:46] PRINT Train Epoch: 3 [3840/60000 (6%)]	Loss: 116.389053
[2022-10-19 23:18:46] PRINT Train Epoch: 3 [5120/60000 (9%)]	Loss: 117.830154
[2022-10-19 23:18:46] PRINT Train Epoch: 3 [6400/60000 (11%)]	Loss: 114.427574
[2022-10-19 23:18:46] PRINT Train Epoch: 3 [7680/60000 (13%)]	Loss: 112.239700
[2022-10-19 23:18:46] PRINT Train Epoch: 3 [8960/60000 (15%)]	Loss: 114.048630
[2022-10-19 23:18:47] PRINT Train Epoch: 3 [10240/60000 (17%)]	Loss: 115.226685
[2022-10-19 23:18:47] PRINT Train Epoch: 3 [11520/60000 (19%)]	Loss: 117.685783
[2022-10-19 23:18:47] PRINT Train Epoch: 3 [12800/60000 (21%)]	Loss: 117.265121
[2022-10-19 23:18:47] PRINT Train Epoch: 3 [14080/60000 (23%)]	Loss: 118.623489
[2022-10-19 23:18:47] PRINT Train Epoch: 3 [15360/60000 (26%)]	Loss: 114.624863
[2022-10-19 23:18:47] PRINT Train Epoch: 3 [16640/60000 (28%)]	Loss: 119.423157
[2022-10-19 23:18:47] PRINT Train Epoch: 3 [17920/60000 (30%)]	Loss: 112.613724
[2022-10-19 23:18:47] PRINT Train Epoch: 3 [19200/60000 (32%)]	Loss: 113.896667
[2022-10-19 23:18:47] PRINT Train Epoch: 3 [20480/60000 (34%)]	Loss: 113.899162
[2022-10-19 23:18:48] PRINT Train Epoch: 3 [21760/60000 (36%)]	Loss: 114.569870
[2022-10-19 23:18:48] PRINT Train Epoch: 3 [23040/60000 (38%)]	Loss: 117.338303
[2022-10-19 23:18:48] PRINT Train Epoch: 3 [24320/60000 (41%)]	Loss: 110.773666
[2022-10-19 23:18:48] PRINT Train Epoch: 3 [25600/60000 (43%)]	Loss: 113.918030
[2022-10-19 23:18:48] PRINT Train Epoch: 3 [26880/60000 (45%)]	Loss: 118.641335
[2022-10-19 23:18:48] PRINT Train Epoch: 3 [28160/60000 (47%)]	Loss: 113.726952
[2022-10-19 23:18:48] PRINT Train Epoch: 3 [29440/60000 (49%)]	Loss: 119.170883
[2022-10-19 23:18:48] PRINT Train Epoch: 3 [30720/60000 (51%)]	Loss: 119.445778
[2022-10-19 23:18:48] PRINT Train Epoch: 3 [32000/60000 (53%)]	Loss: 119.043335
[2022-10-19 23:18:48] PRINT Train Epoch: 3 [33280/60000 (55%)]	Loss: 112.516243
[2022-10-19 23:18:49] PRINT Train Epoch: 3 [34560/60000 (58%)]	Loss: 114.486549
[2022-10-19 23:18:49] PRINT Train Epoch: 3 [35840/60000 (60%)]	Loss: 111.254883
[2022-10-19 23:18:49] PRINT Train Epoch: 3 [37120/60000 (62%)]	Loss: 119.620773
[2022-10-19 23:18:49] PRINT Train Epoch: 3 [38400/60000 (64%)]	Loss: 115.320770
[2022-10-19 23:18:49] PRINT Train Epoch: 3 [39680/60000 (66%)]	Loss: 115.814072
[2022-10-19 23:18:49] PRINT Train Epoch: 3 [40960/60000 (68%)]	Loss: 117.206192
[2022-10-19 23:18:49] PRINT Train Epoch: 3 [42240/60000 (70%)]	Loss: 116.711075
[2022-10-19 23:18:49] PRINT Train Epoch: 3 [43520/60000 (72%)]	Loss: 118.845757
[2022-10-19 23:18:49] PRINT Train Epoch: 3 [44800/60000 (75%)]	Loss: 117.004974
[2022-10-19 23:18:49] PRINT Train Epoch: 3 [46080/60000 (77%)]	Loss: 113.083344
[2022-10-19 23:18:50] PRINT Train Epoch: 3 [47360/60000 (79%)]	Loss: 108.897835
[2022-10-19 23:18:50] PRINT Train Epoch: 3 [48640/60000 (81%)]	Loss: 113.905891
[2022-10-19 23:18:50] PRINT Train Epoch: 3 [49920/60000 (83%)]	Loss: 119.969231
[2022-10-19 23:18:50] PRINT Train Epoch: 3 [51200/60000 (85%)]	Loss: 115.993851
[2022-10-19 23:18:50] PRINT Train Epoch: 3 [52480/60000 (87%)]	Loss: 114.733383
[2022-10-19 23:18:50] PRINT Train Epoch: 3 [53760/60000 (90%)]	Loss: 115.084831
[2022-10-19 23:18:50] PRINT Train Epoch: 3 [55040/60000 (92%)]	Loss: 113.216812
[2022-10-19 23:18:50] PRINT Train Epoch: 3 [56320/60000 (94%)]	Loss: 112.364685
[2022-10-19 23:18:50] PRINT Train Epoch: 3 [57600/60000 (96%)]	Loss: 116.457352
[2022-10-19 23:18:51] PRINT Train Epoch: 3 [58880/60000 (98%)]	Loss: 116.134338
[2022-10-19 23:18:51] PRINT ====> Epoch: 3 Average loss: 115.7537
[2022-10-19 23:18:51] PRINT ====> Test set loss: 114.1808
[2022-10-19 23:18:52] PRINT Train Epoch: 4 [0/60000 (0%)]	Loss: 116.410339
[2022-10-19 23:18:52] PRINT Train Epoch: 4 [1280/60000 (2%)]	Loss: 116.929947
[2022-10-19 23:18:52] PRINT Train Epoch: 4 [2560/60000 (4%)]	Loss: 106.084824
[2022-10-19 23:18:52] PRINT Train Epoch: 4 [3840/60000 (6%)]	Loss: 118.092651
[2022-10-19 23:18:52] PRINT Train Epoch: 4 [5120/60000 (9%)]	Loss: 114.315201
[2022-10-19 23:18:52] PRINT Train Epoch: 4 [6400/60000 (11%)]	Loss: 119.070229
[2022-10-19 23:18:52] PRINT Train Epoch: 4 [7680/60000 (13%)]	Loss: 117.885994
[2022-10-19 23:18:52] PRINT Train Epoch: 4 [8960/60000 (15%)]	Loss: 110.684441
[2022-10-19 23:18:52] PRINT Train Epoch: 4 [10240/60000 (17%)]	Loss: 112.252319
[2022-10-19 23:18:52] PRINT Train Epoch: 4 [11520/60000 (19%)]	Loss: 115.551476
[2022-10-19 23:18:53] PRINT Train Epoch: 4 [12800/60000 (21%)]	Loss: 113.124306
[2022-10-19 23:18:53] PRINT Train Epoch: 4 [14080/60000 (23%)]	Loss: 119.559677
[2022-10-19 23:18:53] PRINT Train Epoch: 4 [15360/60000 (26%)]	Loss: 111.756386
[2022-10-19 23:18:53] PRINT Train Epoch: 4 [16640/60000 (28%)]	Loss: 110.834114
[2022-10-19 23:18:53] PRINT Train Epoch: 4 [17920/60000 (30%)]	Loss: 109.970428
[2022-10-19 23:18:53] PRINT Train Epoch: 4 [19200/60000 (32%)]	Loss: 112.646767
[2022-10-19 23:18:53] PRINT Train Epoch: 4 [20480/60000 (34%)]	Loss: 114.712906
[2022-10-19 23:18:53] PRINT Train Epoch: 4 [21760/60000 (36%)]	Loss: 117.500786
[2022-10-19 23:18:53] PRINT Train Epoch: 4 [23040/60000 (38%)]	Loss: 114.009827
[2022-10-19 23:18:53] PRINT Train Epoch: 4 [24320/60000 (41%)]	Loss: 109.974686
[2022-10-19 23:18:54] PRINT Train Epoch: 4 [25600/60000 (43%)]	Loss: 116.807892
[2022-10-19 23:18:54] PRINT Train Epoch: 4 [26880/60000 (45%)]	Loss: 113.005806
[2022-10-19 23:18:54] PRINT Train Epoch: 4 [28160/60000 (47%)]	Loss: 112.837006
[2022-10-19 23:18:54] PRINT Train Epoch: 4 [29440/60000 (49%)]	Loss: 111.989059
[2022-10-19 23:18:54] PRINT Train Epoch: 4 [30720/60000 (51%)]	Loss: 112.135101
[2022-10-19 23:18:54] PRINT Train Epoch: 4 [32000/60000 (53%)]	Loss: 112.298073
[2022-10-19 23:18:54] PRINT Train Epoch: 4 [33280/60000 (55%)]	Loss: 114.457321
[2022-10-19 23:18:54] PRINT Train Epoch: 4 [34560/60000 (58%)]	Loss: 118.173431
[2022-10-19 23:18:54] PRINT Train Epoch: 4 [35840/60000 (60%)]	Loss: 118.318893
[2022-10-19 23:18:54] PRINT Train Epoch: 4 [37120/60000 (62%)]	Loss: 113.864815
[2022-10-19 23:18:55] PRINT Train Epoch: 4 [38400/60000 (64%)]	Loss: 109.127457
[2022-10-19 23:18:55] PRINT Train Epoch: 4 [39680/60000 (66%)]	Loss: 112.595551
[2022-10-19 23:18:55] PRINT Train Epoch: 4 [40960/60000 (68%)]	Loss: 113.198174
[2022-10-19 23:18:55] PRINT Train Epoch: 4 [42240/60000 (70%)]	Loss: 118.026657
[2022-10-19 23:18:55] PRINT Train Epoch: 4 [43520/60000 (72%)]	Loss: 117.881088
[2022-10-19 23:18:55] PRINT Train Epoch: 4 [44800/60000 (75%)]	Loss: 113.718430
[2022-10-19 23:18:55] PRINT Train Epoch: 4 [46080/60000 (77%)]	Loss: 112.929047
[2022-10-19 23:18:55] PRINT Train Epoch: 4 [47360/60000 (79%)]	Loss: 115.031540
[2022-10-19 23:18:55] PRINT Train Epoch: 4 [48640/60000 (81%)]	Loss: 111.910423
[2022-10-19 23:18:56] PRINT Train Epoch: 4 [49920/60000 (83%)]	Loss: 111.188507
[2022-10-19 23:18:56] PRINT Train Epoch: 4 [51200/60000 (85%)]	Loss: 110.389832
[2022-10-19 23:18:56] PRINT Train Epoch: 4 [52480/60000 (87%)]	Loss: 119.709091
[2022-10-19 23:18:56] PRINT Train Epoch: 4 [53760/60000 (90%)]	Loss: 109.825371
[2022-10-19 23:18:56] PRINT Train Epoch: 4 [55040/60000 (92%)]	Loss: 109.863541
[2022-10-19 23:18:56] PRINT Train Epoch: 4 [56320/60000 (94%)]	Loss: 115.845848
[2022-10-19 23:18:56] PRINT Train Epoch: 4 [57600/60000 (96%)]	Loss: 113.286484
[2022-10-19 23:18:56] PRINT Train Epoch: 4 [58880/60000 (98%)]	Loss: 117.005447
[2022-10-19 23:18:56] PRINT ====> Epoch: 4 Average loss: 114.1722
[2022-10-19 23:18:57] PRINT ====> Test set loss: 113.0281
[2022-10-19 23:18:57] PRINT Train Epoch: 5 [0/60000 (0%)]	Loss: 114.984695
[2022-10-19 23:18:57] PRINT Train Epoch: 5 [1280/60000 (2%)]	Loss: 113.359970
[2022-10-19 23:18:57] PRINT Train Epoch: 5 [2560/60000 (4%)]	Loss: 112.475815
[2022-10-19 23:18:58] PRINT Train Epoch: 5 [3840/60000 (6%)]	Loss: 110.903885
[2022-10-19 23:18:58] PRINT Train Epoch: 5 [5120/60000 (9%)]	Loss: 106.902840
[2022-10-19 23:18:58] PRINT Train Epoch: 5 [6400/60000 (11%)]	Loss: 117.490189
[2022-10-19 23:18:58] PRINT Train Epoch: 5 [7680/60000 (13%)]	Loss: 116.132095
[2022-10-19 23:18:58] PRINT Train Epoch: 5 [8960/60000 (15%)]	Loss: 111.992737
[2022-10-19 23:18:58] PRINT Train Epoch: 5 [10240/60000 (17%)]	Loss: 113.794655
[2022-10-19 23:18:58] PRINT Train Epoch: 5 [11520/60000 (19%)]	Loss: 110.535126
[2022-10-19 23:18:58] PRINT Train Epoch: 5 [12800/60000 (21%)]	Loss: 109.032425
[2022-10-19 23:18:58] PRINT Train Epoch: 5 [14080/60000 (23%)]	Loss: 105.912003
[2022-10-19 23:18:58] PRINT Train Epoch: 5 [15360/60000 (26%)]	Loss: 119.909668
[2022-10-19 23:18:59] PRINT Train Epoch: 5 [16640/60000 (28%)]	Loss: 112.953369
[2022-10-19 23:18:59] PRINT Train Epoch: 5 [17920/60000 (30%)]	Loss: 110.729782
[2022-10-19 23:18:59] PRINT Train Epoch: 5 [19200/60000 (32%)]	Loss: 111.726578
[2022-10-19 23:18:59] PRINT Train Epoch: 5 [20480/60000 (34%)]	Loss: 110.174942
[2022-10-19 23:18:59] PRINT Train Epoch: 5 [21760/60000 (36%)]	Loss: 113.103035
[2022-10-19 23:18:59] PRINT Train Epoch: 5 [23040/60000 (38%)]	Loss: 116.226807
[2022-10-19 23:18:59] PRINT Train Epoch: 5 [24320/60000 (41%)]	Loss: 115.323318
[2022-10-19 23:18:59] PRINT Train Epoch: 5 [25600/60000 (43%)]	Loss: 111.539917
[2022-10-19 23:18:59] PRINT Train Epoch: 5 [26880/60000 (45%)]	Loss: 112.436974
[2022-10-19 23:18:59] PRINT Train Epoch: 5 [28160/60000 (47%)]	Loss: 113.361603
[2022-10-19 23:19:00] PRINT Train Epoch: 5 [29440/60000 (49%)]	Loss: 118.077660
[2022-10-19 23:19:00] PRINT Train Epoch: 5 [30720/60000 (51%)]	Loss: 115.524734
[2022-10-19 23:19:00] PRINT Train Epoch: 5 [32000/60000 (53%)]	Loss: 110.758255
[2022-10-19 23:19:00] PRINT Train Epoch: 5 [33280/60000 (55%)]	Loss: 115.674797
[2022-10-19 23:19:00] PRINT Train Epoch: 5 [34560/60000 (58%)]	Loss: 115.600151
[2022-10-19 23:19:00] PRINT Train Epoch: 5 [35840/60000 (60%)]	Loss: 114.475616
[2022-10-19 23:19:00] PRINT Train Epoch: 5 [37120/60000 (62%)]	Loss: 114.019775
[2022-10-19 23:19:00] PRINT Train Epoch: 5 [38400/60000 (64%)]	Loss: 111.911087
[2022-10-19 23:19:00] PRINT Train Epoch: 5 [39680/60000 (66%)]	Loss: 111.689041
[2022-10-19 23:19:01] PRINT Train Epoch: 5 [40960/60000 (68%)]	Loss: 111.372597
[2022-10-19 23:19:01] PRINT Train Epoch: 5 [42240/60000 (70%)]	Loss: 121.499680
[2022-10-19 23:19:01] PRINT Train Epoch: 5 [43520/60000 (72%)]	Loss: 114.597275
[2022-10-19 23:19:01] PRINT Train Epoch: 5 [44800/60000 (75%)]	Loss: 114.098953
[2022-10-19 23:19:01] PRINT Train Epoch: 5 [46080/60000 (77%)]	Loss: 110.382324
[2022-10-19 23:19:01] PRINT Train Epoch: 5 [47360/60000 (79%)]	Loss: 109.748901
[2022-10-19 23:19:01] PRINT Train Epoch: 5 [48640/60000 (81%)]	Loss: 111.911278
[2022-10-19 23:19:01] PRINT Train Epoch: 5 [49920/60000 (83%)]	Loss: 109.100983
[2022-10-19 23:19:01] PRINT Train Epoch: 5 [51200/60000 (85%)]	Loss: 113.115639
[2022-10-19 23:19:01] PRINT Train Epoch: 5 [52480/60000 (87%)]	Loss: 114.345016
[2022-10-19 23:19:02] PRINT Train Epoch: 5 [53760/60000 (90%)]	Loss: 111.441742
[2022-10-19 23:19:02] PRINT Train Epoch: 5 [55040/60000 (92%)]	Loss: 110.994415
[2022-10-19 23:19:02] PRINT Train Epoch: 5 [56320/60000 (94%)]	Loss: 116.529045
[2022-10-19 23:19:02] PRINT Train Epoch: 5 [57600/60000 (96%)]	Loss: 114.738480
[2022-10-19 23:19:02] PRINT Train Epoch: 5 [58880/60000 (98%)]	Loss: 115.451950
[2022-10-19 23:19:02] PRINT ====> Epoch: 5 Average loss: 113.1264
[2022-10-19 23:19:03] PRINT ====> Test set loss: 112.5190
[2022-10-19 23:19:03] PRINT Train Epoch: 6 [0/60000 (0%)]	Loss: 113.834000
[2022-10-19 23:19:03] PRINT Train Epoch: 6 [1280/60000 (2%)]	Loss: 108.486679
[2022-10-19 23:19:03] PRINT Train Epoch: 6 [2560/60000 (4%)]	Loss: 109.546585
[2022-10-19 23:19:03] PRINT Train Epoch: 6 [3840/60000 (6%)]	Loss: 110.364731
[2022-10-19 23:19:03] PRINT Train Epoch: 6 [5120/60000 (9%)]	Loss: 116.752716
[2022-10-19 23:19:03] PRINT Train Epoch: 6 [6400/60000 (11%)]	Loss: 111.419006
[2022-10-19 23:19:04] PRINT Train Epoch: 6 [7680/60000 (13%)]	Loss: 114.138428
[2022-10-19 23:19:04] PRINT Train Epoch: 6 [8960/60000 (15%)]	Loss: 110.290634
[2022-10-19 23:19:04] PRINT Train Epoch: 6 [10240/60000 (17%)]	Loss: 111.425903
[2022-10-19 23:19:04] PRINT Train Epoch: 6 [11520/60000 (19%)]	Loss: 115.385025
[2022-10-19 23:19:04] PRINT Train Epoch: 6 [12800/60000 (21%)]	Loss: 107.977661
[2022-10-19 23:19:04] PRINT Train Epoch: 6 [14080/60000 (23%)]	Loss: 109.671051
[2022-10-19 23:19:04] PRINT Train Epoch: 6 [15360/60000 (26%)]	Loss: 106.785133
[2022-10-19 23:19:04] PRINT Train Epoch: 6 [16640/60000 (28%)]	Loss: 112.756454
[2022-10-19 23:19:04] PRINT Train Epoch: 6 [17920/60000 (30%)]	Loss: 113.797394
[2022-10-19 23:19:04] PRINT Train Epoch: 6 [19200/60000 (32%)]	Loss: 110.819122
[2022-10-19 23:19:05] PRINT Train Epoch: 6 [20480/60000 (34%)]	Loss: 110.968246
[2022-10-19 23:19:05] PRINT Train Epoch: 6 [21760/60000 (36%)]	Loss: 110.443741
[2022-10-19 23:19:05] PRINT Train Epoch: 6 [23040/60000 (38%)]	Loss: 115.972122
[2022-10-19 23:19:05] PRINT Train Epoch: 6 [24320/60000 (41%)]	Loss: 106.657082
[2022-10-19 23:19:05] PRINT Train Epoch: 6 [25600/60000 (43%)]	Loss: 113.199493
[2022-10-19 23:19:05] PRINT Train Epoch: 6 [26880/60000 (45%)]	Loss: 110.441925
[2022-10-19 23:19:05] PRINT Train Epoch: 6 [28160/60000 (47%)]	Loss: 110.336800
[2022-10-19 23:19:05] PRINT Train Epoch: 6 [29440/60000 (49%)]	Loss: 114.792091
[2022-10-19 23:19:05] PRINT Train Epoch: 6 [30720/60000 (51%)]	Loss: 108.282166
[2022-10-19 23:19:05] PRINT Train Epoch: 6 [32000/60000 (53%)]	Loss: 114.249512
[2022-10-19 23:19:06] PRINT Train Epoch: 6 [33280/60000 (55%)]	Loss: 109.993561
[2022-10-19 23:19:06] PRINT Train Epoch: 6 [34560/60000 (58%)]	Loss: 113.476181
[2022-10-19 23:19:06] PRINT Train Epoch: 6 [35840/60000 (60%)]	Loss: 110.937248
[2022-10-19 23:19:06] PRINT Train Epoch: 6 [37120/60000 (62%)]	Loss: 114.243515
[2022-10-19 23:19:06] PRINT Train Epoch: 6 [38400/60000 (64%)]	Loss: 114.366013
[2022-10-19 23:19:06] PRINT Train Epoch: 6 [39680/60000 (66%)]	Loss: 108.661545
[2022-10-19 23:19:06] PRINT Train Epoch: 6 [40960/60000 (68%)]	Loss: 114.696129
[2022-10-19 23:19:06] PRINT Train Epoch: 6 [42240/60000 (70%)]	Loss: 112.415306
[2022-10-19 23:19:06] PRINT Train Epoch: 6 [43520/60000 (72%)]	Loss: 113.942459
[2022-10-19 23:19:06] PRINT Train Epoch: 6 [44800/60000 (75%)]	Loss: 110.033249
[2022-10-19 23:19:07] PRINT Train Epoch: 6 [46080/60000 (77%)]	Loss: 106.182655
[2022-10-19 23:19:07] PRINT Train Epoch: 6 [47360/60000 (79%)]	Loss: 112.858612
[2022-10-19 23:19:07] PRINT Train Epoch: 6 [48640/60000 (81%)]	Loss: 112.347504
[2022-10-19 23:19:07] PRINT Train Epoch: 6 [49920/60000 (83%)]	Loss: 109.754349
[2022-10-19 23:19:07] PRINT Train Epoch: 6 [51200/60000 (85%)]	Loss: 114.072021
[2022-10-19 23:19:07] PRINT Train Epoch: 6 [52480/60000 (87%)]	Loss: 112.427277
[2022-10-19 23:19:07] PRINT Train Epoch: 6 [53760/60000 (90%)]	Loss: 114.782288
[2022-10-19 23:19:07] PRINT Train Epoch: 6 [55040/60000 (92%)]	Loss: 109.966660
[2022-10-19 23:19:07] PRINT Train Epoch: 6 [56320/60000 (94%)]	Loss: 110.825699
[2022-10-19 23:19:08] PRINT Train Epoch: 6 [57600/60000 (96%)]	Loss: 114.062851
[2022-10-19 23:19:08] PRINT Train Epoch: 6 [58880/60000 (98%)]	Loss: 115.656807
[2022-10-19 23:19:08] PRINT ====> Epoch: 6 Average loss: 112.3428
[2022-10-19 23:19:09] PRINT ====> Test set loss: 111.6472
[2022-10-19 23:19:09] PRINT Train Epoch: 7 [0/60000 (0%)]	Loss: 106.292702
[2022-10-19 23:19:09] PRINT Train Epoch: 7 [1280/60000 (2%)]	Loss: 113.727097
[2022-10-19 23:19:09] PRINT Train Epoch: 7 [2560/60000 (4%)]	Loss: 111.480972
[2022-10-19 23:19:09] PRINT Train Epoch: 7 [3840/60000 (6%)]	Loss: 111.808372
[2022-10-19 23:19:09] PRINT Train Epoch: 7 [5120/60000 (9%)]	Loss: 110.904343
[2022-10-19 23:19:09] PRINT Train Epoch: 7 [6400/60000 (11%)]	Loss: 109.295036
[2022-10-19 23:19:09] PRINT Train Epoch: 7 [7680/60000 (13%)]	Loss: 115.928345
[2022-10-19 23:19:09] PRINT Train Epoch: 7 [8960/60000 (15%)]	Loss: 114.048889
[2022-10-19 23:19:09] PRINT Train Epoch: 7 [10240/60000 (17%)]	Loss: 108.392151
[2022-10-19 23:19:10] PRINT Train Epoch: 7 [11520/60000 (19%)]	Loss: 114.405357
[2022-10-19 23:19:10] PRINT Train Epoch: 7 [12800/60000 (21%)]	Loss: 111.433861
[2022-10-19 23:19:10] PRINT Train Epoch: 7 [14080/60000 (23%)]	Loss: 115.811928
[2022-10-19 23:19:10] PRINT Train Epoch: 7 [15360/60000 (26%)]	Loss: 111.080223
[2022-10-19 23:19:10] PRINT Train Epoch: 7 [16640/60000 (28%)]	Loss: 115.217117
[2022-10-19 23:19:10] PRINT Train Epoch: 7 [17920/60000 (30%)]	Loss: 112.203148
[2022-10-19 23:19:10] PRINT Train Epoch: 7 [19200/60000 (32%)]	Loss: 110.143852
[2022-10-19 23:19:10] PRINT Train Epoch: 7 [20480/60000 (34%)]	Loss: 112.032333
[2022-10-19 23:19:10] PRINT Train Epoch: 7 [21760/60000 (36%)]	Loss: 113.872925
[2022-10-19 23:19:10] PRINT Train Epoch: 7 [23040/60000 (38%)]	Loss: 115.092545
[2022-10-19 23:19:11] PRINT Train Epoch: 7 [24320/60000 (41%)]	Loss: 112.894287
[2022-10-19 23:19:11] PRINT Train Epoch: 7 [25600/60000 (43%)]	Loss: 110.922974
[2022-10-19 23:19:11] PRINT Train Epoch: 7 [26880/60000 (45%)]	Loss: 114.225349
[2022-10-19 23:19:11] PRINT Train Epoch: 7 [28160/60000 (47%)]	Loss: 110.949661
[2022-10-19 23:19:11] PRINT Train Epoch: 7 [29440/60000 (49%)]	Loss: 108.952286
[2022-10-19 23:19:11] PRINT Train Epoch: 7 [30720/60000 (51%)]	Loss: 113.660568
[2022-10-19 23:19:11] PRINT Train Epoch: 7 [32000/60000 (53%)]	Loss: 114.687393
[2022-10-19 23:19:11] PRINT Train Epoch: 7 [33280/60000 (55%)]	Loss: 112.045334
[2022-10-19 23:19:11] PRINT Train Epoch: 7 [34560/60000 (58%)]	Loss: 112.525810
[2022-10-19 23:19:12] PRINT Train Epoch: 7 [35840/60000 (60%)]	Loss: 113.540192
[2022-10-19 23:19:12] PRINT Train Epoch: 7 [37120/60000 (62%)]	Loss: 111.570618
[2022-10-19 23:19:12] PRINT Train Epoch: 7 [38400/60000 (64%)]	Loss: 111.691010
[2022-10-19 23:19:12] PRINT Train Epoch: 7 [39680/60000 (66%)]	Loss: 111.665756
[2022-10-19 23:19:12] PRINT Train Epoch: 7 [40960/60000 (68%)]	Loss: 114.453522
[2022-10-19 23:19:12] PRINT Train Epoch: 7 [42240/60000 (70%)]	Loss: 113.227402
[2022-10-19 23:19:12] PRINT Train Epoch: 7 [43520/60000 (72%)]	Loss: 109.487762
[2022-10-19 23:19:12] PRINT Train Epoch: 7 [44800/60000 (75%)]	Loss: 110.241058
[2022-10-19 23:19:12] PRINT Train Epoch: 7 [46080/60000 (77%)]	Loss: 113.963753
[2022-10-19 23:19:13] PRINT Train Epoch: 7 [47360/60000 (79%)]	Loss: 109.023819
[2022-10-19 23:19:13] PRINT Train Epoch: 7 [48640/60000 (81%)]	Loss: 109.362579
[2022-10-19 23:19:13] PRINT Train Epoch: 7 [49920/60000 (83%)]	Loss: 111.477348
[2022-10-19 23:19:13] PRINT Train Epoch: 7 [51200/60000 (85%)]	Loss: 109.376068
[2022-10-19 23:19:13] PRINT Train Epoch: 7 [52480/60000 (87%)]	Loss: 117.503670
[2022-10-19 23:19:13] PRINT Train Epoch: 7 [53760/60000 (90%)]	Loss: 109.299988
[2022-10-19 23:19:13] PRINT Train Epoch: 7 [55040/60000 (92%)]	Loss: 113.664055
[2022-10-19 23:19:13] PRINT Train Epoch: 7 [56320/60000 (94%)]	Loss: 115.774445
[2022-10-19 23:19:13] PRINT Train Epoch: 7 [57600/60000 (96%)]	Loss: 110.978302
[2022-10-19 23:19:13] PRINT Train Epoch: 7 [58880/60000 (98%)]	Loss: 116.217430
[2022-10-19 23:19:14] PRINT ====> Epoch: 7 Average loss: 111.8873
[2022-10-19 23:19:14] PRINT ====> Test set loss: 111.1382
[2022-10-19 23:19:14] PRINT Train Epoch: 8 [0/60000 (0%)]	Loss: 113.706131
[2022-10-19 23:19:15] PRINT Train Epoch: 8 [1280/60000 (2%)]	Loss: 114.953629
[2022-10-19 23:19:15] PRINT Train Epoch: 8 [2560/60000 (4%)]	Loss: 109.701851
[2022-10-19 23:19:15] PRINT Train Epoch: 8 [3840/60000 (6%)]	Loss: 111.641945
[2022-10-19 23:19:15] PRINT Train Epoch: 8 [5120/60000 (9%)]	Loss: 114.431610
[2022-10-19 23:19:15] PRINT Train Epoch: 8 [6400/60000 (11%)]	Loss: 107.762123
[2022-10-19 23:19:15] PRINT Train Epoch: 8 [7680/60000 (13%)]	Loss: 115.087540
[2022-10-19 23:19:15] PRINT Train Epoch: 8 [8960/60000 (15%)]	Loss: 115.657707
[2022-10-19 23:19:15] PRINT Train Epoch: 8 [10240/60000 (17%)]	Loss: 110.785812
[2022-10-19 23:19:15] PRINT Train Epoch: 8 [11520/60000 (19%)]	Loss: 110.834724
[2022-10-19 23:19:15] PRINT Train Epoch: 8 [12800/60000 (21%)]	Loss: 106.927094
[2022-10-19 23:19:16] PRINT Train Epoch: 8 [14080/60000 (23%)]	Loss: 111.499741
[2022-10-19 23:19:16] PRINT Train Epoch: 8 [15360/60000 (26%)]	Loss: 113.001465
[2022-10-19 23:19:16] PRINT Train Epoch: 8 [16640/60000 (28%)]	Loss: 109.101753
[2022-10-19 23:19:16] PRINT Train Epoch: 8 [17920/60000 (30%)]	Loss: 111.636871
[2022-10-19 23:19:16] PRINT Train Epoch: 8 [19200/60000 (32%)]	Loss: 114.649521
[2022-10-19 23:19:16] PRINT Train Epoch: 8 [20480/60000 (34%)]	Loss: 111.075623
[2022-10-19 23:19:16] PRINT Train Epoch: 8 [21760/60000 (36%)]	Loss: 110.783585
[2022-10-19 23:19:16] PRINT Train Epoch: 8 [23040/60000 (38%)]	Loss: 112.351837
[2022-10-19 23:19:16] PRINT Train Epoch: 8 [24320/60000 (41%)]	Loss: 114.134277
[2022-10-19 23:19:17] PRINT Train Epoch: 8 [25600/60000 (43%)]	Loss: 112.928413
[2022-10-19 23:19:17] PRINT Train Epoch: 8 [26880/60000 (45%)]	Loss: 113.667297
[2022-10-19 23:19:17] PRINT Train Epoch: 8 [28160/60000 (47%)]	Loss: 108.889549
[2022-10-19 23:19:17] PRINT Train Epoch: 8 [29440/60000 (49%)]	Loss: 111.183075
[2022-10-19 23:19:17] PRINT Train Epoch: 8 [30720/60000 (51%)]	Loss: 106.959213
[2022-10-19 23:19:17] PRINT Train Epoch: 8 [32000/60000 (53%)]	Loss: 109.232826
[2022-10-19 23:19:17] PRINT Train Epoch: 8 [33280/60000 (55%)]	Loss: 112.389893
[2022-10-19 23:19:17] PRINT Train Epoch: 8 [34560/60000 (58%)]	Loss: 109.467361
[2022-10-19 23:19:17] PRINT Train Epoch: 8 [35840/60000 (60%)]	Loss: 112.617188
[2022-10-19 23:19:17] PRINT Train Epoch: 8 [37120/60000 (62%)]	Loss: 107.476837
[2022-10-19 23:19:18] PRINT Train Epoch: 8 [38400/60000 (64%)]	Loss: 106.339188
[2022-10-19 23:19:18] PRINT Train Epoch: 8 [39680/60000 (66%)]	Loss: 110.047081
[2022-10-19 23:19:18] PRINT Train Epoch: 8 [40960/60000 (68%)]	Loss: 115.555489
[2022-10-19 23:19:18] PRINT Train Epoch: 8 [42240/60000 (70%)]	Loss: 111.718971
[2022-10-19 23:19:18] PRINT Train Epoch: 8 [43520/60000 (72%)]	Loss: 108.876709
[2022-10-19 23:19:18] PRINT Train Epoch: 8 [44800/60000 (75%)]	Loss: 111.324326
[2022-10-19 23:19:18] PRINT Train Epoch: 8 [46080/60000 (77%)]	Loss: 115.689590
[2022-10-19 23:19:18] PRINT Train Epoch: 8 [47360/60000 (79%)]	Loss: 111.784706
[2022-10-19 23:19:18] PRINT Train Epoch: 8 [48640/60000 (81%)]	Loss: 106.759987
[2022-10-19 23:19:18] PRINT Train Epoch: 8 [49920/60000 (83%)]	Loss: 111.401047
[2022-10-19 23:19:19] PRINT Train Epoch: 8 [51200/60000 (85%)]	Loss: 109.091995
[2022-10-19 23:19:19] PRINT Train Epoch: 8 [52480/60000 (87%)]	Loss: 112.781624
[2022-10-19 23:19:19] PRINT Train Epoch: 8 [53760/60000 (90%)]	Loss: 111.861420
[2022-10-19 23:19:19] PRINT Train Epoch: 8 [55040/60000 (92%)]	Loss: 114.198082
[2022-10-19 23:19:19] PRINT Train Epoch: 8 [56320/60000 (94%)]	Loss: 107.144135
[2022-10-19 23:19:19] PRINT Train Epoch: 8 [57600/60000 (96%)]	Loss: 112.278473
[2022-10-19 23:19:19] PRINT Train Epoch: 8 [58880/60000 (98%)]	Loss: 114.401566
[2022-10-19 23:19:19] PRINT ====> Epoch: 8 Average loss: 111.3810
[2022-10-19 23:19:20] PRINT ====> Test set loss: 111.4062
[2022-10-19 23:19:20] PRINT Train Epoch: 9 [0/60000 (0%)]	Loss: 112.878403
[2022-10-19 23:19:20] PRINT Train Epoch: 9 [1280/60000 (2%)]	Loss: 107.341675
[2022-10-19 23:19:20] PRINT Train Epoch: 9 [2560/60000 (4%)]	Loss: 111.336067
[2022-10-19 23:19:20] PRINT Train Epoch: 9 [3840/60000 (6%)]	Loss: 113.002495
[2022-10-19 23:19:21] PRINT Train Epoch: 9 [5120/60000 (9%)]	Loss: 107.084709
[2022-10-19 23:19:21] PRINT Train Epoch: 9 [6400/60000 (11%)]	Loss: 113.651306
[2022-10-19 23:19:21] PRINT Train Epoch: 9 [7680/60000 (13%)]	Loss: 112.971909
[2022-10-19 23:19:21] PRINT Train Epoch: 9 [8960/60000 (15%)]	Loss: 109.193214
[2022-10-19 23:19:21] PRINT Train Epoch: 9 [10240/60000 (17%)]	Loss: 110.564163
[2022-10-19 23:19:21] PRINT Train Epoch: 9 [11520/60000 (19%)]	Loss: 111.437592
[2022-10-19 23:19:21] PRINT Train Epoch: 9 [12800/60000 (21%)]	Loss: 113.033661
[2022-10-19 23:19:21] PRINT Train Epoch: 9 [14080/60000 (23%)]	Loss: 112.646759
[2022-10-19 23:19:21] PRINT Train Epoch: 9 [15360/60000 (26%)]	Loss: 108.587318
[2022-10-19 23:19:22] PRINT Train Epoch: 9 [16640/60000 (28%)]	Loss: 109.474861
[2022-10-19 23:19:22] PRINT Train Epoch: 9 [17920/60000 (30%)]	Loss: 106.970055
[2022-10-19 23:19:22] PRINT Train Epoch: 9 [19200/60000 (32%)]	Loss: 109.798126
[2022-10-19 23:19:22] PRINT Train Epoch: 9 [20480/60000 (34%)]	Loss: 115.270958
[2022-10-19 23:19:22] PRINT Train Epoch: 9 [21760/60000 (36%)]	Loss: 111.587868
[2022-10-19 23:19:22] PRINT Train Epoch: 9 [23040/60000 (38%)]	Loss: 112.035904
[2022-10-19 23:19:22] PRINT Train Epoch: 9 [24320/60000 (41%)]	Loss: 112.607727
[2022-10-19 23:19:22] PRINT Train Epoch: 9 [25600/60000 (43%)]	Loss: 109.194611
[2022-10-19 23:19:22] PRINT Train Epoch: 9 [26880/60000 (45%)]	Loss: 113.454407
[2022-10-19 23:19:22] PRINT Train Epoch: 9 [28160/60000 (47%)]	Loss: 110.357216
[2022-10-19 23:19:23] PRINT Train Epoch: 9 [29440/60000 (49%)]	Loss: 108.204391
[2022-10-19 23:19:23] PRINT Train Epoch: 9 [30720/60000 (51%)]	Loss: 108.834656
[2022-10-19 23:19:23] PRINT Train Epoch: 9 [32000/60000 (53%)]	Loss: 111.327698
[2022-10-19 23:19:23] PRINT Train Epoch: 9 [33280/60000 (55%)]	Loss: 112.008507
[2022-10-19 23:19:23] PRINT Train Epoch: 9 [34560/60000 (58%)]	Loss: 108.895622
[2022-10-19 23:19:23] PRINT Train Epoch: 9 [35840/60000 (60%)]	Loss: 114.813217
[2022-10-19 23:19:23] PRINT Train Epoch: 9 [37120/60000 (62%)]	Loss: 110.440903
[2022-10-19 23:19:23] PRINT Train Epoch: 9 [38400/60000 (64%)]	Loss: 108.054306
[2022-10-19 23:19:23] PRINT Train Epoch: 9 [39680/60000 (66%)]	Loss: 106.920609
[2022-10-19 23:19:23] PRINT Train Epoch: 9 [40960/60000 (68%)]	Loss: 107.352303
[2022-10-19 23:19:24] PRINT Train Epoch: 9 [42240/60000 (70%)]	Loss: 106.483490
[2022-10-19 23:19:24] PRINT Train Epoch: 9 [43520/60000 (72%)]	Loss: 112.875076
[2022-10-19 23:19:24] PRINT Train Epoch: 9 [44800/60000 (75%)]	Loss: 111.833672
[2022-10-19 23:19:24] PRINT Train Epoch: 9 [46080/60000 (77%)]	Loss: 106.432724
[2022-10-19 23:19:24] PRINT Train Epoch: 9 [47360/60000 (79%)]	Loss: 107.877792
[2022-10-19 23:19:24] PRINT Train Epoch: 9 [48640/60000 (81%)]	Loss: 112.940163
[2022-10-19 23:19:24] PRINT Train Epoch: 9 [49920/60000 (83%)]	Loss: 115.072922
[2022-10-19 23:19:24] PRINT Train Epoch: 9 [51200/60000 (85%)]	Loss: 110.823105
[2022-10-19 23:19:24] PRINT Train Epoch: 9 [52480/60000 (87%)]	Loss: 108.957130
[2022-10-19 23:19:24] PRINT Train Epoch: 9 [53760/60000 (90%)]	Loss: 108.649910
[2022-10-19 23:19:25] PRINT Train Epoch: 9 [55040/60000 (92%)]	Loss: 111.205124
[2022-10-19 23:19:25] PRINT Train Epoch: 9 [56320/60000 (94%)]	Loss: 108.386536
[2022-10-19 23:19:25] PRINT Train Epoch: 9 [57600/60000 (96%)]	Loss: 109.305328
[2022-10-19 23:19:25] PRINT Train Epoch: 9 [58880/60000 (98%)]	Loss: 116.353859
[2022-10-19 23:19:25] PRINT ====> Epoch: 9 Average loss: 111.0101
[2022-10-19 23:19:26] PRINT ====> Test set loss: 110.5573
[2022-10-19 23:19:26] PRINT Train Epoch: 10 [0/60000 (0%)]	Loss: 109.256439
[2022-10-19 23:19:26] PRINT Train Epoch: 10 [1280/60000 (2%)]	Loss: 112.669556
[2022-10-19 23:19:26] PRINT Train Epoch: 10 [2560/60000 (4%)]	Loss: 112.410400
[2022-10-19 23:19:26] PRINT Train Epoch: 10 [3840/60000 (6%)]	Loss: 111.949402
[2022-10-19 23:19:26] PRINT Train Epoch: 10 [5120/60000 (9%)]	Loss: 109.484818
[2022-10-19 23:19:26] PRINT Train Epoch: 10 [6400/60000 (11%)]	Loss: 108.739037
[2022-10-19 23:19:26] PRINT Train Epoch: 10 [7680/60000 (13%)]	Loss: 107.824646
[2022-10-19 23:19:27] PRINT Train Epoch: 10 [8960/60000 (15%)]	Loss: 113.302223
[2022-10-19 23:19:27] PRINT Train Epoch: 10 [10240/60000 (17%)]	Loss: 108.913269
[2022-10-19 23:19:27] PRINT Train Epoch: 10 [11520/60000 (19%)]	Loss: 112.941452
[2022-10-19 23:19:27] PRINT Train Epoch: 10 [12800/60000 (21%)]	Loss: 111.514442
[2022-10-19 23:19:27] PRINT Train Epoch: 10 [14080/60000 (23%)]	Loss: 109.429024
[2022-10-19 23:19:27] PRINT Train Epoch: 10 [15360/60000 (26%)]	Loss: 109.141708
[2022-10-19 23:19:27] PRINT Train Epoch: 10 [16640/60000 (28%)]	Loss: 111.682831
[2022-10-19 23:19:27] PRINT Train Epoch: 10 [17920/60000 (30%)]	Loss: 107.862183
[2022-10-19 23:19:27] PRINT Train Epoch: 10 [19200/60000 (32%)]	Loss: 111.796921
[2022-10-19 23:19:27] PRINT Train Epoch: 10 [20480/60000 (34%)]	Loss: 110.132568
[2022-10-19 23:19:28] PRINT Train Epoch: 10 [21760/60000 (36%)]	Loss: 111.446335
[2022-10-19 23:19:28] PRINT Train Epoch: 10 [23040/60000 (38%)]	Loss: 106.993301
[2022-10-19 23:19:28] PRINT Train Epoch: 10 [24320/60000 (41%)]	Loss: 110.841713
[2022-10-19 23:19:28] PRINT Train Epoch: 10 [25600/60000 (43%)]	Loss: 107.160034
[2022-10-19 23:19:28] PRINT Train Epoch: 10 [26880/60000 (45%)]	Loss: 112.225250
[2022-10-19 23:19:28] PRINT Train Epoch: 10 [28160/60000 (47%)]	Loss: 108.766693
[2022-10-19 23:19:28] PRINT Train Epoch: 10 [29440/60000 (49%)]	Loss: 108.724533
[2022-10-19 23:19:28] PRINT Train Epoch: 10 [30720/60000 (51%)]	Loss: 112.907562
[2022-10-19 23:19:28] PRINT Train Epoch: 10 [32000/60000 (53%)]	Loss: 107.822205
[2022-10-19 23:19:28] PRINT Train Epoch: 10 [33280/60000 (55%)]	Loss: 110.921799
[2022-10-19 23:19:29] PRINT Train Epoch: 10 [34560/60000 (58%)]	Loss: 108.214752
[2022-10-19 23:19:29] PRINT Train Epoch: 10 [35840/60000 (60%)]	Loss: 110.613739
[2022-10-19 23:19:29] PRINT Train Epoch: 10 [37120/60000 (62%)]	Loss: 107.416275
[2022-10-19 23:19:29] PRINT Train Epoch: 10 [38400/60000 (64%)]	Loss: 114.607140
[2022-10-19 23:19:29] PRINT Train Epoch: 10 [39680/60000 (66%)]	Loss: 110.231491
[2022-10-19 23:19:29] PRINT Train Epoch: 10 [40960/60000 (68%)]	Loss: 112.480774
[2022-10-19 23:19:29] PRINT Train Epoch: 10 [42240/60000 (70%)]	Loss: 109.465302
[2022-10-19 23:19:29] PRINT Train Epoch: 10 [43520/60000 (72%)]	Loss: 107.382591
[2022-10-19 23:19:29] PRINT Train Epoch: 10 [44800/60000 (75%)]	Loss: 112.426208
[2022-10-19 23:19:30] PRINT Train Epoch: 10 [46080/60000 (77%)]	Loss: 110.881157
[2022-10-19 23:19:30] PRINT Train Epoch: 10 [47360/60000 (79%)]	Loss: 107.135254
[2022-10-19 23:19:30] PRINT Train Epoch: 10 [48640/60000 (81%)]	Loss: 108.188667
[2022-10-19 23:19:30] PRINT Train Epoch: 10 [49920/60000 (83%)]	Loss: 109.925858
[2022-10-19 23:19:30] PRINT Train Epoch: 10 [51200/60000 (85%)]	Loss: 108.093399
[2022-10-19 23:19:30] PRINT Train Epoch: 10 [52480/60000 (87%)]	Loss: 109.175476
[2022-10-19 23:19:30] PRINT Train Epoch: 10 [53760/60000 (90%)]	Loss: 111.602005
[2022-10-19 23:19:30] PRINT Train Epoch: 10 [55040/60000 (92%)]	Loss: 112.377838
[2022-10-19 23:19:30] PRINT Train Epoch: 10 [56320/60000 (94%)]	Loss: 109.725571
[2022-10-19 23:19:30] PRINT Train Epoch: 10 [57600/60000 (96%)]	Loss: 115.502670
[2022-10-19 23:19:31] PRINT Train Epoch: 10 [58880/60000 (98%)]	Loss: 114.632019
[2022-10-19 23:19:31] PRINT ====> Epoch: 10 Average loss: 110.7609
[2022-10-19 23:19:32] PRINT ====> Test set loss: 111.4263
