[2022-10-19 23:30:58] INFO (main) Start NNI manager
[2022-10-19 23:30:58] INFO (NNIDataStore) Datastore initialization done
[2022-10-19 23:30:58] INFO (RestServer) Starting REST server at port 8091, URL prefix: "/"
[2022-10-19 23:30:59] INFO (RestServer) REST server started.
[2022-10-19 23:30:59] INFO (NNIManager) Starting experiment: xosr8gzl
[2022-10-19 23:30:59] INFO (NNIManager) Setup training service...
[2022-10-19 23:30:59] INFO (LocalTrainingService) Construct local machine training service.
[2022-10-19 23:30:59] INFO (NNIManager) Setup tuner...
[2022-10-19 23:30:59] INFO (NNIManager) Change NNIManager status from: INITIALIZED to: RUNNING
[2022-10-19 23:31:00] INFO (NNIManager) Add event listeners
[2022-10-19 23:31:00] INFO (LocalTrainingService) Run local machine training service.
[2022-10-19 23:31:00] INFO (NNIManager) NNIManager received command from dispatcher: ID, 
[2022-10-19 23:31:00] INFO (NNIManager) NNIManager received command from dispatcher: TR, {"parameter_id": 0, "parameter_source": "algorithm", "parameters": {"features1": 400, "features2": 30, "lr": 0.0018795647063953563, "epsilon": 1e-06}, "parameter_index": 0}
[2022-10-19 23:31:05] INFO (NNIManager) submitTrialJob: form: {
  sequenceId: 0,
  hyperParameters: {
    value: '{"parameter_id": 0, "parameter_source": "algorithm", "parameters": {"features1": 400, "features2": 30, "lr": 0.0018795647063953563, "epsilon": 1e-06}, "parameter_index": 0}',
    index: 0
  },
  placementConstraint: { type: 'None', gpus: [] }
}
[2022-10-19 23:31:15] INFO (NNIManager) Trial job yvSmT status changed from WAITING to RUNNING
[2022-10-19 23:32:15] INFO (NNIManager) Trial job yvSmT status changed from RUNNING to SUCCEEDED
[2022-10-19 23:32:15] INFO (NNIManager) NNIManager received command from dispatcher: TR, {"parameter_id": 1, "parameter_source": "algorithm", "parameters": {"features1": 600, "features2": 10, "lr": 0.01264974157068499, "epsilon": 1e-06}, "parameter_index": 0}
[2022-10-19 23:32:20] INFO (NNIManager) submitTrialJob: form: {
  sequenceId: 1,
  hyperParameters: {
    value: '{"parameter_id": 1, "parameter_source": "algorithm", "parameters": {"features1": 600, "features2": 10, "lr": 0.01264974157068499, "epsilon": 1e-06}, "parameter_index": 0}',
    index: 0
  },
  placementConstraint: { type: 'None', gpus: [] }
}
[2022-10-19 23:32:25] INFO (NNIManager) Trial job rbI0M status changed from WAITING to RUNNING
[2022-10-19 23:33:30] INFO (NNIManager) Trial job rbI0M status changed from RUNNING to SUCCEEDED
[2022-10-19 23:33:30] INFO (NNIManager) NNIManager received command from dispatcher: TR, {"parameter_id": 2, "parameter_source": "algorithm", "parameters": {"features1": 300, "features2": 40, "lr": 0.007712242909145127, "epsilon": 1e-07}, "parameter_index": 0}
[2022-10-19 23:33:35] INFO (NNIManager) submitTrialJob: form: {
  sequenceId: 2,
  hyperParameters: {
    value: '{"parameter_id": 2, "parameter_source": "algorithm", "parameters": {"features1": 300, "features2": 40, "lr": 0.007712242909145127, "epsilon": 1e-07}, "parameter_index": 0}',
    index: 0
  },
  placementConstraint: { type: 'None', gpus: [] }
}
[2022-10-19 23:33:40] INFO (NNIManager) Trial job yaGjj status changed from WAITING to RUNNING
[2022-10-19 23:34:45] INFO (NNIManager) Trial job yaGjj status changed from RUNNING to SUCCEEDED
[2022-10-19 23:34:45] INFO (NNIManager) NNIManager received command from dispatcher: TR, {"parameter_id": 3, "parameter_source": "algorithm", "parameters": {"features1": 400, "features2": 40, "lr": 0.0038128889040451607, "epsilon": 1e-06}, "parameter_index": 0}
[2022-10-19 23:34:50] INFO (NNIManager) submitTrialJob: form: {
  sequenceId: 3,
  hyperParameters: {
    value: '{"parameter_id": 3, "parameter_source": "algorithm", "parameters": {"features1": 400, "features2": 40, "lr": 0.0038128889040451607, "epsilon": 1e-06}, "parameter_index": 0}',
    index: 0
  },
  placementConstraint: { type: 'None', gpus: [] }
}
[2022-10-19 23:34:55] INFO (NNIManager) Trial job GLqla status changed from WAITING to RUNNING
[2022-10-19 23:36:00] INFO (NNIManager) Trial job GLqla status changed from RUNNING to SUCCEEDED
[2022-10-19 23:36:00] INFO (NNIManager) NNIManager received command from dispatcher: TR, {"parameter_id": 4, "parameter_source": "algorithm", "parameters": {"features1": 300, "features2": 30, "lr": 0.05089830093982153, "epsilon": 1e-07}, "parameter_index": 0}
[2022-10-19 23:36:05] INFO (NNIManager) submitTrialJob: form: {
  sequenceId: 4,
  hyperParameters: {
    value: '{"parameter_id": 4, "parameter_source": "algorithm", "parameters": {"features1": 300, "features2": 30, "lr": 0.05089830093982153, "epsilon": 1e-07}, "parameter_index": 0}',
    index: 0
  },
  placementConstraint: { type: 'None', gpus: [] }
}
[2022-10-19 23:36:10] INFO (NNIManager) Trial job rqezd status changed from WAITING to RUNNING
[2022-10-19 23:37:15] INFO (NNIManager) Trial job rqezd status changed from RUNNING to SUCCEEDED
[2022-10-19 23:37:15] INFO (NNIManager) NNIManager received command from dispatcher: TR, {"parameter_id": 5, "parameter_source": "algorithm", "parameters": {"features1": 400, "features2": 10, "lr": 0.00014134831433671122, "epsilon": 1e-06}, "parameter_index": 0}
[2022-10-19 23:37:20] INFO (NNIManager) submitTrialJob: form: {
  sequenceId: 5,
  hyperParameters: {
    value: '{"parameter_id": 5, "parameter_source": "algorithm", "parameters": {"features1": 400, "features2": 10, "lr": 0.00014134831433671122, "epsilon": 1e-06}, "parameter_index": 0}',
    index: 0
  },
  placementConstraint: { type: 'None', gpus: [] }
}
[2022-10-19 23:37:25] INFO (NNIManager) Trial job Vz7BJ status changed from WAITING to RUNNING
[2022-10-19 23:38:30] INFO (NNIManager) Trial job Vz7BJ status changed from RUNNING to SUCCEEDED
[2022-10-19 23:38:30] INFO (NNIManager) NNIManager received command from dispatcher: TR, {"parameter_id": 6, "parameter_source": "algorithm", "parameters": {"features1": 400, "features2": 10, "lr": 0.004226196574047986, "epsilon": 1e-06}, "parameter_index": 0}
[2022-10-19 23:38:35] INFO (NNIManager) submitTrialJob: form: {
  sequenceId: 6,
  hyperParameters: {
    value: '{"parameter_id": 6, "parameter_source": "algorithm", "parameters": {"features1": 400, "features2": 10, "lr": 0.004226196574047986, "epsilon": 1e-06}, "parameter_index": 0}',
    index: 0
  },
  placementConstraint: { type: 'None', gpus: [] }
}
[2022-10-19 23:38:40] INFO (NNIManager) Trial job kxygF status changed from WAITING to RUNNING
[2022-10-19 23:39:46] INFO (NNIManager) Trial job kxygF status changed from RUNNING to SUCCEEDED
[2022-10-19 23:39:46] INFO (NNIManager) NNIManager received command from dispatcher: TR, {"parameter_id": 7, "parameter_source": "algorithm", "parameters": {"features1": 400, "features2": 10, "lr": 0.008723216942199016, "epsilon": 1e-07}, "parameter_index": 0}
[2022-10-19 23:39:51] INFO (NNIManager) submitTrialJob: form: {
  sequenceId: 7,
  hyperParameters: {
    value: '{"parameter_id": 7, "parameter_source": "algorithm", "parameters": {"features1": 400, "features2": 10, "lr": 0.008723216942199016, "epsilon": 1e-07}, "parameter_index": 0}',
    index: 0
  },
  placementConstraint: { type: 'None', gpus: [] }
}
[2022-10-19 23:39:56] INFO (NNIManager) Trial job HTzgB status changed from WAITING to RUNNING
[2022-10-19 23:41:01] INFO (NNIManager) Trial job HTzgB status changed from RUNNING to SUCCEEDED
[2022-10-19 23:41:01] INFO (NNIManager) NNIManager received command from dispatcher: TR, {"parameter_id": 8, "parameter_source": "algorithm", "parameters": {"features1": 500, "features2": 30, "lr": 0.0003066351269150412, "epsilon": 1e-06}, "parameter_index": 0}
[2022-10-19 23:41:06] INFO (NNIManager) submitTrialJob: form: {
  sequenceId: 8,
  hyperParameters: {
    value: '{"parameter_id": 8, "parameter_source": "algorithm", "parameters": {"features1": 500, "features2": 30, "lr": 0.0003066351269150412, "epsilon": 1e-06}, "parameter_index": 0}',
    index: 0
  },
  placementConstraint: { type: 'None', gpus: [] }
}
[2022-10-19 23:41:11] INFO (NNIManager) Trial job dopsA status changed from WAITING to RUNNING
[2022-10-19 23:42:16] INFO (NNIManager) Trial job dopsA status changed from RUNNING to SUCCEEDED
[2022-10-19 23:42:16] INFO (NNIManager) NNIManager received command from dispatcher: TR, {"parameter_id": 9, "parameter_source": "algorithm", "parameters": {"features1": 500, "features2": 10, "lr": 0.014145170586009935, "epsilon": 1e-06}, "parameter_index": 0}
[2022-10-19 23:42:21] INFO (NNIManager) submitTrialJob: form: {
  sequenceId: 9,
  hyperParameters: {
    value: '{"parameter_id": 9, "parameter_source": "algorithm", "parameters": {"features1": 500, "features2": 10, "lr": 0.014145170586009935, "epsilon": 1e-06}, "parameter_index": 0}',
    index: 0
  },
  placementConstraint: { type: 'None', gpus: [] }
}
[2022-10-19 23:42:26] INFO (NNIManager) Trial job xGt50 status changed from WAITING to RUNNING
[2022-10-19 23:42:26] INFO (NNIManager) Change NNIManager status from: RUNNING to: NO_MORE_TRIAL
[2022-10-19 23:43:31] INFO (NNIManager) Trial job xGt50 status changed from RUNNING to SUCCEEDED
[2022-10-19 23:43:31] INFO (NNIManager) Change NNIManager status from: NO_MORE_TRIAL to: DONE
[2022-10-19 23:43:31] INFO (NNIManager) Experiment done.
[2022-10-19 23:43:40] INFO (ShutdownManager) Initiate shutdown: REST request
[2022-10-19 23:43:40] INFO (RestServer) Stopping REST server.
[2022-10-19 23:43:40] INFO (NNIManager) Change NNIManager status from: DONE to: STOPPING
[2022-10-19 23:43:40] INFO (NNIManager) Stopping experiment, cleaning up ...
[2022-10-19 23:43:43] INFO (RestServer) REST server stopped.
[2022-10-19 23:43:43] INFO (LocalTrainingService) Stopping local machine training service...
[2022-10-19 23:43:43] INFO (NNIManager) Change NNIManager status from: STOPPING to: STOPPED
[2022-10-19 23:43:43] INFO (NNIManager) Experiment stopped.
[2022-10-19 23:43:43] INFO (NNITensorboardManager) Forced stopping all tensorboard task.
[2022-10-19 23:43:43] INFO (NNITensorboardManager) All tensorboard task stopped.
[2022-10-19 23:43:43] INFO (NNITensorboardManager) Tensorboard manager stopped.
[2022-10-19 23:43:43] INFO (ShutdownManager) Shutdown complete.
