[2022-10-20 01:45:51] PRINT {'features1': 600, 'features2': 10, 'lr': 0.000744835198572138, 'epsilon': 1e-07}
[2022-10-20 01:45:51] PRINT Using cuda device
[2022-10-20 01:45:52] PRINT Train Epoch: 1 [0/60000 (0%)]	Loss: 547.453735
[2022-10-20 01:45:52] PRINT Train Epoch: 1 [1280/60000 (2%)]	Loss: 280.382477
[2022-10-20 01:45:52] PRINT Train Epoch: 1 [2560/60000 (4%)]	Loss: 237.442352
[2022-10-20 01:45:53] PRINT Train Epoch: 1 [3840/60000 (6%)]	Loss: 216.379288
[2022-10-20 01:45:53] PRINT Train Epoch: 1 [5120/60000 (9%)]	Loss: 213.205750
[2022-10-20 01:45:53] PRINT Train Epoch: 1 [6400/60000 (11%)]	Loss: 210.839554
[2022-10-20 01:45:53] PRINT Train Epoch: 1 [7680/60000 (13%)]	Loss: 197.707306
[2022-10-20 01:45:53] PRINT Train Epoch: 1 [8960/60000 (15%)]	Loss: 205.223312
[2022-10-20 01:45:53] PRINT Train Epoch: 1 [10240/60000 (17%)]	Loss: 184.610413
[2022-10-20 01:45:53] PRINT Train Epoch: 1 [11520/60000 (19%)]	Loss: 185.857910
[2022-10-20 01:45:53] PRINT Train Epoch: 1 [12800/60000 (21%)]	Loss: 171.523926
[2022-10-20 01:45:53] PRINT Train Epoch: 1 [14080/60000 (23%)]	Loss: 172.507706
[2022-10-20 01:45:53] PRINT Train Epoch: 1 [15360/60000 (26%)]	Loss: 172.758392
[2022-10-20 01:45:53] PRINT Train Epoch: 1 [16640/60000 (28%)]	Loss: 170.438660
[2022-10-20 01:45:54] PRINT Train Epoch: 1 [17920/60000 (30%)]	Loss: 162.566956
[2022-10-20 01:45:54] PRINT Train Epoch: 1 [19200/60000 (32%)]	Loss: 158.291275
[2022-10-20 01:45:54] PRINT Train Epoch: 1 [20480/60000 (34%)]	Loss: 157.518448
[2022-10-20 01:45:54] PRINT Train Epoch: 1 [21760/60000 (36%)]	Loss: 154.023224
[2022-10-20 01:45:54] PRINT Train Epoch: 1 [23040/60000 (38%)]	Loss: 147.304794
[2022-10-20 01:45:54] PRINT Train Epoch: 1 [24320/60000 (41%)]	Loss: 154.821869
[2022-10-20 01:45:54] PRINT Train Epoch: 1 [25600/60000 (43%)]	Loss: 143.969269
[2022-10-20 01:45:54] PRINT Train Epoch: 1 [26880/60000 (45%)]	Loss: 148.500473
[2022-10-20 01:45:54] PRINT Train Epoch: 1 [28160/60000 (47%)]	Loss: 140.859329
[2022-10-20 01:45:54] PRINT Train Epoch: 1 [29440/60000 (49%)]	Loss: 148.601532
[2022-10-20 01:45:54] PRINT Train Epoch: 1 [30720/60000 (51%)]	Loss: 144.320724
[2022-10-20 01:45:55] PRINT Train Epoch: 1 [32000/60000 (53%)]	Loss: 135.191132
[2022-10-20 01:45:55] PRINT Train Epoch: 1 [33280/60000 (55%)]	Loss: 144.595352
[2022-10-20 01:45:55] PRINT Train Epoch: 1 [34560/60000 (58%)]	Loss: 146.279175
[2022-10-20 01:45:55] PRINT Train Epoch: 1 [35840/60000 (60%)]	Loss: 141.837372
[2022-10-20 01:45:55] PRINT Train Epoch: 1 [37120/60000 (62%)]	Loss: 139.007187
[2022-10-20 01:45:55] PRINT Train Epoch: 1 [38400/60000 (64%)]	Loss: 139.143463
[2022-10-20 01:45:55] PRINT Train Epoch: 1 [39680/60000 (66%)]	Loss: 137.479156
[2022-10-20 01:45:55] PRINT Train Epoch: 1 [40960/60000 (68%)]	Loss: 136.672333
[2022-10-20 01:45:55] PRINT Train Epoch: 1 [42240/60000 (70%)]	Loss: 132.272125
[2022-10-20 01:45:55] PRINT Train Epoch: 1 [43520/60000 (72%)]	Loss: 136.000275
[2022-10-20 01:45:55] PRINT Train Epoch: 1 [44800/60000 (75%)]	Loss: 140.086716
[2022-10-20 01:45:55] PRINT Train Epoch: 1 [46080/60000 (77%)]	Loss: 133.805084
[2022-10-20 01:45:56] PRINT Train Epoch: 1 [47360/60000 (79%)]	Loss: 133.168671
[2022-10-20 01:45:56] PRINT Train Epoch: 1 [48640/60000 (81%)]	Loss: 132.619385
[2022-10-20 01:45:56] PRINT Train Epoch: 1 [49920/60000 (83%)]	Loss: 133.556396
[2022-10-20 01:45:56] PRINT Train Epoch: 1 [51200/60000 (85%)]	Loss: 130.200577
[2022-10-20 01:45:56] PRINT Train Epoch: 1 [52480/60000 (87%)]	Loss: 126.823853
[2022-10-20 01:45:56] PRINT Train Epoch: 1 [53760/60000 (90%)]	Loss: 127.656281
[2022-10-20 01:45:56] PRINT Train Epoch: 1 [55040/60000 (92%)]	Loss: 130.657761
[2022-10-20 01:45:56] PRINT Train Epoch: 1 [56320/60000 (94%)]	Loss: 134.570480
[2022-10-20 01:45:56] PRINT Train Epoch: 1 [57600/60000 (96%)]	Loss: 131.567169
[2022-10-20 01:45:56] PRINT Train Epoch: 1 [58880/60000 (98%)]	Loss: 130.314972
[2022-10-20 01:45:56] PRINT ====> Epoch: 1 Average loss: 161.3966
[2022-10-20 01:45:57] PRINT ====> Test set loss: 127.9493
[2022-10-20 01:45:57] PRINT Train Epoch: 2 [0/60000 (0%)]	Loss: 129.984222
[2022-10-20 01:45:57] PRINT Train Epoch: 2 [1280/60000 (2%)]	Loss: 126.668510
[2022-10-20 01:45:57] PRINT Train Epoch: 2 [2560/60000 (4%)]	Loss: 124.750130
[2022-10-20 01:45:58] PRINT Train Epoch: 2 [3840/60000 (6%)]	Loss: 131.475372
[2022-10-20 01:45:58] PRINT Train Epoch: 2 [5120/60000 (9%)]	Loss: 125.027504
[2022-10-20 01:45:58] PRINT Train Epoch: 2 [6400/60000 (11%)]	Loss: 131.748245
[2022-10-20 01:45:58] PRINT Train Epoch: 2 [7680/60000 (13%)]	Loss: 124.388702
[2022-10-20 01:45:58] PRINT Train Epoch: 2 [8960/60000 (15%)]	Loss: 127.111176
[2022-10-20 01:45:58] PRINT Train Epoch: 2 [10240/60000 (17%)]	Loss: 125.613235
[2022-10-20 01:45:58] PRINT Train Epoch: 2 [11520/60000 (19%)]	Loss: 121.329826
[2022-10-20 01:45:58] PRINT Train Epoch: 2 [12800/60000 (21%)]	Loss: 129.873047
[2022-10-20 01:45:58] PRINT Train Epoch: 2 [14080/60000 (23%)]	Loss: 126.359650
[2022-10-20 01:45:58] PRINT Train Epoch: 2 [15360/60000 (26%)]	Loss: 125.501099
[2022-10-20 01:45:59] PRINT Train Epoch: 2 [16640/60000 (28%)]	Loss: 125.958481
[2022-10-20 01:45:59] PRINT Train Epoch: 2 [17920/60000 (30%)]	Loss: 127.679375
[2022-10-20 01:45:59] PRINT Train Epoch: 2 [19200/60000 (32%)]	Loss: 129.298996
[2022-10-20 01:45:59] PRINT Train Epoch: 2 [20480/60000 (34%)]	Loss: 125.895622
[2022-10-20 01:45:59] PRINT Train Epoch: 2 [21760/60000 (36%)]	Loss: 127.394104
[2022-10-20 01:45:59] PRINT Train Epoch: 2 [23040/60000 (38%)]	Loss: 126.675362
[2022-10-20 01:45:59] PRINT Train Epoch: 2 [24320/60000 (41%)]	Loss: 130.827347
[2022-10-20 01:45:59] PRINT Train Epoch: 2 [25600/60000 (43%)]	Loss: 126.367386
[2022-10-20 01:45:59] PRINT Train Epoch: 2 [26880/60000 (45%)]	Loss: 121.025414
[2022-10-20 01:45:59] PRINT Train Epoch: 2 [28160/60000 (47%)]	Loss: 122.148224
[2022-10-20 01:45:59] PRINT Train Epoch: 2 [29440/60000 (49%)]	Loss: 123.222031
[2022-10-20 01:45:59] PRINT Train Epoch: 2 [30720/60000 (51%)]	Loss: 123.581627
[2022-10-20 01:46:00] PRINT Train Epoch: 2 [32000/60000 (53%)]	Loss: 129.502884
[2022-10-20 01:46:00] PRINT Train Epoch: 2 [33280/60000 (55%)]	Loss: 122.326630
[2022-10-20 01:46:00] PRINT Train Epoch: 2 [34560/60000 (58%)]	Loss: 120.471695
[2022-10-20 01:46:00] PRINT Train Epoch: 2 [35840/60000 (60%)]	Loss: 126.032112
[2022-10-20 01:46:00] PRINT Train Epoch: 2 [37120/60000 (62%)]	Loss: 124.378067
[2022-10-20 01:46:00] PRINT Train Epoch: 2 [38400/60000 (64%)]	Loss: 128.028076
[2022-10-20 01:46:00] PRINT Train Epoch: 2 [39680/60000 (66%)]	Loss: 118.930542
[2022-10-20 01:46:00] PRINT Train Epoch: 2 [40960/60000 (68%)]	Loss: 118.379623
[2022-10-20 01:46:00] PRINT Train Epoch: 2 [42240/60000 (70%)]	Loss: 126.415024
[2022-10-20 01:46:00] PRINT Train Epoch: 2 [43520/60000 (72%)]	Loss: 122.316772
[2022-10-20 01:46:01] PRINT Train Epoch: 2 [44800/60000 (75%)]	Loss: 120.972038
[2022-10-20 01:46:01] PRINT Train Epoch: 2 [46080/60000 (77%)]	Loss: 123.046021
[2022-10-20 01:46:01] PRINT Train Epoch: 2 [47360/60000 (79%)]	Loss: 120.305191
[2022-10-20 01:46:01] PRINT Train Epoch: 2 [48640/60000 (81%)]	Loss: 121.713928
[2022-10-20 01:46:01] PRINT Train Epoch: 2 [49920/60000 (83%)]	Loss: 117.235229
[2022-10-20 01:46:01] PRINT Train Epoch: 2 [51200/60000 (85%)]	Loss: 119.194489
[2022-10-20 01:46:01] PRINT Train Epoch: 2 [52480/60000 (87%)]	Loss: 120.770065
[2022-10-20 01:46:01] PRINT Train Epoch: 2 [53760/60000 (90%)]	Loss: 119.688896
[2022-10-20 01:46:01] PRINT Train Epoch: 2 [55040/60000 (92%)]	Loss: 123.898605
[2022-10-20 01:46:01] PRINT Train Epoch: 2 [56320/60000 (94%)]	Loss: 125.887360
[2022-10-20 01:46:01] PRINT Train Epoch: 2 [57600/60000 (96%)]	Loss: 122.489555
[2022-10-20 01:46:01] PRINT Train Epoch: 2 [58880/60000 (98%)]	Loss: 122.477470
[2022-10-20 01:46:02] PRINT ====> Epoch: 2 Average loss: 124.3888
[2022-10-20 01:46:02] PRINT ====> Test set loss: 120.0065
[2022-10-20 01:46:02] PRINT Train Epoch: 3 [0/60000 (0%)]	Loss: 119.402000
[2022-10-20 01:46:02] PRINT Train Epoch: 3 [1280/60000 (2%)]	Loss: 121.437401
[2022-10-20 01:46:03] PRINT Train Epoch: 3 [2560/60000 (4%)]	Loss: 131.208878
[2022-10-20 01:46:03] PRINT Train Epoch: 3 [3840/60000 (6%)]	Loss: 123.752167
[2022-10-20 01:46:03] PRINT Train Epoch: 3 [5120/60000 (9%)]	Loss: 120.201927
[2022-10-20 01:46:03] PRINT Train Epoch: 3 [6400/60000 (11%)]	Loss: 118.233917
[2022-10-20 01:46:03] PRINT Train Epoch: 3 [7680/60000 (13%)]	Loss: 122.421631
[2022-10-20 01:46:03] PRINT Train Epoch: 3 [8960/60000 (15%)]	Loss: 120.521538
[2022-10-20 01:46:03] PRINT Train Epoch: 3 [10240/60000 (17%)]	Loss: 117.562637
[2022-10-20 01:46:03] PRINT Train Epoch: 3 [11520/60000 (19%)]	Loss: 112.311279
[2022-10-20 01:46:03] PRINT Train Epoch: 3 [12800/60000 (21%)]	Loss: 122.246811
[2022-10-20 01:46:03] PRINT Train Epoch: 3 [14080/60000 (23%)]	Loss: 117.566368
[2022-10-20 01:46:03] PRINT Train Epoch: 3 [15360/60000 (26%)]	Loss: 118.095688
[2022-10-20 01:46:04] PRINT Train Epoch: 3 [16640/60000 (28%)]	Loss: 118.618439
[2022-10-20 01:46:04] PRINT Train Epoch: 3 [17920/60000 (30%)]	Loss: 114.118332
[2022-10-20 01:46:04] PRINT Train Epoch: 3 [19200/60000 (32%)]	Loss: 118.948837
[2022-10-20 01:46:04] PRINT Train Epoch: 3 [20480/60000 (34%)]	Loss: 119.196945
[2022-10-20 01:46:04] PRINT Train Epoch: 3 [21760/60000 (36%)]	Loss: 119.184944
[2022-10-20 01:46:04] PRINT Train Epoch: 3 [23040/60000 (38%)]	Loss: 122.973076
[2022-10-20 01:46:04] PRINT Train Epoch: 3 [24320/60000 (41%)]	Loss: 124.363068
[2022-10-20 01:46:04] PRINT Train Epoch: 3 [25600/60000 (43%)]	Loss: 122.180450
[2022-10-20 01:46:04] PRINT Train Epoch: 3 [26880/60000 (45%)]	Loss: 121.030327
[2022-10-20 01:46:04] PRINT Train Epoch: 3 [28160/60000 (47%)]	Loss: 120.318939
[2022-10-20 01:46:04] PRINT Train Epoch: 3 [29440/60000 (49%)]	Loss: 123.928223
[2022-10-20 01:46:05] PRINT Train Epoch: 3 [30720/60000 (51%)]	Loss: 116.136597
[2022-10-20 01:46:05] PRINT Train Epoch: 3 [32000/60000 (53%)]	Loss: 115.198380
[2022-10-20 01:46:05] PRINT Train Epoch: 3 [33280/60000 (55%)]	Loss: 116.459717
[2022-10-20 01:46:05] PRINT Train Epoch: 3 [34560/60000 (58%)]	Loss: 119.004501
[2022-10-20 01:46:05] PRINT Train Epoch: 3 [35840/60000 (60%)]	Loss: 114.632492
[2022-10-20 01:46:05] PRINT Train Epoch: 3 [37120/60000 (62%)]	Loss: 121.992874
[2022-10-20 01:46:05] PRINT Train Epoch: 3 [38400/60000 (64%)]	Loss: 117.935471
[2022-10-20 01:46:05] PRINT Train Epoch: 3 [39680/60000 (66%)]	Loss: 120.045334
[2022-10-20 01:46:05] PRINT Train Epoch: 3 [40960/60000 (68%)]	Loss: 119.910889
[2022-10-20 01:46:05] PRINT Train Epoch: 3 [42240/60000 (70%)]	Loss: 118.745544
[2022-10-20 01:46:05] PRINT Train Epoch: 3 [43520/60000 (72%)]	Loss: 116.649536
[2022-10-20 01:46:06] PRINT Train Epoch: 3 [44800/60000 (75%)]	Loss: 116.552490
[2022-10-20 01:46:06] PRINT Train Epoch: 3 [46080/60000 (77%)]	Loss: 122.719421
[2022-10-20 01:46:06] PRINT Train Epoch: 3 [47360/60000 (79%)]	Loss: 117.747391
[2022-10-20 01:46:06] PRINT Train Epoch: 3 [48640/60000 (81%)]	Loss: 119.817123
[2022-10-20 01:46:06] PRINT Train Epoch: 3 [49920/60000 (83%)]	Loss: 117.779030
[2022-10-20 01:46:06] PRINT Train Epoch: 3 [51200/60000 (85%)]	Loss: 119.710701
[2022-10-20 01:46:06] PRINT Train Epoch: 3 [52480/60000 (87%)]	Loss: 121.336739
[2022-10-20 01:46:06] PRINT Train Epoch: 3 [53760/60000 (90%)]	Loss: 116.889771
[2022-10-20 01:46:06] PRINT Train Epoch: 3 [55040/60000 (92%)]	Loss: 117.276024
[2022-10-20 01:46:06] PRINT Train Epoch: 3 [56320/60000 (94%)]	Loss: 120.367004
[2022-10-20 01:46:06] PRINT Train Epoch: 3 [57600/60000 (96%)]	Loss: 118.484619
[2022-10-20 01:46:06] PRINT Train Epoch: 3 [58880/60000 (98%)]	Loss: 117.836349
[2022-10-20 01:46:07] PRINT ====> Epoch: 3 Average loss: 119.1311
[2022-10-20 01:46:07] PRINT ====> Test set loss: 116.5514
[2022-10-20 01:46:07] PRINT Train Epoch: 4 [0/60000 (0%)]	Loss: 112.956825
[2022-10-20 01:46:07] PRINT Train Epoch: 4 [1280/60000 (2%)]	Loss: 119.040085
[2022-10-20 01:46:08] PRINT Train Epoch: 4 [2560/60000 (4%)]	Loss: 119.226372
[2022-10-20 01:46:08] PRINT Train Epoch: 4 [3840/60000 (6%)]	Loss: 113.000076
[2022-10-20 01:46:08] PRINT Train Epoch: 4 [5120/60000 (9%)]	Loss: 115.128098
[2022-10-20 01:46:08] PRINT Train Epoch: 4 [6400/60000 (11%)]	Loss: 116.730141
[2022-10-20 01:46:08] PRINT Train Epoch: 4 [7680/60000 (13%)]	Loss: 114.698532
[2022-10-20 01:46:08] PRINT Train Epoch: 4 [8960/60000 (15%)]	Loss: 118.996719
[2022-10-20 01:46:08] PRINT Train Epoch: 4 [10240/60000 (17%)]	Loss: 119.408928
[2022-10-20 01:46:08] PRINT Train Epoch: 4 [11520/60000 (19%)]	Loss: 118.437866
[2022-10-20 01:46:08] PRINT Train Epoch: 4 [12800/60000 (21%)]	Loss: 121.422142
[2022-10-20 01:46:08] PRINT Train Epoch: 4 [14080/60000 (23%)]	Loss: 119.844673
[2022-10-20 01:46:08] PRINT Train Epoch: 4 [15360/60000 (26%)]	Loss: 116.675560
[2022-10-20 01:46:08] PRINT Train Epoch: 4 [16640/60000 (28%)]	Loss: 116.660278
[2022-10-20 01:46:09] PRINT Train Epoch: 4 [17920/60000 (30%)]	Loss: 117.611160
[2022-10-20 01:46:09] PRINT Train Epoch: 4 [19200/60000 (32%)]	Loss: 114.592529
[2022-10-20 01:46:09] PRINT Train Epoch: 4 [20480/60000 (34%)]	Loss: 117.749893
[2022-10-20 01:46:09] PRINT Train Epoch: 4 [21760/60000 (36%)]	Loss: 114.242676
[2022-10-20 01:46:09] PRINT Train Epoch: 4 [23040/60000 (38%)]	Loss: 115.135330
[2022-10-20 01:46:09] PRINT Train Epoch: 4 [24320/60000 (41%)]	Loss: 117.825279
[2022-10-20 01:46:09] PRINT Train Epoch: 4 [25600/60000 (43%)]	Loss: 118.004257
[2022-10-20 01:46:09] PRINT Train Epoch: 4 [26880/60000 (45%)]	Loss: 119.552986
[2022-10-20 01:46:09] PRINT Train Epoch: 4 [28160/60000 (47%)]	Loss: 113.885071
[2022-10-20 01:46:09] PRINT Train Epoch: 4 [29440/60000 (49%)]	Loss: 118.841438
[2022-10-20 01:46:09] PRINT Train Epoch: 4 [30720/60000 (51%)]	Loss: 118.512390
[2022-10-20 01:46:10] PRINT Train Epoch: 4 [32000/60000 (53%)]	Loss: 121.267029
[2022-10-20 01:46:10] PRINT Train Epoch: 4 [33280/60000 (55%)]	Loss: 117.713623
[2022-10-20 01:46:10] PRINT Train Epoch: 4 [34560/60000 (58%)]	Loss: 118.970276
[2022-10-20 01:46:10] PRINT Train Epoch: 4 [35840/60000 (60%)]	Loss: 118.777802
[2022-10-20 01:46:10] PRINT Train Epoch: 4 [37120/60000 (62%)]	Loss: 115.038239
[2022-10-20 01:46:10] PRINT Train Epoch: 4 [38400/60000 (64%)]	Loss: 114.195663
[2022-10-20 01:46:10] PRINT Train Epoch: 4 [39680/60000 (66%)]	Loss: 121.653053
[2022-10-20 01:46:10] PRINT Train Epoch: 4 [40960/60000 (68%)]	Loss: 111.730865
[2022-10-20 01:46:10] PRINT Train Epoch: 4 [42240/60000 (70%)]	Loss: 116.957085
[2022-10-20 01:46:10] PRINT Train Epoch: 4 [43520/60000 (72%)]	Loss: 110.134125
[2022-10-20 01:46:10] PRINT Train Epoch: 4 [44800/60000 (75%)]	Loss: 114.670784
[2022-10-20 01:46:11] PRINT Train Epoch: 4 [46080/60000 (77%)]	Loss: 114.422256
[2022-10-20 01:46:11] PRINT Train Epoch: 4 [47360/60000 (79%)]	Loss: 115.101364
[2022-10-20 01:46:11] PRINT Train Epoch: 4 [48640/60000 (81%)]	Loss: 117.290085
[2022-10-20 01:46:11] PRINT Train Epoch: 4 [49920/60000 (83%)]	Loss: 117.597351
[2022-10-20 01:46:11] PRINT Train Epoch: 4 [51200/60000 (85%)]	Loss: 117.748642
[2022-10-20 01:46:11] PRINT Train Epoch: 4 [52480/60000 (87%)]	Loss: 122.109924
[2022-10-20 01:46:11] PRINT Train Epoch: 4 [53760/60000 (90%)]	Loss: 122.018341
[2022-10-20 01:46:11] PRINT Train Epoch: 4 [55040/60000 (92%)]	Loss: 112.327255
[2022-10-20 01:46:11] PRINT Train Epoch: 4 [56320/60000 (94%)]	Loss: 111.247437
[2022-10-20 01:46:11] PRINT Train Epoch: 4 [57600/60000 (96%)]	Loss: 119.637299
[2022-10-20 01:46:11] PRINT Train Epoch: 4 [58880/60000 (98%)]	Loss: 120.580948
[2022-10-20 01:46:11] PRINT ====> Epoch: 4 Average loss: 116.5071
[2022-10-20 01:46:12] PRINT ====> Test set loss: 114.6959
[2022-10-20 01:46:12] PRINT Train Epoch: 5 [0/60000 (0%)]	Loss: 116.817154
[2022-10-20 01:46:12] PRINT Train Epoch: 5 [1280/60000 (2%)]	Loss: 115.907486
[2022-10-20 01:46:12] PRINT Train Epoch: 5 [2560/60000 (4%)]	Loss: 115.327286
[2022-10-20 01:46:13] PRINT Train Epoch: 5 [3840/60000 (6%)]	Loss: 123.517601
[2022-10-20 01:46:13] PRINT Train Epoch: 5 [5120/60000 (9%)]	Loss: 118.880081
[2022-10-20 01:46:13] PRINT Train Epoch: 5 [6400/60000 (11%)]	Loss: 116.301552
[2022-10-20 01:46:13] PRINT Train Epoch: 5 [7680/60000 (13%)]	Loss: 112.256180
[2022-10-20 01:46:13] PRINT Train Epoch: 5 [8960/60000 (15%)]	Loss: 120.195908
[2022-10-20 01:46:13] PRINT Train Epoch: 5 [10240/60000 (17%)]	Loss: 115.963867
[2022-10-20 01:46:13] PRINT Train Epoch: 5 [11520/60000 (19%)]	Loss: 115.880890
[2022-10-20 01:46:13] PRINT Train Epoch: 5 [12800/60000 (21%)]	Loss: 113.875946
[2022-10-20 01:46:13] PRINT Train Epoch: 5 [14080/60000 (23%)]	Loss: 118.184845
[2022-10-20 01:46:13] PRINT Train Epoch: 5 [15360/60000 (26%)]	Loss: 113.295837
[2022-10-20 01:46:13] PRINT Train Epoch: 5 [16640/60000 (28%)]	Loss: 114.584457
[2022-10-20 01:46:14] PRINT Train Epoch: 5 [17920/60000 (30%)]	Loss: 110.508026
[2022-10-20 01:46:14] PRINT Train Epoch: 5 [19200/60000 (32%)]	Loss: 114.150421
[2022-10-20 01:46:14] PRINT Train Epoch: 5 [20480/60000 (34%)]	Loss: 114.947548
[2022-10-20 01:46:14] PRINT Train Epoch: 5 [21760/60000 (36%)]	Loss: 114.836647
[2022-10-20 01:46:14] PRINT Train Epoch: 5 [23040/60000 (38%)]	Loss: 115.030441
[2022-10-20 01:46:14] PRINT Train Epoch: 5 [24320/60000 (41%)]	Loss: 116.965073
[2022-10-20 01:46:14] PRINT Train Epoch: 5 [25600/60000 (43%)]	Loss: 113.252853
[2022-10-20 01:46:14] PRINT Train Epoch: 5 [26880/60000 (45%)]	Loss: 113.421989
[2022-10-20 01:46:14] PRINT Train Epoch: 5 [28160/60000 (47%)]	Loss: 114.828232
[2022-10-20 01:46:14] PRINT Train Epoch: 5 [29440/60000 (49%)]	Loss: 114.087372
[2022-10-20 01:46:14] PRINT Train Epoch: 5 [30720/60000 (51%)]	Loss: 115.055290
[2022-10-20 01:46:15] PRINT Train Epoch: 5 [32000/60000 (53%)]	Loss: 116.024948
[2022-10-20 01:46:15] PRINT Train Epoch: 5 [33280/60000 (55%)]	Loss: 117.605934
[2022-10-20 01:46:15] PRINT Train Epoch: 5 [34560/60000 (58%)]	Loss: 114.759911
[2022-10-20 01:46:15] PRINT Train Epoch: 5 [35840/60000 (60%)]	Loss: 116.001236
[2022-10-20 01:46:15] PRINT Train Epoch: 5 [37120/60000 (62%)]	Loss: 115.325699
[2022-10-20 01:46:15] PRINT Train Epoch: 5 [38400/60000 (64%)]	Loss: 117.703918
[2022-10-20 01:46:15] PRINT Train Epoch: 5 [39680/60000 (66%)]	Loss: 114.753975
[2022-10-20 01:46:15] PRINT Train Epoch: 5 [40960/60000 (68%)]	Loss: 113.319473
[2022-10-20 01:46:15] PRINT Train Epoch: 5 [42240/60000 (70%)]	Loss: 112.765335
[2022-10-20 01:46:15] PRINT Train Epoch: 5 [43520/60000 (72%)]	Loss: 111.304276
[2022-10-20 01:46:15] PRINT Train Epoch: 5 [44800/60000 (75%)]	Loss: 105.269493
[2022-10-20 01:46:16] PRINT Train Epoch: 5 [46080/60000 (77%)]	Loss: 117.821800
[2022-10-20 01:46:16] PRINT Train Epoch: 5 [47360/60000 (79%)]	Loss: 107.759872
[2022-10-20 01:46:16] PRINT Train Epoch: 5 [48640/60000 (81%)]	Loss: 115.893814
[2022-10-20 01:46:16] PRINT Train Epoch: 5 [49920/60000 (83%)]	Loss: 116.487625
[2022-10-20 01:46:16] PRINT Train Epoch: 5 [51200/60000 (85%)]	Loss: 113.098167
[2022-10-20 01:46:16] PRINT Train Epoch: 5 [52480/60000 (87%)]	Loss: 113.171303
[2022-10-20 01:46:16] PRINT Train Epoch: 5 [53760/60000 (90%)]	Loss: 116.984634
[2022-10-20 01:46:16] PRINT Train Epoch: 5 [55040/60000 (92%)]	Loss: 116.137733
[2022-10-20 01:46:16] PRINT Train Epoch: 5 [56320/60000 (94%)]	Loss: 111.367973
[2022-10-20 01:46:16] PRINT Train Epoch: 5 [57600/60000 (96%)]	Loss: 115.450706
[2022-10-20 01:46:16] PRINT Train Epoch: 5 [58880/60000 (98%)]	Loss: 114.800667
[2022-10-20 01:46:17] PRINT ====> Epoch: 5 Average loss: 114.8231
[2022-10-20 01:46:17] PRINT ====> Test set loss: 113.6628
[2022-10-20 01:46:17] PRINT Train Epoch: 6 [0/60000 (0%)]	Loss: 112.405243
[2022-10-20 01:46:17] PRINT Train Epoch: 6 [1280/60000 (2%)]	Loss: 117.806580
[2022-10-20 01:46:17] PRINT Train Epoch: 6 [2560/60000 (4%)]	Loss: 123.906807
[2022-10-20 01:46:18] PRINT Train Epoch: 6 [3840/60000 (6%)]	Loss: 111.097839
[2022-10-20 01:46:18] PRINT Train Epoch: 6 [5120/60000 (9%)]	Loss: 110.430817
[2022-10-20 01:46:18] PRINT Train Epoch: 6 [6400/60000 (11%)]	Loss: 111.828812
[2022-10-20 01:46:18] PRINT Train Epoch: 6 [7680/60000 (13%)]	Loss: 112.727707
[2022-10-20 01:46:18] PRINT Train Epoch: 6 [8960/60000 (15%)]	Loss: 113.336182
[2022-10-20 01:46:18] PRINT Train Epoch: 6 [10240/60000 (17%)]	Loss: 113.623688
[2022-10-20 01:46:18] PRINT Train Epoch: 6 [11520/60000 (19%)]	Loss: 112.092445
[2022-10-20 01:46:18] PRINT Train Epoch: 6 [12800/60000 (21%)]	Loss: 112.966194
[2022-10-20 01:46:18] PRINT Train Epoch: 6 [14080/60000 (23%)]	Loss: 112.801346
[2022-10-20 01:46:18] PRINT Train Epoch: 6 [15360/60000 (26%)]	Loss: 116.496216
[2022-10-20 01:46:18] PRINT Train Epoch: 6 [16640/60000 (28%)]	Loss: 116.378128
[2022-10-20 01:46:19] PRINT Train Epoch: 6 [17920/60000 (30%)]	Loss: 109.062935
[2022-10-20 01:46:19] PRINT Train Epoch: 6 [19200/60000 (32%)]	Loss: 116.898445
[2022-10-20 01:46:19] PRINT Train Epoch: 6 [20480/60000 (34%)]	Loss: 107.093254
[2022-10-20 01:46:19] PRINT Train Epoch: 6 [21760/60000 (36%)]	Loss: 112.950821
[2022-10-20 01:46:19] PRINT Train Epoch: 6 [23040/60000 (38%)]	Loss: 113.122040
[2022-10-20 01:46:19] PRINT Train Epoch: 6 [24320/60000 (41%)]	Loss: 113.824326
[2022-10-20 01:46:19] PRINT Train Epoch: 6 [25600/60000 (43%)]	Loss: 112.482140
[2022-10-20 01:46:19] PRINT Train Epoch: 6 [26880/60000 (45%)]	Loss: 115.486221
[2022-10-20 01:46:19] PRINT Train Epoch: 6 [28160/60000 (47%)]	Loss: 116.339294
[2022-10-20 01:46:19] PRINT Train Epoch: 6 [29440/60000 (49%)]	Loss: 113.845299
[2022-10-20 01:46:20] PRINT Train Epoch: 6 [30720/60000 (51%)]	Loss: 115.673012
[2022-10-20 01:46:20] PRINT Train Epoch: 6 [32000/60000 (53%)]	Loss: 115.207077
[2022-10-20 01:46:20] PRINT Train Epoch: 6 [33280/60000 (55%)]	Loss: 114.605301
[2022-10-20 01:46:20] PRINT Train Epoch: 6 [34560/60000 (58%)]	Loss: 111.964905
[2022-10-20 01:46:20] PRINT Train Epoch: 6 [35840/60000 (60%)]	Loss: 113.419327
[2022-10-20 01:46:20] PRINT Train Epoch: 6 [37120/60000 (62%)]	Loss: 113.148392
[2022-10-20 01:46:20] PRINT Train Epoch: 6 [38400/60000 (64%)]	Loss: 112.659286
[2022-10-20 01:46:20] PRINT Train Epoch: 6 [39680/60000 (66%)]	Loss: 114.964737
[2022-10-20 01:46:20] PRINT Train Epoch: 6 [40960/60000 (68%)]	Loss: 116.173805
[2022-10-20 01:46:20] PRINT Train Epoch: 6 [42240/60000 (70%)]	Loss: 110.290848
[2022-10-20 01:46:20] PRINT Train Epoch: 6 [43520/60000 (72%)]	Loss: 113.966293
[2022-10-20 01:46:20] PRINT Train Epoch: 6 [44800/60000 (75%)]	Loss: 118.607018
[2022-10-20 01:46:21] PRINT Train Epoch: 6 [46080/60000 (77%)]	Loss: 116.757370
[2022-10-20 01:46:21] PRINT Train Epoch: 6 [47360/60000 (79%)]	Loss: 109.166809
[2022-10-20 01:46:21] PRINT Train Epoch: 6 [48640/60000 (81%)]	Loss: 108.883057
[2022-10-20 01:46:21] PRINT Train Epoch: 6 [49920/60000 (83%)]	Loss: 107.735931
[2022-10-20 01:46:21] PRINT Train Epoch: 6 [51200/60000 (85%)]	Loss: 114.763374
[2022-10-20 01:46:21] PRINT Train Epoch: 6 [52480/60000 (87%)]	Loss: 109.576736
[2022-10-20 01:46:21] PRINT Train Epoch: 6 [53760/60000 (90%)]	Loss: 115.664108
[2022-10-20 01:46:21] PRINT Train Epoch: 6 [55040/60000 (92%)]	Loss: 115.734848
[2022-10-20 01:46:21] PRINT Train Epoch: 6 [56320/60000 (94%)]	Loss: 116.293625
[2022-10-20 01:46:21] PRINT Train Epoch: 6 [57600/60000 (96%)]	Loss: 111.838440
[2022-10-20 01:46:21] PRINT Train Epoch: 6 [58880/60000 (98%)]	Loss: 114.758568
[2022-10-20 01:46:21] PRINT ====> Epoch: 6 Average loss: 113.6160
[2022-10-20 01:46:22] PRINT ====> Test set loss: 112.3705
[2022-10-20 01:46:22] PRINT Train Epoch: 7 [0/60000 (0%)]	Loss: 108.963661
[2022-10-20 01:46:22] PRINT Train Epoch: 7 [1280/60000 (2%)]	Loss: 110.946304
[2022-10-20 01:46:22] PRINT Train Epoch: 7 [2560/60000 (4%)]	Loss: 111.572815
[2022-10-20 01:46:22] PRINT Train Epoch: 7 [3840/60000 (6%)]	Loss: 112.639412
[2022-10-20 01:46:23] PRINT Train Epoch: 7 [5120/60000 (9%)]	Loss: 115.499802
[2022-10-20 01:46:23] PRINT Train Epoch: 7 [6400/60000 (11%)]	Loss: 116.028641
[2022-10-20 01:46:23] PRINT Train Epoch: 7 [7680/60000 (13%)]	Loss: 112.044144
[2022-10-20 01:46:23] PRINT Train Epoch: 7 [8960/60000 (15%)]	Loss: 114.672409
[2022-10-20 01:46:23] PRINT Train Epoch: 7 [10240/60000 (17%)]	Loss: 107.028580
[2022-10-20 01:46:23] PRINT Train Epoch: 7 [11520/60000 (19%)]	Loss: 111.219940
[2022-10-20 01:46:23] PRINT Train Epoch: 7 [12800/60000 (21%)]	Loss: 112.610573
[2022-10-20 01:46:23] PRINT Train Epoch: 7 [14080/60000 (23%)]	Loss: 116.500816
[2022-10-20 01:46:23] PRINT Train Epoch: 7 [15360/60000 (26%)]	Loss: 108.849815
[2022-10-20 01:46:23] PRINT Train Epoch: 7 [16640/60000 (28%)]	Loss: 117.996948
[2022-10-20 01:46:23] PRINT Train Epoch: 7 [17920/60000 (30%)]	Loss: 113.463669
[2022-10-20 01:46:24] PRINT Train Epoch: 7 [19200/60000 (32%)]	Loss: 105.989227
[2022-10-20 01:46:24] PRINT Train Epoch: 7 [20480/60000 (34%)]	Loss: 115.151482
[2022-10-20 01:46:24] PRINT Train Epoch: 7 [21760/60000 (36%)]	Loss: 113.036438
[2022-10-20 01:46:24] PRINT Train Epoch: 7 [23040/60000 (38%)]	Loss: 111.731049
[2022-10-20 01:46:24] PRINT Train Epoch: 7 [24320/60000 (41%)]	Loss: 111.796379
[2022-10-20 01:46:24] PRINT Train Epoch: 7 [25600/60000 (43%)]	Loss: 109.782372
[2022-10-20 01:46:24] PRINT Train Epoch: 7 [26880/60000 (45%)]	Loss: 113.269310
[2022-10-20 01:46:24] PRINT Train Epoch: 7 [28160/60000 (47%)]	Loss: 111.946114
[2022-10-20 01:46:24] PRINT Train Epoch: 7 [29440/60000 (49%)]	Loss: 117.675392
[2022-10-20 01:46:24] PRINT Train Epoch: 7 [30720/60000 (51%)]	Loss: 117.454346
[2022-10-20 01:46:24] PRINT Train Epoch: 7 [32000/60000 (53%)]	Loss: 110.832771
[2022-10-20 01:46:25] PRINT Train Epoch: 7 [33280/60000 (55%)]	Loss: 114.237869
[2022-10-20 01:46:25] PRINT Train Epoch: 7 [34560/60000 (58%)]	Loss: 113.617561
[2022-10-20 01:46:25] PRINT Train Epoch: 7 [35840/60000 (60%)]	Loss: 108.499100
[2022-10-20 01:46:25] PRINT Train Epoch: 7 [37120/60000 (62%)]	Loss: 111.844559
[2022-10-20 01:46:25] PRINT Train Epoch: 7 [38400/60000 (64%)]	Loss: 109.461212
[2022-10-20 01:46:25] PRINT Train Epoch: 7 [39680/60000 (66%)]	Loss: 112.682175
[2022-10-20 01:46:25] PRINT Train Epoch: 7 [40960/60000 (68%)]	Loss: 108.219559
[2022-10-20 01:46:25] PRINT Train Epoch: 7 [42240/60000 (70%)]	Loss: 111.342110
[2022-10-20 01:46:25] PRINT Train Epoch: 7 [43520/60000 (72%)]	Loss: 110.750000
[2022-10-20 01:46:25] PRINT Train Epoch: 7 [44800/60000 (75%)]	Loss: 110.284859
[2022-10-20 01:46:25] PRINT Train Epoch: 7 [46080/60000 (77%)]	Loss: 115.164383
[2022-10-20 01:46:26] PRINT Train Epoch: 7 [47360/60000 (79%)]	Loss: 110.158310
[2022-10-20 01:46:26] PRINT Train Epoch: 7 [48640/60000 (81%)]	Loss: 109.548012
[2022-10-20 01:46:26] PRINT Train Epoch: 7 [49920/60000 (83%)]	Loss: 115.646805
[2022-10-20 01:46:26] PRINT Train Epoch: 7 [51200/60000 (85%)]	Loss: 110.840851
[2022-10-20 01:46:26] PRINT Train Epoch: 7 [52480/60000 (87%)]	Loss: 118.333176
[2022-10-20 01:46:26] PRINT Train Epoch: 7 [53760/60000 (90%)]	Loss: 112.667816
[2022-10-20 01:46:26] PRINT Train Epoch: 7 [55040/60000 (92%)]	Loss: 115.147934
[2022-10-20 01:46:26] PRINT Train Epoch: 7 [56320/60000 (94%)]	Loss: 109.335670
[2022-10-20 01:46:26] PRINT Train Epoch: 7 [57600/60000 (96%)]	Loss: 110.190506
[2022-10-20 01:46:26] PRINT Train Epoch: 7 [58880/60000 (98%)]	Loss: 108.924446
[2022-10-20 01:46:26] PRINT ====> Epoch: 7 Average loss: 112.6606
[2022-10-20 01:46:27] PRINT ====> Test set loss: 111.4991
[2022-10-20 01:46:27] PRINT Train Epoch: 8 [0/60000 (0%)]	Loss: 113.843353
[2022-10-20 01:46:27] PRINT Train Epoch: 8 [1280/60000 (2%)]	Loss: 113.597763
[2022-10-20 01:46:27] PRINT Train Epoch: 8 [2560/60000 (4%)]	Loss: 109.281067
[2022-10-20 01:46:27] PRINT Train Epoch: 8 [3840/60000 (6%)]	Loss: 109.565369
[2022-10-20 01:46:28] PRINT Train Epoch: 8 [5120/60000 (9%)]	Loss: 115.353195
[2022-10-20 01:46:28] PRINT Train Epoch: 8 [6400/60000 (11%)]	Loss: 113.107582
[2022-10-20 01:46:28] PRINT Train Epoch: 8 [7680/60000 (13%)]	Loss: 111.038589
[2022-10-20 01:46:28] PRINT Train Epoch: 8 [8960/60000 (15%)]	Loss: 110.014778
[2022-10-20 01:46:28] PRINT Train Epoch: 8 [10240/60000 (17%)]	Loss: 118.280273
[2022-10-20 01:46:28] PRINT Train Epoch: 8 [11520/60000 (19%)]	Loss: 110.066635
[2022-10-20 01:46:28] PRINT Train Epoch: 8 [12800/60000 (21%)]	Loss: 115.969673
[2022-10-20 01:46:28] PRINT Train Epoch: 8 [14080/60000 (23%)]	Loss: 118.457443
[2022-10-20 01:46:28] PRINT Train Epoch: 8 [15360/60000 (26%)]	Loss: 111.947929
[2022-10-20 01:46:28] PRINT Train Epoch: 8 [16640/60000 (28%)]	Loss: 108.239700
[2022-10-20 01:46:28] PRINT Train Epoch: 8 [17920/60000 (30%)]	Loss: 112.376648
[2022-10-20 01:46:29] PRINT Train Epoch: 8 [19200/60000 (32%)]	Loss: 114.488113
[2022-10-20 01:46:29] PRINT Train Epoch: 8 [20480/60000 (34%)]	Loss: 106.458511
[2022-10-20 01:46:29] PRINT Train Epoch: 8 [21760/60000 (36%)]	Loss: 115.417603
[2022-10-20 01:46:29] PRINT Train Epoch: 8 [23040/60000 (38%)]	Loss: 116.267700
[2022-10-20 01:46:29] PRINT Train Epoch: 8 [24320/60000 (41%)]	Loss: 116.618103
[2022-10-20 01:46:29] PRINT Train Epoch: 8 [25600/60000 (43%)]	Loss: 112.009117
[2022-10-20 01:46:29] PRINT Train Epoch: 8 [26880/60000 (45%)]	Loss: 109.817558
[2022-10-20 01:46:29] PRINT Train Epoch: 8 [28160/60000 (47%)]	Loss: 113.477577
[2022-10-20 01:46:29] PRINT Train Epoch: 8 [29440/60000 (49%)]	Loss: 111.110519
[2022-10-20 01:46:29] PRINT Train Epoch: 8 [30720/60000 (51%)]	Loss: 105.247650
[2022-10-20 01:46:30] PRINT Train Epoch: 8 [32000/60000 (53%)]	Loss: 107.526337
[2022-10-20 01:46:30] PRINT Train Epoch: 8 [33280/60000 (55%)]	Loss: 116.132629
[2022-10-20 01:46:30] PRINT Train Epoch: 8 [34560/60000 (58%)]	Loss: 117.717155
[2022-10-20 01:46:30] PRINT Train Epoch: 8 [35840/60000 (60%)]	Loss: 110.920990
[2022-10-20 01:46:30] PRINT Train Epoch: 8 [37120/60000 (62%)]	Loss: 108.635460
[2022-10-20 01:46:30] PRINT Train Epoch: 8 [38400/60000 (64%)]	Loss: 115.319603
[2022-10-20 01:46:30] PRINT Train Epoch: 8 [39680/60000 (66%)]	Loss: 108.538742
[2022-10-20 01:46:30] PRINT Train Epoch: 8 [40960/60000 (68%)]	Loss: 113.445137
[2022-10-20 01:46:30] PRINT Train Epoch: 8 [42240/60000 (70%)]	Loss: 113.426575
[2022-10-20 01:46:30] PRINT Train Epoch: 8 [43520/60000 (72%)]	Loss: 111.282578
[2022-10-20 01:46:30] PRINT Train Epoch: 8 [44800/60000 (75%)]	Loss: 112.092728
[2022-10-20 01:46:31] PRINT Train Epoch: 8 [46080/60000 (77%)]	Loss: 111.377090
[2022-10-20 01:46:31] PRINT Train Epoch: 8 [47360/60000 (79%)]	Loss: 114.086983
[2022-10-20 01:46:31] PRINT Train Epoch: 8 [48640/60000 (81%)]	Loss: 110.405945
[2022-10-20 01:46:31] PRINT Train Epoch: 8 [49920/60000 (83%)]	Loss: 108.764496
[2022-10-20 01:46:31] PRINT Train Epoch: 8 [51200/60000 (85%)]	Loss: 110.349831
[2022-10-20 01:46:31] PRINT Train Epoch: 8 [52480/60000 (87%)]	Loss: 113.356964
[2022-10-20 01:46:31] PRINT Train Epoch: 8 [53760/60000 (90%)]	Loss: 113.035065
[2022-10-20 01:46:31] PRINT Train Epoch: 8 [55040/60000 (92%)]	Loss: 108.229980
[2022-10-20 01:46:31] PRINT Train Epoch: 8 [56320/60000 (94%)]	Loss: 114.724861
[2022-10-20 01:46:31] PRINT Train Epoch: 8 [57600/60000 (96%)]	Loss: 109.100510
[2022-10-20 01:46:31] PRINT Train Epoch: 8 [58880/60000 (98%)]	Loss: 111.323647
[2022-10-20 01:46:32] PRINT ====> Epoch: 8 Average loss: 111.8647
[2022-10-20 01:46:32] PRINT ====> Test set loss: 110.9080
[2022-10-20 01:46:32] PRINT Train Epoch: 9 [0/60000 (0%)]	Loss: 113.187691
[2022-10-20 01:46:32] PRINT Train Epoch: 9 [1280/60000 (2%)]	Loss: 115.111176
[2022-10-20 01:46:33] PRINT Train Epoch: 9 [2560/60000 (4%)]	Loss: 114.119896
[2022-10-20 01:46:33] PRINT Train Epoch: 9 [3840/60000 (6%)]	Loss: 115.763718
[2022-10-20 01:46:33] PRINT Train Epoch: 9 [5120/60000 (9%)]	Loss: 108.082413
[2022-10-20 01:46:33] PRINT Train Epoch: 9 [6400/60000 (11%)]	Loss: 112.036995
[2022-10-20 01:46:33] PRINT Train Epoch: 9 [7680/60000 (13%)]	Loss: 110.469368
[2022-10-20 01:46:33] PRINT Train Epoch: 9 [8960/60000 (15%)]	Loss: 115.260162
[2022-10-20 01:46:33] PRINT Train Epoch: 9 [10240/60000 (17%)]	Loss: 113.749367
[2022-10-20 01:46:33] PRINT Train Epoch: 9 [11520/60000 (19%)]	Loss: 111.181412
[2022-10-20 01:46:33] PRINT Train Epoch: 9 [12800/60000 (21%)]	Loss: 113.393410
[2022-10-20 01:46:33] PRINT Train Epoch: 9 [14080/60000 (23%)]	Loss: 116.679207
[2022-10-20 01:46:33] PRINT Train Epoch: 9 [15360/60000 (26%)]	Loss: 108.303711
[2022-10-20 01:46:34] PRINT Train Epoch: 9 [16640/60000 (28%)]	Loss: 109.283813
[2022-10-20 01:46:34] PRINT Train Epoch: 9 [17920/60000 (30%)]	Loss: 113.872612
[2022-10-20 01:46:34] PRINT Train Epoch: 9 [19200/60000 (32%)]	Loss: 115.283264
[2022-10-20 01:46:34] PRINT Train Epoch: 9 [20480/60000 (34%)]	Loss: 114.732773
[2022-10-20 01:46:34] PRINT Train Epoch: 9 [21760/60000 (36%)]	Loss: 108.356255
[2022-10-20 01:46:34] PRINT Train Epoch: 9 [23040/60000 (38%)]	Loss: 115.823341
[2022-10-20 01:46:34] PRINT Train Epoch: 9 [24320/60000 (41%)]	Loss: 111.842964
[2022-10-20 01:46:34] PRINT Train Epoch: 9 [25600/60000 (43%)]	Loss: 108.062042
[2022-10-20 01:46:34] PRINT Train Epoch: 9 [26880/60000 (45%)]	Loss: 111.168976
[2022-10-20 01:46:34] PRINT Train Epoch: 9 [28160/60000 (47%)]	Loss: 111.398880
[2022-10-20 01:46:34] PRINT Train Epoch: 9 [29440/60000 (49%)]	Loss: 110.852638
[2022-10-20 01:46:35] PRINT Train Epoch: 9 [30720/60000 (51%)]	Loss: 111.140976
[2022-10-20 01:46:35] PRINT Train Epoch: 9 [32000/60000 (53%)]	Loss: 114.520752
[2022-10-20 01:46:35] PRINT Train Epoch: 9 [33280/60000 (55%)]	Loss: 112.256332
[2022-10-20 01:46:35] PRINT Train Epoch: 9 [34560/60000 (58%)]	Loss: 108.268463
[2022-10-20 01:46:35] PRINT Train Epoch: 9 [35840/60000 (60%)]	Loss: 110.374687
[2022-10-20 01:46:35] PRINT Train Epoch: 9 [37120/60000 (62%)]	Loss: 112.181396
[2022-10-20 01:46:35] PRINT Train Epoch: 9 [38400/60000 (64%)]	Loss: 108.526192
[2022-10-20 01:46:35] PRINT Train Epoch: 9 [39680/60000 (66%)]	Loss: 110.410919
[2022-10-20 01:46:35] PRINT Train Epoch: 9 [40960/60000 (68%)]	Loss: 115.915237
[2022-10-20 01:46:35] PRINT Train Epoch: 9 [42240/60000 (70%)]	Loss: 107.908142
[2022-10-20 01:46:35] PRINT Train Epoch: 9 [43520/60000 (72%)]	Loss: 108.423180
[2022-10-20 01:46:36] PRINT Train Epoch: 9 [44800/60000 (75%)]	Loss: 113.464989
[2022-10-20 01:46:36] PRINT Train Epoch: 9 [46080/60000 (77%)]	Loss: 110.023254
[2022-10-20 01:46:36] PRINT Train Epoch: 9 [47360/60000 (79%)]	Loss: 107.707794
[2022-10-20 01:46:36] PRINT Train Epoch: 9 [48640/60000 (81%)]	Loss: 112.397293
[2022-10-20 01:46:36] PRINT Train Epoch: 9 [49920/60000 (83%)]	Loss: 111.091171
[2022-10-20 01:46:36] PRINT Train Epoch: 9 [51200/60000 (85%)]	Loss: 111.642410
[2022-10-20 01:46:36] PRINT Train Epoch: 9 [52480/60000 (87%)]	Loss: 113.035431
[2022-10-20 01:46:36] PRINT Train Epoch: 9 [53760/60000 (90%)]	Loss: 111.568192
[2022-10-20 01:46:36] PRINT Train Epoch: 9 [55040/60000 (92%)]	Loss: 112.230568
[2022-10-20 01:46:36] PRINT Train Epoch: 9 [56320/60000 (94%)]	Loss: 107.188660
[2022-10-20 01:46:37] PRINT Train Epoch: 9 [57600/60000 (96%)]	Loss: 105.423752
[2022-10-20 01:46:37] PRINT Train Epoch: 9 [58880/60000 (98%)]	Loss: 109.479828
[2022-10-20 01:46:37] PRINT ====> Epoch: 9 Average loss: 111.1732
[2022-10-20 01:46:37] PRINT ====> Test set loss: 110.2164
[2022-10-20 01:46:38] PRINT Train Epoch: 10 [0/60000 (0%)]	Loss: 108.418785
[2022-10-20 01:46:38] PRINT Train Epoch: 10 [1280/60000 (2%)]	Loss: 107.662384
[2022-10-20 01:46:38] PRINT Train Epoch: 10 [2560/60000 (4%)]	Loss: 111.216187
[2022-10-20 01:46:38] PRINT Train Epoch: 10 [3840/60000 (6%)]	Loss: 107.160461
[2022-10-20 01:46:38] PRINT Train Epoch: 10 [5120/60000 (9%)]	Loss: 107.024323
[2022-10-20 01:46:38] PRINT Train Epoch: 10 [6400/60000 (11%)]	Loss: 114.376373
[2022-10-20 01:46:38] PRINT Train Epoch: 10 [7680/60000 (13%)]	Loss: 103.955818
[2022-10-20 01:46:38] PRINT Train Epoch: 10 [8960/60000 (15%)]	Loss: 108.728806
[2022-10-20 01:46:38] PRINT Train Epoch: 10 [10240/60000 (17%)]	Loss: 113.131821
[2022-10-20 01:46:38] PRINT Train Epoch: 10 [11520/60000 (19%)]	Loss: 111.540985
[2022-10-20 01:46:38] PRINT Train Epoch: 10 [12800/60000 (21%)]	Loss: 109.170853
[2022-10-20 01:46:38] PRINT Train Epoch: 10 [14080/60000 (23%)]	Loss: 112.022629
[2022-10-20 01:46:39] PRINT Train Epoch: 10 [15360/60000 (26%)]	Loss: 111.254829
[2022-10-20 01:46:39] PRINT Train Epoch: 10 [16640/60000 (28%)]	Loss: 112.332199
[2022-10-20 01:46:39] PRINT Train Epoch: 10 [17920/60000 (30%)]	Loss: 111.121498
[2022-10-20 01:46:39] PRINT Train Epoch: 10 [19200/60000 (32%)]	Loss: 113.020668
[2022-10-20 01:46:39] PRINT Train Epoch: 10 [20480/60000 (34%)]	Loss: 112.656113
[2022-10-20 01:46:39] PRINT Train Epoch: 10 [21760/60000 (36%)]	Loss: 109.803162
[2022-10-20 01:46:39] PRINT Train Epoch: 10 [23040/60000 (38%)]	Loss: 107.977989
[2022-10-20 01:46:39] PRINT Train Epoch: 10 [24320/60000 (41%)]	Loss: 107.560318
[2022-10-20 01:46:39] PRINT Train Epoch: 10 [25600/60000 (43%)]	Loss: 114.577332
[2022-10-20 01:46:39] PRINT Train Epoch: 10 [26880/60000 (45%)]	Loss: 113.534401
[2022-10-20 01:46:40] PRINT Train Epoch: 10 [28160/60000 (47%)]	Loss: 106.843399
[2022-10-20 01:46:40] PRINT Train Epoch: 10 [29440/60000 (49%)]	Loss: 111.247169
[2022-10-20 01:46:40] PRINT Train Epoch: 10 [30720/60000 (51%)]	Loss: 113.884125
[2022-10-20 01:46:40] PRINT Train Epoch: 10 [32000/60000 (53%)]	Loss: 112.901573
[2022-10-20 01:46:40] PRINT Train Epoch: 10 [33280/60000 (55%)]	Loss: 110.305122
[2022-10-20 01:46:40] PRINT Train Epoch: 10 [34560/60000 (58%)]	Loss: 105.527687
[2022-10-20 01:46:40] PRINT Train Epoch: 10 [35840/60000 (60%)]	Loss: 111.087959
[2022-10-20 01:46:40] PRINT Train Epoch: 10 [37120/60000 (62%)]	Loss: 109.081619
[2022-10-20 01:46:40] PRINT Train Epoch: 10 [38400/60000 (64%)]	Loss: 111.756241
[2022-10-20 01:46:40] PRINT Train Epoch: 10 [39680/60000 (66%)]	Loss: 105.741226
[2022-10-20 01:46:40] PRINT Train Epoch: 10 [40960/60000 (68%)]	Loss: 110.422539
[2022-10-20 01:46:40] PRINT Train Epoch: 10 [42240/60000 (70%)]	Loss: 108.021873
[2022-10-20 01:46:41] PRINT Train Epoch: 10 [43520/60000 (72%)]	Loss: 112.969879
[2022-10-20 01:46:41] PRINT Train Epoch: 10 [44800/60000 (75%)]	Loss: 105.942711
[2022-10-20 01:46:41] PRINT Train Epoch: 10 [46080/60000 (77%)]	Loss: 115.430847
[2022-10-20 01:46:41] PRINT Train Epoch: 10 [47360/60000 (79%)]	Loss: 107.244728
[2022-10-20 01:46:41] PRINT Train Epoch: 10 [48640/60000 (81%)]	Loss: 117.274216
[2022-10-20 01:46:41] PRINT Train Epoch: 10 [49920/60000 (83%)]	Loss: 107.330399
[2022-10-20 01:46:41] PRINT Train Epoch: 10 [51200/60000 (85%)]	Loss: 113.639412
[2022-10-20 01:46:41] PRINT Train Epoch: 10 [52480/60000 (87%)]	Loss: 109.985207
[2022-10-20 01:46:41] PRINT Train Epoch: 10 [53760/60000 (90%)]	Loss: 114.034683
[2022-10-20 01:46:41] PRINT Train Epoch: 10 [55040/60000 (92%)]	Loss: 108.996216
[2022-10-20 01:46:41] PRINT Train Epoch: 10 [56320/60000 (94%)]	Loss: 105.981873
[2022-10-20 01:46:42] PRINT Train Epoch: 10 [57600/60000 (96%)]	Loss: 111.123260
[2022-10-20 01:46:42] PRINT Train Epoch: 10 [58880/60000 (98%)]	Loss: 113.170135
[2022-10-20 01:46:42] PRINT ====> Epoch: 10 Average loss: 110.5851
[2022-10-20 01:46:42] PRINT ====> Test set loss: 109.7946
