[2022-10-19 23:39:57] PRINT {'features1': 400, 'features2': 10, 'lr': 0.008723216942199016, 'epsilon': 1e-07}
[2022-10-19 23:39:57] PRINT Using cuda device
[2022-10-19 23:39:58] PRINT Train Epoch: 1 [0/60000 (0%)]	Loss: 551.168335
[2022-10-19 23:39:58] PRINT Train Epoch: 1 [1280/60000 (2%)]	Loss: 215.341110
[2022-10-19 23:39:58] PRINT Train Epoch: 1 [2560/60000 (4%)]	Loss: 202.861740
[2022-10-19 23:39:58] PRINT Train Epoch: 1 [3840/60000 (6%)]	Loss: 196.751007
[2022-10-19 23:39:59] PRINT Train Epoch: 1 [5120/60000 (9%)]	Loss: 188.682770
[2022-10-19 23:39:59] PRINT Train Epoch: 1 [6400/60000 (11%)]	Loss: 191.630173
[2022-10-19 23:39:59] PRINT Train Epoch: 1 [7680/60000 (13%)]	Loss: 178.022232
[2022-10-19 23:39:59] PRINT Train Epoch: 1 [8960/60000 (15%)]	Loss: 169.414078
[2022-10-19 23:39:59] PRINT Train Epoch: 1 [10240/60000 (17%)]	Loss: 164.604584
[2022-10-19 23:39:59] PRINT Train Epoch: 1 [11520/60000 (19%)]	Loss: 155.104614
[2022-10-19 23:39:59] PRINT Train Epoch: 1 [12800/60000 (21%)]	Loss: 149.157425
[2022-10-19 23:39:59] PRINT Train Epoch: 1 [14080/60000 (23%)]	Loss: 143.681107
[2022-10-19 23:39:59] PRINT Train Epoch: 1 [15360/60000 (26%)]	Loss: 141.135330
[2022-10-19 23:39:59] PRINT Train Epoch: 1 [16640/60000 (28%)]	Loss: 138.081741
[2022-10-19 23:40:00] PRINT Train Epoch: 1 [17920/60000 (30%)]	Loss: 134.619812
[2022-10-19 23:40:00] PRINT Train Epoch: 1 [19200/60000 (32%)]	Loss: 144.062714
[2022-10-19 23:40:00] PRINT Train Epoch: 1 [20480/60000 (34%)]	Loss: 144.287994
[2022-10-19 23:40:00] PRINT Train Epoch: 1 [21760/60000 (36%)]	Loss: 140.125824
[2022-10-19 23:40:00] PRINT Train Epoch: 1 [23040/60000 (38%)]	Loss: 139.568268
[2022-10-19 23:40:00] PRINT Train Epoch: 1 [24320/60000 (41%)]	Loss: 135.124680
[2022-10-19 23:40:00] PRINT Train Epoch: 1 [25600/60000 (43%)]	Loss: 137.342392
[2022-10-19 23:40:00] PRINT Train Epoch: 1 [26880/60000 (45%)]	Loss: 135.723434
[2022-10-19 23:40:00] PRINT Train Epoch: 1 [28160/60000 (47%)]	Loss: 134.849625
[2022-10-19 23:40:01] PRINT Train Epoch: 1 [29440/60000 (49%)]	Loss: 136.523224
[2022-10-19 23:40:01] PRINT Train Epoch: 1 [30720/60000 (51%)]	Loss: 137.809875
[2022-10-19 23:40:01] PRINT Train Epoch: 1 [32000/60000 (53%)]	Loss: 123.514771
[2022-10-19 23:40:01] PRINT Train Epoch: 1 [33280/60000 (55%)]	Loss: 129.850342
[2022-10-19 23:40:01] PRINT Train Epoch: 1 [34560/60000 (58%)]	Loss: 132.342087
[2022-10-19 23:40:01] PRINT Train Epoch: 1 [35840/60000 (60%)]	Loss: 124.688934
[2022-10-19 23:40:01] PRINT Train Epoch: 1 [37120/60000 (62%)]	Loss: 130.094864
[2022-10-19 23:40:01] PRINT Train Epoch: 1 [38400/60000 (64%)]	Loss: 129.449539
[2022-10-19 23:40:01] PRINT Train Epoch: 1 [39680/60000 (66%)]	Loss: 127.282440
[2022-10-19 23:40:01] PRINT Train Epoch: 1 [40960/60000 (68%)]	Loss: 131.719055
[2022-10-19 23:40:02] PRINT Train Epoch: 1 [42240/60000 (70%)]	Loss: 125.809349
[2022-10-19 23:40:02] PRINT Train Epoch: 1 [43520/60000 (72%)]	Loss: 131.623108
[2022-10-19 23:40:02] PRINT Train Epoch: 1 [44800/60000 (75%)]	Loss: 123.492569
[2022-10-19 23:40:02] PRINT Train Epoch: 1 [46080/60000 (77%)]	Loss: 124.597771
[2022-10-19 23:40:02] PRINT Train Epoch: 1 [47360/60000 (79%)]	Loss: 122.996368
[2022-10-19 23:40:02] PRINT Train Epoch: 1 [48640/60000 (81%)]	Loss: 124.199173
[2022-10-19 23:40:02] PRINT Train Epoch: 1 [49920/60000 (83%)]	Loss: 126.299850
[2022-10-19 23:40:02] PRINT Train Epoch: 1 [51200/60000 (85%)]	Loss: 124.630249
[2022-10-19 23:40:02] PRINT Train Epoch: 1 [52480/60000 (87%)]	Loss: 128.737823
[2022-10-19 23:40:03] PRINT Train Epoch: 1 [53760/60000 (90%)]	Loss: 128.627975
[2022-10-19 23:40:03] PRINT Train Epoch: 1 [55040/60000 (92%)]	Loss: 120.187057
[2022-10-19 23:40:03] PRINT Train Epoch: 1 [56320/60000 (94%)]	Loss: 120.805054
[2022-10-19 23:40:03] PRINT Train Epoch: 1 [57600/60000 (96%)]	Loss: 127.053795
[2022-10-19 23:40:03] PRINT Train Epoch: 1 [58880/60000 (98%)]	Loss: 116.571144
[2022-10-19 23:40:03] PRINT ====> Epoch: 1 Average loss: 144.1640
[2022-10-19 23:40:04] PRINT ====> Test set loss: 123.4499
[2022-10-19 23:40:04] PRINT Train Epoch: 2 [0/60000 (0%)]	Loss: 133.582581
[2022-10-19 23:40:04] PRINT Train Epoch: 2 [1280/60000 (2%)]	Loss: 126.573257
[2022-10-19 23:40:04] PRINT Train Epoch: 2 [2560/60000 (4%)]	Loss: 127.534752
[2022-10-19 23:40:04] PRINT Train Epoch: 2 [3840/60000 (6%)]	Loss: 119.392456
[2022-10-19 23:40:04] PRINT Train Epoch: 2 [5120/60000 (9%)]	Loss: 121.375534
[2022-10-19 23:40:04] PRINT Train Epoch: 2 [6400/60000 (11%)]	Loss: 118.431221
[2022-10-19 23:40:05] PRINT Train Epoch: 2 [7680/60000 (13%)]	Loss: 123.153885
[2022-10-19 23:40:05] PRINT Train Epoch: 2 [8960/60000 (15%)]	Loss: 123.752945
[2022-10-19 23:40:05] PRINT Train Epoch: 2 [10240/60000 (17%)]	Loss: 127.855286
[2022-10-19 23:40:05] PRINT Train Epoch: 2 [11520/60000 (19%)]	Loss: 122.019234
[2022-10-19 23:40:05] PRINT Train Epoch: 2 [12800/60000 (21%)]	Loss: 125.954575
[2022-10-19 23:40:05] PRINT Train Epoch: 2 [14080/60000 (23%)]	Loss: 118.510635
[2022-10-19 23:40:05] PRINT Train Epoch: 2 [15360/60000 (26%)]	Loss: 124.555908
[2022-10-19 23:40:05] PRINT Train Epoch: 2 [16640/60000 (28%)]	Loss: 122.141495
[2022-10-19 23:40:05] PRINT Train Epoch: 2 [17920/60000 (30%)]	Loss: 123.839058
[2022-10-19 23:40:05] PRINT Train Epoch: 2 [19200/60000 (32%)]	Loss: 121.469933
[2022-10-19 23:40:06] PRINT Train Epoch: 2 [20480/60000 (34%)]	Loss: 118.800446
[2022-10-19 23:40:06] PRINT Train Epoch: 2 [21760/60000 (36%)]	Loss: 121.889404
[2022-10-19 23:40:06] PRINT Train Epoch: 2 [23040/60000 (38%)]	Loss: 127.303459
[2022-10-19 23:40:06] PRINT Train Epoch: 2 [24320/60000 (41%)]	Loss: 116.866196
[2022-10-19 23:40:06] PRINT Train Epoch: 2 [25600/60000 (43%)]	Loss: 123.424057
[2022-10-19 23:40:06] PRINT Train Epoch: 2 [26880/60000 (45%)]	Loss: 118.625717
[2022-10-19 23:40:06] PRINT Train Epoch: 2 [28160/60000 (47%)]	Loss: 124.626709
[2022-10-19 23:40:06] PRINT Train Epoch: 2 [29440/60000 (49%)]	Loss: 120.154617
[2022-10-19 23:40:06] PRINT Train Epoch: 2 [30720/60000 (51%)]	Loss: 115.991341
[2022-10-19 23:40:06] PRINT Train Epoch: 2 [32000/60000 (53%)]	Loss: 122.373291
[2022-10-19 23:40:07] PRINT Train Epoch: 2 [33280/60000 (55%)]	Loss: 118.955772
[2022-10-19 23:40:07] PRINT Train Epoch: 2 [34560/60000 (58%)]	Loss: 119.691498
[2022-10-19 23:40:07] PRINT Train Epoch: 2 [35840/60000 (60%)]	Loss: 126.616470
[2022-10-19 23:40:07] PRINT Train Epoch: 2 [37120/60000 (62%)]	Loss: 122.798256
[2022-10-19 23:40:07] PRINT Train Epoch: 2 [38400/60000 (64%)]	Loss: 128.718719
[2022-10-19 23:40:07] PRINT Train Epoch: 2 [39680/60000 (66%)]	Loss: 123.632812
[2022-10-19 23:40:07] PRINT Train Epoch: 2 [40960/60000 (68%)]	Loss: 115.088898
[2022-10-19 23:40:07] PRINT Train Epoch: 2 [42240/60000 (70%)]	Loss: 119.993309
[2022-10-19 23:40:07] PRINT Train Epoch: 2 [43520/60000 (72%)]	Loss: 121.197845
[2022-10-19 23:40:07] PRINT Train Epoch: 2 [44800/60000 (75%)]	Loss: 120.263412
[2022-10-19 23:40:08] PRINT Train Epoch: 2 [46080/60000 (77%)]	Loss: 119.864037
[2022-10-19 23:40:08] PRINT Train Epoch: 2 [47360/60000 (79%)]	Loss: 118.690659
[2022-10-19 23:40:08] PRINT Train Epoch: 2 [48640/60000 (81%)]	Loss: 118.070412
[2022-10-19 23:40:08] PRINT Train Epoch: 2 [49920/60000 (83%)]	Loss: 120.512375
[2022-10-19 23:40:08] PRINT Train Epoch: 2 [51200/60000 (85%)]	Loss: 119.595100
[2022-10-19 23:40:08] PRINT Train Epoch: 2 [52480/60000 (87%)]	Loss: 123.420715
[2022-10-19 23:40:08] PRINT Train Epoch: 2 [53760/60000 (90%)]	Loss: 117.165115
[2022-10-19 23:40:08] PRINT Train Epoch: 2 [55040/60000 (92%)]	Loss: 117.589699
[2022-10-19 23:40:08] PRINT Train Epoch: 2 [56320/60000 (94%)]	Loss: 115.481712
[2022-10-19 23:40:09] PRINT Train Epoch: 2 [57600/60000 (96%)]	Loss: 121.056374
[2022-10-19 23:40:09] PRINT Train Epoch: 2 [58880/60000 (98%)]	Loss: 118.093216
[2022-10-19 23:40:09] PRINT ====> Epoch: 2 Average loss: 120.5895
[2022-10-19 23:40:10] PRINT ====> Test set loss: 117.4970
[2022-10-19 23:40:10] PRINT Train Epoch: 3 [0/60000 (0%)]	Loss: 121.880341
[2022-10-19 23:40:10] PRINT Train Epoch: 3 [1280/60000 (2%)]	Loss: 115.848656
[2022-10-19 23:40:10] PRINT Train Epoch: 3 [2560/60000 (4%)]	Loss: 111.885757
[2022-10-19 23:40:10] PRINT Train Epoch: 3 [3840/60000 (6%)]	Loss: 118.030258
[2022-10-19 23:40:10] PRINT Train Epoch: 3 [5120/60000 (9%)]	Loss: 119.083832
[2022-10-19 23:40:10] PRINT Train Epoch: 3 [6400/60000 (11%)]	Loss: 116.550194
[2022-10-19 23:40:10] PRINT Train Epoch: 3 [7680/60000 (13%)]	Loss: 113.511597
[2022-10-19 23:40:10] PRINT Train Epoch: 3 [8960/60000 (15%)]	Loss: 116.383545
[2022-10-19 23:40:10] PRINT Train Epoch: 3 [10240/60000 (17%)]	Loss: 118.135910
[2022-10-19 23:40:11] PRINT Train Epoch: 3 [11520/60000 (19%)]	Loss: 118.842545
[2022-10-19 23:40:11] PRINT Train Epoch: 3 [12800/60000 (21%)]	Loss: 118.755127
[2022-10-19 23:40:11] PRINT Train Epoch: 3 [14080/60000 (23%)]	Loss: 120.147545
[2022-10-19 23:40:11] PRINT Train Epoch: 3 [15360/60000 (26%)]	Loss: 116.822716
[2022-10-19 23:40:11] PRINT Train Epoch: 3 [16640/60000 (28%)]	Loss: 121.794540
[2022-10-19 23:40:11] PRINT Train Epoch: 3 [17920/60000 (30%)]	Loss: 113.804237
[2022-10-19 23:40:11] PRINT Train Epoch: 3 [19200/60000 (32%)]	Loss: 115.753120
[2022-10-19 23:40:11] PRINT Train Epoch: 3 [20480/60000 (34%)]	Loss: 115.731689
[2022-10-19 23:40:11] PRINT Train Epoch: 3 [21760/60000 (36%)]	Loss: 115.318825
[2022-10-19 23:40:11] PRINT Train Epoch: 3 [23040/60000 (38%)]	Loss: 119.956100
[2022-10-19 23:40:12] PRINT Train Epoch: 3 [24320/60000 (41%)]	Loss: 111.355209
[2022-10-19 23:40:12] PRINT Train Epoch: 3 [25600/60000 (43%)]	Loss: 116.127022
[2022-10-19 23:40:12] PRINT Train Epoch: 3 [26880/60000 (45%)]	Loss: 121.343719
[2022-10-19 23:40:12] PRINT Train Epoch: 3 [28160/60000 (47%)]	Loss: 114.620491
[2022-10-19 23:40:12] PRINT Train Epoch: 3 [29440/60000 (49%)]	Loss: 120.298325
[2022-10-19 23:40:12] PRINT Train Epoch: 3 [30720/60000 (51%)]	Loss: 122.786179
[2022-10-19 23:40:12] PRINT Train Epoch: 3 [32000/60000 (53%)]	Loss: 120.671890
[2022-10-19 23:40:12] PRINT Train Epoch: 3 [33280/60000 (55%)]	Loss: 113.299973
[2022-10-19 23:40:12] PRINT Train Epoch: 3 [34560/60000 (58%)]	Loss: 115.256874
[2022-10-19 23:40:13] PRINT Train Epoch: 3 [35840/60000 (60%)]	Loss: 113.018967
[2022-10-19 23:40:13] PRINT Train Epoch: 3 [37120/60000 (62%)]	Loss: 120.283287
[2022-10-19 23:40:13] PRINT Train Epoch: 3 [38400/60000 (64%)]	Loss: 117.586449
[2022-10-19 23:40:13] PRINT Train Epoch: 3 [39680/60000 (66%)]	Loss: 117.975586
[2022-10-19 23:40:13] PRINT Train Epoch: 3 [40960/60000 (68%)]	Loss: 117.806816
[2022-10-19 23:40:13] PRINT Train Epoch: 3 [42240/60000 (70%)]	Loss: 120.329407
[2022-10-19 23:40:13] PRINT Train Epoch: 3 [43520/60000 (72%)]	Loss: 121.332596
[2022-10-19 23:40:13] PRINT Train Epoch: 3 [44800/60000 (75%)]	Loss: 117.619904
[2022-10-19 23:40:13] PRINT Train Epoch: 3 [46080/60000 (77%)]	Loss: 115.771423
[2022-10-19 23:40:13] PRINT Train Epoch: 3 [47360/60000 (79%)]	Loss: 110.353485
[2022-10-19 23:40:14] PRINT Train Epoch: 3 [48640/60000 (81%)]	Loss: 116.117760
[2022-10-19 23:40:14] PRINT Train Epoch: 3 [49920/60000 (83%)]	Loss: 121.356804
[2022-10-19 23:40:14] PRINT Train Epoch: 3 [51200/60000 (85%)]	Loss: 117.646339
[2022-10-19 23:40:14] PRINT Train Epoch: 3 [52480/60000 (87%)]	Loss: 116.822937
[2022-10-19 23:40:14] PRINT Train Epoch: 3 [53760/60000 (90%)]	Loss: 116.564018
[2022-10-19 23:40:14] PRINT Train Epoch: 3 [55040/60000 (92%)]	Loss: 114.617447
[2022-10-19 23:40:14] PRINT Train Epoch: 3 [56320/60000 (94%)]	Loss: 114.397888
[2022-10-19 23:40:14] PRINT Train Epoch: 3 [57600/60000 (96%)]	Loss: 119.434433
[2022-10-19 23:40:14] PRINT Train Epoch: 3 [58880/60000 (98%)]	Loss: 116.074295
[2022-10-19 23:40:14] PRINT ====> Epoch: 3 Average loss: 117.5628
[2022-10-19 23:40:15] PRINT ====> Test set loss: 115.9196
[2022-10-19 23:40:15] PRINT Train Epoch: 4 [0/60000 (0%)]	Loss: 119.545326
[2022-10-19 23:40:15] PRINT Train Epoch: 4 [1280/60000 (2%)]	Loss: 118.053833
[2022-10-19 23:40:16] PRINT Train Epoch: 4 [2560/60000 (4%)]	Loss: 108.273216
[2022-10-19 23:40:16] PRINT Train Epoch: 4 [3840/60000 (6%)]	Loss: 118.980347
[2022-10-19 23:40:16] PRINT Train Epoch: 4 [5120/60000 (9%)]	Loss: 118.385895
[2022-10-19 23:40:16] PRINT Train Epoch: 4 [6400/60000 (11%)]	Loss: 120.324570
[2022-10-19 23:40:16] PRINT Train Epoch: 4 [7680/60000 (13%)]	Loss: 118.567665
[2022-10-19 23:40:16] PRINT Train Epoch: 4 [8960/60000 (15%)]	Loss: 112.458496
[2022-10-19 23:40:16] PRINT Train Epoch: 4 [10240/60000 (17%)]	Loss: 114.169289
[2022-10-19 23:40:16] PRINT Train Epoch: 4 [11520/60000 (19%)]	Loss: 119.164459
[2022-10-19 23:40:16] PRINT Train Epoch: 4 [12800/60000 (21%)]	Loss: 113.960815
[2022-10-19 23:40:17] PRINT Train Epoch: 4 [14080/60000 (23%)]	Loss: 122.004364
[2022-10-19 23:40:17] PRINT Train Epoch: 4 [15360/60000 (26%)]	Loss: 114.531387
[2022-10-19 23:40:17] PRINT Train Epoch: 4 [16640/60000 (28%)]	Loss: 113.109863
[2022-10-19 23:40:17] PRINT Train Epoch: 4 [17920/60000 (30%)]	Loss: 110.458710
[2022-10-19 23:40:17] PRINT Train Epoch: 4 [19200/60000 (32%)]	Loss: 114.134964
[2022-10-19 23:40:17] PRINT Train Epoch: 4 [20480/60000 (34%)]	Loss: 117.063629
[2022-10-19 23:40:17] PRINT Train Epoch: 4 [21760/60000 (36%)]	Loss: 120.739578
[2022-10-19 23:40:17] PRINT Train Epoch: 4 [23040/60000 (38%)]	Loss: 115.491699
[2022-10-19 23:40:17] PRINT Train Epoch: 4 [24320/60000 (41%)]	Loss: 111.502472
[2022-10-19 23:40:17] PRINT Train Epoch: 4 [25600/60000 (43%)]	Loss: 118.785721
[2022-10-19 23:40:18] PRINT Train Epoch: 4 [26880/60000 (45%)]	Loss: 116.647003
[2022-10-19 23:40:18] PRINT Train Epoch: 4 [28160/60000 (47%)]	Loss: 112.807861
[2022-10-19 23:40:18] PRINT Train Epoch: 4 [29440/60000 (49%)]	Loss: 112.593330
[2022-10-19 23:40:18] PRINT Train Epoch: 4 [30720/60000 (51%)]	Loss: 114.433632
[2022-10-19 23:40:18] PRINT Train Epoch: 4 [32000/60000 (53%)]	Loss: 113.960297
[2022-10-19 23:40:18] PRINT Train Epoch: 4 [33280/60000 (55%)]	Loss: 115.740158
[2022-10-19 23:40:18] PRINT Train Epoch: 4 [34560/60000 (58%)]	Loss: 119.828682
[2022-10-19 23:40:18] PRINT Train Epoch: 4 [35840/60000 (60%)]	Loss: 119.233833
[2022-10-19 23:40:18] PRINT Train Epoch: 4 [37120/60000 (62%)]	Loss: 117.556625
[2022-10-19 23:40:18] PRINT Train Epoch: 4 [38400/60000 (64%)]	Loss: 110.314209
[2022-10-19 23:40:19] PRINT Train Epoch: 4 [39680/60000 (66%)]	Loss: 115.858231
[2022-10-19 23:40:19] PRINT Train Epoch: 4 [40960/60000 (68%)]	Loss: 114.798210
[2022-10-19 23:40:19] PRINT Train Epoch: 4 [42240/60000 (70%)]	Loss: 120.455322
[2022-10-19 23:40:19] PRINT Train Epoch: 4 [43520/60000 (72%)]	Loss: 119.684067
[2022-10-19 23:40:19] PRINT Train Epoch: 4 [44800/60000 (75%)]	Loss: 115.864044
[2022-10-19 23:40:19] PRINT Train Epoch: 4 [46080/60000 (77%)]	Loss: 114.214737
[2022-10-19 23:40:19] PRINT Train Epoch: 4 [47360/60000 (79%)]	Loss: 117.643471
[2022-10-19 23:40:19] PRINT Train Epoch: 4 [48640/60000 (81%)]	Loss: 113.137428
[2022-10-19 23:40:19] PRINT Train Epoch: 4 [49920/60000 (83%)]	Loss: 113.236420
[2022-10-19 23:40:20] PRINT Train Epoch: 4 [51200/60000 (85%)]	Loss: 113.382263
[2022-10-19 23:40:20] PRINT Train Epoch: 4 [52480/60000 (87%)]	Loss: 120.915199
[2022-10-19 23:40:20] PRINT Train Epoch: 4 [53760/60000 (90%)]	Loss: 111.173004
[2022-10-19 23:40:20] PRINT Train Epoch: 4 [55040/60000 (92%)]	Loss: 111.640320
[2022-10-19 23:40:20] PRINT Train Epoch: 4 [56320/60000 (94%)]	Loss: 117.028175
[2022-10-19 23:40:20] PRINT Train Epoch: 4 [57600/60000 (96%)]	Loss: 115.159042
[2022-10-19 23:40:20] PRINT Train Epoch: 4 [58880/60000 (98%)]	Loss: 117.211403
[2022-10-19 23:40:20] PRINT ====> Epoch: 4 Average loss: 116.1545
[2022-10-19 23:40:21] PRINT ====> Test set loss: 114.7805
[2022-10-19 23:40:21] PRINT Train Epoch: 5 [0/60000 (0%)]	Loss: 116.206039
[2022-10-19 23:40:21] PRINT Train Epoch: 5 [1280/60000 (2%)]	Loss: 116.841133
[2022-10-19 23:40:21] PRINT Train Epoch: 5 [2560/60000 (4%)]	Loss: 116.873238
[2022-10-19 23:40:21] PRINT Train Epoch: 5 [3840/60000 (6%)]	Loss: 111.843719
[2022-10-19 23:40:22] PRINT Train Epoch: 5 [5120/60000 (9%)]	Loss: 110.205719
[2022-10-19 23:40:22] PRINT Train Epoch: 5 [6400/60000 (11%)]	Loss: 120.317154
[2022-10-19 23:40:22] PRINT Train Epoch: 5 [7680/60000 (13%)]	Loss: 117.816231
[2022-10-19 23:40:22] PRINT Train Epoch: 5 [8960/60000 (15%)]	Loss: 113.480949
[2022-10-19 23:40:22] PRINT Train Epoch: 5 [10240/60000 (17%)]	Loss: 115.514107
[2022-10-19 23:40:22] PRINT Train Epoch: 5 [11520/60000 (19%)]	Loss: 112.409592
[2022-10-19 23:40:22] PRINT Train Epoch: 5 [12800/60000 (21%)]	Loss: 109.506821
[2022-10-19 23:40:22] PRINT Train Epoch: 5 [14080/60000 (23%)]	Loss: 107.390038
[2022-10-19 23:40:22] PRINT Train Epoch: 5 [15360/60000 (26%)]	Loss: 121.353691
[2022-10-19 23:40:23] PRINT Train Epoch: 5 [16640/60000 (28%)]	Loss: 113.127579
[2022-10-19 23:40:23] PRINT Train Epoch: 5 [17920/60000 (30%)]	Loss: 113.382278
[2022-10-19 23:40:23] PRINT Train Epoch: 5 [19200/60000 (32%)]	Loss: 113.301514
[2022-10-19 23:40:23] PRINT Train Epoch: 5 [20480/60000 (34%)]	Loss: 111.282791
[2022-10-19 23:40:23] PRINT Train Epoch: 5 [21760/60000 (36%)]	Loss: 115.226730
[2022-10-19 23:40:23] PRINT Train Epoch: 5 [23040/60000 (38%)]	Loss: 117.999481
[2022-10-19 23:40:23] PRINT Train Epoch: 5 [24320/60000 (41%)]	Loss: 117.080307
[2022-10-19 23:40:23] PRINT Train Epoch: 5 [25600/60000 (43%)]	Loss: 115.267815
[2022-10-19 23:40:23] PRINT Train Epoch: 5 [26880/60000 (45%)]	Loss: 115.811325
[2022-10-19 23:40:23] PRINT Train Epoch: 5 [28160/60000 (47%)]	Loss: 114.378380
[2022-10-19 23:40:24] PRINT Train Epoch: 5 [29440/60000 (49%)]	Loss: 120.188362
[2022-10-19 23:40:24] PRINT Train Epoch: 5 [30720/60000 (51%)]	Loss: 116.909760
[2022-10-19 23:40:24] PRINT Train Epoch: 5 [32000/60000 (53%)]	Loss: 112.528084
[2022-10-19 23:40:24] PRINT Train Epoch: 5 [33280/60000 (55%)]	Loss: 118.743553
[2022-10-19 23:40:24] PRINT Train Epoch: 5 [34560/60000 (58%)]	Loss: 118.962761
[2022-10-19 23:40:24] PRINT Train Epoch: 5 [35840/60000 (60%)]	Loss: 114.388107
[2022-10-19 23:40:24] PRINT Train Epoch: 5 [37120/60000 (62%)]	Loss: 117.898026
[2022-10-19 23:40:24] PRINT Train Epoch: 5 [38400/60000 (64%)]	Loss: 113.878906
[2022-10-19 23:40:24] PRINT Train Epoch: 5 [39680/60000 (66%)]	Loss: 114.052429
[2022-10-19 23:40:25] PRINT Train Epoch: 5 [40960/60000 (68%)]	Loss: 115.189041
[2022-10-19 23:40:25] PRINT Train Epoch: 5 [42240/60000 (70%)]	Loss: 125.263451
[2022-10-19 23:40:25] PRINT Train Epoch: 5 [43520/60000 (72%)]	Loss: 116.521408
[2022-10-19 23:40:25] PRINT Train Epoch: 5 [44800/60000 (75%)]	Loss: 118.363655
[2022-10-19 23:40:25] PRINT Train Epoch: 5 [46080/60000 (77%)]	Loss: 113.495071
[2022-10-19 23:40:25] PRINT Train Epoch: 5 [47360/60000 (79%)]	Loss: 112.324989
[2022-10-19 23:40:25] PRINT Train Epoch: 5 [48640/60000 (81%)]	Loss: 115.101395
[2022-10-19 23:40:25] PRINT Train Epoch: 5 [49920/60000 (83%)]	Loss: 111.629028
[2022-10-19 23:40:25] PRINT Train Epoch: 5 [51200/60000 (85%)]	Loss: 114.871330
[2022-10-19 23:40:26] PRINT Train Epoch: 5 [52480/60000 (87%)]	Loss: 116.604614
[2022-10-19 23:40:26] PRINT Train Epoch: 5 [53760/60000 (90%)]	Loss: 113.540314
[2022-10-19 23:40:26] PRINT Train Epoch: 5 [55040/60000 (92%)]	Loss: 112.741440
[2022-10-19 23:40:26] PRINT Train Epoch: 5 [56320/60000 (94%)]	Loss: 117.046692
[2022-10-19 23:40:26] PRINT Train Epoch: 5 [57600/60000 (96%)]	Loss: 116.731201
[2022-10-19 23:40:26] PRINT Train Epoch: 5 [58880/60000 (98%)]	Loss: 117.745239
[2022-10-19 23:40:26] PRINT ====> Epoch: 5 Average loss: 115.2915
[2022-10-19 23:40:27] PRINT ====> Test set loss: 115.1655
[2022-10-19 23:40:27] PRINT Train Epoch: 6 [0/60000 (0%)]	Loss: 116.292923
[2022-10-19 23:40:27] PRINT Train Epoch: 6 [1280/60000 (2%)]	Loss: 110.918411
[2022-10-19 23:40:27] PRINT Train Epoch: 6 [2560/60000 (4%)]	Loss: 111.908356
[2022-10-19 23:40:27] PRINT Train Epoch: 6 [3840/60000 (6%)]	Loss: 113.477737
[2022-10-19 23:40:27] PRINT Train Epoch: 6 [5120/60000 (9%)]	Loss: 120.182526
[2022-10-19 23:40:28] PRINT Train Epoch: 6 [6400/60000 (11%)]	Loss: 114.530266
[2022-10-19 23:40:28] PRINT Train Epoch: 6 [7680/60000 (13%)]	Loss: 115.451073
[2022-10-19 23:40:28] PRINT Train Epoch: 6 [8960/60000 (15%)]	Loss: 113.583374
[2022-10-19 23:40:28] PRINT Train Epoch: 6 [10240/60000 (17%)]	Loss: 113.245102
[2022-10-19 23:40:28] PRINT Train Epoch: 6 [11520/60000 (19%)]	Loss: 117.192200
[2022-10-19 23:40:28] PRINT Train Epoch: 6 [12800/60000 (21%)]	Loss: 111.228508
[2022-10-19 23:40:28] PRINT Train Epoch: 6 [14080/60000 (23%)]	Loss: 112.953888
[2022-10-19 23:40:28] PRINT Train Epoch: 6 [15360/60000 (26%)]	Loss: 109.640427
[2022-10-19 23:40:28] PRINT Train Epoch: 6 [16640/60000 (28%)]	Loss: 114.953094
[2022-10-19 23:40:28] PRINT Train Epoch: 6 [17920/60000 (30%)]	Loss: 116.040726
[2022-10-19 23:40:29] PRINT Train Epoch: 6 [19200/60000 (32%)]	Loss: 113.162750
[2022-10-19 23:40:29] PRINT Train Epoch: 6 [20480/60000 (34%)]	Loss: 112.662201
[2022-10-19 23:40:29] PRINT Train Epoch: 6 [21760/60000 (36%)]	Loss: 112.063248
[2022-10-19 23:40:29] PRINT Train Epoch: 6 [23040/60000 (38%)]	Loss: 118.381332
[2022-10-19 23:40:29] PRINT Train Epoch: 6 [24320/60000 (41%)]	Loss: 108.854034
[2022-10-19 23:40:29] PRINT Train Epoch: 6 [25600/60000 (43%)]	Loss: 115.408081
[2022-10-19 23:40:29] PRINT Train Epoch: 6 [26880/60000 (45%)]	Loss: 112.591568
[2022-10-19 23:40:29] PRINT Train Epoch: 6 [28160/60000 (47%)]	Loss: 112.297478
[2022-10-19 23:40:29] PRINT Train Epoch: 6 [29440/60000 (49%)]	Loss: 116.036095
[2022-10-19 23:40:29] PRINT Train Epoch: 6 [30720/60000 (51%)]	Loss: 109.812744
[2022-10-19 23:40:30] PRINT Train Epoch: 6 [32000/60000 (53%)]	Loss: 115.689690
[2022-10-19 23:40:30] PRINT Train Epoch: 6 [33280/60000 (55%)]	Loss: 111.902237
[2022-10-19 23:40:30] PRINT Train Epoch: 6 [34560/60000 (58%)]	Loss: 114.509697
[2022-10-19 23:40:30] PRINT Train Epoch: 6 [35840/60000 (60%)]	Loss: 113.420868
[2022-10-19 23:40:30] PRINT Train Epoch: 6 [37120/60000 (62%)]	Loss: 117.948616
[2022-10-19 23:40:30] PRINT Train Epoch: 6 [38400/60000 (64%)]	Loss: 117.546013
[2022-10-19 23:40:30] PRINT Train Epoch: 6 [39680/60000 (66%)]	Loss: 111.713669
[2022-10-19 23:40:30] PRINT Train Epoch: 6 [40960/60000 (68%)]	Loss: 116.189140
[2022-10-19 23:40:30] PRINT Train Epoch: 6 [42240/60000 (70%)]	Loss: 113.494247
[2022-10-19 23:40:30] PRINT Train Epoch: 6 [43520/60000 (72%)]	Loss: 116.139870
[2022-10-19 23:40:31] PRINT Train Epoch: 6 [44800/60000 (75%)]	Loss: 111.215988
[2022-10-19 23:40:31] PRINT Train Epoch: 6 [46080/60000 (77%)]	Loss: 107.243416
[2022-10-19 23:40:31] PRINT Train Epoch: 6 [47360/60000 (79%)]	Loss: 114.560120
[2022-10-19 23:40:31] PRINT Train Epoch: 6 [48640/60000 (81%)]	Loss: 115.778511
[2022-10-19 23:40:31] PRINT Train Epoch: 6 [49920/60000 (83%)]	Loss: 112.878677
[2022-10-19 23:40:31] PRINT Train Epoch: 6 [51200/60000 (85%)]	Loss: 116.481140
[2022-10-19 23:40:31] PRINT Train Epoch: 6 [52480/60000 (87%)]	Loss: 114.494553
[2022-10-19 23:40:31] PRINT Train Epoch: 6 [53760/60000 (90%)]	Loss: 116.881638
[2022-10-19 23:40:31] PRINT Train Epoch: 6 [55040/60000 (92%)]	Loss: 112.716263
[2022-10-19 23:40:32] PRINT Train Epoch: 6 [56320/60000 (94%)]	Loss: 113.381859
[2022-10-19 23:40:32] PRINT Train Epoch: 6 [57600/60000 (96%)]	Loss: 116.271080
[2022-10-19 23:40:32] PRINT Train Epoch: 6 [58880/60000 (98%)]	Loss: 116.187180
[2022-10-19 23:40:32] PRINT ====> Epoch: 6 Average loss: 114.7091
[2022-10-19 23:40:33] PRINT ====> Test set loss: 113.9508
[2022-10-19 23:40:33] PRINT Train Epoch: 7 [0/60000 (0%)]	Loss: 108.951004
[2022-10-19 23:40:33] PRINT Train Epoch: 7 [1280/60000 (2%)]	Loss: 115.683022
[2022-10-19 23:40:33] PRINT Train Epoch: 7 [2560/60000 (4%)]	Loss: 113.184219
[2022-10-19 23:40:33] PRINT Train Epoch: 7 [3840/60000 (6%)]	Loss: 113.147797
[2022-10-19 23:40:33] PRINT Train Epoch: 7 [5120/60000 (9%)]	Loss: 113.682091
[2022-10-19 23:40:33] PRINT Train Epoch: 7 [6400/60000 (11%)]	Loss: 110.735001
[2022-10-19 23:40:33] PRINT Train Epoch: 7 [7680/60000 (13%)]	Loss: 116.310074
[2022-10-19 23:40:33] PRINT Train Epoch: 7 [8960/60000 (15%)]	Loss: 115.988884
[2022-10-19 23:40:34] PRINT Train Epoch: 7 [10240/60000 (17%)]	Loss: 110.587402
[2022-10-19 23:40:34] PRINT Train Epoch: 7 [11520/60000 (19%)]	Loss: 115.982498
[2022-10-19 23:40:34] PRINT Train Epoch: 7 [12800/60000 (21%)]	Loss: 114.386726
[2022-10-19 23:40:34] PRINT Train Epoch: 7 [14080/60000 (23%)]	Loss: 116.640106
[2022-10-19 23:40:34] PRINT Train Epoch: 7 [15360/60000 (26%)]	Loss: 113.218399
[2022-10-19 23:40:34] PRINT Train Epoch: 7 [16640/60000 (28%)]	Loss: 115.463661
[2022-10-19 23:40:34] PRINT Train Epoch: 7 [17920/60000 (30%)]	Loss: 115.027245
[2022-10-19 23:40:34] PRINT Train Epoch: 7 [19200/60000 (32%)]	Loss: 114.632996
[2022-10-19 23:40:34] PRINT Train Epoch: 7 [20480/60000 (34%)]	Loss: 113.661072
[2022-10-19 23:40:34] PRINT Train Epoch: 7 [21760/60000 (36%)]	Loss: 116.835678
[2022-10-19 23:40:35] PRINT Train Epoch: 7 [23040/60000 (38%)]	Loss: 117.495399
[2022-10-19 23:40:35] PRINT Train Epoch: 7 [24320/60000 (41%)]	Loss: 113.886444
[2022-10-19 23:40:35] PRINT Train Epoch: 7 [25600/60000 (43%)]	Loss: 113.665474
[2022-10-19 23:40:35] PRINT Train Epoch: 7 [26880/60000 (45%)]	Loss: 119.446106
[2022-10-19 23:40:35] PRINT Train Epoch: 7 [28160/60000 (47%)]	Loss: 113.534088
[2022-10-19 23:40:35] PRINT Train Epoch: 7 [29440/60000 (49%)]	Loss: 110.401794
[2022-10-19 23:40:35] PRINT Train Epoch: 7 [30720/60000 (51%)]	Loss: 116.330704
[2022-10-19 23:40:35] PRINT Train Epoch: 7 [32000/60000 (53%)]	Loss: 117.630798
[2022-10-19 23:40:35] PRINT Train Epoch: 7 [33280/60000 (55%)]	Loss: 113.725967
[2022-10-19 23:40:35] PRINT Train Epoch: 7 [34560/60000 (58%)]	Loss: 115.711273
[2022-10-19 23:40:36] PRINT Train Epoch: 7 [35840/60000 (60%)]	Loss: 116.939117
[2022-10-19 23:40:36] PRINT Train Epoch: 7 [37120/60000 (62%)]	Loss: 114.582718
[2022-10-19 23:40:36] PRINT Train Epoch: 7 [38400/60000 (64%)]	Loss: 113.888199
[2022-10-19 23:40:36] PRINT Train Epoch: 7 [39680/60000 (66%)]	Loss: 114.255318
[2022-10-19 23:40:36] PRINT Train Epoch: 7 [40960/60000 (68%)]	Loss: 115.492508
[2022-10-19 23:40:36] PRINT Train Epoch: 7 [42240/60000 (70%)]	Loss: 115.233955
[2022-10-19 23:40:36] PRINT Train Epoch: 7 [43520/60000 (72%)]	Loss: 111.209457
[2022-10-19 23:40:36] PRINT Train Epoch: 7 [44800/60000 (75%)]	Loss: 115.001457
[2022-10-19 23:40:36] PRINT Train Epoch: 7 [46080/60000 (77%)]	Loss: 117.131027
[2022-10-19 23:40:36] PRINT Train Epoch: 7 [47360/60000 (79%)]	Loss: 111.508232
[2022-10-19 23:40:37] PRINT Train Epoch: 7 [48640/60000 (81%)]	Loss: 113.130806
[2022-10-19 23:40:37] PRINT Train Epoch: 7 [49920/60000 (83%)]	Loss: 114.263954
[2022-10-19 23:40:37] PRINT Train Epoch: 7 [51200/60000 (85%)]	Loss: 111.774353
[2022-10-19 23:40:37] PRINT Train Epoch: 7 [52480/60000 (87%)]	Loss: 119.590073
[2022-10-19 23:40:37] PRINT Train Epoch: 7 [53760/60000 (90%)]	Loss: 111.664185
[2022-10-19 23:40:37] PRINT Train Epoch: 7 [55040/60000 (92%)]	Loss: 117.300446
[2022-10-19 23:40:37] PRINT Train Epoch: 7 [56320/60000 (94%)]	Loss: 117.976822
[2022-10-19 23:40:37] PRINT Train Epoch: 7 [57600/60000 (96%)]	Loss: 112.888908
[2022-10-19 23:40:37] PRINT Train Epoch: 7 [58880/60000 (98%)]	Loss: 120.248833
[2022-10-19 23:40:38] PRINT ====> Epoch: 7 Average loss: 114.0570
[2022-10-19 23:40:38] PRINT ====> Test set loss: 113.7101
[2022-10-19 23:40:38] PRINT Train Epoch: 8 [0/60000 (0%)]	Loss: 115.430023
[2022-10-19 23:40:39] PRINT Train Epoch: 8 [1280/60000 (2%)]	Loss: 117.904205
[2022-10-19 23:40:39] PRINT Train Epoch: 8 [2560/60000 (4%)]	Loss: 110.847816
[2022-10-19 23:40:39] PRINT Train Epoch: 8 [3840/60000 (6%)]	Loss: 113.721146
[2022-10-19 23:40:39] PRINT Train Epoch: 8 [5120/60000 (9%)]	Loss: 115.285957
[2022-10-19 23:40:39] PRINT Train Epoch: 8 [6400/60000 (11%)]	Loss: 109.362495
[2022-10-19 23:40:39] PRINT Train Epoch: 8 [7680/60000 (13%)]	Loss: 117.452484
[2022-10-19 23:40:39] PRINT Train Epoch: 8 [8960/60000 (15%)]	Loss: 118.586411
[2022-10-19 23:40:39] PRINT Train Epoch: 8 [10240/60000 (17%)]	Loss: 113.777946
[2022-10-19 23:40:39] PRINT Train Epoch: 8 [11520/60000 (19%)]	Loss: 113.917770
[2022-10-19 23:40:39] PRINT Train Epoch: 8 [12800/60000 (21%)]	Loss: 110.388519
[2022-10-19 23:40:40] PRINT Train Epoch: 8 [14080/60000 (23%)]	Loss: 113.191254
[2022-10-19 23:40:40] PRINT Train Epoch: 8 [15360/60000 (26%)]	Loss: 116.102104
[2022-10-19 23:40:40] PRINT Train Epoch: 8 [16640/60000 (28%)]	Loss: 112.160706
[2022-10-19 23:40:40] PRINT Train Epoch: 8 [17920/60000 (30%)]	Loss: 113.787582
[2022-10-19 23:40:40] PRINT Train Epoch: 8 [19200/60000 (32%)]	Loss: 117.459373
[2022-10-19 23:40:40] PRINT Train Epoch: 8 [20480/60000 (34%)]	Loss: 113.131569
[2022-10-19 23:40:40] PRINT Train Epoch: 8 [21760/60000 (36%)]	Loss: 113.683266
[2022-10-19 23:40:40] PRINT Train Epoch: 8 [23040/60000 (38%)]	Loss: 113.762329
[2022-10-19 23:40:40] PRINT Train Epoch: 8 [24320/60000 (41%)]	Loss: 116.562691
[2022-10-19 23:40:40] PRINT Train Epoch: 8 [25600/60000 (43%)]	Loss: 114.452454
[2022-10-19 23:40:41] PRINT Train Epoch: 8 [26880/60000 (45%)]	Loss: 115.607964
[2022-10-19 23:40:41] PRINT Train Epoch: 8 [28160/60000 (47%)]	Loss: 111.362610
[2022-10-19 23:40:41] PRINT Train Epoch: 8 [29440/60000 (49%)]	Loss: 113.538971
[2022-10-19 23:40:41] PRINT Train Epoch: 8 [30720/60000 (51%)]	Loss: 110.426559
[2022-10-19 23:40:41] PRINT Train Epoch: 8 [32000/60000 (53%)]	Loss: 111.661316
[2022-10-19 23:40:41] PRINT Train Epoch: 8 [33280/60000 (55%)]	Loss: 115.042664
[2022-10-19 23:40:41] PRINT Train Epoch: 8 [34560/60000 (58%)]	Loss: 111.735321
[2022-10-19 23:40:41] PRINT Train Epoch: 8 [35840/60000 (60%)]	Loss: 113.984589
[2022-10-19 23:40:41] PRINT Train Epoch: 8 [37120/60000 (62%)]	Loss: 109.325859
[2022-10-19 23:40:42] PRINT Train Epoch: 8 [38400/60000 (64%)]	Loss: 108.412659
[2022-10-19 23:40:42] PRINT Train Epoch: 8 [39680/60000 (66%)]	Loss: 112.462799
[2022-10-19 23:40:42] PRINT Train Epoch: 8 [40960/60000 (68%)]	Loss: 116.893082
[2022-10-19 23:40:42] PRINT Train Epoch: 8 [42240/60000 (70%)]	Loss: 114.293839
[2022-10-19 23:40:42] PRINT Train Epoch: 8 [43520/60000 (72%)]	Loss: 111.816635
[2022-10-19 23:40:42] PRINT Train Epoch: 8 [44800/60000 (75%)]	Loss: 114.575081
[2022-10-19 23:40:42] PRINT Train Epoch: 8 [46080/60000 (77%)]	Loss: 118.650040
[2022-10-19 23:40:42] PRINT Train Epoch: 8 [47360/60000 (79%)]	Loss: 114.961731
[2022-10-19 23:40:42] PRINT Train Epoch: 8 [48640/60000 (81%)]	Loss: 108.936386
[2022-10-19 23:40:42] PRINT Train Epoch: 8 [49920/60000 (83%)]	Loss: 113.577080
[2022-10-19 23:40:43] PRINT Train Epoch: 8 [51200/60000 (85%)]	Loss: 111.331635
[2022-10-19 23:40:43] PRINT Train Epoch: 8 [52480/60000 (87%)]	Loss: 114.096451
[2022-10-19 23:40:43] PRINT Train Epoch: 8 [53760/60000 (90%)]	Loss: 115.765610
[2022-10-19 23:40:43] PRINT Train Epoch: 8 [55040/60000 (92%)]	Loss: 116.349449
[2022-10-19 23:40:43] PRINT Train Epoch: 8 [56320/60000 (94%)]	Loss: 109.612778
[2022-10-19 23:40:43] PRINT Train Epoch: 8 [57600/60000 (96%)]	Loss: 115.390274
[2022-10-19 23:40:43] PRINT Train Epoch: 8 [58880/60000 (98%)]	Loss: 116.903931
[2022-10-19 23:40:43] PRINT ====> Epoch: 8 Average loss: 113.7303
[2022-10-19 23:40:44] PRINT ====> Test set loss: 114.1487
[2022-10-19 23:40:44] PRINT Train Epoch: 9 [0/60000 (0%)]	Loss: 115.996498
[2022-10-19 23:40:44] PRINT Train Epoch: 9 [1280/60000 (2%)]	Loss: 110.014641
[2022-10-19 23:40:44] PRINT Train Epoch: 9 [2560/60000 (4%)]	Loss: 113.180649
[2022-10-19 23:40:44] PRINT Train Epoch: 9 [3840/60000 (6%)]	Loss: 114.718460
[2022-10-19 23:40:45] PRINT Train Epoch: 9 [5120/60000 (9%)]	Loss: 109.304199
[2022-10-19 23:40:45] PRINT Train Epoch: 9 [6400/60000 (11%)]	Loss: 115.579300
[2022-10-19 23:40:45] PRINT Train Epoch: 9 [7680/60000 (13%)]	Loss: 114.042099
[2022-10-19 23:40:45] PRINT Train Epoch: 9 [8960/60000 (15%)]	Loss: 110.263336
[2022-10-19 23:40:45] PRINT Train Epoch: 9 [10240/60000 (17%)]	Loss: 113.174103
[2022-10-19 23:40:45] PRINT Train Epoch: 9 [11520/60000 (19%)]	Loss: 113.149704
[2022-10-19 23:40:45] PRINT Train Epoch: 9 [12800/60000 (21%)]	Loss: 117.161667
[2022-10-19 23:40:45] PRINT Train Epoch: 9 [14080/60000 (23%)]	Loss: 116.715103
[2022-10-19 23:40:45] PRINT Train Epoch: 9 [15360/60000 (26%)]	Loss: 108.917679
[2022-10-19 23:40:45] PRINT Train Epoch: 9 [16640/60000 (28%)]	Loss: 111.983200
[2022-10-19 23:40:46] PRINT Train Epoch: 9 [17920/60000 (30%)]	Loss: 108.939827
[2022-10-19 23:40:46] PRINT Train Epoch: 9 [19200/60000 (32%)]	Loss: 111.353813
[2022-10-19 23:40:46] PRINT Train Epoch: 9 [20480/60000 (34%)]	Loss: 117.735260
[2022-10-19 23:40:46] PRINT Train Epoch: 9 [21760/60000 (36%)]	Loss: 114.744438
[2022-10-19 23:40:46] PRINT Train Epoch: 9 [23040/60000 (38%)]	Loss: 113.816811
[2022-10-19 23:40:46] PRINT Train Epoch: 9 [24320/60000 (41%)]	Loss: 113.740219
[2022-10-19 23:40:46] PRINT Train Epoch: 9 [25600/60000 (43%)]	Loss: 112.200043
[2022-10-19 23:40:46] PRINT Train Epoch: 9 [26880/60000 (45%)]	Loss: 115.018768
[2022-10-19 23:40:46] PRINT Train Epoch: 9 [28160/60000 (47%)]	Loss: 111.574875
[2022-10-19 23:40:47] PRINT Train Epoch: 9 [29440/60000 (49%)]	Loss: 110.528030
[2022-10-19 23:40:47] PRINT Train Epoch: 9 [30720/60000 (51%)]	Loss: 110.061752
[2022-10-19 23:40:47] PRINT Train Epoch: 9 [32000/60000 (53%)]	Loss: 114.543976
[2022-10-19 23:40:47] PRINT Train Epoch: 9 [33280/60000 (55%)]	Loss: 115.192513
[2022-10-19 23:40:47] PRINT Train Epoch: 9 [34560/60000 (58%)]	Loss: 111.192871
[2022-10-19 23:40:47] PRINT Train Epoch: 9 [35840/60000 (60%)]	Loss: 118.807388
[2022-10-19 23:40:47] PRINT Train Epoch: 9 [37120/60000 (62%)]	Loss: 113.979736
[2022-10-19 23:40:47] PRINT Train Epoch: 9 [38400/60000 (64%)]	Loss: 109.395477
[2022-10-19 23:40:47] PRINT Train Epoch: 9 [39680/60000 (66%)]	Loss: 109.506851
[2022-10-19 23:40:47] PRINT Train Epoch: 9 [40960/60000 (68%)]	Loss: 110.026604
[2022-10-19 23:40:48] PRINT Train Epoch: 9 [42240/60000 (70%)]	Loss: 109.373215
[2022-10-19 23:40:48] PRINT Train Epoch: 9 [43520/60000 (72%)]	Loss: 116.444305
[2022-10-19 23:40:48] PRINT Train Epoch: 9 [44800/60000 (75%)]	Loss: 114.574249
[2022-10-19 23:40:48] PRINT Train Epoch: 9 [46080/60000 (77%)]	Loss: 107.686485
[2022-10-19 23:40:48] PRINT Train Epoch: 9 [47360/60000 (79%)]	Loss: 110.842697
[2022-10-19 23:40:48] PRINT Train Epoch: 9 [48640/60000 (81%)]	Loss: 113.671432
[2022-10-19 23:40:48] PRINT Train Epoch: 9 [49920/60000 (83%)]	Loss: 118.040543
[2022-10-19 23:40:48] PRINT Train Epoch: 9 [51200/60000 (85%)]	Loss: 112.696442
[2022-10-19 23:40:48] PRINT Train Epoch: 9 [52480/60000 (87%)]	Loss: 110.352898
[2022-10-19 23:40:49] PRINT Train Epoch: 9 [53760/60000 (90%)]	Loss: 109.408768
[2022-10-19 23:40:49] PRINT Train Epoch: 9 [55040/60000 (92%)]	Loss: 113.503128
[2022-10-19 23:40:49] PRINT Train Epoch: 9 [56320/60000 (94%)]	Loss: 111.126945
[2022-10-19 23:40:49] PRINT Train Epoch: 9 [57600/60000 (96%)]	Loss: 111.134338
[2022-10-19 23:40:49] PRINT Train Epoch: 9 [58880/60000 (98%)]	Loss: 118.462090
[2022-10-19 23:40:49] PRINT ====> Epoch: 9 Average loss: 113.4682
[2022-10-19 23:40:50] PRINT ====> Test set loss: 112.6441
[2022-10-19 23:40:50] PRINT Train Epoch: 10 [0/60000 (0%)]	Loss: 110.056931
[2022-10-19 23:40:50] PRINT Train Epoch: 10 [1280/60000 (2%)]	Loss: 114.457909
[2022-10-19 23:40:50] PRINT Train Epoch: 10 [2560/60000 (4%)]	Loss: 113.720673
[2022-10-19 23:40:50] PRINT Train Epoch: 10 [3840/60000 (6%)]	Loss: 114.633057
[2022-10-19 23:40:50] PRINT Train Epoch: 10 [5120/60000 (9%)]	Loss: 112.150650
[2022-10-19 23:40:50] PRINT Train Epoch: 10 [6400/60000 (11%)]	Loss: 110.879150
[2022-10-19 23:40:51] PRINT Train Epoch: 10 [7680/60000 (13%)]	Loss: 109.766129
[2022-10-19 23:40:51] PRINT Train Epoch: 10 [8960/60000 (15%)]	Loss: 116.657959
[2022-10-19 23:40:51] PRINT Train Epoch: 10 [10240/60000 (17%)]	Loss: 112.550804
[2022-10-19 23:40:51] PRINT Train Epoch: 10 [11520/60000 (19%)]	Loss: 115.139862
[2022-10-19 23:40:51] PRINT Train Epoch: 10 [12800/60000 (21%)]	Loss: 113.384560
[2022-10-19 23:40:51] PRINT Train Epoch: 10 [14080/60000 (23%)]	Loss: 111.799927
[2022-10-19 23:40:51] PRINT Train Epoch: 10 [15360/60000 (26%)]	Loss: 111.894928
[2022-10-19 23:40:51] PRINT Train Epoch: 10 [16640/60000 (28%)]	Loss: 114.637833
[2022-10-19 23:40:51] PRINT Train Epoch: 10 [17920/60000 (30%)]	Loss: 110.474442
[2022-10-19 23:40:51] PRINT Train Epoch: 10 [19200/60000 (32%)]	Loss: 113.595215
[2022-10-19 23:40:52] PRINT Train Epoch: 10 [20480/60000 (34%)]	Loss: 113.706749
[2022-10-19 23:40:52] PRINT Train Epoch: 10 [21760/60000 (36%)]	Loss: 115.556107
[2022-10-19 23:40:52] PRINT Train Epoch: 10 [23040/60000 (38%)]	Loss: 110.136505
[2022-10-19 23:40:52] PRINT Train Epoch: 10 [24320/60000 (41%)]	Loss: 116.892509
[2022-10-19 23:40:52] PRINT Train Epoch: 10 [25600/60000 (43%)]	Loss: 111.002617
[2022-10-19 23:40:52] PRINT Train Epoch: 10 [26880/60000 (45%)]	Loss: 115.203827
[2022-10-19 23:40:52] PRINT Train Epoch: 10 [28160/60000 (47%)]	Loss: 111.133133
[2022-10-19 23:40:52] PRINT Train Epoch: 10 [29440/60000 (49%)]	Loss: 111.080780
[2022-10-19 23:40:52] PRINT Train Epoch: 10 [30720/60000 (51%)]	Loss: 114.709824
[2022-10-19 23:40:52] PRINT Train Epoch: 10 [32000/60000 (53%)]	Loss: 109.678802
[2022-10-19 23:40:53] PRINT Train Epoch: 10 [33280/60000 (55%)]	Loss: 112.362457
[2022-10-19 23:40:53] PRINT Train Epoch: 10 [34560/60000 (58%)]	Loss: 108.848251
[2022-10-19 23:40:53] PRINT Train Epoch: 10 [35840/60000 (60%)]	Loss: 112.814346
[2022-10-19 23:40:53] PRINT Train Epoch: 10 [37120/60000 (62%)]	Loss: 108.114700
[2022-10-19 23:40:53] PRINT Train Epoch: 10 [38400/60000 (64%)]	Loss: 115.966270
[2022-10-19 23:40:53] PRINT Train Epoch: 10 [39680/60000 (66%)]	Loss: 113.573959
[2022-10-19 23:40:53] PRINT Train Epoch: 10 [40960/60000 (68%)]	Loss: 115.305283
[2022-10-19 23:40:53] PRINT Train Epoch: 10 [42240/60000 (70%)]	Loss: 112.601540
[2022-10-19 23:40:53] PRINT Train Epoch: 10 [43520/60000 (72%)]	Loss: 110.803673
[2022-10-19 23:40:54] PRINT Train Epoch: 10 [44800/60000 (75%)]	Loss: 115.011124
[2022-10-19 23:40:54] PRINT Train Epoch: 10 [46080/60000 (77%)]	Loss: 113.220581
[2022-10-19 23:40:54] PRINT Train Epoch: 10 [47360/60000 (79%)]	Loss: 110.352280
[2022-10-19 23:40:54] PRINT Train Epoch: 10 [48640/60000 (81%)]	Loss: 110.212051
[2022-10-19 23:40:54] PRINT Train Epoch: 10 [49920/60000 (83%)]	Loss: 112.462746
[2022-10-19 23:40:54] PRINT Train Epoch: 10 [51200/60000 (85%)]	Loss: 110.591812
[2022-10-19 23:40:54] PRINT Train Epoch: 10 [52480/60000 (87%)]	Loss: 112.661507
[2022-10-19 23:40:54] PRINT Train Epoch: 10 [53760/60000 (90%)]	Loss: 113.948654
[2022-10-19 23:40:54] PRINT Train Epoch: 10 [55040/60000 (92%)]	Loss: 115.134811
[2022-10-19 23:40:54] PRINT Train Epoch: 10 [56320/60000 (94%)]	Loss: 111.372047
[2022-10-19 23:40:55] PRINT Train Epoch: 10 [57600/60000 (96%)]	Loss: 117.636543
[2022-10-19 23:40:55] PRINT Train Epoch: 10 [58880/60000 (98%)]	Loss: 116.312454
[2022-10-19 23:40:55] PRINT ====> Epoch: 10 Average loss: 113.1101
[2022-10-19 23:40:56] PRINT ====> Test set loss: 113.8860
