[2022-10-20 00:34:32] PRINT {'features1': 300, 'features2': 40, 'lr': 0.011996975656669571, 'epsilon': 1e-07, 'TRIAL_BUDGET': 2}
[2022-10-20 00:34:33] PRINT Using cuda device
[2022-10-20 00:34:38] PRINT Train Epoch: 1 [0/60000 (0%)]	Loss: 550.627625
[2022-10-20 00:34:38] PRINT Train Epoch: 1 [1280/60000 (2%)]	Loss: 218.735764
[2022-10-20 00:34:38] PRINT Train Epoch: 1 [2560/60000 (4%)]	Loss: 201.311539
[2022-10-20 00:34:39] PRINT Train Epoch: 1 [3840/60000 (6%)]	Loss: 197.627731
[2022-10-20 00:34:39] PRINT Train Epoch: 1 [5120/60000 (9%)]	Loss: 194.480469
[2022-10-20 00:34:39] PRINT Train Epoch: 1 [6400/60000 (11%)]	Loss: 193.593079
[2022-10-20 00:34:39] PRINT Train Epoch: 1 [7680/60000 (13%)]	Loss: 191.054642
[2022-10-20 00:34:40] PRINT Train Epoch: 1 [8960/60000 (15%)]	Loss: 187.823105
[2022-10-20 00:34:40] PRINT Train Epoch: 1 [10240/60000 (17%)]	Loss: 176.163437
[2022-10-20 00:34:40] PRINT Train Epoch: 1 [11520/60000 (19%)]	Loss: 178.148819
[2022-10-20 00:34:41] PRINT Train Epoch: 1 [12800/60000 (21%)]	Loss: 180.764038
[2022-10-20 00:34:41] PRINT Train Epoch: 1 [14080/60000 (23%)]	Loss: 171.561768
[2022-10-20 00:34:41] PRINT Train Epoch: 1 [15360/60000 (26%)]	Loss: 167.661392
[2022-10-20 00:34:42] PRINT Train Epoch: 1 [16640/60000 (28%)]	Loss: 174.485077
[2022-10-20 00:34:42] PRINT Train Epoch: 1 [17920/60000 (30%)]	Loss: 159.440262
[2022-10-20 00:34:42] PRINT Train Epoch: 1 [19200/60000 (32%)]	Loss: 148.731293
[2022-10-20 00:34:42] PRINT Train Epoch: 1 [20480/60000 (34%)]	Loss: 153.288681
[2022-10-20 00:34:43] PRINT Train Epoch: 1 [21760/60000 (36%)]	Loss: 153.305374
[2022-10-20 00:34:43] PRINT Train Epoch: 1 [23040/60000 (38%)]	Loss: 155.850861
[2022-10-20 00:34:43] PRINT Train Epoch: 1 [24320/60000 (41%)]	Loss: 151.543594
[2022-10-20 00:34:44] PRINT Train Epoch: 1 [25600/60000 (43%)]	Loss: 153.329559
[2022-10-20 00:34:44] PRINT Train Epoch: 1 [26880/60000 (45%)]	Loss: 143.156448
[2022-10-20 00:34:44] PRINT Train Epoch: 1 [28160/60000 (47%)]	Loss: 137.362473
[2022-10-20 00:34:45] PRINT Train Epoch: 1 [29440/60000 (49%)]	Loss: 153.743454
[2022-10-20 00:34:45] PRINT Train Epoch: 1 [30720/60000 (51%)]	Loss: 147.350616
[2022-10-20 00:34:45] PRINT Train Epoch: 1 [32000/60000 (53%)]	Loss: 139.326233
[2022-10-20 00:34:46] PRINT Train Epoch: 1 [33280/60000 (55%)]	Loss: 142.257996
[2022-10-20 00:34:46] PRINT Train Epoch: 1 [34560/60000 (58%)]	Loss: 144.587738
[2022-10-20 00:34:46] PRINT Train Epoch: 1 [35840/60000 (60%)]	Loss: 129.054794
[2022-10-20 00:34:46] PRINT Train Epoch: 1 [37120/60000 (62%)]	Loss: 143.976486
[2022-10-20 00:34:47] PRINT Train Epoch: 1 [38400/60000 (64%)]	Loss: 141.545609
[2022-10-20 00:34:47] PRINT Train Epoch: 1 [39680/60000 (66%)]	Loss: 137.838608
[2022-10-20 00:34:47] PRINT Train Epoch: 1 [40960/60000 (68%)]	Loss: 144.974945
[2022-10-20 00:34:48] PRINT Train Epoch: 1 [42240/60000 (70%)]	Loss: 136.564545
[2022-10-20 00:34:48] PRINT Train Epoch: 1 [43520/60000 (72%)]	Loss: 137.770569
[2022-10-20 00:34:48] PRINT Train Epoch: 1 [44800/60000 (75%)]	Loss: 136.950363
[2022-10-20 00:34:49] PRINT Train Epoch: 1 [46080/60000 (77%)]	Loss: 141.306351
[2022-10-20 00:34:49] PRINT Train Epoch: 1 [47360/60000 (79%)]	Loss: 136.676224
[2022-10-20 00:34:49] PRINT Train Epoch: 1 [48640/60000 (81%)]	Loss: 134.927811
[2022-10-20 00:34:49] PRINT Train Epoch: 1 [49920/60000 (83%)]	Loss: 139.382401
[2022-10-20 00:34:50] PRINT Train Epoch: 1 [51200/60000 (85%)]	Loss: 134.184479
[2022-10-20 00:34:50] PRINT Train Epoch: 1 [52480/60000 (87%)]	Loss: 136.803070
[2022-10-20 00:34:50] PRINT Train Epoch: 1 [53760/60000 (90%)]	Loss: 136.686157
[2022-10-20 00:34:51] PRINT Train Epoch: 1 [55040/60000 (92%)]	Loss: 137.547989
[2022-10-20 00:34:51] PRINT Train Epoch: 1 [56320/60000 (94%)]	Loss: 130.723969
[2022-10-20 00:34:51] PRINT Train Epoch: 1 [57600/60000 (96%)]	Loss: 132.075653
[2022-10-20 00:34:52] PRINT Train Epoch: 1 [58880/60000 (98%)]	Loss: 131.696487
[2022-10-20 00:34:52] PRINT ====> Epoch: 1 Average loss: 155.8022
[2022-10-20 00:34:54] PRINT ====> Test set loss: 131.6501
[2022-10-20 00:34:55] PRINT Train Epoch: 2 [0/60000 (0%)]	Loss: 129.880463
[2022-10-20 00:34:55] PRINT Train Epoch: 2 [1280/60000 (2%)]	Loss: 132.541870
[2022-10-20 00:34:55] PRINT Train Epoch: 2 [2560/60000 (4%)]	Loss: 135.619324
[2022-10-20 00:34:55] PRINT Train Epoch: 2 [3840/60000 (6%)]	Loss: 130.010147
[2022-10-20 00:34:56] PRINT Train Epoch: 2 [5120/60000 (9%)]	Loss: 128.948822
[2022-10-20 00:34:56] PRINT Train Epoch: 2 [6400/60000 (11%)]	Loss: 128.069611
[2022-10-20 00:34:56] PRINT Train Epoch: 2 [7680/60000 (13%)]	Loss: 129.878372
[2022-10-20 00:34:57] PRINT Train Epoch: 2 [8960/60000 (15%)]	Loss: 124.633720
[2022-10-20 00:34:57] PRINT Train Epoch: 2 [10240/60000 (17%)]	Loss: 126.701202
[2022-10-20 00:34:57] PRINT Train Epoch: 2 [11520/60000 (19%)]	Loss: 131.024384
[2022-10-20 00:34:58] PRINT Train Epoch: 2 [12800/60000 (21%)]	Loss: 127.771400
[2022-10-20 00:34:58] PRINT Train Epoch: 2 [14080/60000 (23%)]	Loss: 133.004898
[2022-10-20 00:34:58] PRINT Train Epoch: 2 [15360/60000 (26%)]	Loss: 129.511078
[2022-10-20 00:34:59] PRINT Train Epoch: 2 [16640/60000 (28%)]	Loss: 132.039459
[2022-10-20 00:34:59] PRINT Train Epoch: 2 [17920/60000 (30%)]	Loss: 132.193863
[2022-10-20 00:34:59] PRINT Train Epoch: 2 [19200/60000 (32%)]	Loss: 130.988052
[2022-10-20 00:34:59] PRINT Train Epoch: 2 [20480/60000 (34%)]	Loss: 127.835396
[2022-10-20 00:35:00] PRINT Train Epoch: 2 [21760/60000 (36%)]	Loss: 126.823303
[2022-10-20 00:35:00] PRINT Train Epoch: 2 [23040/60000 (38%)]	Loss: 122.399078
[2022-10-20 00:35:00] PRINT Train Epoch: 2 [24320/60000 (41%)]	Loss: 125.867516
[2022-10-20 00:35:01] PRINT Train Epoch: 2 [25600/60000 (43%)]	Loss: 130.723480
[2022-10-20 00:35:01] PRINT Train Epoch: 2 [26880/60000 (45%)]	Loss: 127.259995
[2022-10-20 00:35:01] PRINT Train Epoch: 2 [28160/60000 (47%)]	Loss: 125.960098
[2022-10-20 00:35:02] PRINT Train Epoch: 2 [29440/60000 (49%)]	Loss: 125.812088
[2022-10-20 00:35:02] PRINT Train Epoch: 2 [30720/60000 (51%)]	Loss: 129.252396
[2022-10-20 00:35:02] PRINT Train Epoch: 2 [32000/60000 (53%)]	Loss: 127.208351
[2022-10-20 00:35:03] PRINT Train Epoch: 2 [33280/60000 (55%)]	Loss: 125.894875
[2022-10-20 00:35:03] PRINT Train Epoch: 2 [34560/60000 (58%)]	Loss: 124.784637
[2022-10-20 00:35:03] PRINT Train Epoch: 2 [35840/60000 (60%)]	Loss: 131.296967
[2022-10-20 00:35:03] PRINT Train Epoch: 2 [37120/60000 (62%)]	Loss: 127.990631
[2022-10-20 00:35:04] PRINT Train Epoch: 2 [38400/60000 (64%)]	Loss: 127.804123
[2022-10-20 00:35:04] PRINT Train Epoch: 2 [39680/60000 (66%)]	Loss: 124.202301
[2022-10-20 00:35:04] PRINT Train Epoch: 2 [40960/60000 (68%)]	Loss: 128.578278
[2022-10-20 00:35:05] PRINT Train Epoch: 2 [42240/60000 (70%)]	Loss: 129.273376
[2022-10-20 00:35:05] PRINT Train Epoch: 2 [43520/60000 (72%)]	Loss: 130.312576
[2022-10-20 00:35:05] PRINT Train Epoch: 2 [44800/60000 (75%)]	Loss: 122.781921
[2022-10-20 00:35:06] PRINT Train Epoch: 2 [46080/60000 (77%)]	Loss: 130.678757
[2022-10-20 00:35:06] PRINT Train Epoch: 2 [47360/60000 (79%)]	Loss: 131.139725
[2022-10-20 00:35:06] PRINT Train Epoch: 2 [48640/60000 (81%)]	Loss: 125.054214
[2022-10-20 00:35:06] PRINT Train Epoch: 2 [49920/60000 (83%)]	Loss: 123.521454
[2022-10-20 00:35:07] PRINT Train Epoch: 2 [51200/60000 (85%)]	Loss: 127.771111
[2022-10-20 00:35:07] PRINT Train Epoch: 2 [52480/60000 (87%)]	Loss: 123.990906
[2022-10-20 00:35:07] PRINT Train Epoch: 2 [53760/60000 (90%)]	Loss: 128.753296
[2022-10-20 00:35:08] PRINT Train Epoch: 2 [55040/60000 (92%)]	Loss: 128.426971
[2022-10-20 00:35:08] PRINT Train Epoch: 2 [56320/60000 (94%)]	Loss: 128.535202
[2022-10-20 00:35:08] PRINT Train Epoch: 2 [57600/60000 (96%)]	Loss: 124.774391
[2022-10-20 00:35:09] PRINT Train Epoch: 2 [58880/60000 (98%)]	Loss: 126.644714
[2022-10-20 00:35:09] PRINT ====> Epoch: 2 Average loss: 128.4178
[2022-10-20 00:35:11] PRINT ====> Test set loss: 123.9889
[2022-10-20 00:35:12] PRINT Train Epoch: 3 [0/60000 (0%)]	Loss: 129.120941
[2022-10-20 00:35:12] PRINT Train Epoch: 3 [1280/60000 (2%)]	Loss: 120.356918
[2022-10-20 00:35:12] PRINT Train Epoch: 3 [2560/60000 (4%)]	Loss: 123.612091
[2022-10-20 00:35:12] PRINT Train Epoch: 3 [3840/60000 (6%)]	Loss: 128.116043
[2022-10-20 00:35:13] PRINT Train Epoch: 3 [5120/60000 (9%)]	Loss: 125.132980
[2022-10-20 00:35:13] PRINT Train Epoch: 3 [6400/60000 (11%)]	Loss: 127.470726
[2022-10-20 00:35:13] PRINT Train Epoch: 3 [7680/60000 (13%)]	Loss: 125.966110
[2022-10-20 00:35:14] PRINT Train Epoch: 3 [8960/60000 (15%)]	Loss: 125.296616
[2022-10-20 00:35:14] PRINT Train Epoch: 3 [10240/60000 (17%)]	Loss: 125.994995
[2022-10-20 00:35:14] PRINT Train Epoch: 3 [11520/60000 (19%)]	Loss: 124.676407
[2022-10-20 00:35:15] PRINT Train Epoch: 3 [12800/60000 (21%)]	Loss: 122.459343
[2022-10-20 00:35:15] PRINT Train Epoch: 3 [14080/60000 (23%)]	Loss: 127.435913
[2022-10-20 00:35:15] PRINT Train Epoch: 3 [15360/60000 (26%)]	Loss: 128.591156
[2022-10-20 00:35:16] PRINT Train Epoch: 3 [16640/60000 (28%)]	Loss: 118.708267
[2022-10-20 00:35:16] PRINT Train Epoch: 3 [17920/60000 (30%)]	Loss: 123.625015
[2022-10-20 00:35:16] PRINT Train Epoch: 3 [19200/60000 (32%)]	Loss: 129.602081
[2022-10-20 00:35:17] PRINT Train Epoch: 3 [20480/60000 (34%)]	Loss: 126.424652
[2022-10-20 00:35:17] PRINT Train Epoch: 3 [21760/60000 (36%)]	Loss: 126.476471
[2022-10-20 00:35:17] PRINT Train Epoch: 3 [23040/60000 (38%)]	Loss: 126.749634
[2022-10-20 00:35:17] PRINT Train Epoch: 3 [24320/60000 (41%)]	Loss: 133.049011
[2022-10-20 00:35:18] PRINT Train Epoch: 3 [25600/60000 (43%)]	Loss: 125.457123
[2022-10-20 00:35:18] PRINT Train Epoch: 3 [26880/60000 (45%)]	Loss: 125.898956
[2022-10-20 00:35:18] PRINT Train Epoch: 3 [28160/60000 (47%)]	Loss: 124.168533
[2022-10-20 00:35:19] PRINT Train Epoch: 3 [29440/60000 (49%)]	Loss: 121.906578
[2022-10-20 00:35:19] PRINT Train Epoch: 3 [30720/60000 (51%)]	Loss: 122.769920
[2022-10-20 00:35:19] PRINT Train Epoch: 3 [32000/60000 (53%)]	Loss: 115.464905
[2022-10-20 00:35:20] PRINT Train Epoch: 3 [33280/60000 (55%)]	Loss: 123.113403
[2022-10-20 00:35:20] PRINT Train Epoch: 3 [34560/60000 (58%)]	Loss: 121.234573
[2022-10-20 00:35:20] PRINT Train Epoch: 3 [35840/60000 (60%)]	Loss: 121.834084
[2022-10-20 00:35:21] PRINT Train Epoch: 3 [37120/60000 (62%)]	Loss: 123.816490
[2022-10-20 00:35:21] PRINT Train Epoch: 3 [38400/60000 (64%)]	Loss: 124.839828
[2022-10-20 00:35:21] PRINT Train Epoch: 3 [39680/60000 (66%)]	Loss: 128.321259
[2022-10-20 00:35:22] PRINT Train Epoch: 3 [40960/60000 (68%)]	Loss: 122.699326
[2022-10-20 00:35:22] PRINT Train Epoch: 3 [42240/60000 (70%)]	Loss: 121.961525
[2022-10-20 00:35:22] PRINT Train Epoch: 3 [43520/60000 (72%)]	Loss: 130.361374
[2022-10-20 00:35:22] PRINT Train Epoch: 3 [44800/60000 (75%)]	Loss: 127.782211
[2022-10-20 00:35:23] PRINT Train Epoch: 3 [46080/60000 (77%)]	Loss: 116.521400
[2022-10-20 00:35:23] PRINT Train Epoch: 3 [47360/60000 (79%)]	Loss: 124.117027
[2022-10-20 00:35:23] PRINT Train Epoch: 3 [48640/60000 (81%)]	Loss: 120.104553
[2022-10-20 00:35:24] PRINT Train Epoch: 3 [49920/60000 (83%)]	Loss: 122.151657
[2022-10-20 00:35:24] PRINT Train Epoch: 3 [51200/60000 (85%)]	Loss: 120.635727
[2022-10-20 00:35:24] PRINT Train Epoch: 3 [52480/60000 (87%)]	Loss: 120.236237
[2022-10-20 00:35:25] PRINT Train Epoch: 3 [53760/60000 (90%)]	Loss: 125.091072
[2022-10-20 00:35:25] PRINT Train Epoch: 3 [55040/60000 (92%)]	Loss: 126.889130
[2022-10-20 00:35:25] PRINT Train Epoch: 3 [56320/60000 (94%)]	Loss: 126.144859
[2022-10-20 00:35:26] PRINT Train Epoch: 3 [57600/60000 (96%)]	Loss: 117.629898
[2022-10-20 00:35:26] PRINT Train Epoch: 3 [58880/60000 (98%)]	Loss: 125.651085
[2022-10-20 00:35:26] PRINT ====> Epoch: 3 Average loss: 124.5191
[2022-10-20 00:35:29] PRINT ====> Test set loss: 121.7461
[2022-10-20 00:35:29] PRINT Train Epoch: 4 [0/60000 (0%)]	Loss: 120.245720
[2022-10-20 00:35:29] PRINT Train Epoch: 4 [1280/60000 (2%)]	Loss: 119.303497
[2022-10-20 00:35:30] PRINT Train Epoch: 4 [2560/60000 (4%)]	Loss: 124.465134
[2022-10-20 00:35:30] PRINT Train Epoch: 4 [3840/60000 (6%)]	Loss: 123.677361
[2022-10-20 00:35:30] PRINT Train Epoch: 4 [5120/60000 (9%)]	Loss: 119.640945
[2022-10-20 00:35:30] PRINT Train Epoch: 4 [6400/60000 (11%)]	Loss: 117.220367
[2022-10-20 00:35:31] PRINT Train Epoch: 4 [7680/60000 (13%)]	Loss: 129.695251
[2022-10-20 00:35:31] PRINT Train Epoch: 4 [8960/60000 (15%)]	Loss: 120.641411
[2022-10-20 00:35:31] PRINT Train Epoch: 4 [10240/60000 (17%)]	Loss: 129.432755
[2022-10-20 00:35:32] PRINT Train Epoch: 4 [11520/60000 (19%)]	Loss: 120.142685
[2022-10-20 00:35:32] PRINT Train Epoch: 4 [12800/60000 (21%)]	Loss: 121.250969
[2022-10-20 00:35:32] PRINT Train Epoch: 4 [14080/60000 (23%)]	Loss: 123.618607
[2022-10-20 00:35:33] PRINT Train Epoch: 4 [15360/60000 (26%)]	Loss: 126.575424
[2022-10-20 00:35:33] PRINT Train Epoch: 4 [16640/60000 (28%)]	Loss: 119.604034
[2022-10-20 00:35:33] PRINT Train Epoch: 4 [17920/60000 (30%)]	Loss: 122.687363
[2022-10-20 00:35:34] PRINT Train Epoch: 4 [19200/60000 (32%)]	Loss: 127.169159
[2022-10-20 00:35:34] PRINT Train Epoch: 4 [20480/60000 (34%)]	Loss: 126.670753
[2022-10-20 00:35:34] PRINT Train Epoch: 4 [21760/60000 (36%)]	Loss: 121.184746
[2022-10-20 00:35:34] PRINT Train Epoch: 4 [23040/60000 (38%)]	Loss: 126.362320
[2022-10-20 00:35:35] PRINT Train Epoch: 4 [24320/60000 (41%)]	Loss: 120.806793
[2022-10-20 00:35:35] PRINT Train Epoch: 4 [25600/60000 (43%)]	Loss: 123.969109
[2022-10-20 00:35:35] PRINT Train Epoch: 4 [26880/60000 (45%)]	Loss: 123.908821
[2022-10-20 00:35:36] PRINT Train Epoch: 4 [28160/60000 (47%)]	Loss: 124.230423
[2022-10-20 00:35:36] PRINT Train Epoch: 4 [29440/60000 (49%)]	Loss: 125.019096
[2022-10-20 00:35:36] PRINT Train Epoch: 4 [30720/60000 (51%)]	Loss: 122.715012
[2022-10-20 00:35:37] PRINT Train Epoch: 4 [32000/60000 (53%)]	Loss: 125.449585
[2022-10-20 00:35:37] PRINT Train Epoch: 4 [33280/60000 (55%)]	Loss: 121.286057
[2022-10-20 00:35:37] PRINT Train Epoch: 4 [34560/60000 (58%)]	Loss: 124.663628
[2022-10-20 00:35:38] PRINT Train Epoch: 4 [35840/60000 (60%)]	Loss: 125.195267
[2022-10-20 00:35:38] PRINT Train Epoch: 4 [37120/60000 (62%)]	Loss: 116.579529
[2022-10-20 00:35:38] PRINT Train Epoch: 4 [38400/60000 (64%)]	Loss: 126.076454
[2022-10-20 00:35:38] PRINT Train Epoch: 4 [39680/60000 (66%)]	Loss: 125.975296
[2022-10-20 00:35:39] PRINT Train Epoch: 4 [40960/60000 (68%)]	Loss: 117.900124
[2022-10-20 00:35:39] PRINT Train Epoch: 4 [42240/60000 (70%)]	Loss: 122.690941
[2022-10-20 00:35:39] PRINT Train Epoch: 4 [43520/60000 (72%)]	Loss: 116.241058
[2022-10-20 00:35:40] PRINT Train Epoch: 4 [44800/60000 (75%)]	Loss: 123.460327
[2022-10-20 00:35:40] PRINT Train Epoch: 4 [46080/60000 (77%)]	Loss: 122.837296
[2022-10-20 00:35:40] PRINT Train Epoch: 4 [47360/60000 (79%)]	Loss: 123.527512
[2022-10-20 00:35:41] PRINT Train Epoch: 4 [48640/60000 (81%)]	Loss: 125.984680
[2022-10-20 00:35:41] PRINT Train Epoch: 4 [49920/60000 (83%)]	Loss: 128.823105
[2022-10-20 00:35:41] PRINT Train Epoch: 4 [51200/60000 (85%)]	Loss: 131.678986
[2022-10-20 00:35:42] PRINT Train Epoch: 4 [52480/60000 (87%)]	Loss: 123.102783
[2022-10-20 00:35:42] PRINT Train Epoch: 4 [53760/60000 (90%)]	Loss: 121.754776
[2022-10-20 00:35:42] PRINT Train Epoch: 4 [55040/60000 (92%)]	Loss: 122.732445
[2022-10-20 00:35:42] PRINT Train Epoch: 4 [56320/60000 (94%)]	Loss: 122.374985
[2022-10-20 00:35:43] PRINT Train Epoch: 4 [57600/60000 (96%)]	Loss: 119.546135
[2022-10-20 00:35:43] PRINT Train Epoch: 4 [58880/60000 (98%)]	Loss: 121.371216
[2022-10-20 00:35:43] PRINT ====> Epoch: 4 Average loss: 122.8065
[2022-10-20 00:35:46] PRINT ====> Test set loss: 121.4245
[2022-10-20 00:35:46] PRINT Train Epoch: 5 [0/60000 (0%)]	Loss: 118.773849
[2022-10-20 00:35:46] PRINT Train Epoch: 5 [1280/60000 (2%)]	Loss: 121.959229
[2022-10-20 00:35:47] PRINT Train Epoch: 5 [2560/60000 (4%)]	Loss: 122.153114
[2022-10-20 00:35:47] PRINT Train Epoch: 5 [3840/60000 (6%)]	Loss: 124.472603
[2022-10-20 00:35:47] PRINT Train Epoch: 5 [5120/60000 (9%)]	Loss: 125.640152
[2022-10-20 00:35:48] PRINT Train Epoch: 5 [6400/60000 (11%)]	Loss: 120.230675
[2022-10-20 00:35:48] PRINT Train Epoch: 5 [7680/60000 (13%)]	Loss: 122.182381
[2022-10-20 00:35:48] PRINT Train Epoch: 5 [8960/60000 (15%)]	Loss: 121.278122
[2022-10-20 00:35:48] PRINT Train Epoch: 5 [10240/60000 (17%)]	Loss: 123.671112
[2022-10-20 00:35:49] PRINT Train Epoch: 5 [11520/60000 (19%)]	Loss: 125.525375
[2022-10-20 00:35:49] PRINT Train Epoch: 5 [12800/60000 (21%)]	Loss: 124.320267
[2022-10-20 00:35:49] PRINT Train Epoch: 5 [14080/60000 (23%)]	Loss: 120.596924
[2022-10-20 00:35:50] PRINT Train Epoch: 5 [15360/60000 (26%)]	Loss: 127.603432
[2022-10-20 00:35:50] PRINT Train Epoch: 5 [16640/60000 (28%)]	Loss: 125.811935
[2022-10-20 00:35:50] PRINT Train Epoch: 5 [17920/60000 (30%)]	Loss: 118.644371
[2022-10-20 00:35:51] PRINT Train Epoch: 5 [19200/60000 (32%)]	Loss: 119.158340
[2022-10-20 00:35:51] PRINT Train Epoch: 5 [20480/60000 (34%)]	Loss: 122.230797
[2022-10-20 00:35:51] PRINT Train Epoch: 5 [21760/60000 (36%)]	Loss: 117.737579
[2022-10-20 00:35:52] PRINT Train Epoch: 5 [23040/60000 (38%)]	Loss: 118.637589
[2022-10-20 00:35:52] PRINT Train Epoch: 5 [24320/60000 (41%)]	Loss: 122.408882
[2022-10-20 00:35:52] PRINT Train Epoch: 5 [25600/60000 (43%)]	Loss: 120.470909
[2022-10-20 00:35:52] PRINT Train Epoch: 5 [26880/60000 (45%)]	Loss: 123.947296
[2022-10-20 00:35:53] PRINT Train Epoch: 5 [28160/60000 (47%)]	Loss: 122.289795
[2022-10-20 00:35:53] PRINT Train Epoch: 5 [29440/60000 (49%)]	Loss: 119.251350
[2022-10-20 00:35:53] PRINT Train Epoch: 5 [30720/60000 (51%)]	Loss: 124.824081
[2022-10-20 00:35:54] PRINT Train Epoch: 5 [32000/60000 (53%)]	Loss: 126.599968
[2022-10-20 00:35:54] PRINT Train Epoch: 5 [33280/60000 (55%)]	Loss: 123.313759
[2022-10-20 00:35:54] PRINT Train Epoch: 5 [34560/60000 (58%)]	Loss: 121.341690
[2022-10-20 00:35:55] PRINT Train Epoch: 5 [35840/60000 (60%)]	Loss: 118.449707
[2022-10-20 00:35:55] PRINT Train Epoch: 5 [37120/60000 (62%)]	Loss: 123.194351
[2022-10-20 00:35:55] PRINT Train Epoch: 5 [38400/60000 (64%)]	Loss: 121.217705
[2022-10-20 00:35:56] PRINT Train Epoch: 5 [39680/60000 (66%)]	Loss: 120.475090
[2022-10-20 00:35:56] PRINT Train Epoch: 5 [40960/60000 (68%)]	Loss: 121.285751
[2022-10-20 00:35:56] PRINT Train Epoch: 5 [42240/60000 (70%)]	Loss: 119.560684
[2022-10-20 00:35:56] PRINT Train Epoch: 5 [43520/60000 (72%)]	Loss: 123.925873
[2022-10-20 00:35:57] PRINT Train Epoch: 5 [44800/60000 (75%)]	Loss: 122.677429
[2022-10-20 00:35:57] PRINT Train Epoch: 5 [46080/60000 (77%)]	Loss: 123.278862
[2022-10-20 00:35:57] PRINT Train Epoch: 5 [47360/60000 (79%)]	Loss: 126.598511
[2022-10-20 00:35:58] PRINT Train Epoch: 5 [48640/60000 (81%)]	Loss: 124.300964
[2022-10-20 00:35:58] PRINT Train Epoch: 5 [49920/60000 (83%)]	Loss: 121.638809
[2022-10-20 00:35:58] PRINT Train Epoch: 5 [51200/60000 (85%)]	Loss: 126.561005
[2022-10-20 00:35:59] PRINT Train Epoch: 5 [52480/60000 (87%)]	Loss: 121.641068
[2022-10-20 00:35:59] PRINT Train Epoch: 5 [53760/60000 (90%)]	Loss: 125.358818
[2022-10-20 00:35:59] PRINT Train Epoch: 5 [55040/60000 (92%)]	Loss: 126.973259
[2022-10-20 00:36:00] PRINT Train Epoch: 5 [56320/60000 (94%)]	Loss: 125.941803
[2022-10-20 00:36:00] PRINT Train Epoch: 5 [57600/60000 (96%)]	Loss: 115.859482
[2022-10-20 00:36:00] PRINT Train Epoch: 5 [58880/60000 (98%)]	Loss: 121.195694
[2022-10-20 00:36:00] PRINT ====> Epoch: 5 Average loss: 121.9820
[2022-10-20 00:36:03] PRINT ====> Test set loss: 120.0805
[2022-10-20 00:36:03] PRINT Train Epoch: 6 [0/60000 (0%)]	Loss: 114.674332
[2022-10-20 00:36:03] PRINT Train Epoch: 6 [1280/60000 (2%)]	Loss: 123.456436
[2022-10-20 00:36:04] PRINT Train Epoch: 6 [2560/60000 (4%)]	Loss: 120.378708
[2022-10-20 00:36:04] PRINT Train Epoch: 6 [3840/60000 (6%)]	Loss: 120.025284
[2022-10-20 00:36:04] PRINT Train Epoch: 6 [5120/60000 (9%)]	Loss: 122.495270
[2022-10-20 00:36:05] PRINT Train Epoch: 6 [6400/60000 (11%)]	Loss: 119.158569
[2022-10-20 00:36:05] PRINT Train Epoch: 6 [7680/60000 (13%)]	Loss: 124.416550
[2022-10-20 00:36:05] PRINT Train Epoch: 6 [8960/60000 (15%)]	Loss: 123.322098
[2022-10-20 00:36:06] PRINT Train Epoch: 6 [10240/60000 (17%)]	Loss: 119.465988
[2022-10-20 00:36:06] PRINT Train Epoch: 6 [11520/60000 (19%)]	Loss: 120.721329
[2022-10-20 00:36:06] PRINT Train Epoch: 6 [12800/60000 (21%)]	Loss: 124.957748
[2022-10-20 00:36:07] PRINT Train Epoch: 6 [14080/60000 (23%)]	Loss: 121.157707
[2022-10-20 00:36:07] PRINT Train Epoch: 6 [15360/60000 (26%)]	Loss: 119.568298
[2022-10-20 00:36:07] PRINT Train Epoch: 6 [16640/60000 (28%)]	Loss: 117.249268
[2022-10-20 00:36:07] PRINT Train Epoch: 6 [17920/60000 (30%)]	Loss: 127.605408
[2022-10-20 00:36:08] PRINT Train Epoch: 6 [19200/60000 (32%)]	Loss: 124.677109
[2022-10-20 00:36:08] PRINT Train Epoch: 6 [20480/60000 (34%)]	Loss: 119.138474
[2022-10-20 00:36:08] PRINT Train Epoch: 6 [21760/60000 (36%)]	Loss: 122.691826
[2022-10-20 00:36:09] PRINT Train Epoch: 6 [23040/60000 (38%)]	Loss: 120.619225
[2022-10-20 00:36:09] PRINT Train Epoch: 6 [24320/60000 (41%)]	Loss: 120.971222
[2022-10-20 00:36:09] PRINT Train Epoch: 6 [25600/60000 (43%)]	Loss: 128.469894
[2022-10-20 00:36:10] PRINT Train Epoch: 6 [26880/60000 (45%)]	Loss: 122.226166
[2022-10-20 00:36:10] PRINT Train Epoch: 6 [28160/60000 (47%)]	Loss: 123.731041
[2022-10-20 00:36:10] PRINT Train Epoch: 6 [29440/60000 (49%)]	Loss: 119.189850
[2022-10-20 00:36:11] PRINT Train Epoch: 6 [30720/60000 (51%)]	Loss: 122.280586
[2022-10-20 00:36:11] PRINT Train Epoch: 6 [32000/60000 (53%)]	Loss: 121.990326
[2022-10-20 00:36:11] PRINT Train Epoch: 6 [33280/60000 (55%)]	Loss: 119.618156
[2022-10-20 00:36:12] PRINT Train Epoch: 6 [34560/60000 (58%)]	Loss: 113.575394
[2022-10-20 00:36:12] PRINT Train Epoch: 6 [35840/60000 (60%)]	Loss: 119.644859
[2022-10-20 00:36:12] PRINT Train Epoch: 6 [37120/60000 (62%)]	Loss: 119.852020
[2022-10-20 00:36:12] PRINT Train Epoch: 6 [38400/60000 (64%)]	Loss: 118.646400
[2022-10-20 00:36:13] PRINT Train Epoch: 6 [39680/60000 (66%)]	Loss: 121.794533
[2022-10-20 00:36:13] PRINT Train Epoch: 6 [40960/60000 (68%)]	Loss: 118.412796
[2022-10-20 00:36:13] PRINT Train Epoch: 6 [42240/60000 (70%)]	Loss: 121.874542
[2022-10-20 00:36:14] PRINT Train Epoch: 6 [43520/60000 (72%)]	Loss: 128.459930
[2022-10-20 00:36:14] PRINT Train Epoch: 6 [44800/60000 (75%)]	Loss: 125.091469
[2022-10-20 00:36:14] PRINT Train Epoch: 6 [46080/60000 (77%)]	Loss: 125.826210
[2022-10-20 00:36:15] PRINT Train Epoch: 6 [47360/60000 (79%)]	Loss: 122.290100
[2022-10-20 00:36:15] PRINT Train Epoch: 6 [48640/60000 (81%)]	Loss: 120.724884
[2022-10-20 00:36:15] PRINT Train Epoch: 6 [49920/60000 (83%)]	Loss: 120.826401
[2022-10-20 00:36:16] PRINT Train Epoch: 6 [51200/60000 (85%)]	Loss: 118.607796
[2022-10-20 00:36:16] PRINT Train Epoch: 6 [52480/60000 (87%)]	Loss: 116.261246
[2022-10-20 00:36:16] PRINT Train Epoch: 6 [53760/60000 (90%)]	Loss: 119.970428
[2022-10-20 00:36:17] PRINT Train Epoch: 6 [55040/60000 (92%)]	Loss: 117.726089
[2022-10-20 00:36:17] PRINT Train Epoch: 6 [56320/60000 (94%)]	Loss: 120.434273
[2022-10-20 00:36:17] PRINT Train Epoch: 6 [57600/60000 (96%)]	Loss: 116.193382
[2022-10-20 00:36:17] PRINT Train Epoch: 6 [58880/60000 (98%)]	Loss: 119.958694
[2022-10-20 00:36:18] PRINT ====> Epoch: 6 Average loss: 121.2871
[2022-10-20 00:36:20] PRINT ====> Test set loss: 120.8822
[2022-10-20 00:36:20] PRINT Train Epoch: 7 [0/60000 (0%)]	Loss: 121.005920
[2022-10-20 00:36:21] PRINT Train Epoch: 7 [1280/60000 (2%)]	Loss: 120.884193
[2022-10-20 00:36:21] PRINT Train Epoch: 7 [2560/60000 (4%)]	Loss: 122.400078
[2022-10-20 00:36:21] PRINT Train Epoch: 7 [3840/60000 (6%)]	Loss: 124.346497
[2022-10-20 00:36:22] PRINT Train Epoch: 7 [5120/60000 (9%)]	Loss: 121.568375
[2022-10-20 00:36:22] PRINT Train Epoch: 7 [6400/60000 (11%)]	Loss: 117.417000
[2022-10-20 00:36:22] PRINT Train Epoch: 7 [7680/60000 (13%)]	Loss: 118.016464
[2022-10-20 00:36:23] PRINT Train Epoch: 7 [8960/60000 (15%)]	Loss: 118.954353
[2022-10-20 00:36:23] PRINT Train Epoch: 7 [10240/60000 (17%)]	Loss: 115.646690
[2022-10-20 00:36:23] PRINT Train Epoch: 7 [11520/60000 (19%)]	Loss: 124.060074
[2022-10-20 00:36:24] PRINT Train Epoch: 7 [12800/60000 (21%)]	Loss: 121.073410
[2022-10-20 00:36:24] PRINT Train Epoch: 7 [14080/60000 (23%)]	Loss: 119.467903
[2022-10-20 00:36:24] PRINT Train Epoch: 7 [15360/60000 (26%)]	Loss: 120.428055
[2022-10-20 00:36:24] PRINT Train Epoch: 7 [16640/60000 (28%)]	Loss: 122.286247
[2022-10-20 00:36:25] PRINT Train Epoch: 7 [17920/60000 (30%)]	Loss: 121.291290
[2022-10-20 00:36:25] PRINT Train Epoch: 7 [19200/60000 (32%)]	Loss: 121.566414
[2022-10-20 00:36:25] PRINT Train Epoch: 7 [20480/60000 (34%)]	Loss: 118.203773
[2022-10-20 00:36:26] PRINT Train Epoch: 7 [21760/60000 (36%)]	Loss: 120.944160
[2022-10-20 00:36:26] PRINT Train Epoch: 7 [23040/60000 (38%)]	Loss: 120.102280
[2022-10-20 00:36:26] PRINT Train Epoch: 7 [24320/60000 (41%)]	Loss: 125.872971
[2022-10-20 00:36:27] PRINT Train Epoch: 7 [25600/60000 (43%)]	Loss: 126.878281
[2022-10-20 00:36:27] PRINT Train Epoch: 7 [26880/60000 (45%)]	Loss: 120.911499
[2022-10-20 00:36:27] PRINT Train Epoch: 7 [28160/60000 (47%)]	Loss: 122.286606
[2022-10-20 00:36:28] PRINT Train Epoch: 7 [29440/60000 (49%)]	Loss: 122.927605
[2022-10-20 00:36:28] PRINT Train Epoch: 7 [30720/60000 (51%)]	Loss: 119.866211
[2022-10-20 00:36:28] PRINT Train Epoch: 7 [32000/60000 (53%)]	Loss: 121.008736
[2022-10-20 00:36:28] PRINT Train Epoch: 7 [33280/60000 (55%)]	Loss: 121.326660
[2022-10-20 00:36:29] PRINT Train Epoch: 7 [34560/60000 (58%)]	Loss: 116.994110
[2022-10-20 00:36:29] PRINT Train Epoch: 7 [35840/60000 (60%)]	Loss: 122.678932
[2022-10-20 00:36:29] PRINT Train Epoch: 7 [37120/60000 (62%)]	Loss: 118.335487
[2022-10-20 00:36:30] PRINT Train Epoch: 7 [38400/60000 (64%)]	Loss: 125.780815
[2022-10-20 00:36:30] PRINT Train Epoch: 7 [39680/60000 (66%)]	Loss: 121.184074
[2022-10-20 00:36:30] PRINT Train Epoch: 7 [40960/60000 (68%)]	Loss: 114.571274
[2022-10-20 00:36:31] PRINT Train Epoch: 7 [42240/60000 (70%)]	Loss: 119.659904
[2022-10-20 00:36:31] PRINT Train Epoch: 7 [43520/60000 (72%)]	Loss: 122.773018
[2022-10-20 00:36:31] PRINT Train Epoch: 7 [44800/60000 (75%)]	Loss: 121.766953
[2022-10-20 00:36:32] PRINT Train Epoch: 7 [46080/60000 (77%)]	Loss: 119.048347
[2022-10-20 00:36:32] PRINT Train Epoch: 7 [47360/60000 (79%)]	Loss: 125.342697
[2022-10-20 00:36:32] PRINT Train Epoch: 7 [48640/60000 (81%)]	Loss: 117.043526
[2022-10-20 00:36:32] PRINT Train Epoch: 7 [49920/60000 (83%)]	Loss: 119.607941
[2022-10-20 00:36:33] PRINT Train Epoch: 7 [51200/60000 (85%)]	Loss: 120.302116
[2022-10-20 00:36:33] PRINT Train Epoch: 7 [52480/60000 (87%)]	Loss: 118.858185
[2022-10-20 00:36:33] PRINT Train Epoch: 7 [53760/60000 (90%)]	Loss: 120.278076
[2022-10-20 00:36:34] PRINT Train Epoch: 7 [55040/60000 (92%)]	Loss: 127.853760
[2022-10-20 00:36:34] PRINT Train Epoch: 7 [56320/60000 (94%)]	Loss: 124.079559
[2022-10-20 00:36:34] PRINT Train Epoch: 7 [57600/60000 (96%)]	Loss: 119.913925
[2022-10-20 00:36:35] PRINT Train Epoch: 7 [58880/60000 (98%)]	Loss: 121.057869
[2022-10-20 00:36:35] PRINT ====> Epoch: 7 Average loss: 121.0843
[2022-10-20 00:36:37] PRINT ====> Test set loss: 120.3076
[2022-10-20 00:36:38] PRINT Train Epoch: 8 [0/60000 (0%)]	Loss: 121.185425
[2022-10-20 00:36:38] PRINT Train Epoch: 8 [1280/60000 (2%)]	Loss: 118.357056
[2022-10-20 00:36:38] PRINT Train Epoch: 8 [2560/60000 (4%)]	Loss: 120.934296
[2022-10-20 00:36:39] PRINT Train Epoch: 8 [3840/60000 (6%)]	Loss: 118.237144
[2022-10-20 00:36:39] PRINT Train Epoch: 8 [5120/60000 (9%)]	Loss: 117.195656
[2022-10-20 00:36:39] PRINT Train Epoch: 8 [6400/60000 (11%)]	Loss: 118.179520
[2022-10-20 00:36:39] PRINT Train Epoch: 8 [7680/60000 (13%)]	Loss: 117.761818
[2022-10-20 00:36:40] PRINT Train Epoch: 8 [8960/60000 (15%)]	Loss: 124.576813
[2022-10-20 00:36:40] PRINT Train Epoch: 8 [10240/60000 (17%)]	Loss: 124.220772
[2022-10-20 00:36:40] PRINT Train Epoch: 8 [11520/60000 (19%)]	Loss: 121.935722
[2022-10-20 00:36:41] PRINT Train Epoch: 8 [12800/60000 (21%)]	Loss: 113.678253
[2022-10-20 00:36:41] PRINT Train Epoch: 8 [14080/60000 (23%)]	Loss: 120.701248
[2022-10-20 00:36:41] PRINT Train Epoch: 8 [15360/60000 (26%)]	Loss: 126.511070
[2022-10-20 00:36:42] PRINT Train Epoch: 8 [16640/60000 (28%)]	Loss: 116.798592
[2022-10-20 00:36:42] PRINT Train Epoch: 8 [17920/60000 (30%)]	Loss: 123.008408
[2022-10-20 00:36:42] PRINT Train Epoch: 8 [19200/60000 (32%)]	Loss: 116.697464
[2022-10-20 00:36:43] PRINT Train Epoch: 8 [20480/60000 (34%)]	Loss: 116.418106
[2022-10-20 00:36:43] PRINT Train Epoch: 8 [21760/60000 (36%)]	Loss: 119.900047
[2022-10-20 00:36:43] PRINT Train Epoch: 8 [23040/60000 (38%)]	Loss: 120.220261
[2022-10-20 00:36:44] PRINT Train Epoch: 8 [24320/60000 (41%)]	Loss: 119.573669
[2022-10-20 00:36:44] PRINT Train Epoch: 8 [25600/60000 (43%)]	Loss: 119.374359
[2022-10-20 00:36:44] PRINT Train Epoch: 8 [26880/60000 (45%)]	Loss: 122.482849
[2022-10-20 00:36:44] PRINT Train Epoch: 8 [28160/60000 (47%)]	Loss: 118.836502
[2022-10-20 00:36:45] PRINT Train Epoch: 8 [29440/60000 (49%)]	Loss: 116.476669
[2022-10-20 00:36:45] PRINT Train Epoch: 8 [30720/60000 (51%)]	Loss: 121.283653
[2022-10-20 00:36:45] PRINT Train Epoch: 8 [32000/60000 (53%)]	Loss: 125.726974
[2022-10-20 00:36:46] PRINT Train Epoch: 8 [33280/60000 (55%)]	Loss: 122.798363
[2022-10-20 00:36:46] PRINT Train Epoch: 8 [34560/60000 (58%)]	Loss: 118.381241
[2022-10-20 00:36:46] PRINT Train Epoch: 8 [35840/60000 (60%)]	Loss: 120.151726
[2022-10-20 00:36:47] PRINT Train Epoch: 8 [37120/60000 (62%)]	Loss: 118.741478
[2022-10-20 00:36:47] PRINT Train Epoch: 8 [38400/60000 (64%)]	Loss: 114.627014
[2022-10-20 00:36:47] PRINT Train Epoch: 8 [39680/60000 (66%)]	Loss: 117.860054
[2022-10-20 00:36:47] PRINT Train Epoch: 8 [40960/60000 (68%)]	Loss: 121.252632
[2022-10-20 00:36:48] PRINT Train Epoch: 8 [42240/60000 (70%)]	Loss: 125.776451
[2022-10-20 00:36:48] PRINT Train Epoch: 8 [43520/60000 (72%)]	Loss: 115.721313
[2022-10-20 00:36:48] PRINT Train Epoch: 8 [44800/60000 (75%)]	Loss: 118.868401
[2022-10-20 00:36:49] PRINT Train Epoch: 8 [46080/60000 (77%)]	Loss: 121.812408
[2022-10-20 00:36:49] PRINT Train Epoch: 8 [47360/60000 (79%)]	Loss: 121.280655
[2022-10-20 00:36:49] PRINT Train Epoch: 8 [48640/60000 (81%)]	Loss: 118.974030
[2022-10-20 00:36:50] PRINT Train Epoch: 8 [49920/60000 (83%)]	Loss: 117.221603
[2022-10-20 00:36:50] PRINT Train Epoch: 8 [51200/60000 (85%)]	Loss: 123.271896
[2022-10-20 00:36:50] PRINT Train Epoch: 8 [52480/60000 (87%)]	Loss: 123.207466
[2022-10-20 00:36:51] PRINT Train Epoch: 8 [53760/60000 (90%)]	Loss: 119.091675
[2022-10-20 00:36:51] PRINT Train Epoch: 8 [55040/60000 (92%)]	Loss: 127.046326
[2022-10-20 00:36:51] PRINT Train Epoch: 8 [56320/60000 (94%)]	Loss: 120.160904
[2022-10-20 00:36:51] PRINT Train Epoch: 8 [57600/60000 (96%)]	Loss: 124.593964
[2022-10-20 00:36:52] PRINT Train Epoch: 8 [58880/60000 (98%)]	Loss: 118.856819
[2022-10-20 00:36:52] PRINT ====> Epoch: 8 Average loss: 120.6101
[2022-10-20 00:36:55] PRINT ====> Test set loss: 122.0992
[2022-10-20 00:36:55] PRINT Train Epoch: 9 [0/60000 (0%)]	Loss: 125.348488
[2022-10-20 00:36:55] PRINT Train Epoch: 9 [1280/60000 (2%)]	Loss: 121.705345
[2022-10-20 00:36:55] PRINT Train Epoch: 9 [2560/60000 (4%)]	Loss: 122.432938
[2022-10-20 00:36:56] PRINT Train Epoch: 9 [3840/60000 (6%)]	Loss: 119.418510
[2022-10-20 00:36:56] PRINT Train Epoch: 9 [5120/60000 (9%)]	Loss: 121.953262
[2022-10-20 00:36:56] PRINT Train Epoch: 9 [6400/60000 (11%)]	Loss: 119.159546
[2022-10-20 00:36:57] PRINT Train Epoch: 9 [7680/60000 (13%)]	Loss: 120.047089
[2022-10-20 00:36:57] PRINT Train Epoch: 9 [8960/60000 (15%)]	Loss: 117.027016
[2022-10-20 00:36:57] PRINT Train Epoch: 9 [10240/60000 (17%)]	Loss: 119.253609
[2022-10-20 00:36:58] PRINT Train Epoch: 9 [11520/60000 (19%)]	Loss: 121.715187
[2022-10-20 00:36:58] PRINT Train Epoch: 9 [12800/60000 (21%)]	Loss: 120.371078
[2022-10-20 00:36:58] PRINT Train Epoch: 9 [14080/60000 (23%)]	Loss: 116.368118
[2022-10-20 00:36:59] PRINT Train Epoch: 9 [15360/60000 (26%)]	Loss: 121.906647
[2022-10-20 00:36:59] PRINT Train Epoch: 9 [16640/60000 (28%)]	Loss: 118.595314
[2022-10-20 00:36:59] PRINT Train Epoch: 9 [17920/60000 (30%)]	Loss: 118.223541
[2022-10-20 00:36:59] PRINT Train Epoch: 9 [19200/60000 (32%)]	Loss: 123.387482
[2022-10-20 00:37:00] PRINT Train Epoch: 9 [20480/60000 (34%)]	Loss: 127.019287
[2022-10-20 00:37:00] PRINT Train Epoch: 9 [21760/60000 (36%)]	Loss: 121.604858
[2022-10-20 00:37:00] PRINT Train Epoch: 9 [23040/60000 (38%)]	Loss: 119.212585
[2022-10-20 00:37:01] PRINT Train Epoch: 9 [24320/60000 (41%)]	Loss: 122.604607
[2022-10-20 00:37:01] PRINT Train Epoch: 9 [25600/60000 (43%)]	Loss: 127.016327
[2022-10-20 00:37:01] PRINT Train Epoch: 9 [26880/60000 (45%)]	Loss: 115.816330
[2022-10-20 00:37:02] PRINT Train Epoch: 9 [28160/60000 (47%)]	Loss: 124.041107
[2022-10-20 00:37:02] PRINT Train Epoch: 9 [29440/60000 (49%)]	Loss: 124.337631
[2022-10-20 00:37:02] PRINT Train Epoch: 9 [30720/60000 (51%)]	Loss: 123.099739
[2022-10-20 00:37:03] PRINT Train Epoch: 9 [32000/60000 (53%)]	Loss: 116.460312
[2022-10-20 00:37:03] PRINT Train Epoch: 9 [33280/60000 (55%)]	Loss: 113.902611
[2022-10-20 00:37:03] PRINT Train Epoch: 9 [34560/60000 (58%)]	Loss: 117.669518
[2022-10-20 00:37:03] PRINT Train Epoch: 9 [35840/60000 (60%)]	Loss: 120.576103
[2022-10-20 00:37:04] PRINT Train Epoch: 9 [37120/60000 (62%)]	Loss: 122.356491
[2022-10-20 00:37:04] PRINT Train Epoch: 9 [38400/60000 (64%)]	Loss: 116.265503
[2022-10-20 00:37:04] PRINT Train Epoch: 9 [39680/60000 (66%)]	Loss: 122.976944
[2022-10-20 00:37:05] PRINT Train Epoch: 9 [40960/60000 (68%)]	Loss: 118.762291
[2022-10-20 00:37:05] PRINT Train Epoch: 9 [42240/60000 (70%)]	Loss: 120.686554
[2022-10-20 00:37:05] PRINT Train Epoch: 9 [43520/60000 (72%)]	Loss: 120.557159
[2022-10-20 00:37:06] PRINT Train Epoch: 9 [44800/60000 (75%)]	Loss: 122.064026
[2022-10-20 00:37:06] PRINT Train Epoch: 9 [46080/60000 (77%)]	Loss: 119.634285
[2022-10-20 00:37:06] PRINT Train Epoch: 9 [47360/60000 (79%)]	Loss: 123.463661
[2022-10-20 00:37:07] PRINT Train Epoch: 9 [48640/60000 (81%)]	Loss: 126.522064
[2022-10-20 00:37:07] PRINT Train Epoch: 9 [49920/60000 (83%)]	Loss: 125.062683
[2022-10-20 00:37:07] PRINT Train Epoch: 9 [51200/60000 (85%)]	Loss: 119.545975
[2022-10-20 00:37:07] PRINT Train Epoch: 9 [52480/60000 (87%)]	Loss: 121.658653
[2022-10-20 00:37:08] PRINT Train Epoch: 9 [53760/60000 (90%)]	Loss: 124.733536
[2022-10-20 00:37:08] PRINT Train Epoch: 9 [55040/60000 (92%)]	Loss: 123.263069
[2022-10-20 00:37:08] PRINT Train Epoch: 9 [56320/60000 (94%)]	Loss: 118.179642
[2022-10-20 00:37:09] PRINT Train Epoch: 9 [57600/60000 (96%)]	Loss: 119.661896
[2022-10-20 00:37:09] PRINT Train Epoch: 9 [58880/60000 (98%)]	Loss: 119.310226
[2022-10-20 00:37:09] PRINT ====> Epoch: 9 Average loss: 120.4837
[2022-10-20 00:37:12] PRINT ====> Test set loss: 119.6854
[2022-10-20 00:37:12] PRINT Train Epoch: 10 [0/60000 (0%)]	Loss: 120.992004
[2022-10-20 00:37:12] PRINT Train Epoch: 10 [1280/60000 (2%)]	Loss: 120.794281
[2022-10-20 00:37:13] PRINT Train Epoch: 10 [2560/60000 (4%)]	Loss: 120.120972
[2022-10-20 00:37:13] PRINT Train Epoch: 10 [3840/60000 (6%)]	Loss: 122.626328
[2022-10-20 00:37:13] PRINT Train Epoch: 10 [5120/60000 (9%)]	Loss: 115.665024
[2022-10-20 00:37:14] PRINT Train Epoch: 10 [6400/60000 (11%)]	Loss: 122.452133
[2022-10-20 00:37:14] PRINT Train Epoch: 10 [7680/60000 (13%)]	Loss: 119.076508
[2022-10-20 00:37:14] PRINT Train Epoch: 10 [8960/60000 (15%)]	Loss: 115.585312
[2022-10-20 00:37:15] PRINT Train Epoch: 10 [10240/60000 (17%)]	Loss: 117.198296
[2022-10-20 00:37:15] PRINT Train Epoch: 10 [11520/60000 (19%)]	Loss: 116.774292
[2022-10-20 00:37:15] PRINT Train Epoch: 10 [12800/60000 (21%)]	Loss: 119.532585
[2022-10-20 00:37:16] PRINT Train Epoch: 10 [14080/60000 (23%)]	Loss: 120.864899
[2022-10-20 00:37:16] PRINT Train Epoch: 10 [15360/60000 (26%)]	Loss: 123.028900
[2022-10-20 00:37:16] PRINT Train Epoch: 10 [16640/60000 (28%)]	Loss: 119.753479
[2022-10-20 00:37:16] PRINT Train Epoch: 10 [17920/60000 (30%)]	Loss: 119.429581
[2022-10-20 00:37:17] PRINT Train Epoch: 10 [19200/60000 (32%)]	Loss: 119.941071
[2022-10-20 00:37:17] PRINT Train Epoch: 10 [20480/60000 (34%)]	Loss: 116.327744
[2022-10-20 00:37:17] PRINT Train Epoch: 10 [21760/60000 (36%)]	Loss: 122.872208
[2022-10-20 00:37:18] PRINT Train Epoch: 10 [23040/60000 (38%)]	Loss: 117.394394
[2022-10-20 00:37:18] PRINT Train Epoch: 10 [24320/60000 (41%)]	Loss: 117.483017
[2022-10-20 00:37:18] PRINT Train Epoch: 10 [25600/60000 (43%)]	Loss: 124.634140
[2022-10-20 00:37:19] PRINT Train Epoch: 10 [26880/60000 (45%)]	Loss: 117.033920
[2022-10-20 00:37:19] PRINT Train Epoch: 10 [28160/60000 (47%)]	Loss: 118.447037
[2022-10-20 00:37:19] PRINT Train Epoch: 10 [29440/60000 (49%)]	Loss: 117.602875
[2022-10-20 00:37:20] PRINT Train Epoch: 10 [30720/60000 (51%)]	Loss: 117.157433
[2022-10-20 00:37:20] PRINT Train Epoch: 10 [32000/60000 (53%)]	Loss: 120.638283
[2022-10-20 00:37:20] PRINT Train Epoch: 10 [33280/60000 (55%)]	Loss: 121.120850
[2022-10-20 00:37:20] PRINT Train Epoch: 10 [34560/60000 (58%)]	Loss: 125.442558
[2022-10-20 00:37:21] PRINT Train Epoch: 10 [35840/60000 (60%)]	Loss: 118.376221
[2022-10-20 00:37:21] PRINT Train Epoch: 10 [37120/60000 (62%)]	Loss: 121.362854
[2022-10-20 00:37:21] PRINT Train Epoch: 10 [38400/60000 (64%)]	Loss: 123.610718
[2022-10-20 00:37:22] PRINT Train Epoch: 10 [39680/60000 (66%)]	Loss: 120.389053
[2022-10-20 00:37:22] PRINT Train Epoch: 10 [40960/60000 (68%)]	Loss: 127.163765
[2022-10-20 00:37:22] PRINT Train Epoch: 10 [42240/60000 (70%)]	Loss: 115.337021
[2022-10-20 00:37:23] PRINT Train Epoch: 10 [43520/60000 (72%)]	Loss: 118.699509
[2022-10-20 00:37:23] PRINT Train Epoch: 10 [44800/60000 (75%)]	Loss: 122.437622
[2022-10-20 00:37:23] PRINT Train Epoch: 10 [46080/60000 (77%)]	Loss: 119.132385
[2022-10-20 00:37:23] PRINT Train Epoch: 10 [47360/60000 (79%)]	Loss: 120.475517
[2022-10-20 00:37:24] PRINT Train Epoch: 10 [48640/60000 (81%)]	Loss: 116.982346
[2022-10-20 00:37:24] PRINT Train Epoch: 10 [49920/60000 (83%)]	Loss: 120.107834
[2022-10-20 00:37:24] PRINT Train Epoch: 10 [51200/60000 (85%)]	Loss: 114.017166
[2022-10-20 00:37:25] PRINT Train Epoch: 10 [52480/60000 (87%)]	Loss: 119.353798
[2022-10-20 00:37:25] PRINT Train Epoch: 10 [53760/60000 (90%)]	Loss: 121.382912
[2022-10-20 00:37:25] PRINT Train Epoch: 10 [55040/60000 (92%)]	Loss: 118.331696
[2022-10-20 00:37:26] PRINT Train Epoch: 10 [56320/60000 (94%)]	Loss: 119.032303
[2022-10-20 00:37:26] PRINT Train Epoch: 10 [57600/60000 (96%)]	Loss: 118.193085
[2022-10-20 00:37:26] PRINT Train Epoch: 10 [58880/60000 (98%)]	Loss: 117.331238
[2022-10-20 00:37:27] PRINT ====> Epoch: 10 Average loss: 120.2624
[2022-10-20 00:37:29] PRINT ====> Test set loss: 120.1350
