[2022-10-20 00:44:07] PRINT {'features1': 500, 'features2': 20, 'lr': 0.011215307272194844, 'epsilon': 1e-07, 'TRIAL_BUDGET': 2}
[2022-10-20 00:44:08] PRINT Using cuda device
[2022-10-20 00:44:13] PRINT Train Epoch: 1 [0/60000 (0%)]	Loss: 548.941406
[2022-10-20 00:44:13] PRINT Train Epoch: 1 [1280/60000 (2%)]	Loss: 214.843399
[2022-10-20 00:44:13] PRINT Train Epoch: 1 [2560/60000 (4%)]	Loss: 207.823166
[2022-10-20 00:44:14] PRINT Train Epoch: 1 [3840/60000 (6%)]	Loss: 190.816605
[2022-10-20 00:44:14] PRINT Train Epoch: 1 [5120/60000 (9%)]	Loss: 186.138367
[2022-10-20 00:44:14] PRINT Train Epoch: 1 [6400/60000 (11%)]	Loss: 183.064590
[2022-10-20 00:44:15] PRINT Train Epoch: 1 [7680/60000 (13%)]	Loss: 174.243332
[2022-10-20 00:44:15] PRINT Train Epoch: 1 [8960/60000 (15%)]	Loss: 173.059494
[2022-10-20 00:44:15] PRINT Train Epoch: 1 [10240/60000 (17%)]	Loss: 164.488098
[2022-10-20 00:44:16] PRINT Train Epoch: 1 [11520/60000 (19%)]	Loss: 164.530914
[2022-10-20 00:44:16] PRINT Train Epoch: 1 [12800/60000 (21%)]	Loss: 156.472382
[2022-10-20 00:44:16] PRINT Train Epoch: 1 [14080/60000 (23%)]	Loss: 148.443268
[2022-10-20 00:44:16] PRINT Train Epoch: 1 [15360/60000 (26%)]	Loss: 152.962463
[2022-10-20 00:44:17] PRINT Train Epoch: 1 [16640/60000 (28%)]	Loss: 148.229340
[2022-10-20 00:44:17] PRINT Train Epoch: 1 [17920/60000 (30%)]	Loss: 153.669327
[2022-10-20 00:44:17] PRINT Train Epoch: 1 [19200/60000 (32%)]	Loss: 153.267654
[2022-10-20 00:44:18] PRINT Train Epoch: 1 [20480/60000 (34%)]	Loss: 140.311523
[2022-10-20 00:44:18] PRINT Train Epoch: 1 [21760/60000 (36%)]	Loss: 142.702133
[2022-10-20 00:44:18] PRINT Train Epoch: 1 [23040/60000 (38%)]	Loss: 144.931564
[2022-10-20 00:44:19] PRINT Train Epoch: 1 [24320/60000 (41%)]	Loss: 139.097412
[2022-10-20 00:44:19] PRINT Train Epoch: 1 [25600/60000 (43%)]	Loss: 140.799149
[2022-10-20 00:44:19] PRINT Train Epoch: 1 [26880/60000 (45%)]	Loss: 138.030304
[2022-10-20 00:44:20] PRINT Train Epoch: 1 [28160/60000 (47%)]	Loss: 137.091614
[2022-10-20 00:44:20] PRINT Train Epoch: 1 [29440/60000 (49%)]	Loss: 141.972549
[2022-10-20 00:44:20] PRINT Train Epoch: 1 [30720/60000 (51%)]	Loss: 140.896545
[2022-10-20 00:44:20] PRINT Train Epoch: 1 [32000/60000 (53%)]	Loss: 138.546738
[2022-10-20 00:44:21] PRINT Train Epoch: 1 [33280/60000 (55%)]	Loss: 136.285309
[2022-10-20 00:44:21] PRINT Train Epoch: 1 [34560/60000 (58%)]	Loss: 136.455063
[2022-10-20 00:44:21] PRINT Train Epoch: 1 [35840/60000 (60%)]	Loss: 135.938232
[2022-10-20 00:44:22] PRINT Train Epoch: 1 [37120/60000 (62%)]	Loss: 132.127609
[2022-10-20 00:44:22] PRINT Train Epoch: 1 [38400/60000 (64%)]	Loss: 135.156799
[2022-10-20 00:44:22] PRINT Train Epoch: 1 [39680/60000 (66%)]	Loss: 140.832230
[2022-10-20 00:44:23] PRINT Train Epoch: 1 [40960/60000 (68%)]	Loss: 135.417938
[2022-10-20 00:44:23] PRINT Train Epoch: 1 [42240/60000 (70%)]	Loss: 135.912460
[2022-10-20 00:44:23] PRINT Train Epoch: 1 [43520/60000 (72%)]	Loss: 133.631805
[2022-10-20 00:44:24] PRINT Train Epoch: 1 [44800/60000 (75%)]	Loss: 136.439941
[2022-10-20 00:44:24] PRINT Train Epoch: 1 [46080/60000 (77%)]	Loss: 131.693085
[2022-10-20 00:44:24] PRINT Train Epoch: 1 [47360/60000 (79%)]	Loss: 133.054688
[2022-10-20 00:44:24] PRINT Train Epoch: 1 [48640/60000 (81%)]	Loss: 133.486908
[2022-10-20 00:44:25] PRINT Train Epoch: 1 [49920/60000 (83%)]	Loss: 128.465424
[2022-10-20 00:44:25] PRINT Train Epoch: 1 [51200/60000 (85%)]	Loss: 135.680038
[2022-10-20 00:44:25] PRINT Train Epoch: 1 [52480/60000 (87%)]	Loss: 125.550972
[2022-10-20 00:44:26] PRINT Train Epoch: 1 [53760/60000 (90%)]	Loss: 131.695877
[2022-10-20 00:44:26] PRINT Train Epoch: 1 [55040/60000 (92%)]	Loss: 124.096558
[2022-10-20 00:44:26] PRINT Train Epoch: 1 [56320/60000 (94%)]	Loss: 132.952515
[2022-10-20 00:44:27] PRINT Train Epoch: 1 [57600/60000 (96%)]	Loss: 129.368179
[2022-10-20 00:44:27] PRINT Train Epoch: 1 [58880/60000 (98%)]	Loss: 128.795456
[2022-10-20 00:44:27] PRINT ====> Epoch: 1 Average loss: 149.7850
[2022-10-20 00:44:30] PRINT ====> Test set loss: 130.9215
[2022-10-20 00:44:30] PRINT Train Epoch: 2 [0/60000 (0%)]	Loss: 130.775421
[2022-10-20 00:44:30] PRINT Train Epoch: 2 [1280/60000 (2%)]	Loss: 125.403214
[2022-10-20 00:44:31] PRINT Train Epoch: 2 [2560/60000 (4%)]	Loss: 129.926544
[2022-10-20 00:44:31] PRINT Train Epoch: 2 [3840/60000 (6%)]	Loss: 129.527985
[2022-10-20 00:44:31] PRINT Train Epoch: 2 [5120/60000 (9%)]	Loss: 126.427521
[2022-10-20 00:44:31] PRINT Train Epoch: 2 [6400/60000 (11%)]	Loss: 132.201599
[2022-10-20 00:44:32] PRINT Train Epoch: 2 [7680/60000 (13%)]	Loss: 130.561813
[2022-10-20 00:44:32] PRINT Train Epoch: 2 [8960/60000 (15%)]	Loss: 134.405014
[2022-10-20 00:44:32] PRINT Train Epoch: 2 [10240/60000 (17%)]	Loss: 127.219902
[2022-10-20 00:44:33] PRINT Train Epoch: 2 [11520/60000 (19%)]	Loss: 125.054123
[2022-10-20 00:44:33] PRINT Train Epoch: 2 [12800/60000 (21%)]	Loss: 131.823532
[2022-10-20 00:44:33] PRINT Train Epoch: 2 [14080/60000 (23%)]	Loss: 131.963181
[2022-10-20 00:44:34] PRINT Train Epoch: 2 [15360/60000 (26%)]	Loss: 128.628510
[2022-10-20 00:44:34] PRINT Train Epoch: 2 [16640/60000 (28%)]	Loss: 130.918427
[2022-10-20 00:44:34] PRINT Train Epoch: 2 [17920/60000 (30%)]	Loss: 126.735786
[2022-10-20 00:44:35] PRINT Train Epoch: 2 [19200/60000 (32%)]	Loss: 130.251648
[2022-10-20 00:44:35] PRINT Train Epoch: 2 [20480/60000 (34%)]	Loss: 131.267395
[2022-10-20 00:44:35] PRINT Train Epoch: 2 [21760/60000 (36%)]	Loss: 133.717072
[2022-10-20 00:44:36] PRINT Train Epoch: 2 [23040/60000 (38%)]	Loss: 129.584213
[2022-10-20 00:44:36] PRINT Train Epoch: 2 [24320/60000 (41%)]	Loss: 131.676758
[2022-10-20 00:44:36] PRINT Train Epoch: 2 [25600/60000 (43%)]	Loss: 130.750946
[2022-10-20 00:44:36] PRINT Train Epoch: 2 [26880/60000 (45%)]	Loss: 133.790131
[2022-10-20 00:44:37] PRINT Train Epoch: 2 [28160/60000 (47%)]	Loss: 126.451782
[2022-10-20 00:44:37] PRINT Train Epoch: 2 [29440/60000 (49%)]	Loss: 128.613953
[2022-10-20 00:44:37] PRINT Train Epoch: 2 [30720/60000 (51%)]	Loss: 134.654175
[2022-10-20 00:44:38] PRINT Train Epoch: 2 [32000/60000 (53%)]	Loss: 127.070900
[2022-10-20 00:44:38] PRINT Train Epoch: 2 [33280/60000 (55%)]	Loss: 128.964493
[2022-10-20 00:44:38] PRINT Train Epoch: 2 [34560/60000 (58%)]	Loss: 132.910004
[2022-10-20 00:44:39] PRINT Train Epoch: 2 [35840/60000 (60%)]	Loss: 126.258713
[2022-10-20 00:44:39] PRINT Train Epoch: 2 [37120/60000 (62%)]	Loss: 126.573563
[2022-10-20 00:44:39] PRINT Train Epoch: 2 [38400/60000 (64%)]	Loss: 130.866913
[2022-10-20 00:44:40] PRINT Train Epoch: 2 [39680/60000 (66%)]	Loss: 123.227425
[2022-10-20 00:44:40] PRINT Train Epoch: 2 [40960/60000 (68%)]	Loss: 126.712257
[2022-10-20 00:44:40] PRINT Train Epoch: 2 [42240/60000 (70%)]	Loss: 132.214294
[2022-10-20 00:44:40] PRINT Train Epoch: 2 [43520/60000 (72%)]	Loss: 127.217346
[2022-10-20 00:44:41] PRINT Train Epoch: 2 [44800/60000 (75%)]	Loss: 128.522446
[2022-10-20 00:44:41] PRINT Train Epoch: 2 [46080/60000 (77%)]	Loss: 125.495697
[2022-10-20 00:44:41] PRINT Train Epoch: 2 [47360/60000 (79%)]	Loss: 123.043129
[2022-10-20 00:44:42] PRINT Train Epoch: 2 [48640/60000 (81%)]	Loss: 133.368698
[2022-10-20 00:44:42] PRINT Train Epoch: 2 [49920/60000 (83%)]	Loss: 132.242767
[2022-10-20 00:44:42] PRINT Train Epoch: 2 [51200/60000 (85%)]	Loss: 121.425407
[2022-10-20 00:44:43] PRINT Train Epoch: 2 [52480/60000 (87%)]	Loss: 129.850739
[2022-10-20 00:44:43] PRINT Train Epoch: 2 [53760/60000 (90%)]	Loss: 128.455200
[2022-10-20 00:44:43] PRINT Train Epoch: 2 [55040/60000 (92%)]	Loss: 134.106644
[2022-10-20 00:44:43] PRINT Train Epoch: 2 [56320/60000 (94%)]	Loss: 136.986755
[2022-10-20 00:44:44] PRINT Train Epoch: 2 [57600/60000 (96%)]	Loss: 123.068268
[2022-10-20 00:44:44] PRINT Train Epoch: 2 [58880/60000 (98%)]	Loss: 124.657715
[2022-10-20 00:44:44] PRINT ====> Epoch: 2 Average loss: 129.1060
[2022-10-20 00:44:47] PRINT ====> Test set loss: 126.3636
[2022-10-20 00:44:47] PRINT Train Epoch: 3 [0/60000 (0%)]	Loss: 125.841240
[2022-10-20 00:44:47] PRINT Train Epoch: 3 [1280/60000 (2%)]	Loss: 125.698662
[2022-10-20 00:44:48] PRINT Train Epoch: 3 [2560/60000 (4%)]	Loss: 132.024048
[2022-10-20 00:44:48] PRINT Train Epoch: 3 [3840/60000 (6%)]	Loss: 130.798523
[2022-10-20 00:44:48] PRINT Train Epoch: 3 [5120/60000 (9%)]	Loss: 128.393921
[2022-10-20 00:44:49] PRINT Train Epoch: 3 [6400/60000 (11%)]	Loss: 124.902786
[2022-10-20 00:44:49] PRINT Train Epoch: 3 [7680/60000 (13%)]	Loss: 131.366074
[2022-10-20 00:44:49] PRINT Train Epoch: 3 [8960/60000 (15%)]	Loss: 123.275505
[2022-10-20 00:44:50] PRINT Train Epoch: 3 [10240/60000 (17%)]	Loss: 129.101364
[2022-10-20 00:44:50] PRINT Train Epoch: 3 [11520/60000 (19%)]	Loss: 123.615807
[2022-10-20 00:44:50] PRINT Train Epoch: 3 [12800/60000 (21%)]	Loss: 129.245804
[2022-10-20 00:44:51] PRINT Train Epoch: 3 [14080/60000 (23%)]	Loss: 128.369415
[2022-10-20 00:44:51] PRINT Train Epoch: 3 [15360/60000 (26%)]	Loss: 128.924606
[2022-10-20 00:44:51] PRINT Train Epoch: 3 [16640/60000 (28%)]	Loss: 128.274872
[2022-10-20 00:44:51] PRINT Train Epoch: 3 [17920/60000 (30%)]	Loss: 128.482254
[2022-10-20 00:44:52] PRINT Train Epoch: 3 [19200/60000 (32%)]	Loss: 124.500519
[2022-10-20 00:44:52] PRINT Train Epoch: 3 [20480/60000 (34%)]	Loss: 128.996414
[2022-10-20 00:44:52] PRINT Train Epoch: 3 [21760/60000 (36%)]	Loss: 128.417236
[2022-10-20 00:44:53] PRINT Train Epoch: 3 [23040/60000 (38%)]	Loss: 120.986923
[2022-10-20 00:44:53] PRINT Train Epoch: 3 [24320/60000 (41%)]	Loss: 127.023018
[2022-10-20 00:44:53] PRINT Train Epoch: 3 [25600/60000 (43%)]	Loss: 125.184937
[2022-10-20 00:44:54] PRINT Train Epoch: 3 [26880/60000 (45%)]	Loss: 123.199440
[2022-10-20 00:44:54] PRINT Train Epoch: 3 [28160/60000 (47%)]	Loss: 123.608246
[2022-10-20 00:44:54] PRINT Train Epoch: 3 [29440/60000 (49%)]	Loss: 131.088898
[2022-10-20 00:44:55] PRINT Train Epoch: 3 [30720/60000 (51%)]	Loss: 127.597534
[2022-10-20 00:44:55] PRINT Train Epoch: 3 [32000/60000 (53%)]	Loss: 128.396667
[2022-10-20 00:44:55] PRINT Train Epoch: 3 [33280/60000 (55%)]	Loss: 126.390717
[2022-10-20 00:44:56] PRINT Train Epoch: 3 [34560/60000 (58%)]	Loss: 130.475204
[2022-10-20 00:44:56] PRINT Train Epoch: 3 [35840/60000 (60%)]	Loss: 126.062065
[2022-10-20 00:44:56] PRINT Train Epoch: 3 [37120/60000 (62%)]	Loss: 125.956406
[2022-10-20 00:44:56] PRINT Train Epoch: 3 [38400/60000 (64%)]	Loss: 126.574150
[2022-10-20 00:44:57] PRINT Train Epoch: 3 [39680/60000 (66%)]	Loss: 134.921616
[2022-10-20 00:44:57] PRINT Train Epoch: 3 [40960/60000 (68%)]	Loss: 129.505066
[2022-10-20 00:44:57] PRINT Train Epoch: 3 [42240/60000 (70%)]	Loss: 130.586151
[2022-10-20 00:44:58] PRINT Train Epoch: 3 [43520/60000 (72%)]	Loss: 131.008698
[2022-10-20 00:44:58] PRINT Train Epoch: 3 [44800/60000 (75%)]	Loss: 128.707275
[2022-10-20 00:44:58] PRINT Train Epoch: 3 [46080/60000 (77%)]	Loss: 130.847412
[2022-10-20 00:44:59] PRINT Train Epoch: 3 [47360/60000 (79%)]	Loss: 127.764648
[2022-10-20 00:44:59] PRINT Train Epoch: 3 [48640/60000 (81%)]	Loss: 121.336052
[2022-10-20 00:44:59] PRINT Train Epoch: 3 [49920/60000 (83%)]	Loss: 120.710800
[2022-10-20 00:45:00] PRINT Train Epoch: 3 [51200/60000 (85%)]	Loss: 121.389023
[2022-10-20 00:45:00] PRINT Train Epoch: 3 [52480/60000 (87%)]	Loss: 126.728394
[2022-10-20 00:45:00] PRINT Train Epoch: 3 [53760/60000 (90%)]	Loss: 134.877213
[2022-10-20 00:45:01] PRINT Train Epoch: 3 [55040/60000 (92%)]	Loss: 129.020660
[2022-10-20 00:45:01] PRINT Train Epoch: 3 [56320/60000 (94%)]	Loss: 129.598343
[2022-10-20 00:45:01] PRINT Train Epoch: 3 [57600/60000 (96%)]	Loss: 124.632050
[2022-10-20 00:45:01] PRINT Train Epoch: 3 [58880/60000 (98%)]	Loss: 120.548935
[2022-10-20 00:45:02] PRINT ====> Epoch: 3 Average loss: 126.5629
[2022-10-20 00:45:04] PRINT ====> Test set loss: 125.0076
[2022-10-20 00:45:05] PRINT Train Epoch: 4 [0/60000 (0%)]	Loss: 122.935181
[2022-10-20 00:45:05] PRINT Train Epoch: 4 [1280/60000 (2%)]	Loss: 130.552185
[2022-10-20 00:45:05] PRINT Train Epoch: 4 [2560/60000 (4%)]	Loss: 128.133301
[2022-10-20 00:45:05] PRINT Train Epoch: 4 [3840/60000 (6%)]	Loss: 126.473679
[2022-10-20 00:45:06] PRINT Train Epoch: 4 [5120/60000 (9%)]	Loss: 128.524078
[2022-10-20 00:45:06] PRINT Train Epoch: 4 [6400/60000 (11%)]	Loss: 123.616127
[2022-10-20 00:45:06] PRINT Train Epoch: 4 [7680/60000 (13%)]	Loss: 126.203796
[2022-10-20 00:45:07] PRINT Train Epoch: 4 [8960/60000 (15%)]	Loss: 123.930695
[2022-10-20 00:45:07] PRINT Train Epoch: 4 [10240/60000 (17%)]	Loss: 129.604904
[2022-10-20 00:45:07] PRINT Train Epoch: 4 [11520/60000 (19%)]	Loss: 127.778389
[2022-10-20 00:45:08] PRINT Train Epoch: 4 [12800/60000 (21%)]	Loss: 125.152824
[2022-10-20 00:45:08] PRINT Train Epoch: 4 [14080/60000 (23%)]	Loss: 122.552193
[2022-10-20 00:45:08] PRINT Train Epoch: 4 [15360/60000 (26%)]	Loss: 128.282379
[2022-10-20 00:45:09] PRINT Train Epoch: 4 [16640/60000 (28%)]	Loss: 129.136459
[2022-10-20 00:45:09] PRINT Train Epoch: 4 [17920/60000 (30%)]	Loss: 126.667618
[2022-10-20 00:45:09] PRINT Train Epoch: 4 [19200/60000 (32%)]	Loss: 133.452194
[2022-10-20 00:45:10] PRINT Train Epoch: 4 [20480/60000 (34%)]	Loss: 130.711319
[2022-10-20 00:45:10] PRINT Train Epoch: 4 [21760/60000 (36%)]	Loss: 122.400551
[2022-10-20 00:45:10] PRINT Train Epoch: 4 [23040/60000 (38%)]	Loss: 129.781784
[2022-10-20 00:45:10] PRINT Train Epoch: 4 [24320/60000 (41%)]	Loss: 125.756104
[2022-10-20 00:45:11] PRINT Train Epoch: 4 [25600/60000 (43%)]	Loss: 120.845665
[2022-10-20 00:45:11] PRINT Train Epoch: 4 [26880/60000 (45%)]	Loss: 125.342392
[2022-10-20 00:45:11] PRINT Train Epoch: 4 [28160/60000 (47%)]	Loss: 128.418793
[2022-10-20 00:45:12] PRINT Train Epoch: 4 [29440/60000 (49%)]	Loss: 122.587364
[2022-10-20 00:45:12] PRINT Train Epoch: 4 [30720/60000 (51%)]	Loss: 127.994148
[2022-10-20 00:45:12] PRINT Train Epoch: 4 [32000/60000 (53%)]	Loss: 126.136215
[2022-10-20 00:45:13] PRINT Train Epoch: 4 [33280/60000 (55%)]	Loss: 125.539452
[2022-10-20 00:45:13] PRINT Train Epoch: 4 [34560/60000 (58%)]	Loss: 122.709023
[2022-10-20 00:45:13] PRINT Train Epoch: 4 [35840/60000 (60%)]	Loss: 125.058167
[2022-10-20 00:45:14] PRINT Train Epoch: 4 [37120/60000 (62%)]	Loss: 127.023346
[2022-10-20 00:45:14] PRINT Train Epoch: 4 [38400/60000 (64%)]	Loss: 125.667770
[2022-10-20 00:45:14] PRINT Train Epoch: 4 [39680/60000 (66%)]	Loss: 123.571220
[2022-10-20 00:45:15] PRINT Train Epoch: 4 [40960/60000 (68%)]	Loss: 127.002968
[2022-10-20 00:45:15] PRINT Train Epoch: 4 [42240/60000 (70%)]	Loss: 129.387863
[2022-10-20 00:45:15] PRINT Train Epoch: 4 [43520/60000 (72%)]	Loss: 121.371765
[2022-10-20 00:45:16] PRINT Train Epoch: 4 [44800/60000 (75%)]	Loss: 124.045410
[2022-10-20 00:45:16] PRINT Train Epoch: 4 [46080/60000 (77%)]	Loss: 126.745430
[2022-10-20 00:45:16] PRINT Train Epoch: 4 [47360/60000 (79%)]	Loss: 126.041321
[2022-10-20 00:45:16] PRINT Train Epoch: 4 [48640/60000 (81%)]	Loss: 120.798996
[2022-10-20 00:45:17] PRINT Train Epoch: 4 [49920/60000 (83%)]	Loss: 123.560303
[2022-10-20 00:45:17] PRINT Train Epoch: 4 [51200/60000 (85%)]	Loss: 119.293503
[2022-10-20 00:45:17] PRINT Train Epoch: 4 [52480/60000 (87%)]	Loss: 128.513885
[2022-10-20 00:45:18] PRINT Train Epoch: 4 [53760/60000 (90%)]	Loss: 126.158554
[2022-10-20 00:45:18] PRINT Train Epoch: 4 [55040/60000 (92%)]	Loss: 123.862305
[2022-10-20 00:45:18] PRINT Train Epoch: 4 [56320/60000 (94%)]	Loss: 117.033592
[2022-10-20 00:45:19] PRINT Train Epoch: 4 [57600/60000 (96%)]	Loss: 126.687706
[2022-10-20 00:45:19] PRINT Train Epoch: 4 [58880/60000 (98%)]	Loss: 120.876282
[2022-10-20 00:45:19] PRINT ====> Epoch: 4 Average loss: 125.4105
[2022-10-20 00:45:22] PRINT ====> Test set loss: 123.8419
[2022-10-20 00:45:22] PRINT Train Epoch: 5 [0/60000 (0%)]	Loss: 125.931252
[2022-10-20 00:45:22] PRINT Train Epoch: 5 [1280/60000 (2%)]	Loss: 124.335831
[2022-10-20 00:45:23] PRINT Train Epoch: 5 [2560/60000 (4%)]	Loss: 129.882294
[2022-10-20 00:45:23] PRINT Train Epoch: 5 [3840/60000 (6%)]	Loss: 115.129601
[2022-10-20 00:45:23] PRINT Train Epoch: 5 [5120/60000 (9%)]	Loss: 118.737999
[2022-10-20 00:45:24] PRINT Train Epoch: 5 [6400/60000 (11%)]	Loss: 121.518440
[2022-10-20 00:45:24] PRINT Train Epoch: 5 [7680/60000 (13%)]	Loss: 121.571320
[2022-10-20 00:45:24] PRINT Train Epoch: 5 [8960/60000 (15%)]	Loss: 125.223083
[2022-10-20 00:45:24] PRINT Train Epoch: 5 [10240/60000 (17%)]	Loss: 126.062973
[2022-10-20 00:45:25] PRINT Train Epoch: 5 [11520/60000 (19%)]	Loss: 121.035812
[2022-10-20 00:45:25] PRINT Train Epoch: 5 [12800/60000 (21%)]	Loss: 128.441010
[2022-10-20 00:45:25] PRINT Train Epoch: 5 [14080/60000 (23%)]	Loss: 123.281052
[2022-10-20 00:45:26] PRINT Train Epoch: 5 [15360/60000 (26%)]	Loss: 123.296898
[2022-10-20 00:45:26] PRINT Train Epoch: 5 [16640/60000 (28%)]	Loss: 127.605782
[2022-10-20 00:45:26] PRINT Train Epoch: 5 [17920/60000 (30%)]	Loss: 124.320152
[2022-10-20 00:45:27] PRINT Train Epoch: 5 [19200/60000 (32%)]	Loss: 127.875603
[2022-10-20 00:45:27] PRINT Train Epoch: 5 [20480/60000 (34%)]	Loss: 125.661987
[2022-10-20 00:45:27] PRINT Train Epoch: 5 [21760/60000 (36%)]	Loss: 128.599915
[2022-10-20 00:45:28] PRINT Train Epoch: 5 [23040/60000 (38%)]	Loss: 123.148102
[2022-10-20 00:45:28] PRINT Train Epoch: 5 [24320/60000 (41%)]	Loss: 125.430786
[2022-10-20 00:45:28] PRINT Train Epoch: 5 [25600/60000 (43%)]	Loss: 117.007309
[2022-10-20 00:45:29] PRINT Train Epoch: 5 [26880/60000 (45%)]	Loss: 126.662392
[2022-10-20 00:45:29] PRINT Train Epoch: 5 [28160/60000 (47%)]	Loss: 127.646347
[2022-10-20 00:45:29] PRINT Train Epoch: 5 [29440/60000 (49%)]	Loss: 125.366486
[2022-10-20 00:45:30] PRINT Train Epoch: 5 [30720/60000 (51%)]	Loss: 122.315331
[2022-10-20 00:45:30] PRINT Train Epoch: 5 [32000/60000 (53%)]	Loss: 132.318268
[2022-10-20 00:45:30] PRINT Train Epoch: 5 [33280/60000 (55%)]	Loss: 127.429115
[2022-10-20 00:45:30] PRINT Train Epoch: 5 [34560/60000 (58%)]	Loss: 122.735077
[2022-10-20 00:45:31] PRINT Train Epoch: 5 [35840/60000 (60%)]	Loss: 124.826187
[2022-10-20 00:45:31] PRINT Train Epoch: 5 [37120/60000 (62%)]	Loss: 122.649910
[2022-10-20 00:45:31] PRINT Train Epoch: 5 [38400/60000 (64%)]	Loss: 124.703827
[2022-10-20 00:45:32] PRINT Train Epoch: 5 [39680/60000 (66%)]	Loss: 123.268845
[2022-10-20 00:45:32] PRINT Train Epoch: 5 [40960/60000 (68%)]	Loss: 121.183167
[2022-10-20 00:45:32] PRINT Train Epoch: 5 [42240/60000 (70%)]	Loss: 126.975845
[2022-10-20 00:45:33] PRINT Train Epoch: 5 [43520/60000 (72%)]	Loss: 121.828857
[2022-10-20 00:45:33] PRINT Train Epoch: 5 [44800/60000 (75%)]	Loss: 123.963341
[2022-10-20 00:45:33] PRINT Train Epoch: 5 [46080/60000 (77%)]	Loss: 117.657478
[2022-10-20 00:45:34] PRINT Train Epoch: 5 [47360/60000 (79%)]	Loss: 126.473351
[2022-10-20 00:45:34] PRINT Train Epoch: 5 [48640/60000 (81%)]	Loss: 123.893967
[2022-10-20 00:45:34] PRINT Train Epoch: 5 [49920/60000 (83%)]	Loss: 124.924522
[2022-10-20 00:45:35] PRINT Train Epoch: 5 [51200/60000 (85%)]	Loss: 129.967667
[2022-10-20 00:45:35] PRINT Train Epoch: 5 [52480/60000 (87%)]	Loss: 122.912582
[2022-10-20 00:45:35] PRINT Train Epoch: 5 [53760/60000 (90%)]	Loss: 124.232651
[2022-10-20 00:45:36] PRINT Train Epoch: 5 [55040/60000 (92%)]	Loss: 124.141304
[2022-10-20 00:45:36] PRINT Train Epoch: 5 [56320/60000 (94%)]	Loss: 121.733978
[2022-10-20 00:45:36] PRINT Train Epoch: 5 [57600/60000 (96%)]	Loss: 129.291168
[2022-10-20 00:45:36] PRINT Train Epoch: 5 [58880/60000 (98%)]	Loss: 128.231415
[2022-10-20 00:45:37] PRINT ====> Epoch: 5 Average loss: 124.6735
[2022-10-20 00:45:39] PRINT ====> Test set loss: 123.6577
[2022-10-20 00:45:39] PRINT Train Epoch: 6 [0/60000 (0%)]	Loss: 125.664078
[2022-10-20 00:45:40] PRINT Train Epoch: 6 [1280/60000 (2%)]	Loss: 123.549973
[2022-10-20 00:45:40] PRINT Train Epoch: 6 [2560/60000 (4%)]	Loss: 126.706581
[2022-10-20 00:45:40] PRINT Train Epoch: 6 [3840/60000 (6%)]	Loss: 128.002838
[2022-10-20 00:45:41] PRINT Train Epoch: 6 [5120/60000 (9%)]	Loss: 125.954292
[2022-10-20 00:45:41] PRINT Train Epoch: 6 [6400/60000 (11%)]	Loss: 130.679459
[2022-10-20 00:45:41] PRINT Train Epoch: 6 [7680/60000 (13%)]	Loss: 122.806824
[2022-10-20 00:45:42] PRINT Train Epoch: 6 [8960/60000 (15%)]	Loss: 123.236671
[2022-10-20 00:45:42] PRINT Train Epoch: 6 [10240/60000 (17%)]	Loss: 118.783966
[2022-10-20 00:45:42] PRINT Train Epoch: 6 [11520/60000 (19%)]	Loss: 124.809029
[2022-10-20 00:45:43] PRINT Train Epoch: 6 [12800/60000 (21%)]	Loss: 122.623260
[2022-10-20 00:45:43] PRINT Train Epoch: 6 [14080/60000 (23%)]	Loss: 124.109444
[2022-10-20 00:45:43] PRINT Train Epoch: 6 [15360/60000 (26%)]	Loss: 131.478073
[2022-10-20 00:45:44] PRINT Train Epoch: 6 [16640/60000 (28%)]	Loss: 123.723534
[2022-10-20 00:45:44] PRINT Train Epoch: 6 [17920/60000 (30%)]	Loss: 120.497437
[2022-10-20 00:45:44] PRINT Train Epoch: 6 [19200/60000 (32%)]	Loss: 126.473480
[2022-10-20 00:45:45] PRINT Train Epoch: 6 [20480/60000 (34%)]	Loss: 121.026436
[2022-10-20 00:45:45] PRINT Train Epoch: 6 [21760/60000 (36%)]	Loss: 126.395645
[2022-10-20 00:45:45] PRINT Train Epoch: 6 [23040/60000 (38%)]	Loss: 129.805069
[2022-10-20 00:45:45] PRINT Train Epoch: 6 [24320/60000 (41%)]	Loss: 124.313248
[2022-10-20 00:45:46] PRINT Train Epoch: 6 [25600/60000 (43%)]	Loss: 127.052338
[2022-10-20 00:45:46] PRINT Train Epoch: 6 [26880/60000 (45%)]	Loss: 117.895416
[2022-10-20 00:45:46] PRINT Train Epoch: 6 [28160/60000 (47%)]	Loss: 122.858109
[2022-10-20 00:45:47] PRINT Train Epoch: 6 [29440/60000 (49%)]	Loss: 119.730179
[2022-10-20 00:45:47] PRINT Train Epoch: 6 [30720/60000 (51%)]	Loss: 125.323669
[2022-10-20 00:45:47] PRINT Train Epoch: 6 [32000/60000 (53%)]	Loss: 129.002975
[2022-10-20 00:45:48] PRINT Train Epoch: 6 [33280/60000 (55%)]	Loss: 123.480408
[2022-10-20 00:45:48] PRINT Train Epoch: 6 [34560/60000 (58%)]	Loss: 128.562622
[2022-10-20 00:45:48] PRINT Train Epoch: 6 [35840/60000 (60%)]	Loss: 124.260918
[2022-10-20 00:45:49] PRINT Train Epoch: 6 [37120/60000 (62%)]	Loss: 125.230972
[2022-10-20 00:45:49] PRINT Train Epoch: 6 [38400/60000 (64%)]	Loss: 124.158188
[2022-10-20 00:45:49] PRINT Train Epoch: 6 [39680/60000 (66%)]	Loss: 121.584351
[2022-10-20 00:45:50] PRINT Train Epoch: 6 [40960/60000 (68%)]	Loss: 121.747147
[2022-10-20 00:45:50] PRINT Train Epoch: 6 [42240/60000 (70%)]	Loss: 126.610634
[2022-10-20 00:45:50] PRINT Train Epoch: 6 [43520/60000 (72%)]	Loss: 119.718849
[2022-10-20 00:45:51] PRINT Train Epoch: 6 [44800/60000 (75%)]	Loss: 121.916634
[2022-10-20 00:45:51] PRINT Train Epoch: 6 [46080/60000 (77%)]	Loss: 124.993057
[2022-10-20 00:45:51] PRINT Train Epoch: 6 [47360/60000 (79%)]	Loss: 124.990997
[2022-10-20 00:45:51] PRINT Train Epoch: 6 [48640/60000 (81%)]	Loss: 122.692596
[2022-10-20 00:45:52] PRINT Train Epoch: 6 [49920/60000 (83%)]	Loss: 126.094101
[2022-10-20 00:45:52] PRINT Train Epoch: 6 [51200/60000 (85%)]	Loss: 127.309547
[2022-10-20 00:45:52] PRINT Train Epoch: 6 [52480/60000 (87%)]	Loss: 117.835953
[2022-10-20 00:45:53] PRINT Train Epoch: 6 [53760/60000 (90%)]	Loss: 124.945602
[2022-10-20 00:45:53] PRINT Train Epoch: 6 [55040/60000 (92%)]	Loss: 122.735741
[2022-10-20 00:45:53] PRINT Train Epoch: 6 [56320/60000 (94%)]	Loss: 122.773499
[2022-10-20 00:45:54] PRINT Train Epoch: 6 [57600/60000 (96%)]	Loss: 126.540665
[2022-10-20 00:45:54] PRINT Train Epoch: 6 [58880/60000 (98%)]	Loss: 114.877899
[2022-10-20 00:45:54] PRINT ====> Epoch: 6 Average loss: 124.2598
[2022-10-20 00:45:57] PRINT ====> Test set loss: 123.7428
[2022-10-20 00:45:57] PRINT Train Epoch: 7 [0/60000 (0%)]	Loss: 121.182892
[2022-10-20 00:45:57] PRINT Train Epoch: 7 [1280/60000 (2%)]	Loss: 121.992996
[2022-10-20 00:45:58] PRINT Train Epoch: 7 [2560/60000 (4%)]	Loss: 131.706940
[2022-10-20 00:45:58] PRINT Train Epoch: 7 [3840/60000 (6%)]	Loss: 124.594048
[2022-10-20 00:45:58] PRINT Train Epoch: 7 [5120/60000 (9%)]	Loss: 127.282364
[2022-10-20 00:45:58] PRINT Train Epoch: 7 [6400/60000 (11%)]	Loss: 125.930473
[2022-10-20 00:45:59] PRINT Train Epoch: 7 [7680/60000 (13%)]	Loss: 121.470444
[2022-10-20 00:45:59] PRINT Train Epoch: 7 [8960/60000 (15%)]	Loss: 122.176933
[2022-10-20 00:45:59] PRINT Train Epoch: 7 [10240/60000 (17%)]	Loss: 122.655281
[2022-10-20 00:46:00] PRINT Train Epoch: 7 [11520/60000 (19%)]	Loss: 128.373840
[2022-10-20 00:46:00] PRINT Train Epoch: 7 [12800/60000 (21%)]	Loss: 127.772820
[2022-10-20 00:46:00] PRINT Train Epoch: 7 [14080/60000 (23%)]	Loss: 123.995476
[2022-10-20 00:46:01] PRINT Train Epoch: 7 [15360/60000 (26%)]	Loss: 130.954346
[2022-10-20 00:46:01] PRINT Train Epoch: 7 [16640/60000 (28%)]	Loss: 125.147255
[2022-10-20 00:46:01] PRINT Train Epoch: 7 [17920/60000 (30%)]	Loss: 120.481529
[2022-10-20 00:46:02] PRINT Train Epoch: 7 [19200/60000 (32%)]	Loss: 124.949303
[2022-10-20 00:46:02] PRINT Train Epoch: 7 [20480/60000 (34%)]	Loss: 124.435547
[2022-10-20 00:46:02] PRINT Train Epoch: 7 [21760/60000 (36%)]	Loss: 128.570221
[2022-10-20 00:46:03] PRINT Train Epoch: 7 [23040/60000 (38%)]	Loss: 121.207191
[2022-10-20 00:46:03] PRINT Train Epoch: 7 [24320/60000 (41%)]	Loss: 123.642502
[2022-10-20 00:46:03] PRINT Train Epoch: 7 [25600/60000 (43%)]	Loss: 120.494041
[2022-10-20 00:46:04] PRINT Train Epoch: 7 [26880/60000 (45%)]	Loss: 125.287170
[2022-10-20 00:46:04] PRINT Train Epoch: 7 [28160/60000 (47%)]	Loss: 129.275513
[2022-10-20 00:46:04] PRINT Train Epoch: 7 [29440/60000 (49%)]	Loss: 123.061882
[2022-10-20 00:46:04] PRINT Train Epoch: 7 [30720/60000 (51%)]	Loss: 122.825104
[2022-10-20 00:46:05] PRINT Train Epoch: 7 [32000/60000 (53%)]	Loss: 122.131920
[2022-10-20 00:46:05] PRINT Train Epoch: 7 [33280/60000 (55%)]	Loss: 123.549400
[2022-10-20 00:46:05] PRINT Train Epoch: 7 [34560/60000 (58%)]	Loss: 126.021461
[2022-10-20 00:46:06] PRINT Train Epoch: 7 [35840/60000 (60%)]	Loss: 126.781555
[2022-10-20 00:46:06] PRINT Train Epoch: 7 [37120/60000 (62%)]	Loss: 120.820671
[2022-10-20 00:46:06] PRINT Train Epoch: 7 [38400/60000 (64%)]	Loss: 126.824356
[2022-10-20 00:46:07] PRINT Train Epoch: 7 [39680/60000 (66%)]	Loss: 129.882950
[2022-10-20 00:46:07] PRINT Train Epoch: 7 [40960/60000 (68%)]	Loss: 120.814445
[2022-10-20 00:46:07] PRINT Train Epoch: 7 [42240/60000 (70%)]	Loss: 122.108589
[2022-10-20 00:46:08] PRINT Train Epoch: 7 [43520/60000 (72%)]	Loss: 127.099007
[2022-10-20 00:46:08] PRINT Train Epoch: 7 [44800/60000 (75%)]	Loss: 126.723488
[2022-10-20 00:46:08] PRINT Train Epoch: 7 [46080/60000 (77%)]	Loss: 124.792427
[2022-10-20 00:46:08] PRINT Train Epoch: 7 [47360/60000 (79%)]	Loss: 125.261200
[2022-10-20 00:46:09] PRINT Train Epoch: 7 [48640/60000 (81%)]	Loss: 128.748795
[2022-10-20 00:46:09] PRINT Train Epoch: 7 [49920/60000 (83%)]	Loss: 119.069794
[2022-10-20 00:46:09] PRINT Train Epoch: 7 [51200/60000 (85%)]	Loss: 120.969757
[2022-10-20 00:46:10] PRINT Train Epoch: 7 [52480/60000 (87%)]	Loss: 122.534645
[2022-10-20 00:46:10] PRINT Train Epoch: 7 [53760/60000 (90%)]	Loss: 124.476181
[2022-10-20 00:46:10] PRINT Train Epoch: 7 [55040/60000 (92%)]	Loss: 126.980637
[2022-10-20 00:46:11] PRINT Train Epoch: 7 [56320/60000 (94%)]	Loss: 120.670433
[2022-10-20 00:46:11] PRINT Train Epoch: 7 [57600/60000 (96%)]	Loss: 130.324783
[2022-10-20 00:46:11] PRINT Train Epoch: 7 [58880/60000 (98%)]	Loss: 128.755707
[2022-10-20 00:46:12] PRINT ====> Epoch: 7 Average loss: 124.0797
[2022-10-20 00:46:14] PRINT ====> Test set loss: 124.4812
[2022-10-20 00:46:14] PRINT Train Epoch: 8 [0/60000 (0%)]	Loss: 126.897263
[2022-10-20 00:46:15] PRINT Train Epoch: 8 [1280/60000 (2%)]	Loss: 123.904198
[2022-10-20 00:46:15] PRINT Train Epoch: 8 [2560/60000 (4%)]	Loss: 118.021553
[2022-10-20 00:46:15] PRINT Train Epoch: 8 [3840/60000 (6%)]	Loss: 127.054718
[2022-10-20 00:46:16] PRINT Train Epoch: 8 [5120/60000 (9%)]	Loss: 131.135773
[2022-10-20 00:46:16] PRINT Train Epoch: 8 [6400/60000 (11%)]	Loss: 127.652084
[2022-10-20 00:46:16] PRINT Train Epoch: 8 [7680/60000 (13%)]	Loss: 116.314636
[2022-10-20 00:46:16] PRINT Train Epoch: 8 [8960/60000 (15%)]	Loss: 118.391464
[2022-10-20 00:46:17] PRINT Train Epoch: 8 [10240/60000 (17%)]	Loss: 125.293442
[2022-10-20 00:46:17] PRINT Train Epoch: 8 [11520/60000 (19%)]	Loss: 120.622971
[2022-10-20 00:46:17] PRINT Train Epoch: 8 [12800/60000 (21%)]	Loss: 120.334137
[2022-10-20 00:46:18] PRINT Train Epoch: 8 [14080/60000 (23%)]	Loss: 125.278839
[2022-10-20 00:46:18] PRINT Train Epoch: 8 [15360/60000 (26%)]	Loss: 122.242844
[2022-10-20 00:46:18] PRINT Train Epoch: 8 [16640/60000 (28%)]	Loss: 124.530487
[2022-10-20 00:46:19] PRINT Train Epoch: 8 [17920/60000 (30%)]	Loss: 127.558823
[2022-10-20 00:46:19] PRINT Train Epoch: 8 [19200/60000 (32%)]	Loss: 121.619873
[2022-10-20 00:46:19] PRINT Train Epoch: 8 [20480/60000 (34%)]	Loss: 128.449783
[2022-10-20 00:46:20] PRINT Train Epoch: 8 [21760/60000 (36%)]	Loss: 124.706131
[2022-10-20 00:46:20] PRINT Train Epoch: 8 [23040/60000 (38%)]	Loss: 119.403137
[2022-10-20 00:46:20] PRINT Train Epoch: 8 [24320/60000 (41%)]	Loss: 126.883560
[2022-10-20 00:46:21] PRINT Train Epoch: 8 [25600/60000 (43%)]	Loss: 127.049904
[2022-10-20 00:46:21] PRINT Train Epoch: 8 [26880/60000 (45%)]	Loss: 123.146553
[2022-10-20 00:46:21] PRINT Train Epoch: 8 [28160/60000 (47%)]	Loss: 126.999908
[2022-10-20 00:46:21] PRINT Train Epoch: 8 [29440/60000 (49%)]	Loss: 124.233170
[2022-10-20 00:46:22] PRINT Train Epoch: 8 [30720/60000 (51%)]	Loss: 121.767250
[2022-10-20 00:46:22] PRINT Train Epoch: 8 [32000/60000 (53%)]	Loss: 124.247711
[2022-10-20 00:46:22] PRINT Train Epoch: 8 [33280/60000 (55%)]	Loss: 123.207443
[2022-10-20 00:46:23] PRINT Train Epoch: 8 [34560/60000 (58%)]	Loss: 127.127594
[2022-10-20 00:46:23] PRINT Train Epoch: 8 [35840/60000 (60%)]	Loss: 127.813110
[2022-10-20 00:46:23] PRINT Train Epoch: 8 [37120/60000 (62%)]	Loss: 112.852844
[2022-10-20 00:46:24] PRINT Train Epoch: 8 [38400/60000 (64%)]	Loss: 121.960190
[2022-10-20 00:46:24] PRINT Train Epoch: 8 [39680/60000 (66%)]	Loss: 122.223236
[2022-10-20 00:46:24] PRINT Train Epoch: 8 [40960/60000 (68%)]	Loss: 123.200569
[2022-10-20 00:46:25] PRINT Train Epoch: 8 [42240/60000 (70%)]	Loss: 122.956642
[2022-10-20 00:46:25] PRINT Train Epoch: 8 [43520/60000 (72%)]	Loss: 123.726128
[2022-10-20 00:46:25] PRINT Train Epoch: 8 [44800/60000 (75%)]	Loss: 127.913177
[2022-10-20 00:46:25] PRINT Train Epoch: 8 [46080/60000 (77%)]	Loss: 125.050598
[2022-10-20 00:46:26] PRINT Train Epoch: 8 [47360/60000 (79%)]	Loss: 122.313576
[2022-10-20 00:46:26] PRINT Train Epoch: 8 [48640/60000 (81%)]	Loss: 121.441490
[2022-10-20 00:46:26] PRINT Train Epoch: 8 [49920/60000 (83%)]	Loss: 131.889633
[2022-10-20 00:46:27] PRINT Train Epoch: 8 [51200/60000 (85%)]	Loss: 125.683495
[2022-10-20 00:46:27] PRINT Train Epoch: 8 [52480/60000 (87%)]	Loss: 127.184731
[2022-10-20 00:46:27] PRINT Train Epoch: 8 [53760/60000 (90%)]	Loss: 127.584076
[2022-10-20 00:46:28] PRINT Train Epoch: 8 [55040/60000 (92%)]	Loss: 124.021561
[2022-10-20 00:46:28] PRINT Train Epoch: 8 [56320/60000 (94%)]	Loss: 122.510757
[2022-10-20 00:46:28] PRINT Train Epoch: 8 [57600/60000 (96%)]	Loss: 124.619904
[2022-10-20 00:46:29] PRINT Train Epoch: 8 [58880/60000 (98%)]	Loss: 118.195541
[2022-10-20 00:46:29] PRINT ====> Epoch: 8 Average loss: 123.8519
[2022-10-20 00:46:31] PRINT ====> Test set loss: 122.7029
[2022-10-20 00:46:32] PRINT Train Epoch: 9 [0/60000 (0%)]	Loss: 129.912415
[2022-10-20 00:46:32] PRINT Train Epoch: 9 [1280/60000 (2%)]	Loss: 119.718063
[2022-10-20 00:46:32] PRINT Train Epoch: 9 [2560/60000 (4%)]	Loss: 124.598480
[2022-10-20 00:46:33] PRINT Train Epoch: 9 [3840/60000 (6%)]	Loss: 116.682808
[2022-10-20 00:46:33] PRINT Train Epoch: 9 [5120/60000 (9%)]	Loss: 122.064240
[2022-10-20 00:46:33] PRINT Train Epoch: 9 [6400/60000 (11%)]	Loss: 120.119614
[2022-10-20 00:46:33] PRINT Train Epoch: 9 [7680/60000 (13%)]	Loss: 128.074829
[2022-10-20 00:46:34] PRINT Train Epoch: 9 [8960/60000 (15%)]	Loss: 121.337082
[2022-10-20 00:46:34] PRINT Train Epoch: 9 [10240/60000 (17%)]	Loss: 125.903099
[2022-10-20 00:46:34] PRINT Train Epoch: 9 [11520/60000 (19%)]	Loss: 120.201477
[2022-10-20 00:46:35] PRINT Train Epoch: 9 [12800/60000 (21%)]	Loss: 127.215462
[2022-10-20 00:46:35] PRINT Train Epoch: 9 [14080/60000 (23%)]	Loss: 129.529022
[2022-10-20 00:46:35] PRINT Train Epoch: 9 [15360/60000 (26%)]	Loss: 119.989517
[2022-10-20 00:46:36] PRINT Train Epoch: 9 [16640/60000 (28%)]	Loss: 129.106461
[2022-10-20 00:46:36] PRINT Train Epoch: 9 [17920/60000 (30%)]	Loss: 121.425758
[2022-10-20 00:46:36] PRINT Train Epoch: 9 [19200/60000 (32%)]	Loss: 130.454773
[2022-10-20 00:46:37] PRINT Train Epoch: 9 [20480/60000 (34%)]	Loss: 123.907761
[2022-10-20 00:46:37] PRINT Train Epoch: 9 [21760/60000 (36%)]	Loss: 116.654007
[2022-10-20 00:46:37] PRINT Train Epoch: 9 [23040/60000 (38%)]	Loss: 124.390976
[2022-10-20 00:46:38] PRINT Train Epoch: 9 [24320/60000 (41%)]	Loss: 122.510590
[2022-10-20 00:46:38] PRINT Train Epoch: 9 [25600/60000 (43%)]	Loss: 118.532700
[2022-10-20 00:46:38] PRINT Train Epoch: 9 [26880/60000 (45%)]	Loss: 124.168991
[2022-10-20 00:46:39] PRINT Train Epoch: 9 [28160/60000 (47%)]	Loss: 120.234100
[2022-10-20 00:46:39] PRINT Train Epoch: 9 [29440/60000 (49%)]	Loss: 127.891556
[2022-10-20 00:46:39] PRINT Train Epoch: 9 [30720/60000 (51%)]	Loss: 118.378387
[2022-10-20 00:46:39] PRINT Train Epoch: 9 [32000/60000 (53%)]	Loss: 129.000900
[2022-10-20 00:46:40] PRINT Train Epoch: 9 [33280/60000 (55%)]	Loss: 118.691681
[2022-10-20 00:46:40] PRINT Train Epoch: 9 [34560/60000 (58%)]	Loss: 125.497078
[2022-10-20 00:46:40] PRINT Train Epoch: 9 [35840/60000 (60%)]	Loss: 123.580444
[2022-10-20 00:46:41] PRINT Train Epoch: 9 [37120/60000 (62%)]	Loss: 124.514969
[2022-10-20 00:46:41] PRINT Train Epoch: 9 [38400/60000 (64%)]	Loss: 124.590034
[2022-10-20 00:46:41] PRINT Train Epoch: 9 [39680/60000 (66%)]	Loss: 121.208206
[2022-10-20 00:46:42] PRINT Train Epoch: 9 [40960/60000 (68%)]	Loss: 124.151581
[2022-10-20 00:46:42] PRINT Train Epoch: 9 [42240/60000 (70%)]	Loss: 119.764526
[2022-10-20 00:46:42] PRINT Train Epoch: 9 [43520/60000 (72%)]	Loss: 123.093895
[2022-10-20 00:46:43] PRINT Train Epoch: 9 [44800/60000 (75%)]	Loss: 126.593689
[2022-10-20 00:46:43] PRINT Train Epoch: 9 [46080/60000 (77%)]	Loss: 127.700989
[2022-10-20 00:46:43] PRINT Train Epoch: 9 [47360/60000 (79%)]	Loss: 125.026741
[2022-10-20 00:46:44] PRINT Train Epoch: 9 [48640/60000 (81%)]	Loss: 129.856308
[2022-10-20 00:46:44] PRINT Train Epoch: 9 [49920/60000 (83%)]	Loss: 126.678925
[2022-10-20 00:46:44] PRINT Train Epoch: 9 [51200/60000 (85%)]	Loss: 125.836807
[2022-10-20 00:46:45] PRINT Train Epoch: 9 [52480/60000 (87%)]	Loss: 119.002747
[2022-10-20 00:46:45] PRINT Train Epoch: 9 [53760/60000 (90%)]	Loss: 123.179619
[2022-10-20 00:46:45] PRINT Train Epoch: 9 [55040/60000 (92%)]	Loss: 123.172668
[2022-10-20 00:46:46] PRINT Train Epoch: 9 [56320/60000 (94%)]	Loss: 119.288429
[2022-10-20 00:46:46] PRINT Train Epoch: 9 [57600/60000 (96%)]	Loss: 123.936729
[2022-10-20 00:46:46] PRINT Train Epoch: 9 [58880/60000 (98%)]	Loss: 128.149170
[2022-10-20 00:46:46] PRINT ====> Epoch: 9 Average loss: 123.6729
[2022-10-20 00:46:49] PRINT ====> Test set loss: 123.7093
[2022-10-20 00:46:49] PRINT Train Epoch: 10 [0/60000 (0%)]	Loss: 121.374924
[2022-10-20 00:46:49] PRINT Train Epoch: 10 [1280/60000 (2%)]	Loss: 122.061188
[2022-10-20 00:46:50] PRINT Train Epoch: 10 [2560/60000 (4%)]	Loss: 124.130562
[2022-10-20 00:46:50] PRINT Train Epoch: 10 [3840/60000 (6%)]	Loss: 123.745453
[2022-10-20 00:46:50] PRINT Train Epoch: 10 [5120/60000 (9%)]	Loss: 124.554489
[2022-10-20 00:46:51] PRINT Train Epoch: 10 [6400/60000 (11%)]	Loss: 120.610481
[2022-10-20 00:46:51] PRINT Train Epoch: 10 [7680/60000 (13%)]	Loss: 119.651497
[2022-10-20 00:46:51] PRINT Train Epoch: 10 [8960/60000 (15%)]	Loss: 126.577576
[2022-10-20 00:46:52] PRINT Train Epoch: 10 [10240/60000 (17%)]	Loss: 122.733429
[2022-10-20 00:46:52] PRINT Train Epoch: 10 [11520/60000 (19%)]	Loss: 121.498718
[2022-10-20 00:46:52] PRINT Train Epoch: 10 [12800/60000 (21%)]	Loss: 124.907768
[2022-10-20 00:46:53] PRINT Train Epoch: 10 [14080/60000 (23%)]	Loss: 123.416939
[2022-10-20 00:46:53] PRINT Train Epoch: 10 [15360/60000 (26%)]	Loss: 127.958015
[2022-10-20 00:46:53] PRINT Train Epoch: 10 [16640/60000 (28%)]	Loss: 126.297195
[2022-10-20 00:46:54] PRINT Train Epoch: 10 [17920/60000 (30%)]	Loss: 123.780243
[2022-10-20 00:46:54] PRINT Train Epoch: 10 [19200/60000 (32%)]	Loss: 124.484009
[2022-10-20 00:46:54] PRINT Train Epoch: 10 [20480/60000 (34%)]	Loss: 121.991676
[2022-10-20 00:46:54] PRINT Train Epoch: 10 [21760/60000 (36%)]	Loss: 129.641098
[2022-10-20 00:46:55] PRINT Train Epoch: 10 [23040/60000 (38%)]	Loss: 118.197151
[2022-10-20 00:46:55] PRINT Train Epoch: 10 [24320/60000 (41%)]	Loss: 130.372391
[2022-10-20 00:46:55] PRINT Train Epoch: 10 [25600/60000 (43%)]	Loss: 128.051315
[2022-10-20 00:46:56] PRINT Train Epoch: 10 [26880/60000 (45%)]	Loss: 119.450302
[2022-10-20 00:46:56] PRINT Train Epoch: 10 [28160/60000 (47%)]	Loss: 122.631088
[2022-10-20 00:46:56] PRINT Train Epoch: 10 [29440/60000 (49%)]	Loss: 120.466408
[2022-10-20 00:46:57] PRINT Train Epoch: 10 [30720/60000 (51%)]	Loss: 117.403168
[2022-10-20 00:46:57] PRINT Train Epoch: 10 [32000/60000 (53%)]	Loss: 119.758186
[2022-10-20 00:46:57] PRINT Train Epoch: 10 [33280/60000 (55%)]	Loss: 120.968307
[2022-10-20 00:46:58] PRINT Train Epoch: 10 [34560/60000 (58%)]	Loss: 122.131439
[2022-10-20 00:46:58] PRINT Train Epoch: 10 [35840/60000 (60%)]	Loss: 125.411125
[2022-10-20 00:46:58] PRINT Train Epoch: 10 [37120/60000 (62%)]	Loss: 123.358681
[2022-10-20 00:46:59] PRINT Train Epoch: 10 [38400/60000 (64%)]	Loss: 128.896866
[2022-10-20 00:46:59] PRINT Train Epoch: 10 [39680/60000 (66%)]	Loss: 125.072006
[2022-10-20 00:46:59] PRINT Train Epoch: 10 [40960/60000 (68%)]	Loss: 122.197571
[2022-10-20 00:46:59] PRINT Train Epoch: 10 [42240/60000 (70%)]	Loss: 127.843292
[2022-10-20 00:47:00] PRINT Train Epoch: 10 [43520/60000 (72%)]	Loss: 122.568787
[2022-10-20 00:47:00] PRINT Train Epoch: 10 [44800/60000 (75%)]	Loss: 127.628693
[2022-10-20 00:47:00] PRINT Train Epoch: 10 [46080/60000 (77%)]	Loss: 122.054474
[2022-10-20 00:47:01] PRINT Train Epoch: 10 [47360/60000 (79%)]	Loss: 122.735023
[2022-10-20 00:47:01] PRINT Train Epoch: 10 [48640/60000 (81%)]	Loss: 126.083176
[2022-10-20 00:47:01] PRINT Train Epoch: 10 [49920/60000 (83%)]	Loss: 123.525078
[2022-10-20 00:47:02] PRINT Train Epoch: 10 [51200/60000 (85%)]	Loss: 124.777977
[2022-10-20 00:47:02] PRINT Train Epoch: 10 [52480/60000 (87%)]	Loss: 125.033028
[2022-10-20 00:47:02] PRINT Train Epoch: 10 [53760/60000 (90%)]	Loss: 126.628647
[2022-10-20 00:47:03] PRINT Train Epoch: 10 [55040/60000 (92%)]	Loss: 125.142967
[2022-10-20 00:47:03] PRINT Train Epoch: 10 [56320/60000 (94%)]	Loss: 123.278999
[2022-10-20 00:47:03] PRINT Train Epoch: 10 [57600/60000 (96%)]	Loss: 120.125069
[2022-10-20 00:47:04] PRINT Train Epoch: 10 [58880/60000 (98%)]	Loss: 124.880379
[2022-10-20 00:47:04] PRINT ====> Epoch: 10 Average loss: 123.3467
[2022-10-20 00:47:06] PRINT ====> Test set loss: 123.3120
