[2022-10-19 23:24:48] PRINT {'features1': 300, 'features2': 20, 'lr': 0.00010188736903654298, 'epsilon': 1e-06}
[2022-10-19 23:24:48] PRINT Using cuda device
[2022-10-19 23:24:49] PRINT Train Epoch: 1 [0/60000 (0%)]	Loss: 550.489014
[2022-10-19 23:24:49] PRINT Train Epoch: 1 [1280/60000 (2%)]	Loss: 530.071777
[2022-10-19 23:24:50] PRINT Train Epoch: 1 [2560/60000 (4%)]	Loss: 509.283417
[2022-10-19 23:24:50] PRINT Train Epoch: 1 [3840/60000 (6%)]	Loss: 486.032776
[2022-10-19 23:24:50] PRINT Train Epoch: 1 [5120/60000 (9%)]	Loss: 455.414185
[2022-10-19 23:24:50] PRINT Train Epoch: 1 [6400/60000 (11%)]	Loss: 419.212006
[2022-10-19 23:24:50] PRINT Train Epoch: 1 [7680/60000 (13%)]	Loss: 370.981445
[2022-10-19 23:24:50] PRINT Train Epoch: 1 [8960/60000 (15%)]	Loss: 343.433350
[2022-10-19 23:24:50] PRINT Train Epoch: 1 [10240/60000 (17%)]	Loss: 314.199493
[2022-10-19 23:24:50] PRINT Train Epoch: 1 [11520/60000 (19%)]	Loss: 301.854340
[2022-10-19 23:24:50] PRINT Train Epoch: 1 [12800/60000 (21%)]	Loss: 285.118774
[2022-10-19 23:24:51] PRINT Train Epoch: 1 [14080/60000 (23%)]	Loss: 286.289764
[2022-10-19 23:24:51] PRINT Train Epoch: 1 [15360/60000 (26%)]	Loss: 267.949066
[2022-10-19 23:24:51] PRINT Train Epoch: 1 [16640/60000 (28%)]	Loss: 257.168640
[2022-10-19 23:24:51] PRINT Train Epoch: 1 [17920/60000 (30%)]	Loss: 262.451904
[2022-10-19 23:24:51] PRINT Train Epoch: 1 [19200/60000 (32%)]	Loss: 255.659317
[2022-10-19 23:24:51] PRINT Train Epoch: 1 [20480/60000 (34%)]	Loss: 249.581436
[2022-10-19 23:24:51] PRINT Train Epoch: 1 [21760/60000 (36%)]	Loss: 244.308685
[2022-10-19 23:24:51] PRINT Train Epoch: 1 [23040/60000 (38%)]	Loss: 243.479950
[2022-10-19 23:24:51] PRINT Train Epoch: 1 [24320/60000 (41%)]	Loss: 238.591721
[2022-10-19 23:24:51] PRINT Train Epoch: 1 [25600/60000 (43%)]	Loss: 246.219589
[2022-10-19 23:24:52] PRINT Train Epoch: 1 [26880/60000 (45%)]	Loss: 238.581375
[2022-10-19 23:24:52] PRINT Train Epoch: 1 [28160/60000 (47%)]	Loss: 235.010925
[2022-10-19 23:24:52] PRINT Train Epoch: 1 [29440/60000 (49%)]	Loss: 232.437698
[2022-10-19 23:24:52] PRINT Train Epoch: 1 [30720/60000 (51%)]	Loss: 236.250107
[2022-10-19 23:24:52] PRINT Train Epoch: 1 [32000/60000 (53%)]	Loss: 226.402100
[2022-10-19 23:24:52] PRINT Train Epoch: 1 [33280/60000 (55%)]	Loss: 231.858017
[2022-10-19 23:24:52] PRINT Train Epoch: 1 [34560/60000 (58%)]	Loss: 228.301056
[2022-10-19 23:24:52] PRINT Train Epoch: 1 [35840/60000 (60%)]	Loss: 227.432709
[2022-10-19 23:24:52] PRINT Train Epoch: 1 [37120/60000 (62%)]	Loss: 230.281250
[2022-10-19 23:24:52] PRINT Train Epoch: 1 [38400/60000 (64%)]	Loss: 228.990677
[2022-10-19 23:24:53] PRINT Train Epoch: 1 [39680/60000 (66%)]	Loss: 224.310654
[2022-10-19 23:24:53] PRINT Train Epoch: 1 [40960/60000 (68%)]	Loss: 227.590500
[2022-10-19 23:24:53] PRINT Train Epoch: 1 [42240/60000 (70%)]	Loss: 216.647675
[2022-10-19 23:24:53] PRINT Train Epoch: 1 [43520/60000 (72%)]	Loss: 223.266541
[2022-10-19 23:24:53] PRINT Train Epoch: 1 [44800/60000 (75%)]	Loss: 211.964188
[2022-10-19 23:24:53] PRINT Train Epoch: 1 [46080/60000 (77%)]	Loss: 218.585754
[2022-10-19 23:24:53] PRINT Train Epoch: 1 [47360/60000 (79%)]	Loss: 215.049500
[2022-10-19 23:24:53] PRINT Train Epoch: 1 [48640/60000 (81%)]	Loss: 224.673172
[2022-10-19 23:24:53] PRINT Train Epoch: 1 [49920/60000 (83%)]	Loss: 220.128784
[2022-10-19 23:24:53] PRINT Train Epoch: 1 [51200/60000 (85%)]	Loss: 213.989853
[2022-10-19 23:24:54] PRINT Train Epoch: 1 [52480/60000 (87%)]	Loss: 211.854675
[2022-10-19 23:24:54] PRINT Train Epoch: 1 [53760/60000 (90%)]	Loss: 214.387527
[2022-10-19 23:24:54] PRINT Train Epoch: 1 [55040/60000 (92%)]	Loss: 215.024719
[2022-10-19 23:24:54] PRINT Train Epoch: 1 [56320/60000 (94%)]	Loss: 207.466965
[2022-10-19 23:24:54] PRINT Train Epoch: 1 [57600/60000 (96%)]	Loss: 208.554916
[2022-10-19 23:24:54] PRINT Train Epoch: 1 [58880/60000 (98%)]	Loss: 202.831757
[2022-10-19 23:24:54] PRINT ====> Epoch: 1 Average loss: 271.3824
[2022-10-19 23:24:55] PRINT ====> Test set loss: 205.9380
[2022-10-19 23:24:55] PRINT Train Epoch: 2 [0/60000 (0%)]	Loss: 205.010788
[2022-10-19 23:24:55] PRINT Train Epoch: 2 [1280/60000 (2%)]	Loss: 207.085144
[2022-10-19 23:24:55] PRINT Train Epoch: 2 [2560/60000 (4%)]	Loss: 207.319336
[2022-10-19 23:24:55] PRINT Train Epoch: 2 [3840/60000 (6%)]	Loss: 202.797836
[2022-10-19 23:24:56] PRINT Train Epoch: 2 [5120/60000 (9%)]	Loss: 202.452591
[2022-10-19 23:24:56] PRINT Train Epoch: 2 [6400/60000 (11%)]	Loss: 198.986389
[2022-10-19 23:24:56] PRINT Train Epoch: 2 [7680/60000 (13%)]	Loss: 198.467560
[2022-10-19 23:24:56] PRINT Train Epoch: 2 [8960/60000 (15%)]	Loss: 202.001251
[2022-10-19 23:24:56] PRINT Train Epoch: 2 [10240/60000 (17%)]	Loss: 200.746811
[2022-10-19 23:24:56] PRINT Train Epoch: 2 [11520/60000 (19%)]	Loss: 201.778748
[2022-10-19 23:24:56] PRINT Train Epoch: 2 [12800/60000 (21%)]	Loss: 196.756104
[2022-10-19 23:24:56] PRINT Train Epoch: 2 [14080/60000 (23%)]	Loss: 200.595047
[2022-10-19 23:24:56] PRINT Train Epoch: 2 [15360/60000 (26%)]	Loss: 190.714920
[2022-10-19 23:24:56] PRINT Train Epoch: 2 [16640/60000 (28%)]	Loss: 191.816483
[2022-10-19 23:24:57] PRINT Train Epoch: 2 [17920/60000 (30%)]	Loss: 190.827606
[2022-10-19 23:24:57] PRINT Train Epoch: 2 [19200/60000 (32%)]	Loss: 187.720062
[2022-10-19 23:24:57] PRINT Train Epoch: 2 [20480/60000 (34%)]	Loss: 186.467606
[2022-10-19 23:24:57] PRINT Train Epoch: 2 [21760/60000 (36%)]	Loss: 182.068726
[2022-10-19 23:24:57] PRINT Train Epoch: 2 [23040/60000 (38%)]	Loss: 178.207077
[2022-10-19 23:24:57] PRINT Train Epoch: 2 [24320/60000 (41%)]	Loss: 192.741852
[2022-10-19 23:24:57] PRINT Train Epoch: 2 [25600/60000 (43%)]	Loss: 187.851990
[2022-10-19 23:24:57] PRINT Train Epoch: 2 [26880/60000 (45%)]	Loss: 182.850189
[2022-10-19 23:24:57] PRINT Train Epoch: 2 [28160/60000 (47%)]	Loss: 182.299408
[2022-10-19 23:24:57] PRINT Train Epoch: 2 [29440/60000 (49%)]	Loss: 183.481049
[2022-10-19 23:24:58] PRINT Train Epoch: 2 [30720/60000 (51%)]	Loss: 190.299088
[2022-10-19 23:24:58] PRINT Train Epoch: 2 [32000/60000 (53%)]	Loss: 182.705017
[2022-10-19 23:24:58] PRINT Train Epoch: 2 [33280/60000 (55%)]	Loss: 178.703217
[2022-10-19 23:24:58] PRINT Train Epoch: 2 [34560/60000 (58%)]	Loss: 182.581528
[2022-10-19 23:24:58] PRINT Train Epoch: 2 [35840/60000 (60%)]	Loss: 180.331497
[2022-10-19 23:24:58] PRINT Train Epoch: 2 [37120/60000 (62%)]	Loss: 181.263092
[2022-10-19 23:24:58] PRINT Train Epoch: 2 [38400/60000 (64%)]	Loss: 181.929352
[2022-10-19 23:24:58] PRINT Train Epoch: 2 [39680/60000 (66%)]	Loss: 178.027283
[2022-10-19 23:24:58] PRINT Train Epoch: 2 [40960/60000 (68%)]	Loss: 177.564041
[2022-10-19 23:24:58] PRINT Train Epoch: 2 [42240/60000 (70%)]	Loss: 178.971878
[2022-10-19 23:24:59] PRINT Train Epoch: 2 [43520/60000 (72%)]	Loss: 182.177658
[2022-10-19 23:24:59] PRINT Train Epoch: 2 [44800/60000 (75%)]	Loss: 173.249451
[2022-10-19 23:24:59] PRINT Train Epoch: 2 [46080/60000 (77%)]	Loss: 181.281586
[2022-10-19 23:24:59] PRINT Train Epoch: 2 [47360/60000 (79%)]	Loss: 175.146759
[2022-10-19 23:24:59] PRINT Train Epoch: 2 [48640/60000 (81%)]	Loss: 182.214005
[2022-10-19 23:24:59] PRINT Train Epoch: 2 [49920/60000 (83%)]	Loss: 169.716156
[2022-10-19 23:24:59] PRINT Train Epoch: 2 [51200/60000 (85%)]	Loss: 176.220352
[2022-10-19 23:24:59] PRINT Train Epoch: 2 [52480/60000 (87%)]	Loss: 180.136902
[2022-10-19 23:24:59] PRINT Train Epoch: 2 [53760/60000 (90%)]	Loss: 172.075241
[2022-10-19 23:25:00] PRINT Train Epoch: 2 [55040/60000 (92%)]	Loss: 165.691803
[2022-10-19 23:25:00] PRINT Train Epoch: 2 [56320/60000 (94%)]	Loss: 173.016968
[2022-10-19 23:25:00] PRINT Train Epoch: 2 [57600/60000 (96%)]	Loss: 171.360504
[2022-10-19 23:25:00] PRINT Train Epoch: 2 [58880/60000 (98%)]	Loss: 170.010544
[2022-10-19 23:25:00] PRINT ====> Epoch: 2 Average loss: 186.0650
[2022-10-19 23:25:01] PRINT ====> Test set loss: 170.5785
[2022-10-19 23:25:01] PRINT Train Epoch: 3 [0/60000 (0%)]	Loss: 170.219101
[2022-10-19 23:25:01] PRINT Train Epoch: 3 [1280/60000 (2%)]	Loss: 168.957581
[2022-10-19 23:25:01] PRINT Train Epoch: 3 [2560/60000 (4%)]	Loss: 171.688416
[2022-10-19 23:25:01] PRINT Train Epoch: 3 [3840/60000 (6%)]	Loss: 173.216660
[2022-10-19 23:25:01] PRINT Train Epoch: 3 [5120/60000 (9%)]	Loss: 168.004486
[2022-10-19 23:25:01] PRINT Train Epoch: 3 [6400/60000 (11%)]	Loss: 169.105118
[2022-10-19 23:25:01] PRINT Train Epoch: 3 [7680/60000 (13%)]	Loss: 167.366989
[2022-10-19 23:25:02] PRINT Train Epoch: 3 [8960/60000 (15%)]	Loss: 161.336380
[2022-10-19 23:25:02] PRINT Train Epoch: 3 [10240/60000 (17%)]	Loss: 175.566284
[2022-10-19 23:25:02] PRINT Train Epoch: 3 [11520/60000 (19%)]	Loss: 163.806870
[2022-10-19 23:25:02] PRINT Train Epoch: 3 [12800/60000 (21%)]	Loss: 170.029160
[2022-10-19 23:25:02] PRINT Train Epoch: 3 [14080/60000 (23%)]	Loss: 166.774445
[2022-10-19 23:25:02] PRINT Train Epoch: 3 [15360/60000 (26%)]	Loss: 170.813232
[2022-10-19 23:25:02] PRINT Train Epoch: 3 [16640/60000 (28%)]	Loss: 165.336945
[2022-10-19 23:25:02] PRINT Train Epoch: 3 [17920/60000 (30%)]	Loss: 166.200867
[2022-10-19 23:25:02] PRINT Train Epoch: 3 [19200/60000 (32%)]	Loss: 169.777069
[2022-10-19 23:25:02] PRINT Train Epoch: 3 [20480/60000 (34%)]	Loss: 166.340195
[2022-10-19 23:25:03] PRINT Train Epoch: 3 [21760/60000 (36%)]	Loss: 158.520889
[2022-10-19 23:25:03] PRINT Train Epoch: 3 [23040/60000 (38%)]	Loss: 169.977051
[2022-10-19 23:25:03] PRINT Train Epoch: 3 [24320/60000 (41%)]	Loss: 158.973297
[2022-10-19 23:25:03] PRINT Train Epoch: 3 [25600/60000 (43%)]	Loss: 165.087372
[2022-10-19 23:25:03] PRINT Train Epoch: 3 [26880/60000 (45%)]	Loss: 159.697845
[2022-10-19 23:25:03] PRINT Train Epoch: 3 [28160/60000 (47%)]	Loss: 162.940323
[2022-10-19 23:25:03] PRINT Train Epoch: 3 [29440/60000 (49%)]	Loss: 163.824097
[2022-10-19 23:25:03] PRINT Train Epoch: 3 [30720/60000 (51%)]	Loss: 160.364288
[2022-10-19 23:25:03] PRINT Train Epoch: 3 [32000/60000 (53%)]	Loss: 160.876129
[2022-10-19 23:25:04] PRINT Train Epoch: 3 [33280/60000 (55%)]	Loss: 160.318283
[2022-10-19 23:25:04] PRINT Train Epoch: 3 [34560/60000 (58%)]	Loss: 167.524399
[2022-10-19 23:25:04] PRINT Train Epoch: 3 [35840/60000 (60%)]	Loss: 164.749908
[2022-10-19 23:25:04] PRINT Train Epoch: 3 [37120/60000 (62%)]	Loss: 162.070831
[2022-10-19 23:25:04] PRINT Train Epoch: 3 [38400/60000 (64%)]	Loss: 162.892975
[2022-10-19 23:25:04] PRINT Train Epoch: 3 [39680/60000 (66%)]	Loss: 161.412445
[2022-10-19 23:25:04] PRINT Train Epoch: 3 [40960/60000 (68%)]	Loss: 153.800079
[2022-10-19 23:25:04] PRINT Train Epoch: 3 [42240/60000 (70%)]	Loss: 160.045303
[2022-10-19 23:25:04] PRINT Train Epoch: 3 [43520/60000 (72%)]	Loss: 160.857437
[2022-10-19 23:25:05] PRINT Train Epoch: 3 [44800/60000 (75%)]	Loss: 154.858490
[2022-10-19 23:25:05] PRINT Train Epoch: 3 [46080/60000 (77%)]	Loss: 160.850754
[2022-10-19 23:25:05] PRINT Train Epoch: 3 [47360/60000 (79%)]	Loss: 153.989197
[2022-10-19 23:25:05] PRINT Train Epoch: 3 [48640/60000 (81%)]	Loss: 162.020630
[2022-10-19 23:25:05] PRINT Train Epoch: 3 [49920/60000 (83%)]	Loss: 161.051773
[2022-10-19 23:25:05] PRINT Train Epoch: 3 [51200/60000 (85%)]	Loss: 158.993622
[2022-10-19 23:25:05] PRINT Train Epoch: 3 [52480/60000 (87%)]	Loss: 155.372955
[2022-10-19 23:25:05] PRINT Train Epoch: 3 [53760/60000 (90%)]	Loss: 156.453674
[2022-10-19 23:25:05] PRINT Train Epoch: 3 [55040/60000 (92%)]	Loss: 150.102585
[2022-10-19 23:25:05] PRINT Train Epoch: 3 [56320/60000 (94%)]	Loss: 155.121826
[2022-10-19 23:25:06] PRINT Train Epoch: 3 [57600/60000 (96%)]	Loss: 151.826157
[2022-10-19 23:25:06] PRINT Train Epoch: 3 [58880/60000 (98%)]	Loss: 155.392471
[2022-10-19 23:25:06] PRINT ====> Epoch: 3 Average loss: 163.2903
[2022-10-19 23:25:07] PRINT ====> Test set loss: 155.2164
[2022-10-19 23:25:07] PRINT Train Epoch: 4 [0/60000 (0%)]	Loss: 154.154541
[2022-10-19 23:25:07] PRINT Train Epoch: 4 [1280/60000 (2%)]	Loss: 159.800232
[2022-10-19 23:25:07] PRINT Train Epoch: 4 [2560/60000 (4%)]	Loss: 151.972504
[2022-10-19 23:25:07] PRINT Train Epoch: 4 [3840/60000 (6%)]	Loss: 154.486725
[2022-10-19 23:25:07] PRINT Train Epoch: 4 [5120/60000 (9%)]	Loss: 151.015213
[2022-10-19 23:25:07] PRINT Train Epoch: 4 [6400/60000 (11%)]	Loss: 156.750320
[2022-10-19 23:25:07] PRINT Train Epoch: 4 [7680/60000 (13%)]	Loss: 155.547058
[2022-10-19 23:25:08] PRINT Train Epoch: 4 [8960/60000 (15%)]	Loss: 159.422791
[2022-10-19 23:25:08] PRINT Train Epoch: 4 [10240/60000 (17%)]	Loss: 150.896851
[2022-10-19 23:25:08] PRINT Train Epoch: 4 [11520/60000 (19%)]	Loss: 150.823242
[2022-10-19 23:25:08] PRINT Train Epoch: 4 [12800/60000 (21%)]	Loss: 153.931244
[2022-10-19 23:25:08] PRINT Train Epoch: 4 [14080/60000 (23%)]	Loss: 153.350754
[2022-10-19 23:25:08] PRINT Train Epoch: 4 [15360/60000 (26%)]	Loss: 151.445053
[2022-10-19 23:25:08] PRINT Train Epoch: 4 [16640/60000 (28%)]	Loss: 154.253845
[2022-10-19 23:25:08] PRINT Train Epoch: 4 [17920/60000 (30%)]	Loss: 153.232574
[2022-10-19 23:25:08] PRINT Train Epoch: 4 [19200/60000 (32%)]	Loss: 153.691589
[2022-10-19 23:25:08] PRINT Train Epoch: 4 [20480/60000 (34%)]	Loss: 145.856842
[2022-10-19 23:25:09] PRINT Train Epoch: 4 [21760/60000 (36%)]	Loss: 152.104401
[2022-10-19 23:25:09] PRINT Train Epoch: 4 [23040/60000 (38%)]	Loss: 151.270020
[2022-10-19 23:25:09] PRINT Train Epoch: 4 [24320/60000 (41%)]	Loss: 150.368469
[2022-10-19 23:25:09] PRINT Train Epoch: 4 [25600/60000 (43%)]	Loss: 155.544617
[2022-10-19 23:25:09] PRINT Train Epoch: 4 [26880/60000 (45%)]	Loss: 145.079132
[2022-10-19 23:25:09] PRINT Train Epoch: 4 [28160/60000 (47%)]	Loss: 148.693649
[2022-10-19 23:25:09] PRINT Train Epoch: 4 [29440/60000 (49%)]	Loss: 150.741852
[2022-10-19 23:25:09] PRINT Train Epoch: 4 [30720/60000 (51%)]	Loss: 147.652374
[2022-10-19 23:25:09] PRINT Train Epoch: 4 [32000/60000 (53%)]	Loss: 152.132004
[2022-10-19 23:25:10] PRINT Train Epoch: 4 [33280/60000 (55%)]	Loss: 154.380859
[2022-10-19 23:25:10] PRINT Train Epoch: 4 [34560/60000 (58%)]	Loss: 153.110306
[2022-10-19 23:25:10] PRINT Train Epoch: 4 [35840/60000 (60%)]	Loss: 150.263138
[2022-10-19 23:25:10] PRINT Train Epoch: 4 [37120/60000 (62%)]	Loss: 152.683914
[2022-10-19 23:25:10] PRINT Train Epoch: 4 [38400/60000 (64%)]	Loss: 146.682770
[2022-10-19 23:25:10] PRINT Train Epoch: 4 [39680/60000 (66%)]	Loss: 151.522980
[2022-10-19 23:25:10] PRINT Train Epoch: 4 [40960/60000 (68%)]	Loss: 141.422913
[2022-10-19 23:25:10] PRINT Train Epoch: 4 [42240/60000 (70%)]	Loss: 147.451828
[2022-10-19 23:25:10] PRINT Train Epoch: 4 [43520/60000 (72%)]	Loss: 150.026184
[2022-10-19 23:25:10] PRINT Train Epoch: 4 [44800/60000 (75%)]	Loss: 144.500153
[2022-10-19 23:25:11] PRINT Train Epoch: 4 [46080/60000 (77%)]	Loss: 145.574814
[2022-10-19 23:25:11] PRINT Train Epoch: 4 [47360/60000 (79%)]	Loss: 152.254745
[2022-10-19 23:25:11] PRINT Train Epoch: 4 [48640/60000 (81%)]	Loss: 147.351624
[2022-10-19 23:25:11] PRINT Train Epoch: 4 [49920/60000 (83%)]	Loss: 142.035095
[2022-10-19 23:25:11] PRINT Train Epoch: 4 [51200/60000 (85%)]	Loss: 148.506042
[2022-10-19 23:25:11] PRINT Train Epoch: 4 [52480/60000 (87%)]	Loss: 143.740417
[2022-10-19 23:25:11] PRINT Train Epoch: 4 [53760/60000 (90%)]	Loss: 144.791672
[2022-10-19 23:25:11] PRINT Train Epoch: 4 [55040/60000 (92%)]	Loss: 146.922516
[2022-10-19 23:25:11] PRINT Train Epoch: 4 [56320/60000 (94%)]	Loss: 146.217209
[2022-10-19 23:25:12] PRINT Train Epoch: 4 [57600/60000 (96%)]	Loss: 148.234100
[2022-10-19 23:25:12] PRINT Train Epoch: 4 [58880/60000 (98%)]	Loss: 150.362869
[2022-10-19 23:25:12] PRINT ====> Epoch: 4 Average loss: 150.7275
[2022-10-19 23:25:13] PRINT ====> Test set loss: 145.0517
[2022-10-19 23:25:13] PRINT Train Epoch: 5 [0/60000 (0%)]	Loss: 146.527603
[2022-10-19 23:25:13] PRINT Train Epoch: 5 [1280/60000 (2%)]	Loss: 143.418488
[2022-10-19 23:25:13] PRINT Train Epoch: 5 [2560/60000 (4%)]	Loss: 147.784790
[2022-10-19 23:25:13] PRINT Train Epoch: 5 [3840/60000 (6%)]	Loss: 148.348938
[2022-10-19 23:25:13] PRINT Train Epoch: 5 [5120/60000 (9%)]	Loss: 145.629700
[2022-10-19 23:25:13] PRINT Train Epoch: 5 [6400/60000 (11%)]	Loss: 141.935822
[2022-10-19 23:25:13] PRINT Train Epoch: 5 [7680/60000 (13%)]	Loss: 145.522308
[2022-10-19 23:25:13] PRINT Train Epoch: 5 [8960/60000 (15%)]	Loss: 145.708572
[2022-10-19 23:25:13] PRINT Train Epoch: 5 [10240/60000 (17%)]	Loss: 141.904587
[2022-10-19 23:25:14] PRINT Train Epoch: 5 [11520/60000 (19%)]	Loss: 146.165512
[2022-10-19 23:25:14] PRINT Train Epoch: 5 [12800/60000 (21%)]	Loss: 143.680542
[2022-10-19 23:25:14] PRINT Train Epoch: 5 [14080/60000 (23%)]	Loss: 144.862732
[2022-10-19 23:25:14] PRINT Train Epoch: 5 [15360/60000 (26%)]	Loss: 140.997650
[2022-10-19 23:25:14] PRINT Train Epoch: 5 [16640/60000 (28%)]	Loss: 142.930984
[2022-10-19 23:25:14] PRINT Train Epoch: 5 [17920/60000 (30%)]	Loss: 143.515930
[2022-10-19 23:25:14] PRINT Train Epoch: 5 [19200/60000 (32%)]	Loss: 142.307190
[2022-10-19 23:25:14] PRINT Train Epoch: 5 [20480/60000 (34%)]	Loss: 139.299225
[2022-10-19 23:25:14] PRINT Train Epoch: 5 [21760/60000 (36%)]	Loss: 144.307541
[2022-10-19 23:25:15] PRINT Train Epoch: 5 [23040/60000 (38%)]	Loss: 143.856033
[2022-10-19 23:25:15] PRINT Train Epoch: 5 [24320/60000 (41%)]	Loss: 147.346130
[2022-10-19 23:25:15] PRINT Train Epoch: 5 [25600/60000 (43%)]	Loss: 147.912262
[2022-10-19 23:25:15] PRINT Train Epoch: 5 [26880/60000 (45%)]	Loss: 140.524460
[2022-10-19 23:25:15] PRINT Train Epoch: 5 [28160/60000 (47%)]	Loss: 141.425735
[2022-10-19 23:25:15] PRINT Train Epoch: 5 [29440/60000 (49%)]	Loss: 143.628845
[2022-10-19 23:25:15] PRINT Train Epoch: 5 [30720/60000 (51%)]	Loss: 138.493866
[2022-10-19 23:25:15] PRINT Train Epoch: 5 [32000/60000 (53%)]	Loss: 136.905106
[2022-10-19 23:25:15] PRINT Train Epoch: 5 [33280/60000 (55%)]	Loss: 138.894272
[2022-10-19 23:25:15] PRINT Train Epoch: 5 [34560/60000 (58%)]	Loss: 141.273788
[2022-10-19 23:25:16] PRINT Train Epoch: 5 [35840/60000 (60%)]	Loss: 141.264267
[2022-10-19 23:25:16] PRINT Train Epoch: 5 [37120/60000 (62%)]	Loss: 141.480240
[2022-10-19 23:25:16] PRINT Train Epoch: 5 [38400/60000 (64%)]	Loss: 140.913879
[2022-10-19 23:25:16] PRINT Train Epoch: 5 [39680/60000 (66%)]	Loss: 141.793259
[2022-10-19 23:25:16] PRINT Train Epoch: 5 [40960/60000 (68%)]	Loss: 142.242935
[2022-10-19 23:25:16] PRINT Train Epoch: 5 [42240/60000 (70%)]	Loss: 146.569702
[2022-10-19 23:25:16] PRINT Train Epoch: 5 [43520/60000 (72%)]	Loss: 142.524658
[2022-10-19 23:25:16] PRINT Train Epoch: 5 [44800/60000 (75%)]	Loss: 140.967941
[2022-10-19 23:25:16] PRINT Train Epoch: 5 [46080/60000 (77%)]	Loss: 136.127167
[2022-10-19 23:25:17] PRINT Train Epoch: 5 [47360/60000 (79%)]	Loss: 135.110001
[2022-10-19 23:25:17] PRINT Train Epoch: 5 [48640/60000 (81%)]	Loss: 139.356110
[2022-10-19 23:25:17] PRINT Train Epoch: 5 [49920/60000 (83%)]	Loss: 137.692688
[2022-10-19 23:25:17] PRINT Train Epoch: 5 [51200/60000 (85%)]	Loss: 134.855881
[2022-10-19 23:25:17] PRINT Train Epoch: 5 [52480/60000 (87%)]	Loss: 142.577026
[2022-10-19 23:25:17] PRINT Train Epoch: 5 [53760/60000 (90%)]	Loss: 145.084579
[2022-10-19 23:25:17] PRINT Train Epoch: 5 [55040/60000 (92%)]	Loss: 137.736420
[2022-10-19 23:25:17] PRINT Train Epoch: 5 [56320/60000 (94%)]	Loss: 141.217041
[2022-10-19 23:25:17] PRINT Train Epoch: 5 [57600/60000 (96%)]	Loss: 142.603180
[2022-10-19 23:25:17] PRINT Train Epoch: 5 [58880/60000 (98%)]	Loss: 131.713913
[2022-10-19 23:25:18] PRINT ====> Epoch: 5 Average loss: 142.1175
[2022-10-19 23:25:18] PRINT ====> Test set loss: 137.7459
[2022-10-19 23:25:19] PRINT Train Epoch: 6 [0/60000 (0%)]	Loss: 135.016876
[2022-10-19 23:25:19] PRINT Train Epoch: 6 [1280/60000 (2%)]	Loss: 142.840073
[2022-10-19 23:25:19] PRINT Train Epoch: 6 [2560/60000 (4%)]	Loss: 138.299469
[2022-10-19 23:25:19] PRINT Train Epoch: 6 [3840/60000 (6%)]	Loss: 138.159943
[2022-10-19 23:25:19] PRINT Train Epoch: 6 [5120/60000 (9%)]	Loss: 136.746887
[2022-10-19 23:25:19] PRINT Train Epoch: 6 [6400/60000 (11%)]	Loss: 142.300583
[2022-10-19 23:25:19] PRINT Train Epoch: 6 [7680/60000 (13%)]	Loss: 141.097290
[2022-10-19 23:25:19] PRINT Train Epoch: 6 [8960/60000 (15%)]	Loss: 138.774979
[2022-10-19 23:25:19] PRINT Train Epoch: 6 [10240/60000 (17%)]	Loss: 145.150375
[2022-10-19 23:25:19] PRINT Train Epoch: 6 [11520/60000 (19%)]	Loss: 136.320877
[2022-10-19 23:25:20] PRINT Train Epoch: 6 [12800/60000 (21%)]	Loss: 137.686935
[2022-10-19 23:25:20] PRINT Train Epoch: 6 [14080/60000 (23%)]	Loss: 137.706314
[2022-10-19 23:25:20] PRINT Train Epoch: 6 [15360/60000 (26%)]	Loss: 135.017242
[2022-10-19 23:25:20] PRINT Train Epoch: 6 [16640/60000 (28%)]	Loss: 136.996567
[2022-10-19 23:25:20] PRINT Train Epoch: 6 [17920/60000 (30%)]	Loss: 136.490082
[2022-10-19 23:25:20] PRINT Train Epoch: 6 [19200/60000 (32%)]	Loss: 135.644989
[2022-10-19 23:25:20] PRINT Train Epoch: 6 [20480/60000 (34%)]	Loss: 136.023178
[2022-10-19 23:25:20] PRINT Train Epoch: 6 [21760/60000 (36%)]	Loss: 137.211823
[2022-10-19 23:25:20] PRINT Train Epoch: 6 [23040/60000 (38%)]	Loss: 135.767883
[2022-10-19 23:25:20] PRINT Train Epoch: 6 [24320/60000 (41%)]	Loss: 134.911682
[2022-10-19 23:25:21] PRINT Train Epoch: 6 [25600/60000 (43%)]	Loss: 135.432907
[2022-10-19 23:25:21] PRINT Train Epoch: 6 [26880/60000 (45%)]	Loss: 134.886047
[2022-10-19 23:25:21] PRINT Train Epoch: 6 [28160/60000 (47%)]	Loss: 140.373077
[2022-10-19 23:25:21] PRINT Train Epoch: 6 [29440/60000 (49%)]	Loss: 140.241760
[2022-10-19 23:25:21] PRINT Train Epoch: 6 [30720/60000 (51%)]	Loss: 134.319183
[2022-10-19 23:25:21] PRINT Train Epoch: 6 [32000/60000 (53%)]	Loss: 136.046692
[2022-10-19 23:25:21] PRINT Train Epoch: 6 [33280/60000 (55%)]	Loss: 135.357849
[2022-10-19 23:25:21] PRINT Train Epoch: 6 [34560/60000 (58%)]	Loss: 138.700058
[2022-10-19 23:25:21] PRINT Train Epoch: 6 [35840/60000 (60%)]	Loss: 137.599609
[2022-10-19 23:25:22] PRINT Train Epoch: 6 [37120/60000 (62%)]	Loss: 129.218597
[2022-10-19 23:25:22] PRINT Train Epoch: 6 [38400/60000 (64%)]	Loss: 135.566849
[2022-10-19 23:25:22] PRINT Train Epoch: 6 [39680/60000 (66%)]	Loss: 138.268372
[2022-10-19 23:25:22] PRINT Train Epoch: 6 [40960/60000 (68%)]	Loss: 135.645111
[2022-10-19 23:25:22] PRINT Train Epoch: 6 [42240/60000 (70%)]	Loss: 132.643448
[2022-10-19 23:25:22] PRINT Train Epoch: 6 [43520/60000 (72%)]	Loss: 136.571350
[2022-10-19 23:25:22] PRINT Train Epoch: 6 [44800/60000 (75%)]	Loss: 137.608002
[2022-10-19 23:25:22] PRINT Train Epoch: 6 [46080/60000 (77%)]	Loss: 139.883896
[2022-10-19 23:25:22] PRINT Train Epoch: 6 [47360/60000 (79%)]	Loss: 136.400757
[2022-10-19 23:25:23] PRINT Train Epoch: 6 [48640/60000 (81%)]	Loss: 135.681564
[2022-10-19 23:25:23] PRINT Train Epoch: 6 [49920/60000 (83%)]	Loss: 134.391998
[2022-10-19 23:25:23] PRINT Train Epoch: 6 [51200/60000 (85%)]	Loss: 137.749969
[2022-10-19 23:25:23] PRINT Train Epoch: 6 [52480/60000 (87%)]	Loss: 137.900269
[2022-10-19 23:25:23] PRINT Train Epoch: 6 [53760/60000 (90%)]	Loss: 132.354507
[2022-10-19 23:25:23] PRINT Train Epoch: 6 [55040/60000 (92%)]	Loss: 139.467926
[2022-10-19 23:25:23] PRINT Train Epoch: 6 [56320/60000 (94%)]	Loss: 131.672394
[2022-10-19 23:25:23] PRINT Train Epoch: 6 [57600/60000 (96%)]	Loss: 136.391846
[2022-10-19 23:25:23] PRINT Train Epoch: 6 [58880/60000 (98%)]	Loss: 133.094757
[2022-10-19 23:25:23] PRINT ====> Epoch: 6 Average loss: 136.2819
[2022-10-19 23:25:24] PRINT ====> Test set loss: 132.9573
[2022-10-19 23:25:24] PRINT Train Epoch: 7 [0/60000 (0%)]	Loss: 139.094421
[2022-10-19 23:25:24] PRINT Train Epoch: 7 [1280/60000 (2%)]	Loss: 131.513657
[2022-10-19 23:25:25] PRINT Train Epoch: 7 [2560/60000 (4%)]	Loss: 132.462967
[2022-10-19 23:25:25] PRINT Train Epoch: 7 [3840/60000 (6%)]	Loss: 134.678421
[2022-10-19 23:25:25] PRINT Train Epoch: 7 [5120/60000 (9%)]	Loss: 134.514587
[2022-10-19 23:25:25] PRINT Train Epoch: 7 [6400/60000 (11%)]	Loss: 132.050491
[2022-10-19 23:25:25] PRINT Train Epoch: 7 [7680/60000 (13%)]	Loss: 135.447662
[2022-10-19 23:25:25] PRINT Train Epoch: 7 [8960/60000 (15%)]	Loss: 136.439255
[2022-10-19 23:25:25] PRINT Train Epoch: 7 [10240/60000 (17%)]	Loss: 135.299240
[2022-10-19 23:25:25] PRINT Train Epoch: 7 [11520/60000 (19%)]	Loss: 130.991104
[2022-10-19 23:25:25] PRINT Train Epoch: 7 [12800/60000 (21%)]	Loss: 136.706848
[2022-10-19 23:25:26] PRINT Train Epoch: 7 [14080/60000 (23%)]	Loss: 136.118546
[2022-10-19 23:25:26] PRINT Train Epoch: 7 [15360/60000 (26%)]	Loss: 129.711945
[2022-10-19 23:25:26] PRINT Train Epoch: 7 [16640/60000 (28%)]	Loss: 131.173615
[2022-10-19 23:25:26] PRINT Train Epoch: 7 [17920/60000 (30%)]	Loss: 136.370956
[2022-10-19 23:25:26] PRINT Train Epoch: 7 [19200/60000 (32%)]	Loss: 134.642929
[2022-10-19 23:25:26] PRINT Train Epoch: 7 [20480/60000 (34%)]	Loss: 133.535446
[2022-10-19 23:25:26] PRINT Train Epoch: 7 [21760/60000 (36%)]	Loss: 135.654739
[2022-10-19 23:25:26] PRINT Train Epoch: 7 [23040/60000 (38%)]	Loss: 131.141388
[2022-10-19 23:25:26] PRINT Train Epoch: 7 [24320/60000 (41%)]	Loss: 131.927872
[2022-10-19 23:25:26] PRINT Train Epoch: 7 [25600/60000 (43%)]	Loss: 133.148224
[2022-10-19 23:25:27] PRINT Train Epoch: 7 [26880/60000 (45%)]	Loss: 130.191513
[2022-10-19 23:25:27] PRINT Train Epoch: 7 [28160/60000 (47%)]	Loss: 129.739777
[2022-10-19 23:25:27] PRINT Train Epoch: 7 [29440/60000 (49%)]	Loss: 133.780914
[2022-10-19 23:25:27] PRINT Train Epoch: 7 [30720/60000 (51%)]	Loss: 132.829544
[2022-10-19 23:25:27] PRINT Train Epoch: 7 [32000/60000 (53%)]	Loss: 137.758362
[2022-10-19 23:25:27] PRINT Train Epoch: 7 [33280/60000 (55%)]	Loss: 132.940201
[2022-10-19 23:25:27] PRINT Train Epoch: 7 [34560/60000 (58%)]	Loss: 133.056610
[2022-10-19 23:25:27] PRINT Train Epoch: 7 [35840/60000 (60%)]	Loss: 134.051147
[2022-10-19 23:25:27] PRINT Train Epoch: 7 [37120/60000 (62%)]	Loss: 130.085953
[2022-10-19 23:25:28] PRINT Train Epoch: 7 [38400/60000 (64%)]	Loss: 135.716217
[2022-10-19 23:25:28] PRINT Train Epoch: 7 [39680/60000 (66%)]	Loss: 135.704086
[2022-10-19 23:25:28] PRINT Train Epoch: 7 [40960/60000 (68%)]	Loss: 137.149979
[2022-10-19 23:25:28] PRINT Train Epoch: 7 [42240/60000 (70%)]	Loss: 130.150864
[2022-10-19 23:25:28] PRINT Train Epoch: 7 [43520/60000 (72%)]	Loss: 130.905624
[2022-10-19 23:25:28] PRINT Train Epoch: 7 [44800/60000 (75%)]	Loss: 133.689255
[2022-10-19 23:25:28] PRINT Train Epoch: 7 [46080/60000 (77%)]	Loss: 134.804504
[2022-10-19 23:25:28] PRINT Train Epoch: 7 [47360/60000 (79%)]	Loss: 135.711914
[2022-10-19 23:25:28] PRINT Train Epoch: 7 [48640/60000 (81%)]	Loss: 134.420212
[2022-10-19 23:25:28] PRINT Train Epoch: 7 [49920/60000 (83%)]	Loss: 127.903427
[2022-10-19 23:25:29] PRINT Train Epoch: 7 [51200/60000 (85%)]	Loss: 128.378586
[2022-10-19 23:25:29] PRINT Train Epoch: 7 [52480/60000 (87%)]	Loss: 129.450333
[2022-10-19 23:25:29] PRINT Train Epoch: 7 [53760/60000 (90%)]	Loss: 131.406982
[2022-10-19 23:25:29] PRINT Train Epoch: 7 [55040/60000 (92%)]	Loss: 132.298431
[2022-10-19 23:25:29] PRINT Train Epoch: 7 [56320/60000 (94%)]	Loss: 130.183777
[2022-10-19 23:25:29] PRINT Train Epoch: 7 [57600/60000 (96%)]	Loss: 124.257614
[2022-10-19 23:25:29] PRINT Train Epoch: 7 [58880/60000 (98%)]	Loss: 130.726852
[2022-10-19 23:25:29] PRINT ====> Epoch: 7 Average loss: 132.1779
[2022-10-19 23:25:30] PRINT ====> Test set loss: 129.3119
[2022-10-19 23:25:30] PRINT Train Epoch: 8 [0/60000 (0%)]	Loss: 129.725586
[2022-10-19 23:25:30] PRINT Train Epoch: 8 [1280/60000 (2%)]	Loss: 131.694260
[2022-10-19 23:25:30] PRINT Train Epoch: 8 [2560/60000 (4%)]	Loss: 131.314713
[2022-10-19 23:25:31] PRINT Train Epoch: 8 [3840/60000 (6%)]	Loss: 132.871628
[2022-10-19 23:25:31] PRINT Train Epoch: 8 [5120/60000 (9%)]	Loss: 132.694885
[2022-10-19 23:25:31] PRINT Train Epoch: 8 [6400/60000 (11%)]	Loss: 133.732803
[2022-10-19 23:25:31] PRINT Train Epoch: 8 [7680/60000 (13%)]	Loss: 127.027206
[2022-10-19 23:25:31] PRINT Train Epoch: 8 [8960/60000 (15%)]	Loss: 135.342331
[2022-10-19 23:25:31] PRINT Train Epoch: 8 [10240/60000 (17%)]	Loss: 133.408768
[2022-10-19 23:25:31] PRINT Train Epoch: 8 [11520/60000 (19%)]	Loss: 127.890747
[2022-10-19 23:25:31] PRINT Train Epoch: 8 [12800/60000 (21%)]	Loss: 123.499626
[2022-10-19 23:25:31] PRINT Train Epoch: 8 [14080/60000 (23%)]	Loss: 131.748520
[2022-10-19 23:25:31] PRINT Train Epoch: 8 [15360/60000 (26%)]	Loss: 132.110138
[2022-10-19 23:25:32] PRINT Train Epoch: 8 [16640/60000 (28%)]	Loss: 132.135788
[2022-10-19 23:25:32] PRINT Train Epoch: 8 [17920/60000 (30%)]	Loss: 129.278244
[2022-10-19 23:25:32] PRINT Train Epoch: 8 [19200/60000 (32%)]	Loss: 128.457932
[2022-10-19 23:25:32] PRINT Train Epoch: 8 [20480/60000 (34%)]	Loss: 129.387375
[2022-10-19 23:25:32] PRINT Train Epoch: 8 [21760/60000 (36%)]	Loss: 129.646179
[2022-10-19 23:25:32] PRINT Train Epoch: 8 [23040/60000 (38%)]	Loss: 128.569626
[2022-10-19 23:25:32] PRINT Train Epoch: 8 [24320/60000 (41%)]	Loss: 134.081192
[2022-10-19 23:25:32] PRINT Train Epoch: 8 [25600/60000 (43%)]	Loss: 123.920563
[2022-10-19 23:25:32] PRINT Train Epoch: 8 [26880/60000 (45%)]	Loss: 123.271988
[2022-10-19 23:25:33] PRINT Train Epoch: 8 [28160/60000 (47%)]	Loss: 123.818535
[2022-10-19 23:25:33] PRINT Train Epoch: 8 [29440/60000 (49%)]	Loss: 130.011459
[2022-10-19 23:25:33] PRINT Train Epoch: 8 [30720/60000 (51%)]	Loss: 130.458878
[2022-10-19 23:25:33] PRINT Train Epoch: 8 [32000/60000 (53%)]	Loss: 131.742325
[2022-10-19 23:25:33] PRINT Train Epoch: 8 [33280/60000 (55%)]	Loss: 126.013596
[2022-10-19 23:25:33] PRINT Train Epoch: 8 [34560/60000 (58%)]	Loss: 125.810349
[2022-10-19 23:25:33] PRINT Train Epoch: 8 [35840/60000 (60%)]	Loss: 122.915283
[2022-10-19 23:25:33] PRINT Train Epoch: 8 [37120/60000 (62%)]	Loss: 128.400650
[2022-10-19 23:25:33] PRINT Train Epoch: 8 [38400/60000 (64%)]	Loss: 130.785553
[2022-10-19 23:25:33] PRINT Train Epoch: 8 [39680/60000 (66%)]	Loss: 126.952515
[2022-10-19 23:25:34] PRINT Train Epoch: 8 [40960/60000 (68%)]	Loss: 129.986038
[2022-10-19 23:25:34] PRINT Train Epoch: 8 [42240/60000 (70%)]	Loss: 126.596970
[2022-10-19 23:25:34] PRINT Train Epoch: 8 [43520/60000 (72%)]	Loss: 126.749847
[2022-10-19 23:25:34] PRINT Train Epoch: 8 [44800/60000 (75%)]	Loss: 126.074066
[2022-10-19 23:25:34] PRINT Train Epoch: 8 [46080/60000 (77%)]	Loss: 127.812469
[2022-10-19 23:25:34] PRINT Train Epoch: 8 [47360/60000 (79%)]	Loss: 133.374634
[2022-10-19 23:25:34] PRINT Train Epoch: 8 [48640/60000 (81%)]	Loss: 121.601227
[2022-10-19 23:25:34] PRINT Train Epoch: 8 [49920/60000 (83%)]	Loss: 131.681381
[2022-10-19 23:25:34] PRINT Train Epoch: 8 [51200/60000 (85%)]	Loss: 126.618469
[2022-10-19 23:25:35] PRINT Train Epoch: 8 [52480/60000 (87%)]	Loss: 126.952408
[2022-10-19 23:25:35] PRINT Train Epoch: 8 [53760/60000 (90%)]	Loss: 122.971581
[2022-10-19 23:25:35] PRINT Train Epoch: 8 [55040/60000 (92%)]	Loss: 131.052246
[2022-10-19 23:25:35] PRINT Train Epoch: 8 [56320/60000 (94%)]	Loss: 131.844666
[2022-10-19 23:25:35] PRINT Train Epoch: 8 [57600/60000 (96%)]	Loss: 129.632416
[2022-10-19 23:25:35] PRINT Train Epoch: 8 [58880/60000 (98%)]	Loss: 128.439453
[2022-10-19 23:25:35] PRINT ====> Epoch: 8 Average loss: 128.8555
[2022-10-19 23:25:36] PRINT ====> Test set loss: 126.3235
[2022-10-19 23:25:36] PRINT Train Epoch: 9 [0/60000 (0%)]	Loss: 128.646332
[2022-10-19 23:25:36] PRINT Train Epoch: 9 [1280/60000 (2%)]	Loss: 132.586853
[2022-10-19 23:25:36] PRINT Train Epoch: 9 [2560/60000 (4%)]	Loss: 125.611115
[2022-10-19 23:25:36] PRINT Train Epoch: 9 [3840/60000 (6%)]	Loss: 132.179230
[2022-10-19 23:25:36] PRINT Train Epoch: 9 [5120/60000 (9%)]	Loss: 132.218765
[2022-10-19 23:25:37] PRINT Train Epoch: 9 [6400/60000 (11%)]	Loss: 124.683823
[2022-10-19 23:25:37] PRINT Train Epoch: 9 [7680/60000 (13%)]	Loss: 122.769791
[2022-10-19 23:25:37] PRINT Train Epoch: 9 [8960/60000 (15%)]	Loss: 127.820267
[2022-10-19 23:25:37] PRINT Train Epoch: 9 [10240/60000 (17%)]	Loss: 123.374489
[2022-10-19 23:25:37] PRINT Train Epoch: 9 [11520/60000 (19%)]	Loss: 124.952354
[2022-10-19 23:25:37] PRINT Train Epoch: 9 [12800/60000 (21%)]	Loss: 128.829163
[2022-10-19 23:25:37] PRINT Train Epoch: 9 [14080/60000 (23%)]	Loss: 128.937836
[2022-10-19 23:25:37] PRINT Train Epoch: 9 [15360/60000 (26%)]	Loss: 126.395447
[2022-10-19 23:25:37] PRINT Train Epoch: 9 [16640/60000 (28%)]	Loss: 125.874802
[2022-10-19 23:25:38] PRINT Train Epoch: 9 [17920/60000 (30%)]	Loss: 127.941666
[2022-10-19 23:25:38] PRINT Train Epoch: 9 [19200/60000 (32%)]	Loss: 121.363571
[2022-10-19 23:25:38] PRINT Train Epoch: 9 [20480/60000 (34%)]	Loss: 127.509834
[2022-10-19 23:25:38] PRINT Train Epoch: 9 [21760/60000 (36%)]	Loss: 127.276184
[2022-10-19 23:25:38] PRINT Train Epoch: 9 [23040/60000 (38%)]	Loss: 124.863449
[2022-10-19 23:25:38] PRINT Train Epoch: 9 [24320/60000 (41%)]	Loss: 125.886414
[2022-10-19 23:25:38] PRINT Train Epoch: 9 [25600/60000 (43%)]	Loss: 125.824791
[2022-10-19 23:25:38] PRINT Train Epoch: 9 [26880/60000 (45%)]	Loss: 126.005257
[2022-10-19 23:25:38] PRINT Train Epoch: 9 [28160/60000 (47%)]	Loss: 126.064713
[2022-10-19 23:25:38] PRINT Train Epoch: 9 [29440/60000 (49%)]	Loss: 126.947708
[2022-10-19 23:25:39] PRINT Train Epoch: 9 [30720/60000 (51%)]	Loss: 122.003769
[2022-10-19 23:25:39] PRINT Train Epoch: 9 [32000/60000 (53%)]	Loss: 124.304863
[2022-10-19 23:25:39] PRINT Train Epoch: 9 [33280/60000 (55%)]	Loss: 131.809052
[2022-10-19 23:25:39] PRINT Train Epoch: 9 [34560/60000 (58%)]	Loss: 123.710190
[2022-10-19 23:25:39] PRINT Train Epoch: 9 [35840/60000 (60%)]	Loss: 129.930084
[2022-10-19 23:25:39] PRINT Train Epoch: 9 [37120/60000 (62%)]	Loss: 126.880745
[2022-10-19 23:25:39] PRINT Train Epoch: 9 [38400/60000 (64%)]	Loss: 128.713409
[2022-10-19 23:25:39] PRINT Train Epoch: 9 [39680/60000 (66%)]	Loss: 119.217072
[2022-10-19 23:25:39] PRINT Train Epoch: 9 [40960/60000 (68%)]	Loss: 126.513489
[2022-10-19 23:25:40] PRINT Train Epoch: 9 [42240/60000 (70%)]	Loss: 124.575150
[2022-10-19 23:25:40] PRINT Train Epoch: 9 [43520/60000 (72%)]	Loss: 134.997345
[2022-10-19 23:25:40] PRINT Train Epoch: 9 [44800/60000 (75%)]	Loss: 125.543663
[2022-10-19 23:25:40] PRINT Train Epoch: 9 [46080/60000 (77%)]	Loss: 125.690063
[2022-10-19 23:25:40] PRINT Train Epoch: 9 [47360/60000 (79%)]	Loss: 125.572189
[2022-10-19 23:25:40] PRINT Train Epoch: 9 [48640/60000 (81%)]	Loss: 129.828812
[2022-10-19 23:25:40] PRINT Train Epoch: 9 [49920/60000 (83%)]	Loss: 122.967819
[2022-10-19 23:25:40] PRINT Train Epoch: 9 [51200/60000 (85%)]	Loss: 124.294731
[2022-10-19 23:25:40] PRINT Train Epoch: 9 [52480/60000 (87%)]	Loss: 128.447479
[2022-10-19 23:25:40] PRINT Train Epoch: 9 [53760/60000 (90%)]	Loss: 124.976364
[2022-10-19 23:25:41] PRINT Train Epoch: 9 [55040/60000 (92%)]	Loss: 125.431099
[2022-10-19 23:25:41] PRINT Train Epoch: 9 [56320/60000 (94%)]	Loss: 128.915939
[2022-10-19 23:25:41] PRINT Train Epoch: 9 [57600/60000 (96%)]	Loss: 125.811615
[2022-10-19 23:25:41] PRINT Train Epoch: 9 [58880/60000 (98%)]	Loss: 122.989601
[2022-10-19 23:25:41] PRINT ====> Epoch: 9 Average loss: 126.3213
[2022-10-19 23:25:42] PRINT ====> Test set loss: 124.0216
[2022-10-19 23:25:42] PRINT Train Epoch: 10 [0/60000 (0%)]	Loss: 128.026672
[2022-10-19 23:25:42] PRINT Train Epoch: 10 [1280/60000 (2%)]	Loss: 127.726784
[2022-10-19 23:25:42] PRINT Train Epoch: 10 [2560/60000 (4%)]	Loss: 120.612503
[2022-10-19 23:25:42] PRINT Train Epoch: 10 [3840/60000 (6%)]	Loss: 124.827545
[2022-10-19 23:25:42] PRINT Train Epoch: 10 [5120/60000 (9%)]	Loss: 126.467545
[2022-10-19 23:25:42] PRINT Train Epoch: 10 [6400/60000 (11%)]	Loss: 127.135468
[2022-10-19 23:25:43] PRINT Train Epoch: 10 [7680/60000 (13%)]	Loss: 124.911232
[2022-10-19 23:25:43] PRINT Train Epoch: 10 [8960/60000 (15%)]	Loss: 129.732254
[2022-10-19 23:25:43] PRINT Train Epoch: 10 [10240/60000 (17%)]	Loss: 121.471924
[2022-10-19 23:25:43] PRINT Train Epoch: 10 [11520/60000 (19%)]	Loss: 126.000755
[2022-10-19 23:25:43] PRINT Train Epoch: 10 [12800/60000 (21%)]	Loss: 124.695099
[2022-10-19 23:25:43] PRINT Train Epoch: 10 [14080/60000 (23%)]	Loss: 123.981392
[2022-10-19 23:25:43] PRINT Train Epoch: 10 [15360/60000 (26%)]	Loss: 126.509178
[2022-10-19 23:25:43] PRINT Train Epoch: 10 [16640/60000 (28%)]	Loss: 129.850555
[2022-10-19 23:25:43] PRINT Train Epoch: 10 [17920/60000 (30%)]	Loss: 122.881866
[2022-10-19 23:25:43] PRINT Train Epoch: 10 [19200/60000 (32%)]	Loss: 125.885811
[2022-10-19 23:25:44] PRINT Train Epoch: 10 [20480/60000 (34%)]	Loss: 123.810371
[2022-10-19 23:25:44] PRINT Train Epoch: 10 [21760/60000 (36%)]	Loss: 122.010216
[2022-10-19 23:25:44] PRINT Train Epoch: 10 [23040/60000 (38%)]	Loss: 121.215103
[2022-10-19 23:25:44] PRINT Train Epoch: 10 [24320/60000 (41%)]	Loss: 125.441147
[2022-10-19 23:25:44] PRINT Train Epoch: 10 [25600/60000 (43%)]	Loss: 126.623894
[2022-10-19 23:25:44] PRINT Train Epoch: 10 [26880/60000 (45%)]	Loss: 125.101395
[2022-10-19 23:25:44] PRINT Train Epoch: 10 [28160/60000 (47%)]	Loss: 123.733437
[2022-10-19 23:25:44] PRINT Train Epoch: 10 [29440/60000 (49%)]	Loss: 121.751083
[2022-10-19 23:25:44] PRINT Train Epoch: 10 [30720/60000 (51%)]	Loss: 125.606377
[2022-10-19 23:25:45] PRINT Train Epoch: 10 [32000/60000 (53%)]	Loss: 122.726593
[2022-10-19 23:25:45] PRINT Train Epoch: 10 [33280/60000 (55%)]	Loss: 125.109802
[2022-10-19 23:25:45] PRINT Train Epoch: 10 [34560/60000 (58%)]	Loss: 124.614365
[2022-10-19 23:25:45] PRINT Train Epoch: 10 [35840/60000 (60%)]	Loss: 123.597046
[2022-10-19 23:25:45] PRINT Train Epoch: 10 [37120/60000 (62%)]	Loss: 125.507217
[2022-10-19 23:25:45] PRINT Train Epoch: 10 [38400/60000 (64%)]	Loss: 121.970337
[2022-10-19 23:25:45] PRINT Train Epoch: 10 [39680/60000 (66%)]	Loss: 119.665108
[2022-10-19 23:25:45] PRINT Train Epoch: 10 [40960/60000 (68%)]	Loss: 124.448242
[2022-10-19 23:25:45] PRINT Train Epoch: 10 [42240/60000 (70%)]	Loss: 127.895889
[2022-10-19 23:25:45] PRINT Train Epoch: 10 [43520/60000 (72%)]	Loss: 121.105927
[2022-10-19 23:25:46] PRINT Train Epoch: 10 [44800/60000 (75%)]	Loss: 127.399933
[2022-10-19 23:25:46] PRINT Train Epoch: 10 [46080/60000 (77%)]	Loss: 121.636856
[2022-10-19 23:25:46] PRINT Train Epoch: 10 [47360/60000 (79%)]	Loss: 120.648956
[2022-10-19 23:25:46] PRINT Train Epoch: 10 [48640/60000 (81%)]	Loss: 121.739120
[2022-10-19 23:25:46] PRINT Train Epoch: 10 [49920/60000 (83%)]	Loss: 123.466919
[2022-10-19 23:25:46] PRINT Train Epoch: 10 [51200/60000 (85%)]	Loss: 123.275269
[2022-10-19 23:25:46] PRINT Train Epoch: 10 [52480/60000 (87%)]	Loss: 123.890320
[2022-10-19 23:25:46] PRINT Train Epoch: 10 [53760/60000 (90%)]	Loss: 123.154678
[2022-10-19 23:25:46] PRINT Train Epoch: 10 [55040/60000 (92%)]	Loss: 121.812180
[2022-10-19 23:25:47] PRINT Train Epoch: 10 [56320/60000 (94%)]	Loss: 123.254654
[2022-10-19 23:25:47] PRINT Train Epoch: 10 [57600/60000 (96%)]	Loss: 120.615334
[2022-10-19 23:25:47] PRINT Train Epoch: 10 [58880/60000 (98%)]	Loss: 123.166946
[2022-10-19 23:25:47] PRINT ====> Epoch: 10 Average loss: 124.2077
[2022-10-19 23:25:48] PRINT ====> Test set loss: 122.1146
