[2022-10-19 23:34:56] PRINT {'features1': 400, 'features2': 40, 'lr': 0.0038128889040451607, 'epsilon': 1e-06}
[2022-10-19 23:34:57] PRINT Using cuda device
[2022-10-19 23:34:58] PRINT Train Epoch: 1 [0/60000 (0%)]	Loss: 549.053955
[2022-10-19 23:34:58] PRINT Train Epoch: 1 [1280/60000 (2%)]	Loss: 223.334244
[2022-10-19 23:34:58] PRINT Train Epoch: 1 [2560/60000 (4%)]	Loss: 215.669434
[2022-10-19 23:34:58] PRINT Train Epoch: 1 [3840/60000 (6%)]	Loss: 201.680252
[2022-10-19 23:34:58] PRINT Train Epoch: 1 [5120/60000 (9%)]	Loss: 199.323105
[2022-10-19 23:34:59] PRINT Train Epoch: 1 [6400/60000 (11%)]	Loss: 186.886993
[2022-10-19 23:34:59] PRINT Train Epoch: 1 [7680/60000 (13%)]	Loss: 173.518341
[2022-10-19 23:34:59] PRINT Train Epoch: 1 [8960/60000 (15%)]	Loss: 168.049438
[2022-10-19 23:34:59] PRINT Train Epoch: 1 [10240/60000 (17%)]	Loss: 170.371567
[2022-10-19 23:34:59] PRINT Train Epoch: 1 [11520/60000 (19%)]	Loss: 165.014008
[2022-10-19 23:34:59] PRINT Train Epoch: 1 [12800/60000 (21%)]	Loss: 164.646118
[2022-10-19 23:34:59] PRINT Train Epoch: 1 [14080/60000 (23%)]	Loss: 151.815338
[2022-10-19 23:34:59] PRINT Train Epoch: 1 [15360/60000 (26%)]	Loss: 156.438660
[2022-10-19 23:34:59] PRINT Train Epoch: 1 [16640/60000 (28%)]	Loss: 152.572205
[2022-10-19 23:34:59] PRINT Train Epoch: 1 [17920/60000 (30%)]	Loss: 146.919891
[2022-10-19 23:35:00] PRINT Train Epoch: 1 [19200/60000 (32%)]	Loss: 147.643250
[2022-10-19 23:35:00] PRINT Train Epoch: 1 [20480/60000 (34%)]	Loss: 150.318970
[2022-10-19 23:35:00] PRINT Train Epoch: 1 [21760/60000 (36%)]	Loss: 149.723969
[2022-10-19 23:35:00] PRINT Train Epoch: 1 [23040/60000 (38%)]	Loss: 143.465897
[2022-10-19 23:35:00] PRINT Train Epoch: 1 [24320/60000 (41%)]	Loss: 141.656906
[2022-10-19 23:35:00] PRINT Train Epoch: 1 [25600/60000 (43%)]	Loss: 135.045593
[2022-10-19 23:35:00] PRINT Train Epoch: 1 [26880/60000 (45%)]	Loss: 141.692932
[2022-10-19 23:35:00] PRINT Train Epoch: 1 [28160/60000 (47%)]	Loss: 139.817444
[2022-10-19 23:35:00] PRINT Train Epoch: 1 [29440/60000 (49%)]	Loss: 136.815979
[2022-10-19 23:35:01] PRINT Train Epoch: 1 [30720/60000 (51%)]	Loss: 135.903748
[2022-10-19 23:35:01] PRINT Train Epoch: 1 [32000/60000 (53%)]	Loss: 130.448227
[2022-10-19 23:35:01] PRINT Train Epoch: 1 [33280/60000 (55%)]	Loss: 132.405441
[2022-10-19 23:35:01] PRINT Train Epoch: 1 [34560/60000 (58%)]	Loss: 128.567917
[2022-10-19 23:35:01] PRINT Train Epoch: 1 [35840/60000 (60%)]	Loss: 129.175262
[2022-10-19 23:35:01] PRINT Train Epoch: 1 [37120/60000 (62%)]	Loss: 126.572418
[2022-10-19 23:35:01] PRINT Train Epoch: 1 [38400/60000 (64%)]	Loss: 133.258591
[2022-10-19 23:35:01] PRINT Train Epoch: 1 [39680/60000 (66%)]	Loss: 123.574646
[2022-10-19 23:35:01] PRINT Train Epoch: 1 [40960/60000 (68%)]	Loss: 126.246445
[2022-10-19 23:35:02] PRINT Train Epoch: 1 [42240/60000 (70%)]	Loss: 125.393028
[2022-10-19 23:35:02] PRINT Train Epoch: 1 [43520/60000 (72%)]	Loss: 119.422150
[2022-10-19 23:35:02] PRINT Train Epoch: 1 [44800/60000 (75%)]	Loss: 124.446869
[2022-10-19 23:35:02] PRINT Train Epoch: 1 [46080/60000 (77%)]	Loss: 121.594109
[2022-10-19 23:35:02] PRINT Train Epoch: 1 [47360/60000 (79%)]	Loss: 120.111427
[2022-10-19 23:35:02] PRINT Train Epoch: 1 [48640/60000 (81%)]	Loss: 126.129410
[2022-10-19 23:35:02] PRINT Train Epoch: 1 [49920/60000 (83%)]	Loss: 120.021255
[2022-10-19 23:35:02] PRINT Train Epoch: 1 [51200/60000 (85%)]	Loss: 119.559486
[2022-10-19 23:35:02] PRINT Train Epoch: 1 [52480/60000 (87%)]	Loss: 119.483162
[2022-10-19 23:35:02] PRINT Train Epoch: 1 [53760/60000 (90%)]	Loss: 125.887878
[2022-10-19 23:35:03] PRINT Train Epoch: 1 [55040/60000 (92%)]	Loss: 119.841003
[2022-10-19 23:35:03] PRINT Train Epoch: 1 [56320/60000 (94%)]	Loss: 120.430862
[2022-10-19 23:35:03] PRINT Train Epoch: 1 [57600/60000 (96%)]	Loss: 123.864212
[2022-10-19 23:35:03] PRINT Train Epoch: 1 [58880/60000 (98%)]	Loss: 118.676987
[2022-10-19 23:35:03] PRINT ====> Epoch: 1 Average loss: 146.5922
[2022-10-19 23:35:04] PRINT ====> Test set loss: 119.4724
[2022-10-19 23:35:04] PRINT Train Epoch: 2 [0/60000 (0%)]	Loss: 122.071053
[2022-10-19 23:35:04] PRINT Train Epoch: 2 [1280/60000 (2%)]	Loss: 121.950104
[2022-10-19 23:35:04] PRINT Train Epoch: 2 [2560/60000 (4%)]	Loss: 118.510376
[2022-10-19 23:35:04] PRINT Train Epoch: 2 [3840/60000 (6%)]	Loss: 120.243340
[2022-10-19 23:35:04] PRINT Train Epoch: 2 [5120/60000 (9%)]	Loss: 115.769348
[2022-10-19 23:35:05] PRINT Train Epoch: 2 [6400/60000 (11%)]	Loss: 117.876465
[2022-10-19 23:35:05] PRINT Train Epoch: 2 [7680/60000 (13%)]	Loss: 115.729355
[2022-10-19 23:35:05] PRINT Train Epoch: 2 [8960/60000 (15%)]	Loss: 114.098404
[2022-10-19 23:35:05] PRINT Train Epoch: 2 [10240/60000 (17%)]	Loss: 119.201431
[2022-10-19 23:35:05] PRINT Train Epoch: 2 [11520/60000 (19%)]	Loss: 117.535675
[2022-10-19 23:35:05] PRINT Train Epoch: 2 [12800/60000 (21%)]	Loss: 117.870750
[2022-10-19 23:35:05] PRINT Train Epoch: 2 [14080/60000 (23%)]	Loss: 116.488556
[2022-10-19 23:35:05] PRINT Train Epoch: 2 [15360/60000 (26%)]	Loss: 115.275024
[2022-10-19 23:35:05] PRINT Train Epoch: 2 [16640/60000 (28%)]	Loss: 120.451096
[2022-10-19 23:35:05] PRINT Train Epoch: 2 [17920/60000 (30%)]	Loss: 117.985107
[2022-10-19 23:35:06] PRINT Train Epoch: 2 [19200/60000 (32%)]	Loss: 114.916046
[2022-10-19 23:35:06] PRINT Train Epoch: 2 [20480/60000 (34%)]	Loss: 109.210938
[2022-10-19 23:35:06] PRINT Train Epoch: 2 [21760/60000 (36%)]	Loss: 115.391083
[2022-10-19 23:35:06] PRINT Train Epoch: 2 [23040/60000 (38%)]	Loss: 120.514343
[2022-10-19 23:35:06] PRINT Train Epoch: 2 [24320/60000 (41%)]	Loss: 113.549622
[2022-10-19 23:35:06] PRINT Train Epoch: 2 [25600/60000 (43%)]	Loss: 119.006943
[2022-10-19 23:35:06] PRINT Train Epoch: 2 [26880/60000 (45%)]	Loss: 113.066360
[2022-10-19 23:35:06] PRINT Train Epoch: 2 [28160/60000 (47%)]	Loss: 118.404022
[2022-10-19 23:35:06] PRINT Train Epoch: 2 [29440/60000 (49%)]	Loss: 113.880905
[2022-10-19 23:35:06] PRINT Train Epoch: 2 [30720/60000 (51%)]	Loss: 109.685829
[2022-10-19 23:35:07] PRINT Train Epoch: 2 [32000/60000 (53%)]	Loss: 110.247086
[2022-10-19 23:35:07] PRINT Train Epoch: 2 [33280/60000 (55%)]	Loss: 114.980064
[2022-10-19 23:35:07] PRINT Train Epoch: 2 [34560/60000 (58%)]	Loss: 116.117218
[2022-10-19 23:35:07] PRINT Train Epoch: 2 [35840/60000 (60%)]	Loss: 110.718773
[2022-10-19 23:35:07] PRINT Train Epoch: 2 [37120/60000 (62%)]	Loss: 116.711830
[2022-10-19 23:35:07] PRINT Train Epoch: 2 [38400/60000 (64%)]	Loss: 111.756287
[2022-10-19 23:35:07] PRINT Train Epoch: 2 [39680/60000 (66%)]	Loss: 118.890381
[2022-10-19 23:35:07] PRINT Train Epoch: 2 [40960/60000 (68%)]	Loss: 111.267555
[2022-10-19 23:35:07] PRINT Train Epoch: 2 [42240/60000 (70%)]	Loss: 111.147278
[2022-10-19 23:35:08] PRINT Train Epoch: 2 [43520/60000 (72%)]	Loss: 119.254684
[2022-10-19 23:35:08] PRINT Train Epoch: 2 [44800/60000 (75%)]	Loss: 119.702728
[2022-10-19 23:35:08] PRINT Train Epoch: 2 [46080/60000 (77%)]	Loss: 119.718025
[2022-10-19 23:35:08] PRINT Train Epoch: 2 [47360/60000 (79%)]	Loss: 115.593430
[2022-10-19 23:35:08] PRINT Train Epoch: 2 [48640/60000 (81%)]	Loss: 113.342255
[2022-10-19 23:35:08] PRINT Train Epoch: 2 [49920/60000 (83%)]	Loss: 112.364563
[2022-10-19 23:35:08] PRINT Train Epoch: 2 [51200/60000 (85%)]	Loss: 114.755348
[2022-10-19 23:35:08] PRINT Train Epoch: 2 [52480/60000 (87%)]	Loss: 112.941063
[2022-10-19 23:35:08] PRINT Train Epoch: 2 [53760/60000 (90%)]	Loss: 108.820984
[2022-10-19 23:35:09] PRINT Train Epoch: 2 [55040/60000 (92%)]	Loss: 113.590462
[2022-10-19 23:35:09] PRINT Train Epoch: 2 [56320/60000 (94%)]	Loss: 111.584175
[2022-10-19 23:35:09] PRINT Train Epoch: 2 [57600/60000 (96%)]	Loss: 113.745712
[2022-10-19 23:35:09] PRINT Train Epoch: 2 [58880/60000 (98%)]	Loss: 114.186890
[2022-10-19 23:35:09] PRINT ====> Epoch: 2 Average loss: 115.5087
[2022-10-19 23:35:10] PRINT ====> Test set loss: 111.6115
[2022-10-19 23:35:10] PRINT Train Epoch: 3 [0/60000 (0%)]	Loss: 108.398056
[2022-10-19 23:35:10] PRINT Train Epoch: 3 [1280/60000 (2%)]	Loss: 112.180710
[2022-10-19 23:35:10] PRINT Train Epoch: 3 [2560/60000 (4%)]	Loss: 113.708984
[2022-10-19 23:35:10] PRINT Train Epoch: 3 [3840/60000 (6%)]	Loss: 114.503174
[2022-10-19 23:35:10] PRINT Train Epoch: 3 [5120/60000 (9%)]	Loss: 108.702026
[2022-10-19 23:35:10] PRINT Train Epoch: 3 [6400/60000 (11%)]	Loss: 109.206947
[2022-10-19 23:35:10] PRINT Train Epoch: 3 [7680/60000 (13%)]	Loss: 113.488510
[2022-10-19 23:35:11] PRINT Train Epoch: 3 [8960/60000 (15%)]	Loss: 111.701721
[2022-10-19 23:35:11] PRINT Train Epoch: 3 [10240/60000 (17%)]	Loss: 113.356110
[2022-10-19 23:35:11] PRINT Train Epoch: 3 [11520/60000 (19%)]	Loss: 110.650482
[2022-10-19 23:35:11] PRINT Train Epoch: 3 [12800/60000 (21%)]	Loss: 111.730820
[2022-10-19 23:35:11] PRINT Train Epoch: 3 [14080/60000 (23%)]	Loss: 114.727768
[2022-10-19 23:35:11] PRINT Train Epoch: 3 [15360/60000 (26%)]	Loss: 110.840744
[2022-10-19 23:35:11] PRINT Train Epoch: 3 [16640/60000 (28%)]	Loss: 114.719940
[2022-10-19 23:35:11] PRINT Train Epoch: 3 [17920/60000 (30%)]	Loss: 113.682449
[2022-10-19 23:35:11] PRINT Train Epoch: 3 [19200/60000 (32%)]	Loss: 115.846573
[2022-10-19 23:35:11] PRINT Train Epoch: 3 [20480/60000 (34%)]	Loss: 111.904137
[2022-10-19 23:35:12] PRINT Train Epoch: 3 [21760/60000 (36%)]	Loss: 112.955017
[2022-10-19 23:35:12] PRINT Train Epoch: 3 [23040/60000 (38%)]	Loss: 112.124199
[2022-10-19 23:35:12] PRINT Train Epoch: 3 [24320/60000 (41%)]	Loss: 113.342133
[2022-10-19 23:35:12] PRINT Train Epoch: 3 [25600/60000 (43%)]	Loss: 113.558792
[2022-10-19 23:35:12] PRINT Train Epoch: 3 [26880/60000 (45%)]	Loss: 111.189201
[2022-10-19 23:35:12] PRINT Train Epoch: 3 [28160/60000 (47%)]	Loss: 113.139328
[2022-10-19 23:35:12] PRINT Train Epoch: 3 [29440/60000 (49%)]	Loss: 107.180122
[2022-10-19 23:35:12] PRINT Train Epoch: 3 [30720/60000 (51%)]	Loss: 108.039345
[2022-10-19 23:35:12] PRINT Train Epoch: 3 [32000/60000 (53%)]	Loss: 112.775368
[2022-10-19 23:35:13] PRINT Train Epoch: 3 [33280/60000 (55%)]	Loss: 112.963104
[2022-10-19 23:35:13] PRINT Train Epoch: 3 [34560/60000 (58%)]	Loss: 111.583313
[2022-10-19 23:35:13] PRINT Train Epoch: 3 [35840/60000 (60%)]	Loss: 111.935883
[2022-10-19 23:35:13] PRINT Train Epoch: 3 [37120/60000 (62%)]	Loss: 114.269882
[2022-10-19 23:35:13] PRINT Train Epoch: 3 [38400/60000 (64%)]	Loss: 110.336128
[2022-10-19 23:35:13] PRINT Train Epoch: 3 [39680/60000 (66%)]	Loss: 113.548920
[2022-10-19 23:35:13] PRINT Train Epoch: 3 [40960/60000 (68%)]	Loss: 108.618637
[2022-10-19 23:35:13] PRINT Train Epoch: 3 [42240/60000 (70%)]	Loss: 115.821167
[2022-10-19 23:35:13] PRINT Train Epoch: 3 [43520/60000 (72%)]	Loss: 109.978592
[2022-10-19 23:35:13] PRINT Train Epoch: 3 [44800/60000 (75%)]	Loss: 109.070450
[2022-10-19 23:35:14] PRINT Train Epoch: 3 [46080/60000 (77%)]	Loss: 113.586510
[2022-10-19 23:35:14] PRINT Train Epoch: 3 [47360/60000 (79%)]	Loss: 111.379715
[2022-10-19 23:35:14] PRINT Train Epoch: 3 [48640/60000 (81%)]	Loss: 116.047020
[2022-10-19 23:35:14] PRINT Train Epoch: 3 [49920/60000 (83%)]	Loss: 112.427399
[2022-10-19 23:35:14] PRINT Train Epoch: 3 [51200/60000 (85%)]	Loss: 112.572823
[2022-10-19 23:35:14] PRINT Train Epoch: 3 [52480/60000 (87%)]	Loss: 107.407440
[2022-10-19 23:35:14] PRINT Train Epoch: 3 [53760/60000 (90%)]	Loss: 111.923462
[2022-10-19 23:35:14] PRINT Train Epoch: 3 [55040/60000 (92%)]	Loss: 110.330002
[2022-10-19 23:35:14] PRINT Train Epoch: 3 [56320/60000 (94%)]	Loss: 114.356537
[2022-10-19 23:35:15] PRINT Train Epoch: 3 [57600/60000 (96%)]	Loss: 107.112343
[2022-10-19 23:35:15] PRINT Train Epoch: 3 [58880/60000 (98%)]	Loss: 109.655228
[2022-10-19 23:35:15] PRINT ====> Epoch: 3 Average loss: 111.6567
[2022-10-19 23:35:16] PRINT ====> Test set loss: 109.5657
[2022-10-19 23:35:16] PRINT Train Epoch: 4 [0/60000 (0%)]	Loss: 116.097870
[2022-10-19 23:35:16] PRINT Train Epoch: 4 [1280/60000 (2%)]	Loss: 110.472404
[2022-10-19 23:35:16] PRINT Train Epoch: 4 [2560/60000 (4%)]	Loss: 108.311348
[2022-10-19 23:35:16] PRINT Train Epoch: 4 [3840/60000 (6%)]	Loss: 110.082016
[2022-10-19 23:35:16] PRINT Train Epoch: 4 [5120/60000 (9%)]	Loss: 110.095993
[2022-10-19 23:35:16] PRINT Train Epoch: 4 [6400/60000 (11%)]	Loss: 116.289429
[2022-10-19 23:35:16] PRINT Train Epoch: 4 [7680/60000 (13%)]	Loss: 112.539719
[2022-10-19 23:35:16] PRINT Train Epoch: 4 [8960/60000 (15%)]	Loss: 108.596497
[2022-10-19 23:35:16] PRINT Train Epoch: 4 [10240/60000 (17%)]	Loss: 107.814941
[2022-10-19 23:35:17] PRINT Train Epoch: 4 [11520/60000 (19%)]	Loss: 109.874649
[2022-10-19 23:35:17] PRINT Train Epoch: 4 [12800/60000 (21%)]	Loss: 110.110001
[2022-10-19 23:35:17] PRINT Train Epoch: 4 [14080/60000 (23%)]	Loss: 109.515366
[2022-10-19 23:35:17] PRINT Train Epoch: 4 [15360/60000 (26%)]	Loss: 109.731560
[2022-10-19 23:35:17] PRINT Train Epoch: 4 [16640/60000 (28%)]	Loss: 108.552750
[2022-10-19 23:35:17] PRINT Train Epoch: 4 [17920/60000 (30%)]	Loss: 107.680962
[2022-10-19 23:35:17] PRINT Train Epoch: 4 [19200/60000 (32%)]	Loss: 112.921684
[2022-10-19 23:35:17] PRINT Train Epoch: 4 [20480/60000 (34%)]	Loss: 105.311584
[2022-10-19 23:35:17] PRINT Train Epoch: 4 [21760/60000 (36%)]	Loss: 111.241386
[2022-10-19 23:35:18] PRINT Train Epoch: 4 [23040/60000 (38%)]	Loss: 104.777512
[2022-10-19 23:35:18] PRINT Train Epoch: 4 [24320/60000 (41%)]	Loss: 114.273117
[2022-10-19 23:35:18] PRINT Train Epoch: 4 [25600/60000 (43%)]	Loss: 108.214050
[2022-10-19 23:35:18] PRINT Train Epoch: 4 [26880/60000 (45%)]	Loss: 109.595642
[2022-10-19 23:35:18] PRINT Train Epoch: 4 [28160/60000 (47%)]	Loss: 108.919113
[2022-10-19 23:35:18] PRINT Train Epoch: 4 [29440/60000 (49%)]	Loss: 107.094467
[2022-10-19 23:35:18] PRINT Train Epoch: 4 [30720/60000 (51%)]	Loss: 111.045120
[2022-10-19 23:35:18] PRINT Train Epoch: 4 [32000/60000 (53%)]	Loss: 110.196983
[2022-10-19 23:35:18] PRINT Train Epoch: 4 [33280/60000 (55%)]	Loss: 113.730583
[2022-10-19 23:35:18] PRINT Train Epoch: 4 [34560/60000 (58%)]	Loss: 111.400620
[2022-10-19 23:35:19] PRINT Train Epoch: 4 [35840/60000 (60%)]	Loss: 106.596420
[2022-10-19 23:35:19] PRINT Train Epoch: 4 [37120/60000 (62%)]	Loss: 111.485664
[2022-10-19 23:35:19] PRINT Train Epoch: 4 [38400/60000 (64%)]	Loss: 106.984467
[2022-10-19 23:35:19] PRINT Train Epoch: 4 [39680/60000 (66%)]	Loss: 104.432510
[2022-10-19 23:35:19] PRINT Train Epoch: 4 [40960/60000 (68%)]	Loss: 110.314865
[2022-10-19 23:35:19] PRINT Train Epoch: 4 [42240/60000 (70%)]	Loss: 106.872437
[2022-10-19 23:35:19] PRINT Train Epoch: 4 [43520/60000 (72%)]	Loss: 110.279732
[2022-10-19 23:35:19] PRINT Train Epoch: 4 [44800/60000 (75%)]	Loss: 112.554657
[2022-10-19 23:35:19] PRINT Train Epoch: 4 [46080/60000 (77%)]	Loss: 112.369751
[2022-10-19 23:35:20] PRINT Train Epoch: 4 [47360/60000 (79%)]	Loss: 111.028069
[2022-10-19 23:35:20] PRINT Train Epoch: 4 [48640/60000 (81%)]	Loss: 112.017349
[2022-10-19 23:35:20] PRINT Train Epoch: 4 [49920/60000 (83%)]	Loss: 106.300179
[2022-10-19 23:35:20] PRINT Train Epoch: 4 [51200/60000 (85%)]	Loss: 110.375977
[2022-10-19 23:35:20] PRINT Train Epoch: 4 [52480/60000 (87%)]	Loss: 112.923340
[2022-10-19 23:35:20] PRINT Train Epoch: 4 [53760/60000 (90%)]	Loss: 108.603142
[2022-10-19 23:35:20] PRINT Train Epoch: 4 [55040/60000 (92%)]	Loss: 112.380333
[2022-10-19 23:35:20] PRINT Train Epoch: 4 [56320/60000 (94%)]	Loss: 110.850998
[2022-10-19 23:35:20] PRINT Train Epoch: 4 [57600/60000 (96%)]	Loss: 113.526833
[2022-10-19 23:35:20] PRINT Train Epoch: 4 [58880/60000 (98%)]	Loss: 107.587219
[2022-10-19 23:35:21] PRINT ====> Epoch: 4 Average loss: 110.0339
[2022-10-19 23:35:21] PRINT ====> Test set loss: 109.0846
[2022-10-19 23:35:22] PRINT Train Epoch: 5 [0/60000 (0%)]	Loss: 113.889000
[2022-10-19 23:35:22] PRINT Train Epoch: 5 [1280/60000 (2%)]	Loss: 110.963066
[2022-10-19 23:35:22] PRINT Train Epoch: 5 [2560/60000 (4%)]	Loss: 113.401009
[2022-10-19 23:35:22] PRINT Train Epoch: 5 [3840/60000 (6%)]	Loss: 115.373070
[2022-10-19 23:35:22] PRINT Train Epoch: 5 [5120/60000 (9%)]	Loss: 111.271034
[2022-10-19 23:35:22] PRINT Train Epoch: 5 [6400/60000 (11%)]	Loss: 112.034325
[2022-10-19 23:35:22] PRINT Train Epoch: 5 [7680/60000 (13%)]	Loss: 108.335434
[2022-10-19 23:35:22] PRINT Train Epoch: 5 [8960/60000 (15%)]	Loss: 110.286377
[2022-10-19 23:35:22] PRINT Train Epoch: 5 [10240/60000 (17%)]	Loss: 108.985062
[2022-10-19 23:35:22] PRINT Train Epoch: 5 [11520/60000 (19%)]	Loss: 110.350479
[2022-10-19 23:35:23] PRINT Train Epoch: 5 [12800/60000 (21%)]	Loss: 112.289871
[2022-10-19 23:35:23] PRINT Train Epoch: 5 [14080/60000 (23%)]	Loss: 106.901321
[2022-10-19 23:35:23] PRINT Train Epoch: 5 [15360/60000 (26%)]	Loss: 112.552292
[2022-10-19 23:35:23] PRINT Train Epoch: 5 [16640/60000 (28%)]	Loss: 106.186905
[2022-10-19 23:35:23] PRINT Train Epoch: 5 [17920/60000 (30%)]	Loss: 107.684891
[2022-10-19 23:35:23] PRINT Train Epoch: 5 [19200/60000 (32%)]	Loss: 109.710724
[2022-10-19 23:35:23] PRINT Train Epoch: 5 [20480/60000 (34%)]	Loss: 109.380997
[2022-10-19 23:35:23] PRINT Train Epoch: 5 [21760/60000 (36%)]	Loss: 109.207138
[2022-10-19 23:35:23] PRINT Train Epoch: 5 [23040/60000 (38%)]	Loss: 109.810493
[2022-10-19 23:35:23] PRINT Train Epoch: 5 [24320/60000 (41%)]	Loss: 113.767105
[2022-10-19 23:35:24] PRINT Train Epoch: 5 [25600/60000 (43%)]	Loss: 111.388977
[2022-10-19 23:35:24] PRINT Train Epoch: 5 [26880/60000 (45%)]	Loss: 108.747894
[2022-10-19 23:35:24] PRINT Train Epoch: 5 [28160/60000 (47%)]	Loss: 108.952484
[2022-10-19 23:35:24] PRINT Train Epoch: 5 [29440/60000 (49%)]	Loss: 106.624130
[2022-10-19 23:35:24] PRINT Train Epoch: 5 [30720/60000 (51%)]	Loss: 108.450356
[2022-10-19 23:35:24] PRINT Train Epoch: 5 [32000/60000 (53%)]	Loss: 107.380859
[2022-10-19 23:35:24] PRINT Train Epoch: 5 [33280/60000 (55%)]	Loss: 106.001572
[2022-10-19 23:35:24] PRINT Train Epoch: 5 [34560/60000 (58%)]	Loss: 103.327652
[2022-10-19 23:35:24] PRINT Train Epoch: 5 [35840/60000 (60%)]	Loss: 110.515755
[2022-10-19 23:35:25] PRINT Train Epoch: 5 [37120/60000 (62%)]	Loss: 110.033997
[2022-10-19 23:35:25] PRINT Train Epoch: 5 [38400/60000 (64%)]	Loss: 112.708641
[2022-10-19 23:35:25] PRINT Train Epoch: 5 [39680/60000 (66%)]	Loss: 109.374794
[2022-10-19 23:35:25] PRINT Train Epoch: 5 [40960/60000 (68%)]	Loss: 110.170639
[2022-10-19 23:35:25] PRINT Train Epoch: 5 [42240/60000 (70%)]	Loss: 107.624336
[2022-10-19 23:35:25] PRINT Train Epoch: 5 [43520/60000 (72%)]	Loss: 116.627831
[2022-10-19 23:35:25] PRINT Train Epoch: 5 [44800/60000 (75%)]	Loss: 109.275375
[2022-10-19 23:35:25] PRINT Train Epoch: 5 [46080/60000 (77%)]	Loss: 107.026871
[2022-10-19 23:35:25] PRINT Train Epoch: 5 [47360/60000 (79%)]	Loss: 107.749161
[2022-10-19 23:35:25] PRINT Train Epoch: 5 [48640/60000 (81%)]	Loss: 110.657051
[2022-10-19 23:35:26] PRINT Train Epoch: 5 [49920/60000 (83%)]	Loss: 110.685699
[2022-10-19 23:35:26] PRINT Train Epoch: 5 [51200/60000 (85%)]	Loss: 106.899017
[2022-10-19 23:35:26] PRINT Train Epoch: 5 [52480/60000 (87%)]	Loss: 107.495209
[2022-10-19 23:35:26] PRINT Train Epoch: 5 [53760/60000 (90%)]	Loss: 109.804909
[2022-10-19 23:35:26] PRINT Train Epoch: 5 [55040/60000 (92%)]	Loss: 113.404434
[2022-10-19 23:35:26] PRINT Train Epoch: 5 [56320/60000 (94%)]	Loss: 110.037613
[2022-10-19 23:35:26] PRINT Train Epoch: 5 [57600/60000 (96%)]	Loss: 107.902626
[2022-10-19 23:35:26] PRINT Train Epoch: 5 [58880/60000 (98%)]	Loss: 109.324493
[2022-10-19 23:35:26] PRINT ====> Epoch: 5 Average loss: 109.0060
[2022-10-19 23:35:27] PRINT ====> Test set loss: 108.1690
[2022-10-19 23:35:27] PRINT Train Epoch: 6 [0/60000 (0%)]	Loss: 109.585091
[2022-10-19 23:35:27] PRINT Train Epoch: 6 [1280/60000 (2%)]	Loss: 113.183090
[2022-10-19 23:35:28] PRINT Train Epoch: 6 [2560/60000 (4%)]	Loss: 108.703857
[2022-10-19 23:35:28] PRINT Train Epoch: 6 [3840/60000 (6%)]	Loss: 109.230743
[2022-10-19 23:35:28] PRINT Train Epoch: 6 [5120/60000 (9%)]	Loss: 109.418976
[2022-10-19 23:35:28] PRINT Train Epoch: 6 [6400/60000 (11%)]	Loss: 108.749100
[2022-10-19 23:35:28] PRINT Train Epoch: 6 [7680/60000 (13%)]	Loss: 105.014343
[2022-10-19 23:35:28] PRINT Train Epoch: 6 [8960/60000 (15%)]	Loss: 108.546555
[2022-10-19 23:35:28] PRINT Train Epoch: 6 [10240/60000 (17%)]	Loss: 115.277054
[2022-10-19 23:35:28] PRINT Train Epoch: 6 [11520/60000 (19%)]	Loss: 111.094337
[2022-10-19 23:35:28] PRINT Train Epoch: 6 [12800/60000 (21%)]	Loss: 110.732224
[2022-10-19 23:35:28] PRINT Train Epoch: 6 [14080/60000 (23%)]	Loss: 108.738708
[2022-10-19 23:35:29] PRINT Train Epoch: 6 [15360/60000 (26%)]	Loss: 110.819504
[2022-10-19 23:35:29] PRINT Train Epoch: 6 [16640/60000 (28%)]	Loss: 105.204544
[2022-10-19 23:35:29] PRINT Train Epoch: 6 [17920/60000 (30%)]	Loss: 107.017624
[2022-10-19 23:35:29] PRINT Train Epoch: 6 [19200/60000 (32%)]	Loss: 110.740784
[2022-10-19 23:35:29] PRINT Train Epoch: 6 [20480/60000 (34%)]	Loss: 109.078705
[2022-10-19 23:35:29] PRINT Train Epoch: 6 [21760/60000 (36%)]	Loss: 102.019028
[2022-10-19 23:35:29] PRINT Train Epoch: 6 [23040/60000 (38%)]	Loss: 101.506210
[2022-10-19 23:35:29] PRINT Train Epoch: 6 [24320/60000 (41%)]	Loss: 106.681580
[2022-10-19 23:35:29] PRINT Train Epoch: 6 [25600/60000 (43%)]	Loss: 111.635895
[2022-10-19 23:35:30] PRINT Train Epoch: 6 [26880/60000 (45%)]	Loss: 106.590469
[2022-10-19 23:35:30] PRINT Train Epoch: 6 [28160/60000 (47%)]	Loss: 105.407593
[2022-10-19 23:35:30] PRINT Train Epoch: 6 [29440/60000 (49%)]	Loss: 105.629730
[2022-10-19 23:35:30] PRINT Train Epoch: 6 [30720/60000 (51%)]	Loss: 109.053604
[2022-10-19 23:35:30] PRINT Train Epoch: 6 [32000/60000 (53%)]	Loss: 106.614647
[2022-10-19 23:35:30] PRINT Train Epoch: 6 [33280/60000 (55%)]	Loss: 112.152176
[2022-10-19 23:35:30] PRINT Train Epoch: 6 [34560/60000 (58%)]	Loss: 110.654221
[2022-10-19 23:35:30] PRINT Train Epoch: 6 [35840/60000 (60%)]	Loss: 106.989044
[2022-10-19 23:35:30] PRINT Train Epoch: 6 [37120/60000 (62%)]	Loss: 114.201370
[2022-10-19 23:35:30] PRINT Train Epoch: 6 [38400/60000 (64%)]	Loss: 112.662086
[2022-10-19 23:35:31] PRINT Train Epoch: 6 [39680/60000 (66%)]	Loss: 108.160400
[2022-10-19 23:35:31] PRINT Train Epoch: 6 [40960/60000 (68%)]	Loss: 108.456757
[2022-10-19 23:35:31] PRINT Train Epoch: 6 [42240/60000 (70%)]	Loss: 111.920868
[2022-10-19 23:35:31] PRINT Train Epoch: 6 [43520/60000 (72%)]	Loss: 111.568306
[2022-10-19 23:35:31] PRINT Train Epoch: 6 [44800/60000 (75%)]	Loss: 108.148102
[2022-10-19 23:35:31] PRINT Train Epoch: 6 [46080/60000 (77%)]	Loss: 105.832130
[2022-10-19 23:35:31] PRINT Train Epoch: 6 [47360/60000 (79%)]	Loss: 106.524216
[2022-10-19 23:35:31] PRINT Train Epoch: 6 [48640/60000 (81%)]	Loss: 109.695740
[2022-10-19 23:35:31] PRINT Train Epoch: 6 [49920/60000 (83%)]	Loss: 106.296448
[2022-10-19 23:35:32] PRINT Train Epoch: 6 [51200/60000 (85%)]	Loss: 110.340256
[2022-10-19 23:35:32] PRINT Train Epoch: 6 [52480/60000 (87%)]	Loss: 108.774399
[2022-10-19 23:35:32] PRINT Train Epoch: 6 [53760/60000 (90%)]	Loss: 109.094254
[2022-10-19 23:35:32] PRINT Train Epoch: 6 [55040/60000 (92%)]	Loss: 105.804024
[2022-10-19 23:35:32] PRINT Train Epoch: 6 [56320/60000 (94%)]	Loss: 105.865723
[2022-10-19 23:35:32] PRINT Train Epoch: 6 [57600/60000 (96%)]	Loss: 107.872452
[2022-10-19 23:35:32] PRINT Train Epoch: 6 [58880/60000 (98%)]	Loss: 107.893250
[2022-10-19 23:35:32] PRINT ====> Epoch: 6 Average loss: 108.4069
[2022-10-19 23:35:33] PRINT ====> Test set loss: 107.5956
[2022-10-19 23:35:33] PRINT Train Epoch: 7 [0/60000 (0%)]	Loss: 107.617493
[2022-10-19 23:35:33] PRINT Train Epoch: 7 [1280/60000 (2%)]	Loss: 111.856155
[2022-10-19 23:35:33] PRINT Train Epoch: 7 [2560/60000 (4%)]	Loss: 109.745300
[2022-10-19 23:35:33] PRINT Train Epoch: 7 [3840/60000 (6%)]	Loss: 107.773430
[2022-10-19 23:35:34] PRINT Train Epoch: 7 [5120/60000 (9%)]	Loss: 108.511391
[2022-10-19 23:35:34] PRINT Train Epoch: 7 [6400/60000 (11%)]	Loss: 109.284943
[2022-10-19 23:35:34] PRINT Train Epoch: 7 [7680/60000 (13%)]	Loss: 106.853897
[2022-10-19 23:35:34] PRINT Train Epoch: 7 [8960/60000 (15%)]	Loss: 108.649429
[2022-10-19 23:35:34] PRINT Train Epoch: 7 [10240/60000 (17%)]	Loss: 104.851677
[2022-10-19 23:35:34] PRINT Train Epoch: 7 [11520/60000 (19%)]	Loss: 107.679268
[2022-10-19 23:35:34] PRINT Train Epoch: 7 [12800/60000 (21%)]	Loss: 104.504700
[2022-10-19 23:35:34] PRINT Train Epoch: 7 [14080/60000 (23%)]	Loss: 107.486847
[2022-10-19 23:35:34] PRINT Train Epoch: 7 [15360/60000 (26%)]	Loss: 107.022278
[2022-10-19 23:35:34] PRINT Train Epoch: 7 [16640/60000 (28%)]	Loss: 105.472046
[2022-10-19 23:35:35] PRINT Train Epoch: 7 [17920/60000 (30%)]	Loss: 108.065315
[2022-10-19 23:35:35] PRINT Train Epoch: 7 [19200/60000 (32%)]	Loss: 111.050827
[2022-10-19 23:35:35] PRINT Train Epoch: 7 [20480/60000 (34%)]	Loss: 106.442818
[2022-10-19 23:35:35] PRINT Train Epoch: 7 [21760/60000 (36%)]	Loss: 110.455505
[2022-10-19 23:35:35] PRINT Train Epoch: 7 [23040/60000 (38%)]	Loss: 108.669479
[2022-10-19 23:35:35] PRINT Train Epoch: 7 [24320/60000 (41%)]	Loss: 107.074333
[2022-10-19 23:35:35] PRINT Train Epoch: 7 [25600/60000 (43%)]	Loss: 112.718674
[2022-10-19 23:35:35] PRINT Train Epoch: 7 [26880/60000 (45%)]	Loss: 102.446785
[2022-10-19 23:35:35] PRINT Train Epoch: 7 [28160/60000 (47%)]	Loss: 106.229950
[2022-10-19 23:35:36] PRINT Train Epoch: 7 [29440/60000 (49%)]	Loss: 109.795853
[2022-10-19 23:35:36] PRINT Train Epoch: 7 [30720/60000 (51%)]	Loss: 106.630478
[2022-10-19 23:35:36] PRINT Train Epoch: 7 [32000/60000 (53%)]	Loss: 109.042282
[2022-10-19 23:35:36] PRINT Train Epoch: 7 [33280/60000 (55%)]	Loss: 108.701775
[2022-10-19 23:35:36] PRINT Train Epoch: 7 [34560/60000 (58%)]	Loss: 109.631386
[2022-10-19 23:35:36] PRINT Train Epoch: 7 [35840/60000 (60%)]	Loss: 105.923126
[2022-10-19 23:35:36] PRINT Train Epoch: 7 [37120/60000 (62%)]	Loss: 106.227905
[2022-10-19 23:35:36] PRINT Train Epoch: 7 [38400/60000 (64%)]	Loss: 102.771774
[2022-10-19 23:35:36] PRINT Train Epoch: 7 [39680/60000 (66%)]	Loss: 108.678146
[2022-10-19 23:35:36] PRINT Train Epoch: 7 [40960/60000 (68%)]	Loss: 109.924683
[2022-10-19 23:35:37] PRINT Train Epoch: 7 [42240/60000 (70%)]	Loss: 108.845779
[2022-10-19 23:35:37] PRINT Train Epoch: 7 [43520/60000 (72%)]	Loss: 107.827179
[2022-10-19 23:35:37] PRINT Train Epoch: 7 [44800/60000 (75%)]	Loss: 108.294807
[2022-10-19 23:35:37] PRINT Train Epoch: 7 [46080/60000 (77%)]	Loss: 107.096970
[2022-10-19 23:35:37] PRINT Train Epoch: 7 [47360/60000 (79%)]	Loss: 111.269073
[2022-10-19 23:35:37] PRINT Train Epoch: 7 [48640/60000 (81%)]	Loss: 111.226547
[2022-10-19 23:35:37] PRINT Train Epoch: 7 [49920/60000 (83%)]	Loss: 110.317978
[2022-10-19 23:35:37] PRINT Train Epoch: 7 [51200/60000 (85%)]	Loss: 109.307785
[2022-10-19 23:35:37] PRINT Train Epoch: 7 [52480/60000 (87%)]	Loss: 111.968689
[2022-10-19 23:35:38] PRINT Train Epoch: 7 [53760/60000 (90%)]	Loss: 107.067848
[2022-10-19 23:35:38] PRINT Train Epoch: 7 [55040/60000 (92%)]	Loss: 109.977646
[2022-10-19 23:35:38] PRINT Train Epoch: 7 [56320/60000 (94%)]	Loss: 105.241943
[2022-10-19 23:35:38] PRINT Train Epoch: 7 [57600/60000 (96%)]	Loss: 107.834747
[2022-10-19 23:35:38] PRINT Train Epoch: 7 [58880/60000 (98%)]	Loss: 108.863983
[2022-10-19 23:35:38] PRINT ====> Epoch: 7 Average loss: 107.8170
[2022-10-19 23:35:39] PRINT ====> Test set loss: 106.9067
[2022-10-19 23:35:39] PRINT Train Epoch: 8 [0/60000 (0%)]	Loss: 105.159439
[2022-10-19 23:35:39] PRINT Train Epoch: 8 [1280/60000 (2%)]	Loss: 104.810333
[2022-10-19 23:35:39] PRINT Train Epoch: 8 [2560/60000 (4%)]	Loss: 107.004929
[2022-10-19 23:35:39] PRINT Train Epoch: 8 [3840/60000 (6%)]	Loss: 103.972267
[2022-10-19 23:35:39] PRINT Train Epoch: 8 [5120/60000 (9%)]	Loss: 106.231583
[2022-10-19 23:35:39] PRINT Train Epoch: 8 [6400/60000 (11%)]	Loss: 103.030945
[2022-10-19 23:35:40] PRINT Train Epoch: 8 [7680/60000 (13%)]	Loss: 105.678642
[2022-10-19 23:35:40] PRINT Train Epoch: 8 [8960/60000 (15%)]	Loss: 106.095734
[2022-10-19 23:35:40] PRINT Train Epoch: 8 [10240/60000 (17%)]	Loss: 104.825066
[2022-10-19 23:35:40] PRINT Train Epoch: 8 [11520/60000 (19%)]	Loss: 107.395645
[2022-10-19 23:35:40] PRINT Train Epoch: 8 [12800/60000 (21%)]	Loss: 109.466965
[2022-10-19 23:35:40] PRINT Train Epoch: 8 [14080/60000 (23%)]	Loss: 111.118568
[2022-10-19 23:35:40] PRINT Train Epoch: 8 [15360/60000 (26%)]	Loss: 108.971153
[2022-10-19 23:35:40] PRINT Train Epoch: 8 [16640/60000 (28%)]	Loss: 108.798447
[2022-10-19 23:35:40] PRINT Train Epoch: 8 [17920/60000 (30%)]	Loss: 109.479950
[2022-10-19 23:35:41] PRINT Train Epoch: 8 [19200/60000 (32%)]	Loss: 109.964355
[2022-10-19 23:35:41] PRINT Train Epoch: 8 [20480/60000 (34%)]	Loss: 107.620895
[2022-10-19 23:35:41] PRINT Train Epoch: 8 [21760/60000 (36%)]	Loss: 106.867538
[2022-10-19 23:35:41] PRINT Train Epoch: 8 [23040/60000 (38%)]	Loss: 110.975479
[2022-10-19 23:35:41] PRINT Train Epoch: 8 [24320/60000 (41%)]	Loss: 107.412872
[2022-10-19 23:35:41] PRINT Train Epoch: 8 [25600/60000 (43%)]	Loss: 112.455215
[2022-10-19 23:35:41] PRINT Train Epoch: 8 [26880/60000 (45%)]	Loss: 105.376419
[2022-10-19 23:35:41] PRINT Train Epoch: 8 [28160/60000 (47%)]	Loss: 104.639557
[2022-10-19 23:35:41] PRINT Train Epoch: 8 [29440/60000 (49%)]	Loss: 105.694992
[2022-10-19 23:35:41] PRINT Train Epoch: 8 [30720/60000 (51%)]	Loss: 107.208694
[2022-10-19 23:35:42] PRINT Train Epoch: 8 [32000/60000 (53%)]	Loss: 107.245491
[2022-10-19 23:35:42] PRINT Train Epoch: 8 [33280/60000 (55%)]	Loss: 107.472366
[2022-10-19 23:35:42] PRINT Train Epoch: 8 [34560/60000 (58%)]	Loss: 105.516563
[2022-10-19 23:35:42] PRINT Train Epoch: 8 [35840/60000 (60%)]	Loss: 106.193893
[2022-10-19 23:35:42] PRINT Train Epoch: 8 [37120/60000 (62%)]	Loss: 106.914749
[2022-10-19 23:35:42] PRINT Train Epoch: 8 [38400/60000 (64%)]	Loss: 106.600288
[2022-10-19 23:35:42] PRINT Train Epoch: 8 [39680/60000 (66%)]	Loss: 111.777611
[2022-10-19 23:35:42] PRINT Train Epoch: 8 [40960/60000 (68%)]	Loss: 102.639618
[2022-10-19 23:35:42] PRINT Train Epoch: 8 [42240/60000 (70%)]	Loss: 106.748215
[2022-10-19 23:35:43] PRINT Train Epoch: 8 [43520/60000 (72%)]	Loss: 105.137115
[2022-10-19 23:35:43] PRINT Train Epoch: 8 [44800/60000 (75%)]	Loss: 102.577789
[2022-10-19 23:35:43] PRINT Train Epoch: 8 [46080/60000 (77%)]	Loss: 106.342911
[2022-10-19 23:35:43] PRINT Train Epoch: 8 [47360/60000 (79%)]	Loss: 108.232697
[2022-10-19 23:35:43] PRINT Train Epoch: 8 [48640/60000 (81%)]	Loss: 107.565414
[2022-10-19 23:35:43] PRINT Train Epoch: 8 [49920/60000 (83%)]	Loss: 107.255737
[2022-10-19 23:35:43] PRINT Train Epoch: 8 [51200/60000 (85%)]	Loss: 106.476959
[2022-10-19 23:35:43] PRINT Train Epoch: 8 [52480/60000 (87%)]	Loss: 110.684952
[2022-10-19 23:35:43] PRINT Train Epoch: 8 [53760/60000 (90%)]	Loss: 108.066635
[2022-10-19 23:35:44] PRINT Train Epoch: 8 [55040/60000 (92%)]	Loss: 103.319572
[2022-10-19 23:35:44] PRINT Train Epoch: 8 [56320/60000 (94%)]	Loss: 108.345947
[2022-10-19 23:35:44] PRINT Train Epoch: 8 [57600/60000 (96%)]	Loss: 104.675812
[2022-10-19 23:35:44] PRINT Train Epoch: 8 [58880/60000 (98%)]	Loss: 110.615479
[2022-10-19 23:35:44] PRINT ====> Epoch: 8 Average loss: 107.4614
[2022-10-19 23:35:45] PRINT ====> Test set loss: 107.2953
[2022-10-19 23:35:45] PRINT Train Epoch: 9 [0/60000 (0%)]	Loss: 109.617386
[2022-10-19 23:35:45] PRINT Train Epoch: 9 [1280/60000 (2%)]	Loss: 104.302498
[2022-10-19 23:35:45] PRINT Train Epoch: 9 [2560/60000 (4%)]	Loss: 106.611221
[2022-10-19 23:35:45] PRINT Train Epoch: 9 [3840/60000 (6%)]	Loss: 105.429535
[2022-10-19 23:35:45] PRINT Train Epoch: 9 [5120/60000 (9%)]	Loss: 109.677414
[2022-10-19 23:35:45] PRINT Train Epoch: 9 [6400/60000 (11%)]	Loss: 105.996368
[2022-10-19 23:35:45] PRINT Train Epoch: 9 [7680/60000 (13%)]	Loss: 108.930283
[2022-10-19 23:35:46] PRINT Train Epoch: 9 [8960/60000 (15%)]	Loss: 108.168564
[2022-10-19 23:35:46] PRINT Train Epoch: 9 [10240/60000 (17%)]	Loss: 106.462692
[2022-10-19 23:35:46] PRINT Train Epoch: 9 [11520/60000 (19%)]	Loss: 101.997253
[2022-10-19 23:35:46] PRINT Train Epoch: 9 [12800/60000 (21%)]	Loss: 107.157745
[2022-10-19 23:35:46] PRINT Train Epoch: 9 [14080/60000 (23%)]	Loss: 107.633583
[2022-10-19 23:35:46] PRINT Train Epoch: 9 [15360/60000 (26%)]	Loss: 109.945282
[2022-10-19 23:35:46] PRINT Train Epoch: 9 [16640/60000 (28%)]	Loss: 104.528030
[2022-10-19 23:35:46] PRINT Train Epoch: 9 [17920/60000 (30%)]	Loss: 107.195755
[2022-10-19 23:35:46] PRINT Train Epoch: 9 [19200/60000 (32%)]	Loss: 108.568481
[2022-10-19 23:35:47] PRINT Train Epoch: 9 [20480/60000 (34%)]	Loss: 104.330452
[2022-10-19 23:35:47] PRINT Train Epoch: 9 [21760/60000 (36%)]	Loss: 106.182564
[2022-10-19 23:35:47] PRINT Train Epoch: 9 [23040/60000 (38%)]	Loss: 106.554276
[2022-10-19 23:35:47] PRINT Train Epoch: 9 [24320/60000 (41%)]	Loss: 109.315346
[2022-10-19 23:35:47] PRINT Train Epoch: 9 [25600/60000 (43%)]	Loss: 108.068535
[2022-10-19 23:35:47] PRINT Train Epoch: 9 [26880/60000 (45%)]	Loss: 109.814728
[2022-10-19 23:35:47] PRINT Train Epoch: 9 [28160/60000 (47%)]	Loss: 102.133636
[2022-10-19 23:35:47] PRINT Train Epoch: 9 [29440/60000 (49%)]	Loss: 112.355438
[2022-10-19 23:35:47] PRINT Train Epoch: 9 [30720/60000 (51%)]	Loss: 103.593460
[2022-10-19 23:35:47] PRINT Train Epoch: 9 [32000/60000 (53%)]	Loss: 105.143311
[2022-10-19 23:35:48] PRINT Train Epoch: 9 [33280/60000 (55%)]	Loss: 101.769997
[2022-10-19 23:35:48] PRINT Train Epoch: 9 [34560/60000 (58%)]	Loss: 106.088326
[2022-10-19 23:35:48] PRINT Train Epoch: 9 [35840/60000 (60%)]	Loss: 108.818619
[2022-10-19 23:35:48] PRINT Train Epoch: 9 [37120/60000 (62%)]	Loss: 107.068077
[2022-10-19 23:35:48] PRINT Train Epoch: 9 [38400/60000 (64%)]	Loss: 105.666687
[2022-10-19 23:35:48] PRINT Train Epoch: 9 [39680/60000 (66%)]	Loss: 107.309959
[2022-10-19 23:35:48] PRINT Train Epoch: 9 [40960/60000 (68%)]	Loss: 104.046082
[2022-10-19 23:35:48] PRINT Train Epoch: 9 [42240/60000 (70%)]	Loss: 113.822891
[2022-10-19 23:35:48] PRINT Train Epoch: 9 [43520/60000 (72%)]	Loss: 108.004715
[2022-10-19 23:35:49] PRINT Train Epoch: 9 [44800/60000 (75%)]	Loss: 109.274246
[2022-10-19 23:35:49] PRINT Train Epoch: 9 [46080/60000 (77%)]	Loss: 104.297615
[2022-10-19 23:35:49] PRINT Train Epoch: 9 [47360/60000 (79%)]	Loss: 106.518578
[2022-10-19 23:35:49] PRINT Train Epoch: 9 [48640/60000 (81%)]	Loss: 106.404282
[2022-10-19 23:35:49] PRINT Train Epoch: 9 [49920/60000 (83%)]	Loss: 110.366669
[2022-10-19 23:35:49] PRINT Train Epoch: 9 [51200/60000 (85%)]	Loss: 107.862457
[2022-10-19 23:35:49] PRINT Train Epoch: 9 [52480/60000 (87%)]	Loss: 108.959084
[2022-10-19 23:35:49] PRINT Train Epoch: 9 [53760/60000 (90%)]	Loss: 108.887199
[2022-10-19 23:35:49] PRINT Train Epoch: 9 [55040/60000 (92%)]	Loss: 110.032974
[2022-10-19 23:35:50] PRINT Train Epoch: 9 [56320/60000 (94%)]	Loss: 105.464928
[2022-10-19 23:35:50] PRINT Train Epoch: 9 [57600/60000 (96%)]	Loss: 104.971489
[2022-10-19 23:35:50] PRINT Train Epoch: 9 [58880/60000 (98%)]	Loss: 111.847916
[2022-10-19 23:35:50] PRINT ====> Epoch: 9 Average loss: 107.1178
[2022-10-19 23:35:51] PRINT ====> Test set loss: 106.4516
[2022-10-19 23:35:51] PRINT Train Epoch: 10 [0/60000 (0%)]	Loss: 106.799454
[2022-10-19 23:35:51] PRINT Train Epoch: 10 [1280/60000 (2%)]	Loss: 101.002304
[2022-10-19 23:35:51] PRINT Train Epoch: 10 [2560/60000 (4%)]	Loss: 106.090790
[2022-10-19 23:35:51] PRINT Train Epoch: 10 [3840/60000 (6%)]	Loss: 104.394150
[2022-10-19 23:35:51] PRINT Train Epoch: 10 [5120/60000 (9%)]	Loss: 106.287827
[2022-10-19 23:35:51] PRINT Train Epoch: 10 [6400/60000 (11%)]	Loss: 109.998970
[2022-10-19 23:35:51] PRINT Train Epoch: 10 [7680/60000 (13%)]	Loss: 107.815514
[2022-10-19 23:35:51] PRINT Train Epoch: 10 [8960/60000 (15%)]	Loss: 109.342697
[2022-10-19 23:35:52] PRINT Train Epoch: 10 [10240/60000 (17%)]	Loss: 108.220932
[2022-10-19 23:35:52] PRINT Train Epoch: 10 [11520/60000 (19%)]	Loss: 107.514023
[2022-10-19 23:35:52] PRINT Train Epoch: 10 [12800/60000 (21%)]	Loss: 110.221901
[2022-10-19 23:35:52] PRINT Train Epoch: 10 [14080/60000 (23%)]	Loss: 108.537651
[2022-10-19 23:35:52] PRINT Train Epoch: 10 [15360/60000 (26%)]	Loss: 107.406380
[2022-10-19 23:35:52] PRINT Train Epoch: 10 [16640/60000 (28%)]	Loss: 104.288193
[2022-10-19 23:35:52] PRINT Train Epoch: 10 [17920/60000 (30%)]	Loss: 103.208336
[2022-10-19 23:35:52] PRINT Train Epoch: 10 [19200/60000 (32%)]	Loss: 106.007996
[2022-10-19 23:35:52] PRINT Train Epoch: 10 [20480/60000 (34%)]	Loss: 106.178230
[2022-10-19 23:35:53] PRINT Train Epoch: 10 [21760/60000 (36%)]	Loss: 105.001503
[2022-10-19 23:35:53] PRINT Train Epoch: 10 [23040/60000 (38%)]	Loss: 105.928024
[2022-10-19 23:35:53] PRINT Train Epoch: 10 [24320/60000 (41%)]	Loss: 104.610733
[2022-10-19 23:35:53] PRINT Train Epoch: 10 [25600/60000 (43%)]	Loss: 105.415779
[2022-10-19 23:35:53] PRINT Train Epoch: 10 [26880/60000 (45%)]	Loss: 107.665405
[2022-10-19 23:35:53] PRINT Train Epoch: 10 [28160/60000 (47%)]	Loss: 106.590332
[2022-10-19 23:35:53] PRINT Train Epoch: 10 [29440/60000 (49%)]	Loss: 108.104912
[2022-10-19 23:35:53] PRINT Train Epoch: 10 [30720/60000 (51%)]	Loss: 104.788338
[2022-10-19 23:35:53] PRINT Train Epoch: 10 [32000/60000 (53%)]	Loss: 107.822166
[2022-10-19 23:35:53] PRINT Train Epoch: 10 [33280/60000 (55%)]	Loss: 105.054657
[2022-10-19 23:35:54] PRINT Train Epoch: 10 [34560/60000 (58%)]	Loss: 107.657204
[2022-10-19 23:35:54] PRINT Train Epoch: 10 [35840/60000 (60%)]	Loss: 104.697250
[2022-10-19 23:35:54] PRINT Train Epoch: 10 [37120/60000 (62%)]	Loss: 107.263123
[2022-10-19 23:35:54] PRINT Train Epoch: 10 [38400/60000 (64%)]	Loss: 104.487091
[2022-10-19 23:35:54] PRINT Train Epoch: 10 [39680/60000 (66%)]	Loss: 103.917793
[2022-10-19 23:35:54] PRINT Train Epoch: 10 [40960/60000 (68%)]	Loss: 105.487968
[2022-10-19 23:35:54] PRINT Train Epoch: 10 [42240/60000 (70%)]	Loss: 102.638123
[2022-10-19 23:35:54] PRINT Train Epoch: 10 [43520/60000 (72%)]	Loss: 107.126968
[2022-10-19 23:35:54] PRINT Train Epoch: 10 [44800/60000 (75%)]	Loss: 105.115692
[2022-10-19 23:35:55] PRINT Train Epoch: 10 [46080/60000 (77%)]	Loss: 105.851379
[2022-10-19 23:35:55] PRINT Train Epoch: 10 [47360/60000 (79%)]	Loss: 109.626488
[2022-10-19 23:35:55] PRINT Train Epoch: 10 [48640/60000 (81%)]	Loss: 111.759300
[2022-10-19 23:35:55] PRINT Train Epoch: 10 [49920/60000 (83%)]	Loss: 110.533592
[2022-10-19 23:35:55] PRINT Train Epoch: 10 [51200/60000 (85%)]	Loss: 106.192764
[2022-10-19 23:35:55] PRINT Train Epoch: 10 [52480/60000 (87%)]	Loss: 107.296860
[2022-10-19 23:35:55] PRINT Train Epoch: 10 [53760/60000 (90%)]	Loss: 104.911545
[2022-10-19 23:35:55] PRINT Train Epoch: 10 [55040/60000 (92%)]	Loss: 107.095657
[2022-10-19 23:35:55] PRINT Train Epoch: 10 [56320/60000 (94%)]	Loss: 109.696823
[2022-10-19 23:35:55] PRINT Train Epoch: 10 [57600/60000 (96%)]	Loss: 109.558960
[2022-10-19 23:35:56] PRINT Train Epoch: 10 [58880/60000 (98%)]	Loss: 105.521484
[2022-10-19 23:35:56] PRINT ====> Epoch: 10 Average loss: 106.8922
[2022-10-19 23:35:57] PRINT ====> Test set loss: 106.2968
