[2022-10-20 01:07:56] INFO (main) Start NNI manager
[2022-10-20 01:07:56] INFO (NNIDataStore) Datastore initialization done
[2022-10-20 01:07:56] INFO (RestServer) Starting REST server at port 8091, URL prefix: "/"
[2022-10-20 01:07:56] INFO (RestServer) REST server started.
[2022-10-20 01:07:57] INFO (NNIManager) Starting experiment: pb75o4ju
[2022-10-20 01:07:57] INFO (NNIManager) Setup training service...
[2022-10-20 01:07:57] INFO (LocalTrainingService) Construct local machine training service.
[2022-10-20 01:07:57] INFO (NNIManager) Setup tuner...
[2022-10-20 01:07:57] INFO (NNIManager) Change NNIManager status from: INITIALIZED to: RUNNING
[2022-10-20 01:07:57] INFO (NNIManager) Add event listeners
[2022-10-20 01:07:57] INFO (LocalTrainingService) Run local machine training service.
[2022-10-20 01:07:57] INFO (NNIManager) NNIManager received command from dispatcher: ID, 
[2022-10-20 01:07:57] INFO (NNIManager) NNIManager received command from dispatcher: TR, {"parameter_id": "0-3_0_0", "parameter_source": "algorithm", "parameters": {"features1": 600, "features2": 20, "lr": 0.06859674497704978, "epsilon": 1e-06, "TRIAL_BUDGET": 2}}
[2022-10-20 01:08:02] INFO (NNIManager) submitTrialJob: form: {
  sequenceId: 0,
  hyperParameters: {
    value: '{"parameter_id": "0-3_0_0", "parameter_source": "algorithm", "parameters": {"features1": 600, "features2": 20, "lr": 0.06859674497704978, "epsilon": 1e-06, "TRIAL_BUDGET": 2}}',
    index: 0
  },
  placementConstraint: { type: 'None', gpus: [] }
}
[2022-10-20 01:08:12] INFO (NNIManager) Trial job T1LMd status changed from WAITING to RUNNING
[2022-10-20 01:09:07] INFO (NNIManager) Trial job T1LMd status changed from RUNNING to SUCCEEDED
[2022-10-20 01:09:07] INFO (NNIManager) NNIManager received command from dispatcher: TR, {"parameter_id": "0-3_0_1", "parameter_source": "algorithm", "parameters": {"features1": 600, "features2": 30, "lr": 0.04550315270207238, "epsilon": 1e-06, "TRIAL_BUDGET": 2}}
[2022-10-20 01:09:12] INFO (NNIManager) submitTrialJob: form: {
  sequenceId: 1,
  hyperParameters: {
    value: '{"parameter_id": "0-3_0_1", "parameter_source": "algorithm", "parameters": {"features1": 600, "features2": 30, "lr": 0.04550315270207238, "epsilon": 1e-06, "TRIAL_BUDGET": 2}}',
    index: 0
  },
  placementConstraint: { type: 'None', gpus: [] }
}
[2022-10-20 01:09:17] INFO (NNIManager) Trial job JVZxo status changed from WAITING to RUNNING
[2022-10-20 01:10:13] INFO (NNIManager) Trial job JVZxo status changed from RUNNING to SUCCEEDED
[2022-10-20 01:10:13] INFO (NNIManager) NNIManager received command from dispatcher: TR, {"parameter_id": "0-3_0_2", "parameter_source": "algorithm", "parameters": {"features1": 600, "features2": 20, "lr": 0.0010414871006816581, "epsilon": 1e-06, "TRIAL_BUDGET": 2}}
[2022-10-20 01:10:18] INFO (NNIManager) submitTrialJob: form: {
  sequenceId: 2,
  hyperParameters: {
    value: '{"parameter_id": "0-3_0_2", "parameter_source": "algorithm", "parameters": {"features1": 600, "features2": 20, "lr": 0.0010414871006816581, "epsilon": 1e-06, "TRIAL_BUDGET": 2}}',
    index: 0
  },
  placementConstraint: { type: 'None', gpus: [] }
}
[2022-10-20 01:10:23] INFO (NNIManager) Trial job atpr7 status changed from WAITING to RUNNING
[2022-10-20 01:11:18] INFO (NNIManager) Trial job atpr7 status changed from RUNNING to SUCCEEDED
[2022-10-20 01:11:18] INFO (NNIManager) NNIManager received command from dispatcher: TR, {"parameter_id": "0-3_0_3", "parameter_source": "algorithm", "parameters": {"features1": 500, "features2": 10, "lr": 0.017331413158122456, "epsilon": 1e-07, "TRIAL_BUDGET": 2}}
[2022-10-20 01:11:23] INFO (NNIManager) submitTrialJob: form: {
  sequenceId: 3,
  hyperParameters: {
    value: '{"parameter_id": "0-3_0_3", "parameter_source": "algorithm", "parameters": {"features1": 500, "features2": 10, "lr": 0.017331413158122456, "epsilon": 1e-07, "TRIAL_BUDGET": 2}}',
    index: 0
  },
  placementConstraint: { type: 'None', gpus: [] }
}
[2022-10-20 01:11:28] INFO (NNIManager) Trial job iej7S status changed from WAITING to RUNNING
[2022-10-20 01:12:23] INFO (NNIManager) Trial job iej7S status changed from RUNNING to SUCCEEDED
[2022-10-20 01:12:23] INFO (NNIManager) NNIManager received command from dispatcher: TR, {"parameter_id": "0-3_0_4", "parameter_source": "algorithm", "parameters": {"features1": 300, "features2": 40, "lr": 0.01295312856288433, "epsilon": 1e-07, "TRIAL_BUDGET": 2}}
[2022-10-20 01:12:28] INFO (NNIManager) submitTrialJob: form: {
  sequenceId: 4,
  hyperParameters: {
    value: '{"parameter_id": "0-3_0_4", "parameter_source": "algorithm", "parameters": {"features1": 300, "features2": 40, "lr": 0.01295312856288433, "epsilon": 1e-07, "TRIAL_BUDGET": 2}}',
    index: 0
  },
  placementConstraint: { type: 'None', gpus: [] }
}
[2022-10-20 01:12:33] INFO (NNIManager) Trial job mP97W status changed from WAITING to RUNNING
[2022-10-20 01:13:28] INFO (NNIManager) Trial job mP97W status changed from RUNNING to SUCCEEDED
[2022-10-20 01:13:28] INFO (NNIManager) NNIManager received command from dispatcher: TR, {"parameter_id": "0-3_0_5", "parameter_source": "algorithm", "parameters": {"features1": 300, "features2": 30, "lr": 0.00022489628458010545, "epsilon": 1e-07, "TRIAL_BUDGET": 2}}
[2022-10-20 01:13:33] INFO (NNIManager) submitTrialJob: form: {
  sequenceId: 5,
  hyperParameters: {
    value: '{"parameter_id": "0-3_0_5", "parameter_source": "algorithm", "parameters": {"features1": 300, "features2": 30, "lr": 0.00022489628458010545, "epsilon": 1e-07, "TRIAL_BUDGET": 2}}',
    index: 0
  },
  placementConstraint: { type: 'None', gpus: [] }
}
[2022-10-20 01:13:38] INFO (NNIManager) Trial job WZImM status changed from WAITING to RUNNING
[2022-10-20 01:14:33] INFO (NNIManager) Trial job WZImM status changed from RUNNING to SUCCEEDED
[2022-10-20 01:14:33] INFO (NNIManager) NNIManager received command from dispatcher: TR, {"parameter_id": "0-3_0_6", "parameter_source": "algorithm", "parameters": {"features1": 400, "features2": 30, "lr": 0.06153759083710094, "epsilon": 1e-06, "TRIAL_BUDGET": 2}}
[2022-10-20 01:14:38] INFO (NNIManager) submitTrialJob: form: {
  sequenceId: 6,
  hyperParameters: {
    value: '{"parameter_id": "0-3_0_6", "parameter_source": "algorithm", "parameters": {"features1": 400, "features2": 30, "lr": 0.06153759083710094, "epsilon": 1e-06, "TRIAL_BUDGET": 2}}',
    index: 0
  },
  placementConstraint: { type: 'None', gpus: [] }
}
[2022-10-20 01:14:43] INFO (NNIManager) Trial job OatKz status changed from WAITING to RUNNING
[2022-10-20 01:15:38] INFO (NNIManager) Trial job OatKz status changed from RUNNING to SUCCEEDED
[2022-10-20 01:15:38] INFO (NNIManager) NNIManager received command from dispatcher: TR, {"parameter_id": "0-3_0_7", "parameter_source": "algorithm", "parameters": {"features1": 600, "features2": 20, "lr": 0.0002445162414938319, "epsilon": 1e-07, "TRIAL_BUDGET": 2}}
[2022-10-20 01:15:43] INFO (NNIManager) submitTrialJob: form: {
  sequenceId: 7,
  hyperParameters: {
    value: '{"parameter_id": "0-3_0_7", "parameter_source": "algorithm", "parameters": {"features1": 600, "features2": 20, "lr": 0.0002445162414938319, "epsilon": 1e-07, "TRIAL_BUDGET": 2}}',
    index: 0
  },
  placementConstraint: { type: 'None', gpus: [] }
}
[2022-10-20 01:15:48] INFO (NNIManager) Trial job dsd3m status changed from WAITING to RUNNING
[2022-10-20 01:16:43] INFO (NNIManager) Trial job dsd3m status changed from RUNNING to SUCCEEDED
[2022-10-20 01:16:43] INFO (NNIManager) NNIManager received command from dispatcher: TR, {"parameter_id": "0-3_0_8", "parameter_source": "algorithm", "parameters": {"features1": 400, "features2": 20, "lr": 0.06387947609226353, "epsilon": 1e-06, "TRIAL_BUDGET": 2}}
[2022-10-20 01:16:48] INFO (NNIManager) submitTrialJob: form: {
  sequenceId: 8,
  hyperParameters: {
    value: '{"parameter_id": "0-3_0_8", "parameter_source": "algorithm", "parameters": {"features1": 400, "features2": 20, "lr": 0.06387947609226353, "epsilon": 1e-06, "TRIAL_BUDGET": 2}}',
    index: 0
  },
  placementConstraint: { type: 'None', gpus: [] }
}
[2022-10-20 01:16:53] INFO (NNIManager) Trial job OAU1k status changed from WAITING to RUNNING
[2022-10-20 01:17:48] INFO (NNIManager) Trial job OAU1k status changed from RUNNING to SUCCEEDED
[2022-10-20 01:17:48] INFO (NNIManager) NNIManager received command from dispatcher: TR, {"parameter_id": "0-3_0_9", "parameter_source": "algorithm", "parameters": {"features1": 600, "features2": 40, "lr": 0.009397878234136098, "epsilon": 1e-06, "TRIAL_BUDGET": 2}}
[2022-10-20 01:17:53] INFO (NNIManager) submitTrialJob: form: {
  sequenceId: 9,
  hyperParameters: {
    value: '{"parameter_id": "0-3_0_9", "parameter_source": "algorithm", "parameters": {"features1": 600, "features2": 40, "lr": 0.009397878234136098, "epsilon": 1e-06, "TRIAL_BUDGET": 2}}',
    index: 0
  },
  placementConstraint: { type: 'None', gpus: [] }
}
[2022-10-20 01:17:58] INFO (NNIManager) Trial job MEd4S status changed from WAITING to RUNNING
[2022-10-20 01:17:58] INFO (NNIManager) Change NNIManager status from: RUNNING to: NO_MORE_TRIAL
[2022-10-20 01:18:53] INFO (NNIManager) Trial job MEd4S status changed from RUNNING to SUCCEEDED
[2022-10-20 01:18:53] INFO (NNIManager) Change NNIManager status from: NO_MORE_TRIAL to: DONE
[2022-10-20 01:18:53] INFO (NNIManager) Experiment done.
[2022-10-20 01:18:58] INFO (ShutdownManager) Initiate shutdown: REST request
[2022-10-20 01:18:58] INFO (RestServer) Stopping REST server.
[2022-10-20 01:18:58] INFO (NNIManager) Change NNIManager status from: DONE to: STOPPING
[2022-10-20 01:18:58] INFO (NNIManager) Stopping experiment, cleaning up ...
[2022-10-20 01:18:59] INFO (RestServer) REST server stopped.
[2022-10-20 01:19:00] INFO (LocalTrainingService) Stopping local machine training service...
[2022-10-20 01:19:00] INFO (NNIManager) Change NNIManager status from: STOPPING to: STOPPED
[2022-10-20 01:19:00] INFO (NNIManager) Experiment stopped.
[2022-10-20 01:19:00] INFO (NNITensorboardManager) Forced stopping all tensorboard task.
[2022-10-20 01:19:00] INFO (NNITensorboardManager) All tensorboard task stopped.
[2022-10-20 01:19:00] INFO (NNITensorboardManager) Tensorboard manager stopped.
[2022-10-20 01:19:00] INFO (ShutdownManager) Shutdown complete.
