[2022-10-20 01:52:21] PRINT {'features1': 400, 'features2': 40, 'lr': 0.06676593190747576, 'epsilon': 1e-06}
[2022-10-20 01:52:21] PRINT Using cuda device
[2022-10-20 01:52:22] PRINT Train Epoch: 1 [0/60000 (0%)]	Loss: 549.053955
[2022-10-20 01:52:22] PRINT Train Epoch: 1 [1280/60000 (2%)]	Loss: 12045.723633
[2022-10-20 01:52:23] PRINT Train Epoch: 1 [2560/60000 (4%)]	Loss: 12210.921875
[2022-10-20 01:52:23] PRINT Train Epoch: 1 [3840/60000 (6%)]	Loss: 11903.154297
[2022-10-20 01:52:23] PRINT Train Epoch: 1 [5120/60000 (9%)]	Loss: 12012.807617
[2022-10-20 01:52:23] PRINT Train Epoch: 1 [6400/60000 (11%)]	Loss: 11365.666016
[2022-10-20 01:52:23] PRINT Train Epoch: 1 [7680/60000 (13%)]	Loss: 11040.595703
[2022-10-20 01:52:23] PRINT Train Epoch: 1 [8960/60000 (15%)]	Loss: 10552.535156
[2022-10-20 01:52:23] PRINT Train Epoch: 1 [10240/60000 (17%)]	Loss: 2541.736328
[2022-10-20 01:52:23] PRINT Train Epoch: 1 [11520/60000 (19%)]	Loss: 3228.895264
[2022-10-20 01:52:23] PRINT Train Epoch: 1 [12800/60000 (21%)]	Loss: 1695.789795
[2022-10-20 01:52:23] PRINT Train Epoch: 1 [14080/60000 (23%)]	Loss: 3129.354980
[2022-10-20 01:52:23] PRINT Train Epoch: 1 [15360/60000 (26%)]	Loss: 2375.239746
[2022-10-20 01:52:23] PRINT Train Epoch: 1 [16640/60000 (28%)]	Loss: 4155.176758
[2022-10-20 01:52:24] PRINT Train Epoch: 1 [17920/60000 (30%)]	Loss: 2276.239502
[2022-10-20 01:52:24] PRINT Train Epoch: 1 [19200/60000 (32%)]	Loss: 3603.127197
[2022-10-20 01:52:24] PRINT Train Epoch: 1 [20480/60000 (34%)]	Loss: 2149.733887
[2022-10-20 01:52:24] PRINT Train Epoch: 1 [21760/60000 (36%)]	Loss: 1296.976196
[2022-10-20 01:52:24] PRINT Train Epoch: 1 [23040/60000 (38%)]	Loss: 5886.527344
[2022-10-20 01:52:24] PRINT Train Epoch: 1 [24320/60000 (41%)]	Loss: 13808.737305
[2022-10-20 01:52:24] PRINT Train Epoch: 1 [25600/60000 (43%)]	Loss: 3470.110596
[2022-10-20 01:52:24] PRINT Train Epoch: 1 [26880/60000 (45%)]	Loss: 1685.724609
[2022-10-20 01:52:24] PRINT Train Epoch: 1 [28160/60000 (47%)]	Loss: 2875.339355
[2022-10-20 01:52:24] PRINT Train Epoch: 1 [29440/60000 (49%)]	Loss: 2966.166260
[2022-10-20 01:52:24] PRINT Train Epoch: 1 [30720/60000 (51%)]	Loss: 2281.900879
[2022-10-20 01:52:25] PRINT Train Epoch: 1 [32000/60000 (53%)]	Loss: 1592.617676
[2022-10-20 01:52:25] PRINT Train Epoch: 1 [33280/60000 (55%)]	Loss: 2090.375977
[2022-10-20 01:52:25] PRINT Train Epoch: 1 [34560/60000 (58%)]	Loss: 3532.149170
[2022-10-20 01:52:25] PRINT Train Epoch: 1 [35840/60000 (60%)]	Loss: 12897.718750
[2022-10-20 01:52:25] PRINT Train Epoch: 1 [37120/60000 (62%)]	Loss: 2001.849121
[2022-10-20 01:52:25] PRINT Train Epoch: 1 [38400/60000 (64%)]	Loss: 1220.970947
[2022-10-20 01:52:25] PRINT Train Epoch: 1 [39680/60000 (66%)]	Loss: 820.582275
[2022-10-20 01:52:25] PRINT Train Epoch: 1 [40960/60000 (68%)]	Loss: 1292.500732
[2022-10-20 01:52:25] PRINT Train Epoch: 1 [42240/60000 (70%)]	Loss: 2082.856201
[2022-10-20 01:52:25] PRINT Train Epoch: 1 [43520/60000 (72%)]	Loss: 1967.499268
[2022-10-20 01:52:25] PRINT Train Epoch: 1 [44800/60000 (75%)]	Loss: 9895.030273
[2022-10-20 01:52:25] PRINT Train Epoch: 1 [46080/60000 (77%)]	Loss: 2416.238770
[2022-10-20 01:52:26] PRINT Train Epoch: 1 [47360/60000 (79%)]	Loss: 1059.866211
[2022-10-20 01:52:26] PRINT Train Epoch: 1 [48640/60000 (81%)]	Loss: 1185.057251
[2022-10-20 01:52:26] PRINT Train Epoch: 1 [49920/60000 (83%)]	Loss: 4037.911621
[2022-10-20 01:52:26] PRINT Train Epoch: 1 [51200/60000 (85%)]	Loss: 2021.051025
[2022-10-20 01:52:26] PRINT Train Epoch: 1 [52480/60000 (87%)]	Loss: 1266.507202
[2022-10-20 01:52:26] PRINT Train Epoch: 1 [53760/60000 (90%)]	Loss: 4033.899902
[2022-10-20 01:52:26] PRINT Train Epoch: 1 [55040/60000 (92%)]	Loss: 1504.859375
[2022-10-20 01:52:26] PRINT Train Epoch: 1 [56320/60000 (94%)]	Loss: 1400.385864
[2022-10-20 01:52:26] PRINT Train Epoch: 1 [57600/60000 (96%)]	Loss: 861.472473
[2022-10-20 01:52:26] PRINT Train Epoch: 1 [58880/60000 (98%)]	Loss: 1744.527344
[2022-10-20 01:52:26] PRINT ====> Epoch: 1 Average loss: 16798767898518054.0000
[2022-10-20 01:52:27] PRINT ====> Test set loss: 1729.2993
[2022-10-20 01:52:27] PRINT Train Epoch: 2 [0/60000 (0%)]	Loss: 1724.749512
[2022-10-20 01:52:27] PRINT Train Epoch: 2 [1280/60000 (2%)]	Loss: 1088.933594
[2022-10-20 01:52:27] PRINT Train Epoch: 2 [2560/60000 (4%)]	Loss: 7923.456543
[2022-10-20 01:52:27] PRINT Train Epoch: 2 [3840/60000 (6%)]	Loss: 2398.571045
[2022-10-20 01:52:28] PRINT Train Epoch: 2 [5120/60000 (9%)]	Loss: 8045.557617
[2022-10-20 01:52:28] PRINT Train Epoch: 2 [6400/60000 (11%)]	Loss: 2743.601562
[2022-10-20 01:52:28] PRINT Train Epoch: 2 [7680/60000 (13%)]	Loss: 979.124390
[2022-10-20 01:52:28] PRINT Train Epoch: 2 [8960/60000 (15%)]	Loss: 938.360779
[2022-10-20 01:52:28] PRINT Train Epoch: 2 [10240/60000 (17%)]	Loss: 3684.845947
[2022-10-20 01:52:28] PRINT Train Epoch: 2 [11520/60000 (19%)]	Loss: 12139.036133
[2022-10-20 01:52:28] PRINT Train Epoch: 2 [12800/60000 (21%)]	Loss: 1356.243774
[2022-10-20 01:52:28] PRINT Train Epoch: 2 [14080/60000 (23%)]	Loss: 3691.764160
[2022-10-20 01:52:28] PRINT Train Epoch: 2 [15360/60000 (26%)]	Loss: 858.507812
[2022-10-20 01:52:28] PRINT Train Epoch: 2 [16640/60000 (28%)]	Loss: 655.721558
[2022-10-20 01:52:28] PRINT Train Epoch: 2 [17920/60000 (30%)]	Loss: 3408.618408
[2022-10-20 01:52:29] PRINT Train Epoch: 2 [19200/60000 (32%)]	Loss: 1540.790649
[2022-10-20 01:52:29] PRINT Train Epoch: 2 [20480/60000 (34%)]	Loss: 822.380127
[2022-10-20 01:52:29] PRINT Train Epoch: 2 [21760/60000 (36%)]	Loss: 4598.612793
[2022-10-20 01:52:29] PRINT Train Epoch: 2 [23040/60000 (38%)]	Loss: 13417.299805
[2022-10-20 01:52:29] PRINT Train Epoch: 2 [24320/60000 (41%)]	Loss: 12299.175781
[2022-10-20 01:52:29] PRINT Train Epoch: 2 [25600/60000 (43%)]	Loss: 1566.224365
[2022-10-20 01:52:29] PRINT Train Epoch: 2 [26880/60000 (45%)]	Loss: 935.117249
[2022-10-20 01:52:29] PRINT Train Epoch: 2 [28160/60000 (47%)]	Loss: 4422.008301
[2022-10-20 01:52:29] PRINT Train Epoch: 2 [29440/60000 (49%)]	Loss: 13170.819336
[2022-10-20 01:52:29] PRINT Train Epoch: 2 [30720/60000 (51%)]	Loss: 3894.933594
[2022-10-20 01:52:29] PRINT Train Epoch: 2 [32000/60000 (53%)]	Loss: 4360.491211
[2022-10-20 01:52:29] PRINT Train Epoch: 2 [33280/60000 (55%)]	Loss: 937.871704
[2022-10-20 01:52:30] PRINT Train Epoch: 2 [34560/60000 (58%)]	Loss: 777.536743
[2022-10-20 01:52:30] PRINT Train Epoch: 2 [35840/60000 (60%)]	Loss: 2580.492188
[2022-10-20 01:52:30] PRINT Train Epoch: 2 [37120/60000 (62%)]	Loss: 1921.704590
[2022-10-20 01:52:30] PRINT Train Epoch: 2 [38400/60000 (64%)]	Loss: 970.922913
[2022-10-20 01:52:30] PRINT Train Epoch: 2 [39680/60000 (66%)]	Loss: 623.300110
[2022-10-20 01:52:30] PRINT Train Epoch: 2 [40960/60000 (68%)]	Loss: 925.686462
[2022-10-20 01:52:30] PRINT Train Epoch: 2 [42240/60000 (70%)]	Loss: 1807.279297
[2022-10-20 01:52:30] PRINT Train Epoch: 2 [43520/60000 (72%)]	Loss: 742.835327
[2022-10-20 01:52:30] PRINT Train Epoch: 2 [44800/60000 (75%)]	Loss: 3392.558350
[2022-10-20 01:52:30] PRINT Train Epoch: 2 [46080/60000 (77%)]	Loss: 866.763611
[2022-10-20 01:52:30] PRINT Train Epoch: 2 [47360/60000 (79%)]	Loss: 1080.179688
[2022-10-20 01:52:31] PRINT Train Epoch: 2 [48640/60000 (81%)]	Loss: 3207.128906
[2022-10-20 01:52:31] PRINT Train Epoch: 2 [49920/60000 (83%)]	Loss: 1689.999268
[2022-10-20 01:52:31] PRINT Train Epoch: 2 [51200/60000 (85%)]	Loss: 2720.247559
[2022-10-20 01:52:31] PRINT Train Epoch: 2 [52480/60000 (87%)]	Loss: 8735.634766
[2022-10-20 01:52:31] PRINT Train Epoch: 2 [53760/60000 (90%)]	Loss: 2187.000000
[2022-10-20 01:52:31] PRINT Train Epoch: 2 [55040/60000 (92%)]	Loss: 735.076477
[2022-10-20 01:52:31] PRINT Train Epoch: 2 [56320/60000 (94%)]	Loss: 569.111572
[2022-10-20 01:52:31] PRINT Train Epoch: 2 [57600/60000 (96%)]	Loss: 470.257416
[2022-10-20 01:52:31] PRINT Train Epoch: 2 [58880/60000 (98%)]	Loss: 482.602509
[2022-10-20 01:52:31] PRINT ====> Epoch: 2 Average loss: 2868.2619
[2022-10-20 01:52:32] PRINT ====> Test set loss: 1144.4195
[2022-10-20 01:52:32] PRINT Train Epoch: 3 [0/60000 (0%)]	Loss: 1334.584961
[2022-10-20 01:52:32] PRINT Train Epoch: 3 [1280/60000 (2%)]	Loss: 1958.651611
[2022-10-20 01:52:32] PRINT Train Epoch: 3 [2560/60000 (4%)]	Loss: 3180.143555
[2022-10-20 01:52:32] PRINT Train Epoch: 3 [3840/60000 (6%)]	Loss: 13073.196289
[2022-10-20 01:52:32] PRINT Train Epoch: 3 [5120/60000 (9%)]	Loss: 3828.890625
[2022-10-20 01:52:33] PRINT Train Epoch: 3 [6400/60000 (11%)]	Loss: 4240.500000
[2022-10-20 01:52:33] PRINT Train Epoch: 3 [7680/60000 (13%)]	Loss: 4530.877441
[2022-10-20 01:52:33] PRINT Train Epoch: 3 [8960/60000 (15%)]	Loss: 1390.897705
[2022-10-20 01:52:33] PRINT Train Epoch: 3 [10240/60000 (17%)]	Loss: 654.404114
[2022-10-20 01:52:33] PRINT Train Epoch: 3 [11520/60000 (19%)]	Loss: 637.896484
[2022-10-20 01:52:33] PRINT Train Epoch: 3 [12800/60000 (21%)]	Loss: 5433.104004
[2022-10-20 01:52:33] PRINT Train Epoch: 3 [14080/60000 (23%)]	Loss: 1502.092041
[2022-10-20 01:52:33] PRINT Train Epoch: 3 [15360/60000 (26%)]	Loss: 1147.493408
[2022-10-20 01:52:33] PRINT Train Epoch: 3 [16640/60000 (28%)]	Loss: 863.291138
[2022-10-20 01:52:33] PRINT Train Epoch: 3 [17920/60000 (30%)]	Loss: 651.214844
[2022-10-20 01:52:33] PRINT Train Epoch: 3 [19200/60000 (32%)]	Loss: 472.517365
[2022-10-20 01:52:33] PRINT Train Epoch: 3 [20480/60000 (34%)]	Loss: 827.927307
[2022-10-20 01:52:34] PRINT Train Epoch: 3 [21760/60000 (36%)]	Loss: 591.609375
[2022-10-20 01:52:34] PRINT Train Epoch: 3 [23040/60000 (38%)]	Loss: 981.121216
[2022-10-20 01:52:34] PRINT Train Epoch: 3 [24320/60000 (41%)]	Loss: 3513.329346
[2022-10-20 01:52:34] PRINT Train Epoch: 3 [25600/60000 (43%)]	Loss: 2748.644775
[2022-10-20 01:52:34] PRINT Train Epoch: 3 [26880/60000 (45%)]	Loss: 1585.772583
[2022-10-20 01:52:34] PRINT Train Epoch: 3 [28160/60000 (47%)]	Loss: 530.098022
[2022-10-20 01:52:34] PRINT Train Epoch: 3 [29440/60000 (49%)]	Loss: 1254.591797
[2022-10-20 01:52:34] PRINT Train Epoch: 3 [30720/60000 (51%)]	Loss: 746.103516
[2022-10-20 01:52:34] PRINT Train Epoch: 3 [32000/60000 (53%)]	Loss: 1771.313110
[2022-10-20 01:52:34] PRINT Train Epoch: 3 [33280/60000 (55%)]	Loss: 1417.024902
[2022-10-20 01:52:35] PRINT Train Epoch: 3 [34560/60000 (58%)]	Loss: 676.612061
[2022-10-20 01:52:35] PRINT Train Epoch: 3 [35840/60000 (60%)]	Loss: 544.692932
[2022-10-20 01:52:35] PRINT Train Epoch: 3 [37120/60000 (62%)]	Loss: 545.123718
[2022-10-20 01:52:35] PRINT Train Epoch: 3 [38400/60000 (64%)]	Loss: 508.638519
[2022-10-20 01:52:35] PRINT Train Epoch: 3 [39680/60000 (66%)]	Loss: 2057.064697
[2022-10-20 01:52:35] PRINT Train Epoch: 3 [40960/60000 (68%)]	Loss: 3206.832031
[2022-10-20 01:52:35] PRINT Train Epoch: 3 [42240/60000 (70%)]	Loss: 13140.570312
[2022-10-20 01:52:35] PRINT Train Epoch: 3 [43520/60000 (72%)]	Loss: 1556.470703
[2022-10-20 01:52:35] PRINT Train Epoch: 3 [44800/60000 (75%)]	Loss: 1674.921265
[2022-10-20 01:52:35] PRINT Train Epoch: 3 [46080/60000 (77%)]	Loss: 1699.306641
[2022-10-20 01:52:35] PRINT Train Epoch: 3 [47360/60000 (79%)]	Loss: 2321.552979
[2022-10-20 01:52:36] PRINT Train Epoch: 3 [48640/60000 (81%)]	Loss: 1662.724121
[2022-10-20 01:52:36] PRINT Train Epoch: 3 [49920/60000 (83%)]	Loss: 2484.584717
[2022-10-20 01:52:36] PRINT Train Epoch: 3 [51200/60000 (85%)]	Loss: 473.903687
[2022-10-20 01:52:36] PRINT Train Epoch: 3 [52480/60000 (87%)]	Loss: 488.652039
[2022-10-20 01:52:36] PRINT Train Epoch: 3 [53760/60000 (90%)]	Loss: 1515.794800
[2022-10-20 01:52:36] PRINT Train Epoch: 3 [55040/60000 (92%)]	Loss: 677.298523
[2022-10-20 01:52:36] PRINT Train Epoch: 3 [56320/60000 (94%)]	Loss: 12769.469727
[2022-10-20 01:52:36] PRINT Train Epoch: 3 [57600/60000 (96%)]	Loss: 12208.496094
[2022-10-20 01:52:36] PRINT Train Epoch: 3 [58880/60000 (98%)]	Loss: 12907.510742
[2022-10-20 01:52:36] PRINT ====> Epoch: 3 Average loss: 2874.4496
[2022-10-20 01:52:37] PRINT ====> Test set loss: 2560.9260
[2022-10-20 01:52:37] PRINT Train Epoch: 4 [0/60000 (0%)]	Loss: 2622.641357
[2022-10-20 01:52:37] PRINT Train Epoch: 4 [1280/60000 (2%)]	Loss: 1127.043701
[2022-10-20 01:52:37] PRINT Train Epoch: 4 [2560/60000 (4%)]	Loss: 528.529297
[2022-10-20 01:52:37] PRINT Train Epoch: 4 [3840/60000 (6%)]	Loss: 498.096527
[2022-10-20 01:52:37] PRINT Train Epoch: 4 [5120/60000 (9%)]	Loss: 567.430969
[2022-10-20 01:52:38] PRINT Train Epoch: 4 [6400/60000 (11%)]	Loss: 447.755066
[2022-10-20 01:52:38] PRINT Train Epoch: 4 [7680/60000 (13%)]	Loss: 2628.010498
[2022-10-20 01:52:38] PRINT Train Epoch: 4 [8960/60000 (15%)]	Loss: 1469.451172
[2022-10-20 01:52:38] PRINT Train Epoch: 4 [10240/60000 (17%)]	Loss: 2250.173828
[2022-10-20 01:52:38] PRINT Train Epoch: 4 [11520/60000 (19%)]	Loss: 435.733154
[2022-10-20 01:52:38] PRINT Train Epoch: 4 [12800/60000 (21%)]	Loss: 676.461182
[2022-10-20 01:52:38] PRINT Train Epoch: 4 [14080/60000 (23%)]	Loss: 1748.322998
[2022-10-20 01:52:38] PRINT Train Epoch: 4 [15360/60000 (26%)]	Loss: 8077.368164
[2022-10-20 01:52:38] PRINT Train Epoch: 4 [16640/60000 (28%)]	Loss: 9104.035156
[2022-10-20 01:52:38] PRINT Train Epoch: 4 [17920/60000 (30%)]	Loss: 13938.439453
[2022-10-20 01:52:38] PRINT Train Epoch: 4 [19200/60000 (32%)]	Loss: 3128.783447
[2022-10-20 01:52:39] PRINT Train Epoch: 4 [20480/60000 (34%)]	Loss: 961.359985
[2022-10-20 01:52:39] PRINT Train Epoch: 4 [21760/60000 (36%)]	Loss: 495.021423
[2022-10-20 01:52:39] PRINT Train Epoch: 4 [23040/60000 (38%)]	Loss: 579.823303
[2022-10-20 01:52:39] PRINT Train Epoch: 4 [24320/60000 (41%)]	Loss: 456.685089
[2022-10-20 01:52:39] PRINT Train Epoch: 4 [25600/60000 (43%)]	Loss: 1037.174194
[2022-10-20 01:52:39] PRINT Train Epoch: 4 [26880/60000 (45%)]	Loss: 4181.894043
[2022-10-20 01:52:39] PRINT Train Epoch: 4 [28160/60000 (47%)]	Loss: 863.083313
[2022-10-20 01:52:39] PRINT Train Epoch: 4 [29440/60000 (49%)]	Loss: 771.916992
[2022-10-20 01:52:39] PRINT Train Epoch: 4 [30720/60000 (51%)]	Loss: 704.359863
[2022-10-20 01:52:39] PRINT Train Epoch: 4 [32000/60000 (53%)]	Loss: 1747.226440
[2022-10-20 01:52:39] PRINT Train Epoch: 4 [33280/60000 (55%)]	Loss: 574.608948
[2022-10-20 01:52:39] PRINT Train Epoch: 4 [34560/60000 (58%)]	Loss: 801.137085
[2022-10-20 01:52:40] PRINT Train Epoch: 4 [35840/60000 (60%)]	Loss: 478.665436
[2022-10-20 01:52:40] PRINT Train Epoch: 4 [37120/60000 (62%)]	Loss: 3832.831543
[2022-10-20 01:52:40] PRINT Train Epoch: 4 [38400/60000 (64%)]	Loss: 1847.941772
[2022-10-20 01:52:40] PRINT Train Epoch: 4 [39680/60000 (66%)]	Loss: 1001.495239
[2022-10-20 01:52:40] PRINT Train Epoch: 4 [40960/60000 (68%)]	Loss: 661.970459
[2022-10-20 01:52:40] PRINT Train Epoch: 4 [42240/60000 (70%)]	Loss: 404.799164
[2022-10-20 01:52:40] PRINT Train Epoch: 4 [43520/60000 (72%)]	Loss: 409.906738
[2022-10-20 01:52:40] PRINT Train Epoch: 4 [44800/60000 (75%)]	Loss: 423.582214
[2022-10-20 01:52:40] PRINT Train Epoch: 4 [46080/60000 (77%)]	Loss: 368.329865
[2022-10-20 01:52:40] PRINT Train Epoch: 4 [47360/60000 (79%)]	Loss: 364.509491
[2022-10-20 01:52:40] PRINT Train Epoch: 4 [48640/60000 (81%)]	Loss: 423.515381
[2022-10-20 01:52:41] PRINT Train Epoch: 4 [49920/60000 (83%)]	Loss: 464.466370
[2022-10-20 01:52:41] PRINT Train Epoch: 4 [51200/60000 (85%)]	Loss: 449.960480
[2022-10-20 01:52:41] PRINT Train Epoch: 4 [52480/60000 (87%)]	Loss: 425.860443
[2022-10-20 01:52:41] PRINT Train Epoch: 4 [53760/60000 (90%)]	Loss: 2633.095459
[2022-10-20 01:52:41] PRINT Train Epoch: 4 [55040/60000 (92%)]	Loss: 3449.047607
[2022-10-20 01:52:41] PRINT Train Epoch: 4 [56320/60000 (94%)]	Loss: 1689.898804
[2022-10-20 01:52:41] PRINT Train Epoch: 4 [57600/60000 (96%)]	Loss: 1738.203369
[2022-10-20 01:52:41] PRINT Train Epoch: 4 [58880/60000 (98%)]	Loss: 1062.610596
[2022-10-20 01:52:41] PRINT ====> Epoch: 4 Average loss: 1936.8692
[2022-10-20 01:52:42] PRINT ====> Test set loss: 1205.0963
[2022-10-20 01:52:42] PRINT Train Epoch: 5 [0/60000 (0%)]	Loss: 1053.405884
[2022-10-20 01:52:42] PRINT Train Epoch: 5 [1280/60000 (2%)]	Loss: 444.472290
[2022-10-20 01:52:42] PRINT Train Epoch: 5 [2560/60000 (4%)]	Loss: 1775.207275
[2022-10-20 01:52:42] PRINT Train Epoch: 5 [3840/60000 (6%)]	Loss: 2587.693604
[2022-10-20 01:52:42] PRINT Train Epoch: 5 [5120/60000 (9%)]	Loss: 1428.056885
[2022-10-20 01:52:42] PRINT Train Epoch: 5 [6400/60000 (11%)]	Loss: 628.856567
[2022-10-20 01:52:43] PRINT Train Epoch: 5 [7680/60000 (13%)]	Loss: 6839.625000
[2022-10-20 01:52:43] PRINT Train Epoch: 5 [8960/60000 (15%)]	Loss: 2582.314209
[2022-10-20 01:52:43] PRINT Train Epoch: 5 [10240/60000 (17%)]	Loss: 1513.698730
[2022-10-20 01:52:43] PRINT Train Epoch: 5 [11520/60000 (19%)]	Loss: 995.731201
[2022-10-20 01:52:43] PRINT Train Epoch: 5 [12800/60000 (21%)]	Loss: 479.809235
[2022-10-20 01:52:43] PRINT Train Epoch: 5 [14080/60000 (23%)]	Loss: 1835.021484
[2022-10-20 01:52:43] PRINT Train Epoch: 5 [15360/60000 (26%)]	Loss: 941.463501
[2022-10-20 01:52:43] PRINT Train Epoch: 5 [16640/60000 (28%)]	Loss: 589.154480
[2022-10-20 01:52:43] PRINT Train Epoch: 5 [17920/60000 (30%)]	Loss: 647.829590
[2022-10-20 01:52:43] PRINT Train Epoch: 5 [19200/60000 (32%)]	Loss: 408.028870
[2022-10-20 01:52:43] PRINT Train Epoch: 5 [20480/60000 (34%)]	Loss: 535.928101
[2022-10-20 01:52:43] PRINT Train Epoch: 5 [21760/60000 (36%)]	Loss: 794.387939
[2022-10-20 01:52:43] PRINT Train Epoch: 5 [23040/60000 (38%)]	Loss: 1267.449463
[2022-10-20 01:52:44] PRINT Train Epoch: 5 [24320/60000 (41%)]	Loss: 1044.290039
[2022-10-20 01:52:44] PRINT Train Epoch: 5 [25600/60000 (43%)]	Loss: 581.507080
[2022-10-20 01:52:44] PRINT Train Epoch: 5 [26880/60000 (45%)]	Loss: 421.741547
[2022-10-20 01:52:44] PRINT Train Epoch: 5 [28160/60000 (47%)]	Loss: 545.105774
[2022-10-20 01:52:44] PRINT Train Epoch: 5 [29440/60000 (49%)]	Loss: 443.373840
[2022-10-20 01:52:44] PRINT Train Epoch: 5 [30720/60000 (51%)]	Loss: 344.814392
[2022-10-20 01:52:44] PRINT Train Epoch: 5 [32000/60000 (53%)]	Loss: 415.491241
[2022-10-20 01:52:44] PRINT Train Epoch: 5 [33280/60000 (55%)]	Loss: 390.354187
[2022-10-20 01:52:44] PRINT Train Epoch: 5 [34560/60000 (58%)]	Loss: 406.873627
[2022-10-20 01:52:44] PRINT Train Epoch: 5 [35840/60000 (60%)]	Loss: 321.152252
[2022-10-20 01:52:44] PRINT Train Epoch: 5 [37120/60000 (62%)]	Loss: 399.538177
[2022-10-20 01:52:44] PRINT Train Epoch: 5 [38400/60000 (64%)]	Loss: 6448.321289
[2022-10-20 01:52:45] PRINT Train Epoch: 5 [39680/60000 (66%)]	Loss: 8273.110352
[2022-10-20 01:52:45] PRINT Train Epoch: 5 [40960/60000 (68%)]	Loss: 1834.974731
[2022-10-20 01:52:45] PRINT Train Epoch: 5 [42240/60000 (70%)]	Loss: 1612.935181
[2022-10-20 01:52:45] PRINT Train Epoch: 5 [43520/60000 (72%)]	Loss: 515.602478
[2022-10-20 01:52:45] PRINT Train Epoch: 5 [44800/60000 (75%)]	Loss: 685.776123
[2022-10-20 01:52:45] PRINT Train Epoch: 5 [46080/60000 (77%)]	Loss: 2592.871826
[2022-10-20 01:52:45] PRINT Train Epoch: 5 [47360/60000 (79%)]	Loss: 1485.780640
[2022-10-20 01:52:45] PRINT Train Epoch: 5 [48640/60000 (81%)]	Loss: 1603.731934
[2022-10-20 01:52:45] PRINT Train Epoch: 5 [49920/60000 (83%)]	Loss: 659.565491
[2022-10-20 01:52:45] PRINT Train Epoch: 5 [51200/60000 (85%)]	Loss: 556.583618
[2022-10-20 01:52:45] PRINT Train Epoch: 5 [52480/60000 (87%)]	Loss: 529.292297
[2022-10-20 01:52:45] PRINT Train Epoch: 5 [53760/60000 (90%)]	Loss: 1886.555298
[2022-10-20 01:52:45] PRINT Train Epoch: 5 [55040/60000 (92%)]	Loss: 947.460571
[2022-10-20 01:52:46] PRINT Train Epoch: 5 [56320/60000 (94%)]	Loss: 568.209839
[2022-10-20 01:52:46] PRINT Train Epoch: 5 [57600/60000 (96%)]	Loss: 836.009521
[2022-10-20 01:52:46] PRINT Train Epoch: 5 [58880/60000 (98%)]	Loss: 544.628296
[2022-10-20 01:52:46] PRINT ====> Epoch: 5 Average loss: 1346.6218
[2022-10-20 01:52:47] PRINT ====> Test set loss: 560.1034
[2022-10-20 01:52:47] PRINT Train Epoch: 6 [0/60000 (0%)]	Loss: 543.280273
[2022-10-20 01:52:47] PRINT Train Epoch: 6 [1280/60000 (2%)]	Loss: 426.108154
[2022-10-20 01:52:47] PRINT Train Epoch: 6 [2560/60000 (4%)]	Loss: 1841.555786
[2022-10-20 01:52:47] PRINT Train Epoch: 6 [3840/60000 (6%)]	Loss: 1692.294678
[2022-10-20 01:52:47] PRINT Train Epoch: 6 [5120/60000 (9%)]	Loss: 597.460754
[2022-10-20 01:52:47] PRINT Train Epoch: 6 [6400/60000 (11%)]	Loss: 693.914795
[2022-10-20 01:52:47] PRINT Train Epoch: 6 [7680/60000 (13%)]	Loss: 733.625610
[2022-10-20 01:52:47] PRINT Train Epoch: 6 [8960/60000 (15%)]	Loss: 722.495483
[2022-10-20 01:52:47] PRINT Train Epoch: 6 [10240/60000 (17%)]	Loss: 1131.107178
[2022-10-20 01:52:47] PRINT Train Epoch: 6 [11520/60000 (19%)]	Loss: 564.322998
[2022-10-20 01:52:47] PRINT Train Epoch: 6 [12800/60000 (21%)]	Loss: 565.610596
[2022-10-20 01:52:48] PRINT Train Epoch: 6 [14080/60000 (23%)]	Loss: 1188.295410
[2022-10-20 01:52:48] PRINT Train Epoch: 6 [15360/60000 (26%)]	Loss: 544.469055
[2022-10-20 01:52:48] PRINT Train Epoch: 6 [16640/60000 (28%)]	Loss: 2168.607666
[2022-10-20 01:52:48] PRINT Train Epoch: 6 [17920/60000 (30%)]	Loss: 4991.329102
[2022-10-20 01:52:48] PRINT Train Epoch: 6 [19200/60000 (32%)]	Loss: 2697.774902
[2022-10-20 01:52:48] PRINT Train Epoch: 6 [20480/60000 (34%)]	Loss: 12432.160156
[2022-10-20 01:52:48] PRINT Train Epoch: 6 [21760/60000 (36%)]	Loss: 772.495056
[2022-10-20 01:52:48] PRINT Train Epoch: 6 [23040/60000 (38%)]	Loss: 506.405212
[2022-10-20 01:52:48] PRINT Train Epoch: 6 [24320/60000 (41%)]	Loss: 9770.271484
[2022-10-20 01:52:48] PRINT Train Epoch: 6 [25600/60000 (43%)]	Loss: 13936.619141
[2022-10-20 01:52:48] PRINT Train Epoch: 6 [26880/60000 (45%)]	Loss: 2990.771240
[2022-10-20 01:52:49] PRINT Train Epoch: 6 [28160/60000 (47%)]	Loss: 4389.886719
[2022-10-20 01:52:49] PRINT Train Epoch: 6 [29440/60000 (49%)]	Loss: 3229.378906
[2022-10-20 01:52:49] PRINT Train Epoch: 6 [30720/60000 (51%)]	Loss: 3417.900635
[2022-10-20 01:52:49] PRINT Train Epoch: 6 [32000/60000 (53%)]	Loss: 1162.795288
[2022-10-20 01:52:49] PRINT Train Epoch: 6 [33280/60000 (55%)]	Loss: 692.104675
[2022-10-20 01:52:49] PRINT Train Epoch: 6 [34560/60000 (58%)]	Loss: 527.981750
[2022-10-20 01:52:49] PRINT Train Epoch: 6 [35840/60000 (60%)]	Loss: 508.279114
[2022-10-20 01:52:49] PRINT Train Epoch: 6 [37120/60000 (62%)]	Loss: 440.617798
[2022-10-20 01:52:49] PRINT Train Epoch: 6 [38400/60000 (64%)]	Loss: 498.790222
[2022-10-20 01:52:49] PRINT Train Epoch: 6 [39680/60000 (66%)]	Loss: 899.234741
[2022-10-20 01:52:49] PRINT Train Epoch: 6 [40960/60000 (68%)]	Loss: 13983.413086
[2022-10-20 01:52:50] PRINT Train Epoch: 6 [42240/60000 (70%)]	Loss: 2704.115234
[2022-10-20 01:52:50] PRINT Train Epoch: 6 [43520/60000 (72%)]	Loss: 3612.546875
[2022-10-20 01:52:50] PRINT Train Epoch: 6 [44800/60000 (75%)]	Loss: 1248.052734
[2022-10-20 01:52:50] PRINT Train Epoch: 6 [46080/60000 (77%)]	Loss: 705.450073
[2022-10-20 01:52:50] PRINT Train Epoch: 6 [47360/60000 (79%)]	Loss: 874.831299
[2022-10-20 01:52:50] PRINT Train Epoch: 6 [48640/60000 (81%)]	Loss: 1364.023560
[2022-10-20 01:52:50] PRINT Train Epoch: 6 [49920/60000 (83%)]	Loss: 1925.632080
[2022-10-20 01:52:50] PRINT Train Epoch: 6 [51200/60000 (85%)]	Loss: 826.096436
[2022-10-20 01:52:50] PRINT Train Epoch: 6 [52480/60000 (87%)]	Loss: 524.388550
[2022-10-20 01:52:50] PRINT Train Epoch: 6 [53760/60000 (90%)]	Loss: 550.305054
[2022-10-20 01:52:50] PRINT Train Epoch: 6 [55040/60000 (92%)]	Loss: 423.446106
[2022-10-20 01:52:51] PRINT Train Epoch: 6 [56320/60000 (94%)]	Loss: 438.636292
[2022-10-20 01:52:51] PRINT Train Epoch: 6 [57600/60000 (96%)]	Loss: 542.650513
[2022-10-20 01:52:51] PRINT Train Epoch: 6 [58880/60000 (98%)]	Loss: 416.028076
[2022-10-20 01:52:51] PRINT ====> Epoch: 6 Average loss: 2485.6405
[2022-10-20 01:52:51] PRINT ====> Test set loss: 4662.0420
[2022-10-20 01:52:52] PRINT Train Epoch: 7 [0/60000 (0%)]	Loss: 4647.798340
[2022-10-20 01:52:52] PRINT Train Epoch: 7 [1280/60000 (2%)]	Loss: 1325.177856
[2022-10-20 01:52:52] PRINT Train Epoch: 7 [2560/60000 (4%)]	Loss: 861.724487
[2022-10-20 01:52:52] PRINT Train Epoch: 7 [3840/60000 (6%)]	Loss: 3507.438232
[2022-10-20 01:52:52] PRINT Train Epoch: 7 [5120/60000 (9%)]	Loss: 1405.900024
[2022-10-20 01:52:52] PRINT Train Epoch: 7 [6400/60000 (11%)]	Loss: 1067.686035
[2022-10-20 01:52:52] PRINT Train Epoch: 7 [7680/60000 (13%)]	Loss: 633.146362
[2022-10-20 01:52:52] PRINT Train Epoch: 7 [8960/60000 (15%)]	Loss: 3059.318359
[2022-10-20 01:52:52] PRINT Train Epoch: 7 [10240/60000 (17%)]	Loss: 1921.457764
[2022-10-20 01:52:52] PRINT Train Epoch: 7 [11520/60000 (19%)]	Loss: 753.185242
[2022-10-20 01:52:52] PRINT Train Epoch: 7 [12800/60000 (21%)]	Loss: 771.936096
[2022-10-20 01:52:53] PRINT Train Epoch: 7 [14080/60000 (23%)]	Loss: 669.219666
[2022-10-20 01:52:53] PRINT Train Epoch: 7 [15360/60000 (26%)]	Loss: 5768.736328
[2022-10-20 01:52:53] PRINT Train Epoch: 7 [16640/60000 (28%)]	Loss: 3652.394531
[2022-10-20 01:52:53] PRINT Train Epoch: 7 [17920/60000 (30%)]	Loss: 1171.197144
[2022-10-20 01:52:53] PRINT Train Epoch: 7 [19200/60000 (32%)]	Loss: 4405.669434
[2022-10-20 01:52:53] PRINT Train Epoch: 7 [20480/60000 (34%)]	Loss: 1120.084961
[2022-10-20 01:52:53] PRINT Train Epoch: 7 [21760/60000 (36%)]	Loss: 2481.463379
[2022-10-20 01:52:53] PRINT Train Epoch: 7 [23040/60000 (38%)]	Loss: 811.621216
[2022-10-20 01:52:53] PRINT Train Epoch: 7 [24320/60000 (41%)]	Loss: 831.208984
[2022-10-20 01:52:53] PRINT Train Epoch: 7 [25600/60000 (43%)]	Loss: 603.931641
[2022-10-20 01:52:53] PRINT Train Epoch: 7 [26880/60000 (45%)]	Loss: 1006.992981
[2022-10-20 01:52:53] PRINT Train Epoch: 7 [28160/60000 (47%)]	Loss: 928.914062
[2022-10-20 01:52:54] PRINT Train Epoch: 7 [29440/60000 (49%)]	Loss: 1171.322632
[2022-10-20 01:52:54] PRINT Train Epoch: 7 [30720/60000 (51%)]	Loss: 704.107666
[2022-10-20 01:52:54] PRINT Train Epoch: 7 [32000/60000 (53%)]	Loss: 640.684265
[2022-10-20 01:52:54] PRINT Train Epoch: 7 [33280/60000 (55%)]	Loss: 960.883179
[2022-10-20 01:52:54] PRINT Train Epoch: 7 [34560/60000 (58%)]	Loss: 644.644775
[2022-10-20 01:52:54] PRINT Train Epoch: 7 [35840/60000 (60%)]	Loss: 581.284363
[2022-10-20 01:52:54] PRINT Train Epoch: 7 [37120/60000 (62%)]	Loss: 810.057007
[2022-10-20 01:52:54] PRINT Train Epoch: 7 [38400/60000 (64%)]	Loss: 1618.631470
[2022-10-20 01:52:54] PRINT Train Epoch: 7 [39680/60000 (66%)]	Loss: 1990.244751
[2022-10-20 01:52:54] PRINT Train Epoch: 7 [40960/60000 (68%)]	Loss: 1859.699219
[2022-10-20 01:52:54] PRINT Train Epoch: 7 [42240/60000 (70%)]	Loss: 867.298035
[2022-10-20 01:52:55] PRINT Train Epoch: 7 [43520/60000 (72%)]	Loss: 671.392090
[2022-10-20 01:52:55] PRINT Train Epoch: 7 [44800/60000 (75%)]	Loss: 574.387268
[2022-10-20 01:52:55] PRINT Train Epoch: 7 [46080/60000 (77%)]	Loss: 1699.464600
[2022-10-20 01:52:55] PRINT Train Epoch: 7 [47360/60000 (79%)]	Loss: 2922.834717
[2022-10-20 01:52:55] PRINT Train Epoch: 7 [48640/60000 (81%)]	Loss: 1312.980347
[2022-10-20 01:52:55] PRINT Train Epoch: 7 [49920/60000 (83%)]	Loss: 2052.000977
[2022-10-20 01:52:55] PRINT Train Epoch: 7 [51200/60000 (85%)]	Loss: 3654.700684
[2022-10-20 01:52:55] PRINT Train Epoch: 7 [52480/60000 (87%)]	Loss: 9503.427734
[2022-10-20 01:52:55] PRINT Train Epoch: 7 [53760/60000 (90%)]	Loss: 2537.520020
[2022-10-20 01:52:55] PRINT Train Epoch: 7 [55040/60000 (92%)]	Loss: 3555.354736
[2022-10-20 01:52:55] PRINT Train Epoch: 7 [56320/60000 (94%)]	Loss: 1082.895508
[2022-10-20 01:52:56] PRINT Train Epoch: 7 [57600/60000 (96%)]	Loss: 3101.648438
[2022-10-20 01:52:56] PRINT Train Epoch: 7 [58880/60000 (98%)]	Loss: 1314.713867
[2022-10-20 01:52:56] PRINT ====> Epoch: 7 Average loss: 1867.3469
[2022-10-20 01:52:56] PRINT ====> Test set loss: 1135.7201
[2022-10-20 01:52:56] PRINT Train Epoch: 8 [0/60000 (0%)]	Loss: 1143.334717
[2022-10-20 01:52:57] PRINT Train Epoch: 8 [1280/60000 (2%)]	Loss: 2592.260254
[2022-10-20 01:52:57] PRINT Train Epoch: 8 [2560/60000 (4%)]	Loss: 1386.026367
[2022-10-20 01:52:57] PRINT Train Epoch: 8 [3840/60000 (6%)]	Loss: 1076.706055
[2022-10-20 01:52:57] PRINT Train Epoch: 8 [5120/60000 (9%)]	Loss: 11788.151367
[2022-10-20 01:52:57] PRINT Train Epoch: 8 [6400/60000 (11%)]	Loss: 7743.651367
[2022-10-20 01:52:57] PRINT Train Epoch: 8 [7680/60000 (13%)]	Loss: 4370.119141
[2022-10-20 01:52:57] PRINT Train Epoch: 8 [8960/60000 (15%)]	Loss: 4536.589844
[2022-10-20 01:52:57] PRINT Train Epoch: 8 [10240/60000 (17%)]	Loss: 12016.004883
[2022-10-20 01:52:57] PRINT Train Epoch: 8 [11520/60000 (19%)]	Loss: 2913.228271
[2022-10-20 01:52:57] PRINT Train Epoch: 8 [12800/60000 (21%)]	Loss: 3602.323730
[2022-10-20 01:52:57] PRINT Train Epoch: 8 [14080/60000 (23%)]	Loss: 1144.134399
[2022-10-20 01:52:58] PRINT Train Epoch: 8 [15360/60000 (26%)]	Loss: 788.309998
[2022-10-20 01:52:58] PRINT Train Epoch: 8 [16640/60000 (28%)]	Loss: 962.056274
[2022-10-20 01:52:58] PRINT Train Epoch: 8 [17920/60000 (30%)]	Loss: 1220.910645
[2022-10-20 01:52:58] PRINT Train Epoch: 8 [19200/60000 (32%)]	Loss: 1690.399170
[2022-10-20 01:52:58] PRINT Train Epoch: 8 [20480/60000 (34%)]	Loss: 1627.975342
[2022-10-20 01:52:58] PRINT Train Epoch: 8 [21760/60000 (36%)]	Loss: 3261.707275
[2022-10-20 01:52:58] PRINT Train Epoch: 8 [23040/60000 (38%)]	Loss: 1011.385620
[2022-10-20 01:52:58] PRINT Train Epoch: 8 [24320/60000 (41%)]	Loss: 1670.926025
[2022-10-20 01:52:58] PRINT Train Epoch: 8 [25600/60000 (43%)]	Loss: 2858.460938
[2022-10-20 01:52:58] PRINT Train Epoch: 8 [26880/60000 (45%)]	Loss: 5615.889160
[2022-10-20 01:52:58] PRINT Train Epoch: 8 [28160/60000 (47%)]	Loss: 3287.317383
[2022-10-20 01:52:58] PRINT Train Epoch: 8 [29440/60000 (49%)]	Loss: 2262.296387
[2022-10-20 01:52:59] PRINT Train Epoch: 8 [30720/60000 (51%)]	Loss: 1287.664429
[2022-10-20 01:52:59] PRINT Train Epoch: 8 [32000/60000 (53%)]	Loss: 1710.392822
[2022-10-20 01:52:59] PRINT Train Epoch: 8 [33280/60000 (55%)]	Loss: 2308.879883
[2022-10-20 01:52:59] PRINT Train Epoch: 8 [34560/60000 (58%)]	Loss: 1511.722656
[2022-10-20 01:52:59] PRINT Train Epoch: 8 [35840/60000 (60%)]	Loss: 931.158997
[2022-10-20 01:52:59] PRINT Train Epoch: 8 [37120/60000 (62%)]	Loss: 10679.536133
[2022-10-20 01:52:59] PRINT Train Epoch: 8 [38400/60000 (64%)]	Loss: 2063.386230
[2022-10-20 01:52:59] PRINT Train Epoch: 8 [39680/60000 (66%)]	Loss: 1791.029297
[2022-10-20 01:52:59] PRINT Train Epoch: 8 [40960/60000 (68%)]	Loss: 1064.413818
[2022-10-20 01:52:59] PRINT Train Epoch: 8 [42240/60000 (70%)]	Loss: 2157.576172
[2022-10-20 01:52:59] PRINT Train Epoch: 8 [43520/60000 (72%)]	Loss: 1611.040039
[2022-10-20 01:53:00] PRINT Train Epoch: 8 [44800/60000 (75%)]	Loss: 2975.638672
[2022-10-20 01:53:00] PRINT Train Epoch: 8 [46080/60000 (77%)]	Loss: 1864.697998
[2022-10-20 01:53:00] PRINT Train Epoch: 8 [47360/60000 (79%)]	Loss: 868.646606
[2022-10-20 01:53:00] PRINT Train Epoch: 8 [48640/60000 (81%)]	Loss: 1154.723389
[2022-10-20 01:53:00] PRINT Train Epoch: 8 [49920/60000 (83%)]	Loss: 800.706665
[2022-10-20 01:53:00] PRINT Train Epoch: 8 [51200/60000 (85%)]	Loss: 814.870483
[2022-10-20 01:53:00] PRINT Train Epoch: 8 [52480/60000 (87%)]	Loss: 1075.816040
[2022-10-20 01:53:00] PRINT Train Epoch: 8 [53760/60000 (90%)]	Loss: 797.720947
[2022-10-20 01:53:00] PRINT Train Epoch: 8 [55040/60000 (92%)]	Loss: 665.030273
[2022-10-20 01:53:00] PRINT Train Epoch: 8 [56320/60000 (94%)]	Loss: 1634.402100
[2022-10-20 01:53:00] PRINT Train Epoch: 8 [57600/60000 (96%)]	Loss: 1109.000854
[2022-10-20 01:53:01] PRINT Train Epoch: 8 [58880/60000 (98%)]	Loss: 877.960022
[2022-10-20 01:53:01] PRINT ====> Epoch: 8 Average loss: 2557.7083
[2022-10-20 01:53:01] PRINT ====> Test set loss: 1561.7705
[2022-10-20 01:53:01] PRINT Train Epoch: 9 [0/60000 (0%)]	Loss: 1579.077148
[2022-10-20 01:53:01] PRINT Train Epoch: 9 [1280/60000 (2%)]	Loss: 1095.836182
[2022-10-20 01:53:02] PRINT Train Epoch: 9 [2560/60000 (4%)]	Loss: 1002.758911
[2022-10-20 01:53:02] PRINT Train Epoch: 9 [3840/60000 (6%)]	Loss: 869.740723
[2022-10-20 01:53:02] PRINT Train Epoch: 9 [5120/60000 (9%)]	Loss: 1356.633911
[2022-10-20 01:53:02] PRINT Train Epoch: 9 [6400/60000 (11%)]	Loss: 1330.410889
[2022-10-20 01:53:02] PRINT Train Epoch: 9 [7680/60000 (13%)]	Loss: 2333.954102
[2022-10-20 01:53:02] PRINT Train Epoch: 9 [8960/60000 (15%)]	Loss: 1148.308594
[2022-10-20 01:53:02] PRINT Train Epoch: 9 [10240/60000 (17%)]	Loss: 1006.785583
[2022-10-20 01:53:02] PRINT Train Epoch: 9 [11520/60000 (19%)]	Loss: 1033.667480
[2022-10-20 01:53:02] PRINT Train Epoch: 9 [12800/60000 (21%)]	Loss: 1763.595947
[2022-10-20 01:53:02] PRINT Train Epoch: 9 [14080/60000 (23%)]	Loss: 1165.860107
[2022-10-20 01:53:02] PRINT Train Epoch: 9 [15360/60000 (26%)]	Loss: 4944.205566
[2022-10-20 01:53:02] PRINT Train Epoch: 9 [16640/60000 (28%)]	Loss: 1021.185303
[2022-10-20 01:53:03] PRINT Train Epoch: 9 [17920/60000 (30%)]	Loss: 1299.789307
[2022-10-20 01:53:03] PRINT Train Epoch: 9 [19200/60000 (32%)]	Loss: 930.794678
[2022-10-20 01:53:03] PRINT Train Epoch: 9 [20480/60000 (34%)]	Loss: 1776.982910
[2022-10-20 01:53:03] PRINT Train Epoch: 9 [21760/60000 (36%)]	Loss: 11087.649414
[2022-10-20 01:53:03] PRINT Train Epoch: 9 [23040/60000 (38%)]	Loss: 3650.114258
[2022-10-20 01:53:03] PRINT Train Epoch: 9 [24320/60000 (41%)]	Loss: 1999.127686
[2022-10-20 01:53:03] PRINT Train Epoch: 9 [25600/60000 (43%)]	Loss: 1143.699585
[2022-10-20 01:53:03] PRINT Train Epoch: 9 [26880/60000 (45%)]	Loss: 818.170288
[2022-10-20 01:53:03] PRINT Train Epoch: 9 [28160/60000 (47%)]	Loss: 1166.357056
[2022-10-20 01:53:03] PRINT Train Epoch: 9 [29440/60000 (49%)]	Loss: 1623.673096
[2022-10-20 01:53:03] PRINT Train Epoch: 9 [30720/60000 (51%)]	Loss: 965.362915
[2022-10-20 01:53:04] PRINT Train Epoch: 9 [32000/60000 (53%)]	Loss: 761.808228
[2022-10-20 01:53:04] PRINT Train Epoch: 9 [33280/60000 (55%)]	Loss: 6306.901367
[2022-10-20 01:53:04] PRINT Train Epoch: 9 [34560/60000 (58%)]	Loss: 3107.102051
[2022-10-20 01:53:04] PRINT Train Epoch: 9 [35840/60000 (60%)]	Loss: 1586.093628
[2022-10-20 01:53:04] PRINT Train Epoch: 9 [37120/60000 (62%)]	Loss: 887.135864
[2022-10-20 01:53:04] PRINT Train Epoch: 9 [38400/60000 (64%)]	Loss: 5835.136230
[2022-10-20 01:53:04] PRINT Train Epoch: 9 [39680/60000 (66%)]	Loss: 2722.531494
[2022-10-20 01:53:04] PRINT Train Epoch: 9 [40960/60000 (68%)]	Loss: 1260.826172
[2022-10-20 01:53:04] PRINT Train Epoch: 9 [42240/60000 (70%)]	Loss: 1240.452393
[2022-10-20 01:53:04] PRINT Train Epoch: 9 [43520/60000 (72%)]	Loss: 798.331726
[2022-10-20 01:53:04] PRINT Train Epoch: 9 [44800/60000 (75%)]	Loss: 4785.226562
[2022-10-20 01:53:05] PRINT Train Epoch: 9 [46080/60000 (77%)]	Loss: 3516.678711
[2022-10-20 01:53:05] PRINT Train Epoch: 9 [47360/60000 (79%)]	Loss: 3857.980469
[2022-10-20 01:53:05] PRINT Train Epoch: 9 [48640/60000 (81%)]	Loss: 2698.983643
[2022-10-20 01:53:05] PRINT Train Epoch: 9 [49920/60000 (83%)]	Loss: 934.383789
[2022-10-20 01:53:05] PRINT Train Epoch: 9 [51200/60000 (85%)]	Loss: 763.713745
[2022-10-20 01:53:05] PRINT Train Epoch: 9 [52480/60000 (87%)]	Loss: 859.133972
[2022-10-20 01:53:05] PRINT Train Epoch: 9 [53760/60000 (90%)]	Loss: 3303.471924
[2022-10-20 01:53:05] PRINT Train Epoch: 9 [55040/60000 (92%)]	Loss: 16961.771484
[2022-10-20 01:53:05] PRINT Train Epoch: 9 [56320/60000 (94%)]	Loss: 15526.997070
[2022-10-20 01:53:05] PRINT Train Epoch: 9 [57600/60000 (96%)]	Loss: 13071.528320
[2022-10-20 01:53:05] PRINT Train Epoch: 9 [58880/60000 (98%)]	Loss: 3372.843994
[2022-10-20 01:53:06] PRINT ====> Epoch: 9 Average loss: 3180.7525
[2022-10-20 01:53:06] PRINT ====> Test set loss: 3148.3005
[2022-10-20 01:53:06] PRINT Train Epoch: 10 [0/60000 (0%)]	Loss: 3291.557617
[2022-10-20 01:53:06] PRINT Train Epoch: 10 [1280/60000 (2%)]	Loss: 1405.898682
[2022-10-20 01:53:06] PRINT Train Epoch: 10 [2560/60000 (4%)]	Loss: 887.140381
[2022-10-20 01:53:07] PRINT Train Epoch: 10 [3840/60000 (6%)]	Loss: 710.829468
[2022-10-20 01:53:07] PRINT Train Epoch: 10 [5120/60000 (9%)]	Loss: 747.187622
[2022-10-20 01:53:07] PRINT Train Epoch: 10 [6400/60000 (11%)]	Loss: 667.273682
[2022-10-20 01:53:07] PRINT Train Epoch: 10 [7680/60000 (13%)]	Loss: 875.506836
[2022-10-20 01:53:07] PRINT Train Epoch: 10 [8960/60000 (15%)]	Loss: 742.167786
[2022-10-20 01:53:07] PRINT Train Epoch: 10 [10240/60000 (17%)]	Loss: 1596.865845
[2022-10-20 01:53:07] PRINT Train Epoch: 10 [11520/60000 (19%)]	Loss: 859.751953
[2022-10-20 01:53:07] PRINT Train Epoch: 10 [12800/60000 (21%)]	Loss: 2677.609619
[2022-10-20 01:53:07] PRINT Train Epoch: 10 [14080/60000 (23%)]	Loss: 1033.900635
[2022-10-20 01:53:07] PRINT Train Epoch: 10 [15360/60000 (26%)]	Loss: 1657.784058
[2022-10-20 01:53:07] PRINT Train Epoch: 10 [16640/60000 (28%)]	Loss: 1182.020264
[2022-10-20 01:53:07] PRINT Train Epoch: 10 [17920/60000 (30%)]	Loss: 853.446411
[2022-10-20 01:53:08] PRINT Train Epoch: 10 [19200/60000 (32%)]	Loss: 787.879028
[2022-10-20 01:53:08] PRINT Train Epoch: 10 [20480/60000 (34%)]	Loss: 691.988403
[2022-10-20 01:53:08] PRINT Train Epoch: 10 [21760/60000 (36%)]	Loss: 656.599121
[2022-10-20 01:53:08] PRINT Train Epoch: 10 [23040/60000 (38%)]	Loss: 643.884033
[2022-10-20 01:53:08] PRINT Train Epoch: 10 [24320/60000 (41%)]	Loss: 613.014282
[2022-10-20 01:53:08] PRINT Train Epoch: 10 [25600/60000 (43%)]	Loss: 1168.583740
[2022-10-20 01:53:08] PRINT Train Epoch: 10 [26880/60000 (45%)]	Loss: 1031.314331
[2022-10-20 01:53:08] PRINT Train Epoch: 10 [28160/60000 (47%)]	Loss: 774.019592
[2022-10-20 01:53:08] PRINT Train Epoch: 10 [29440/60000 (49%)]	Loss: 8605.968750
[2022-10-20 01:53:08] PRINT Train Epoch: 10 [30720/60000 (51%)]	Loss: 5569.115234
[2022-10-20 01:53:08] PRINT Train Epoch: 10 [32000/60000 (53%)]	Loss: 4033.035156
[2022-10-20 01:53:09] PRINT Train Epoch: 10 [33280/60000 (55%)]	Loss: 4451.976074
[2022-10-20 01:53:09] PRINT Train Epoch: 10 [34560/60000 (58%)]	Loss: 2593.980957
[2022-10-20 01:53:09] PRINT Train Epoch: 10 [35840/60000 (60%)]	Loss: 1746.727295
[2022-10-20 01:53:09] PRINT Train Epoch: 10 [37120/60000 (62%)]	Loss: 735.514648
[2022-10-20 01:53:09] PRINT Train Epoch: 10 [38400/60000 (64%)]	Loss: 692.988220
[2022-10-20 01:53:09] PRINT Train Epoch: 10 [39680/60000 (66%)]	Loss: 621.749146
[2022-10-20 01:53:09] PRINT Train Epoch: 10 [40960/60000 (68%)]	Loss: 7400.595215
[2022-10-20 01:53:09] PRINT Train Epoch: 10 [42240/60000 (70%)]	Loss: 3709.365967
[2022-10-20 01:53:09] PRINT Train Epoch: 10 [43520/60000 (72%)]	Loss: 2437.294678
[2022-10-20 01:53:09] PRINT Train Epoch: 10 [44800/60000 (75%)]	Loss: 2446.544189
[2022-10-20 01:53:09] PRINT Train Epoch: 10 [46080/60000 (77%)]	Loss: 757.890869
[2022-10-20 01:53:10] PRINT Train Epoch: 10 [47360/60000 (79%)]	Loss: 634.861084
[2022-10-20 01:53:10] PRINT Train Epoch: 10 [48640/60000 (81%)]	Loss: 1220.208984
[2022-10-20 01:53:10] PRINT Train Epoch: 10 [49920/60000 (83%)]	Loss: 2574.785400
[2022-10-20 01:53:10] PRINT Train Epoch: 10 [51200/60000 (85%)]	Loss: 1038.565674
[2022-10-20 01:53:10] PRINT Train Epoch: 10 [52480/60000 (87%)]	Loss: 1036.713257
[2022-10-20 01:53:10] PRINT Train Epoch: 10 [53760/60000 (90%)]	Loss: 11339.518555
[2022-10-20 01:53:10] PRINT Train Epoch: 10 [55040/60000 (92%)]	Loss: 2403.449219
[2022-10-20 01:53:10] PRINT Train Epoch: 10 [56320/60000 (94%)]	Loss: 12823.502930
[2022-10-20 01:53:10] PRINT Train Epoch: 10 [57600/60000 (96%)]	Loss: 3856.545654
[2022-10-20 01:53:10] PRINT Train Epoch: 10 [58880/60000 (98%)]	Loss: 1765.463257
[2022-10-20 01:53:10] PRINT ====> Epoch: 10 Average loss: 2377.2689
[2022-10-20 01:53:11] PRINT ====> Test set loss: 4079.9815
