[2022-10-20 01:11:29] PRINT {'features1': 500, 'features2': 10, 'lr': 0.017331413158122456, 'epsilon': 1e-07, 'TRIAL_BUDGET': 2}
[2022-10-20 01:11:29] PRINT Using cuda device
[2022-10-20 01:11:30] PRINT Train Epoch: 1 [0/60000 (0%)]	Loss: 550.097473
[2022-10-20 01:11:30] PRINT Train Epoch: 1 [1280/60000 (2%)]	Loss: 219.798660
[2022-10-20 01:11:31] PRINT Train Epoch: 1 [2560/60000 (4%)]	Loss: 214.790375
[2022-10-20 01:11:31] PRINT Train Epoch: 1 [3840/60000 (6%)]	Loss: 200.786880
[2022-10-20 01:11:31] PRINT Train Epoch: 1 [5120/60000 (9%)]	Loss: 201.879501
[2022-10-20 01:11:31] PRINT Train Epoch: 1 [6400/60000 (11%)]	Loss: 200.053329
[2022-10-20 01:11:31] PRINT Train Epoch: 1 [7680/60000 (13%)]	Loss: 197.095947
[2022-10-20 01:11:31] PRINT Train Epoch: 1 [8960/60000 (15%)]	Loss: 186.236664
[2022-10-20 01:11:31] PRINT Train Epoch: 1 [10240/60000 (17%)]	Loss: 192.876068
[2022-10-20 01:11:31] PRINT Train Epoch: 1 [11520/60000 (19%)]	Loss: 193.612900
[2022-10-20 01:11:31] PRINT Train Epoch: 1 [12800/60000 (21%)]	Loss: 191.815186
[2022-10-20 01:11:31] PRINT Train Epoch: 1 [14080/60000 (23%)]	Loss: 193.335007
[2022-10-20 01:11:31] PRINT Train Epoch: 1 [15360/60000 (26%)]	Loss: 189.408707
[2022-10-20 01:11:32] PRINT Train Epoch: 1 [16640/60000 (28%)]	Loss: 192.039627
[2022-10-20 01:11:32] PRINT Train Epoch: 1 [17920/60000 (30%)]	Loss: 196.078079
[2022-10-20 01:11:32] PRINT Train Epoch: 1 [19200/60000 (32%)]	Loss: 192.191238
[2022-10-20 01:11:32] PRINT Train Epoch: 1 [20480/60000 (34%)]	Loss: 196.250916
[2022-10-20 01:11:32] PRINT Train Epoch: 1 [21760/60000 (36%)]	Loss: 195.288132
[2022-10-20 01:11:32] PRINT Train Epoch: 1 [23040/60000 (38%)]	Loss: 192.845581
[2022-10-20 01:11:32] PRINT Train Epoch: 1 [24320/60000 (41%)]	Loss: 192.142990
[2022-10-20 01:11:32] PRINT Train Epoch: 1 [25600/60000 (43%)]	Loss: 198.242081
[2022-10-20 01:11:32] PRINT Train Epoch: 1 [26880/60000 (45%)]	Loss: 191.077545
[2022-10-20 01:11:32] PRINT Train Epoch: 1 [28160/60000 (47%)]	Loss: 193.289352
[2022-10-20 01:11:32] PRINT Train Epoch: 1 [29440/60000 (49%)]	Loss: 189.180511
[2022-10-20 01:11:33] PRINT Train Epoch: 1 [30720/60000 (51%)]	Loss: 190.948517
[2022-10-20 01:11:33] PRINT Train Epoch: 1 [32000/60000 (53%)]	Loss: 192.592697
[2022-10-20 01:11:33] PRINT Train Epoch: 1 [33280/60000 (55%)]	Loss: 183.361572
[2022-10-20 01:11:33] PRINT Train Epoch: 1 [34560/60000 (58%)]	Loss: 191.476822
[2022-10-20 01:11:33] PRINT Train Epoch: 1 [35840/60000 (60%)]	Loss: 188.214050
[2022-10-20 01:11:33] PRINT Train Epoch: 1 [37120/60000 (62%)]	Loss: 192.087784
[2022-10-20 01:11:33] PRINT Train Epoch: 1 [38400/60000 (64%)]	Loss: 193.410919
[2022-10-20 01:11:33] PRINT Train Epoch: 1 [39680/60000 (66%)]	Loss: 194.187637
[2022-10-20 01:11:33] PRINT Train Epoch: 1 [40960/60000 (68%)]	Loss: 190.031616
[2022-10-20 01:11:33] PRINT Train Epoch: 1 [42240/60000 (70%)]	Loss: 187.840576
[2022-10-20 01:11:33] PRINT Train Epoch: 1 [43520/60000 (72%)]	Loss: 202.194061
[2022-10-20 01:11:34] PRINT Train Epoch: 1 [44800/60000 (75%)]	Loss: 197.278687
[2022-10-20 01:11:34] PRINT Train Epoch: 1 [46080/60000 (77%)]	Loss: 188.495392
[2022-10-20 01:11:34] PRINT Train Epoch: 1 [47360/60000 (79%)]	Loss: 192.513794
[2022-10-20 01:11:34] PRINT Train Epoch: 1 [48640/60000 (81%)]	Loss: 195.551620
[2022-10-20 01:11:34] PRINT Train Epoch: 1 [49920/60000 (83%)]	Loss: 189.787079
[2022-10-20 01:11:34] PRINT Train Epoch: 1 [51200/60000 (85%)]	Loss: 193.008163
[2022-10-20 01:11:34] PRINT Train Epoch: 1 [52480/60000 (87%)]	Loss: 187.818375
[2022-10-20 01:11:34] PRINT Train Epoch: 1 [53760/60000 (90%)]	Loss: 186.362930
[2022-10-20 01:11:34] PRINT Train Epoch: 1 [55040/60000 (92%)]	Loss: 185.814880
[2022-10-20 01:11:34] PRINT Train Epoch: 1 [56320/60000 (94%)]	Loss: 192.291855
[2022-10-20 01:11:34] PRINT Train Epoch: 1 [57600/60000 (96%)]	Loss: 186.716019
[2022-10-20 01:11:34] PRINT Train Epoch: 1 [58880/60000 (98%)]	Loss: 193.323776
[2022-10-20 01:11:34] PRINT ====> Epoch: 1 Average loss: 196.6505
[2022-10-20 01:11:35] PRINT ====> Test set loss: 194.1675
[2022-10-20 01:11:35] PRINT Train Epoch: 2 [0/60000 (0%)]	Loss: 198.496246
[2022-10-20 01:11:35] PRINT Train Epoch: 2 [1280/60000 (2%)]	Loss: 191.837341
[2022-10-20 01:11:35] PRINT Train Epoch: 2 [2560/60000 (4%)]	Loss: 191.078232
[2022-10-20 01:11:35] PRINT Train Epoch: 2 [3840/60000 (6%)]	Loss: 181.068878
[2022-10-20 01:11:36] PRINT Train Epoch: 2 [5120/60000 (9%)]	Loss: 191.272247
[2022-10-20 01:11:36] PRINT Train Epoch: 2 [6400/60000 (11%)]	Loss: 187.033875
[2022-10-20 01:11:36] PRINT Train Epoch: 2 [7680/60000 (13%)]	Loss: 184.364716
[2022-10-20 01:11:36] PRINT Train Epoch: 2 [8960/60000 (15%)]	Loss: 189.672531
[2022-10-20 01:11:36] PRINT Train Epoch: 2 [10240/60000 (17%)]	Loss: 185.750854
[2022-10-20 01:11:36] PRINT Train Epoch: 2 [11520/60000 (19%)]	Loss: 196.159973
[2022-10-20 01:11:36] PRINT Train Epoch: 2 [12800/60000 (21%)]	Loss: 190.013794
[2022-10-20 01:11:36] PRINT Train Epoch: 2 [14080/60000 (23%)]	Loss: 184.251343
[2022-10-20 01:11:36] PRINT Train Epoch: 2 [15360/60000 (26%)]	Loss: 189.182724
[2022-10-20 01:11:36] PRINT Train Epoch: 2 [16640/60000 (28%)]	Loss: 195.475479
[2022-10-20 01:11:36] PRINT Train Epoch: 2 [17920/60000 (30%)]	Loss: 194.292313
[2022-10-20 01:11:37] PRINT Train Epoch: 2 [19200/60000 (32%)]	Loss: 184.526245
[2022-10-20 01:11:37] PRINT Train Epoch: 2 [20480/60000 (34%)]	Loss: 188.987366
[2022-10-20 01:11:37] PRINT Train Epoch: 2 [21760/60000 (36%)]	Loss: 194.043762
[2022-10-20 01:11:37] PRINT Train Epoch: 2 [23040/60000 (38%)]	Loss: 194.621140
[2022-10-20 01:11:37] PRINT Train Epoch: 2 [24320/60000 (41%)]	Loss: 186.591904
[2022-10-20 01:11:37] PRINT Train Epoch: 2 [25600/60000 (43%)]	Loss: 180.575897
[2022-10-20 01:11:37] PRINT Train Epoch: 2 [26880/60000 (45%)]	Loss: 184.532120
[2022-10-20 01:11:37] PRINT Train Epoch: 2 [28160/60000 (47%)]	Loss: 182.790268
[2022-10-20 01:11:37] PRINT Train Epoch: 2 [29440/60000 (49%)]	Loss: 194.409653
[2022-10-20 01:11:37] PRINT Train Epoch: 2 [30720/60000 (51%)]	Loss: 189.980042
[2022-10-20 01:11:37] PRINT Train Epoch: 2 [32000/60000 (53%)]	Loss: 189.697250
[2022-10-20 01:11:38] PRINT Train Epoch: 2 [33280/60000 (55%)]	Loss: 196.633698
[2022-10-20 01:11:38] PRINT Train Epoch: 2 [34560/60000 (58%)]	Loss: 183.785324
[2022-10-20 01:11:38] PRINT Train Epoch: 2 [35840/60000 (60%)]	Loss: 187.931061
[2022-10-20 01:11:38] PRINT Train Epoch: 2 [37120/60000 (62%)]	Loss: 196.485962
[2022-10-20 01:11:38] PRINT Train Epoch: 2 [38400/60000 (64%)]	Loss: 177.644577
[2022-10-20 01:11:38] PRINT Train Epoch: 2 [39680/60000 (66%)]	Loss: 186.351105
[2022-10-20 01:11:38] PRINT Train Epoch: 2 [40960/60000 (68%)]	Loss: 186.414764
[2022-10-20 01:11:38] PRINT Train Epoch: 2 [42240/60000 (70%)]	Loss: 191.168961
[2022-10-20 01:11:38] PRINT Train Epoch: 2 [43520/60000 (72%)]	Loss: 199.097046
[2022-10-20 01:11:38] PRINT Train Epoch: 2 [44800/60000 (75%)]	Loss: 186.562820
[2022-10-20 01:11:38] PRINT Train Epoch: 2 [46080/60000 (77%)]	Loss: 188.306717
[2022-10-20 01:11:39] PRINT Train Epoch: 2 [47360/60000 (79%)]	Loss: 189.512802
[2022-10-20 01:11:39] PRINT Train Epoch: 2 [48640/60000 (81%)]	Loss: 187.313019
[2022-10-20 01:11:39] PRINT Train Epoch: 2 [49920/60000 (83%)]	Loss: 186.085220
[2022-10-20 01:11:39] PRINT Train Epoch: 2 [51200/60000 (85%)]	Loss: 184.257675
[2022-10-20 01:11:39] PRINT Train Epoch: 2 [52480/60000 (87%)]	Loss: 191.982300
[2022-10-20 01:11:39] PRINT Train Epoch: 2 [53760/60000 (90%)]	Loss: 187.085510
[2022-10-20 01:11:39] PRINT Train Epoch: 2 [55040/60000 (92%)]	Loss: 194.998810
[2022-10-20 01:11:39] PRINT Train Epoch: 2 [56320/60000 (94%)]	Loss: 183.435654
[2022-10-20 01:11:39] PRINT Train Epoch: 2 [57600/60000 (96%)]	Loss: 194.095703
[2022-10-20 01:11:39] PRINT Train Epoch: 2 [58880/60000 (98%)]	Loss: 189.152054
[2022-10-20 01:11:39] PRINT ====> Epoch: 2 Average loss: 188.4969
[2022-10-20 01:11:40] PRINT ====> Test set loss: 187.6587
[2022-10-20 01:11:40] PRINT Train Epoch: 3 [0/60000 (0%)]	Loss: 180.258865
[2022-10-20 01:11:40] PRINT Train Epoch: 3 [1280/60000 (2%)]	Loss: 189.633926
[2022-10-20 01:11:40] PRINT Train Epoch: 3 [2560/60000 (4%)]	Loss: 193.111633
[2022-10-20 01:11:40] PRINT Train Epoch: 3 [3840/60000 (6%)]	Loss: 189.939194
[2022-10-20 01:11:41] PRINT Train Epoch: 3 [5120/60000 (9%)]	Loss: 183.306000
[2022-10-20 01:11:41] PRINT Train Epoch: 3 [6400/60000 (11%)]	Loss: 184.988068
[2022-10-20 01:11:41] PRINT Train Epoch: 3 [7680/60000 (13%)]	Loss: 186.907730
[2022-10-20 01:11:41] PRINT Train Epoch: 3 [8960/60000 (15%)]	Loss: 188.239349
[2022-10-20 01:11:41] PRINT Train Epoch: 3 [10240/60000 (17%)]	Loss: 189.897842
[2022-10-20 01:11:41] PRINT Train Epoch: 3 [11520/60000 (19%)]	Loss: 181.359879
[2022-10-20 01:11:41] PRINT Train Epoch: 3 [12800/60000 (21%)]	Loss: 187.981750
[2022-10-20 01:11:41] PRINT Train Epoch: 3 [14080/60000 (23%)]	Loss: 190.296539
[2022-10-20 01:11:41] PRINT Train Epoch: 3 [15360/60000 (26%)]	Loss: 183.566803
[2022-10-20 01:11:41] PRINT Train Epoch: 3 [16640/60000 (28%)]	Loss: 184.891708
[2022-10-20 01:11:41] PRINT Train Epoch: 3 [17920/60000 (30%)]	Loss: 186.234314
[2022-10-20 01:11:42] PRINT Train Epoch: 3 [19200/60000 (32%)]	Loss: 184.407211
[2022-10-20 01:11:42] PRINT Train Epoch: 3 [20480/60000 (34%)]	Loss: 191.680420
[2022-10-20 01:11:42] PRINT Train Epoch: 3 [21760/60000 (36%)]	Loss: 190.170227
[2022-10-20 01:11:42] PRINT Train Epoch: 3 [23040/60000 (38%)]	Loss: 195.205566
[2022-10-20 01:11:42] PRINT Train Epoch: 3 [24320/60000 (41%)]	Loss: 196.602844
[2022-10-20 01:11:42] PRINT Train Epoch: 3 [25600/60000 (43%)]	Loss: 186.740204
[2022-10-20 01:11:42] PRINT Train Epoch: 3 [26880/60000 (45%)]	Loss: 188.330048
[2022-10-20 01:11:42] PRINT Train Epoch: 3 [28160/60000 (47%)]	Loss: 190.584030
[2022-10-20 01:11:42] PRINT Train Epoch: 3 [29440/60000 (49%)]	Loss: 188.045929
[2022-10-20 01:11:42] PRINT Train Epoch: 3 [30720/60000 (51%)]	Loss: 193.868530
[2022-10-20 01:11:42] PRINT Train Epoch: 3 [32000/60000 (53%)]	Loss: 189.606308
[2022-10-20 01:11:42] PRINT Train Epoch: 3 [33280/60000 (55%)]	Loss: 187.828506
[2022-10-20 01:11:43] PRINT Train Epoch: 3 [34560/60000 (58%)]	Loss: 179.972824
[2022-10-20 01:11:43] PRINT Train Epoch: 3 [35840/60000 (60%)]	Loss: 189.647522
[2022-10-20 01:11:43] PRINT Train Epoch: 3 [37120/60000 (62%)]	Loss: 192.893631
[2022-10-20 01:11:43] PRINT Train Epoch: 3 [38400/60000 (64%)]	Loss: 186.029373
[2022-10-20 01:11:43] PRINT Train Epoch: 3 [39680/60000 (66%)]	Loss: 178.941681
[2022-10-20 01:11:43] PRINT Train Epoch: 3 [40960/60000 (68%)]	Loss: 190.775436
[2022-10-20 01:11:43] PRINT Train Epoch: 3 [42240/60000 (70%)]	Loss: 184.500595
[2022-10-20 01:11:43] PRINT Train Epoch: 3 [43520/60000 (72%)]	Loss: 187.528503
[2022-10-20 01:11:43] PRINT Train Epoch: 3 [44800/60000 (75%)]	Loss: 192.921646
[2022-10-20 01:11:43] PRINT Train Epoch: 3 [46080/60000 (77%)]	Loss: 185.156052
[2022-10-20 01:11:43] PRINT Train Epoch: 3 [47360/60000 (79%)]	Loss: 189.679535
[2022-10-20 01:11:44] PRINT Train Epoch: 3 [48640/60000 (81%)]	Loss: 186.783127
[2022-10-20 01:11:44] PRINT Train Epoch: 3 [49920/60000 (83%)]	Loss: 187.723145
[2022-10-20 01:11:44] PRINT Train Epoch: 3 [51200/60000 (85%)]	Loss: 189.318634
[2022-10-20 01:11:44] PRINT Train Epoch: 3 [52480/60000 (87%)]	Loss: 189.677216
[2022-10-20 01:11:44] PRINT Train Epoch: 3 [53760/60000 (90%)]	Loss: 197.429916
[2022-10-20 01:11:44] PRINT Train Epoch: 3 [55040/60000 (92%)]	Loss: 189.485672
[2022-10-20 01:11:44] PRINT Train Epoch: 3 [56320/60000 (94%)]	Loss: 193.245285
[2022-10-20 01:11:44] PRINT Train Epoch: 3 [57600/60000 (96%)]	Loss: 189.468674
[2022-10-20 01:11:44] PRINT Train Epoch: 3 [58880/60000 (98%)]	Loss: 195.824142
[2022-10-20 01:11:44] PRINT ====> Epoch: 3 Average loss: 188.1369
[2022-10-20 01:11:45] PRINT ====> Test set loss: 187.1899
[2022-10-20 01:11:45] PRINT Train Epoch: 4 [0/60000 (0%)]	Loss: 183.289642
[2022-10-20 01:11:45] PRINT Train Epoch: 4 [1280/60000 (2%)]	Loss: 189.236725
[2022-10-20 01:11:45] PRINT Train Epoch: 4 [2560/60000 (4%)]	Loss: 185.736404
[2022-10-20 01:11:45] PRINT Train Epoch: 4 [3840/60000 (6%)]	Loss: 194.407104
[2022-10-20 01:11:45] PRINT Train Epoch: 4 [5120/60000 (9%)]	Loss: 190.489304
[2022-10-20 01:11:46] PRINT Train Epoch: 4 [6400/60000 (11%)]	Loss: 189.345047
[2022-10-20 01:11:46] PRINT Train Epoch: 4 [7680/60000 (13%)]	Loss: 186.608963
[2022-10-20 01:11:46] PRINT Train Epoch: 4 [8960/60000 (15%)]	Loss: 188.115204
[2022-10-20 01:11:46] PRINT Train Epoch: 4 [10240/60000 (17%)]	Loss: 187.205612
[2022-10-20 01:11:46] PRINT Train Epoch: 4 [11520/60000 (19%)]	Loss: 182.403397
[2022-10-20 01:11:46] PRINT Train Epoch: 4 [12800/60000 (21%)]	Loss: 191.896881
[2022-10-20 01:11:46] PRINT Train Epoch: 4 [14080/60000 (23%)]	Loss: 181.671768
[2022-10-20 01:11:46] PRINT Train Epoch: 4 [15360/60000 (26%)]	Loss: 182.277603
[2022-10-20 01:11:46] PRINT Train Epoch: 4 [16640/60000 (28%)]	Loss: 192.364883
[2022-10-20 01:11:46] PRINT Train Epoch: 4 [17920/60000 (30%)]	Loss: 176.805847
[2022-10-20 01:11:46] PRINT Train Epoch: 4 [19200/60000 (32%)]	Loss: 199.256195
[2022-10-20 01:11:47] PRINT Train Epoch: 4 [20480/60000 (34%)]	Loss: 188.276016
[2022-10-20 01:11:47] PRINT Train Epoch: 4 [21760/60000 (36%)]	Loss: 196.580276
[2022-10-20 01:11:47] PRINT Train Epoch: 4 [23040/60000 (38%)]	Loss: 193.903259
[2022-10-20 01:11:47] PRINT Train Epoch: 4 [24320/60000 (41%)]	Loss: 191.558517
[2022-10-20 01:11:47] PRINT Train Epoch: 4 [25600/60000 (43%)]	Loss: 182.997986
[2022-10-20 01:11:47] PRINT Train Epoch: 4 [26880/60000 (45%)]	Loss: 190.261703
[2022-10-20 01:11:47] PRINT Train Epoch: 4 [28160/60000 (47%)]	Loss: 194.527649
[2022-10-20 01:11:47] PRINT Train Epoch: 4 [29440/60000 (49%)]	Loss: 191.511093
[2022-10-20 01:11:47] PRINT Train Epoch: 4 [30720/60000 (51%)]	Loss: 187.107025
[2022-10-20 01:11:47] PRINT Train Epoch: 4 [32000/60000 (53%)]	Loss: 191.756683
[2022-10-20 01:11:47] PRINT Train Epoch: 4 [33280/60000 (55%)]	Loss: 183.048691
[2022-10-20 01:11:48] PRINT Train Epoch: 4 [34560/60000 (58%)]	Loss: 194.685913
[2022-10-20 01:11:48] PRINT Train Epoch: 4 [35840/60000 (60%)]	Loss: 189.099106
[2022-10-20 01:11:48] PRINT Train Epoch: 4 [37120/60000 (62%)]	Loss: 189.895370
[2022-10-20 01:11:48] PRINT Train Epoch: 4 [38400/60000 (64%)]	Loss: 184.149582
[2022-10-20 01:11:48] PRINT Train Epoch: 4 [39680/60000 (66%)]	Loss: 180.519623
[2022-10-20 01:11:48] PRINT Train Epoch: 4 [40960/60000 (68%)]	Loss: 188.809921
[2022-10-20 01:11:48] PRINT Train Epoch: 4 [42240/60000 (70%)]	Loss: 189.963531
[2022-10-20 01:11:48] PRINT Train Epoch: 4 [43520/60000 (72%)]	Loss: 181.713150
[2022-10-20 01:11:48] PRINT Train Epoch: 4 [44800/60000 (75%)]	Loss: 191.343567
[2022-10-20 01:11:48] PRINT Train Epoch: 4 [46080/60000 (77%)]	Loss: 191.045303
[2022-10-20 01:11:48] PRINT Train Epoch: 4 [47360/60000 (79%)]	Loss: 189.766525
[2022-10-20 01:11:49] PRINT Train Epoch: 4 [48640/60000 (81%)]	Loss: 188.955338
[2022-10-20 01:11:49] PRINT Train Epoch: 4 [49920/60000 (83%)]	Loss: 193.694077
[2022-10-20 01:11:49] PRINT Train Epoch: 4 [51200/60000 (85%)]	Loss: 189.834091
[2022-10-20 01:11:49] PRINT Train Epoch: 4 [52480/60000 (87%)]	Loss: 179.635071
[2022-10-20 01:11:49] PRINT Train Epoch: 4 [53760/60000 (90%)]	Loss: 189.196671
[2022-10-20 01:11:49] PRINT Train Epoch: 4 [55040/60000 (92%)]	Loss: 191.944733
[2022-10-20 01:11:49] PRINT Train Epoch: 4 [56320/60000 (94%)]	Loss: 187.842148
[2022-10-20 01:11:49] PRINT Train Epoch: 4 [57600/60000 (96%)]	Loss: 196.407669
[2022-10-20 01:11:49] PRINT Train Epoch: 4 [58880/60000 (98%)]	Loss: 184.275955
[2022-10-20 01:11:49] PRINT ====> Epoch: 4 Average loss: 187.8715
[2022-10-20 01:11:50] PRINT ====> Test set loss: 189.3766
[2022-10-20 01:11:50] PRINT Train Epoch: 5 [0/60000 (0%)]	Loss: 188.539505
[2022-10-20 01:11:50] PRINT Train Epoch: 5 [1280/60000 (2%)]	Loss: 194.756836
[2022-10-20 01:11:50] PRINT Train Epoch: 5 [2560/60000 (4%)]	Loss: 198.501266
[2022-10-20 01:11:50] PRINT Train Epoch: 5 [3840/60000 (6%)]	Loss: 192.131058
[2022-10-20 01:11:50] PRINT Train Epoch: 5 [5120/60000 (9%)]	Loss: 190.307190
[2022-10-20 01:11:51] PRINT Train Epoch: 5 [6400/60000 (11%)]	Loss: 186.894943
[2022-10-20 01:11:51] PRINT Train Epoch: 5 [7680/60000 (13%)]	Loss: 184.109650
[2022-10-20 01:11:51] PRINT Train Epoch: 5 [8960/60000 (15%)]	Loss: 186.517319
[2022-10-20 01:11:51] PRINT Train Epoch: 5 [10240/60000 (17%)]	Loss: 189.214157
[2022-10-20 01:11:51] PRINT Train Epoch: 5 [11520/60000 (19%)]	Loss: 178.308151
[2022-10-20 01:11:51] PRINT Train Epoch: 5 [12800/60000 (21%)]	Loss: 196.037170
[2022-10-20 01:11:51] PRINT Train Epoch: 5 [14080/60000 (23%)]	Loss: 183.706192
[2022-10-20 01:11:51] PRINT Train Epoch: 5 [15360/60000 (26%)]	Loss: 193.278351
[2022-10-20 01:11:51] PRINT Train Epoch: 5 [16640/60000 (28%)]	Loss: 187.786652
[2022-10-20 01:11:51] PRINT Train Epoch: 5 [17920/60000 (30%)]	Loss: 193.761154
[2022-10-20 01:11:51] PRINT Train Epoch: 5 [19200/60000 (32%)]	Loss: 186.746384
[2022-10-20 01:11:51] PRINT Train Epoch: 5 [20480/60000 (34%)]	Loss: 188.498337
[2022-10-20 01:11:52] PRINT Train Epoch: 5 [21760/60000 (36%)]	Loss: 193.352844
[2022-10-20 01:11:52] PRINT Train Epoch: 5 [23040/60000 (38%)]	Loss: 183.653290
[2022-10-20 01:11:52] PRINT Train Epoch: 5 [24320/60000 (41%)]	Loss: 184.270889
[2022-10-20 01:11:52] PRINT Train Epoch: 5 [25600/60000 (43%)]	Loss: 188.531937
[2022-10-20 01:11:52] PRINT Train Epoch: 5 [26880/60000 (45%)]	Loss: 185.944504
[2022-10-20 01:11:52] PRINT Train Epoch: 5 [28160/60000 (47%)]	Loss: 188.738510
[2022-10-20 01:11:52] PRINT Train Epoch: 5 [29440/60000 (49%)]	Loss: 191.387939
[2022-10-20 01:11:52] PRINT Train Epoch: 5 [30720/60000 (51%)]	Loss: 183.733719
[2022-10-20 01:11:52] PRINT Train Epoch: 5 [32000/60000 (53%)]	Loss: 192.545242
[2022-10-20 01:11:52] PRINT Train Epoch: 5 [33280/60000 (55%)]	Loss: 189.666748
[2022-10-20 01:11:52] PRINT Train Epoch: 5 [34560/60000 (58%)]	Loss: 189.186127
[2022-10-20 01:11:53] PRINT Train Epoch: 5 [35840/60000 (60%)]	Loss: 190.260452
[2022-10-20 01:11:53] PRINT Train Epoch: 5 [37120/60000 (62%)]	Loss: 186.881775
[2022-10-20 01:11:53] PRINT Train Epoch: 5 [38400/60000 (64%)]	Loss: 182.483353
[2022-10-20 01:11:53] PRINT Train Epoch: 5 [39680/60000 (66%)]	Loss: 186.458817
[2022-10-20 01:11:53] PRINT Train Epoch: 5 [40960/60000 (68%)]	Loss: 193.347916
[2022-10-20 01:11:53] PRINT Train Epoch: 5 [42240/60000 (70%)]	Loss: 187.932419
[2022-10-20 01:11:53] PRINT Train Epoch: 5 [43520/60000 (72%)]	Loss: 189.964981
[2022-10-20 01:11:53] PRINT Train Epoch: 5 [44800/60000 (75%)]	Loss: 180.396347
[2022-10-20 01:11:53] PRINT Train Epoch: 5 [46080/60000 (77%)]	Loss: 176.708939
[2022-10-20 01:11:53] PRINT Train Epoch: 5 [47360/60000 (79%)]	Loss: 180.431717
[2022-10-20 01:11:53] PRINT Train Epoch: 5 [48640/60000 (81%)]	Loss: 183.467957
[2022-10-20 01:11:54] PRINT Train Epoch: 5 [49920/60000 (83%)]	Loss: 187.954559
[2022-10-20 01:11:54] PRINT Train Epoch: 5 [51200/60000 (85%)]	Loss: 189.798309
[2022-10-20 01:11:54] PRINT Train Epoch: 5 [52480/60000 (87%)]	Loss: 185.239960
[2022-10-20 01:11:54] PRINT Train Epoch: 5 [53760/60000 (90%)]	Loss: 184.676437
[2022-10-20 01:11:54] PRINT Train Epoch: 5 [55040/60000 (92%)]	Loss: 188.808472
[2022-10-20 01:11:54] PRINT Train Epoch: 5 [56320/60000 (94%)]	Loss: 189.928879
[2022-10-20 01:11:54] PRINT Train Epoch: 5 [57600/60000 (96%)]	Loss: 192.604919
[2022-10-20 01:11:54] PRINT Train Epoch: 5 [58880/60000 (98%)]	Loss: 184.551620
[2022-10-20 01:11:54] PRINT ====> Epoch: 5 Average loss: 187.4458
[2022-10-20 01:11:55] PRINT ====> Test set loss: 186.3466
[2022-10-20 01:11:55] PRINT Train Epoch: 6 [0/60000 (0%)]	Loss: 188.086609
[2022-10-20 01:11:55] PRINT Train Epoch: 6 [1280/60000 (2%)]	Loss: 191.834946
[2022-10-20 01:11:55] PRINT Train Epoch: 6 [2560/60000 (4%)]	Loss: 189.638733
[2022-10-20 01:11:55] PRINT Train Epoch: 6 [3840/60000 (6%)]	Loss: 200.543503
[2022-10-20 01:11:55] PRINT Train Epoch: 6 [5120/60000 (9%)]	Loss: 182.063858
[2022-10-20 01:11:55] PRINT Train Epoch: 6 [6400/60000 (11%)]	Loss: 189.982132
[2022-10-20 01:11:56] PRINT Train Epoch: 6 [7680/60000 (13%)]	Loss: 185.106567
[2022-10-20 01:11:56] PRINT Train Epoch: 6 [8960/60000 (15%)]	Loss: 181.920792
[2022-10-20 01:11:56] PRINT Train Epoch: 6 [10240/60000 (17%)]	Loss: 180.865250
[2022-10-20 01:11:56] PRINT Train Epoch: 6 [11520/60000 (19%)]	Loss: 181.884598
[2022-10-20 01:11:56] PRINT Train Epoch: 6 [12800/60000 (21%)]	Loss: 188.918579
[2022-10-20 01:11:56] PRINT Train Epoch: 6 [14080/60000 (23%)]	Loss: 190.713974
[2022-10-20 01:11:56] PRINT Train Epoch: 6 [15360/60000 (26%)]	Loss: 188.967773
[2022-10-20 01:11:56] PRINT Train Epoch: 6 [16640/60000 (28%)]	Loss: 190.307663
[2022-10-20 01:11:56] PRINT Train Epoch: 6 [17920/60000 (30%)]	Loss: 177.409103
[2022-10-20 01:11:56] PRINT Train Epoch: 6 [19200/60000 (32%)]	Loss: 186.729507
[2022-10-20 01:11:56] PRINT Train Epoch: 6 [20480/60000 (34%)]	Loss: 191.356659
[2022-10-20 01:11:57] PRINT Train Epoch: 6 [21760/60000 (36%)]	Loss: 182.473953
[2022-10-20 01:11:57] PRINT Train Epoch: 6 [23040/60000 (38%)]	Loss: 189.999374
[2022-10-20 01:11:57] PRINT Train Epoch: 6 [24320/60000 (41%)]	Loss: 192.303741
[2022-10-20 01:11:57] PRINT Train Epoch: 6 [25600/60000 (43%)]	Loss: 190.943924
[2022-10-20 01:11:57] PRINT Train Epoch: 6 [26880/60000 (45%)]	Loss: 185.342163
[2022-10-20 01:11:57] PRINT Train Epoch: 6 [28160/60000 (47%)]	Loss: 180.898956
[2022-10-20 01:11:57] PRINT Train Epoch: 6 [29440/60000 (49%)]	Loss: 182.706131
[2022-10-20 01:11:57] PRINT Train Epoch: 6 [30720/60000 (51%)]	Loss: 179.192978
[2022-10-20 01:11:57] PRINT Train Epoch: 6 [32000/60000 (53%)]	Loss: 190.760590
[2022-10-20 01:11:57] PRINT Train Epoch: 6 [33280/60000 (55%)]	Loss: 196.187027
[2022-10-20 01:11:57] PRINT Train Epoch: 6 [34560/60000 (58%)]	Loss: 187.616562
[2022-10-20 01:11:57] PRINT Train Epoch: 6 [35840/60000 (60%)]	Loss: 180.684128
[2022-10-20 01:11:58] PRINT Train Epoch: 6 [37120/60000 (62%)]	Loss: 195.001511
[2022-10-20 01:11:58] PRINT Train Epoch: 6 [38400/60000 (64%)]	Loss: 197.560669
[2022-10-20 01:11:58] PRINT Train Epoch: 6 [39680/60000 (66%)]	Loss: 191.221878
[2022-10-20 01:11:58] PRINT Train Epoch: 6 [40960/60000 (68%)]	Loss: 189.617661
[2022-10-20 01:11:58] PRINT Train Epoch: 6 [42240/60000 (70%)]	Loss: 180.367065
[2022-10-20 01:11:58] PRINT Train Epoch: 6 [43520/60000 (72%)]	Loss: 189.842392
[2022-10-20 01:11:58] PRINT Train Epoch: 6 [44800/60000 (75%)]	Loss: 183.409348
[2022-10-20 01:11:58] PRINT Train Epoch: 6 [46080/60000 (77%)]	Loss: 184.837509
[2022-10-20 01:11:58] PRINT Train Epoch: 6 [47360/60000 (79%)]	Loss: 180.835388
[2022-10-20 01:11:58] PRINT Train Epoch: 6 [48640/60000 (81%)]	Loss: 182.126556
[2022-10-20 01:11:58] PRINT Train Epoch: 6 [49920/60000 (83%)]	Loss: 184.116440
[2022-10-20 01:11:59] PRINT Train Epoch: 6 [51200/60000 (85%)]	Loss: 190.194687
[2022-10-20 01:11:59] PRINT Train Epoch: 6 [52480/60000 (87%)]	Loss: 181.444641
[2022-10-20 01:11:59] PRINT Train Epoch: 6 [53760/60000 (90%)]	Loss: 189.809097
[2022-10-20 01:11:59] PRINT Train Epoch: 6 [55040/60000 (92%)]	Loss: 194.090118
[2022-10-20 01:11:59] PRINT Train Epoch: 6 [56320/60000 (94%)]	Loss: 183.632156
[2022-10-20 01:11:59] PRINT Train Epoch: 6 [57600/60000 (96%)]	Loss: 188.024658
[2022-10-20 01:11:59] PRINT Train Epoch: 6 [58880/60000 (98%)]	Loss: 185.446228
[2022-10-20 01:11:59] PRINT ====> Epoch: 6 Average loss: 187.2928
[2022-10-20 01:12:00] PRINT ====> Test set loss: 186.2194
[2022-10-20 01:12:00] PRINT Train Epoch: 7 [0/60000 (0%)]	Loss: 186.199371
[2022-10-20 01:12:00] PRINT Train Epoch: 7 [1280/60000 (2%)]	Loss: 188.617096
[2022-10-20 01:12:00] PRINT Train Epoch: 7 [2560/60000 (4%)]	Loss: 184.384598
[2022-10-20 01:12:00] PRINT Train Epoch: 7 [3840/60000 (6%)]	Loss: 181.735840
[2022-10-20 01:12:00] PRINT Train Epoch: 7 [5120/60000 (9%)]	Loss: 182.028931
[2022-10-20 01:12:00] PRINT Train Epoch: 7 [6400/60000 (11%)]	Loss: 181.291946
[2022-10-20 01:12:00] PRINT Train Epoch: 7 [7680/60000 (13%)]	Loss: 196.374008
[2022-10-20 01:12:01] PRINT Train Epoch: 7 [8960/60000 (15%)]	Loss: 203.228302
[2022-10-20 01:12:01] PRINT Train Epoch: 7 [10240/60000 (17%)]	Loss: 198.010300
[2022-10-20 01:12:01] PRINT Train Epoch: 7 [11520/60000 (19%)]	Loss: 190.285324
[2022-10-20 01:12:01] PRINT Train Epoch: 7 [12800/60000 (21%)]	Loss: 188.298676
[2022-10-20 01:12:01] PRINT Train Epoch: 7 [14080/60000 (23%)]	Loss: 189.666000
[2022-10-20 01:12:01] PRINT Train Epoch: 7 [15360/60000 (26%)]	Loss: 183.948502
[2022-10-20 01:12:01] PRINT Train Epoch: 7 [16640/60000 (28%)]	Loss: 190.975571
[2022-10-20 01:12:01] PRINT Train Epoch: 7 [17920/60000 (30%)]	Loss: 191.126801
[2022-10-20 01:12:01] PRINT Train Epoch: 7 [19200/60000 (32%)]	Loss: 201.312378
[2022-10-20 01:12:01] PRINT Train Epoch: 7 [20480/60000 (34%)]	Loss: 190.551041
[2022-10-20 01:12:01] PRINT Train Epoch: 7 [21760/60000 (36%)]	Loss: 188.613174
[2022-10-20 01:12:01] PRINT Train Epoch: 7 [23040/60000 (38%)]	Loss: 181.128433
[2022-10-20 01:12:02] PRINT Train Epoch: 7 [24320/60000 (41%)]	Loss: 186.688217
[2022-10-20 01:12:02] PRINT Train Epoch: 7 [25600/60000 (43%)]	Loss: 190.886353
[2022-10-20 01:12:02] PRINT Train Epoch: 7 [26880/60000 (45%)]	Loss: 195.089508
[2022-10-20 01:12:02] PRINT Train Epoch: 7 [28160/60000 (47%)]	Loss: 188.430573
[2022-10-20 01:12:02] PRINT Train Epoch: 7 [29440/60000 (49%)]	Loss: 195.086197
[2022-10-20 01:12:02] PRINT Train Epoch: 7 [30720/60000 (51%)]	Loss: 177.873871
[2022-10-20 01:12:02] PRINT Train Epoch: 7 [32000/60000 (53%)]	Loss: 194.079910
[2022-10-20 01:12:02] PRINT Train Epoch: 7 [33280/60000 (55%)]	Loss: 195.720978
[2022-10-20 01:12:02] PRINT Train Epoch: 7 [34560/60000 (58%)]	Loss: 185.207352
[2022-10-20 01:12:02] PRINT Train Epoch: 7 [35840/60000 (60%)]	Loss: 190.480377
[2022-10-20 01:12:02] PRINT Train Epoch: 7 [37120/60000 (62%)]	Loss: 193.275726
[2022-10-20 01:12:03] PRINT Train Epoch: 7 [38400/60000 (64%)]	Loss: 181.246689
[2022-10-20 01:12:03] PRINT Train Epoch: 7 [39680/60000 (66%)]	Loss: 186.055862
[2022-10-20 01:12:03] PRINT Train Epoch: 7 [40960/60000 (68%)]	Loss: 177.021011
[2022-10-20 01:12:03] PRINT Train Epoch: 7 [42240/60000 (70%)]	Loss: 196.980881
[2022-10-20 01:12:03] PRINT Train Epoch: 7 [43520/60000 (72%)]	Loss: 180.976440
[2022-10-20 01:12:03] PRINT Train Epoch: 7 [44800/60000 (75%)]	Loss: 183.242615
[2022-10-20 01:12:03] PRINT Train Epoch: 7 [46080/60000 (77%)]	Loss: 189.494156
[2022-10-20 01:12:03] PRINT Train Epoch: 7 [47360/60000 (79%)]	Loss: 190.511169
[2022-10-20 01:12:03] PRINT Train Epoch: 7 [48640/60000 (81%)]	Loss: 185.040207
[2022-10-20 01:12:03] PRINT Train Epoch: 7 [49920/60000 (83%)]	Loss: 187.975693
[2022-10-20 01:12:03] PRINT Train Epoch: 7 [51200/60000 (85%)]	Loss: 191.675125
[2022-10-20 01:12:04] PRINT Train Epoch: 7 [52480/60000 (87%)]	Loss: 189.073410
[2022-10-20 01:12:04] PRINT Train Epoch: 7 [53760/60000 (90%)]	Loss: 186.789444
[2022-10-20 01:12:04] PRINT Train Epoch: 7 [55040/60000 (92%)]	Loss: 184.979050
[2022-10-20 01:12:04] PRINT Train Epoch: 7 [56320/60000 (94%)]	Loss: 185.065445
[2022-10-20 01:12:04] PRINT Train Epoch: 7 [57600/60000 (96%)]	Loss: 185.356461
[2022-10-20 01:12:04] PRINT Train Epoch: 7 [58880/60000 (98%)]	Loss: 186.023132
[2022-10-20 01:12:04] PRINT ====> Epoch: 7 Average loss: 187.0967
[2022-10-20 01:12:05] PRINT ====> Test set loss: 190.6733
[2022-10-20 01:12:05] PRINT Train Epoch: 8 [0/60000 (0%)]	Loss: 184.392776
[2022-10-20 01:12:05] PRINT Train Epoch: 8 [1280/60000 (2%)]	Loss: 187.403763
[2022-10-20 01:12:05] PRINT Train Epoch: 8 [2560/60000 (4%)]	Loss: 187.911774
[2022-10-20 01:12:05] PRINT Train Epoch: 8 [3840/60000 (6%)]	Loss: 185.114395
[2022-10-20 01:12:05] PRINT Train Epoch: 8 [5120/60000 (9%)]	Loss: 188.706009
[2022-10-20 01:12:05] PRINT Train Epoch: 8 [6400/60000 (11%)]	Loss: 182.117004
[2022-10-20 01:12:05] PRINT Train Epoch: 8 [7680/60000 (13%)]	Loss: 193.018982
[2022-10-20 01:12:05] PRINT Train Epoch: 8 [8960/60000 (15%)]	Loss: 186.669296
[2022-10-20 01:12:06] PRINT Train Epoch: 8 [10240/60000 (17%)]	Loss: 196.394867
[2022-10-20 01:12:06] PRINT Train Epoch: 8 [11520/60000 (19%)]	Loss: 187.756149
[2022-10-20 01:12:06] PRINT Train Epoch: 8 [12800/60000 (21%)]	Loss: 183.380783
[2022-10-20 01:12:06] PRINT Train Epoch: 8 [14080/60000 (23%)]	Loss: 189.350586
[2022-10-20 01:12:06] PRINT Train Epoch: 8 [15360/60000 (26%)]	Loss: 187.304550
[2022-10-20 01:12:06] PRINT Train Epoch: 8 [16640/60000 (28%)]	Loss: 181.882263
[2022-10-20 01:12:06] PRINT Train Epoch: 8 [17920/60000 (30%)]	Loss: 189.022003
[2022-10-20 01:12:06] PRINT Train Epoch: 8 [19200/60000 (32%)]	Loss: 185.916519
[2022-10-20 01:12:06] PRINT Train Epoch: 8 [20480/60000 (34%)]	Loss: 188.603317
[2022-10-20 01:12:06] PRINT Train Epoch: 8 [21760/60000 (36%)]	Loss: 188.030121
[2022-10-20 01:12:06] PRINT Train Epoch: 8 [23040/60000 (38%)]	Loss: 183.835815
[2022-10-20 01:12:07] PRINT Train Epoch: 8 [24320/60000 (41%)]	Loss: 190.584518
[2022-10-20 01:12:07] PRINT Train Epoch: 8 [25600/60000 (43%)]	Loss: 188.736618
[2022-10-20 01:12:07] PRINT Train Epoch: 8 [26880/60000 (45%)]	Loss: 182.213257
[2022-10-20 01:12:07] PRINT Train Epoch: 8 [28160/60000 (47%)]	Loss: 182.807632
[2022-10-20 01:12:07] PRINT Train Epoch: 8 [29440/60000 (49%)]	Loss: 188.259506
[2022-10-20 01:12:07] PRINT Train Epoch: 8 [30720/60000 (51%)]	Loss: 189.052429
[2022-10-20 01:12:07] PRINT Train Epoch: 8 [32000/60000 (53%)]	Loss: 190.863068
[2022-10-20 01:12:07] PRINT Train Epoch: 8 [33280/60000 (55%)]	Loss: 193.545715
[2022-10-20 01:12:07] PRINT Train Epoch: 8 [34560/60000 (58%)]	Loss: 190.542114
[2022-10-20 01:12:07] PRINT Train Epoch: 8 [35840/60000 (60%)]	Loss: 187.151947
[2022-10-20 01:12:07] PRINT Train Epoch: 8 [37120/60000 (62%)]	Loss: 191.193573
[2022-10-20 01:12:08] PRINT Train Epoch: 8 [38400/60000 (64%)]	Loss: 186.261215
[2022-10-20 01:12:08] PRINT Train Epoch: 8 [39680/60000 (66%)]	Loss: 191.301788
[2022-10-20 01:12:08] PRINT Train Epoch: 8 [40960/60000 (68%)]	Loss: 185.620758
[2022-10-20 01:12:08] PRINT Train Epoch: 8 [42240/60000 (70%)]	Loss: 188.389282
[2022-10-20 01:12:08] PRINT Train Epoch: 8 [43520/60000 (72%)]	Loss: 178.269608
[2022-10-20 01:12:08] PRINT Train Epoch: 8 [44800/60000 (75%)]	Loss: 187.236191
[2022-10-20 01:12:08] PRINT Train Epoch: 8 [46080/60000 (77%)]	Loss: 186.034424
[2022-10-20 01:12:08] PRINT Train Epoch: 8 [47360/60000 (79%)]	Loss: 187.653030
[2022-10-20 01:12:08] PRINT Train Epoch: 8 [48640/60000 (81%)]	Loss: 180.669876
[2022-10-20 01:12:08] PRINT Train Epoch: 8 [49920/60000 (83%)]	Loss: 186.332123
[2022-10-20 01:12:08] PRINT Train Epoch: 8 [51200/60000 (85%)]	Loss: 187.975342
[2022-10-20 01:12:09] PRINT Train Epoch: 8 [52480/60000 (87%)]	Loss: 186.845963
[2022-10-20 01:12:09] PRINT Train Epoch: 8 [53760/60000 (90%)]	Loss: 187.291611
[2022-10-20 01:12:09] PRINT Train Epoch: 8 [55040/60000 (92%)]	Loss: 184.611862
[2022-10-20 01:12:09] PRINT Train Epoch: 8 [56320/60000 (94%)]	Loss: 186.855728
[2022-10-20 01:12:09] PRINT Train Epoch: 8 [57600/60000 (96%)]	Loss: 192.655151
[2022-10-20 01:12:09] PRINT Train Epoch: 8 [58880/60000 (98%)]	Loss: 181.386322
[2022-10-20 01:12:09] PRINT ====> Epoch: 8 Average loss: 187.1419
[2022-10-20 01:12:10] PRINT ====> Test set loss: 186.1949
[2022-10-20 01:12:10] PRINT Train Epoch: 9 [0/60000 (0%)]	Loss: 179.667099
[2022-10-20 01:12:10] PRINT Train Epoch: 9 [1280/60000 (2%)]	Loss: 186.597504
[2022-10-20 01:12:10] PRINT Train Epoch: 9 [2560/60000 (4%)]	Loss: 193.513519
[2022-10-20 01:12:10] PRINT Train Epoch: 9 [3840/60000 (6%)]	Loss: 183.840210
[2022-10-20 01:12:10] PRINT Train Epoch: 9 [5120/60000 (9%)]	Loss: 190.657440
[2022-10-20 01:12:10] PRINT Train Epoch: 9 [6400/60000 (11%)]	Loss: 190.385162
[2022-10-20 01:12:10] PRINT Train Epoch: 9 [7680/60000 (13%)]	Loss: 187.652283
[2022-10-20 01:12:10] PRINT Train Epoch: 9 [8960/60000 (15%)]	Loss: 187.641357
[2022-10-20 01:12:11] PRINT Train Epoch: 9 [10240/60000 (17%)]	Loss: 184.182343
[2022-10-20 01:12:11] PRINT Train Epoch: 9 [11520/60000 (19%)]	Loss: 186.101868
[2022-10-20 01:12:11] PRINT Train Epoch: 9 [12800/60000 (21%)]	Loss: 188.333466
[2022-10-20 01:12:11] PRINT Train Epoch: 9 [14080/60000 (23%)]	Loss: 194.443268
[2022-10-20 01:12:11] PRINT Train Epoch: 9 [15360/60000 (26%)]	Loss: 187.818527
[2022-10-20 01:12:11] PRINT Train Epoch: 9 [16640/60000 (28%)]	Loss: 186.212769
[2022-10-20 01:12:11] PRINT Train Epoch: 9 [17920/60000 (30%)]	Loss: 189.537399
[2022-10-20 01:12:11] PRINT Train Epoch: 9 [19200/60000 (32%)]	Loss: 184.683975
[2022-10-20 01:12:11] PRINT Train Epoch: 9 [20480/60000 (34%)]	Loss: 189.306656
[2022-10-20 01:12:11] PRINT Train Epoch: 9 [21760/60000 (36%)]	Loss: 189.035339
[2022-10-20 01:12:11] PRINT Train Epoch: 9 [23040/60000 (38%)]	Loss: 194.643723
[2022-10-20 01:12:11] PRINT Train Epoch: 9 [24320/60000 (41%)]	Loss: 188.037369
[2022-10-20 01:12:12] PRINT Train Epoch: 9 [25600/60000 (43%)]	Loss: 190.915619
[2022-10-20 01:12:12] PRINT Train Epoch: 9 [26880/60000 (45%)]	Loss: 183.864914
[2022-10-20 01:12:12] PRINT Train Epoch: 9 [28160/60000 (47%)]	Loss: 187.734344
[2022-10-20 01:12:12] PRINT Train Epoch: 9 [29440/60000 (49%)]	Loss: 188.195084
[2022-10-20 01:12:12] PRINT Train Epoch: 9 [30720/60000 (51%)]	Loss: 181.130829
[2022-10-20 01:12:12] PRINT Train Epoch: 9 [32000/60000 (53%)]	Loss: 180.731964
[2022-10-20 01:12:12] PRINT Train Epoch: 9 [33280/60000 (55%)]	Loss: 189.258377
[2022-10-20 01:12:12] PRINT Train Epoch: 9 [34560/60000 (58%)]	Loss: 191.238419
[2022-10-20 01:12:12] PRINT Train Epoch: 9 [35840/60000 (60%)]	Loss: 184.231277
[2022-10-20 01:12:12] PRINT Train Epoch: 9 [37120/60000 (62%)]	Loss: 187.284210
[2022-10-20 01:12:12] PRINT Train Epoch: 9 [38400/60000 (64%)]	Loss: 180.514084
[2022-10-20 01:12:13] PRINT Train Epoch: 9 [39680/60000 (66%)]	Loss: 186.674637
[2022-10-20 01:12:13] PRINT Train Epoch: 9 [40960/60000 (68%)]	Loss: 192.040100
[2022-10-20 01:12:13] PRINT Train Epoch: 9 [42240/60000 (70%)]	Loss: 184.360764
[2022-10-20 01:12:13] PRINT Train Epoch: 9 [43520/60000 (72%)]	Loss: 193.095444
[2022-10-20 01:12:13] PRINT Train Epoch: 9 [44800/60000 (75%)]	Loss: 192.271133
[2022-10-20 01:12:13] PRINT Train Epoch: 9 [46080/60000 (77%)]	Loss: 186.262222
[2022-10-20 01:12:13] PRINT Train Epoch: 9 [47360/60000 (79%)]	Loss: 183.172882
[2022-10-20 01:12:13] PRINT Train Epoch: 9 [48640/60000 (81%)]	Loss: 186.852814
[2022-10-20 01:12:13] PRINT Train Epoch: 9 [49920/60000 (83%)]	Loss: 182.444763
[2022-10-20 01:12:13] PRINT Train Epoch: 9 [51200/60000 (85%)]	Loss: 177.351013
[2022-10-20 01:12:13] PRINT Train Epoch: 9 [52480/60000 (87%)]	Loss: 184.766312
[2022-10-20 01:12:14] PRINT Train Epoch: 9 [53760/60000 (90%)]	Loss: 190.434982
[2022-10-20 01:12:14] PRINT Train Epoch: 9 [55040/60000 (92%)]	Loss: 195.867493
[2022-10-20 01:12:14] PRINT Train Epoch: 9 [56320/60000 (94%)]	Loss: 184.862549
[2022-10-20 01:12:14] PRINT Train Epoch: 9 [57600/60000 (96%)]	Loss: 191.972992
[2022-10-20 01:12:14] PRINT Train Epoch: 9 [58880/60000 (98%)]	Loss: 179.338974
[2022-10-20 01:12:14] PRINT ====> Epoch: 9 Average loss: 186.7948
[2022-10-20 01:12:15] PRINT ====> Test set loss: 185.9044
[2022-10-20 01:12:15] PRINT Train Epoch: 10 [0/60000 (0%)]	Loss: 181.573257
[2022-10-20 01:12:15] PRINT Train Epoch: 10 [1280/60000 (2%)]	Loss: 183.812744
[2022-10-20 01:12:15] PRINT Train Epoch: 10 [2560/60000 (4%)]	Loss: 191.537506
[2022-10-20 01:12:15] PRINT Train Epoch: 10 [3840/60000 (6%)]	Loss: 181.420746
[2022-10-20 01:12:15] PRINT Train Epoch: 10 [5120/60000 (9%)]	Loss: 192.259705
[2022-10-20 01:12:15] PRINT Train Epoch: 10 [6400/60000 (11%)]	Loss: 193.192276
[2022-10-20 01:12:15] PRINT Train Epoch: 10 [7680/60000 (13%)]	Loss: 188.200272
[2022-10-20 01:12:15] PRINT Train Epoch: 10 [8960/60000 (15%)]	Loss: 188.940125
[2022-10-20 01:12:15] PRINT Train Epoch: 10 [10240/60000 (17%)]	Loss: 188.251862
[2022-10-20 01:12:16] PRINT Train Epoch: 10 [11520/60000 (19%)]	Loss: 188.760742
[2022-10-20 01:12:16] PRINT Train Epoch: 10 [12800/60000 (21%)]	Loss: 188.651840
[2022-10-20 01:12:16] PRINT Train Epoch: 10 [14080/60000 (23%)]	Loss: 192.624084
[2022-10-20 01:12:16] PRINT Train Epoch: 10 [15360/60000 (26%)]	Loss: 189.367462
[2022-10-20 01:12:16] PRINT Train Epoch: 10 [16640/60000 (28%)]	Loss: 187.542969
[2022-10-20 01:12:16] PRINT Train Epoch: 10 [17920/60000 (30%)]	Loss: 190.356171
[2022-10-20 01:12:16] PRINT Train Epoch: 10 [19200/60000 (32%)]	Loss: 195.646561
[2022-10-20 01:12:16] PRINT Train Epoch: 10 [20480/60000 (34%)]	Loss: 181.128448
[2022-10-20 01:12:16] PRINT Train Epoch: 10 [21760/60000 (36%)]	Loss: 186.531082
[2022-10-20 01:12:16] PRINT Train Epoch: 10 [23040/60000 (38%)]	Loss: 187.091187
[2022-10-20 01:12:16] PRINT Train Epoch: 10 [24320/60000 (41%)]	Loss: 182.615463
[2022-10-20 01:12:17] PRINT Train Epoch: 10 [25600/60000 (43%)]	Loss: 183.566437
[2022-10-20 01:12:17] PRINT Train Epoch: 10 [26880/60000 (45%)]	Loss: 189.266602
[2022-10-20 01:12:17] PRINT Train Epoch: 10 [28160/60000 (47%)]	Loss: 183.490234
[2022-10-20 01:12:17] PRINT Train Epoch: 10 [29440/60000 (49%)]	Loss: 185.428528
[2022-10-20 01:12:17] PRINT Train Epoch: 10 [30720/60000 (51%)]	Loss: 190.979645
[2022-10-20 01:12:17] PRINT Train Epoch: 10 [32000/60000 (53%)]	Loss: 186.372314
[2022-10-20 01:12:17] PRINT Train Epoch: 10 [33280/60000 (55%)]	Loss: 188.019058
[2022-10-20 01:12:17] PRINT Train Epoch: 10 [34560/60000 (58%)]	Loss: 187.915527
[2022-10-20 01:12:17] PRINT Train Epoch: 10 [35840/60000 (60%)]	Loss: 178.468643
[2022-10-20 01:12:17] PRINT Train Epoch: 10 [37120/60000 (62%)]	Loss: 188.078857
[2022-10-20 01:12:17] PRINT Train Epoch: 10 [38400/60000 (64%)]	Loss: 191.191589
[2022-10-20 01:12:17] PRINT Train Epoch: 10 [39680/60000 (66%)]	Loss: 189.309906
[2022-10-20 01:12:18] PRINT Train Epoch: 10 [40960/60000 (68%)]	Loss: 193.148651
[2022-10-20 01:12:18] PRINT Train Epoch: 10 [42240/60000 (70%)]	Loss: 182.909836
[2022-10-20 01:12:18] PRINT Train Epoch: 10 [43520/60000 (72%)]	Loss: 192.007446
[2022-10-20 01:12:18] PRINT Train Epoch: 10 [44800/60000 (75%)]	Loss: 192.507812
[2022-10-20 01:12:18] PRINT Train Epoch: 10 [46080/60000 (77%)]	Loss: 191.164230
[2022-10-20 01:12:18] PRINT Train Epoch: 10 [47360/60000 (79%)]	Loss: 188.143631
[2022-10-20 01:12:18] PRINT Train Epoch: 10 [48640/60000 (81%)]	Loss: 187.751373
[2022-10-20 01:12:18] PRINT Train Epoch: 10 [49920/60000 (83%)]	Loss: 185.169647
[2022-10-20 01:12:18] PRINT Train Epoch: 10 [51200/60000 (85%)]	Loss: 179.179413
[2022-10-20 01:12:18] PRINT Train Epoch: 10 [52480/60000 (87%)]	Loss: 190.713593
[2022-10-20 01:12:18] PRINT Train Epoch: 10 [53760/60000 (90%)]	Loss: 177.578751
[2022-10-20 01:12:18] PRINT Train Epoch: 10 [55040/60000 (92%)]	Loss: 183.542831
[2022-10-20 01:12:19] PRINT Train Epoch: 10 [56320/60000 (94%)]	Loss: 197.294464
[2022-10-20 01:12:19] PRINT Train Epoch: 10 [57600/60000 (96%)]	Loss: 175.232056
[2022-10-20 01:12:19] PRINT Train Epoch: 10 [58880/60000 (98%)]	Loss: 195.576157
[2022-10-20 01:12:19] PRINT ====> Epoch: 10 Average loss: 187.2348
[2022-10-20 01:12:20] PRINT ====> Test set loss: 186.9969
