[2022-10-20 01:08:11] PRINT {'features1': 600, 'features2': 20, 'lr': 0.06859674497704978, 'epsilon': 1e-06, 'TRIAL_BUDGET': 2}
[2022-10-20 01:08:12] PRINT Using cuda device
[2022-10-20 01:08:16] PRINT Train Epoch: 1 [0/60000 (0%)]	Loss: 546.558472
[2022-10-20 01:08:16] PRINT Train Epoch: 1 [1280/60000 (2%)]	Loss: 294.864746
[2022-10-20 01:08:16] PRINT Train Epoch: 1 [2560/60000 (4%)]	Loss: 259.680084
[2022-10-20 01:08:16] PRINT Train Epoch: 1 [3840/60000 (6%)]	Loss: 240.832520
[2022-10-20 01:08:16] PRINT Train Epoch: 1 [5120/60000 (9%)]	Loss: 221.885925
[2022-10-20 01:08:17] PRINT Train Epoch: 1 [6400/60000 (11%)]	Loss: 218.385620
[2022-10-20 01:08:17] PRINT Train Epoch: 1 [7680/60000 (13%)]	Loss: 220.694046
[2022-10-20 01:08:17] PRINT Train Epoch: 1 [8960/60000 (15%)]	Loss: 218.528015
[2022-10-20 01:08:17] PRINT Train Epoch: 1 [10240/60000 (17%)]	Loss: 218.439697
[2022-10-20 01:08:17] PRINT Train Epoch: 1 [11520/60000 (19%)]	Loss: 211.949875
[2022-10-20 01:08:17] PRINT Train Epoch: 1 [12800/60000 (21%)]	Loss: 209.028549
[2022-10-20 01:08:17] PRINT Train Epoch: 1 [14080/60000 (23%)]	Loss: 258.297607
[2022-10-20 01:08:17] PRINT Train Epoch: 1 [15360/60000 (26%)]	Loss: 242.967026
[2022-10-20 01:08:17] PRINT Train Epoch: 1 [16640/60000 (28%)]	Loss: 236.192154
[2022-10-20 01:08:17] PRINT Train Epoch: 1 [17920/60000 (30%)]	Loss: 221.371109
[2022-10-20 01:08:17] PRINT Train Epoch: 1 [19200/60000 (32%)]	Loss: 259.680115
[2022-10-20 01:08:18] PRINT Train Epoch: 1 [20480/60000 (34%)]	Loss: 233.286514
[2022-10-20 01:08:18] PRINT Train Epoch: 1 [21760/60000 (36%)]	Loss: 230.459198
[2022-10-20 01:08:18] PRINT Train Epoch: 1 [23040/60000 (38%)]	Loss: 238.938049
[2022-10-20 01:08:18] PRINT Train Epoch: 1 [24320/60000 (41%)]	Loss: 231.159790
[2022-10-20 01:08:18] PRINT Train Epoch: 1 [25600/60000 (43%)]	Loss: 223.309479
[2022-10-20 01:08:18] PRINT Train Epoch: 1 [26880/60000 (45%)]	Loss: 222.954514
[2022-10-20 01:08:18] PRINT Train Epoch: 1 [28160/60000 (47%)]	Loss: 221.475784
[2022-10-20 01:08:18] PRINT Train Epoch: 1 [29440/60000 (49%)]	Loss: 216.154694
[2022-10-20 01:08:18] PRINT Train Epoch: 1 [30720/60000 (51%)]	Loss: 207.513794
[2022-10-20 01:08:18] PRINT Train Epoch: 1 [32000/60000 (53%)]	Loss: 220.947937
[2022-10-20 01:08:18] PRINT Train Epoch: 1 [33280/60000 (55%)]	Loss: 337.367798
[2022-10-20 01:08:19] PRINT Train Epoch: 1 [34560/60000 (58%)]	Loss: 224.827347
[2022-10-20 01:08:19] PRINT Train Epoch: 1 [35840/60000 (60%)]	Loss: 218.846191
[2022-10-20 01:08:19] PRINT Train Epoch: 1 [37120/60000 (62%)]	Loss: 215.363892
[2022-10-20 01:08:19] PRINT Train Epoch: 1 [38400/60000 (64%)]	Loss: 230.257812
[2022-10-20 01:08:19] PRINT Train Epoch: 1 [39680/60000 (66%)]	Loss: 208.316666
[2022-10-20 01:08:19] PRINT Train Epoch: 1 [40960/60000 (68%)]	Loss: 218.927887
[2022-10-20 01:08:19] PRINT Train Epoch: 1 [42240/60000 (70%)]	Loss: 230.166901
[2022-10-20 01:08:19] PRINT Train Epoch: 1 [43520/60000 (72%)]	Loss: 217.872223
[2022-10-20 01:08:19] PRINT Train Epoch: 1 [44800/60000 (75%)]	Loss: 207.933899
[2022-10-20 01:08:19] PRINT Train Epoch: 1 [46080/60000 (77%)]	Loss: 220.791321
[2022-10-20 01:08:19] PRINT Train Epoch: 1 [47360/60000 (79%)]	Loss: 205.096756
[2022-10-20 01:08:20] PRINT Train Epoch: 1 [48640/60000 (81%)]	Loss: 218.026016
[2022-10-20 01:08:20] PRINT Train Epoch: 1 [49920/60000 (83%)]	Loss: 205.118561
[2022-10-20 01:08:20] PRINT Train Epoch: 1 [51200/60000 (85%)]	Loss: 206.517990
[2022-10-20 01:08:20] PRINT Train Epoch: 1 [52480/60000 (87%)]	Loss: 210.002563
[2022-10-20 01:08:20] PRINT Train Epoch: 1 [53760/60000 (90%)]	Loss: 198.424164
[2022-10-20 01:08:20] PRINT Train Epoch: 1 [55040/60000 (92%)]	Loss: 206.135605
[2022-10-20 01:08:20] PRINT Train Epoch: 1 [56320/60000 (94%)]	Loss: 204.857681
[2022-10-20 01:08:20] PRINT Train Epoch: 1 [57600/60000 (96%)]	Loss: 207.108307
[2022-10-20 01:08:20] PRINT Train Epoch: 1 [58880/60000 (98%)]	Loss: 208.851898
[2022-10-20 01:08:20] PRINT ====> Epoch: 1 Average loss: 478.7123
[2022-10-20 01:08:21] PRINT ====> Test set loss: 204.5940
[2022-10-20 01:08:21] PRINT Train Epoch: 2 [0/60000 (0%)]	Loss: 214.260468
[2022-10-20 01:08:21] PRINT Train Epoch: 2 [1280/60000 (2%)]	Loss: 206.177185
[2022-10-20 01:08:21] PRINT Train Epoch: 2 [2560/60000 (4%)]	Loss: 212.506821
[2022-10-20 01:08:21] PRINT Train Epoch: 2 [3840/60000 (6%)]	Loss: 204.609772
[2022-10-20 01:08:21] PRINT Train Epoch: 2 [5120/60000 (9%)]	Loss: 206.576614
[2022-10-20 01:08:21] PRINT Train Epoch: 2 [6400/60000 (11%)]	Loss: 203.079788
[2022-10-20 01:08:22] PRINT Train Epoch: 2 [7680/60000 (13%)]	Loss: 197.690170
[2022-10-20 01:08:22] PRINT Train Epoch: 2 [8960/60000 (15%)]	Loss: 200.079880
[2022-10-20 01:08:22] PRINT Train Epoch: 2 [10240/60000 (17%)]	Loss: 206.922318
[2022-10-20 01:08:22] PRINT Train Epoch: 2 [11520/60000 (19%)]	Loss: 207.991913
[2022-10-20 01:08:22] PRINT Train Epoch: 2 [12800/60000 (21%)]	Loss: 188.977783
[2022-10-20 01:08:22] PRINT Train Epoch: 2 [14080/60000 (23%)]	Loss: 194.718582
[2022-10-20 01:08:22] PRINT Train Epoch: 2 [15360/60000 (26%)]	Loss: 208.675003
[2022-10-20 01:08:22] PRINT Train Epoch: 2 [16640/60000 (28%)]	Loss: 198.698395
[2022-10-20 01:08:22] PRINT Train Epoch: 2 [17920/60000 (30%)]	Loss: 199.855820
[2022-10-20 01:08:22] PRINT Train Epoch: 2 [19200/60000 (32%)]	Loss: 205.573563
[2022-10-20 01:08:23] PRINT Train Epoch: 2 [20480/60000 (34%)]	Loss: 197.540634
[2022-10-20 01:08:23] PRINT Train Epoch: 2 [21760/60000 (36%)]	Loss: 192.135956
[2022-10-20 01:08:23] PRINT Train Epoch: 2 [23040/60000 (38%)]	Loss: 201.994690
[2022-10-20 01:08:23] PRINT Train Epoch: 2 [24320/60000 (41%)]	Loss: 201.506760
[2022-10-20 01:08:23] PRINT Train Epoch: 2 [25600/60000 (43%)]	Loss: 197.950760
[2022-10-20 01:08:23] PRINT Train Epoch: 2 [26880/60000 (45%)]	Loss: 200.807800
[2022-10-20 01:08:23] PRINT Train Epoch: 2 [28160/60000 (47%)]	Loss: 196.390564
[2022-10-20 01:08:23] PRINT Train Epoch: 2 [29440/60000 (49%)]	Loss: 204.281754
[2022-10-20 01:08:23] PRINT Train Epoch: 2 [30720/60000 (51%)]	Loss: 194.740952
[2022-10-20 01:08:23] PRINT Train Epoch: 2 [32000/60000 (53%)]	Loss: 226.197815
[2022-10-20 01:08:23] PRINT Train Epoch: 2 [33280/60000 (55%)]	Loss: 207.669769
[2022-10-20 01:08:24] PRINT Train Epoch: 2 [34560/60000 (58%)]	Loss: 207.690170
[2022-10-20 01:08:24] PRINT Train Epoch: 2 [35840/60000 (60%)]	Loss: 201.302643
[2022-10-20 01:08:24] PRINT Train Epoch: 2 [37120/60000 (62%)]	Loss: 192.232300
[2022-10-20 01:08:24] PRINT Train Epoch: 2 [38400/60000 (64%)]	Loss: 192.430801
[2022-10-20 01:08:24] PRINT Train Epoch: 2 [39680/60000 (66%)]	Loss: 193.670212
[2022-10-20 01:08:24] PRINT Train Epoch: 2 [40960/60000 (68%)]	Loss: 206.021851
[2022-10-20 01:08:24] PRINT Train Epoch: 2 [42240/60000 (70%)]	Loss: 201.758896
[2022-10-20 01:08:24] PRINT Train Epoch: 2 [43520/60000 (72%)]	Loss: 198.955063
[2022-10-20 01:08:24] PRINT Train Epoch: 2 [44800/60000 (75%)]	Loss: 199.693619
[2022-10-20 01:08:24] PRINT Train Epoch: 2 [46080/60000 (77%)]	Loss: 199.511292
[2022-10-20 01:08:24] PRINT Train Epoch: 2 [47360/60000 (79%)]	Loss: 192.335098
[2022-10-20 01:08:25] PRINT Train Epoch: 2 [48640/60000 (81%)]	Loss: 207.611130
[2022-10-20 01:08:25] PRINT Train Epoch: 2 [49920/60000 (83%)]	Loss: 203.257187
[2022-10-20 01:08:25] PRINT Train Epoch: 2 [51200/60000 (85%)]	Loss: 199.794174
[2022-10-20 01:08:25] PRINT Train Epoch: 2 [52480/60000 (87%)]	Loss: 195.253555
[2022-10-20 01:08:25] PRINT Train Epoch: 2 [53760/60000 (90%)]	Loss: 202.827927
[2022-10-20 01:08:25] PRINT Train Epoch: 2 [55040/60000 (92%)]	Loss: 194.115265
[2022-10-20 01:08:25] PRINT Train Epoch: 2 [56320/60000 (94%)]	Loss: 195.719147
[2022-10-20 01:08:25] PRINT Train Epoch: 2 [57600/60000 (96%)]	Loss: 190.968369
[2022-10-20 01:08:25] PRINT Train Epoch: 2 [58880/60000 (98%)]	Loss: 199.136932
[2022-10-20 01:08:25] PRINT ====> Epoch: 2 Average loss: 201.8862
[2022-10-20 01:08:26] PRINT ====> Test set loss: 211.0667
[2022-10-20 01:08:26] PRINT Train Epoch: 3 [0/60000 (0%)]	Loss: 213.000229
[2022-10-20 01:08:26] PRINT Train Epoch: 3 [1280/60000 (2%)]	Loss: 209.647232
[2022-10-20 01:08:26] PRINT Train Epoch: 3 [2560/60000 (4%)]	Loss: 206.321533
[2022-10-20 01:08:26] PRINT Train Epoch: 3 [3840/60000 (6%)]	Loss: 204.317795
[2022-10-20 01:08:26] PRINT Train Epoch: 3 [5120/60000 (9%)]	Loss: 198.567505
[2022-10-20 01:08:27] PRINT Train Epoch: 3 [6400/60000 (11%)]	Loss: 214.704590
[2022-10-20 01:08:27] PRINT Train Epoch: 3 [7680/60000 (13%)]	Loss: 208.045242
[2022-10-20 01:08:27] PRINT Train Epoch: 3 [8960/60000 (15%)]	Loss: 195.439621
[2022-10-20 01:08:27] PRINT Train Epoch: 3 [10240/60000 (17%)]	Loss: 200.044418
[2022-10-20 01:08:27] PRINT Train Epoch: 3 [11520/60000 (19%)]	Loss: 195.299911
[2022-10-20 01:08:27] PRINT Train Epoch: 3 [12800/60000 (21%)]	Loss: 201.504684
[2022-10-20 01:08:27] PRINT Train Epoch: 3 [14080/60000 (23%)]	Loss: 192.015320
[2022-10-20 01:08:27] PRINT Train Epoch: 3 [15360/60000 (26%)]	Loss: 195.908508
[2022-10-20 01:08:27] PRINT Train Epoch: 3 [16640/60000 (28%)]	Loss: 198.967545
[2022-10-20 01:08:27] PRINT Train Epoch: 3 [17920/60000 (30%)]	Loss: 183.616333
[2022-10-20 01:08:27] PRINT Train Epoch: 3 [19200/60000 (32%)]	Loss: 201.112808
[2022-10-20 01:08:28] PRINT Train Epoch: 3 [20480/60000 (34%)]	Loss: 191.803162
[2022-10-20 01:08:28] PRINT Train Epoch: 3 [21760/60000 (36%)]	Loss: 201.107224
[2022-10-20 01:08:28] PRINT Train Epoch: 3 [23040/60000 (38%)]	Loss: 199.693146
[2022-10-20 01:08:28] PRINT Train Epoch: 3 [24320/60000 (41%)]	Loss: 201.963501
[2022-10-20 01:08:28] PRINT Train Epoch: 3 [25600/60000 (43%)]	Loss: 203.318451
[2022-10-20 01:08:28] PRINT Train Epoch: 3 [26880/60000 (45%)]	Loss: 214.420990
[2022-10-20 01:08:28] PRINT Train Epoch: 3 [28160/60000 (47%)]	Loss: 201.097809
[2022-10-20 01:08:28] PRINT Train Epoch: 3 [29440/60000 (49%)]	Loss: 210.994843
[2022-10-20 01:08:28] PRINT Train Epoch: 3 [30720/60000 (51%)]	Loss: 206.380280
[2022-10-20 01:08:28] PRINT Train Epoch: 3 [32000/60000 (53%)]	Loss: 199.346924
[2022-10-20 01:08:28] PRINT Train Epoch: 3 [33280/60000 (55%)]	Loss: 197.958923
[2022-10-20 01:08:28] PRINT Train Epoch: 3 [34560/60000 (58%)]	Loss: 203.935959
[2022-10-20 01:08:29] PRINT Train Epoch: 3 [35840/60000 (60%)]	Loss: 191.609741
[2022-10-20 01:08:29] PRINT Train Epoch: 3 [37120/60000 (62%)]	Loss: 197.043289
[2022-10-20 01:08:29] PRINT Train Epoch: 3 [38400/60000 (64%)]	Loss: 198.870850
[2022-10-20 01:08:29] PRINT Train Epoch: 3 [39680/60000 (66%)]	Loss: 222.806107
[2022-10-20 01:08:29] PRINT Train Epoch: 3 [40960/60000 (68%)]	Loss: 208.729065
[2022-10-20 01:08:29] PRINT Train Epoch: 3 [42240/60000 (70%)]	Loss: 206.303772
[2022-10-20 01:08:29] PRINT Train Epoch: 3 [43520/60000 (72%)]	Loss: 204.387711
[2022-10-20 01:08:29] PRINT Train Epoch: 3 [44800/60000 (75%)]	Loss: 193.558640
[2022-10-20 01:08:29] PRINT Train Epoch: 3 [46080/60000 (77%)]	Loss: 204.059402
[2022-10-20 01:08:29] PRINT Train Epoch: 3 [47360/60000 (79%)]	Loss: 196.977295
[2022-10-20 01:08:29] PRINT Train Epoch: 3 [48640/60000 (81%)]	Loss: 196.118988
[2022-10-20 01:08:30] PRINT Train Epoch: 3 [49920/60000 (83%)]	Loss: 193.251465
[2022-10-20 01:08:30] PRINT Train Epoch: 3 [51200/60000 (85%)]	Loss: 206.588287
[2022-10-20 01:08:30] PRINT Train Epoch: 3 [52480/60000 (87%)]	Loss: 225.373611
[2022-10-20 01:08:30] PRINT Train Epoch: 3 [53760/60000 (90%)]	Loss: 201.346725
[2022-10-20 01:08:30] PRINT Train Epoch: 3 [55040/60000 (92%)]	Loss: 206.188629
[2022-10-20 01:08:30] PRINT Train Epoch: 3 [56320/60000 (94%)]	Loss: 200.990158
[2022-10-20 01:08:30] PRINT Train Epoch: 3 [57600/60000 (96%)]	Loss: 192.182388
[2022-10-20 01:08:30] PRINT Train Epoch: 3 [58880/60000 (98%)]	Loss: 189.870453
[2022-10-20 01:08:30] PRINT ====> Epoch: 3 Average loss: 200.9663
[2022-10-20 01:08:31] PRINT ====> Test set loss: 196.4333
[2022-10-20 01:08:31] PRINT Train Epoch: 4 [0/60000 (0%)]	Loss: 191.853210
[2022-10-20 01:08:31] PRINT Train Epoch: 4 [1280/60000 (2%)]	Loss: 197.299789
[2022-10-20 01:08:31] PRINT Train Epoch: 4 [2560/60000 (4%)]	Loss: 201.393768
[2022-10-20 01:08:31] PRINT Train Epoch: 4 [3840/60000 (6%)]	Loss: 199.911972
[2022-10-20 01:08:31] PRINT Train Epoch: 4 [5120/60000 (9%)]	Loss: 199.609650
[2022-10-20 01:08:31] PRINT Train Epoch: 4 [6400/60000 (11%)]	Loss: 197.679245
[2022-10-20 01:08:32] PRINT Train Epoch: 4 [7680/60000 (13%)]	Loss: 202.831421
[2022-10-20 01:08:32] PRINT Train Epoch: 4 [8960/60000 (15%)]	Loss: 184.299698
[2022-10-20 01:08:32] PRINT Train Epoch: 4 [10240/60000 (17%)]	Loss: 203.794312
[2022-10-20 01:08:32] PRINT Train Epoch: 4 [11520/60000 (19%)]	Loss: 193.139511
[2022-10-20 01:08:32] PRINT Train Epoch: 4 [12800/60000 (21%)]	Loss: 206.643784
[2022-10-20 01:08:32] PRINT Train Epoch: 4 [14080/60000 (23%)]	Loss: 192.286163
[2022-10-20 01:08:32] PRINT Train Epoch: 4 [15360/60000 (26%)]	Loss: 192.160873
[2022-10-20 01:08:32] PRINT Train Epoch: 4 [16640/60000 (28%)]	Loss: 193.178024
[2022-10-20 01:08:32] PRINT Train Epoch: 4 [17920/60000 (30%)]	Loss: 193.240219
[2022-10-20 01:08:32] PRINT Train Epoch: 4 [19200/60000 (32%)]	Loss: 195.500580
[2022-10-20 01:08:32] PRINT Train Epoch: 4 [20480/60000 (34%)]	Loss: 195.267441
[2022-10-20 01:08:32] PRINT Train Epoch: 4 [21760/60000 (36%)]	Loss: 199.200043
[2022-10-20 01:08:33] PRINT Train Epoch: 4 [23040/60000 (38%)]	Loss: 186.801910
[2022-10-20 01:08:33] PRINT Train Epoch: 4 [24320/60000 (41%)]	Loss: 204.469681
[2022-10-20 01:08:33] PRINT Train Epoch: 4 [25600/60000 (43%)]	Loss: 199.355927
[2022-10-20 01:08:33] PRINT Train Epoch: 4 [26880/60000 (45%)]	Loss: 186.838242
[2022-10-20 01:08:33] PRINT Train Epoch: 4 [28160/60000 (47%)]	Loss: 196.419144
[2022-10-20 01:08:33] PRINT Train Epoch: 4 [29440/60000 (49%)]	Loss: 197.656525
[2022-10-20 01:08:33] PRINT Train Epoch: 4 [30720/60000 (51%)]	Loss: 193.196976
[2022-10-20 01:08:33] PRINT Train Epoch: 4 [32000/60000 (53%)]	Loss: 200.936508
[2022-10-20 01:08:33] PRINT Train Epoch: 4 [33280/60000 (55%)]	Loss: 193.470551
[2022-10-20 01:08:33] PRINT Train Epoch: 4 [34560/60000 (58%)]	Loss: 189.942551
[2022-10-20 01:08:33] PRINT Train Epoch: 4 [35840/60000 (60%)]	Loss: 195.754929
[2022-10-20 01:08:34] PRINT Train Epoch: 4 [37120/60000 (62%)]	Loss: 197.915115
[2022-10-20 01:08:34] PRINT Train Epoch: 4 [38400/60000 (64%)]	Loss: 207.701462
[2022-10-20 01:08:34] PRINT Train Epoch: 4 [39680/60000 (66%)]	Loss: 200.266571
[2022-10-20 01:08:34] PRINT Train Epoch: 4 [40960/60000 (68%)]	Loss: 200.065918
[2022-10-20 01:08:34] PRINT Train Epoch: 4 [42240/60000 (70%)]	Loss: 188.797562
[2022-10-20 01:08:34] PRINT Train Epoch: 4 [43520/60000 (72%)]	Loss: 199.757507
[2022-10-20 01:08:34] PRINT Train Epoch: 4 [44800/60000 (75%)]	Loss: 193.958130
[2022-10-20 01:08:34] PRINT Train Epoch: 4 [46080/60000 (77%)]	Loss: 198.786301
[2022-10-20 01:08:34] PRINT Train Epoch: 4 [47360/60000 (79%)]	Loss: 197.348953
[2022-10-20 01:08:34] PRINT Train Epoch: 4 [48640/60000 (81%)]	Loss: 197.384445
[2022-10-20 01:08:34] PRINT Train Epoch: 4 [49920/60000 (83%)]	Loss: 199.846817
[2022-10-20 01:08:35] PRINT Train Epoch: 4 [51200/60000 (85%)]	Loss: 200.816330
[2022-10-20 01:08:35] PRINT Train Epoch: 4 [52480/60000 (87%)]	Loss: 208.577164
[2022-10-20 01:08:35] PRINT Train Epoch: 4 [53760/60000 (90%)]	Loss: 207.000229
[2022-10-20 01:08:35] PRINT Train Epoch: 4 [55040/60000 (92%)]	Loss: 209.070648
[2022-10-20 01:08:35] PRINT Train Epoch: 4 [56320/60000 (94%)]	Loss: 195.166687
[2022-10-20 01:08:35] PRINT Train Epoch: 4 [57600/60000 (96%)]	Loss: 191.495087
[2022-10-20 01:08:35] PRINT Train Epoch: 4 [58880/60000 (98%)]	Loss: 204.747101
[2022-10-20 01:08:35] PRINT ====> Epoch: 4 Average loss: 197.3359
[2022-10-20 01:08:36] PRINT ====> Test set loss: 202.5896
[2022-10-20 01:08:36] PRINT Train Epoch: 5 [0/60000 (0%)]	Loss: 195.144669
[2022-10-20 01:08:36] PRINT Train Epoch: 5 [1280/60000 (2%)]	Loss: 204.919418
[2022-10-20 01:08:36] PRINT Train Epoch: 5 [2560/60000 (4%)]	Loss: 195.741379
[2022-10-20 01:08:36] PRINT Train Epoch: 5 [3840/60000 (6%)]	Loss: 198.450165
[2022-10-20 01:08:36] PRINT Train Epoch: 5 [5120/60000 (9%)]	Loss: 197.776184
[2022-10-20 01:08:36] PRINT Train Epoch: 5 [6400/60000 (11%)]	Loss: 193.073547
[2022-10-20 01:08:36] PRINT Train Epoch: 5 [7680/60000 (13%)]	Loss: 195.147171
[2022-10-20 01:08:37] PRINT Train Epoch: 5 [8960/60000 (15%)]	Loss: 196.568909
[2022-10-20 01:08:37] PRINT Train Epoch: 5 [10240/60000 (17%)]	Loss: 193.579193
[2022-10-20 01:08:37] PRINT Train Epoch: 5 [11520/60000 (19%)]	Loss: 189.927094
[2022-10-20 01:08:37] PRINT Train Epoch: 5 [12800/60000 (21%)]	Loss: 186.614960
[2022-10-20 01:08:37] PRINT Train Epoch: 5 [14080/60000 (23%)]	Loss: 201.003494
[2022-10-20 01:08:37] PRINT Train Epoch: 5 [15360/60000 (26%)]	Loss: 196.792877
[2022-10-20 01:08:37] PRINT Train Epoch: 5 [16640/60000 (28%)]	Loss: 195.535202
[2022-10-20 01:08:37] PRINT Train Epoch: 5 [17920/60000 (30%)]	Loss: 194.007919
[2022-10-20 01:08:37] PRINT Train Epoch: 5 [19200/60000 (32%)]	Loss: 200.777130
[2022-10-20 01:08:37] PRINT Train Epoch: 5 [20480/60000 (34%)]	Loss: 199.564117
[2022-10-20 01:08:37] PRINT Train Epoch: 5 [21760/60000 (36%)]	Loss: 200.077194
[2022-10-20 01:08:38] PRINT Train Epoch: 5 [23040/60000 (38%)]	Loss: 203.538651
[2022-10-20 01:08:38] PRINT Train Epoch: 5 [24320/60000 (41%)]	Loss: 212.821716
[2022-10-20 01:08:38] PRINT Train Epoch: 5 [25600/60000 (43%)]	Loss: 199.984375
[2022-10-20 01:08:38] PRINT Train Epoch: 5 [26880/60000 (45%)]	Loss: 201.504547
[2022-10-20 01:08:38] PRINT Train Epoch: 5 [28160/60000 (47%)]	Loss: 197.032684
[2022-10-20 01:08:38] PRINT Train Epoch: 5 [29440/60000 (49%)]	Loss: 192.953873
[2022-10-20 01:08:38] PRINT Train Epoch: 5 [30720/60000 (51%)]	Loss: 195.075989
[2022-10-20 01:08:38] PRINT Train Epoch: 5 [32000/60000 (53%)]	Loss: 201.596115
[2022-10-20 01:08:38] PRINT Train Epoch: 5 [33280/60000 (55%)]	Loss: 203.512848
[2022-10-20 01:08:38] PRINT Train Epoch: 5 [34560/60000 (58%)]	Loss: 191.935745
[2022-10-20 01:08:38] PRINT Train Epoch: 5 [35840/60000 (60%)]	Loss: 195.029144
[2022-10-20 01:08:39] PRINT Train Epoch: 5 [37120/60000 (62%)]	Loss: 190.466370
[2022-10-20 01:08:39] PRINT Train Epoch: 5 [38400/60000 (64%)]	Loss: 196.230484
[2022-10-20 01:08:39] PRINT Train Epoch: 5 [39680/60000 (66%)]	Loss: 188.598373
[2022-10-20 01:08:39] PRINT Train Epoch: 5 [40960/60000 (68%)]	Loss: 200.436157
[2022-10-20 01:08:39] PRINT Train Epoch: 5 [42240/60000 (70%)]	Loss: 194.455887
[2022-10-20 01:08:39] PRINT Train Epoch: 5 [43520/60000 (72%)]	Loss: 189.896133
[2022-10-20 01:08:39] PRINT Train Epoch: 5 [44800/60000 (75%)]	Loss: 198.880188
[2022-10-20 01:08:39] PRINT Train Epoch: 5 [46080/60000 (77%)]	Loss: 189.267563
[2022-10-20 01:08:39] PRINT Train Epoch: 5 [47360/60000 (79%)]	Loss: 191.610947
[2022-10-20 01:08:39] PRINT Train Epoch: 5 [48640/60000 (81%)]	Loss: 193.954102
[2022-10-20 01:08:39] PRINT Train Epoch: 5 [49920/60000 (83%)]	Loss: 200.518494
[2022-10-20 01:08:40] PRINT Train Epoch: 5 [51200/60000 (85%)]	Loss: 190.284744
[2022-10-20 01:08:40] PRINT Train Epoch: 5 [52480/60000 (87%)]	Loss: 194.108459
[2022-10-20 01:08:40] PRINT Train Epoch: 5 [53760/60000 (90%)]	Loss: 193.013535
[2022-10-20 01:08:40] PRINT Train Epoch: 5 [55040/60000 (92%)]	Loss: 202.497955
[2022-10-20 01:08:40] PRINT Train Epoch: 5 [56320/60000 (94%)]	Loss: 191.820343
[2022-10-20 01:08:40] PRINT Train Epoch: 5 [57600/60000 (96%)]	Loss: 190.639267
[2022-10-20 01:08:40] PRINT Train Epoch: 5 [58880/60000 (98%)]	Loss: 204.868484
[2022-10-20 01:08:40] PRINT ====> Epoch: 5 Average loss: 196.2729
[2022-10-20 01:08:41] PRINT ====> Test set loss: 195.0207
[2022-10-20 01:08:41] PRINT Train Epoch: 6 [0/60000 (0%)]	Loss: 194.019608
[2022-10-20 01:08:41] PRINT Train Epoch: 6 [1280/60000 (2%)]	Loss: 191.526031
[2022-10-20 01:08:41] PRINT Train Epoch: 6 [2560/60000 (4%)]	Loss: 196.100342
[2022-10-20 01:08:41] PRINT Train Epoch: 6 [3840/60000 (6%)]	Loss: 194.123489
[2022-10-20 01:08:41] PRINT Train Epoch: 6 [5120/60000 (9%)]	Loss: 201.336884
[2022-10-20 01:08:41] PRINT Train Epoch: 6 [6400/60000 (11%)]	Loss: 194.915176
[2022-10-20 01:08:42] PRINT Train Epoch: 6 [7680/60000 (13%)]	Loss: 198.399139
[2022-10-20 01:08:42] PRINT Train Epoch: 6 [8960/60000 (15%)]	Loss: 191.726654
[2022-10-20 01:08:42] PRINT Train Epoch: 6 [10240/60000 (17%)]	Loss: 193.415817
[2022-10-20 01:08:42] PRINT Train Epoch: 6 [11520/60000 (19%)]	Loss: 187.154282
[2022-10-20 01:08:42] PRINT Train Epoch: 6 [12800/60000 (21%)]	Loss: 190.841736
[2022-10-20 01:08:42] PRINT Train Epoch: 6 [14080/60000 (23%)]	Loss: 186.278732
[2022-10-20 01:08:42] PRINT Train Epoch: 6 [15360/60000 (26%)]	Loss: 197.077225
[2022-10-20 01:08:42] PRINT Train Epoch: 6 [16640/60000 (28%)]	Loss: 196.297256
[2022-10-20 01:08:42] PRINT Train Epoch: 6 [17920/60000 (30%)]	Loss: 216.570694
[2022-10-20 01:08:42] PRINT Train Epoch: 6 [19200/60000 (32%)]	Loss: 207.431778
[2022-10-20 01:08:42] PRINT Train Epoch: 6 [20480/60000 (34%)]	Loss: 204.304733
[2022-10-20 01:08:43] PRINT Train Epoch: 6 [21760/60000 (36%)]	Loss: 202.445496
[2022-10-20 01:08:43] PRINT Train Epoch: 6 [23040/60000 (38%)]	Loss: 196.289276
[2022-10-20 01:08:43] PRINT Train Epoch: 6 [24320/60000 (41%)]	Loss: 192.844849
[2022-10-20 01:08:43] PRINT Train Epoch: 6 [25600/60000 (43%)]	Loss: 192.154877
[2022-10-20 01:08:43] PRINT Train Epoch: 6 [26880/60000 (45%)]	Loss: 196.477417
[2022-10-20 01:08:43] PRINT Train Epoch: 6 [28160/60000 (47%)]	Loss: 201.989182
[2022-10-20 01:08:43] PRINT Train Epoch: 6 [29440/60000 (49%)]	Loss: 204.633987
[2022-10-20 01:08:43] PRINT Train Epoch: 6 [30720/60000 (51%)]	Loss: 196.851379
[2022-10-20 01:08:43] PRINT Train Epoch: 6 [32000/60000 (53%)]	Loss: 192.458267
[2022-10-20 01:08:43] PRINT Train Epoch: 6 [33280/60000 (55%)]	Loss: 190.370728
[2022-10-20 01:08:43] PRINT Train Epoch: 6 [34560/60000 (58%)]	Loss: 189.288544
[2022-10-20 01:08:44] PRINT Train Epoch: 6 [35840/60000 (60%)]	Loss: 185.280334
[2022-10-20 01:08:44] PRINT Train Epoch: 6 [37120/60000 (62%)]	Loss: 193.506775
[2022-10-20 01:08:44] PRINT Train Epoch: 6 [38400/60000 (64%)]	Loss: 196.869339
[2022-10-20 01:08:44] PRINT Train Epoch: 6 [39680/60000 (66%)]	Loss: 198.005295
[2022-10-20 01:08:44] PRINT Train Epoch: 6 [40960/60000 (68%)]	Loss: 202.583115
[2022-10-20 01:08:44] PRINT Train Epoch: 6 [42240/60000 (70%)]	Loss: 196.627808
[2022-10-20 01:08:44] PRINT Train Epoch: 6 [43520/60000 (72%)]	Loss: 191.133835
[2022-10-20 01:08:44] PRINT Train Epoch: 6 [44800/60000 (75%)]	Loss: 195.068542
[2022-10-20 01:08:44] PRINT Train Epoch: 6 [46080/60000 (77%)]	Loss: 191.882629
[2022-10-20 01:08:44] PRINT Train Epoch: 6 [47360/60000 (79%)]	Loss: 204.140701
[2022-10-20 01:08:44] PRINT Train Epoch: 6 [48640/60000 (81%)]	Loss: 196.294342
[2022-10-20 01:08:45] PRINT Train Epoch: 6 [49920/60000 (83%)]	Loss: 195.392776
[2022-10-20 01:08:45] PRINT Train Epoch: 6 [51200/60000 (85%)]	Loss: 192.770218
[2022-10-20 01:08:45] PRINT Train Epoch: 6 [52480/60000 (87%)]	Loss: 192.491196
[2022-10-20 01:08:45] PRINT Train Epoch: 6 [53760/60000 (90%)]	Loss: 193.353958
[2022-10-20 01:08:45] PRINT Train Epoch: 6 [55040/60000 (92%)]	Loss: 194.883636
[2022-10-20 01:08:45] PRINT Train Epoch: 6 [56320/60000 (94%)]	Loss: 191.832291
[2022-10-20 01:08:45] PRINT Train Epoch: 6 [57600/60000 (96%)]	Loss: 212.740799
[2022-10-20 01:08:45] PRINT Train Epoch: 6 [58880/60000 (98%)]	Loss: 215.188660
[2022-10-20 01:08:45] PRINT ====> Epoch: 6 Average loss: 197.0496
[2022-10-20 01:08:46] PRINT ====> Test set loss: 205.2890
[2022-10-20 01:08:46] PRINT Train Epoch: 7 [0/60000 (0%)]	Loss: 204.340469
[2022-10-20 01:08:46] PRINT Train Epoch: 7 [1280/60000 (2%)]	Loss: 210.058487
[2022-10-20 01:08:46] PRINT Train Epoch: 7 [2560/60000 (4%)]	Loss: 203.753113
[2022-10-20 01:08:46] PRINT Train Epoch: 7 [3840/60000 (6%)]	Loss: 204.041092
[2022-10-20 01:08:46] PRINT Train Epoch: 7 [5120/60000 (9%)]	Loss: 195.988724
[2022-10-20 01:08:46] PRINT Train Epoch: 7 [6400/60000 (11%)]	Loss: 211.103867
[2022-10-20 01:08:47] PRINT Train Epoch: 7 [7680/60000 (13%)]	Loss: 198.840393
[2022-10-20 01:08:47] PRINT Train Epoch: 7 [8960/60000 (15%)]	Loss: 195.254028
[2022-10-20 01:08:47] PRINT Train Epoch: 7 [10240/60000 (17%)]	Loss: 197.799377
[2022-10-20 01:08:47] PRINT Train Epoch: 7 [11520/60000 (19%)]	Loss: 196.050247
[2022-10-20 01:08:47] PRINT Train Epoch: 7 [12800/60000 (21%)]	Loss: 194.767090
[2022-10-20 01:08:47] PRINT Train Epoch: 7 [14080/60000 (23%)]	Loss: 195.981415
[2022-10-20 01:08:47] PRINT Train Epoch: 7 [15360/60000 (26%)]	Loss: 200.282806
[2022-10-20 01:08:47] PRINT Train Epoch: 7 [16640/60000 (28%)]	Loss: 193.392593
[2022-10-20 01:08:47] PRINT Train Epoch: 7 [17920/60000 (30%)]	Loss: 191.172745
[2022-10-20 01:08:47] PRINT Train Epoch: 7 [19200/60000 (32%)]	Loss: 200.091263
[2022-10-20 01:08:47] PRINT Train Epoch: 7 [20480/60000 (34%)]	Loss: 196.836273
[2022-10-20 01:08:48] PRINT Train Epoch: 7 [21760/60000 (36%)]	Loss: 199.958878
[2022-10-20 01:08:48] PRINT Train Epoch: 7 [23040/60000 (38%)]	Loss: 188.680466
[2022-10-20 01:08:48] PRINT Train Epoch: 7 [24320/60000 (41%)]	Loss: 196.345566
[2022-10-20 01:08:48] PRINT Train Epoch: 7 [25600/60000 (43%)]	Loss: 201.522186
[2022-10-20 01:08:48] PRINT Train Epoch: 7 [26880/60000 (45%)]	Loss: 195.702011
[2022-10-20 01:08:48] PRINT Train Epoch: 7 [28160/60000 (47%)]	Loss: 195.763031
[2022-10-20 01:08:48] PRINT Train Epoch: 7 [29440/60000 (49%)]	Loss: 192.777420
[2022-10-20 01:08:48] PRINT Train Epoch: 7 [30720/60000 (51%)]	Loss: 195.685959
[2022-10-20 01:08:48] PRINT Train Epoch: 7 [32000/60000 (53%)]	Loss: 196.439804
[2022-10-20 01:08:48] PRINT Train Epoch: 7 [33280/60000 (55%)]	Loss: 193.778748
[2022-10-20 01:08:48] PRINT Train Epoch: 7 [34560/60000 (58%)]	Loss: 202.815277
[2022-10-20 01:08:49] PRINT Train Epoch: 7 [35840/60000 (60%)]	Loss: 205.221390
[2022-10-20 01:08:49] PRINT Train Epoch: 7 [37120/60000 (62%)]	Loss: 197.853958
[2022-10-20 01:08:49] PRINT Train Epoch: 7 [38400/60000 (64%)]	Loss: 198.496292
[2022-10-20 01:08:49] PRINT Train Epoch: 7 [39680/60000 (66%)]	Loss: 197.607819
[2022-10-20 01:08:49] PRINT Train Epoch: 7 [40960/60000 (68%)]	Loss: 201.787674
[2022-10-20 01:08:49] PRINT Train Epoch: 7 [42240/60000 (70%)]	Loss: 201.317154
[2022-10-20 01:08:49] PRINT Train Epoch: 7 [43520/60000 (72%)]	Loss: 199.342194
[2022-10-20 01:08:49] PRINT Train Epoch: 7 [44800/60000 (75%)]	Loss: 191.937363
[2022-10-20 01:08:49] PRINT Train Epoch: 7 [46080/60000 (77%)]	Loss: 193.769272
[2022-10-20 01:08:49] PRINT Train Epoch: 7 [47360/60000 (79%)]	Loss: 192.523544
[2022-10-20 01:08:49] PRINT Train Epoch: 7 [48640/60000 (81%)]	Loss: 200.861465
[2022-10-20 01:08:49] PRINT Train Epoch: 7 [49920/60000 (83%)]	Loss: 201.054657
[2022-10-20 01:08:50] PRINT Train Epoch: 7 [51200/60000 (85%)]	Loss: 199.631882
[2022-10-20 01:08:50] PRINT Train Epoch: 7 [52480/60000 (87%)]	Loss: 203.147110
[2022-10-20 01:08:50] PRINT Train Epoch: 7 [53760/60000 (90%)]	Loss: 190.755234
[2022-10-20 01:08:50] PRINT Train Epoch: 7 [55040/60000 (92%)]	Loss: 192.660843
[2022-10-20 01:08:50] PRINT Train Epoch: 7 [56320/60000 (94%)]	Loss: 197.013290
[2022-10-20 01:08:50] PRINT Train Epoch: 7 [57600/60000 (96%)]	Loss: 196.875549
[2022-10-20 01:08:50] PRINT Train Epoch: 7 [58880/60000 (98%)]	Loss: 187.946259
[2022-10-20 01:08:50] PRINT ====> Epoch: 7 Average loss: 198.0343
[2022-10-20 01:08:51] PRINT ====> Test set loss: 195.7479
[2022-10-20 01:08:51] PRINT Train Epoch: 8 [0/60000 (0%)]	Loss: 195.802322
[2022-10-20 01:08:51] PRINT Train Epoch: 8 [1280/60000 (2%)]	Loss: 193.727493
[2022-10-20 01:08:51] PRINT Train Epoch: 8 [2560/60000 (4%)]	Loss: 199.691101
[2022-10-20 01:08:51] PRINT Train Epoch: 8 [3840/60000 (6%)]	Loss: 199.076202
[2022-10-20 01:08:51] PRINT Train Epoch: 8 [5120/60000 (9%)]	Loss: 202.524277
[2022-10-20 01:08:51] PRINT Train Epoch: 8 [6400/60000 (11%)]	Loss: 203.939407
[2022-10-20 01:08:51] PRINT Train Epoch: 8 [7680/60000 (13%)]	Loss: 200.895370
[2022-10-20 01:08:52] PRINT Train Epoch: 8 [8960/60000 (15%)]	Loss: 205.543167
[2022-10-20 01:08:52] PRINT Train Epoch: 8 [10240/60000 (17%)]	Loss: 186.814987
[2022-10-20 01:08:52] PRINT Train Epoch: 8 [11520/60000 (19%)]	Loss: 194.854126
[2022-10-20 01:08:52] PRINT Train Epoch: 8 [12800/60000 (21%)]	Loss: 193.908600
[2022-10-20 01:08:52] PRINT Train Epoch: 8 [14080/60000 (23%)]	Loss: 197.360443
[2022-10-20 01:08:52] PRINT Train Epoch: 8 [15360/60000 (26%)]	Loss: 193.956467
[2022-10-20 01:08:52] PRINT Train Epoch: 8 [16640/60000 (28%)]	Loss: 194.451202
[2022-10-20 01:08:52] PRINT Train Epoch: 8 [17920/60000 (30%)]	Loss: 200.498566
[2022-10-20 01:08:52] PRINT Train Epoch: 8 [19200/60000 (32%)]	Loss: 198.380692
[2022-10-20 01:08:52] PRINT Train Epoch: 8 [20480/60000 (34%)]	Loss: 191.859833
[2022-10-20 01:08:52] PRINT Train Epoch: 8 [21760/60000 (36%)]	Loss: 198.341675
[2022-10-20 01:08:53] PRINT Train Epoch: 8 [23040/60000 (38%)]	Loss: 190.590195
[2022-10-20 01:08:53] PRINT Train Epoch: 8 [24320/60000 (41%)]	Loss: 196.189590
[2022-10-20 01:08:53] PRINT Train Epoch: 8 [25600/60000 (43%)]	Loss: 210.492416
[2022-10-20 01:08:53] PRINT Train Epoch: 8 [26880/60000 (45%)]	Loss: 199.921097
[2022-10-20 01:08:53] PRINT Train Epoch: 8 [28160/60000 (47%)]	Loss: 190.967896
[2022-10-20 01:08:53] PRINT Train Epoch: 8 [29440/60000 (49%)]	Loss: 205.753922
[2022-10-20 01:08:53] PRINT Train Epoch: 8 [30720/60000 (51%)]	Loss: 195.655151
[2022-10-20 01:08:53] PRINT Train Epoch: 8 [32000/60000 (53%)]	Loss: 192.463394
[2022-10-20 01:08:53] PRINT Train Epoch: 8 [33280/60000 (55%)]	Loss: 186.062729
[2022-10-20 01:08:53] PRINT Train Epoch: 8 [34560/60000 (58%)]	Loss: 196.496445
[2022-10-20 01:08:53] PRINT Train Epoch: 8 [35840/60000 (60%)]	Loss: 197.366028
[2022-10-20 01:08:54] PRINT Train Epoch: 8 [37120/60000 (62%)]	Loss: 194.350601
[2022-10-20 01:08:54] PRINT Train Epoch: 8 [38400/60000 (64%)]	Loss: 192.073349
[2022-10-20 01:08:54] PRINT Train Epoch: 8 [39680/60000 (66%)]	Loss: 198.933578
[2022-10-20 01:08:54] PRINT Train Epoch: 8 [40960/60000 (68%)]	Loss: 209.833969
[2022-10-20 01:08:54] PRINT Train Epoch: 8 [42240/60000 (70%)]	Loss: 205.157776
[2022-10-20 01:08:54] PRINT Train Epoch: 8 [43520/60000 (72%)]	Loss: 199.031281
[2022-10-20 01:08:54] PRINT Train Epoch: 8 [44800/60000 (75%)]	Loss: 203.886795
[2022-10-20 01:08:54] PRINT Train Epoch: 8 [46080/60000 (77%)]	Loss: 202.105301
[2022-10-20 01:08:54] PRINT Train Epoch: 8 [47360/60000 (79%)]	Loss: 203.647430
[2022-10-20 01:08:54] PRINT Train Epoch: 8 [48640/60000 (81%)]	Loss: 197.182037
[2022-10-20 01:08:54] PRINT Train Epoch: 8 [49920/60000 (83%)]	Loss: 199.918076
[2022-10-20 01:08:55] PRINT Train Epoch: 8 [51200/60000 (85%)]	Loss: 188.659988
[2022-10-20 01:08:55] PRINT Train Epoch: 8 [52480/60000 (87%)]	Loss: 190.183197
[2022-10-20 01:08:55] PRINT Train Epoch: 8 [53760/60000 (90%)]	Loss: 194.955521
[2022-10-20 01:08:55] PRINT Train Epoch: 8 [55040/60000 (92%)]	Loss: 199.276215
[2022-10-20 01:08:55] PRINT Train Epoch: 8 [56320/60000 (94%)]	Loss: 198.615967
[2022-10-20 01:08:55] PRINT Train Epoch: 8 [57600/60000 (96%)]	Loss: 192.085358
[2022-10-20 01:08:55] PRINT Train Epoch: 8 [58880/60000 (98%)]	Loss: 192.823029
[2022-10-20 01:08:55] PRINT ====> Epoch: 8 Average loss: 197.5959
[2022-10-20 01:08:56] PRINT ====> Test set loss: 193.5517
[2022-10-20 01:08:56] PRINT Train Epoch: 9 [0/60000 (0%)]	Loss: 188.289185
[2022-10-20 01:08:56] PRINT Train Epoch: 9 [1280/60000 (2%)]	Loss: 197.887833
[2022-10-20 01:08:56] PRINT Train Epoch: 9 [2560/60000 (4%)]	Loss: 193.833145
[2022-10-20 01:08:56] PRINT Train Epoch: 9 [3840/60000 (6%)]	Loss: 197.905151
[2022-10-20 01:08:56] PRINT Train Epoch: 9 [5120/60000 (9%)]	Loss: 193.742935
[2022-10-20 01:08:56] PRINT Train Epoch: 9 [6400/60000 (11%)]	Loss: 193.754211
[2022-10-20 01:08:56] PRINT Train Epoch: 9 [7680/60000 (13%)]	Loss: 202.753723
[2022-10-20 01:08:57] PRINT Train Epoch: 9 [8960/60000 (15%)]	Loss: 195.480301
[2022-10-20 01:08:57] PRINT Train Epoch: 9 [10240/60000 (17%)]	Loss: 203.050018
[2022-10-20 01:08:57] PRINT Train Epoch: 9 [11520/60000 (19%)]	Loss: 198.040588
[2022-10-20 01:08:57] PRINT Train Epoch: 9 [12800/60000 (21%)]	Loss: 194.260849
[2022-10-20 01:08:57] PRINT Train Epoch: 9 [14080/60000 (23%)]	Loss: 194.700653
[2022-10-20 01:08:57] PRINT Train Epoch: 9 [15360/60000 (26%)]	Loss: 195.755646
[2022-10-20 01:08:57] PRINT Train Epoch: 9 [16640/60000 (28%)]	Loss: 196.161667
[2022-10-20 01:08:57] PRINT Train Epoch: 9 [17920/60000 (30%)]	Loss: 204.262177
[2022-10-20 01:08:57] PRINT Train Epoch: 9 [19200/60000 (32%)]	Loss: 198.945831
[2022-10-20 01:08:57] PRINT Train Epoch: 9 [20480/60000 (34%)]	Loss: 194.341202
[2022-10-20 01:08:57] PRINT Train Epoch: 9 [21760/60000 (36%)]	Loss: 204.944351
[2022-10-20 01:08:58] PRINT Train Epoch: 9 [23040/60000 (38%)]	Loss: 190.643234
[2022-10-20 01:08:58] PRINT Train Epoch: 9 [24320/60000 (41%)]	Loss: 198.271194
[2022-10-20 01:08:58] PRINT Train Epoch: 9 [25600/60000 (43%)]	Loss: 206.248199
[2022-10-20 01:08:58] PRINT Train Epoch: 9 [26880/60000 (45%)]	Loss: 193.441086
[2022-10-20 01:08:58] PRINT Train Epoch: 9 [28160/60000 (47%)]	Loss: 197.288544
[2022-10-20 01:08:58] PRINT Train Epoch: 9 [29440/60000 (49%)]	Loss: 194.284546
[2022-10-20 01:08:58] PRINT Train Epoch: 9 [30720/60000 (51%)]	Loss: 198.195190
[2022-10-20 01:08:58] PRINT Train Epoch: 9 [32000/60000 (53%)]	Loss: 201.754364
[2022-10-20 01:08:58] PRINT Train Epoch: 9 [33280/60000 (55%)]	Loss: 198.061478
[2022-10-20 01:08:58] PRINT Train Epoch: 9 [34560/60000 (58%)]	Loss: 205.326263
[2022-10-20 01:08:58] PRINT Train Epoch: 9 [35840/60000 (60%)]	Loss: 224.710556
[2022-10-20 01:08:58] PRINT Train Epoch: 9 [37120/60000 (62%)]	Loss: 213.623718
[2022-10-20 01:08:59] PRINT Train Epoch: 9 [38400/60000 (64%)]	Loss: 209.474533
[2022-10-20 01:08:59] PRINT Train Epoch: 9 [39680/60000 (66%)]	Loss: 211.781891
[2022-10-20 01:08:59] PRINT Train Epoch: 9 [40960/60000 (68%)]	Loss: 208.700943
[2022-10-20 01:08:59] PRINT Train Epoch: 9 [42240/60000 (70%)]	Loss: 202.169128
[2022-10-20 01:08:59] PRINT Train Epoch: 9 [43520/60000 (72%)]	Loss: 214.066910
[2022-10-20 01:08:59] PRINT Train Epoch: 9 [44800/60000 (75%)]	Loss: 201.715805
[2022-10-20 01:08:59] PRINT Train Epoch: 9 [46080/60000 (77%)]	Loss: 199.620163
[2022-10-20 01:08:59] PRINT Train Epoch: 9 [47360/60000 (79%)]	Loss: 205.002716
[2022-10-20 01:08:59] PRINT Train Epoch: 9 [48640/60000 (81%)]	Loss: 201.965485
[2022-10-20 01:08:59] PRINT Train Epoch: 9 [49920/60000 (83%)]	Loss: 203.581528
[2022-10-20 01:08:59] PRINT Train Epoch: 9 [51200/60000 (85%)]	Loss: 198.207794
[2022-10-20 01:09:00] PRINT Train Epoch: 9 [52480/60000 (87%)]	Loss: 190.741699
[2022-10-20 01:09:00] PRINT Train Epoch: 9 [53760/60000 (90%)]	Loss: 198.579407
[2022-10-20 01:09:00] PRINT Train Epoch: 9 [55040/60000 (92%)]	Loss: 202.716354
[2022-10-20 01:09:00] PRINT Train Epoch: 9 [56320/60000 (94%)]	Loss: 205.814590
[2022-10-20 01:09:00] PRINT Train Epoch: 9 [57600/60000 (96%)]	Loss: 205.757751
[2022-10-20 01:09:00] PRINT Train Epoch: 9 [58880/60000 (98%)]	Loss: 213.671661
[2022-10-20 01:09:00] PRINT ====> Epoch: 9 Average loss: 200.8728
[2022-10-20 01:09:01] PRINT ====> Test set loss: 213.7232
[2022-10-20 01:09:01] PRINT Train Epoch: 10 [0/60000 (0%)]	Loss: 212.823059
[2022-10-20 01:09:01] PRINT Train Epoch: 10 [1280/60000 (2%)]	Loss: 216.470505
[2022-10-20 01:09:01] PRINT Train Epoch: 10 [2560/60000 (4%)]	Loss: 216.100983
[2022-10-20 01:09:01] PRINT Train Epoch: 10 [3840/60000 (6%)]	Loss: 190.227692
[2022-10-20 01:09:01] PRINT Train Epoch: 10 [5120/60000 (9%)]	Loss: 206.572266
[2022-10-20 01:09:01] PRINT Train Epoch: 10 [6400/60000 (11%)]	Loss: 199.085739
[2022-10-20 01:09:01] PRINT Train Epoch: 10 [7680/60000 (13%)]	Loss: 208.157333
[2022-10-20 01:09:01] PRINT Train Epoch: 10 [8960/60000 (15%)]	Loss: 197.635376
[2022-10-20 01:09:02] PRINT Train Epoch: 10 [10240/60000 (17%)]	Loss: 198.493073
[2022-10-20 01:09:02] PRINT Train Epoch: 10 [11520/60000 (19%)]	Loss: 202.042770
[2022-10-20 01:09:02] PRINT Train Epoch: 10 [12800/60000 (21%)]	Loss: 196.057083
[2022-10-20 01:09:02] PRINT Train Epoch: 10 [14080/60000 (23%)]	Loss: 203.547607
[2022-10-20 01:09:02] PRINT Train Epoch: 10 [15360/60000 (26%)]	Loss: 199.485092
[2022-10-20 01:09:02] PRINT Train Epoch: 10 [16640/60000 (28%)]	Loss: 204.952072
[2022-10-20 01:09:02] PRINT Train Epoch: 10 [17920/60000 (30%)]	Loss: 197.858551
[2022-10-20 01:09:02] PRINT Train Epoch: 10 [19200/60000 (32%)]	Loss: 210.349014
[2022-10-20 01:09:02] PRINT Train Epoch: 10 [20480/60000 (34%)]	Loss: 207.688187
[2022-10-20 01:09:02] PRINT Train Epoch: 10 [21760/60000 (36%)]	Loss: 199.457687
[2022-10-20 01:09:02] PRINT Train Epoch: 10 [23040/60000 (38%)]	Loss: 196.527145
[2022-10-20 01:09:02] PRINT Train Epoch: 10 [24320/60000 (41%)]	Loss: 192.936920
[2022-10-20 01:09:03] PRINT Train Epoch: 10 [25600/60000 (43%)]	Loss: 204.730255
[2022-10-20 01:09:03] PRINT Train Epoch: 10 [26880/60000 (45%)]	Loss: 197.324982
[2022-10-20 01:09:03] PRINT Train Epoch: 10 [28160/60000 (47%)]	Loss: 199.145248
[2022-10-20 01:09:03] PRINT Train Epoch: 10 [29440/60000 (49%)]	Loss: 195.776367
[2022-10-20 01:09:03] PRINT Train Epoch: 10 [30720/60000 (51%)]	Loss: 196.186554
[2022-10-20 01:09:03] PRINT Train Epoch: 10 [32000/60000 (53%)]	Loss: 196.606781
[2022-10-20 01:09:03] PRINT Train Epoch: 10 [33280/60000 (55%)]	Loss: 196.851944
[2022-10-20 01:09:03] PRINT Train Epoch: 10 [34560/60000 (58%)]	Loss: 203.705688
[2022-10-20 01:09:03] PRINT Train Epoch: 10 [35840/60000 (60%)]	Loss: 206.007843
[2022-10-20 01:09:03] PRINT Train Epoch: 10 [37120/60000 (62%)]	Loss: 193.465027
[2022-10-20 01:09:03] PRINT Train Epoch: 10 [38400/60000 (64%)]	Loss: 199.517700
[2022-10-20 01:09:04] PRINT Train Epoch: 10 [39680/60000 (66%)]	Loss: 203.746841
[2022-10-20 01:09:04] PRINT Train Epoch: 10 [40960/60000 (68%)]	Loss: 197.806046
[2022-10-20 01:09:04] PRINT Train Epoch: 10 [42240/60000 (70%)]	Loss: 199.787659
[2022-10-20 01:09:04] PRINT Train Epoch: 10 [43520/60000 (72%)]	Loss: 196.085602
[2022-10-20 01:09:04] PRINT Train Epoch: 10 [44800/60000 (75%)]	Loss: 188.250015
[2022-10-20 01:09:04] PRINT Train Epoch: 10 [46080/60000 (77%)]	Loss: 195.478668
[2022-10-20 01:09:04] PRINT Train Epoch: 10 [47360/60000 (79%)]	Loss: 196.998337
[2022-10-20 01:09:04] PRINT Train Epoch: 10 [48640/60000 (81%)]	Loss: 199.622330
[2022-10-20 01:09:04] PRINT Train Epoch: 10 [49920/60000 (83%)]	Loss: 200.358582
[2022-10-20 01:09:04] PRINT Train Epoch: 10 [51200/60000 (85%)]	Loss: 197.839630
[2022-10-20 01:09:04] PRINT Train Epoch: 10 [52480/60000 (87%)]	Loss: 203.639359
[2022-10-20 01:09:04] PRINT Train Epoch: 10 [53760/60000 (90%)]	Loss: 194.879135
[2022-10-20 01:09:05] PRINT Train Epoch: 10 [55040/60000 (92%)]	Loss: 196.625763
[2022-10-20 01:09:05] PRINT Train Epoch: 10 [56320/60000 (94%)]	Loss: 206.818100
[2022-10-20 01:09:05] PRINT Train Epoch: 10 [57600/60000 (96%)]	Loss: 203.418854
[2022-10-20 01:09:05] PRINT Train Epoch: 10 [58880/60000 (98%)]	Loss: 205.072571
[2022-10-20 01:09:05] PRINT ====> Epoch: 10 Average loss: 200.5305
[2022-10-20 01:09:06] PRINT ====> Test set loss: 206.0292
