[2022-10-20 01:30:14] PRINT {'features1': 500, 'features2': 40, 'lr': 0.0007148586062453097, 'epsilon': 1e-06}
[2022-10-20 01:30:15] PRINT Using cuda device
[2022-10-20 01:30:16] PRINT Train Epoch: 1 [0/60000 (0%)]	Loss: 548.662415
[2022-10-20 01:30:16] PRINT Train Epoch: 1 [1280/60000 (2%)]	Loss: 309.376984
[2022-10-20 01:30:16] PRINT Train Epoch: 1 [2560/60000 (4%)]	Loss: 238.433365
[2022-10-20 01:30:16] PRINT Train Epoch: 1 [3840/60000 (6%)]	Loss: 219.352890
[2022-10-20 01:30:16] PRINT Train Epoch: 1 [5120/60000 (9%)]	Loss: 217.785934
[2022-10-20 01:30:16] PRINT Train Epoch: 1 [6400/60000 (11%)]	Loss: 219.301834
[2022-10-20 01:30:17] PRINT Train Epoch: 1 [7680/60000 (13%)]	Loss: 207.645981
[2022-10-20 01:30:17] PRINT Train Epoch: 1 [8960/60000 (15%)]	Loss: 201.817657
[2022-10-20 01:30:17] PRINT Train Epoch: 1 [10240/60000 (17%)]	Loss: 193.037048
[2022-10-20 01:30:17] PRINT Train Epoch: 1 [11520/60000 (19%)]	Loss: 187.507233
[2022-10-20 01:30:17] PRINT Train Epoch: 1 [12800/60000 (21%)]	Loss: 195.959442
[2022-10-20 01:30:17] PRINT Train Epoch: 1 [14080/60000 (23%)]	Loss: 182.853867
[2022-10-20 01:30:17] PRINT Train Epoch: 1 [15360/60000 (26%)]	Loss: 178.578842
[2022-10-20 01:30:17] PRINT Train Epoch: 1 [16640/60000 (28%)]	Loss: 172.454742
[2022-10-20 01:30:17] PRINT Train Epoch: 1 [17920/60000 (30%)]	Loss: 171.844223
[2022-10-20 01:30:17] PRINT Train Epoch: 1 [19200/60000 (32%)]	Loss: 169.331635
[2022-10-20 01:30:17] PRINT Train Epoch: 1 [20480/60000 (34%)]	Loss: 163.589066
[2022-10-20 01:30:17] PRINT Train Epoch: 1 [21760/60000 (36%)]	Loss: 162.084167
[2022-10-20 01:30:18] PRINT Train Epoch: 1 [23040/60000 (38%)]	Loss: 165.136993
[2022-10-20 01:30:18] PRINT Train Epoch: 1 [24320/60000 (41%)]	Loss: 161.326492
[2022-10-20 01:30:18] PRINT Train Epoch: 1 [25600/60000 (43%)]	Loss: 157.751541
[2022-10-20 01:30:18] PRINT Train Epoch: 1 [26880/60000 (45%)]	Loss: 156.999481
[2022-10-20 01:30:18] PRINT Train Epoch: 1 [28160/60000 (47%)]	Loss: 161.183746
[2022-10-20 01:30:18] PRINT Train Epoch: 1 [29440/60000 (49%)]	Loss: 155.320892
[2022-10-20 01:30:18] PRINT Train Epoch: 1 [30720/60000 (51%)]	Loss: 155.761139
[2022-10-20 01:30:18] PRINT Train Epoch: 1 [32000/60000 (53%)]	Loss: 151.965088
[2022-10-20 01:30:18] PRINT Train Epoch: 1 [33280/60000 (55%)]	Loss: 149.211044
[2022-10-20 01:30:18] PRINT Train Epoch: 1 [34560/60000 (58%)]	Loss: 149.403183
[2022-10-20 01:30:18] PRINT Train Epoch: 1 [35840/60000 (60%)]	Loss: 148.889069
[2022-10-20 01:30:19] PRINT Train Epoch: 1 [37120/60000 (62%)]	Loss: 151.025879
[2022-10-20 01:30:19] PRINT Train Epoch: 1 [38400/60000 (64%)]	Loss: 148.211533
[2022-10-20 01:30:19] PRINT Train Epoch: 1 [39680/60000 (66%)]	Loss: 145.328400
[2022-10-20 01:30:19] PRINT Train Epoch: 1 [40960/60000 (68%)]	Loss: 149.453018
[2022-10-20 01:30:19] PRINT Train Epoch: 1 [42240/60000 (70%)]	Loss: 145.333710
[2022-10-20 01:30:19] PRINT Train Epoch: 1 [43520/60000 (72%)]	Loss: 146.480728
[2022-10-20 01:30:19] PRINT Train Epoch: 1 [44800/60000 (75%)]	Loss: 145.294022
[2022-10-20 01:30:19] PRINT Train Epoch: 1 [46080/60000 (77%)]	Loss: 144.148026
[2022-10-20 01:30:19] PRINT Train Epoch: 1 [47360/60000 (79%)]	Loss: 138.210281
[2022-10-20 01:30:19] PRINT Train Epoch: 1 [48640/60000 (81%)]	Loss: 140.440735
[2022-10-20 01:30:20] PRINT Train Epoch: 1 [49920/60000 (83%)]	Loss: 132.376968
[2022-10-20 01:30:20] PRINT Train Epoch: 1 [51200/60000 (85%)]	Loss: 134.278015
[2022-10-20 01:30:20] PRINT Train Epoch: 1 [52480/60000 (87%)]	Loss: 145.243759
[2022-10-20 01:30:20] PRINT Train Epoch: 1 [53760/60000 (90%)]	Loss: 141.803284
[2022-10-20 01:30:20] PRINT Train Epoch: 1 [55040/60000 (92%)]	Loss: 140.928482
[2022-10-20 01:30:20] PRINT Train Epoch: 1 [56320/60000 (94%)]	Loss: 137.580933
[2022-10-20 01:30:20] PRINT Train Epoch: 1 [57600/60000 (96%)]	Loss: 131.462799
[2022-10-20 01:30:20] PRINT Train Epoch: 1 [58880/60000 (98%)]	Loss: 139.696167
[2022-10-20 01:30:20] PRINT ====> Epoch: 1 Average loss: 171.5673
[2022-10-20 01:30:21] PRINT ====> Test set loss: 135.6454
[2022-10-20 01:30:21] PRINT Train Epoch: 2 [0/60000 (0%)]	Loss: 138.248917
[2022-10-20 01:30:21] PRINT Train Epoch: 2 [1280/60000 (2%)]	Loss: 126.892944
[2022-10-20 01:30:21] PRINT Train Epoch: 2 [2560/60000 (4%)]	Loss: 135.424103
[2022-10-20 01:30:21] PRINT Train Epoch: 2 [3840/60000 (6%)]	Loss: 138.181961
[2022-10-20 01:30:21] PRINT Train Epoch: 2 [5120/60000 (9%)]	Loss: 131.744659
[2022-10-20 01:30:21] PRINT Train Epoch: 2 [6400/60000 (11%)]	Loss: 138.629913
[2022-10-20 01:30:22] PRINT Train Epoch: 2 [7680/60000 (13%)]	Loss: 133.987915
[2022-10-20 01:30:22] PRINT Train Epoch: 2 [8960/60000 (15%)]	Loss: 138.851349
[2022-10-20 01:30:22] PRINT Train Epoch: 2 [10240/60000 (17%)]	Loss: 127.409676
[2022-10-20 01:30:22] PRINT Train Epoch: 2 [11520/60000 (19%)]	Loss: 136.670395
[2022-10-20 01:30:22] PRINT Train Epoch: 2 [12800/60000 (21%)]	Loss: 132.371719
[2022-10-20 01:30:22] PRINT Train Epoch: 2 [14080/60000 (23%)]	Loss: 135.726700
[2022-10-20 01:30:22] PRINT Train Epoch: 2 [15360/60000 (26%)]	Loss: 125.922112
[2022-10-20 01:30:22] PRINT Train Epoch: 2 [16640/60000 (28%)]	Loss: 131.404755
[2022-10-20 01:30:22] PRINT Train Epoch: 2 [17920/60000 (30%)]	Loss: 132.828705
[2022-10-20 01:30:22] PRINT Train Epoch: 2 [19200/60000 (32%)]	Loss: 130.567459
[2022-10-20 01:30:22] PRINT Train Epoch: 2 [20480/60000 (34%)]	Loss: 127.940475
[2022-10-20 01:30:23] PRINT Train Epoch: 2 [21760/60000 (36%)]	Loss: 128.170593
[2022-10-20 01:30:23] PRINT Train Epoch: 2 [23040/60000 (38%)]	Loss: 134.723114
[2022-10-20 01:30:23] PRINT Train Epoch: 2 [24320/60000 (41%)]	Loss: 129.631134
[2022-10-20 01:30:23] PRINT Train Epoch: 2 [25600/60000 (43%)]	Loss: 125.949455
[2022-10-20 01:30:23] PRINT Train Epoch: 2 [26880/60000 (45%)]	Loss: 129.930801
[2022-10-20 01:30:23] PRINT Train Epoch: 2 [28160/60000 (47%)]	Loss: 124.908066
[2022-10-20 01:30:23] PRINT Train Epoch: 2 [29440/60000 (49%)]	Loss: 127.369781
[2022-10-20 01:30:23] PRINT Train Epoch: 2 [30720/60000 (51%)]	Loss: 125.388672
[2022-10-20 01:30:23] PRINT Train Epoch: 2 [32000/60000 (53%)]	Loss: 127.906219
[2022-10-20 01:30:23] PRINT Train Epoch: 2 [33280/60000 (55%)]	Loss: 125.290771
[2022-10-20 01:30:23] PRINT Train Epoch: 2 [34560/60000 (58%)]	Loss: 126.897385
[2022-10-20 01:30:24] PRINT Train Epoch: 2 [35840/60000 (60%)]	Loss: 127.570030
[2022-10-20 01:30:24] PRINT Train Epoch: 2 [37120/60000 (62%)]	Loss: 127.019897
[2022-10-20 01:30:24] PRINT Train Epoch: 2 [38400/60000 (64%)]	Loss: 126.903503
[2022-10-20 01:30:24] PRINT Train Epoch: 2 [39680/60000 (66%)]	Loss: 126.334549
[2022-10-20 01:30:24] PRINT Train Epoch: 2 [40960/60000 (68%)]	Loss: 124.918648
[2022-10-20 01:30:24] PRINT Train Epoch: 2 [42240/60000 (70%)]	Loss: 127.027313
[2022-10-20 01:30:24] PRINT Train Epoch: 2 [43520/60000 (72%)]	Loss: 124.012558
[2022-10-20 01:30:24] PRINT Train Epoch: 2 [44800/60000 (75%)]	Loss: 123.267685
[2022-10-20 01:30:24] PRINT Train Epoch: 2 [46080/60000 (77%)]	Loss: 122.653244
[2022-10-20 01:30:24] PRINT Train Epoch: 2 [47360/60000 (79%)]	Loss: 123.447739
[2022-10-20 01:30:24] PRINT Train Epoch: 2 [48640/60000 (81%)]	Loss: 118.265991
[2022-10-20 01:30:25] PRINT Train Epoch: 2 [49920/60000 (83%)]	Loss: 127.015495
[2022-10-20 01:30:25] PRINT Train Epoch: 2 [51200/60000 (85%)]	Loss: 125.548447
[2022-10-20 01:30:25] PRINT Train Epoch: 2 [52480/60000 (87%)]	Loss: 122.838654
[2022-10-20 01:30:25] PRINT Train Epoch: 2 [53760/60000 (90%)]	Loss: 122.202026
[2022-10-20 01:30:25] PRINT Train Epoch: 2 [55040/60000 (92%)]	Loss: 122.219009
[2022-10-20 01:30:25] PRINT Train Epoch: 2 [56320/60000 (94%)]	Loss: 127.569908
[2022-10-20 01:30:25] PRINT Train Epoch: 2 [57600/60000 (96%)]	Loss: 123.393562
[2022-10-20 01:30:25] PRINT Train Epoch: 2 [58880/60000 (98%)]	Loss: 124.197990
[2022-10-20 01:30:25] PRINT ====> Epoch: 2 Average loss: 127.9119
[2022-10-20 01:30:26] PRINT ====> Test set loss: 120.4631
[2022-10-20 01:30:26] PRINT Train Epoch: 3 [0/60000 (0%)]	Loss: 121.162773
[2022-10-20 01:30:26] PRINT Train Epoch: 3 [1280/60000 (2%)]	Loss: 120.829712
[2022-10-20 01:30:26] PRINT Train Epoch: 3 [2560/60000 (4%)]	Loss: 120.013817
[2022-10-20 01:30:26] PRINT Train Epoch: 3 [3840/60000 (6%)]	Loss: 124.224953
[2022-10-20 01:30:26] PRINT Train Epoch: 3 [5120/60000 (9%)]	Loss: 121.126099
[2022-10-20 01:30:27] PRINT Train Epoch: 3 [6400/60000 (11%)]	Loss: 114.295815
[2022-10-20 01:30:27] PRINT Train Epoch: 3 [7680/60000 (13%)]	Loss: 123.506332
[2022-10-20 01:30:27] PRINT Train Epoch: 3 [8960/60000 (15%)]	Loss: 119.119522
[2022-10-20 01:30:27] PRINT Train Epoch: 3 [10240/60000 (17%)]	Loss: 125.738831
[2022-10-20 01:30:27] PRINT Train Epoch: 3 [11520/60000 (19%)]	Loss: 119.363464
[2022-10-20 01:30:27] PRINT Train Epoch: 3 [12800/60000 (21%)]	Loss: 125.124115
[2022-10-20 01:30:27] PRINT Train Epoch: 3 [14080/60000 (23%)]	Loss: 115.284622
[2022-10-20 01:30:27] PRINT Train Epoch: 3 [15360/60000 (26%)]	Loss: 118.742432
[2022-10-20 01:30:27] PRINT Train Epoch: 3 [16640/60000 (28%)]	Loss: 120.005630
[2022-10-20 01:30:27] PRINT Train Epoch: 3 [17920/60000 (30%)]	Loss: 119.874863
[2022-10-20 01:30:27] PRINT Train Epoch: 3 [19200/60000 (32%)]	Loss: 118.874779
[2022-10-20 01:30:28] PRINT Train Epoch: 3 [20480/60000 (34%)]	Loss: 119.712852
[2022-10-20 01:30:28] PRINT Train Epoch: 3 [21760/60000 (36%)]	Loss: 121.758148
[2022-10-20 01:30:28] PRINT Train Epoch: 3 [23040/60000 (38%)]	Loss: 119.411011
[2022-10-20 01:30:28] PRINT Train Epoch: 3 [24320/60000 (41%)]	Loss: 121.436462
[2022-10-20 01:30:28] PRINT Train Epoch: 3 [25600/60000 (43%)]	Loss: 123.293121
[2022-10-20 01:30:28] PRINT Train Epoch: 3 [26880/60000 (45%)]	Loss: 118.504303
[2022-10-20 01:30:28] PRINT Train Epoch: 3 [28160/60000 (47%)]	Loss: 120.242226
[2022-10-20 01:30:28] PRINT Train Epoch: 3 [29440/60000 (49%)]	Loss: 117.045181
[2022-10-20 01:30:28] PRINT Train Epoch: 3 [30720/60000 (51%)]	Loss: 124.913696
[2022-10-20 01:30:28] PRINT Train Epoch: 3 [32000/60000 (53%)]	Loss: 113.541527
[2022-10-20 01:30:28] PRINT Train Epoch: 3 [33280/60000 (55%)]	Loss: 116.601906
[2022-10-20 01:30:29] PRINT Train Epoch: 3 [34560/60000 (58%)]	Loss: 118.663361
[2022-10-20 01:30:29] PRINT Train Epoch: 3 [35840/60000 (60%)]	Loss: 116.301666
[2022-10-20 01:30:29] PRINT Train Epoch: 3 [37120/60000 (62%)]	Loss: 115.623642
[2022-10-20 01:30:29] PRINT Train Epoch: 3 [38400/60000 (64%)]	Loss: 117.539322
[2022-10-20 01:30:29] PRINT Train Epoch: 3 [39680/60000 (66%)]	Loss: 115.210648
[2022-10-20 01:30:29] PRINT Train Epoch: 3 [40960/60000 (68%)]	Loss: 116.788429
[2022-10-20 01:30:29] PRINT Train Epoch: 3 [42240/60000 (70%)]	Loss: 116.149841
[2022-10-20 01:30:29] PRINT Train Epoch: 3 [43520/60000 (72%)]	Loss: 116.576645
[2022-10-20 01:30:29] PRINT Train Epoch: 3 [44800/60000 (75%)]	Loss: 113.170471
[2022-10-20 01:30:29] PRINT Train Epoch: 3 [46080/60000 (77%)]	Loss: 114.094208
[2022-10-20 01:30:29] PRINT Train Epoch: 3 [47360/60000 (79%)]	Loss: 116.720230
[2022-10-20 01:30:30] PRINT Train Epoch: 3 [48640/60000 (81%)]	Loss: 114.282616
[2022-10-20 01:30:30] PRINT Train Epoch: 3 [49920/60000 (83%)]	Loss: 113.926735
[2022-10-20 01:30:30] PRINT Train Epoch: 3 [51200/60000 (85%)]	Loss: 112.681389
[2022-10-20 01:30:30] PRINT Train Epoch: 3 [52480/60000 (87%)]	Loss: 117.653442
[2022-10-20 01:30:30] PRINT Train Epoch: 3 [53760/60000 (90%)]	Loss: 118.200836
[2022-10-20 01:30:30] PRINT Train Epoch: 3 [55040/60000 (92%)]	Loss: 114.774208
[2022-10-20 01:30:30] PRINT Train Epoch: 3 [56320/60000 (94%)]	Loss: 114.469276
[2022-10-20 01:30:30] PRINT Train Epoch: 3 [57600/60000 (96%)]	Loss: 115.601738
[2022-10-20 01:30:30] PRINT Train Epoch: 3 [58880/60000 (98%)]	Loss: 115.317169
[2022-10-20 01:30:30] PRINT ====> Epoch: 3 Average loss: 118.2239
[2022-10-20 01:30:31] PRINT ====> Test set loss: 114.2978
[2022-10-20 01:30:31] PRINT Train Epoch: 4 [0/60000 (0%)]	Loss: 109.815948
[2022-10-20 01:30:31] PRINT Train Epoch: 4 [1280/60000 (2%)]	Loss: 113.114220
[2022-10-20 01:30:31] PRINT Train Epoch: 4 [2560/60000 (4%)]	Loss: 113.757820
[2022-10-20 01:30:31] PRINT Train Epoch: 4 [3840/60000 (6%)]	Loss: 113.285568
[2022-10-20 01:30:31] PRINT Train Epoch: 4 [5120/60000 (9%)]	Loss: 112.332062
[2022-10-20 01:30:32] PRINT Train Epoch: 4 [6400/60000 (11%)]	Loss: 115.243683
[2022-10-20 01:30:32] PRINT Train Epoch: 4 [7680/60000 (13%)]	Loss: 113.514297
[2022-10-20 01:30:32] PRINT Train Epoch: 4 [8960/60000 (15%)]	Loss: 117.217331
[2022-10-20 01:30:32] PRINT Train Epoch: 4 [10240/60000 (17%)]	Loss: 112.673340
[2022-10-20 01:30:32] PRINT Train Epoch: 4 [11520/60000 (19%)]	Loss: 115.987900
[2022-10-20 01:30:32] PRINT Train Epoch: 4 [12800/60000 (21%)]	Loss: 115.863747
[2022-10-20 01:30:32] PRINT Train Epoch: 4 [14080/60000 (23%)]	Loss: 114.509003
[2022-10-20 01:30:32] PRINT Train Epoch: 4 [15360/60000 (26%)]	Loss: 120.388062
[2022-10-20 01:30:32] PRINT Train Epoch: 4 [16640/60000 (28%)]	Loss: 115.868347
[2022-10-20 01:30:32] PRINT Train Epoch: 4 [17920/60000 (30%)]	Loss: 109.854797
[2022-10-20 01:30:32] PRINT Train Epoch: 4 [19200/60000 (32%)]	Loss: 116.107590
[2022-10-20 01:30:33] PRINT Train Epoch: 4 [20480/60000 (34%)]	Loss: 112.800606
[2022-10-20 01:30:33] PRINT Train Epoch: 4 [21760/60000 (36%)]	Loss: 112.597656
[2022-10-20 01:30:33] PRINT Train Epoch: 4 [23040/60000 (38%)]	Loss: 111.908310
[2022-10-20 01:30:33] PRINT Train Epoch: 4 [24320/60000 (41%)]	Loss: 115.851349
[2022-10-20 01:30:33] PRINT Train Epoch: 4 [25600/60000 (43%)]	Loss: 112.297546
[2022-10-20 01:30:33] PRINT Train Epoch: 4 [26880/60000 (45%)]	Loss: 109.997681
[2022-10-20 01:30:33] PRINT Train Epoch: 4 [28160/60000 (47%)]	Loss: 113.323326
[2022-10-20 01:30:33] PRINT Train Epoch: 4 [29440/60000 (49%)]	Loss: 119.489319
[2022-10-20 01:30:33] PRINT Train Epoch: 4 [30720/60000 (51%)]	Loss: 113.634903
[2022-10-20 01:30:33] PRINT Train Epoch: 4 [32000/60000 (53%)]	Loss: 113.212196
[2022-10-20 01:30:34] PRINT Train Epoch: 4 [33280/60000 (55%)]	Loss: 112.813118
[2022-10-20 01:30:34] PRINT Train Epoch: 4 [34560/60000 (58%)]	Loss: 112.788193
[2022-10-20 01:30:34] PRINT Train Epoch: 4 [35840/60000 (60%)]	Loss: 115.290260
[2022-10-20 01:30:34] PRINT Train Epoch: 4 [37120/60000 (62%)]	Loss: 110.055573
[2022-10-20 01:30:34] PRINT Train Epoch: 4 [38400/60000 (64%)]	Loss: 107.301605
[2022-10-20 01:30:34] PRINT Train Epoch: 4 [39680/60000 (66%)]	Loss: 112.438538
[2022-10-20 01:30:34] PRINT Train Epoch: 4 [40960/60000 (68%)]	Loss: 111.137451
[2022-10-20 01:30:34] PRINT Train Epoch: 4 [42240/60000 (70%)]	Loss: 115.391983
[2022-10-20 01:30:34] PRINT Train Epoch: 4 [43520/60000 (72%)]	Loss: 113.011658
[2022-10-20 01:30:34] PRINT Train Epoch: 4 [44800/60000 (75%)]	Loss: 114.396408
[2022-10-20 01:30:34] PRINT Train Epoch: 4 [46080/60000 (77%)]	Loss: 109.283813
[2022-10-20 01:30:35] PRINT Train Epoch: 4 [47360/60000 (79%)]	Loss: 113.329544
[2022-10-20 01:30:35] PRINT Train Epoch: 4 [48640/60000 (81%)]	Loss: 111.140366
[2022-10-20 01:30:35] PRINT Train Epoch: 4 [49920/60000 (83%)]	Loss: 108.898865
[2022-10-20 01:30:35] PRINT Train Epoch: 4 [51200/60000 (85%)]	Loss: 115.097122
[2022-10-20 01:30:35] PRINT Train Epoch: 4 [52480/60000 (87%)]	Loss: 110.594307
[2022-10-20 01:30:35] PRINT Train Epoch: 4 [53760/60000 (90%)]	Loss: 113.035652
[2022-10-20 01:30:35] PRINT Train Epoch: 4 [55040/60000 (92%)]	Loss: 112.553490
[2022-10-20 01:30:35] PRINT Train Epoch: 4 [56320/60000 (94%)]	Loss: 111.448334
[2022-10-20 01:30:35] PRINT Train Epoch: 4 [57600/60000 (96%)]	Loss: 108.694687
[2022-10-20 01:30:35] PRINT Train Epoch: 4 [58880/60000 (98%)]	Loss: 115.164032
[2022-10-20 01:30:36] PRINT ====> Epoch: 4 Average loss: 113.7416
[2022-10-20 01:30:36] PRINT ====> Test set loss: 111.4080
[2022-10-20 01:30:36] PRINT Train Epoch: 5 [0/60000 (0%)]	Loss: 116.903175
[2022-10-20 01:30:36] PRINT Train Epoch: 5 [1280/60000 (2%)]	Loss: 110.920547
[2022-10-20 01:30:36] PRINT Train Epoch: 5 [2560/60000 (4%)]	Loss: 107.663872
[2022-10-20 01:30:37] PRINT Train Epoch: 5 [3840/60000 (6%)]	Loss: 109.782135
[2022-10-20 01:30:37] PRINT Train Epoch: 5 [5120/60000 (9%)]	Loss: 111.918152
[2022-10-20 01:30:37] PRINT Train Epoch: 5 [6400/60000 (11%)]	Loss: 115.873154
[2022-10-20 01:30:37] PRINT Train Epoch: 5 [7680/60000 (13%)]	Loss: 108.289757
[2022-10-20 01:30:37] PRINT Train Epoch: 5 [8960/60000 (15%)]	Loss: 112.065063
[2022-10-20 01:30:37] PRINT Train Epoch: 5 [10240/60000 (17%)]	Loss: 110.617783
[2022-10-20 01:30:37] PRINT Train Epoch: 5 [11520/60000 (19%)]	Loss: 110.507278
[2022-10-20 01:30:37] PRINT Train Epoch: 5 [12800/60000 (21%)]	Loss: 113.431259
[2022-10-20 01:30:37] PRINT Train Epoch: 5 [14080/60000 (23%)]	Loss: 110.086868
[2022-10-20 01:30:37] PRINT Train Epoch: 5 [15360/60000 (26%)]	Loss: 112.074936
[2022-10-20 01:30:38] PRINT Train Epoch: 5 [16640/60000 (28%)]	Loss: 110.114258
[2022-10-20 01:30:38] PRINT Train Epoch: 5 [17920/60000 (30%)]	Loss: 108.530746
[2022-10-20 01:30:38] PRINT Train Epoch: 5 [19200/60000 (32%)]	Loss: 114.075165
[2022-10-20 01:30:38] PRINT Train Epoch: 5 [20480/60000 (34%)]	Loss: 118.008530
[2022-10-20 01:30:38] PRINT Train Epoch: 5 [21760/60000 (36%)]	Loss: 109.167252
[2022-10-20 01:30:38] PRINT Train Epoch: 5 [23040/60000 (38%)]	Loss: 108.340256
[2022-10-20 01:30:38] PRINT Train Epoch: 5 [24320/60000 (41%)]	Loss: 109.203087
[2022-10-20 01:30:38] PRINT Train Epoch: 5 [25600/60000 (43%)]	Loss: 110.601685
[2022-10-20 01:30:38] PRINT Train Epoch: 5 [26880/60000 (45%)]	Loss: 116.352692
[2022-10-20 01:30:38] PRINT Train Epoch: 5 [28160/60000 (47%)]	Loss: 112.881271
[2022-10-20 01:30:38] PRINT Train Epoch: 5 [29440/60000 (49%)]	Loss: 114.228561
[2022-10-20 01:30:39] PRINT Train Epoch: 5 [30720/60000 (51%)]	Loss: 108.112411
[2022-10-20 01:30:39] PRINT Train Epoch: 5 [32000/60000 (53%)]	Loss: 113.519585
[2022-10-20 01:30:39] PRINT Train Epoch: 5 [33280/60000 (55%)]	Loss: 109.633423
[2022-10-20 01:30:39] PRINT Train Epoch: 5 [34560/60000 (58%)]	Loss: 113.261765
[2022-10-20 01:30:39] PRINT Train Epoch: 5 [35840/60000 (60%)]	Loss: 113.761497
[2022-10-20 01:30:39] PRINT Train Epoch: 5 [37120/60000 (62%)]	Loss: 112.186417
[2022-10-20 01:30:39] PRINT Train Epoch: 5 [38400/60000 (64%)]	Loss: 105.886154
[2022-10-20 01:30:39] PRINT Train Epoch: 5 [39680/60000 (66%)]	Loss: 110.088547
[2022-10-20 01:30:39] PRINT Train Epoch: 5 [40960/60000 (68%)]	Loss: 110.170166
[2022-10-20 01:30:39] PRINT Train Epoch: 5 [42240/60000 (70%)]	Loss: 113.699234
[2022-10-20 01:30:39] PRINT Train Epoch: 5 [43520/60000 (72%)]	Loss: 110.667458
[2022-10-20 01:30:40] PRINT Train Epoch: 5 [44800/60000 (75%)]	Loss: 108.342812
[2022-10-20 01:30:40] PRINT Train Epoch: 5 [46080/60000 (77%)]	Loss: 108.666931
[2022-10-20 01:30:40] PRINT Train Epoch: 5 [47360/60000 (79%)]	Loss: 110.393997
[2022-10-20 01:30:40] PRINT Train Epoch: 5 [48640/60000 (81%)]	Loss: 111.634521
[2022-10-20 01:30:40] PRINT Train Epoch: 5 [49920/60000 (83%)]	Loss: 114.308594
[2022-10-20 01:30:40] PRINT Train Epoch: 5 [51200/60000 (85%)]	Loss: 114.697395
[2022-10-20 01:30:40] PRINT Train Epoch: 5 [52480/60000 (87%)]	Loss: 111.973846
[2022-10-20 01:30:40] PRINT Train Epoch: 5 [53760/60000 (90%)]	Loss: 112.922272
[2022-10-20 01:30:40] PRINT Train Epoch: 5 [55040/60000 (92%)]	Loss: 109.504120
[2022-10-20 01:30:40] PRINT Train Epoch: 5 [56320/60000 (94%)]	Loss: 109.189056
[2022-10-20 01:30:40] PRINT Train Epoch: 5 [57600/60000 (96%)]	Loss: 114.419609
[2022-10-20 01:30:41] PRINT Train Epoch: 5 [58880/60000 (98%)]	Loss: 107.309372
[2022-10-20 01:30:41] PRINT ====> Epoch: 5 Average loss: 111.2209
[2022-10-20 01:30:41] PRINT ====> Test set loss: 109.4482
[2022-10-20 01:30:41] PRINT Train Epoch: 6 [0/60000 (0%)]	Loss: 109.531097
[2022-10-20 01:30:42] PRINT Train Epoch: 6 [1280/60000 (2%)]	Loss: 113.580696
[2022-10-20 01:30:42] PRINT Train Epoch: 6 [2560/60000 (4%)]	Loss: 108.239960
[2022-10-20 01:30:42] PRINT Train Epoch: 6 [3840/60000 (6%)]	Loss: 111.923126
[2022-10-20 01:30:42] PRINT Train Epoch: 6 [5120/60000 (9%)]	Loss: 111.111244
[2022-10-20 01:30:42] PRINT Train Epoch: 6 [6400/60000 (11%)]	Loss: 110.079918
[2022-10-20 01:30:42] PRINT Train Epoch: 6 [7680/60000 (13%)]	Loss: 109.924545
[2022-10-20 01:30:42] PRINT Train Epoch: 6 [8960/60000 (15%)]	Loss: 111.617508
[2022-10-20 01:30:42] PRINT Train Epoch: 6 [10240/60000 (17%)]	Loss: 111.028816
[2022-10-20 01:30:42] PRINT Train Epoch: 6 [11520/60000 (19%)]	Loss: 110.147690
[2022-10-20 01:30:42] PRINT Train Epoch: 6 [12800/60000 (21%)]	Loss: 109.781418
[2022-10-20 01:30:42] PRINT Train Epoch: 6 [14080/60000 (23%)]	Loss: 106.780731
[2022-10-20 01:30:42] PRINT Train Epoch: 6 [15360/60000 (26%)]	Loss: 106.846115
[2022-10-20 01:30:43] PRINT Train Epoch: 6 [16640/60000 (28%)]	Loss: 111.534309
[2022-10-20 01:30:43] PRINT Train Epoch: 6 [17920/60000 (30%)]	Loss: 110.175766
[2022-10-20 01:30:43] PRINT Train Epoch: 6 [19200/60000 (32%)]	Loss: 110.484772
[2022-10-20 01:30:43] PRINT Train Epoch: 6 [20480/60000 (34%)]	Loss: 111.865234
[2022-10-20 01:30:43] PRINT Train Epoch: 6 [21760/60000 (36%)]	Loss: 111.166679
[2022-10-20 01:30:43] PRINT Train Epoch: 6 [23040/60000 (38%)]	Loss: 111.401283
[2022-10-20 01:30:43] PRINT Train Epoch: 6 [24320/60000 (41%)]	Loss: 108.152077
[2022-10-20 01:30:43] PRINT Train Epoch: 6 [25600/60000 (43%)]	Loss: 108.789505
[2022-10-20 01:30:43] PRINT Train Epoch: 6 [26880/60000 (45%)]	Loss: 107.307983
[2022-10-20 01:30:43] PRINT Train Epoch: 6 [28160/60000 (47%)]	Loss: 109.594810
[2022-10-20 01:30:43] PRINT Train Epoch: 6 [29440/60000 (49%)]	Loss: 107.794693
[2022-10-20 01:30:43] PRINT Train Epoch: 6 [30720/60000 (51%)]	Loss: 108.191879
[2022-10-20 01:30:44] PRINT Train Epoch: 6 [32000/60000 (53%)]	Loss: 111.870819
[2022-10-20 01:30:44] PRINT Train Epoch: 6 [33280/60000 (55%)]	Loss: 112.764572
[2022-10-20 01:30:44] PRINT Train Epoch: 6 [34560/60000 (58%)]	Loss: 108.862930
[2022-10-20 01:30:44] PRINT Train Epoch: 6 [35840/60000 (60%)]	Loss: 109.970230
[2022-10-20 01:30:44] PRINT Train Epoch: 6 [37120/60000 (62%)]	Loss: 107.269531
[2022-10-20 01:30:44] PRINT Train Epoch: 6 [38400/60000 (64%)]	Loss: 109.273895
[2022-10-20 01:30:44] PRINT Train Epoch: 6 [39680/60000 (66%)]	Loss: 107.439262
[2022-10-20 01:30:44] PRINT Train Epoch: 6 [40960/60000 (68%)]	Loss: 111.048576
[2022-10-20 01:30:44] PRINT Train Epoch: 6 [42240/60000 (70%)]	Loss: 108.548325
[2022-10-20 01:30:44] PRINT Train Epoch: 6 [43520/60000 (72%)]	Loss: 106.634033
[2022-10-20 01:30:44] PRINT Train Epoch: 6 [44800/60000 (75%)]	Loss: 106.196136
[2022-10-20 01:30:44] PRINT Train Epoch: 6 [46080/60000 (77%)]	Loss: 108.274704
[2022-10-20 01:30:45] PRINT Train Epoch: 6 [47360/60000 (79%)]	Loss: 106.807953
[2022-10-20 01:30:45] PRINT Train Epoch: 6 [48640/60000 (81%)]	Loss: 108.221771
[2022-10-20 01:30:45] PRINT Train Epoch: 6 [49920/60000 (83%)]	Loss: 109.572891
[2022-10-20 01:30:45] PRINT Train Epoch: 6 [51200/60000 (85%)]	Loss: 110.065887
[2022-10-20 01:30:45] PRINT Train Epoch: 6 [52480/60000 (87%)]	Loss: 108.963287
[2022-10-20 01:30:45] PRINT Train Epoch: 6 [53760/60000 (90%)]	Loss: 109.152397
[2022-10-20 01:30:45] PRINT Train Epoch: 6 [55040/60000 (92%)]	Loss: 110.118904
[2022-10-20 01:30:45] PRINT Train Epoch: 6 [56320/60000 (94%)]	Loss: 106.963074
[2022-10-20 01:30:45] PRINT Train Epoch: 6 [57600/60000 (96%)]	Loss: 108.273956
[2022-10-20 01:30:45] PRINT Train Epoch: 6 [58880/60000 (98%)]	Loss: 106.154671
[2022-10-20 01:30:45] PRINT ====> Epoch: 6 Average loss: 109.6136
[2022-10-20 01:30:46] PRINT ====> Test set loss: 108.1444
[2022-10-20 01:30:46] PRINT Train Epoch: 7 [0/60000 (0%)]	Loss: 108.504318
[2022-10-20 01:30:46] PRINT Train Epoch: 7 [1280/60000 (2%)]	Loss: 106.997574
[2022-10-20 01:30:46] PRINT Train Epoch: 7 [2560/60000 (4%)]	Loss: 108.577927
[2022-10-20 01:30:46] PRINT Train Epoch: 7 [3840/60000 (6%)]	Loss: 104.252136
[2022-10-20 01:30:47] PRINT Train Epoch: 7 [5120/60000 (9%)]	Loss: 111.143143
[2022-10-20 01:30:47] PRINT Train Epoch: 7 [6400/60000 (11%)]	Loss: 109.596306
[2022-10-20 01:30:47] PRINT Train Epoch: 7 [7680/60000 (13%)]	Loss: 111.205124
[2022-10-20 01:30:47] PRINT Train Epoch: 7 [8960/60000 (15%)]	Loss: 105.857483
[2022-10-20 01:30:47] PRINT Train Epoch: 7 [10240/60000 (17%)]	Loss: 107.813194
[2022-10-20 01:30:47] PRINT Train Epoch: 7 [11520/60000 (19%)]	Loss: 110.438400
[2022-10-20 01:30:47] PRINT Train Epoch: 7 [12800/60000 (21%)]	Loss: 108.360992
[2022-10-20 01:30:47] PRINT Train Epoch: 7 [14080/60000 (23%)]	Loss: 110.611557
[2022-10-20 01:30:47] PRINT Train Epoch: 7 [15360/60000 (26%)]	Loss: 110.295891
[2022-10-20 01:30:47] PRINT Train Epoch: 7 [16640/60000 (28%)]	Loss: 104.821182
[2022-10-20 01:30:48] PRINT Train Epoch: 7 [17920/60000 (30%)]	Loss: 108.448196
[2022-10-20 01:30:48] PRINT Train Epoch: 7 [19200/60000 (32%)]	Loss: 110.331848
[2022-10-20 01:30:48] PRINT Train Epoch: 7 [20480/60000 (34%)]	Loss: 108.487663
[2022-10-20 01:30:48] PRINT Train Epoch: 7 [21760/60000 (36%)]	Loss: 108.673309
[2022-10-20 01:30:48] PRINT Train Epoch: 7 [23040/60000 (38%)]	Loss: 105.962387
[2022-10-20 01:30:48] PRINT Train Epoch: 7 [24320/60000 (41%)]	Loss: 105.671791
[2022-10-20 01:30:48] PRINT Train Epoch: 7 [25600/60000 (43%)]	Loss: 112.580215
[2022-10-20 01:30:48] PRINT Train Epoch: 7 [26880/60000 (45%)]	Loss: 110.065720
[2022-10-20 01:30:48] PRINT Train Epoch: 7 [28160/60000 (47%)]	Loss: 111.393478
[2022-10-20 01:30:48] PRINT Train Epoch: 7 [29440/60000 (49%)]	Loss: 107.530060
[2022-10-20 01:30:48] PRINT Train Epoch: 7 [30720/60000 (51%)]	Loss: 108.469620
[2022-10-20 01:30:49] PRINT Train Epoch: 7 [32000/60000 (53%)]	Loss: 111.977745
[2022-10-20 01:30:49] PRINT Train Epoch: 7 [33280/60000 (55%)]	Loss: 107.045975
[2022-10-20 01:30:49] PRINT Train Epoch: 7 [34560/60000 (58%)]	Loss: 109.038261
[2022-10-20 01:30:49] PRINT Train Epoch: 7 [35840/60000 (60%)]	Loss: 107.833176
[2022-10-20 01:30:49] PRINT Train Epoch: 7 [37120/60000 (62%)]	Loss: 109.545113
[2022-10-20 01:30:49] PRINT Train Epoch: 7 [38400/60000 (64%)]	Loss: 107.768089
[2022-10-20 01:30:49] PRINT Train Epoch: 7 [39680/60000 (66%)]	Loss: 109.127357
[2022-10-20 01:30:49] PRINT Train Epoch: 7 [40960/60000 (68%)]	Loss: 107.563873
[2022-10-20 01:30:49] PRINT Train Epoch: 7 [42240/60000 (70%)]	Loss: 110.216393
[2022-10-20 01:30:49] PRINT Train Epoch: 7 [43520/60000 (72%)]	Loss: 108.612144
[2022-10-20 01:30:49] PRINT Train Epoch: 7 [44800/60000 (75%)]	Loss: 107.384628
[2022-10-20 01:30:50] PRINT Train Epoch: 7 [46080/60000 (77%)]	Loss: 111.239128
[2022-10-20 01:30:50] PRINT Train Epoch: 7 [47360/60000 (79%)]	Loss: 109.394501
[2022-10-20 01:30:50] PRINT Train Epoch: 7 [48640/60000 (81%)]	Loss: 103.928398
[2022-10-20 01:30:50] PRINT Train Epoch: 7 [49920/60000 (83%)]	Loss: 108.117081
[2022-10-20 01:30:50] PRINT Train Epoch: 7 [51200/60000 (85%)]	Loss: 108.072235
[2022-10-20 01:30:50] PRINT Train Epoch: 7 [52480/60000 (87%)]	Loss: 106.096519
[2022-10-20 01:30:50] PRINT Train Epoch: 7 [53760/60000 (90%)]	Loss: 113.921532
[2022-10-20 01:30:50] PRINT Train Epoch: 7 [55040/60000 (92%)]	Loss: 109.282227
[2022-10-20 01:30:50] PRINT Train Epoch: 7 [56320/60000 (94%)]	Loss: 109.306976
[2022-10-20 01:30:50] PRINT Train Epoch: 7 [57600/60000 (96%)]	Loss: 108.292488
[2022-10-20 01:30:51] PRINT Train Epoch: 7 [58880/60000 (98%)]	Loss: 109.240051
[2022-10-20 01:30:51] PRINT ====> Epoch: 7 Average loss: 108.4653
[2022-10-20 01:30:51] PRINT ====> Test set loss: 107.4688
[2022-10-20 01:30:51] PRINT Train Epoch: 8 [0/60000 (0%)]	Loss: 108.963150
[2022-10-20 01:30:51] PRINT Train Epoch: 8 [1280/60000 (2%)]	Loss: 108.299088
[2022-10-20 01:30:52] PRINT Train Epoch: 8 [2560/60000 (4%)]	Loss: 108.430054
[2022-10-20 01:30:52] PRINT Train Epoch: 8 [3840/60000 (6%)]	Loss: 107.897614
[2022-10-20 01:30:52] PRINT Train Epoch: 8 [5120/60000 (9%)]	Loss: 107.667656
[2022-10-20 01:30:52] PRINT Train Epoch: 8 [6400/60000 (11%)]	Loss: 108.084740
[2022-10-20 01:30:52] PRINT Train Epoch: 8 [7680/60000 (13%)]	Loss: 106.726395
[2022-10-20 01:30:52] PRINT Train Epoch: 8 [8960/60000 (15%)]	Loss: 112.137711
[2022-10-20 01:30:52] PRINT Train Epoch: 8 [10240/60000 (17%)]	Loss: 107.037941
[2022-10-20 01:30:52] PRINT Train Epoch: 8 [11520/60000 (19%)]	Loss: 109.682518
[2022-10-20 01:30:52] PRINT Train Epoch: 8 [12800/60000 (21%)]	Loss: 110.071579
[2022-10-20 01:30:52] PRINT Train Epoch: 8 [14080/60000 (23%)]	Loss: 108.613754
[2022-10-20 01:30:52] PRINT Train Epoch: 8 [15360/60000 (26%)]	Loss: 107.514343
[2022-10-20 01:30:53] PRINT Train Epoch: 8 [16640/60000 (28%)]	Loss: 106.513260
[2022-10-20 01:30:53] PRINT Train Epoch: 8 [17920/60000 (30%)]	Loss: 110.503448
[2022-10-20 01:30:53] PRINT Train Epoch: 8 [19200/60000 (32%)]	Loss: 108.150307
[2022-10-20 01:30:53] PRINT Train Epoch: 8 [20480/60000 (34%)]	Loss: 104.630325
[2022-10-20 01:30:53] PRINT Train Epoch: 8 [21760/60000 (36%)]	Loss: 107.413582
[2022-10-20 01:30:53] PRINT Train Epoch: 8 [23040/60000 (38%)]	Loss: 108.729530
[2022-10-20 01:30:53] PRINT Train Epoch: 8 [24320/60000 (41%)]	Loss: 106.783722
[2022-10-20 01:30:53] PRINT Train Epoch: 8 [25600/60000 (43%)]	Loss: 109.464104
[2022-10-20 01:30:53] PRINT Train Epoch: 8 [26880/60000 (45%)]	Loss: 109.703735
[2022-10-20 01:30:53] PRINT Train Epoch: 8 [28160/60000 (47%)]	Loss: 109.734726
[2022-10-20 01:30:53] PRINT Train Epoch: 8 [29440/60000 (49%)]	Loss: 109.649994
[2022-10-20 01:30:54] PRINT Train Epoch: 8 [30720/60000 (51%)]	Loss: 107.781982
[2022-10-20 01:30:54] PRINT Train Epoch: 8 [32000/60000 (53%)]	Loss: 105.573410
[2022-10-20 01:30:54] PRINT Train Epoch: 8 [33280/60000 (55%)]	Loss: 110.298340
[2022-10-20 01:30:54] PRINT Train Epoch: 8 [34560/60000 (58%)]	Loss: 106.862564
[2022-10-20 01:30:54] PRINT Train Epoch: 8 [35840/60000 (60%)]	Loss: 105.980522
[2022-10-20 01:30:54] PRINT Train Epoch: 8 [37120/60000 (62%)]	Loss: 107.864990
[2022-10-20 01:30:54] PRINT Train Epoch: 8 [38400/60000 (64%)]	Loss: 105.811935
[2022-10-20 01:30:54] PRINT Train Epoch: 8 [39680/60000 (66%)]	Loss: 108.558182
[2022-10-20 01:30:54] PRINT Train Epoch: 8 [40960/60000 (68%)]	Loss: 104.873123
[2022-10-20 01:30:54] PRINT Train Epoch: 8 [42240/60000 (70%)]	Loss: 106.699745
[2022-10-20 01:30:54] PRINT Train Epoch: 8 [43520/60000 (72%)]	Loss: 106.799911
[2022-10-20 01:30:55] PRINT Train Epoch: 8 [44800/60000 (75%)]	Loss: 108.165680
[2022-10-20 01:30:55] PRINT Train Epoch: 8 [46080/60000 (77%)]	Loss: 105.647430
[2022-10-20 01:30:55] PRINT Train Epoch: 8 [47360/60000 (79%)]	Loss: 107.407593
[2022-10-20 01:30:55] PRINT Train Epoch: 8 [48640/60000 (81%)]	Loss: 107.413841
[2022-10-20 01:30:55] PRINT Train Epoch: 8 [49920/60000 (83%)]	Loss: 101.682411
[2022-10-20 01:30:55] PRINT Train Epoch: 8 [51200/60000 (85%)]	Loss: 112.413246
[2022-10-20 01:30:55] PRINT Train Epoch: 8 [52480/60000 (87%)]	Loss: 111.097588
[2022-10-20 01:30:55] PRINT Train Epoch: 8 [53760/60000 (90%)]	Loss: 108.119293
[2022-10-20 01:30:55] PRINT Train Epoch: 8 [55040/60000 (92%)]	Loss: 104.894348
[2022-10-20 01:30:55] PRINT Train Epoch: 8 [56320/60000 (94%)]	Loss: 107.218376
[2022-10-20 01:30:55] PRINT Train Epoch: 8 [57600/60000 (96%)]	Loss: 106.832153
[2022-10-20 01:30:55] PRINT Train Epoch: 8 [58880/60000 (98%)]	Loss: 105.485580
[2022-10-20 01:30:56] PRINT ====> Epoch: 8 Average loss: 107.6144
[2022-10-20 01:30:56] PRINT ====> Test set loss: 106.8720
[2022-10-20 01:30:56] PRINT Train Epoch: 9 [0/60000 (0%)]	Loss: 103.184662
[2022-10-20 01:30:56] PRINT Train Epoch: 9 [1280/60000 (2%)]	Loss: 102.754707
[2022-10-20 01:30:56] PRINT Train Epoch: 9 [2560/60000 (4%)]	Loss: 107.515732
[2022-10-20 01:30:57] PRINT Train Epoch: 9 [3840/60000 (6%)]	Loss: 106.879868
[2022-10-20 01:30:57] PRINT Train Epoch: 9 [5120/60000 (9%)]	Loss: 110.258240
[2022-10-20 01:30:57] PRINT Train Epoch: 9 [6400/60000 (11%)]	Loss: 104.470657
[2022-10-20 01:30:57] PRINT Train Epoch: 9 [7680/60000 (13%)]	Loss: 107.450691
[2022-10-20 01:30:57] PRINT Train Epoch: 9 [8960/60000 (15%)]	Loss: 107.031876
[2022-10-20 01:30:57] PRINT Train Epoch: 9 [10240/60000 (17%)]	Loss: 107.946960
[2022-10-20 01:30:57] PRINT Train Epoch: 9 [11520/60000 (19%)]	Loss: 101.956299
[2022-10-20 01:30:57] PRINT Train Epoch: 9 [12800/60000 (21%)]	Loss: 104.879181
[2022-10-20 01:30:57] PRINT Train Epoch: 9 [14080/60000 (23%)]	Loss: 107.154747
[2022-10-20 01:30:57] PRINT Train Epoch: 9 [15360/60000 (26%)]	Loss: 105.032112
[2022-10-20 01:30:57] PRINT Train Epoch: 9 [16640/60000 (28%)]	Loss: 106.192871
[2022-10-20 01:30:58] PRINT Train Epoch: 9 [17920/60000 (30%)]	Loss: 108.551384
[2022-10-20 01:30:58] PRINT Train Epoch: 9 [19200/60000 (32%)]	Loss: 108.206421
[2022-10-20 01:30:58] PRINT Train Epoch: 9 [20480/60000 (34%)]	Loss: 111.010811
[2022-10-20 01:30:58] PRINT Train Epoch: 9 [21760/60000 (36%)]	Loss: 109.558632
[2022-10-20 01:30:58] PRINT Train Epoch: 9 [23040/60000 (38%)]	Loss: 108.323181
[2022-10-20 01:30:58] PRINT Train Epoch: 9 [24320/60000 (41%)]	Loss: 107.557343
[2022-10-20 01:30:58] PRINT Train Epoch: 9 [25600/60000 (43%)]	Loss: 107.126999
[2022-10-20 01:30:58] PRINT Train Epoch: 9 [26880/60000 (45%)]	Loss: 109.782265
[2022-10-20 01:30:58] PRINT Train Epoch: 9 [28160/60000 (47%)]	Loss: 107.391594
[2022-10-20 01:30:58] PRINT Train Epoch: 9 [29440/60000 (49%)]	Loss: 107.917465
[2022-10-20 01:30:58] PRINT Train Epoch: 9 [30720/60000 (51%)]	Loss: 107.172096
[2022-10-20 01:30:59] PRINT Train Epoch: 9 [32000/60000 (53%)]	Loss: 106.035782
[2022-10-20 01:30:59] PRINT Train Epoch: 9 [33280/60000 (55%)]	Loss: 103.952202
[2022-10-20 01:30:59] PRINT Train Epoch: 9 [34560/60000 (58%)]	Loss: 104.677414
[2022-10-20 01:30:59] PRINT Train Epoch: 9 [35840/60000 (60%)]	Loss: 109.657684
[2022-10-20 01:30:59] PRINT Train Epoch: 9 [37120/60000 (62%)]	Loss: 108.160202
[2022-10-20 01:30:59] PRINT Train Epoch: 9 [38400/60000 (64%)]	Loss: 108.047165
[2022-10-20 01:30:59] PRINT Train Epoch: 9 [39680/60000 (66%)]	Loss: 111.047806
[2022-10-20 01:30:59] PRINT Train Epoch: 9 [40960/60000 (68%)]	Loss: 104.087646
[2022-10-20 01:30:59] PRINT Train Epoch: 9 [42240/60000 (70%)]	Loss: 106.693619
[2022-10-20 01:30:59] PRINT Train Epoch: 9 [43520/60000 (72%)]	Loss: 103.212692
[2022-10-20 01:30:59] PRINT Train Epoch: 9 [44800/60000 (75%)]	Loss: 106.486496
[2022-10-20 01:31:00] PRINT Train Epoch: 9 [46080/60000 (77%)]	Loss: 104.783051
[2022-10-20 01:31:00] PRINT Train Epoch: 9 [47360/60000 (79%)]	Loss: 107.090462
[2022-10-20 01:31:00] PRINT Train Epoch: 9 [48640/60000 (81%)]	Loss: 104.910049
[2022-10-20 01:31:00] PRINT Train Epoch: 9 [49920/60000 (83%)]	Loss: 106.142960
[2022-10-20 01:31:00] PRINT Train Epoch: 9 [51200/60000 (85%)]	Loss: 108.839157
[2022-10-20 01:31:00] PRINT Train Epoch: 9 [52480/60000 (87%)]	Loss: 102.924950
[2022-10-20 01:31:00] PRINT Train Epoch: 9 [53760/60000 (90%)]	Loss: 106.930901
[2022-10-20 01:31:00] PRINT Train Epoch: 9 [55040/60000 (92%)]	Loss: 105.136673
[2022-10-20 01:31:00] PRINT Train Epoch: 9 [56320/60000 (94%)]	Loss: 102.961937
[2022-10-20 01:31:00] PRINT Train Epoch: 9 [57600/60000 (96%)]	Loss: 104.949570
[2022-10-20 01:31:00] PRINT Train Epoch: 9 [58880/60000 (98%)]	Loss: 110.610596
[2022-10-20 01:31:00] PRINT ====> Epoch: 9 Average loss: 106.9791
[2022-10-20 01:31:01] PRINT ====> Test set loss: 106.0668
[2022-10-20 01:31:01] PRINT Train Epoch: 10 [0/60000 (0%)]	Loss: 105.285843
[2022-10-20 01:31:01] PRINT Train Epoch: 10 [1280/60000 (2%)]	Loss: 102.714417
[2022-10-20 01:31:01] PRINT Train Epoch: 10 [2560/60000 (4%)]	Loss: 105.166237
[2022-10-20 01:31:02] PRINT Train Epoch: 10 [3840/60000 (6%)]	Loss: 106.877022
[2022-10-20 01:31:02] PRINT Train Epoch: 10 [5120/60000 (9%)]	Loss: 104.540237
[2022-10-20 01:31:02] PRINT Train Epoch: 10 [6400/60000 (11%)]	Loss: 107.462479
[2022-10-20 01:31:02] PRINT Train Epoch: 10 [7680/60000 (13%)]	Loss: 107.938370
[2022-10-20 01:31:02] PRINT Train Epoch: 10 [8960/60000 (15%)]	Loss: 101.997948
[2022-10-20 01:31:02] PRINT Train Epoch: 10 [10240/60000 (17%)]	Loss: 104.079758
[2022-10-20 01:31:02] PRINT Train Epoch: 10 [11520/60000 (19%)]	Loss: 104.091080
[2022-10-20 01:31:02] PRINT Train Epoch: 10 [12800/60000 (21%)]	Loss: 107.653839
[2022-10-20 01:31:02] PRINT Train Epoch: 10 [14080/60000 (23%)]	Loss: 104.555466
[2022-10-20 01:31:02] PRINT Train Epoch: 10 [15360/60000 (26%)]	Loss: 108.942276
[2022-10-20 01:31:03] PRINT Train Epoch: 10 [16640/60000 (28%)]	Loss: 107.672302
[2022-10-20 01:31:03] PRINT Train Epoch: 10 [17920/60000 (30%)]	Loss: 105.911949
[2022-10-20 01:31:03] PRINT Train Epoch: 10 [19200/60000 (32%)]	Loss: 106.565384
[2022-10-20 01:31:03] PRINT Train Epoch: 10 [20480/60000 (34%)]	Loss: 102.463684
[2022-10-20 01:31:03] PRINT Train Epoch: 10 [21760/60000 (36%)]	Loss: 107.629761
[2022-10-20 01:31:03] PRINT Train Epoch: 10 [23040/60000 (38%)]	Loss: 104.104813
[2022-10-20 01:31:03] PRINT Train Epoch: 10 [24320/60000 (41%)]	Loss: 108.313942
[2022-10-20 01:31:03] PRINT Train Epoch: 10 [25600/60000 (43%)]	Loss: 110.149292
[2022-10-20 01:31:03] PRINT Train Epoch: 10 [26880/60000 (45%)]	Loss: 107.419891
[2022-10-20 01:31:03] PRINT Train Epoch: 10 [28160/60000 (47%)]	Loss: 110.277718
[2022-10-20 01:31:03] PRINT Train Epoch: 10 [29440/60000 (49%)]	Loss: 107.046112
[2022-10-20 01:31:04] PRINT Train Epoch: 10 [30720/60000 (51%)]	Loss: 107.010025
[2022-10-20 01:31:04] PRINT Train Epoch: 10 [32000/60000 (53%)]	Loss: 105.811447
[2022-10-20 01:31:04] PRINT Train Epoch: 10 [33280/60000 (55%)]	Loss: 105.468498
[2022-10-20 01:31:04] PRINT Train Epoch: 10 [34560/60000 (58%)]	Loss: 110.892059
[2022-10-20 01:31:04] PRINT Train Epoch: 10 [35840/60000 (60%)]	Loss: 108.290199
[2022-10-20 01:31:04] PRINT Train Epoch: 10 [37120/60000 (62%)]	Loss: 105.727783
[2022-10-20 01:31:04] PRINT Train Epoch: 10 [38400/60000 (64%)]	Loss: 106.083870
[2022-10-20 01:31:04] PRINT Train Epoch: 10 [39680/60000 (66%)]	Loss: 104.605042
[2022-10-20 01:31:04] PRINT Train Epoch: 10 [40960/60000 (68%)]	Loss: 106.727219
[2022-10-20 01:31:04] PRINT Train Epoch: 10 [42240/60000 (70%)]	Loss: 107.341026
[2022-10-20 01:31:04] PRINT Train Epoch: 10 [43520/60000 (72%)]	Loss: 105.879517
[2022-10-20 01:31:05] PRINT Train Epoch: 10 [44800/60000 (75%)]	Loss: 105.189209
[2022-10-20 01:31:05] PRINT Train Epoch: 10 [46080/60000 (77%)]	Loss: 105.642197
[2022-10-20 01:31:05] PRINT Train Epoch: 10 [47360/60000 (79%)]	Loss: 103.843102
[2022-10-20 01:31:05] PRINT Train Epoch: 10 [48640/60000 (81%)]	Loss: 107.366104
[2022-10-20 01:31:05] PRINT Train Epoch: 10 [49920/60000 (83%)]	Loss: 108.303818
[2022-10-20 01:31:05] PRINT Train Epoch: 10 [51200/60000 (85%)]	Loss: 104.666641
[2022-10-20 01:31:05] PRINT Train Epoch: 10 [52480/60000 (87%)]	Loss: 102.735382
[2022-10-20 01:31:05] PRINT Train Epoch: 10 [53760/60000 (90%)]	Loss: 105.619301
[2022-10-20 01:31:05] PRINT Train Epoch: 10 [55040/60000 (92%)]	Loss: 104.625481
[2022-10-20 01:31:05] PRINT Train Epoch: 10 [56320/60000 (94%)]	Loss: 105.875351
[2022-10-20 01:31:05] PRINT Train Epoch: 10 [57600/60000 (96%)]	Loss: 101.308128
[2022-10-20 01:31:06] PRINT Train Epoch: 10 [58880/60000 (98%)]	Loss: 104.381432
[2022-10-20 01:31:06] PRINT ====> Epoch: 10 Average loss: 106.4414
[2022-10-20 01:31:06] PRINT ====> Test set loss: 105.7757
