[2022-10-20 00:37:47] PRINT {'features1': 600, 'features2': 40, 'lr': 0.0008897409894244464, 'epsilon': 1e-07, 'TRIAL_BUDGET': 2}
[2022-10-20 00:37:48] PRINT Using cuda device
[2022-10-20 00:37:53] PRINT Train Epoch: 1 [0/60000 (0%)]	Loss: 548.666504
[2022-10-20 00:37:53] PRINT Train Epoch: 1 [1280/60000 (2%)]	Loss: 267.592804
[2022-10-20 00:37:53] PRINT Train Epoch: 1 [2560/60000 (4%)]	Loss: 230.139679
[2022-10-20 00:37:54] PRINT Train Epoch: 1 [3840/60000 (6%)]	Loss: 215.076431
[2022-10-20 00:37:54] PRINT Train Epoch: 1 [5120/60000 (9%)]	Loss: 206.226166
[2022-10-20 00:37:54] PRINT Train Epoch: 1 [6400/60000 (11%)]	Loss: 203.606979
[2022-10-20 00:37:54] PRINT Train Epoch: 1 [7680/60000 (13%)]	Loss: 207.625839
[2022-10-20 00:37:55] PRINT Train Epoch: 1 [8960/60000 (15%)]	Loss: 200.533127
[2022-10-20 00:37:55] PRINT Train Epoch: 1 [10240/60000 (17%)]	Loss: 192.545609
[2022-10-20 00:37:55] PRINT Train Epoch: 1 [11520/60000 (19%)]	Loss: 185.373260
[2022-10-20 00:37:56] PRINT Train Epoch: 1 [12800/60000 (21%)]	Loss: 174.135742
[2022-10-20 00:37:56] PRINT Train Epoch: 1 [14080/60000 (23%)]	Loss: 169.317047
[2022-10-20 00:37:56] PRINT Train Epoch: 1 [15360/60000 (26%)]	Loss: 171.925018
[2022-10-20 00:37:57] PRINT Train Epoch: 1 [16640/60000 (28%)]	Loss: 167.621323
[2022-10-20 00:37:57] PRINT Train Epoch: 1 [17920/60000 (30%)]	Loss: 165.848099
[2022-10-20 00:37:57] PRINT Train Epoch: 1 [19200/60000 (32%)]	Loss: 171.217331
[2022-10-20 00:37:58] PRINT Train Epoch: 1 [20480/60000 (34%)]	Loss: 156.147293
[2022-10-20 00:37:58] PRINT Train Epoch: 1 [21760/60000 (36%)]	Loss: 163.507477
[2022-10-20 00:37:58] PRINT Train Epoch: 1 [23040/60000 (38%)]	Loss: 154.737717
[2022-10-20 00:37:58] PRINT Train Epoch: 1 [24320/60000 (41%)]	Loss: 155.428436
[2022-10-20 00:37:59] PRINT Train Epoch: 1 [25600/60000 (43%)]	Loss: 156.560745
[2022-10-20 00:37:59] PRINT Train Epoch: 1 [26880/60000 (45%)]	Loss: 154.560089
[2022-10-20 00:37:59] PRINT Train Epoch: 1 [28160/60000 (47%)]	Loss: 152.533966
[2022-10-20 00:38:00] PRINT Train Epoch: 1 [29440/60000 (49%)]	Loss: 152.773010
[2022-10-20 00:38:00] PRINT Train Epoch: 1 [30720/60000 (51%)]	Loss: 148.558411
[2022-10-20 00:38:00] PRINT Train Epoch: 1 [32000/60000 (53%)]	Loss: 148.317322
[2022-10-20 00:38:01] PRINT Train Epoch: 1 [33280/60000 (55%)]	Loss: 143.695740
[2022-10-20 00:38:01] PRINT Train Epoch: 1 [34560/60000 (58%)]	Loss: 143.892883
[2022-10-20 00:38:01] PRINT Train Epoch: 1 [35840/60000 (60%)]	Loss: 141.851013
[2022-10-20 00:38:01] PRINT Train Epoch: 1 [37120/60000 (62%)]	Loss: 137.561462
[2022-10-20 00:38:02] PRINT Train Epoch: 1 [38400/60000 (64%)]	Loss: 141.980713
[2022-10-20 00:38:02] PRINT Train Epoch: 1 [39680/60000 (66%)]	Loss: 139.771317
[2022-10-20 00:38:02] PRINT Train Epoch: 1 [40960/60000 (68%)]	Loss: 135.106232
[2022-10-20 00:38:03] PRINT Train Epoch: 1 [42240/60000 (70%)]	Loss: 142.112122
[2022-10-20 00:38:03] PRINT Train Epoch: 1 [43520/60000 (72%)]	Loss: 134.284424
[2022-10-20 00:38:03] PRINT Train Epoch: 1 [44800/60000 (75%)]	Loss: 134.234299
[2022-10-20 00:38:04] PRINT Train Epoch: 1 [46080/60000 (77%)]	Loss: 138.656845
[2022-10-20 00:38:04] PRINT Train Epoch: 1 [47360/60000 (79%)]	Loss: 137.272430
[2022-10-20 00:38:04] PRINT Train Epoch: 1 [48640/60000 (81%)]	Loss: 137.700287
[2022-10-20 00:38:04] PRINT Train Epoch: 1 [49920/60000 (83%)]	Loss: 133.592453
[2022-10-20 00:38:05] PRINT Train Epoch: 1 [51200/60000 (85%)]	Loss: 128.958969
[2022-10-20 00:38:05] PRINT Train Epoch: 1 [52480/60000 (87%)]	Loss: 132.189560
[2022-10-20 00:38:05] PRINT Train Epoch: 1 [53760/60000 (90%)]	Loss: 136.986069
[2022-10-20 00:38:06] PRINT Train Epoch: 1 [55040/60000 (92%)]	Loss: 133.647263
[2022-10-20 00:38:06] PRINT Train Epoch: 1 [56320/60000 (94%)]	Loss: 126.925407
[2022-10-20 00:38:06] PRINT Train Epoch: 1 [57600/60000 (96%)]	Loss: 132.975327
[2022-10-20 00:38:07] PRINT Train Epoch: 1 [58880/60000 (98%)]	Loss: 133.363525
[2022-10-20 00:38:07] PRINT ====> Epoch: 1 Average loss: 162.8305
[2022-10-20 00:38:09] PRINT ====> Test set loss: 128.9042
[2022-10-20 00:38:09] PRINT Train Epoch: 2 [0/60000 (0%)]	Loss: 132.555923
[2022-10-20 00:38:10] PRINT Train Epoch: 2 [1280/60000 (2%)]	Loss: 127.632355
[2022-10-20 00:38:10] PRINT Train Epoch: 2 [2560/60000 (4%)]	Loss: 126.567230
[2022-10-20 00:38:10] PRINT Train Epoch: 2 [3840/60000 (6%)]	Loss: 124.547432
[2022-10-20 00:38:11] PRINT Train Epoch: 2 [5120/60000 (9%)]	Loss: 130.151917
[2022-10-20 00:38:11] PRINT Train Epoch: 2 [6400/60000 (11%)]	Loss: 130.326279
[2022-10-20 00:38:11] PRINT Train Epoch: 2 [7680/60000 (13%)]	Loss: 132.949921
[2022-10-20 00:38:12] PRINT Train Epoch: 2 [8960/60000 (15%)]	Loss: 127.689026
[2022-10-20 00:38:12] PRINT Train Epoch: 2 [10240/60000 (17%)]	Loss: 126.410553
[2022-10-20 00:38:12] PRINT Train Epoch: 2 [11520/60000 (19%)]	Loss: 127.949753
[2022-10-20 00:38:13] PRINT Train Epoch: 2 [12800/60000 (21%)]	Loss: 123.842911
[2022-10-20 00:38:13] PRINT Train Epoch: 2 [14080/60000 (23%)]	Loss: 129.861618
[2022-10-20 00:38:13] PRINT Train Epoch: 2 [15360/60000 (26%)]	Loss: 123.052704
[2022-10-20 00:38:13] PRINT Train Epoch: 2 [16640/60000 (28%)]	Loss: 125.591499
[2022-10-20 00:38:14] PRINT Train Epoch: 2 [17920/60000 (30%)]	Loss: 126.032959
[2022-10-20 00:38:14] PRINT Train Epoch: 2 [19200/60000 (32%)]	Loss: 119.584442
[2022-10-20 00:38:14] PRINT Train Epoch: 2 [20480/60000 (34%)]	Loss: 122.421692
[2022-10-20 00:38:15] PRINT Train Epoch: 2 [21760/60000 (36%)]	Loss: 122.490234
[2022-10-20 00:38:15] PRINT Train Epoch: 2 [23040/60000 (38%)]	Loss: 123.518250
[2022-10-20 00:38:15] PRINT Train Epoch: 2 [24320/60000 (41%)]	Loss: 123.268806
[2022-10-20 00:38:16] PRINT Train Epoch: 2 [25600/60000 (43%)]	Loss: 122.236259
[2022-10-20 00:38:16] PRINT Train Epoch: 2 [26880/60000 (45%)]	Loss: 127.300186
[2022-10-20 00:38:16] PRINT Train Epoch: 2 [28160/60000 (47%)]	Loss: 123.453156
[2022-10-20 00:38:17] PRINT Train Epoch: 2 [29440/60000 (49%)]	Loss: 125.480911
[2022-10-20 00:38:17] PRINT Train Epoch: 2 [30720/60000 (51%)]	Loss: 123.468147
[2022-10-20 00:38:17] PRINT Train Epoch: 2 [32000/60000 (53%)]	Loss: 118.730865
[2022-10-20 00:38:17] PRINT Train Epoch: 2 [33280/60000 (55%)]	Loss: 121.065926
[2022-10-20 00:38:18] PRINT Train Epoch: 2 [34560/60000 (58%)]	Loss: 116.754211
[2022-10-20 00:38:18] PRINT Train Epoch: 2 [35840/60000 (60%)]	Loss: 113.168564
[2022-10-20 00:38:18] PRINT Train Epoch: 2 [37120/60000 (62%)]	Loss: 120.317184
[2022-10-20 00:38:19] PRINT Train Epoch: 2 [38400/60000 (64%)]	Loss: 122.464600
[2022-10-20 00:38:19] PRINT Train Epoch: 2 [39680/60000 (66%)]	Loss: 121.267807
[2022-10-20 00:38:19] PRINT Train Epoch: 2 [40960/60000 (68%)]	Loss: 115.674194
[2022-10-20 00:38:20] PRINT Train Epoch: 2 [42240/60000 (70%)]	Loss: 122.020813
[2022-10-20 00:38:20] PRINT Train Epoch: 2 [43520/60000 (72%)]	Loss: 124.040329
[2022-10-20 00:38:20] PRINT Train Epoch: 2 [44800/60000 (75%)]	Loss: 118.475632
[2022-10-20 00:38:21] PRINT Train Epoch: 2 [46080/60000 (77%)]	Loss: 116.036659
[2022-10-20 00:38:21] PRINT Train Epoch: 2 [47360/60000 (79%)]	Loss: 118.483002
[2022-10-20 00:38:21] PRINT Train Epoch: 2 [48640/60000 (81%)]	Loss: 117.375519
[2022-10-20 00:38:21] PRINT Train Epoch: 2 [49920/60000 (83%)]	Loss: 118.690170
[2022-10-20 00:38:22] PRINT Train Epoch: 2 [51200/60000 (85%)]	Loss: 118.409790
[2022-10-20 00:38:22] PRINT Train Epoch: 2 [52480/60000 (87%)]	Loss: 119.695282
[2022-10-20 00:38:22] PRINT Train Epoch: 2 [53760/60000 (90%)]	Loss: 122.512421
[2022-10-20 00:38:23] PRINT Train Epoch: 2 [55040/60000 (92%)]	Loss: 117.563217
[2022-10-20 00:38:23] PRINT Train Epoch: 2 [56320/60000 (94%)]	Loss: 119.778519
[2022-10-20 00:38:23] PRINT Train Epoch: 2 [57600/60000 (96%)]	Loss: 120.769821
[2022-10-20 00:38:24] PRINT Train Epoch: 2 [58880/60000 (98%)]	Loss: 117.613342
[2022-10-20 00:38:24] PRINT ====> Epoch: 2 Average loss: 122.6972
[2022-10-20 00:38:26] PRINT ====> Test set loss: 116.5228
[2022-10-20 00:38:27] PRINT Train Epoch: 3 [0/60000 (0%)]	Loss: 113.554710
[2022-10-20 00:38:27] PRINT Train Epoch: 3 [1280/60000 (2%)]	Loss: 121.124077
[2022-10-20 00:38:27] PRINT Train Epoch: 3 [2560/60000 (4%)]	Loss: 113.691666
[2022-10-20 00:38:27] PRINT Train Epoch: 3 [3840/60000 (6%)]	Loss: 116.718483
[2022-10-20 00:38:28] PRINT Train Epoch: 3 [5120/60000 (9%)]	Loss: 117.600128
[2022-10-20 00:38:28] PRINT Train Epoch: 3 [6400/60000 (11%)]	Loss: 119.426888
[2022-10-20 00:38:28] PRINT Train Epoch: 3 [7680/60000 (13%)]	Loss: 114.665169
[2022-10-20 00:38:29] PRINT Train Epoch: 3 [8960/60000 (15%)]	Loss: 113.658676
[2022-10-20 00:38:29] PRINT Train Epoch: 3 [10240/60000 (17%)]	Loss: 118.009171
[2022-10-20 00:38:29] PRINT Train Epoch: 3 [11520/60000 (19%)]	Loss: 115.076500
[2022-10-20 00:38:30] PRINT Train Epoch: 3 [12800/60000 (21%)]	Loss: 111.776260
[2022-10-20 00:38:30] PRINT Train Epoch: 3 [14080/60000 (23%)]	Loss: 116.848869
[2022-10-20 00:38:30] PRINT Train Epoch: 3 [15360/60000 (26%)]	Loss: 116.323738
[2022-10-20 00:38:31] PRINT Train Epoch: 3 [16640/60000 (28%)]	Loss: 115.358765
[2022-10-20 00:38:31] PRINT Train Epoch: 3 [17920/60000 (30%)]	Loss: 118.831604
[2022-10-20 00:38:31] PRINT Train Epoch: 3 [19200/60000 (32%)]	Loss: 113.487694
[2022-10-20 00:38:31] PRINT Train Epoch: 3 [20480/60000 (34%)]	Loss: 114.535049
[2022-10-20 00:38:32] PRINT Train Epoch: 3 [21760/60000 (36%)]	Loss: 118.271820
[2022-10-20 00:38:32] PRINT Train Epoch: 3 [23040/60000 (38%)]	Loss: 111.189903
[2022-10-20 00:38:32] PRINT Train Epoch: 3 [24320/60000 (41%)]	Loss: 115.209824
[2022-10-20 00:38:33] PRINT Train Epoch: 3 [25600/60000 (43%)]	Loss: 117.631813
[2022-10-20 00:38:33] PRINT Train Epoch: 3 [26880/60000 (45%)]	Loss: 114.607368
[2022-10-20 00:38:33] PRINT Train Epoch: 3 [28160/60000 (47%)]	Loss: 120.136703
[2022-10-20 00:38:34] PRINT Train Epoch: 3 [29440/60000 (49%)]	Loss: 110.241791
[2022-10-20 00:38:34] PRINT Train Epoch: 3 [30720/60000 (51%)]	Loss: 112.607185
[2022-10-20 00:38:34] PRINT Train Epoch: 3 [32000/60000 (53%)]	Loss: 114.948639
[2022-10-20 00:38:34] PRINT Train Epoch: 3 [33280/60000 (55%)]	Loss: 115.491432
[2022-10-20 00:38:35] PRINT Train Epoch: 3 [34560/60000 (58%)]	Loss: 114.474854
[2022-10-20 00:38:35] PRINT Train Epoch: 3 [35840/60000 (60%)]	Loss: 116.555435
[2022-10-20 00:38:35] PRINT Train Epoch: 3 [37120/60000 (62%)]	Loss: 108.637390
[2022-10-20 00:38:36] PRINT Train Epoch: 3 [38400/60000 (64%)]	Loss: 114.329987
[2022-10-20 00:38:36] PRINT Train Epoch: 3 [39680/60000 (66%)]	Loss: 109.373184
[2022-10-20 00:38:36] PRINT Train Epoch: 3 [40960/60000 (68%)]	Loss: 112.094139
[2022-10-20 00:38:37] PRINT Train Epoch: 3 [42240/60000 (70%)]	Loss: 116.428093
[2022-10-20 00:38:37] PRINT Train Epoch: 3 [43520/60000 (72%)]	Loss: 115.980949
[2022-10-20 00:38:37] PRINT Train Epoch: 3 [44800/60000 (75%)]	Loss: 113.842529
[2022-10-20 00:38:38] PRINT Train Epoch: 3 [46080/60000 (77%)]	Loss: 113.361855
[2022-10-20 00:38:38] PRINT Train Epoch: 3 [47360/60000 (79%)]	Loss: 113.797241
[2022-10-20 00:38:38] PRINT Train Epoch: 3 [48640/60000 (81%)]	Loss: 113.784973
[2022-10-20 00:38:38] PRINT Train Epoch: 3 [49920/60000 (83%)]	Loss: 111.657745
[2022-10-20 00:38:39] PRINT Train Epoch: 3 [51200/60000 (85%)]	Loss: 112.717636
[2022-10-20 00:38:39] PRINT Train Epoch: 3 [52480/60000 (87%)]	Loss: 112.288742
[2022-10-20 00:38:39] PRINT Train Epoch: 3 [53760/60000 (90%)]	Loss: 113.113304
[2022-10-20 00:38:40] PRINT Train Epoch: 3 [55040/60000 (92%)]	Loss: 109.890488
[2022-10-20 00:38:40] PRINT Train Epoch: 3 [56320/60000 (94%)]	Loss: 116.261604
[2022-10-20 00:38:40] PRINT Train Epoch: 3 [57600/60000 (96%)]	Loss: 111.949097
[2022-10-20 00:38:41] PRINT Train Epoch: 3 [58880/60000 (98%)]	Loss: 110.386063
[2022-10-20 00:38:41] PRINT ====> Epoch: 3 Average loss: 114.9495
[2022-10-20 00:38:43] PRINT ====> Test set loss: 111.8052
[2022-10-20 00:38:44] PRINT Train Epoch: 4 [0/60000 (0%)]	Loss: 105.642914
[2022-10-20 00:38:44] PRINT Train Epoch: 4 [1280/60000 (2%)]	Loss: 109.847664
[2022-10-20 00:38:44] PRINT Train Epoch: 4 [2560/60000 (4%)]	Loss: 112.730728
[2022-10-20 00:38:45] PRINT Train Epoch: 4 [3840/60000 (6%)]	Loss: 114.183853
[2022-10-20 00:38:45] PRINT Train Epoch: 4 [5120/60000 (9%)]	Loss: 109.218414
[2022-10-20 00:38:45] PRINT Train Epoch: 4 [6400/60000 (11%)]	Loss: 114.004631
[2022-10-20 00:38:45] PRINT Train Epoch: 4 [7680/60000 (13%)]	Loss: 113.247932
[2022-10-20 00:38:46] PRINT Train Epoch: 4 [8960/60000 (15%)]	Loss: 108.489365
[2022-10-20 00:38:46] PRINT Train Epoch: 4 [10240/60000 (17%)]	Loss: 115.754654
[2022-10-20 00:38:46] PRINT Train Epoch: 4 [11520/60000 (19%)]	Loss: 108.858841
[2022-10-20 00:38:47] PRINT Train Epoch: 4 [12800/60000 (21%)]	Loss: 113.450653
[2022-10-20 00:38:47] PRINT Train Epoch: 4 [14080/60000 (23%)]	Loss: 107.757469
[2022-10-20 00:38:47] PRINT Train Epoch: 4 [15360/60000 (26%)]	Loss: 117.852814
[2022-10-20 00:38:48] PRINT Train Epoch: 4 [16640/60000 (28%)]	Loss: 106.812851
[2022-10-20 00:38:48] PRINT Train Epoch: 4 [17920/60000 (30%)]	Loss: 113.048233
[2022-10-20 00:38:48] PRINT Train Epoch: 4 [19200/60000 (32%)]	Loss: 112.617081
[2022-10-20 00:38:49] PRINT Train Epoch: 4 [20480/60000 (34%)]	Loss: 109.890259
[2022-10-20 00:38:49] PRINT Train Epoch: 4 [21760/60000 (36%)]	Loss: 109.199844
[2022-10-20 00:38:49] PRINT Train Epoch: 4 [23040/60000 (38%)]	Loss: 115.428696
[2022-10-20 00:38:49] PRINT Train Epoch: 4 [24320/60000 (41%)]	Loss: 111.411133
[2022-10-20 00:38:50] PRINT Train Epoch: 4 [25600/60000 (43%)]	Loss: 114.324844
[2022-10-20 00:38:50] PRINT Train Epoch: 4 [26880/60000 (45%)]	Loss: 109.729538
[2022-10-20 00:38:50] PRINT Train Epoch: 4 [28160/60000 (47%)]	Loss: 110.941544
[2022-10-20 00:38:51] PRINT Train Epoch: 4 [29440/60000 (49%)]	Loss: 110.212738
[2022-10-20 00:38:51] PRINT Train Epoch: 4 [30720/60000 (51%)]	Loss: 115.317787
[2022-10-20 00:38:51] PRINT Train Epoch: 4 [32000/60000 (53%)]	Loss: 111.894844
[2022-10-20 00:38:52] PRINT Train Epoch: 4 [33280/60000 (55%)]	Loss: 112.663246
[2022-10-20 00:38:52] PRINT Train Epoch: 4 [34560/60000 (58%)]	Loss: 103.744255
[2022-10-20 00:38:52] PRINT Train Epoch: 4 [35840/60000 (60%)]	Loss: 110.322243
[2022-10-20 00:38:53] PRINT Train Epoch: 4 [37120/60000 (62%)]	Loss: 113.619827
[2022-10-20 00:38:53] PRINT Train Epoch: 4 [38400/60000 (64%)]	Loss: 116.037354
[2022-10-20 00:38:53] PRINT Train Epoch: 4 [39680/60000 (66%)]	Loss: 107.248962
[2022-10-20 00:38:54] PRINT Train Epoch: 4 [40960/60000 (68%)]	Loss: 112.565704
[2022-10-20 00:38:54] PRINT Train Epoch: 4 [42240/60000 (70%)]	Loss: 107.384514
[2022-10-20 00:38:54] PRINT Train Epoch: 4 [43520/60000 (72%)]	Loss: 116.149422
[2022-10-20 00:38:54] PRINT Train Epoch: 4 [44800/60000 (75%)]	Loss: 112.885101
[2022-10-20 00:38:55] PRINT Train Epoch: 4 [46080/60000 (77%)]	Loss: 110.582901
[2022-10-20 00:38:55] PRINT Train Epoch: 4 [47360/60000 (79%)]	Loss: 110.372917
[2022-10-20 00:38:55] PRINT Train Epoch: 4 [48640/60000 (81%)]	Loss: 108.932335
[2022-10-20 00:38:56] PRINT Train Epoch: 4 [49920/60000 (83%)]	Loss: 109.714767
[2022-10-20 00:38:56] PRINT Train Epoch: 4 [51200/60000 (85%)]	Loss: 110.916351
[2022-10-20 00:38:56] PRINT Train Epoch: 4 [52480/60000 (87%)]	Loss: 114.873581
[2022-10-20 00:38:57] PRINT Train Epoch: 4 [53760/60000 (90%)]	Loss: 109.635384
[2022-10-20 00:38:57] PRINT Train Epoch: 4 [55040/60000 (92%)]	Loss: 108.011124
[2022-10-20 00:38:57] PRINT Train Epoch: 4 [56320/60000 (94%)]	Loss: 111.368507
[2022-10-20 00:38:58] PRINT Train Epoch: 4 [57600/60000 (96%)]	Loss: 109.073967
[2022-10-20 00:38:58] PRINT Train Epoch: 4 [58880/60000 (98%)]	Loss: 109.830490
[2022-10-20 00:38:58] PRINT ====> Epoch: 4 Average loss: 111.5056
[2022-10-20 00:39:01] PRINT ====> Test set loss: 109.5678
[2022-10-20 00:39:01] PRINT Train Epoch: 5 [0/60000 (0%)]	Loss: 108.523804
[2022-10-20 00:39:01] PRINT Train Epoch: 5 [1280/60000 (2%)]	Loss: 108.854111
[2022-10-20 00:39:01] PRINT Train Epoch: 5 [2560/60000 (4%)]	Loss: 107.942490
[2022-10-20 00:39:02] PRINT Train Epoch: 5 [3840/60000 (6%)]	Loss: 111.832268
[2022-10-20 00:39:02] PRINT Train Epoch: 5 [5120/60000 (9%)]	Loss: 112.574585
[2022-10-20 00:39:02] PRINT Train Epoch: 5 [6400/60000 (11%)]	Loss: 109.583809
[2022-10-20 00:39:03] PRINT Train Epoch: 5 [7680/60000 (13%)]	Loss: 110.540955
[2022-10-20 00:39:03] PRINT Train Epoch: 5 [8960/60000 (15%)]	Loss: 108.480331
[2022-10-20 00:39:03] PRINT Train Epoch: 5 [10240/60000 (17%)]	Loss: 109.681641
[2022-10-20 00:39:04] PRINT Train Epoch: 5 [11520/60000 (19%)]	Loss: 109.188988
[2022-10-20 00:39:04] PRINT Train Epoch: 5 [12800/60000 (21%)]	Loss: 103.553391
[2022-10-20 00:39:04] PRINT Train Epoch: 5 [14080/60000 (23%)]	Loss: 110.531296
[2022-10-20 00:39:05] PRINT Train Epoch: 5 [15360/60000 (26%)]	Loss: 109.741013
[2022-10-20 00:39:05] PRINT Train Epoch: 5 [16640/60000 (28%)]	Loss: 112.810188
[2022-10-20 00:39:05] PRINT Train Epoch: 5 [17920/60000 (30%)]	Loss: 111.384422
[2022-10-20 00:39:05] PRINT Train Epoch: 5 [19200/60000 (32%)]	Loss: 115.215034
[2022-10-20 00:39:06] PRINT Train Epoch: 5 [20480/60000 (34%)]	Loss: 108.327446
[2022-10-20 00:39:06] PRINT Train Epoch: 5 [21760/60000 (36%)]	Loss: 111.454559
[2022-10-20 00:39:06] PRINT Train Epoch: 5 [23040/60000 (38%)]	Loss: 112.883568
[2022-10-20 00:39:07] PRINT Train Epoch: 5 [24320/60000 (41%)]	Loss: 109.751015
[2022-10-20 00:39:07] PRINT Train Epoch: 5 [25600/60000 (43%)]	Loss: 107.868286
[2022-10-20 00:39:07] PRINT Train Epoch: 5 [26880/60000 (45%)]	Loss: 108.457161
[2022-10-20 00:39:08] PRINT Train Epoch: 5 [28160/60000 (47%)]	Loss: 108.850731
[2022-10-20 00:39:08] PRINT Train Epoch: 5 [29440/60000 (49%)]	Loss: 110.004349
[2022-10-20 00:39:08] PRINT Train Epoch: 5 [30720/60000 (51%)]	Loss: 107.845932
[2022-10-20 00:39:09] PRINT Train Epoch: 5 [32000/60000 (53%)]	Loss: 105.347519
[2022-10-20 00:39:09] PRINT Train Epoch: 5 [33280/60000 (55%)]	Loss: 109.105591
[2022-10-20 00:39:09] PRINT Train Epoch: 5 [34560/60000 (58%)]	Loss: 109.347366
[2022-10-20 00:39:09] PRINT Train Epoch: 5 [35840/60000 (60%)]	Loss: 111.816162
[2022-10-20 00:39:10] PRINT Train Epoch: 5 [37120/60000 (62%)]	Loss: 112.315926
[2022-10-20 00:39:10] PRINT Train Epoch: 5 [38400/60000 (64%)]	Loss: 105.976639
[2022-10-20 00:39:10] PRINT Train Epoch: 5 [39680/60000 (66%)]	Loss: 109.161552
[2022-10-20 00:39:11] PRINT Train Epoch: 5 [40960/60000 (68%)]	Loss: 109.823318
[2022-10-20 00:39:11] PRINT Train Epoch: 5 [42240/60000 (70%)]	Loss: 108.866745
[2022-10-20 00:39:11] PRINT Train Epoch: 5 [43520/60000 (72%)]	Loss: 111.211197
[2022-10-20 00:39:12] PRINT Train Epoch: 5 [44800/60000 (75%)]	Loss: 112.280441
[2022-10-20 00:39:12] PRINT Train Epoch: 5 [46080/60000 (77%)]	Loss: 107.165573
[2022-10-20 00:39:12] PRINT Train Epoch: 5 [47360/60000 (79%)]	Loss: 103.555298
[2022-10-20 00:39:13] PRINT Train Epoch: 5 [48640/60000 (81%)]	Loss: 108.624565
[2022-10-20 00:39:13] PRINT Train Epoch: 5 [49920/60000 (83%)]	Loss: 106.269112
[2022-10-20 00:39:13] PRINT Train Epoch: 5 [51200/60000 (85%)]	Loss: 107.053574
[2022-10-20 00:39:13] PRINT Train Epoch: 5 [52480/60000 (87%)]	Loss: 107.816261
[2022-10-20 00:39:14] PRINT Train Epoch: 5 [53760/60000 (90%)]	Loss: 108.054329
[2022-10-20 00:39:14] PRINT Train Epoch: 5 [55040/60000 (92%)]	Loss: 112.453064
[2022-10-20 00:39:14] PRINT Train Epoch: 5 [56320/60000 (94%)]	Loss: 113.380997
[2022-10-20 00:39:15] PRINT Train Epoch: 5 [57600/60000 (96%)]	Loss: 108.438446
[2022-10-20 00:39:15] PRINT Train Epoch: 5 [58880/60000 (98%)]	Loss: 109.376648
[2022-10-20 00:39:15] PRINT ====> Epoch: 5 Average loss: 109.4809
[2022-10-20 00:39:18] PRINT ====> Test set loss: 108.1381
[2022-10-20 00:39:18] PRINT Train Epoch: 6 [0/60000 (0%)]	Loss: 111.717209
[2022-10-20 00:39:18] PRINT Train Epoch: 6 [1280/60000 (2%)]	Loss: 107.928894
[2022-10-20 00:39:18] PRINT Train Epoch: 6 [2560/60000 (4%)]	Loss: 108.822449
[2022-10-20 00:39:19] PRINT Train Epoch: 6 [3840/60000 (6%)]	Loss: 104.726105
[2022-10-20 00:39:19] PRINT Train Epoch: 6 [5120/60000 (9%)]	Loss: 109.991943
[2022-10-20 00:39:19] PRINT Train Epoch: 6 [6400/60000 (11%)]	Loss: 110.086060
[2022-10-20 00:39:20] PRINT Train Epoch: 6 [7680/60000 (13%)]	Loss: 108.751007
[2022-10-20 00:39:20] PRINT Train Epoch: 6 [8960/60000 (15%)]	Loss: 111.747574
[2022-10-20 00:39:20] PRINT Train Epoch: 6 [10240/60000 (17%)]	Loss: 107.153221
[2022-10-20 00:39:21] PRINT Train Epoch: 6 [11520/60000 (19%)]	Loss: 108.368088
[2022-10-20 00:39:21] PRINT Train Epoch: 6 [12800/60000 (21%)]	Loss: 107.494308
[2022-10-20 00:39:21] PRINT Train Epoch: 6 [14080/60000 (23%)]	Loss: 108.470558
[2022-10-20 00:39:22] PRINT Train Epoch: 6 [15360/60000 (26%)]	Loss: 108.665863
[2022-10-20 00:39:22] PRINT Train Epoch: 6 [16640/60000 (28%)]	Loss: 112.744560
[2022-10-20 00:39:22] PRINT Train Epoch: 6 [17920/60000 (30%)]	Loss: 113.487137
[2022-10-20 00:39:22] PRINT Train Epoch: 6 [19200/60000 (32%)]	Loss: 106.607765
[2022-10-20 00:39:23] PRINT Train Epoch: 6 [20480/60000 (34%)]	Loss: 107.292427
[2022-10-20 00:39:23] PRINT Train Epoch: 6 [21760/60000 (36%)]	Loss: 110.941620
[2022-10-20 00:39:23] PRINT Train Epoch: 6 [23040/60000 (38%)]	Loss: 104.224182
[2022-10-20 00:39:24] PRINT Train Epoch: 6 [24320/60000 (41%)]	Loss: 105.161003
[2022-10-20 00:39:24] PRINT Train Epoch: 6 [25600/60000 (43%)]	Loss: 103.624054
[2022-10-20 00:39:24] PRINT Train Epoch: 6 [26880/60000 (45%)]	Loss: 106.759163
[2022-10-20 00:39:25] PRINT Train Epoch: 6 [28160/60000 (47%)]	Loss: 110.202415
[2022-10-20 00:39:25] PRINT Train Epoch: 6 [29440/60000 (49%)]	Loss: 110.384567
[2022-10-20 00:39:25] PRINT Train Epoch: 6 [30720/60000 (51%)]	Loss: 106.440948
[2022-10-20 00:39:26] PRINT Train Epoch: 6 [32000/60000 (53%)]	Loss: 112.381973
[2022-10-20 00:39:26] PRINT Train Epoch: 6 [33280/60000 (55%)]	Loss: 113.168884
[2022-10-20 00:39:26] PRINT Train Epoch: 6 [34560/60000 (58%)]	Loss: 112.159042
[2022-10-20 00:39:26] PRINT Train Epoch: 6 [35840/60000 (60%)]	Loss: 112.219337
[2022-10-20 00:39:27] PRINT Train Epoch: 6 [37120/60000 (62%)]	Loss: 104.860954
[2022-10-20 00:39:27] PRINT Train Epoch: 6 [38400/60000 (64%)]	Loss: 108.929581
[2022-10-20 00:39:27] PRINT Train Epoch: 6 [39680/60000 (66%)]	Loss: 111.689468
[2022-10-20 00:39:28] PRINT Train Epoch: 6 [40960/60000 (68%)]	Loss: 107.694214
[2022-10-20 00:39:28] PRINT Train Epoch: 6 [42240/60000 (70%)]	Loss: 107.030991
[2022-10-20 00:39:28] PRINT Train Epoch: 6 [43520/60000 (72%)]	Loss: 109.591995
[2022-10-20 00:39:29] PRINT Train Epoch: 6 [44800/60000 (75%)]	Loss: 110.105316
[2022-10-20 00:39:29] PRINT Train Epoch: 6 [46080/60000 (77%)]	Loss: 111.343674
[2022-10-20 00:39:29] PRINT Train Epoch: 6 [47360/60000 (79%)]	Loss: 104.497162
[2022-10-20 00:39:29] PRINT Train Epoch: 6 [48640/60000 (81%)]	Loss: 108.541023
[2022-10-20 00:39:30] PRINT Train Epoch: 6 [49920/60000 (83%)]	Loss: 108.230637
[2022-10-20 00:39:30] PRINT Train Epoch: 6 [51200/60000 (85%)]	Loss: 109.805496
[2022-10-20 00:39:30] PRINT Train Epoch: 6 [52480/60000 (87%)]	Loss: 107.241043
[2022-10-20 00:39:31] PRINT Train Epoch: 6 [53760/60000 (90%)]	Loss: 107.610443
[2022-10-20 00:39:31] PRINT Train Epoch: 6 [55040/60000 (92%)]	Loss: 110.452881
[2022-10-20 00:39:31] PRINT Train Epoch: 6 [56320/60000 (94%)]	Loss: 108.272583
[2022-10-20 00:39:32] PRINT Train Epoch: 6 [57600/60000 (96%)]	Loss: 113.670898
[2022-10-20 00:39:32] PRINT Train Epoch: 6 [58880/60000 (98%)]	Loss: 105.422073
[2022-10-20 00:39:32] PRINT ====> Epoch: 6 Average loss: 108.1663
[2022-10-20 00:39:35] PRINT ====> Test set loss: 106.9616
[2022-10-20 00:39:35] PRINT Train Epoch: 7 [0/60000 (0%)]	Loss: 110.223450
[2022-10-20 00:39:35] PRINT Train Epoch: 7 [1280/60000 (2%)]	Loss: 110.974960
[2022-10-20 00:39:35] PRINT Train Epoch: 7 [2560/60000 (4%)]	Loss: 109.898346
[2022-10-20 00:39:36] PRINT Train Epoch: 7 [3840/60000 (6%)]	Loss: 108.510582
[2022-10-20 00:39:36] PRINT Train Epoch: 7 [5120/60000 (9%)]	Loss: 105.313416
[2022-10-20 00:39:36] PRINT Train Epoch: 7 [6400/60000 (11%)]	Loss: 110.210052
[2022-10-20 00:39:37] PRINT Train Epoch: 7 [7680/60000 (13%)]	Loss: 112.742378
[2022-10-20 00:39:37] PRINT Train Epoch: 7 [8960/60000 (15%)]	Loss: 108.346695
[2022-10-20 00:39:37] PRINT Train Epoch: 7 [10240/60000 (17%)]	Loss: 106.208580
[2022-10-20 00:39:38] PRINT Train Epoch: 7 [11520/60000 (19%)]	Loss: 108.917694
[2022-10-20 00:39:38] PRINT Train Epoch: 7 [12800/60000 (21%)]	Loss: 109.045906
[2022-10-20 00:39:38] PRINT Train Epoch: 7 [14080/60000 (23%)]	Loss: 108.592255
[2022-10-20 00:39:39] PRINT Train Epoch: 7 [15360/60000 (26%)]	Loss: 106.774200
[2022-10-20 00:39:39] PRINT Train Epoch: 7 [16640/60000 (28%)]	Loss: 104.912529
[2022-10-20 00:39:39] PRINT Train Epoch: 7 [17920/60000 (30%)]	Loss: 107.610420
[2022-10-20 00:39:39] PRINT Train Epoch: 7 [19200/60000 (32%)]	Loss: 107.679779
[2022-10-20 00:39:40] PRINT Train Epoch: 7 [20480/60000 (34%)]	Loss: 108.748238
[2022-10-20 00:39:40] PRINT Train Epoch: 7 [21760/60000 (36%)]	Loss: 102.445358
[2022-10-20 00:39:40] PRINT Train Epoch: 7 [23040/60000 (38%)]	Loss: 106.537354
[2022-10-20 00:39:41] PRINT Train Epoch: 7 [24320/60000 (41%)]	Loss: 110.751884
[2022-10-20 00:39:41] PRINT Train Epoch: 7 [25600/60000 (43%)]	Loss: 106.936615
[2022-10-20 00:39:41] PRINT Train Epoch: 7 [26880/60000 (45%)]	Loss: 109.573387
[2022-10-20 00:39:42] PRINT Train Epoch: 7 [28160/60000 (47%)]	Loss: 106.464378
[2022-10-20 00:39:42] PRINT Train Epoch: 7 [29440/60000 (49%)]	Loss: 108.945389
[2022-10-20 00:39:42] PRINT Train Epoch: 7 [30720/60000 (51%)]	Loss: 108.600815
[2022-10-20 00:39:43] PRINT Train Epoch: 7 [32000/60000 (53%)]	Loss: 111.232529
[2022-10-20 00:39:43] PRINT Train Epoch: 7 [33280/60000 (55%)]	Loss: 104.732285
[2022-10-20 00:39:43] PRINT Train Epoch: 7 [34560/60000 (58%)]	Loss: 109.155441
[2022-10-20 00:39:43] PRINT Train Epoch: 7 [35840/60000 (60%)]	Loss: 105.343979
[2022-10-20 00:39:44] PRINT Train Epoch: 7 [37120/60000 (62%)]	Loss: 107.658150
[2022-10-20 00:39:44] PRINT Train Epoch: 7 [38400/60000 (64%)]	Loss: 108.896164
[2022-10-20 00:39:44] PRINT Train Epoch: 7 [39680/60000 (66%)]	Loss: 105.717964
[2022-10-20 00:39:45] PRINT Train Epoch: 7 [40960/60000 (68%)]	Loss: 104.637527
[2022-10-20 00:39:45] PRINT Train Epoch: 7 [42240/60000 (70%)]	Loss: 105.658401
[2022-10-20 00:39:45] PRINT Train Epoch: 7 [43520/60000 (72%)]	Loss: 110.557404
[2022-10-20 00:39:46] PRINT Train Epoch: 7 [44800/60000 (75%)]	Loss: 111.455551
[2022-10-20 00:39:46] PRINT Train Epoch: 7 [46080/60000 (77%)]	Loss: 104.715767
[2022-10-20 00:39:46] PRINT Train Epoch: 7 [47360/60000 (79%)]	Loss: 103.610367
[2022-10-20 00:39:46] PRINT Train Epoch: 7 [48640/60000 (81%)]	Loss: 112.931274
[2022-10-20 00:39:47] PRINT Train Epoch: 7 [49920/60000 (83%)]	Loss: 107.405922
[2022-10-20 00:39:47] PRINT Train Epoch: 7 [51200/60000 (85%)]	Loss: 106.524704
[2022-10-20 00:39:47] PRINT Train Epoch: 7 [52480/60000 (87%)]	Loss: 108.589966
[2022-10-20 00:39:48] PRINT Train Epoch: 7 [53760/60000 (90%)]	Loss: 107.015450
[2022-10-20 00:39:48] PRINT Train Epoch: 7 [55040/60000 (92%)]	Loss: 111.892487
[2022-10-20 00:39:48] PRINT Train Epoch: 7 [56320/60000 (94%)]	Loss: 107.450172
[2022-10-20 00:39:49] PRINT Train Epoch: 7 [57600/60000 (96%)]	Loss: 104.120323
[2022-10-20 00:39:49] PRINT Train Epoch: 7 [58880/60000 (98%)]	Loss: 103.187332
[2022-10-20 00:39:49] PRINT ====> Epoch: 7 Average loss: 107.1945
[2022-10-20 00:39:52] PRINT ====> Test set loss: 106.3292
[2022-10-20 00:39:52] PRINT Train Epoch: 8 [0/60000 (0%)]	Loss: 104.559105
[2022-10-20 00:39:52] PRINT Train Epoch: 8 [1280/60000 (2%)]	Loss: 103.190590
[2022-10-20 00:39:53] PRINT Train Epoch: 8 [2560/60000 (4%)]	Loss: 106.602806
[2022-10-20 00:39:53] PRINT Train Epoch: 8 [3840/60000 (6%)]	Loss: 103.148285
[2022-10-20 00:39:53] PRINT Train Epoch: 8 [5120/60000 (9%)]	Loss: 106.982162
[2022-10-20 00:39:53] PRINT Train Epoch: 8 [6400/60000 (11%)]	Loss: 109.114349
[2022-10-20 00:39:54] PRINT Train Epoch: 8 [7680/60000 (13%)]	Loss: 106.555412
[2022-10-20 00:39:54] PRINT Train Epoch: 8 [8960/60000 (15%)]	Loss: 105.042328
[2022-10-20 00:39:54] PRINT Train Epoch: 8 [10240/60000 (17%)]	Loss: 110.323326
[2022-10-20 00:39:55] PRINT Train Epoch: 8 [11520/60000 (19%)]	Loss: 101.872803
[2022-10-20 00:39:55] PRINT Train Epoch: 8 [12800/60000 (21%)]	Loss: 107.972000
[2022-10-20 00:39:55] PRINT Train Epoch: 8 [14080/60000 (23%)]	Loss: 110.250938
[2022-10-20 00:39:56] PRINT Train Epoch: 8 [15360/60000 (26%)]	Loss: 105.551453
[2022-10-20 00:39:56] PRINT Train Epoch: 8 [16640/60000 (28%)]	Loss: 108.057724
[2022-10-20 00:39:56] PRINT Train Epoch: 8 [17920/60000 (30%)]	Loss: 105.996918
[2022-10-20 00:39:57] PRINT Train Epoch: 8 [19200/60000 (32%)]	Loss: 107.987900
[2022-10-20 00:39:57] PRINT Train Epoch: 8 [20480/60000 (34%)]	Loss: 104.426125
[2022-10-20 00:39:57] PRINT Train Epoch: 8 [21760/60000 (36%)]	Loss: 108.823174
[2022-10-20 00:39:58] PRINT Train Epoch: 8 [23040/60000 (38%)]	Loss: 104.512695
[2022-10-20 00:39:58] PRINT Train Epoch: 8 [24320/60000 (41%)]	Loss: 105.978226
[2022-10-20 00:39:58] PRINT Train Epoch: 8 [25600/60000 (43%)]	Loss: 105.996124
[2022-10-20 00:39:58] PRINT Train Epoch: 8 [26880/60000 (45%)]	Loss: 108.983673
[2022-10-20 00:39:59] PRINT Train Epoch: 8 [28160/60000 (47%)]	Loss: 106.434555
[2022-10-20 00:39:59] PRINT Train Epoch: 8 [29440/60000 (49%)]	Loss: 105.448196
[2022-10-20 00:39:59] PRINT Train Epoch: 8 [30720/60000 (51%)]	Loss: 107.894363
[2022-10-20 00:40:00] PRINT Train Epoch: 8 [32000/60000 (53%)]	Loss: 105.313286
[2022-10-20 00:40:00] PRINT Train Epoch: 8 [33280/60000 (55%)]	Loss: 107.392448
[2022-10-20 00:40:00] PRINT Train Epoch: 8 [34560/60000 (58%)]	Loss: 110.480347
[2022-10-20 00:40:01] PRINT Train Epoch: 8 [35840/60000 (60%)]	Loss: 105.976761
[2022-10-20 00:40:01] PRINT Train Epoch: 8 [37120/60000 (62%)]	Loss: 107.027252
[2022-10-20 00:40:01] PRINT Train Epoch: 8 [38400/60000 (64%)]	Loss: 104.406815
[2022-10-20 00:40:02] PRINT Train Epoch: 8 [39680/60000 (66%)]	Loss: 107.091599
[2022-10-20 00:40:02] PRINT Train Epoch: 8 [40960/60000 (68%)]	Loss: 107.597427
[2022-10-20 00:40:02] PRINT Train Epoch: 8 [42240/60000 (70%)]	Loss: 104.412064
[2022-10-20 00:40:03] PRINT Train Epoch: 8 [43520/60000 (72%)]	Loss: 104.120926
[2022-10-20 00:40:03] PRINT Train Epoch: 8 [44800/60000 (75%)]	Loss: 107.209610
[2022-10-20 00:40:03] PRINT Train Epoch: 8 [46080/60000 (77%)]	Loss: 108.135681
[2022-10-20 00:40:03] PRINT Train Epoch: 8 [47360/60000 (79%)]	Loss: 106.943176
[2022-10-20 00:40:04] PRINT Train Epoch: 8 [48640/60000 (81%)]	Loss: 105.730919
[2022-10-20 00:40:04] PRINT Train Epoch: 8 [49920/60000 (83%)]	Loss: 106.307693
[2022-10-20 00:40:04] PRINT Train Epoch: 8 [51200/60000 (85%)]	Loss: 105.101318
[2022-10-20 00:40:05] PRINT Train Epoch: 8 [52480/60000 (87%)]	Loss: 104.089050
[2022-10-20 00:40:05] PRINT Train Epoch: 8 [53760/60000 (90%)]	Loss: 104.280632
[2022-10-20 00:40:05] PRINT Train Epoch: 8 [55040/60000 (92%)]	Loss: 106.974770
[2022-10-20 00:40:06] PRINT Train Epoch: 8 [56320/60000 (94%)]	Loss: 107.097282
[2022-10-20 00:40:06] PRINT Train Epoch: 8 [57600/60000 (96%)]	Loss: 108.869492
[2022-10-20 00:40:06] PRINT Train Epoch: 8 [58880/60000 (98%)]	Loss: 107.926773
[2022-10-20 00:40:07] PRINT ====> Epoch: 8 Average loss: 106.4778
[2022-10-20 00:40:09] PRINT ====> Test set loss: 105.8603
[2022-10-20 00:40:09] PRINT Train Epoch: 9 [0/60000 (0%)]	Loss: 104.349396
[2022-10-20 00:40:10] PRINT Train Epoch: 9 [1280/60000 (2%)]	Loss: 103.830688
[2022-10-20 00:40:10] PRINT Train Epoch: 9 [2560/60000 (4%)]	Loss: 106.675110
[2022-10-20 00:40:10] PRINT Train Epoch: 9 [3840/60000 (6%)]	Loss: 107.289307
[2022-10-20 00:40:10] PRINT Train Epoch: 9 [5120/60000 (9%)]	Loss: 101.973434
[2022-10-20 00:40:11] PRINT Train Epoch: 9 [6400/60000 (11%)]	Loss: 109.028015
[2022-10-20 00:40:11] PRINT Train Epoch: 9 [7680/60000 (13%)]	Loss: 105.439545
[2022-10-20 00:40:11] PRINT Train Epoch: 9 [8960/60000 (15%)]	Loss: 100.784515
[2022-10-20 00:40:12] PRINT Train Epoch: 9 [10240/60000 (17%)]	Loss: 106.069344
[2022-10-20 00:40:12] PRINT Train Epoch: 9 [11520/60000 (19%)]	Loss: 110.171204
[2022-10-20 00:40:12] PRINT Train Epoch: 9 [12800/60000 (21%)]	Loss: 107.866425
[2022-10-20 00:40:13] PRINT Train Epoch: 9 [14080/60000 (23%)]	Loss: 107.468063
[2022-10-20 00:40:13] PRINT Train Epoch: 9 [15360/60000 (26%)]	Loss: 108.282852
[2022-10-20 00:40:13] PRINT Train Epoch: 9 [16640/60000 (28%)]	Loss: 108.237015
[2022-10-20 00:40:14] PRINT Train Epoch: 9 [17920/60000 (30%)]	Loss: 107.334343
[2022-10-20 00:40:14] PRINT Train Epoch: 9 [19200/60000 (32%)]	Loss: 108.599586
[2022-10-20 00:40:14] PRINT Train Epoch: 9 [20480/60000 (34%)]	Loss: 109.089951
[2022-10-20 00:40:14] PRINT Train Epoch: 9 [21760/60000 (36%)]	Loss: 102.481987
[2022-10-20 00:40:15] PRINT Train Epoch: 9 [23040/60000 (38%)]	Loss: 108.439941
[2022-10-20 00:40:15] PRINT Train Epoch: 9 [24320/60000 (41%)]	Loss: 105.668709
[2022-10-20 00:40:15] PRINT Train Epoch: 9 [25600/60000 (43%)]	Loss: 106.772873
[2022-10-20 00:40:16] PRINT Train Epoch: 9 [26880/60000 (45%)]	Loss: 109.826866
[2022-10-20 00:40:16] PRINT Train Epoch: 9 [28160/60000 (47%)]	Loss: 101.034187
[2022-10-20 00:40:16] PRINT Train Epoch: 9 [29440/60000 (49%)]	Loss: 102.041847
[2022-10-20 00:40:17] PRINT Train Epoch: 9 [30720/60000 (51%)]	Loss: 105.436691
[2022-10-20 00:40:17] PRINT Train Epoch: 9 [32000/60000 (53%)]	Loss: 107.956367
[2022-10-20 00:40:17] PRINT Train Epoch: 9 [33280/60000 (55%)]	Loss: 108.303139
[2022-10-20 00:40:18] PRINT Train Epoch: 9 [34560/60000 (58%)]	Loss: 105.017105
[2022-10-20 00:40:18] PRINT Train Epoch: 9 [35840/60000 (60%)]	Loss: 109.509903
[2022-10-20 00:40:18] PRINT Train Epoch: 9 [37120/60000 (62%)]	Loss: 102.602379
[2022-10-20 00:40:18] PRINT Train Epoch: 9 [38400/60000 (64%)]	Loss: 105.986320
[2022-10-20 00:40:19] PRINT Train Epoch: 9 [39680/60000 (66%)]	Loss: 105.819389
[2022-10-20 00:40:19] PRINT Train Epoch: 9 [40960/60000 (68%)]	Loss: 106.826927
[2022-10-20 00:40:19] PRINT Train Epoch: 9 [42240/60000 (70%)]	Loss: 103.863106
[2022-10-20 00:40:20] PRINT Train Epoch: 9 [43520/60000 (72%)]	Loss: 104.802612
[2022-10-20 00:40:20] PRINT Train Epoch: 9 [44800/60000 (75%)]	Loss: 105.495758
[2022-10-20 00:40:20] PRINT Train Epoch: 9 [46080/60000 (77%)]	Loss: 106.367424
[2022-10-20 00:40:21] PRINT Train Epoch: 9 [47360/60000 (79%)]	Loss: 107.336670
[2022-10-20 00:40:21] PRINT Train Epoch: 9 [48640/60000 (81%)]	Loss: 102.664291
[2022-10-20 00:40:21] PRINT Train Epoch: 9 [49920/60000 (83%)]	Loss: 105.476868
[2022-10-20 00:40:21] PRINT Train Epoch: 9 [51200/60000 (85%)]	Loss: 106.653671
[2022-10-20 00:40:22] PRINT Train Epoch: 9 [52480/60000 (87%)]	Loss: 109.625244
[2022-10-20 00:40:22] PRINT Train Epoch: 9 [53760/60000 (90%)]	Loss: 108.975220
[2022-10-20 00:40:22] PRINT Train Epoch: 9 [55040/60000 (92%)]	Loss: 107.710251
[2022-10-20 00:40:23] PRINT Train Epoch: 9 [56320/60000 (94%)]	Loss: 105.053139
[2022-10-20 00:40:23] PRINT Train Epoch: 9 [57600/60000 (96%)]	Loss: 104.949631
[2022-10-20 00:40:23] PRINT Train Epoch: 9 [58880/60000 (98%)]	Loss: 110.264442
[2022-10-20 00:40:24] PRINT ====> Epoch: 9 Average loss: 105.9655
[2022-10-20 00:40:26] PRINT ====> Test set loss: 105.3449
[2022-10-20 00:40:26] PRINT Train Epoch: 10 [0/60000 (0%)]	Loss: 106.103287
[2022-10-20 00:40:27] PRINT Train Epoch: 10 [1280/60000 (2%)]	Loss: 106.971100
[2022-10-20 00:40:27] PRINT Train Epoch: 10 [2560/60000 (4%)]	Loss: 103.781311
[2022-10-20 00:40:27] PRINT Train Epoch: 10 [3840/60000 (6%)]	Loss: 108.272186
[2022-10-20 00:40:27] PRINT Train Epoch: 10 [5120/60000 (9%)]	Loss: 104.663269
[2022-10-20 00:40:28] PRINT Train Epoch: 10 [6400/60000 (11%)]	Loss: 107.601013
[2022-10-20 00:40:28] PRINT Train Epoch: 10 [7680/60000 (13%)]	Loss: 103.714844
[2022-10-20 00:40:28] PRINT Train Epoch: 10 [8960/60000 (15%)]	Loss: 109.760536
[2022-10-20 00:40:29] PRINT Train Epoch: 10 [10240/60000 (17%)]	Loss: 104.118118
[2022-10-20 00:40:29] PRINT Train Epoch: 10 [11520/60000 (19%)]	Loss: 106.859543
[2022-10-20 00:40:29] PRINT Train Epoch: 10 [12800/60000 (21%)]	Loss: 104.230118
[2022-10-20 00:40:30] PRINT Train Epoch: 10 [14080/60000 (23%)]	Loss: 108.945938
[2022-10-20 00:40:30] PRINT Train Epoch: 10 [15360/60000 (26%)]	Loss: 102.318382
[2022-10-20 00:40:30] PRINT Train Epoch: 10 [16640/60000 (28%)]	Loss: 109.404312
[2022-10-20 00:40:31] PRINT Train Epoch: 10 [17920/60000 (30%)]	Loss: 103.060547
[2022-10-20 00:40:31] PRINT Train Epoch: 10 [19200/60000 (32%)]	Loss: 105.072693
[2022-10-20 00:40:31] PRINT Train Epoch: 10 [20480/60000 (34%)]	Loss: 103.249352
[2022-10-20 00:40:31] PRINT Train Epoch: 10 [21760/60000 (36%)]	Loss: 103.947243
[2022-10-20 00:40:32] PRINT Train Epoch: 10 [23040/60000 (38%)]	Loss: 103.677620
[2022-10-20 00:40:32] PRINT Train Epoch: 10 [24320/60000 (41%)]	Loss: 108.502930
[2022-10-20 00:40:32] PRINT Train Epoch: 10 [25600/60000 (43%)]	Loss: 109.763824
[2022-10-20 00:40:33] PRINT Train Epoch: 10 [26880/60000 (45%)]	Loss: 106.992737
[2022-10-20 00:40:33] PRINT Train Epoch: 10 [28160/60000 (47%)]	Loss: 102.023308
[2022-10-20 00:40:33] PRINT Train Epoch: 10 [29440/60000 (49%)]	Loss: 101.123741
[2022-10-20 00:40:34] PRINT Train Epoch: 10 [30720/60000 (51%)]	Loss: 101.759315
[2022-10-20 00:40:34] PRINT Train Epoch: 10 [32000/60000 (53%)]	Loss: 104.141899
[2022-10-20 00:40:34] PRINT Train Epoch: 10 [33280/60000 (55%)]	Loss: 104.840820
[2022-10-20 00:40:35] PRINT Train Epoch: 10 [34560/60000 (58%)]	Loss: 106.345657
[2022-10-20 00:40:35] PRINT Train Epoch: 10 [35840/60000 (60%)]	Loss: 104.653023
[2022-10-20 00:40:35] PRINT Train Epoch: 10 [37120/60000 (62%)]	Loss: 103.799461
[2022-10-20 00:40:35] PRINT Train Epoch: 10 [38400/60000 (64%)]	Loss: 101.949844
[2022-10-20 00:40:36] PRINT Train Epoch: 10 [39680/60000 (66%)]	Loss: 107.610832
[2022-10-20 00:40:36] PRINT Train Epoch: 10 [40960/60000 (68%)]	Loss: 105.382370
[2022-10-20 00:40:36] PRINT Train Epoch: 10 [42240/60000 (70%)]	Loss: 102.604774
[2022-10-20 00:40:37] PRINT Train Epoch: 10 [43520/60000 (72%)]	Loss: 106.853905
[2022-10-20 00:40:37] PRINT Train Epoch: 10 [44800/60000 (75%)]	Loss: 108.207512
[2022-10-20 00:40:37] PRINT Train Epoch: 10 [46080/60000 (77%)]	Loss: 103.358589
[2022-10-20 00:40:38] PRINT Train Epoch: 10 [47360/60000 (79%)]	Loss: 107.170166
[2022-10-20 00:40:38] PRINT Train Epoch: 10 [48640/60000 (81%)]	Loss: 105.779968
[2022-10-20 00:40:38] PRINT Train Epoch: 10 [49920/60000 (83%)]	Loss: 105.278633
[2022-10-20 00:40:38] PRINT Train Epoch: 10 [51200/60000 (85%)]	Loss: 102.214020
[2022-10-20 00:40:39] PRINT Train Epoch: 10 [52480/60000 (87%)]	Loss: 104.968933
[2022-10-20 00:40:39] PRINT Train Epoch: 10 [53760/60000 (90%)]	Loss: 106.642197
[2022-10-20 00:40:39] PRINT Train Epoch: 10 [55040/60000 (92%)]	Loss: 106.741745
[2022-10-20 00:40:40] PRINT Train Epoch: 10 [56320/60000 (94%)]	Loss: 105.588936
[2022-10-20 00:40:40] PRINT Train Epoch: 10 [57600/60000 (96%)]	Loss: 100.691788
[2022-10-20 00:40:40] PRINT Train Epoch: 10 [58880/60000 (98%)]	Loss: 103.667694
[2022-10-20 00:40:41] PRINT ====> Epoch: 10 Average loss: 105.5114
[2022-10-20 00:40:43] PRINT ====> Test set loss: 105.4367
