[2022-10-20 00:50:38] PRINT {'features1': 500, 'features2': 10, 'lr': 0.0001414878105773494, 'epsilon': 1e-06, 'TRIAL_BUDGET': 2}
[2022-10-20 00:50:38] PRINT Using cuda device
[2022-10-20 00:50:43] PRINT Train Epoch: 1 [0/60000 (0%)]	Loss: 550.097473
[2022-10-20 00:50:43] PRINT Train Epoch: 1 [1280/60000 (2%)]	Loss: 503.442047
[2022-10-20 00:50:44] PRINT Train Epoch: 1 [2560/60000 (4%)]	Loss: 446.657959
[2022-10-20 00:50:44] PRINT Train Epoch: 1 [3840/60000 (6%)]	Loss: 374.562134
[2022-10-20 00:50:44] PRINT Train Epoch: 1 [5120/60000 (9%)]	Loss: 310.050354
[2022-10-20 00:50:45] PRINT Train Epoch: 1 [6400/60000 (11%)]	Loss: 291.722809
[2022-10-20 00:50:45] PRINT Train Epoch: 1 [7680/60000 (13%)]	Loss: 264.450775
[2022-10-20 00:50:45] PRINT Train Epoch: 1 [8960/60000 (15%)]	Loss: 249.684174
[2022-10-20 00:50:45] PRINT Train Epoch: 1 [10240/60000 (17%)]	Loss: 241.343704
[2022-10-20 00:50:46] PRINT Train Epoch: 1 [11520/60000 (19%)]	Loss: 241.755585
[2022-10-20 00:50:46] PRINT Train Epoch: 1 [12800/60000 (21%)]	Loss: 240.170776
[2022-10-20 00:50:46] PRINT Train Epoch: 1 [14080/60000 (23%)]	Loss: 237.249313
[2022-10-20 00:50:47] PRINT Train Epoch: 1 [15360/60000 (26%)]	Loss: 231.406311
[2022-10-20 00:50:47] PRINT Train Epoch: 1 [16640/60000 (28%)]	Loss: 226.296997
[2022-10-20 00:50:47] PRINT Train Epoch: 1 [17920/60000 (30%)]	Loss: 233.786255
[2022-10-20 00:50:48] PRINT Train Epoch: 1 [19200/60000 (32%)]	Loss: 226.534653
[2022-10-20 00:50:48] PRINT Train Epoch: 1 [20480/60000 (34%)]	Loss: 226.205170
[2022-10-20 00:50:48] PRINT Train Epoch: 1 [21760/60000 (36%)]	Loss: 222.309784
[2022-10-20 00:50:48] PRINT Train Epoch: 1 [23040/60000 (38%)]	Loss: 221.349289
[2022-10-20 00:50:49] PRINT Train Epoch: 1 [24320/60000 (41%)]	Loss: 217.594330
[2022-10-20 00:50:49] PRINT Train Epoch: 1 [25600/60000 (43%)]	Loss: 218.535828
[2022-10-20 00:50:49] PRINT Train Epoch: 1 [26880/60000 (45%)]	Loss: 211.084229
[2022-10-20 00:50:50] PRINT Train Epoch: 1 [28160/60000 (47%)]	Loss: 211.413376
[2022-10-20 00:50:50] PRINT Train Epoch: 1 [29440/60000 (49%)]	Loss: 205.977844
[2022-10-20 00:50:50] PRINT Train Epoch: 1 [30720/60000 (51%)]	Loss: 204.775085
[2022-10-20 00:50:51] PRINT Train Epoch: 1 [32000/60000 (53%)]	Loss: 203.346466
[2022-10-20 00:50:51] PRINT Train Epoch: 1 [33280/60000 (55%)]	Loss: 197.579468
[2022-10-20 00:50:51] PRINT Train Epoch: 1 [34560/60000 (58%)]	Loss: 202.797119
[2022-10-20 00:50:51] PRINT Train Epoch: 1 [35840/60000 (60%)]	Loss: 194.434006
[2022-10-20 00:50:52] PRINT Train Epoch: 1 [37120/60000 (62%)]	Loss: 198.893478
[2022-10-20 00:50:52] PRINT Train Epoch: 1 [38400/60000 (64%)]	Loss: 197.629120
[2022-10-20 00:50:52] PRINT Train Epoch: 1 [39680/60000 (66%)]	Loss: 196.444565
[2022-10-20 00:50:53] PRINT Train Epoch: 1 [40960/60000 (68%)]	Loss: 191.822128
[2022-10-20 00:50:53] PRINT Train Epoch: 1 [42240/60000 (70%)]	Loss: 186.367706
[2022-10-20 00:50:53] PRINT Train Epoch: 1 [43520/60000 (72%)]	Loss: 200.756683
[2022-10-20 00:50:54] PRINT Train Epoch: 1 [44800/60000 (75%)]	Loss: 194.182556
[2022-10-20 00:50:54] PRINT Train Epoch: 1 [46080/60000 (77%)]	Loss: 183.529922
[2022-10-20 00:50:54] PRINT Train Epoch: 1 [47360/60000 (79%)]	Loss: 185.901352
[2022-10-20 00:50:55] PRINT Train Epoch: 1 [48640/60000 (81%)]	Loss: 187.432831
[2022-10-20 00:50:55] PRINT Train Epoch: 1 [49920/60000 (83%)]	Loss: 181.138748
[2022-10-20 00:50:55] PRINT Train Epoch: 1 [51200/60000 (85%)]	Loss: 184.694962
[2022-10-20 00:50:55] PRINT Train Epoch: 1 [52480/60000 (87%)]	Loss: 179.289291
[2022-10-20 00:50:56] PRINT Train Epoch: 1 [53760/60000 (90%)]	Loss: 173.860046
[2022-10-20 00:50:56] PRINT Train Epoch: 1 [55040/60000 (92%)]	Loss: 173.122803
[2022-10-20 00:50:56] PRINT Train Epoch: 1 [56320/60000 (94%)]	Loss: 179.076004
[2022-10-20 00:50:57] PRINT Train Epoch: 1 [57600/60000 (96%)]	Loss: 172.363403
[2022-10-20 00:50:57] PRINT Train Epoch: 1 [58880/60000 (98%)]	Loss: 174.339172
[2022-10-20 00:50:57] PRINT ====> Epoch: 1 Average loss: 229.0798
[2022-10-20 00:51:00] PRINT ====> Test set loss: 171.2019
[2022-10-20 00:51:00] PRINT Train Epoch: 2 [0/60000 (0%)]	Loss: 174.801300
[2022-10-20 00:51:00] PRINT Train Epoch: 2 [1280/60000 (2%)]	Loss: 171.844177
[2022-10-20 00:51:01] PRINT Train Epoch: 2 [2560/60000 (4%)]	Loss: 169.966568
[2022-10-20 00:51:01] PRINT Train Epoch: 2 [3840/60000 (6%)]	Loss: 162.954636
[2022-10-20 00:51:01] PRINT Train Epoch: 2 [5120/60000 (9%)]	Loss: 172.498016
[2022-10-20 00:51:01] PRINT Train Epoch: 2 [6400/60000 (11%)]	Loss: 167.894333
[2022-10-20 00:51:02] PRINT Train Epoch: 2 [7680/60000 (13%)]	Loss: 162.723038
[2022-10-20 00:51:02] PRINT Train Epoch: 2 [8960/60000 (15%)]	Loss: 165.863708
[2022-10-20 00:51:02] PRINT Train Epoch: 2 [10240/60000 (17%)]	Loss: 162.149185
[2022-10-20 00:51:03] PRINT Train Epoch: 2 [11520/60000 (19%)]	Loss: 166.250793
[2022-10-20 00:51:03] PRINT Train Epoch: 2 [12800/60000 (21%)]	Loss: 165.368149
[2022-10-20 00:51:03] PRINT Train Epoch: 2 [14080/60000 (23%)]	Loss: 158.639282
[2022-10-20 00:51:04] PRINT Train Epoch: 2 [15360/60000 (26%)]	Loss: 161.849915
[2022-10-20 00:51:04] PRINT Train Epoch: 2 [16640/60000 (28%)]	Loss: 165.355682
[2022-10-20 00:51:04] PRINT Train Epoch: 2 [17920/60000 (30%)]	Loss: 164.508102
[2022-10-20 00:51:05] PRINT Train Epoch: 2 [19200/60000 (32%)]	Loss: 155.186020
[2022-10-20 00:51:05] PRINT Train Epoch: 2 [20480/60000 (34%)]	Loss: 159.377045
[2022-10-20 00:51:05] PRINT Train Epoch: 2 [21760/60000 (36%)]	Loss: 160.655182
[2022-10-20 00:51:05] PRINT Train Epoch: 2 [23040/60000 (38%)]	Loss: 161.378525
[2022-10-20 00:51:06] PRINT Train Epoch: 2 [24320/60000 (41%)]	Loss: 156.927475
[2022-10-20 00:51:06] PRINT Train Epoch: 2 [25600/60000 (43%)]	Loss: 151.548233
[2022-10-20 00:51:06] PRINT Train Epoch: 2 [26880/60000 (45%)]	Loss: 153.412277
[2022-10-20 00:51:07] PRINT Train Epoch: 2 [28160/60000 (47%)]	Loss: 154.771942
[2022-10-20 00:51:07] PRINT Train Epoch: 2 [29440/60000 (49%)]	Loss: 156.961823
[2022-10-20 00:51:07] PRINT Train Epoch: 2 [30720/60000 (51%)]	Loss: 153.596344
[2022-10-20 00:51:08] PRINT Train Epoch: 2 [32000/60000 (53%)]	Loss: 155.820892
[2022-10-20 00:51:08] PRINT Train Epoch: 2 [33280/60000 (55%)]	Loss: 159.242981
[2022-10-20 00:51:08] PRINT Train Epoch: 2 [34560/60000 (58%)]	Loss: 151.467224
[2022-10-20 00:51:09] PRINT Train Epoch: 2 [35840/60000 (60%)]	Loss: 154.318512
[2022-10-20 00:51:09] PRINT Train Epoch: 2 [37120/60000 (62%)]	Loss: 157.149277
[2022-10-20 00:51:09] PRINT Train Epoch: 2 [38400/60000 (64%)]	Loss: 145.507294
[2022-10-20 00:51:09] PRINT Train Epoch: 2 [39680/60000 (66%)]	Loss: 152.603210
[2022-10-20 00:51:10] PRINT Train Epoch: 2 [40960/60000 (68%)]	Loss: 150.276398
[2022-10-20 00:51:10] PRINT Train Epoch: 2 [42240/60000 (70%)]	Loss: 154.142456
[2022-10-20 00:51:10] PRINT Train Epoch: 2 [43520/60000 (72%)]	Loss: 155.944641
[2022-10-20 00:51:11] PRINT Train Epoch: 2 [44800/60000 (75%)]	Loss: 149.577362
[2022-10-20 00:51:11] PRINT Train Epoch: 2 [46080/60000 (77%)]	Loss: 148.808807
[2022-10-20 00:51:11] PRINT Train Epoch: 2 [47360/60000 (79%)]	Loss: 149.449402
[2022-10-20 00:51:12] PRINT Train Epoch: 2 [48640/60000 (81%)]	Loss: 145.898422
[2022-10-20 00:51:12] PRINT Train Epoch: 2 [49920/60000 (83%)]	Loss: 146.884796
[2022-10-20 00:51:12] PRINT Train Epoch: 2 [51200/60000 (85%)]	Loss: 144.361450
[2022-10-20 00:51:13] PRINT Train Epoch: 2 [52480/60000 (87%)]	Loss: 152.248169
[2022-10-20 00:51:13] PRINT Train Epoch: 2 [53760/60000 (90%)]	Loss: 146.179382
[2022-10-20 00:51:13] PRINT Train Epoch: 2 [55040/60000 (92%)]	Loss: 152.109482
[2022-10-20 00:51:13] PRINT Train Epoch: 2 [56320/60000 (94%)]	Loss: 143.743881
[2022-10-20 00:51:14] PRINT Train Epoch: 2 [57600/60000 (96%)]	Loss: 144.035645
[2022-10-20 00:51:14] PRINT Train Epoch: 2 [58880/60000 (98%)]	Loss: 147.238266
[2022-10-20 00:51:14] PRINT ====> Epoch: 2 Average loss: 156.4984
[2022-10-20 00:51:17] PRINT ====> Test set loss: 144.3960
[2022-10-20 00:51:17] PRINT Train Epoch: 3 [0/60000 (0%)]	Loss: 139.513885
[2022-10-20 00:51:17] PRINT Train Epoch: 3 [1280/60000 (2%)]	Loss: 147.838562
[2022-10-20 00:51:18] PRINT Train Epoch: 3 [2560/60000 (4%)]	Loss: 150.923813
[2022-10-20 00:51:18] PRINT Train Epoch: 3 [3840/60000 (6%)]	Loss: 145.407150
[2022-10-20 00:51:18] PRINT Train Epoch: 3 [5120/60000 (9%)]	Loss: 141.503281
[2022-10-20 00:51:19] PRINT Train Epoch: 3 [6400/60000 (11%)]	Loss: 140.539917
[2022-10-20 00:51:19] PRINT Train Epoch: 3 [7680/60000 (13%)]	Loss: 141.345093
[2022-10-20 00:51:19] PRINT Train Epoch: 3 [8960/60000 (15%)]	Loss: 141.846207
[2022-10-20 00:51:19] PRINT Train Epoch: 3 [10240/60000 (17%)]	Loss: 140.749359
[2022-10-20 00:51:20] PRINT Train Epoch: 3 [11520/60000 (19%)]	Loss: 137.600800
[2022-10-20 00:51:20] PRINT Train Epoch: 3 [12800/60000 (21%)]	Loss: 141.365845
[2022-10-20 00:51:20] PRINT Train Epoch: 3 [14080/60000 (23%)]	Loss: 140.641968
[2022-10-20 00:51:21] PRINT Train Epoch: 3 [15360/60000 (26%)]	Loss: 138.317062
[2022-10-20 00:51:21] PRINT Train Epoch: 3 [16640/60000 (28%)]	Loss: 141.228561
[2022-10-20 00:51:21] PRINT Train Epoch: 3 [17920/60000 (30%)]	Loss: 142.884384
[2022-10-20 00:51:22] PRINT Train Epoch: 3 [19200/60000 (32%)]	Loss: 140.430130
[2022-10-20 00:51:22] PRINT Train Epoch: 3 [20480/60000 (34%)]	Loss: 138.466400
[2022-10-20 00:51:22] PRINT Train Epoch: 3 [21760/60000 (36%)]	Loss: 142.748337
[2022-10-20 00:51:22] PRINT Train Epoch: 3 [23040/60000 (38%)]	Loss: 145.384262
[2022-10-20 00:51:23] PRINT Train Epoch: 3 [24320/60000 (41%)]	Loss: 148.512558
[2022-10-20 00:51:23] PRINT Train Epoch: 3 [25600/60000 (43%)]	Loss: 138.459381
[2022-10-20 00:51:23] PRINT Train Epoch: 3 [26880/60000 (45%)]	Loss: 139.535889
[2022-10-20 00:51:24] PRINT Train Epoch: 3 [28160/60000 (47%)]	Loss: 140.552826
[2022-10-20 00:51:24] PRINT Train Epoch: 3 [29440/60000 (49%)]	Loss: 139.263947
[2022-10-20 00:51:24] PRINT Train Epoch: 3 [30720/60000 (51%)]	Loss: 142.081253
[2022-10-20 00:51:25] PRINT Train Epoch: 3 [32000/60000 (53%)]	Loss: 140.102142
[2022-10-20 00:51:25] PRINT Train Epoch: 3 [33280/60000 (55%)]	Loss: 139.098419
[2022-10-20 00:51:25] PRINT Train Epoch: 3 [34560/60000 (58%)]	Loss: 134.090836
[2022-10-20 00:51:26] PRINT Train Epoch: 3 [35840/60000 (60%)]	Loss: 141.021591
[2022-10-20 00:51:26] PRINT Train Epoch: 3 [37120/60000 (62%)]	Loss: 141.305634
[2022-10-20 00:51:26] PRINT Train Epoch: 3 [38400/60000 (64%)]	Loss: 137.224792
[2022-10-20 00:51:26] PRINT Train Epoch: 3 [39680/60000 (66%)]	Loss: 133.185242
[2022-10-20 00:51:27] PRINT Train Epoch: 3 [40960/60000 (68%)]	Loss: 139.567169
[2022-10-20 00:51:27] PRINT Train Epoch: 3 [42240/60000 (70%)]	Loss: 135.658127
[2022-10-20 00:51:27] PRINT Train Epoch: 3 [43520/60000 (72%)]	Loss: 136.699402
[2022-10-20 00:51:28] PRINT Train Epoch: 3 [44800/60000 (75%)]	Loss: 141.196091
[2022-10-20 00:51:28] PRINT Train Epoch: 3 [46080/60000 (77%)]	Loss: 134.913422
[2022-10-20 00:51:28] PRINT Train Epoch: 3 [47360/60000 (79%)]	Loss: 135.803711
[2022-10-20 00:51:29] PRINT Train Epoch: 3 [48640/60000 (81%)]	Loss: 135.277359
[2022-10-20 00:51:29] PRINT Train Epoch: 3 [49920/60000 (83%)]	Loss: 136.559265
[2022-10-20 00:51:29] PRINT Train Epoch: 3 [51200/60000 (85%)]	Loss: 136.262146
[2022-10-20 00:51:29] PRINT Train Epoch: 3 [52480/60000 (87%)]	Loss: 137.416229
[2022-10-20 00:51:30] PRINT Train Epoch: 3 [53760/60000 (90%)]	Loss: 143.908844
[2022-10-20 00:51:30] PRINT Train Epoch: 3 [55040/60000 (92%)]	Loss: 136.931854
[2022-10-20 00:51:30] PRINT Train Epoch: 3 [56320/60000 (94%)]	Loss: 141.667770
[2022-10-20 00:51:31] PRINT Train Epoch: 3 [57600/60000 (96%)]	Loss: 136.818848
[2022-10-20 00:51:31] PRINT Train Epoch: 3 [58880/60000 (98%)]	Loss: 141.152374
[2022-10-20 00:51:31] PRINT ====> Epoch: 3 Average loss: 139.9899
[2022-10-20 00:51:34] PRINT ====> Test set loss: 134.7970
[2022-10-20 00:51:34] PRINT Train Epoch: 4 [0/60000 (0%)]	Loss: 131.123627
[2022-10-20 00:51:34] PRINT Train Epoch: 4 [1280/60000 (2%)]	Loss: 138.599335
[2022-10-20 00:51:35] PRINT Train Epoch: 4 [2560/60000 (4%)]	Loss: 132.643692
[2022-10-20 00:51:35] PRINT Train Epoch: 4 [3840/60000 (6%)]	Loss: 137.333160
[2022-10-20 00:51:35] PRINT Train Epoch: 4 [5120/60000 (9%)]	Loss: 136.590912
[2022-10-20 00:51:35] PRINT Train Epoch: 4 [6400/60000 (11%)]	Loss: 137.892120
[2022-10-20 00:51:36] PRINT Train Epoch: 4 [7680/60000 (13%)]	Loss: 134.197205
[2022-10-20 00:51:36] PRINT Train Epoch: 4 [8960/60000 (15%)]	Loss: 136.187775
[2022-10-20 00:51:36] PRINT Train Epoch: 4 [10240/60000 (17%)]	Loss: 133.265137
[2022-10-20 00:51:37] PRINT Train Epoch: 4 [11520/60000 (19%)]	Loss: 130.718826
[2022-10-20 00:51:37] PRINT Train Epoch: 4 [12800/60000 (21%)]	Loss: 136.564072
[2022-10-20 00:51:37] PRINT Train Epoch: 4 [14080/60000 (23%)]	Loss: 124.053047
[2022-10-20 00:51:38] PRINT Train Epoch: 4 [15360/60000 (26%)]	Loss: 131.178009
[2022-10-20 00:51:38] PRINT Train Epoch: 4 [16640/60000 (28%)]	Loss: 138.555023
[2022-10-20 00:51:38] PRINT Train Epoch: 4 [17920/60000 (30%)]	Loss: 128.297897
[2022-10-20 00:51:39] PRINT Train Epoch: 4 [19200/60000 (32%)]	Loss: 142.622330
[2022-10-20 00:51:39] PRINT Train Epoch: 4 [20480/60000 (34%)]	Loss: 134.492950
[2022-10-20 00:51:39] PRINT Train Epoch: 4 [21760/60000 (36%)]	Loss: 137.823212
[2022-10-20 00:51:40] PRINT Train Epoch: 4 [23040/60000 (38%)]	Loss: 136.338776
[2022-10-20 00:51:40] PRINT Train Epoch: 4 [24320/60000 (41%)]	Loss: 134.896957
[2022-10-20 00:51:40] PRINT Train Epoch: 4 [25600/60000 (43%)]	Loss: 129.071655
[2022-10-20 00:51:40] PRINT Train Epoch: 4 [26880/60000 (45%)]	Loss: 131.997971
[2022-10-20 00:51:41] PRINT Train Epoch: 4 [28160/60000 (47%)]	Loss: 137.357086
[2022-10-20 00:51:41] PRINT Train Epoch: 4 [29440/60000 (49%)]	Loss: 133.307297
[2022-10-20 00:51:41] PRINT Train Epoch: 4 [30720/60000 (51%)]	Loss: 135.222702
[2022-10-20 00:51:42] PRINT Train Epoch: 4 [32000/60000 (53%)]	Loss: 136.346420
[2022-10-20 00:51:42] PRINT Train Epoch: 4 [33280/60000 (55%)]	Loss: 127.928940
[2022-10-20 00:51:42] PRINT Train Epoch: 4 [34560/60000 (58%)]	Loss: 137.175690
[2022-10-20 00:51:43] PRINT Train Epoch: 4 [35840/60000 (60%)]	Loss: 135.320282
[2022-10-20 00:51:43] PRINT Train Epoch: 4 [37120/60000 (62%)]	Loss: 134.524933
[2022-10-20 00:51:43] PRINT Train Epoch: 4 [38400/60000 (64%)]	Loss: 127.953140
[2022-10-20 00:51:44] PRINT Train Epoch: 4 [39680/60000 (66%)]	Loss: 131.716492
[2022-10-20 00:51:44] PRINT Train Epoch: 4 [40960/60000 (68%)]	Loss: 133.858246
[2022-10-20 00:51:44] PRINT Train Epoch: 4 [42240/60000 (70%)]	Loss: 135.458893
[2022-10-20 00:51:45] PRINT Train Epoch: 4 [43520/60000 (72%)]	Loss: 128.178986
[2022-10-20 00:51:45] PRINT Train Epoch: 4 [44800/60000 (75%)]	Loss: 135.016876
[2022-10-20 00:51:45] PRINT Train Epoch: 4 [46080/60000 (77%)]	Loss: 131.560349
[2022-10-20 00:51:45] PRINT Train Epoch: 4 [47360/60000 (79%)]	Loss: 136.405075
[2022-10-20 00:51:46] PRINT Train Epoch: 4 [48640/60000 (81%)]	Loss: 135.329041
[2022-10-20 00:51:46] PRINT Train Epoch: 4 [49920/60000 (83%)]	Loss: 135.988205
[2022-10-20 00:51:46] PRINT Train Epoch: 4 [51200/60000 (85%)]	Loss: 133.599228
[2022-10-20 00:51:47] PRINT Train Epoch: 4 [52480/60000 (87%)]	Loss: 128.267899
[2022-10-20 00:51:47] PRINT Train Epoch: 4 [53760/60000 (90%)]	Loss: 132.888672
[2022-10-20 00:51:47] PRINT Train Epoch: 4 [55040/60000 (92%)]	Loss: 133.586288
[2022-10-20 00:51:48] PRINT Train Epoch: 4 [56320/60000 (94%)]	Loss: 130.495361
[2022-10-20 00:51:48] PRINT Train Epoch: 4 [57600/60000 (96%)]	Loss: 130.970383
[2022-10-20 00:51:48] PRINT Train Epoch: 4 [58880/60000 (98%)]	Loss: 130.517487
[2022-10-20 00:51:49] PRINT ====> Epoch: 4 Average loss: 133.0595
[2022-10-20 00:51:51] PRINT ====> Test set loss: 129.7994
[2022-10-20 00:51:51] PRINT Train Epoch: 5 [0/60000 (0%)]	Loss: 128.904388
[2022-10-20 00:51:51] PRINT Train Epoch: 5 [1280/60000 (2%)]	Loss: 134.563599
[2022-10-20 00:51:52] PRINT Train Epoch: 5 [2560/60000 (4%)]	Loss: 133.750000
[2022-10-20 00:51:52] PRINT Train Epoch: 5 [3840/60000 (6%)]	Loss: 134.512604
[2022-10-20 00:51:52] PRINT Train Epoch: 5 [5120/60000 (9%)]	Loss: 132.178070
[2022-10-20 00:51:53] PRINT Train Epoch: 5 [6400/60000 (11%)]	Loss: 131.199371
[2022-10-20 00:51:53] PRINT Train Epoch: 5 [7680/60000 (13%)]	Loss: 127.651253
[2022-10-20 00:51:53] PRINT Train Epoch: 5 [8960/60000 (15%)]	Loss: 133.570679
[2022-10-20 00:51:54] PRINT Train Epoch: 5 [10240/60000 (17%)]	Loss: 131.469604
[2022-10-20 00:51:54] PRINT Train Epoch: 5 [11520/60000 (19%)]	Loss: 124.823555
[2022-10-20 00:51:54] PRINT Train Epoch: 5 [12800/60000 (21%)]	Loss: 133.241180
[2022-10-20 00:51:55] PRINT Train Epoch: 5 [14080/60000 (23%)]	Loss: 128.558167
[2022-10-20 00:51:55] PRINT Train Epoch: 5 [15360/60000 (26%)]	Loss: 134.454742
[2022-10-20 00:51:55] PRINT Train Epoch: 5 [16640/60000 (28%)]	Loss: 129.769226
[2022-10-20 00:51:56] PRINT Train Epoch: 5 [17920/60000 (30%)]	Loss: 131.786316
[2022-10-20 00:51:56] PRINT Train Epoch: 5 [19200/60000 (32%)]	Loss: 129.266815
[2022-10-20 00:51:56] PRINT Train Epoch: 5 [20480/60000 (34%)]	Loss: 129.780914
[2022-10-20 00:51:57] PRINT Train Epoch: 5 [21760/60000 (36%)]	Loss: 132.860291
[2022-10-20 00:51:57] PRINT Train Epoch: 5 [23040/60000 (38%)]	Loss: 128.076172
[2022-10-20 00:51:57] PRINT Train Epoch: 5 [24320/60000 (41%)]	Loss: 129.101593
[2022-10-20 00:51:57] PRINT Train Epoch: 5 [25600/60000 (43%)]	Loss: 129.150604
[2022-10-20 00:51:58] PRINT Train Epoch: 5 [26880/60000 (45%)]	Loss: 128.908188
[2022-10-20 00:51:58] PRINT Train Epoch: 5 [28160/60000 (47%)]	Loss: 129.232651
[2022-10-20 00:51:58] PRINT Train Epoch: 5 [29440/60000 (49%)]	Loss: 132.218506
[2022-10-20 00:51:59] PRINT Train Epoch: 5 [30720/60000 (51%)]	Loss: 126.339874
[2022-10-20 00:51:59] PRINT Train Epoch: 5 [32000/60000 (53%)]	Loss: 129.219330
[2022-10-20 00:51:59] PRINT Train Epoch: 5 [33280/60000 (55%)]	Loss: 133.263855
[2022-10-20 00:52:00] PRINT Train Epoch: 5 [34560/60000 (58%)]	Loss: 131.492828
[2022-10-20 00:52:00] PRINT Train Epoch: 5 [35840/60000 (60%)]	Loss: 131.452820
[2022-10-20 00:52:00] PRINT Train Epoch: 5 [37120/60000 (62%)]	Loss: 130.017120
[2022-10-20 00:52:01] PRINT Train Epoch: 5 [38400/60000 (64%)]	Loss: 126.115173
[2022-10-20 00:52:01] PRINT Train Epoch: 5 [39680/60000 (66%)]	Loss: 126.506325
[2022-10-20 00:52:01] PRINT Train Epoch: 5 [40960/60000 (68%)]	Loss: 127.640411
[2022-10-20 00:52:02] PRINT Train Epoch: 5 [42240/60000 (70%)]	Loss: 130.329407
[2022-10-20 00:52:02] PRINT Train Epoch: 5 [43520/60000 (72%)]	Loss: 129.735367
[2022-10-20 00:52:02] PRINT Train Epoch: 5 [44800/60000 (75%)]	Loss: 126.244209
[2022-10-20 00:52:02] PRINT Train Epoch: 5 [46080/60000 (77%)]	Loss: 122.287308
[2022-10-20 00:52:03] PRINT Train Epoch: 5 [47360/60000 (79%)]	Loss: 125.524422
[2022-10-20 00:52:03] PRINT Train Epoch: 5 [48640/60000 (81%)]	Loss: 126.644836
[2022-10-20 00:52:03] PRINT Train Epoch: 5 [49920/60000 (83%)]	Loss: 129.893829
[2022-10-20 00:52:04] PRINT Train Epoch: 5 [51200/60000 (85%)]	Loss: 129.613922
[2022-10-20 00:52:04] PRINT Train Epoch: 5 [52480/60000 (87%)]	Loss: 128.868637
[2022-10-20 00:52:04] PRINT Train Epoch: 5 [53760/60000 (90%)]	Loss: 125.025780
[2022-10-20 00:52:05] PRINT Train Epoch: 5 [55040/60000 (92%)]	Loss: 124.791473
[2022-10-20 00:52:05] PRINT Train Epoch: 5 [56320/60000 (94%)]	Loss: 131.288208
[2022-10-20 00:52:05] PRINT Train Epoch: 5 [57600/60000 (96%)]	Loss: 132.837631
[2022-10-20 00:52:06] PRINT Train Epoch: 5 [58880/60000 (98%)]	Loss: 128.665604
[2022-10-20 00:52:06] PRINT ====> Epoch: 5 Average loss: 129.0340
[2022-10-20 00:52:08] PRINT ====> Test set loss: 126.4219
[2022-10-20 00:52:09] PRINT Train Epoch: 6 [0/60000 (0%)]	Loss: 125.371925
[2022-10-20 00:52:09] PRINT Train Epoch: 6 [1280/60000 (2%)]	Loss: 128.899918
[2022-10-20 00:52:09] PRINT Train Epoch: 6 [2560/60000 (4%)]	Loss: 130.531998
[2022-10-20 00:52:09] PRINT Train Epoch: 6 [3840/60000 (6%)]	Loss: 137.168243
[2022-10-20 00:52:10] PRINT Train Epoch: 6 [5120/60000 (9%)]	Loss: 123.693291
[2022-10-20 00:52:10] PRINT Train Epoch: 6 [6400/60000 (11%)]	Loss: 127.602318
[2022-10-20 00:52:10] PRINT Train Epoch: 6 [7680/60000 (13%)]	Loss: 126.605713
[2022-10-20 00:52:11] PRINT Train Epoch: 6 [8960/60000 (15%)]	Loss: 126.521164
[2022-10-20 00:52:11] PRINT Train Epoch: 6 [10240/60000 (17%)]	Loss: 124.658363
[2022-10-20 00:52:11] PRINT Train Epoch: 6 [11520/60000 (19%)]	Loss: 124.967682
[2022-10-20 00:52:12] PRINT Train Epoch: 6 [12800/60000 (21%)]	Loss: 128.474716
[2022-10-20 00:52:12] PRINT Train Epoch: 6 [14080/60000 (23%)]	Loss: 130.917679
[2022-10-20 00:52:12] PRINT Train Epoch: 6 [15360/60000 (26%)]	Loss: 126.484863
[2022-10-20 00:52:12] PRINT Train Epoch: 6 [16640/60000 (28%)]	Loss: 128.081848
[2022-10-20 00:52:13] PRINT Train Epoch: 6 [17920/60000 (30%)]	Loss: 121.885612
[2022-10-20 00:52:13] PRINT Train Epoch: 6 [19200/60000 (32%)]	Loss: 128.057236
[2022-10-20 00:52:13] PRINT Train Epoch: 6 [20480/60000 (34%)]	Loss: 126.344986
[2022-10-20 00:52:14] PRINT Train Epoch: 6 [21760/60000 (36%)]	Loss: 126.035179
[2022-10-20 00:52:14] PRINT Train Epoch: 6 [23040/60000 (38%)]	Loss: 127.281693
[2022-10-20 00:52:14] PRINT Train Epoch: 6 [24320/60000 (41%)]	Loss: 126.132103
[2022-10-20 00:52:15] PRINT Train Epoch: 6 [25600/60000 (43%)]	Loss: 131.814331
[2022-10-20 00:52:15] PRINT Train Epoch: 6 [26880/60000 (45%)]	Loss: 127.736359
[2022-10-20 00:52:15] PRINT Train Epoch: 6 [28160/60000 (47%)]	Loss: 122.432846
[2022-10-20 00:52:16] PRINT Train Epoch: 6 [29440/60000 (49%)]	Loss: 124.433258
[2022-10-20 00:52:16] PRINT Train Epoch: 6 [30720/60000 (51%)]	Loss: 123.836334
[2022-10-20 00:52:16] PRINT Train Epoch: 6 [32000/60000 (53%)]	Loss: 128.933228
[2022-10-20 00:52:16] PRINT Train Epoch: 6 [33280/60000 (55%)]	Loss: 130.812088
[2022-10-20 00:52:17] PRINT Train Epoch: 6 [34560/60000 (58%)]	Loss: 124.229218
[2022-10-20 00:52:17] PRINT Train Epoch: 6 [35840/60000 (60%)]	Loss: 122.783943
[2022-10-20 00:52:17] PRINT Train Epoch: 6 [37120/60000 (62%)]	Loss: 128.319077
[2022-10-20 00:52:18] PRINT Train Epoch: 6 [38400/60000 (64%)]	Loss: 134.532089
[2022-10-20 00:52:18] PRINT Train Epoch: 6 [39680/60000 (66%)]	Loss: 126.766373
[2022-10-20 00:52:18] PRINT Train Epoch: 6 [40960/60000 (68%)]	Loss: 125.934647
[2022-10-20 00:52:19] PRINT Train Epoch: 6 [42240/60000 (70%)]	Loss: 123.252525
[2022-10-20 00:52:19] PRINT Train Epoch: 6 [43520/60000 (72%)]	Loss: 128.214920
[2022-10-20 00:52:19] PRINT Train Epoch: 6 [44800/60000 (75%)]	Loss: 122.043861
[2022-10-20 00:52:19] PRINT Train Epoch: 6 [46080/60000 (77%)]	Loss: 126.025085
[2022-10-20 00:52:20] PRINT Train Epoch: 6 [47360/60000 (79%)]	Loss: 125.554611
[2022-10-20 00:52:20] PRINT Train Epoch: 6 [48640/60000 (81%)]	Loss: 122.691475
[2022-10-20 00:52:20] PRINT Train Epoch: 6 [49920/60000 (83%)]	Loss: 123.070114
[2022-10-20 00:52:21] PRINT Train Epoch: 6 [51200/60000 (85%)]	Loss: 127.143723
[2022-10-20 00:52:21] PRINT Train Epoch: 6 [52480/60000 (87%)]	Loss: 121.416321
[2022-10-20 00:52:21] PRINT Train Epoch: 6 [53760/60000 (90%)]	Loss: 127.967537
[2022-10-20 00:52:21] PRINT Train Epoch: 6 [55040/60000 (92%)]	Loss: 129.324173
[2022-10-20 00:52:22] PRINT Train Epoch: 6 [56320/60000 (94%)]	Loss: 121.513474
[2022-10-20 00:52:22] PRINT Train Epoch: 6 [57600/60000 (96%)]	Loss: 126.347824
[2022-10-20 00:52:22] PRINT Train Epoch: 6 [58880/60000 (98%)]	Loss: 124.093559
[2022-10-20 00:52:23] PRINT ====> Epoch: 6 Average loss: 126.2561
[2022-10-20 00:52:25] PRINT ====> Test set loss: 124.0162
[2022-10-20 00:52:25] PRINT Train Epoch: 7 [0/60000 (0%)]	Loss: 128.911377
[2022-10-20 00:52:26] PRINT Train Epoch: 7 [1280/60000 (2%)]	Loss: 124.976868
[2022-10-20 00:52:26] PRINT Train Epoch: 7 [2560/60000 (4%)]	Loss: 123.857597
[2022-10-20 00:52:26] PRINT Train Epoch: 7 [3840/60000 (6%)]	Loss: 121.746918
[2022-10-20 00:52:27] PRINT Train Epoch: 7 [5120/60000 (9%)]	Loss: 124.579933
[2022-10-20 00:52:27] PRINT Train Epoch: 7 [6400/60000 (11%)]	Loss: 123.619102
[2022-10-20 00:52:27] PRINT Train Epoch: 7 [7680/60000 (13%)]	Loss: 128.674301
[2022-10-20 00:52:27] PRINT Train Epoch: 7 [8960/60000 (15%)]	Loss: 133.557999
[2022-10-20 00:52:28] PRINT Train Epoch: 7 [10240/60000 (17%)]	Loss: 129.586685
[2022-10-20 00:52:28] PRINT Train Epoch: 7 [11520/60000 (19%)]	Loss: 131.004456
[2022-10-20 00:52:28] PRINT Train Epoch: 7 [12800/60000 (21%)]	Loss: 127.189941
[2022-10-20 00:52:29] PRINT Train Epoch: 7 [14080/60000 (23%)]	Loss: 128.381836
[2022-10-20 00:52:29] PRINT Train Epoch: 7 [15360/60000 (26%)]	Loss: 121.486191
[2022-10-20 00:52:29] PRINT Train Epoch: 7 [16640/60000 (28%)]	Loss: 128.061966
[2022-10-20 00:52:30] PRINT Train Epoch: 7 [17920/60000 (30%)]	Loss: 126.965858
[2022-10-20 00:52:30] PRINT Train Epoch: 7 [19200/60000 (32%)]	Loss: 134.662857
[2022-10-20 00:52:30] PRINT Train Epoch: 7 [20480/60000 (34%)]	Loss: 127.963455
[2022-10-20 00:52:31] PRINT Train Epoch: 7 [21760/60000 (36%)]	Loss: 126.264153
[2022-10-20 00:52:31] PRINT Train Epoch: 7 [23040/60000 (38%)]	Loss: 118.020126
[2022-10-20 00:52:31] PRINT Train Epoch: 7 [24320/60000 (41%)]	Loss: 123.459717
[2022-10-20 00:52:32] PRINT Train Epoch: 7 [25600/60000 (43%)]	Loss: 125.258286
[2022-10-20 00:52:32] PRINT Train Epoch: 7 [26880/60000 (45%)]	Loss: 129.587311
[2022-10-20 00:52:32] PRINT Train Epoch: 7 [28160/60000 (47%)]	Loss: 126.084999
[2022-10-20 00:52:33] PRINT Train Epoch: 7 [29440/60000 (49%)]	Loss: 127.019547
[2022-10-20 00:52:33] PRINT Train Epoch: 7 [30720/60000 (51%)]	Loss: 118.702881
[2022-10-20 00:52:33] PRINT Train Epoch: 7 [32000/60000 (53%)]	Loss: 128.082642
[2022-10-20 00:52:33] PRINT Train Epoch: 7 [33280/60000 (55%)]	Loss: 129.883820
[2022-10-20 00:52:34] PRINT Train Epoch: 7 [34560/60000 (58%)]	Loss: 122.413971
[2022-10-20 00:52:34] PRINT Train Epoch: 7 [35840/60000 (60%)]	Loss: 124.715927
[2022-10-20 00:52:34] PRINT Train Epoch: 7 [37120/60000 (62%)]	Loss: 125.300919
[2022-10-20 00:52:35] PRINT Train Epoch: 7 [38400/60000 (64%)]	Loss: 119.999611
[2022-10-20 00:52:35] PRINT Train Epoch: 7 [39680/60000 (66%)]	Loss: 121.572311
[2022-10-20 00:52:35] PRINT Train Epoch: 7 [40960/60000 (68%)]	Loss: 117.819405
[2022-10-20 00:52:36] PRINT Train Epoch: 7 [42240/60000 (70%)]	Loss: 126.704697
[2022-10-20 00:52:36] PRINT Train Epoch: 7 [43520/60000 (72%)]	Loss: 122.797813
[2022-10-20 00:52:36] PRINT Train Epoch: 7 [44800/60000 (75%)]	Loss: 117.044785
[2022-10-20 00:52:37] PRINT Train Epoch: 7 [46080/60000 (77%)]	Loss: 123.920288
[2022-10-20 00:52:37] PRINT Train Epoch: 7 [47360/60000 (79%)]	Loss: 125.624985
[2022-10-20 00:52:37] PRINT Train Epoch: 7 [48640/60000 (81%)]	Loss: 122.076424
[2022-10-20 00:52:38] PRINT Train Epoch: 7 [49920/60000 (83%)]	Loss: 124.752335
[2022-10-20 00:52:38] PRINT Train Epoch: 7 [51200/60000 (85%)]	Loss: 128.966080
[2022-10-20 00:52:38] PRINT Train Epoch: 7 [52480/60000 (87%)]	Loss: 126.290802
[2022-10-20 00:52:38] PRINT Train Epoch: 7 [53760/60000 (90%)]	Loss: 123.222763
[2022-10-20 00:52:39] PRINT Train Epoch: 7 [55040/60000 (92%)]	Loss: 123.884804
[2022-10-20 00:52:39] PRINT Train Epoch: 7 [56320/60000 (94%)]	Loss: 122.738495
[2022-10-20 00:52:39] PRINT Train Epoch: 7 [57600/60000 (96%)]	Loss: 121.833237
[2022-10-20 00:52:40] PRINT Train Epoch: 7 [58880/60000 (98%)]	Loss: 122.755280
[2022-10-20 00:52:40] PRINT ====> Epoch: 7 Average loss: 124.1509
[2022-10-20 00:52:43] PRINT ====> Test set loss: 122.3239
[2022-10-20 00:52:43] PRINT Train Epoch: 8 [0/60000 (0%)]	Loss: 118.478096
[2022-10-20 00:52:43] PRINT Train Epoch: 8 [1280/60000 (2%)]	Loss: 123.288101
[2022-10-20 00:52:43] PRINT Train Epoch: 8 [2560/60000 (4%)]	Loss: 125.404633
[2022-10-20 00:52:44] PRINT Train Epoch: 8 [3840/60000 (6%)]	Loss: 120.338188
[2022-10-20 00:52:44] PRINT Train Epoch: 8 [5120/60000 (9%)]	Loss: 124.658401
[2022-10-20 00:52:44] PRINT Train Epoch: 8 [6400/60000 (11%)]	Loss: 120.798599
[2022-10-20 00:52:45] PRINT Train Epoch: 8 [7680/60000 (13%)]	Loss: 125.377594
[2022-10-20 00:52:45] PRINT Train Epoch: 8 [8960/60000 (15%)]	Loss: 124.711151
[2022-10-20 00:52:45] PRINT Train Epoch: 8 [10240/60000 (17%)]	Loss: 129.001404
[2022-10-20 00:52:45] PRINT Train Epoch: 8 [11520/60000 (19%)]	Loss: 123.146744
[2022-10-20 00:52:46] PRINT Train Epoch: 8 [12800/60000 (21%)]	Loss: 120.183899
[2022-10-20 00:52:46] PRINT Train Epoch: 8 [14080/60000 (23%)]	Loss: 124.940102
[2022-10-20 00:52:46] PRINT Train Epoch: 8 [15360/60000 (26%)]	Loss: 123.231964
[2022-10-20 00:52:47] PRINT Train Epoch: 8 [16640/60000 (28%)]	Loss: 121.138786
[2022-10-20 00:52:47] PRINT Train Epoch: 8 [17920/60000 (30%)]	Loss: 123.258965
[2022-10-20 00:52:47] PRINT Train Epoch: 8 [19200/60000 (32%)]	Loss: 123.795959
[2022-10-20 00:52:48] PRINT Train Epoch: 8 [20480/60000 (34%)]	Loss: 122.869026
[2022-10-20 00:52:48] PRINT Train Epoch: 8 [21760/60000 (36%)]	Loss: 122.728226
[2022-10-20 00:52:48] PRINT Train Epoch: 8 [23040/60000 (38%)]	Loss: 119.018341
[2022-10-20 00:52:49] PRINT Train Epoch: 8 [24320/60000 (41%)]	Loss: 125.697891
[2022-10-20 00:52:49] PRINT Train Epoch: 8 [25600/60000 (43%)]	Loss: 120.261948
[2022-10-20 00:52:49] PRINT Train Epoch: 8 [26880/60000 (45%)]	Loss: 119.406570
[2022-10-20 00:52:49] PRINT Train Epoch: 8 [28160/60000 (47%)]	Loss: 120.739349
[2022-10-20 00:52:50] PRINT Train Epoch: 8 [29440/60000 (49%)]	Loss: 125.254593
[2022-10-20 00:52:50] PRINT Train Epoch: 8 [30720/60000 (51%)]	Loss: 125.946144
[2022-10-20 00:52:50] PRINT Train Epoch: 8 [32000/60000 (53%)]	Loss: 125.996460
[2022-10-20 00:52:51] PRINT Train Epoch: 8 [33280/60000 (55%)]	Loss: 125.081528
[2022-10-20 00:52:51] PRINT Train Epoch: 8 [34560/60000 (58%)]	Loss: 121.940231
[2022-10-20 00:52:51] PRINT Train Epoch: 8 [35840/60000 (60%)]	Loss: 121.804718
[2022-10-20 00:52:52] PRINT Train Epoch: 8 [37120/60000 (62%)]	Loss: 122.390366
[2022-10-20 00:52:52] PRINT Train Epoch: 8 [38400/60000 (64%)]	Loss: 120.896347
[2022-10-20 00:52:52] PRINT Train Epoch: 8 [39680/60000 (66%)]	Loss: 128.837509
[2022-10-20 00:52:52] PRINT Train Epoch: 8 [40960/60000 (68%)]	Loss: 119.150162
[2022-10-20 00:52:53] PRINT Train Epoch: 8 [42240/60000 (70%)]	Loss: 125.941544
[2022-10-20 00:52:53] PRINT Train Epoch: 8 [43520/60000 (72%)]	Loss: 119.902252
[2022-10-20 00:52:53] PRINT Train Epoch: 8 [44800/60000 (75%)]	Loss: 121.344185
[2022-10-20 00:52:54] PRINT Train Epoch: 8 [46080/60000 (77%)]	Loss: 125.700241
[2022-10-20 00:52:54] PRINT Train Epoch: 8 [47360/60000 (79%)]	Loss: 120.993423
[2022-10-20 00:52:54] PRINT Train Epoch: 8 [48640/60000 (81%)]	Loss: 117.583099
[2022-10-20 00:52:55] PRINT Train Epoch: 8 [49920/60000 (83%)]	Loss: 124.129166
[2022-10-20 00:52:55] PRINT Train Epoch: 8 [51200/60000 (85%)]	Loss: 120.895020
[2022-10-20 00:52:55] PRINT Train Epoch: 8 [52480/60000 (87%)]	Loss: 122.614029
[2022-10-20 00:52:55] PRINT Train Epoch: 8 [53760/60000 (90%)]	Loss: 122.264275
[2022-10-20 00:52:56] PRINT Train Epoch: 8 [55040/60000 (92%)]	Loss: 121.274681
[2022-10-20 00:52:56] PRINT Train Epoch: 8 [56320/60000 (94%)]	Loss: 119.607620
[2022-10-20 00:52:56] PRINT Train Epoch: 8 [57600/60000 (96%)]	Loss: 121.540329
[2022-10-20 00:52:57] PRINT Train Epoch: 8 [58880/60000 (98%)]	Loss: 119.079788
[2022-10-20 00:52:57] PRINT ====> Epoch: 8 Average loss: 122.5402
[2022-10-20 00:53:00] PRINT ====> Test set loss: 120.8969
[2022-10-20 00:53:00] PRINT Train Epoch: 9 [0/60000 (0%)]	Loss: 119.098305
[2022-10-20 00:53:00] PRINT Train Epoch: 9 [1280/60000 (2%)]	Loss: 120.907394
[2022-10-20 00:53:00] PRINT Train Epoch: 9 [2560/60000 (4%)]	Loss: 125.278976
[2022-10-20 00:53:01] PRINT Train Epoch: 9 [3840/60000 (6%)]	Loss: 121.705231
[2022-10-20 00:53:01] PRINT Train Epoch: 9 [5120/60000 (9%)]	Loss: 126.342873
[2022-10-20 00:53:01] PRINT Train Epoch: 9 [6400/60000 (11%)]	Loss: 124.408020
[2022-10-20 00:53:02] PRINT Train Epoch: 9 [7680/60000 (13%)]	Loss: 120.597572
[2022-10-20 00:53:02] PRINT Train Epoch: 9 [8960/60000 (15%)]	Loss: 124.174644
[2022-10-20 00:53:02] PRINT Train Epoch: 9 [10240/60000 (17%)]	Loss: 116.655136
[2022-10-20 00:53:02] PRINT Train Epoch: 9 [11520/60000 (19%)]	Loss: 121.323563
[2022-10-20 00:53:03] PRINT Train Epoch: 9 [12800/60000 (21%)]	Loss: 124.827545
[2022-10-20 00:53:03] PRINT Train Epoch: 9 [14080/60000 (23%)]	Loss: 127.731201
[2022-10-20 00:53:03] PRINT Train Epoch: 9 [15360/60000 (26%)]	Loss: 123.636230
[2022-10-20 00:53:04] PRINT Train Epoch: 9 [16640/60000 (28%)]	Loss: 117.042404
[2022-10-20 00:53:04] PRINT Train Epoch: 9 [17920/60000 (30%)]	Loss: 121.807159
[2022-10-20 00:53:04] PRINT Train Epoch: 9 [19200/60000 (32%)]	Loss: 119.477097
[2022-10-20 00:53:05] PRINT Train Epoch: 9 [20480/60000 (34%)]	Loss: 122.158791
[2022-10-20 00:53:05] PRINT Train Epoch: 9 [21760/60000 (36%)]	Loss: 121.037239
[2022-10-20 00:53:05] PRINT Train Epoch: 9 [23040/60000 (38%)]	Loss: 125.375031
[2022-10-20 00:53:06] PRINT Train Epoch: 9 [24320/60000 (41%)]	Loss: 119.118683
[2022-10-20 00:53:06] PRINT Train Epoch: 9 [25600/60000 (43%)]	Loss: 121.033585
[2022-10-20 00:53:06] PRINT Train Epoch: 9 [26880/60000 (45%)]	Loss: 119.074226
[2022-10-20 00:53:07] PRINT Train Epoch: 9 [28160/60000 (47%)]	Loss: 122.346420
[2022-10-20 00:53:07] PRINT Train Epoch: 9 [29440/60000 (49%)]	Loss: 121.200806
[2022-10-20 00:53:07] PRINT Train Epoch: 9 [30720/60000 (51%)]	Loss: 117.763794
[2022-10-20 00:53:07] PRINT Train Epoch: 9 [32000/60000 (53%)]	Loss: 118.398788
[2022-10-20 00:53:08] PRINT Train Epoch: 9 [33280/60000 (55%)]	Loss: 121.237228
[2022-10-20 00:53:08] PRINT Train Epoch: 9 [34560/60000 (58%)]	Loss: 123.946053
[2022-10-20 00:53:08] PRINT Train Epoch: 9 [35840/60000 (60%)]	Loss: 120.642998
[2022-10-20 00:53:09] PRINT Train Epoch: 9 [37120/60000 (62%)]	Loss: 120.963257
[2022-10-20 00:53:09] PRINT Train Epoch: 9 [38400/60000 (64%)]	Loss: 117.082520
[2022-10-20 00:53:09] PRINT Train Epoch: 9 [39680/60000 (66%)]	Loss: 119.851532
[2022-10-20 00:53:10] PRINT Train Epoch: 9 [40960/60000 (68%)]	Loss: 123.377228
[2022-10-20 00:53:10] PRINT Train Epoch: 9 [42240/60000 (70%)]	Loss: 119.588470
[2022-10-20 00:53:10] PRINT Train Epoch: 9 [43520/60000 (72%)]	Loss: 126.069054
[2022-10-20 00:53:11] PRINT Train Epoch: 9 [44800/60000 (75%)]	Loss: 124.894058
[2022-10-20 00:53:11] PRINT Train Epoch: 9 [46080/60000 (77%)]	Loss: 122.514282
[2022-10-20 00:53:11] PRINT Train Epoch: 9 [47360/60000 (79%)]	Loss: 120.563293
[2022-10-20 00:53:12] PRINT Train Epoch: 9 [48640/60000 (81%)]	Loss: 123.567337
[2022-10-20 00:53:12] PRINT Train Epoch: 9 [49920/60000 (83%)]	Loss: 116.126999
[2022-10-20 00:53:12] PRINT Train Epoch: 9 [51200/60000 (85%)]	Loss: 115.423126
[2022-10-20 00:53:12] PRINT Train Epoch: 9 [52480/60000 (87%)]	Loss: 119.236481
[2022-10-20 00:53:13] PRINT Train Epoch: 9 [53760/60000 (90%)]	Loss: 123.579361
[2022-10-20 00:53:13] PRINT Train Epoch: 9 [55040/60000 (92%)]	Loss: 122.082138
[2022-10-20 00:53:13] PRINT Train Epoch: 9 [56320/60000 (94%)]	Loss: 120.595459
[2022-10-20 00:53:14] PRINT Train Epoch: 9 [57600/60000 (96%)]	Loss: 123.774666
[2022-10-20 00:53:14] PRINT Train Epoch: 9 [58880/60000 (98%)]	Loss: 116.453506
[2022-10-20 00:53:14] PRINT ====> Epoch: 9 Average loss: 121.2155
[2022-10-20 00:53:17] PRINT ====> Test set loss: 119.7114
[2022-10-20 00:53:17] PRINT Train Epoch: 10 [0/60000 (0%)]	Loss: 119.951485
[2022-10-20 00:53:17] PRINT Train Epoch: 10 [1280/60000 (2%)]	Loss: 120.299210
[2022-10-20 00:53:18] PRINT Train Epoch: 10 [2560/60000 (4%)]	Loss: 122.708672
[2022-10-20 00:53:18] PRINT Train Epoch: 10 [3840/60000 (6%)]	Loss: 119.663040
[2022-10-20 00:53:18] PRINT Train Epoch: 10 [5120/60000 (9%)]	Loss: 122.679459
[2022-10-20 00:53:18] PRINT Train Epoch: 10 [6400/60000 (11%)]	Loss: 122.885475
[2022-10-20 00:53:19] PRINT Train Epoch: 10 [7680/60000 (13%)]	Loss: 120.483322
[2022-10-20 00:53:19] PRINT Train Epoch: 10 [8960/60000 (15%)]	Loss: 127.350937
[2022-10-20 00:53:19] PRINT Train Epoch: 10 [10240/60000 (17%)]	Loss: 124.295586
[2022-10-20 00:53:20] PRINT Train Epoch: 10 [11520/60000 (19%)]	Loss: 123.645256
[2022-10-20 00:53:20] PRINT Train Epoch: 10 [12800/60000 (21%)]	Loss: 119.007805
[2022-10-20 00:53:20] PRINT Train Epoch: 10 [14080/60000 (23%)]	Loss: 123.343887
[2022-10-20 00:53:21] PRINT Train Epoch: 10 [15360/60000 (26%)]	Loss: 122.396057
[2022-10-20 00:53:21] PRINT Train Epoch: 10 [16640/60000 (28%)]	Loss: 118.732376
[2022-10-20 00:53:21] PRINT Train Epoch: 10 [17920/60000 (30%)]	Loss: 121.388138
[2022-10-20 00:53:22] PRINT Train Epoch: 10 [19200/60000 (32%)]	Loss: 124.738220
[2022-10-20 00:53:22] PRINT Train Epoch: 10 [20480/60000 (34%)]	Loss: 119.607117
[2022-10-20 00:53:22] PRINT Train Epoch: 10 [21760/60000 (36%)]	Loss: 118.802994
[2022-10-20 00:53:23] PRINT Train Epoch: 10 [23040/60000 (38%)]	Loss: 120.626869
[2022-10-20 00:53:23] PRINT Train Epoch: 10 [24320/60000 (41%)]	Loss: 118.642761
[2022-10-20 00:53:23] PRINT Train Epoch: 10 [25600/60000 (43%)]	Loss: 120.628616
[2022-10-20 00:53:23] PRINT Train Epoch: 10 [26880/60000 (45%)]	Loss: 122.502045
[2022-10-20 00:53:24] PRINT Train Epoch: 10 [28160/60000 (47%)]	Loss: 120.289116
[2022-10-20 00:53:24] PRINT Train Epoch: 10 [29440/60000 (49%)]	Loss: 120.964935
[2022-10-20 00:53:24] PRINT Train Epoch: 10 [30720/60000 (51%)]	Loss: 119.721039
[2022-10-20 00:53:25] PRINT Train Epoch: 10 [32000/60000 (53%)]	Loss: 121.492615
[2022-10-20 00:53:25] PRINT Train Epoch: 10 [33280/60000 (55%)]	Loss: 124.455795
[2022-10-20 00:53:25] PRINT Train Epoch: 10 [34560/60000 (58%)]	Loss: 119.357040
[2022-10-20 00:53:26] PRINT Train Epoch: 10 [35840/60000 (60%)]	Loss: 113.526184
[2022-10-20 00:53:26] PRINT Train Epoch: 10 [37120/60000 (62%)]	Loss: 122.569000
[2022-10-20 00:53:26] PRINT Train Epoch: 10 [38400/60000 (64%)]	Loss: 120.118713
[2022-10-20 00:53:27] PRINT Train Epoch: 10 [39680/60000 (66%)]	Loss: 122.267792
[2022-10-20 00:53:27] PRINT Train Epoch: 10 [40960/60000 (68%)]	Loss: 122.038788
[2022-10-20 00:53:27] PRINT Train Epoch: 10 [42240/60000 (70%)]	Loss: 114.858307
[2022-10-20 00:53:27] PRINT Train Epoch: 10 [43520/60000 (72%)]	Loss: 123.891693
[2022-10-20 00:53:28] PRINT Train Epoch: 10 [44800/60000 (75%)]	Loss: 122.514366
[2022-10-20 00:53:28] PRINT Train Epoch: 10 [46080/60000 (77%)]	Loss: 120.797737
[2022-10-20 00:53:28] PRINT Train Epoch: 10 [47360/60000 (79%)]	Loss: 115.876175
[2022-10-20 00:53:29] PRINT Train Epoch: 10 [48640/60000 (81%)]	Loss: 120.751419
[2022-10-20 00:53:29] PRINT Train Epoch: 10 [49920/60000 (83%)]	Loss: 119.001251
[2022-10-20 00:53:29] PRINT Train Epoch: 10 [51200/60000 (85%)]	Loss: 116.016747
[2022-10-20 00:53:30] PRINT Train Epoch: 10 [52480/60000 (87%)]	Loss: 121.166382
[2022-10-20 00:53:30] PRINT Train Epoch: 10 [53760/60000 (90%)]	Loss: 116.429276
[2022-10-20 00:53:30] PRINT Train Epoch: 10 [55040/60000 (92%)]	Loss: 117.947586
[2022-10-20 00:53:31] PRINT Train Epoch: 10 [56320/60000 (94%)]	Loss: 128.655914
[2022-10-20 00:53:31] PRINT Train Epoch: 10 [57600/60000 (96%)]	Loss: 117.198257
[2022-10-20 00:53:31] PRINT Train Epoch: 10 [58880/60000 (98%)]	Loss: 124.400269
[2022-10-20 00:53:32] PRINT ====> Epoch: 10 Average loss: 120.1073
[2022-10-20 00:53:34] PRINT ====> Test set loss: 118.7540
