[2022-10-20 01:48:00] PRINT {'features1': 300, 'features2': 30, 'lr': 0.012764514492026697, 'epsilon': 1e-06}
[2022-10-20 01:48:01] PRINT Using cuda device
[2022-10-20 01:48:02] PRINT Train Epoch: 1 [0/60000 (0%)]	Loss: 550.495728
[2022-10-20 01:48:02] PRINT Train Epoch: 1 [1280/60000 (2%)]	Loss: 224.210159
[2022-10-20 01:48:02] PRINT Train Epoch: 1 [2560/60000 (4%)]	Loss: 204.405136
[2022-10-20 01:48:02] PRINT Train Epoch: 1 [3840/60000 (6%)]	Loss: 201.262192
[2022-10-20 01:48:03] PRINT Train Epoch: 1 [5120/60000 (9%)]	Loss: 190.936295
[2022-10-20 01:48:03] PRINT Train Epoch: 1 [6400/60000 (11%)]	Loss: 185.826187
[2022-10-20 01:48:03] PRINT Train Epoch: 1 [7680/60000 (13%)]	Loss: 184.911697
[2022-10-20 01:48:03] PRINT Train Epoch: 1 [8960/60000 (15%)]	Loss: 181.078735
[2022-10-20 01:48:03] PRINT Train Epoch: 1 [10240/60000 (17%)]	Loss: 165.905396
[2022-10-20 01:48:03] PRINT Train Epoch: 1 [11520/60000 (19%)]	Loss: 174.262024
[2022-10-20 01:48:03] PRINT Train Epoch: 1 [12800/60000 (21%)]	Loss: 163.816040
[2022-10-20 01:48:03] PRINT Train Epoch: 1 [14080/60000 (23%)]	Loss: 154.787033
[2022-10-20 01:48:03] PRINT Train Epoch: 1 [15360/60000 (26%)]	Loss: 157.260681
[2022-10-20 01:48:03] PRINT Train Epoch: 1 [16640/60000 (28%)]	Loss: 151.557831
[2022-10-20 01:48:03] PRINT Train Epoch: 1 [17920/60000 (30%)]	Loss: 156.899368
[2022-10-20 01:48:04] PRINT Train Epoch: 1 [19200/60000 (32%)]	Loss: 154.172195
[2022-10-20 01:48:04] PRINT Train Epoch: 1 [20480/60000 (34%)]	Loss: 158.922043
[2022-10-20 01:48:04] PRINT Train Epoch: 1 [21760/60000 (36%)]	Loss: 150.937317
[2022-10-20 01:48:04] PRINT Train Epoch: 1 [23040/60000 (38%)]	Loss: 149.658218
[2022-10-20 01:48:04] PRINT Train Epoch: 1 [24320/60000 (41%)]	Loss: 154.033936
[2022-10-20 01:48:04] PRINT Train Epoch: 1 [25600/60000 (43%)]	Loss: 146.187241
[2022-10-20 01:48:04] PRINT Train Epoch: 1 [26880/60000 (45%)]	Loss: 146.373825
[2022-10-20 01:48:04] PRINT Train Epoch: 1 [28160/60000 (47%)]	Loss: 142.346558
[2022-10-20 01:48:04] PRINT Train Epoch: 1 [29440/60000 (49%)]	Loss: 136.295532
[2022-10-20 01:48:04] PRINT Train Epoch: 1 [30720/60000 (51%)]	Loss: 145.942413
[2022-10-20 01:48:04] PRINT Train Epoch: 1 [32000/60000 (53%)]	Loss: 136.619476
[2022-10-20 01:48:05] PRINT Train Epoch: 1 [33280/60000 (55%)]	Loss: 140.305542
[2022-10-20 01:48:05] PRINT Train Epoch: 1 [34560/60000 (58%)]	Loss: 132.884552
[2022-10-20 01:48:05] PRINT Train Epoch: 1 [35840/60000 (60%)]	Loss: 135.034027
[2022-10-20 01:48:05] PRINT Train Epoch: 1 [37120/60000 (62%)]	Loss: 132.929276
[2022-10-20 01:48:05] PRINT Train Epoch: 1 [38400/60000 (64%)]	Loss: 133.592712
[2022-10-20 01:48:05] PRINT Train Epoch: 1 [39680/60000 (66%)]	Loss: 129.257523
[2022-10-20 01:48:05] PRINT Train Epoch: 1 [40960/60000 (68%)]	Loss: 135.691162
[2022-10-20 01:48:05] PRINT Train Epoch: 1 [42240/60000 (70%)]	Loss: 135.135345
[2022-10-20 01:48:05] PRINT Train Epoch: 1 [43520/60000 (72%)]	Loss: 130.764282
[2022-10-20 01:48:05] PRINT Train Epoch: 1 [44800/60000 (75%)]	Loss: 130.837692
[2022-10-20 01:48:05] PRINT Train Epoch: 1 [46080/60000 (77%)]	Loss: 136.168381
[2022-10-20 01:48:06] PRINT Train Epoch: 1 [47360/60000 (79%)]	Loss: 127.118134
[2022-10-20 01:48:06] PRINT Train Epoch: 1 [48640/60000 (81%)]	Loss: 129.240387
[2022-10-20 01:48:06] PRINT Train Epoch: 1 [49920/60000 (83%)]	Loss: 129.110306
[2022-10-20 01:48:06] PRINT Train Epoch: 1 [51200/60000 (85%)]	Loss: 131.654694
[2022-10-20 01:48:06] PRINT Train Epoch: 1 [52480/60000 (87%)]	Loss: 118.615509
[2022-10-20 01:48:06] PRINT Train Epoch: 1 [53760/60000 (90%)]	Loss: 128.371323
[2022-10-20 01:48:06] PRINT Train Epoch: 1 [55040/60000 (92%)]	Loss: 123.126266
[2022-10-20 01:48:06] PRINT Train Epoch: 1 [56320/60000 (94%)]	Loss: 127.689896
[2022-10-20 01:48:06] PRINT Train Epoch: 1 [57600/60000 (96%)]	Loss: 127.914772
[2022-10-20 01:48:06] PRINT Train Epoch: 1 [58880/60000 (98%)]	Loss: 129.489441
[2022-10-20 01:48:06] PRINT ====> Epoch: 1 Average loss: 150.5602
[2022-10-20 01:48:07] PRINT ====> Test set loss: 126.4654
[2022-10-20 01:48:07] PRINT Train Epoch: 2 [0/60000 (0%)]	Loss: 131.432327
[2022-10-20 01:48:07] PRINT Train Epoch: 2 [1280/60000 (2%)]	Loss: 125.981445
[2022-10-20 01:48:07] PRINT Train Epoch: 2 [2560/60000 (4%)]	Loss: 128.211609
[2022-10-20 01:48:07] PRINT Train Epoch: 2 [3840/60000 (6%)]	Loss: 128.044922
[2022-10-20 01:48:07] PRINT Train Epoch: 2 [5120/60000 (9%)]	Loss: 126.152557
[2022-10-20 01:48:08] PRINT Train Epoch: 2 [6400/60000 (11%)]	Loss: 132.677200
[2022-10-20 01:48:08] PRINT Train Epoch: 2 [7680/60000 (13%)]	Loss: 121.779716
[2022-10-20 01:48:08] PRINT Train Epoch: 2 [8960/60000 (15%)]	Loss: 125.139702
[2022-10-20 01:48:08] PRINT Train Epoch: 2 [10240/60000 (17%)]	Loss: 125.591873
[2022-10-20 01:48:08] PRINT Train Epoch: 2 [11520/60000 (19%)]	Loss: 124.821823
[2022-10-20 01:48:08] PRINT Train Epoch: 2 [12800/60000 (21%)]	Loss: 124.718994
[2022-10-20 01:48:08] PRINT Train Epoch: 2 [14080/60000 (23%)]	Loss: 120.415459
[2022-10-20 01:48:08] PRINT Train Epoch: 2 [15360/60000 (26%)]	Loss: 131.529129
[2022-10-20 01:48:08] PRINT Train Epoch: 2 [16640/60000 (28%)]	Loss: 120.854706
[2022-10-20 01:48:08] PRINT Train Epoch: 2 [17920/60000 (30%)]	Loss: 123.365234
[2022-10-20 01:48:08] PRINT Train Epoch: 2 [19200/60000 (32%)]	Loss: 124.904327
[2022-10-20 01:48:09] PRINT Train Epoch: 2 [20480/60000 (34%)]	Loss: 126.894630
[2022-10-20 01:48:09] PRINT Train Epoch: 2 [21760/60000 (36%)]	Loss: 122.095535
[2022-10-20 01:48:09] PRINT Train Epoch: 2 [23040/60000 (38%)]	Loss: 121.761368
[2022-10-20 01:48:09] PRINT Train Epoch: 2 [24320/60000 (41%)]	Loss: 128.255310
[2022-10-20 01:48:09] PRINT Train Epoch: 2 [25600/60000 (43%)]	Loss: 122.764236
[2022-10-20 01:48:09] PRINT Train Epoch: 2 [26880/60000 (45%)]	Loss: 121.414429
[2022-10-20 01:48:09] PRINT Train Epoch: 2 [28160/60000 (47%)]	Loss: 120.647385
[2022-10-20 01:48:09] PRINT Train Epoch: 2 [29440/60000 (49%)]	Loss: 123.495544
[2022-10-20 01:48:09] PRINT Train Epoch: 2 [30720/60000 (51%)]	Loss: 122.075600
[2022-10-20 01:48:09] PRINT Train Epoch: 2 [32000/60000 (53%)]	Loss: 124.528671
[2022-10-20 01:48:09] PRINT Train Epoch: 2 [33280/60000 (55%)]	Loss: 125.291443
[2022-10-20 01:48:10] PRINT Train Epoch: 2 [34560/60000 (58%)]	Loss: 124.588776
[2022-10-20 01:48:10] PRINT Train Epoch: 2 [35840/60000 (60%)]	Loss: 119.592201
[2022-10-20 01:48:10] PRINT Train Epoch: 2 [37120/60000 (62%)]	Loss: 124.028122
[2022-10-20 01:48:10] PRINT Train Epoch: 2 [38400/60000 (64%)]	Loss: 127.338654
[2022-10-20 01:48:10] PRINT Train Epoch: 2 [39680/60000 (66%)]	Loss: 123.843369
[2022-10-20 01:48:10] PRINT Train Epoch: 2 [40960/60000 (68%)]	Loss: 125.122299
[2022-10-20 01:48:10] PRINT Train Epoch: 2 [42240/60000 (70%)]	Loss: 124.132256
[2022-10-20 01:48:10] PRINT Train Epoch: 2 [43520/60000 (72%)]	Loss: 125.477852
[2022-10-20 01:48:10] PRINT Train Epoch: 2 [44800/60000 (75%)]	Loss: 122.459366
[2022-10-20 01:48:10] PRINT Train Epoch: 2 [46080/60000 (77%)]	Loss: 122.682152
[2022-10-20 01:48:10] PRINT Train Epoch: 2 [47360/60000 (79%)]	Loss: 119.685234
[2022-10-20 01:48:10] PRINT Train Epoch: 2 [48640/60000 (81%)]	Loss: 122.583618
[2022-10-20 01:48:11] PRINT Train Epoch: 2 [49920/60000 (83%)]	Loss: 122.084442
[2022-10-20 01:48:11] PRINT Train Epoch: 2 [51200/60000 (85%)]	Loss: 122.053734
[2022-10-20 01:48:11] PRINT Train Epoch: 2 [52480/60000 (87%)]	Loss: 123.843277
[2022-10-20 01:48:11] PRINT Train Epoch: 2 [53760/60000 (90%)]	Loss: 117.521553
[2022-10-20 01:48:11] PRINT Train Epoch: 2 [55040/60000 (92%)]	Loss: 122.240540
[2022-10-20 01:48:11] PRINT Train Epoch: 2 [56320/60000 (94%)]	Loss: 123.010895
[2022-10-20 01:48:11] PRINT Train Epoch: 2 [57600/60000 (96%)]	Loss: 121.508636
[2022-10-20 01:48:11] PRINT Train Epoch: 2 [58880/60000 (98%)]	Loss: 127.172653
[2022-10-20 01:48:11] PRINT ====> Epoch: 2 Average loss: 124.4219
[2022-10-20 01:48:12] PRINT ====> Test set loss: 122.6432
[2022-10-20 01:48:12] PRINT Train Epoch: 3 [0/60000 (0%)]	Loss: 113.692108
[2022-10-20 01:48:12] PRINT Train Epoch: 3 [1280/60000 (2%)]	Loss: 117.971786
[2022-10-20 01:48:12] PRINT Train Epoch: 3 [2560/60000 (4%)]	Loss: 122.162598
[2022-10-20 01:48:12] PRINT Train Epoch: 3 [3840/60000 (6%)]	Loss: 119.753693
[2022-10-20 01:48:12] PRINT Train Epoch: 3 [5120/60000 (9%)]	Loss: 122.161507
[2022-10-20 01:48:12] PRINT Train Epoch: 3 [6400/60000 (11%)]	Loss: 117.811203
[2022-10-20 01:48:13] PRINT Train Epoch: 3 [7680/60000 (13%)]	Loss: 123.468307
[2022-10-20 01:48:13] PRINT Train Epoch: 3 [8960/60000 (15%)]	Loss: 122.337364
[2022-10-20 01:48:13] PRINT Train Epoch: 3 [10240/60000 (17%)]	Loss: 122.141922
[2022-10-20 01:48:13] PRINT Train Epoch: 3 [11520/60000 (19%)]	Loss: 123.014206
[2022-10-20 01:48:13] PRINT Train Epoch: 3 [12800/60000 (21%)]	Loss: 124.412880
[2022-10-20 01:48:13] PRINT Train Epoch: 3 [14080/60000 (23%)]	Loss: 123.543869
[2022-10-20 01:48:13] PRINT Train Epoch: 3 [15360/60000 (26%)]	Loss: 122.498833
[2022-10-20 01:48:13] PRINT Train Epoch: 3 [16640/60000 (28%)]	Loss: 118.439377
[2022-10-20 01:48:13] PRINT Train Epoch: 3 [17920/60000 (30%)]	Loss: 122.011856
[2022-10-20 01:48:13] PRINT Train Epoch: 3 [19200/60000 (32%)]	Loss: 123.191666
[2022-10-20 01:48:13] PRINT Train Epoch: 3 [20480/60000 (34%)]	Loss: 125.393616
[2022-10-20 01:48:13] PRINT Train Epoch: 3 [21760/60000 (36%)]	Loss: 123.998138
[2022-10-20 01:48:14] PRINT Train Epoch: 3 [23040/60000 (38%)]	Loss: 119.308640
[2022-10-20 01:48:14] PRINT Train Epoch: 3 [24320/60000 (41%)]	Loss: 125.408485
[2022-10-20 01:48:14] PRINT Train Epoch: 3 [25600/60000 (43%)]	Loss: 114.655258
[2022-10-20 01:48:14] PRINT Train Epoch: 3 [26880/60000 (45%)]	Loss: 121.796501
[2022-10-20 01:48:14] PRINT Train Epoch: 3 [28160/60000 (47%)]	Loss: 116.786438
[2022-10-20 01:48:14] PRINT Train Epoch: 3 [29440/60000 (49%)]	Loss: 118.710251
[2022-10-20 01:48:14] PRINT Train Epoch: 3 [30720/60000 (51%)]	Loss: 121.921967
[2022-10-20 01:48:14] PRINT Train Epoch: 3 [32000/60000 (53%)]	Loss: 122.081665
[2022-10-20 01:48:14] PRINT Train Epoch: 3 [33280/60000 (55%)]	Loss: 127.277344
[2022-10-20 01:48:14] PRINT Train Epoch: 3 [34560/60000 (58%)]	Loss: 118.213623
[2022-10-20 01:48:14] PRINT Train Epoch: 3 [35840/60000 (60%)]	Loss: 116.818146
[2022-10-20 01:48:14] PRINT Train Epoch: 3 [37120/60000 (62%)]	Loss: 124.620827
[2022-10-20 01:48:15] PRINT Train Epoch: 3 [38400/60000 (64%)]	Loss: 124.058014
[2022-10-20 01:48:15] PRINT Train Epoch: 3 [39680/60000 (66%)]	Loss: 116.443680
[2022-10-20 01:48:15] PRINT Train Epoch: 3 [40960/60000 (68%)]	Loss: 124.952087
[2022-10-20 01:48:15] PRINT Train Epoch: 3 [42240/60000 (70%)]	Loss: 120.436630
[2022-10-20 01:48:15] PRINT Train Epoch: 3 [43520/60000 (72%)]	Loss: 118.743759
[2022-10-20 01:48:15] PRINT Train Epoch: 3 [44800/60000 (75%)]	Loss: 126.150406
[2022-10-20 01:48:15] PRINT Train Epoch: 3 [46080/60000 (77%)]	Loss: 118.600952
[2022-10-20 01:48:15] PRINT Train Epoch: 3 [47360/60000 (79%)]	Loss: 123.171265
[2022-10-20 01:48:15] PRINT Train Epoch: 3 [48640/60000 (81%)]	Loss: 120.016144
[2022-10-20 01:48:15] PRINT Train Epoch: 3 [49920/60000 (83%)]	Loss: 127.676025
[2022-10-20 01:48:15] PRINT Train Epoch: 3 [51200/60000 (85%)]	Loss: 121.475952
[2022-10-20 01:48:16] PRINT Train Epoch: 3 [52480/60000 (87%)]	Loss: 120.627869
[2022-10-20 01:48:16] PRINT Train Epoch: 3 [53760/60000 (90%)]	Loss: 125.495361
[2022-10-20 01:48:16] PRINT Train Epoch: 3 [55040/60000 (92%)]	Loss: 123.395332
[2022-10-20 01:48:16] PRINT Train Epoch: 3 [56320/60000 (94%)]	Loss: 117.305481
[2022-10-20 01:48:16] PRINT Train Epoch: 3 [57600/60000 (96%)]	Loss: 123.471649
[2022-10-20 01:48:16] PRINT Train Epoch: 3 [58880/60000 (98%)]	Loss: 118.792534
[2022-10-20 01:48:16] PRINT ====> Epoch: 3 Average loss: 121.9835
[2022-10-20 01:48:17] PRINT ====> Test set loss: 122.9349
[2022-10-20 01:48:17] PRINT Train Epoch: 4 [0/60000 (0%)]	Loss: 124.529831
[2022-10-20 01:48:17] PRINT Train Epoch: 4 [1280/60000 (2%)]	Loss: 121.651260
[2022-10-20 01:48:17] PRINT Train Epoch: 4 [2560/60000 (4%)]	Loss: 115.757896
[2022-10-20 01:48:17] PRINT Train Epoch: 4 [3840/60000 (6%)]	Loss: 118.122200
[2022-10-20 01:48:17] PRINT Train Epoch: 4 [5120/60000 (9%)]	Loss: 121.724716
[2022-10-20 01:48:17] PRINT Train Epoch: 4 [6400/60000 (11%)]	Loss: 123.958298
[2022-10-20 01:48:17] PRINT Train Epoch: 4 [7680/60000 (13%)]	Loss: 118.043762
[2022-10-20 01:48:17] PRINT Train Epoch: 4 [8960/60000 (15%)]	Loss: 122.192657
[2022-10-20 01:48:18] PRINT Train Epoch: 4 [10240/60000 (17%)]	Loss: 119.319702
[2022-10-20 01:48:18] PRINT Train Epoch: 4 [11520/60000 (19%)]	Loss: 126.425964
[2022-10-20 01:48:18] PRINT Train Epoch: 4 [12800/60000 (21%)]	Loss: 119.346535
[2022-10-20 01:48:18] PRINT Train Epoch: 4 [14080/60000 (23%)]	Loss: 116.297501
[2022-10-20 01:48:18] PRINT Train Epoch: 4 [15360/60000 (26%)]	Loss: 124.665268
[2022-10-20 01:48:18] PRINT Train Epoch: 4 [16640/60000 (28%)]	Loss: 120.360504
[2022-10-20 01:48:18] PRINT Train Epoch: 4 [17920/60000 (30%)]	Loss: 116.344467
[2022-10-20 01:48:18] PRINT Train Epoch: 4 [19200/60000 (32%)]	Loss: 118.065521
[2022-10-20 01:48:18] PRINT Train Epoch: 4 [20480/60000 (34%)]	Loss: 119.533142
[2022-10-20 01:48:18] PRINT Train Epoch: 4 [21760/60000 (36%)]	Loss: 120.967377
[2022-10-20 01:48:18] PRINT Train Epoch: 4 [23040/60000 (38%)]	Loss: 123.243492
[2022-10-20 01:48:19] PRINT Train Epoch: 4 [24320/60000 (41%)]	Loss: 118.533714
[2022-10-20 01:48:19] PRINT Train Epoch: 4 [25600/60000 (43%)]	Loss: 114.642334
[2022-10-20 01:48:19] PRINT Train Epoch: 4 [26880/60000 (45%)]	Loss: 121.031540
[2022-10-20 01:48:19] PRINT Train Epoch: 4 [28160/60000 (47%)]	Loss: 124.505768
[2022-10-20 01:48:19] PRINT Train Epoch: 4 [29440/60000 (49%)]	Loss: 122.426003
[2022-10-20 01:48:19] PRINT Train Epoch: 4 [30720/60000 (51%)]	Loss: 119.322655
[2022-10-20 01:48:19] PRINT Train Epoch: 4 [32000/60000 (53%)]	Loss: 123.773598
[2022-10-20 01:48:19] PRINT Train Epoch: 4 [33280/60000 (55%)]	Loss: 120.295021
[2022-10-20 01:48:19] PRINT Train Epoch: 4 [34560/60000 (58%)]	Loss: 118.950760
[2022-10-20 01:48:19] PRINT Train Epoch: 4 [35840/60000 (60%)]	Loss: 122.089584
[2022-10-20 01:48:19] PRINT Train Epoch: 4 [37120/60000 (62%)]	Loss: 121.155754
[2022-10-20 01:48:19] PRINT Train Epoch: 4 [38400/60000 (64%)]	Loss: 122.108246
[2022-10-20 01:48:20] PRINT Train Epoch: 4 [39680/60000 (66%)]	Loss: 120.119011
[2022-10-20 01:48:20] PRINT Train Epoch: 4 [40960/60000 (68%)]	Loss: 120.738022
[2022-10-20 01:48:20] PRINT Train Epoch: 4 [42240/60000 (70%)]	Loss: 121.689102
[2022-10-20 01:48:20] PRINT Train Epoch: 4 [43520/60000 (72%)]	Loss: 119.255142
[2022-10-20 01:48:20] PRINT Train Epoch: 4 [44800/60000 (75%)]	Loss: 118.793900
[2022-10-20 01:48:20] PRINT Train Epoch: 4 [46080/60000 (77%)]	Loss: 123.657867
[2022-10-20 01:48:20] PRINT Train Epoch: 4 [47360/60000 (79%)]	Loss: 116.450027
[2022-10-20 01:48:20] PRINT Train Epoch: 4 [48640/60000 (81%)]	Loss: 121.535255
[2022-10-20 01:48:20] PRINT Train Epoch: 4 [49920/60000 (83%)]	Loss: 119.950417
[2022-10-20 01:48:20] PRINT Train Epoch: 4 [51200/60000 (85%)]	Loss: 119.858757
[2022-10-20 01:48:20] PRINT Train Epoch: 4 [52480/60000 (87%)]	Loss: 121.259193
[2022-10-20 01:48:20] PRINT Train Epoch: 4 [53760/60000 (90%)]	Loss: 119.971077
[2022-10-20 01:48:21] PRINT Train Epoch: 4 [55040/60000 (92%)]	Loss: 120.564857
[2022-10-20 01:48:21] PRINT Train Epoch: 4 [56320/60000 (94%)]	Loss: 122.794342
[2022-10-20 01:48:21] PRINT Train Epoch: 4 [57600/60000 (96%)]	Loss: 121.279602
[2022-10-20 01:48:21] PRINT Train Epoch: 4 [58880/60000 (98%)]	Loss: 121.521812
[2022-10-20 01:48:21] PRINT ====> Epoch: 4 Average loss: 120.7357
[2022-10-20 01:48:22] PRINT ====> Test set loss: 120.1394
[2022-10-20 01:48:22] PRINT Train Epoch: 5 [0/60000 (0%)]	Loss: 119.115875
[2022-10-20 01:48:22] PRINT Train Epoch: 5 [1280/60000 (2%)]	Loss: 116.710014
[2022-10-20 01:48:22] PRINT Train Epoch: 5 [2560/60000 (4%)]	Loss: 118.384216
[2022-10-20 01:48:22] PRINT Train Epoch: 5 [3840/60000 (6%)]	Loss: 113.692253
[2022-10-20 01:48:22] PRINT Train Epoch: 5 [5120/60000 (9%)]	Loss: 118.994255
[2022-10-20 01:48:22] PRINT Train Epoch: 5 [6400/60000 (11%)]	Loss: 120.463364
[2022-10-20 01:48:22] PRINT Train Epoch: 5 [7680/60000 (13%)]	Loss: 114.972336
[2022-10-20 01:48:22] PRINT Train Epoch: 5 [8960/60000 (15%)]	Loss: 120.960953
[2022-10-20 01:48:22] PRINT Train Epoch: 5 [10240/60000 (17%)]	Loss: 120.518188
[2022-10-20 01:48:22] PRINT Train Epoch: 5 [11520/60000 (19%)]	Loss: 122.901482
[2022-10-20 01:48:23] PRINT Train Epoch: 5 [12800/60000 (21%)]	Loss: 119.314728
[2022-10-20 01:48:23] PRINT Train Epoch: 5 [14080/60000 (23%)]	Loss: 117.314850
[2022-10-20 01:48:23] PRINT Train Epoch: 5 [15360/60000 (26%)]	Loss: 118.829590
[2022-10-20 01:48:23] PRINT Train Epoch: 5 [16640/60000 (28%)]	Loss: 117.376503
[2022-10-20 01:48:23] PRINT Train Epoch: 5 [17920/60000 (30%)]	Loss: 121.557892
[2022-10-20 01:48:23] PRINT Train Epoch: 5 [19200/60000 (32%)]	Loss: 119.652817
[2022-10-20 01:48:23] PRINT Train Epoch: 5 [20480/60000 (34%)]	Loss: 122.003998
[2022-10-20 01:48:23] PRINT Train Epoch: 5 [21760/60000 (36%)]	Loss: 123.998543
[2022-10-20 01:48:23] PRINT Train Epoch: 5 [23040/60000 (38%)]	Loss: 123.165619
[2022-10-20 01:48:23] PRINT Train Epoch: 5 [24320/60000 (41%)]	Loss: 125.505157
[2022-10-20 01:48:23] PRINT Train Epoch: 5 [25600/60000 (43%)]	Loss: 126.321541
[2022-10-20 01:48:23] PRINT Train Epoch: 5 [26880/60000 (45%)]	Loss: 118.467361
[2022-10-20 01:48:24] PRINT Train Epoch: 5 [28160/60000 (47%)]	Loss: 123.738106
[2022-10-20 01:48:24] PRINT Train Epoch: 5 [29440/60000 (49%)]	Loss: 117.942917
[2022-10-20 01:48:24] PRINT Train Epoch: 5 [30720/60000 (51%)]	Loss: 118.812927
[2022-10-20 01:48:24] PRINT Train Epoch: 5 [32000/60000 (53%)]	Loss: 124.892502
[2022-10-20 01:48:24] PRINT Train Epoch: 5 [33280/60000 (55%)]	Loss: 117.626045
[2022-10-20 01:48:24] PRINT Train Epoch: 5 [34560/60000 (58%)]	Loss: 115.436073
[2022-10-20 01:48:24] PRINT Train Epoch: 5 [35840/60000 (60%)]	Loss: 125.984787
[2022-10-20 01:48:24] PRINT Train Epoch: 5 [37120/60000 (62%)]	Loss: 121.096268
[2022-10-20 01:48:24] PRINT Train Epoch: 5 [38400/60000 (64%)]	Loss: 117.529076
[2022-10-20 01:48:24] PRINT Train Epoch: 5 [39680/60000 (66%)]	Loss: 123.245659
[2022-10-20 01:48:24] PRINT Train Epoch: 5 [40960/60000 (68%)]	Loss: 119.331802
[2022-10-20 01:48:25] PRINT Train Epoch: 5 [42240/60000 (70%)]	Loss: 123.682343
[2022-10-20 01:48:25] PRINT Train Epoch: 5 [43520/60000 (72%)]	Loss: 122.735840
[2022-10-20 01:48:25] PRINT Train Epoch: 5 [44800/60000 (75%)]	Loss: 124.611313
[2022-10-20 01:48:25] PRINT Train Epoch: 5 [46080/60000 (77%)]	Loss: 115.317848
[2022-10-20 01:48:25] PRINT Train Epoch: 5 [47360/60000 (79%)]	Loss: 119.202881
[2022-10-20 01:48:25] PRINT Train Epoch: 5 [48640/60000 (81%)]	Loss: 117.569122
[2022-10-20 01:48:25] PRINT Train Epoch: 5 [49920/60000 (83%)]	Loss: 125.760048
[2022-10-20 01:48:25] PRINT Train Epoch: 5 [51200/60000 (85%)]	Loss: 120.791252
[2022-10-20 01:48:25] PRINT Train Epoch: 5 [52480/60000 (87%)]	Loss: 122.583366
[2022-10-20 01:48:25] PRINT Train Epoch: 5 [53760/60000 (90%)]	Loss: 120.964172
[2022-10-20 01:48:25] PRINT Train Epoch: 5 [55040/60000 (92%)]	Loss: 114.125366
[2022-10-20 01:48:26] PRINT Train Epoch: 5 [56320/60000 (94%)]	Loss: 118.744995
[2022-10-20 01:48:26] PRINT Train Epoch: 5 [57600/60000 (96%)]	Loss: 121.550514
[2022-10-20 01:48:26] PRINT Train Epoch: 5 [58880/60000 (98%)]	Loss: 121.851990
[2022-10-20 01:48:26] PRINT ====> Epoch: 5 Average loss: 119.9540
[2022-10-20 01:48:26] PRINT ====> Test set loss: 120.6254
[2022-10-20 01:48:27] PRINT Train Epoch: 6 [0/60000 (0%)]	Loss: 121.992157
[2022-10-20 01:48:27] PRINT Train Epoch: 6 [1280/60000 (2%)]	Loss: 119.449722
[2022-10-20 01:48:27] PRINT Train Epoch: 6 [2560/60000 (4%)]	Loss: 122.555115
[2022-10-20 01:48:27] PRINT Train Epoch: 6 [3840/60000 (6%)]	Loss: 123.591293
[2022-10-20 01:48:27] PRINT Train Epoch: 6 [5120/60000 (9%)]	Loss: 123.960297
[2022-10-20 01:48:27] PRINT Train Epoch: 6 [6400/60000 (11%)]	Loss: 120.246094
[2022-10-20 01:48:27] PRINT Train Epoch: 6 [7680/60000 (13%)]	Loss: 122.046188
[2022-10-20 01:48:27] PRINT Train Epoch: 6 [8960/60000 (15%)]	Loss: 116.855927
[2022-10-20 01:48:27] PRINT Train Epoch: 6 [10240/60000 (17%)]	Loss: 119.957626
[2022-10-20 01:48:27] PRINT Train Epoch: 6 [11520/60000 (19%)]	Loss: 118.589966
[2022-10-20 01:48:27] PRINT Train Epoch: 6 [12800/60000 (21%)]	Loss: 116.865959
[2022-10-20 01:48:28] PRINT Train Epoch: 6 [14080/60000 (23%)]	Loss: 122.096451
[2022-10-20 01:48:28] PRINT Train Epoch: 6 [15360/60000 (26%)]	Loss: 118.868256
[2022-10-20 01:48:28] PRINT Train Epoch: 6 [16640/60000 (28%)]	Loss: 115.160324
[2022-10-20 01:48:28] PRINT Train Epoch: 6 [17920/60000 (30%)]	Loss: 124.042236
[2022-10-20 01:48:28] PRINT Train Epoch: 6 [19200/60000 (32%)]	Loss: 115.365067
[2022-10-20 01:48:28] PRINT Train Epoch: 6 [20480/60000 (34%)]	Loss: 119.173370
[2022-10-20 01:48:28] PRINT Train Epoch: 6 [21760/60000 (36%)]	Loss: 117.876335
[2022-10-20 01:48:28] PRINT Train Epoch: 6 [23040/60000 (38%)]	Loss: 116.562790
[2022-10-20 01:48:28] PRINT Train Epoch: 6 [24320/60000 (41%)]	Loss: 117.179306
[2022-10-20 01:48:28] PRINT Train Epoch: 6 [25600/60000 (43%)]	Loss: 113.954361
[2022-10-20 01:48:28] PRINT Train Epoch: 6 [26880/60000 (45%)]	Loss: 119.765244
[2022-10-20 01:48:28] PRINT Train Epoch: 6 [28160/60000 (47%)]	Loss: 120.745537
[2022-10-20 01:48:29] PRINT Train Epoch: 6 [29440/60000 (49%)]	Loss: 120.716110
[2022-10-20 01:48:29] PRINT Train Epoch: 6 [30720/60000 (51%)]	Loss: 123.735840
[2022-10-20 01:48:29] PRINT Train Epoch: 6 [32000/60000 (53%)]	Loss: 123.119888
[2022-10-20 01:48:29] PRINT Train Epoch: 6 [33280/60000 (55%)]	Loss: 122.019745
[2022-10-20 01:48:29] PRINT Train Epoch: 6 [34560/60000 (58%)]	Loss: 118.420334
[2022-10-20 01:48:29] PRINT Train Epoch: 6 [35840/60000 (60%)]	Loss: 114.464928
[2022-10-20 01:48:29] PRINT Train Epoch: 6 [37120/60000 (62%)]	Loss: 121.699394
[2022-10-20 01:48:29] PRINT Train Epoch: 6 [38400/60000 (64%)]	Loss: 120.782761
[2022-10-20 01:48:29] PRINT Train Epoch: 6 [39680/60000 (66%)]	Loss: 119.426468
[2022-10-20 01:48:29] PRINT Train Epoch: 6 [40960/60000 (68%)]	Loss: 117.465393
[2022-10-20 01:48:29] PRINT Train Epoch: 6 [42240/60000 (70%)]	Loss: 123.835007
[2022-10-20 01:48:30] PRINT Train Epoch: 6 [43520/60000 (72%)]	Loss: 127.082123
[2022-10-20 01:48:30] PRINT Train Epoch: 6 [44800/60000 (75%)]	Loss: 119.153557
[2022-10-20 01:48:30] PRINT Train Epoch: 6 [46080/60000 (77%)]	Loss: 114.942001
[2022-10-20 01:48:30] PRINT Train Epoch: 6 [47360/60000 (79%)]	Loss: 121.331993
[2022-10-20 01:48:30] PRINT Train Epoch: 6 [48640/60000 (81%)]	Loss: 121.251526
[2022-10-20 01:48:30] PRINT Train Epoch: 6 [49920/60000 (83%)]	Loss: 121.370361
[2022-10-20 01:48:30] PRINT Train Epoch: 6 [51200/60000 (85%)]	Loss: 121.037132
[2022-10-20 01:48:30] PRINT Train Epoch: 6 [52480/60000 (87%)]	Loss: 115.063583
[2022-10-20 01:48:30] PRINT Train Epoch: 6 [53760/60000 (90%)]	Loss: 125.452965
[2022-10-20 01:48:30] PRINT Train Epoch: 6 [55040/60000 (92%)]	Loss: 124.016197
[2022-10-20 01:48:30] PRINT Train Epoch: 6 [56320/60000 (94%)]	Loss: 118.976578
[2022-10-20 01:48:31] PRINT Train Epoch: 6 [57600/60000 (96%)]	Loss: 117.855804
[2022-10-20 01:48:31] PRINT Train Epoch: 6 [58880/60000 (98%)]	Loss: 121.461281
[2022-10-20 01:48:31] PRINT ====> Epoch: 6 Average loss: 119.5569
[2022-10-20 01:48:31] PRINT ====> Test set loss: 121.2425
[2022-10-20 01:48:32] PRINT Train Epoch: 7 [0/60000 (0%)]	Loss: 114.544304
[2022-10-20 01:48:32] PRINT Train Epoch: 7 [1280/60000 (2%)]	Loss: 120.308701
[2022-10-20 01:48:32] PRINT Train Epoch: 7 [2560/60000 (4%)]	Loss: 122.318161
[2022-10-20 01:48:32] PRINT Train Epoch: 7 [3840/60000 (6%)]	Loss: 122.949661
[2022-10-20 01:48:32] PRINT Train Epoch: 7 [5120/60000 (9%)]	Loss: 120.404594
[2022-10-20 01:48:32] PRINT Train Epoch: 7 [6400/60000 (11%)]	Loss: 123.380951
[2022-10-20 01:48:32] PRINT Train Epoch: 7 [7680/60000 (13%)]	Loss: 113.223831
[2022-10-20 01:48:32] PRINT Train Epoch: 7 [8960/60000 (15%)]	Loss: 119.078354
[2022-10-20 01:48:32] PRINT Train Epoch: 7 [10240/60000 (17%)]	Loss: 117.499466
[2022-10-20 01:48:32] PRINT Train Epoch: 7 [11520/60000 (19%)]	Loss: 121.078857
[2022-10-20 01:48:32] PRINT Train Epoch: 7 [12800/60000 (21%)]	Loss: 114.333740
[2022-10-20 01:48:32] PRINT Train Epoch: 7 [14080/60000 (23%)]	Loss: 109.795639
[2022-10-20 01:48:33] PRINT Train Epoch: 7 [15360/60000 (26%)]	Loss: 120.970261
[2022-10-20 01:48:33] PRINT Train Epoch: 7 [16640/60000 (28%)]	Loss: 120.493805
[2022-10-20 01:48:33] PRINT Train Epoch: 7 [17920/60000 (30%)]	Loss: 114.494255
[2022-10-20 01:48:33] PRINT Train Epoch: 7 [19200/60000 (32%)]	Loss: 123.948456
[2022-10-20 01:48:33] PRINT Train Epoch: 7 [20480/60000 (34%)]	Loss: 121.419098
[2022-10-20 01:48:33] PRINT Train Epoch: 7 [21760/60000 (36%)]	Loss: 119.202118
[2022-10-20 01:48:33] PRINT Train Epoch: 7 [23040/60000 (38%)]	Loss: 114.387329
[2022-10-20 01:48:33] PRINT Train Epoch: 7 [24320/60000 (41%)]	Loss: 119.137215
[2022-10-20 01:48:33] PRINT Train Epoch: 7 [25600/60000 (43%)]	Loss: 114.120148
[2022-10-20 01:48:33] PRINT Train Epoch: 7 [26880/60000 (45%)]	Loss: 122.092148
[2022-10-20 01:48:33] PRINT Train Epoch: 7 [28160/60000 (47%)]	Loss: 121.933556
[2022-10-20 01:48:33] PRINT Train Epoch: 7 [29440/60000 (49%)]	Loss: 119.033020
[2022-10-20 01:48:34] PRINT Train Epoch: 7 [30720/60000 (51%)]	Loss: 114.868011
[2022-10-20 01:48:34] PRINT Train Epoch: 7 [32000/60000 (53%)]	Loss: 119.145264
[2022-10-20 01:48:34] PRINT Train Epoch: 7 [33280/60000 (55%)]	Loss: 120.340797
[2022-10-20 01:48:34] PRINT Train Epoch: 7 [34560/60000 (58%)]	Loss: 124.237320
[2022-10-20 01:48:34] PRINT Train Epoch: 7 [35840/60000 (60%)]	Loss: 120.954582
[2022-10-20 01:48:34] PRINT Train Epoch: 7 [37120/60000 (62%)]	Loss: 116.498337
[2022-10-20 01:48:34] PRINT Train Epoch: 7 [38400/60000 (64%)]	Loss: 122.702713
[2022-10-20 01:48:34] PRINT Train Epoch: 7 [39680/60000 (66%)]	Loss: 112.655167
[2022-10-20 01:48:34] PRINT Train Epoch: 7 [40960/60000 (68%)]	Loss: 124.492928
[2022-10-20 01:48:34] PRINT Train Epoch: 7 [42240/60000 (70%)]	Loss: 121.585541
[2022-10-20 01:48:34] PRINT Train Epoch: 7 [43520/60000 (72%)]	Loss: 118.723770
[2022-10-20 01:48:34] PRINT Train Epoch: 7 [44800/60000 (75%)]	Loss: 119.298592
[2022-10-20 01:48:35] PRINT Train Epoch: 7 [46080/60000 (77%)]	Loss: 124.210884
[2022-10-20 01:48:35] PRINT Train Epoch: 7 [47360/60000 (79%)]	Loss: 122.503448
[2022-10-20 01:48:35] PRINT Train Epoch: 7 [48640/60000 (81%)]	Loss: 122.501541
[2022-10-20 01:48:35] PRINT Train Epoch: 7 [49920/60000 (83%)]	Loss: 116.732239
[2022-10-20 01:48:35] PRINT Train Epoch: 7 [51200/60000 (85%)]	Loss: 116.404427
[2022-10-20 01:48:35] PRINT Train Epoch: 7 [52480/60000 (87%)]	Loss: 122.103531
[2022-10-20 01:48:35] PRINT Train Epoch: 7 [53760/60000 (90%)]	Loss: 119.110840
[2022-10-20 01:48:35] PRINT Train Epoch: 7 [55040/60000 (92%)]	Loss: 124.881165
[2022-10-20 01:48:35] PRINT Train Epoch: 7 [56320/60000 (94%)]	Loss: 116.572586
[2022-10-20 01:48:35] PRINT Train Epoch: 7 [57600/60000 (96%)]	Loss: 118.432121
[2022-10-20 01:48:35] PRINT Train Epoch: 7 [58880/60000 (98%)]	Loss: 114.546997
[2022-10-20 01:48:36] PRINT ====> Epoch: 7 Average loss: 119.4080
[2022-10-20 01:48:36] PRINT ====> Test set loss: 118.5944
[2022-10-20 01:48:36] PRINT Train Epoch: 8 [0/60000 (0%)]	Loss: 116.019760
[2022-10-20 01:48:36] PRINT Train Epoch: 8 [1280/60000 (2%)]	Loss: 117.118439
[2022-10-20 01:48:36] PRINT Train Epoch: 8 [2560/60000 (4%)]	Loss: 120.199005
[2022-10-20 01:48:37] PRINT Train Epoch: 8 [3840/60000 (6%)]	Loss: 120.611870
[2022-10-20 01:48:37] PRINT Train Epoch: 8 [5120/60000 (9%)]	Loss: 123.211708
[2022-10-20 01:48:37] PRINT Train Epoch: 8 [6400/60000 (11%)]	Loss: 117.125610
[2022-10-20 01:48:37] PRINT Train Epoch: 8 [7680/60000 (13%)]	Loss: 117.972168
[2022-10-20 01:48:37] PRINT Train Epoch: 8 [8960/60000 (15%)]	Loss: 117.451324
[2022-10-20 01:48:37] PRINT Train Epoch: 8 [10240/60000 (17%)]	Loss: 117.829590
[2022-10-20 01:48:37] PRINT Train Epoch: 8 [11520/60000 (19%)]	Loss: 120.313820
[2022-10-20 01:48:37] PRINT Train Epoch: 8 [12800/60000 (21%)]	Loss: 118.682419
[2022-10-20 01:48:37] PRINT Train Epoch: 8 [14080/60000 (23%)]	Loss: 114.006630
[2022-10-20 01:48:37] PRINT Train Epoch: 8 [15360/60000 (26%)]	Loss: 123.157593
[2022-10-20 01:48:37] PRINT Train Epoch: 8 [16640/60000 (28%)]	Loss: 121.399475
[2022-10-20 01:48:37] PRINT Train Epoch: 8 [17920/60000 (30%)]	Loss: 118.268684
[2022-10-20 01:48:38] PRINT Train Epoch: 8 [19200/60000 (32%)]	Loss: 118.334198
[2022-10-20 01:48:38] PRINT Train Epoch: 8 [20480/60000 (34%)]	Loss: 123.538086
[2022-10-20 01:48:38] PRINT Train Epoch: 8 [21760/60000 (36%)]	Loss: 116.454224
[2022-10-20 01:48:38] PRINT Train Epoch: 8 [23040/60000 (38%)]	Loss: 121.396484
[2022-10-20 01:48:38] PRINT Train Epoch: 8 [24320/60000 (41%)]	Loss: 120.137787
[2022-10-20 01:48:38] PRINT Train Epoch: 8 [25600/60000 (43%)]	Loss: 120.111771
[2022-10-20 01:48:38] PRINT Train Epoch: 8 [26880/60000 (45%)]	Loss: 115.973228
[2022-10-20 01:48:38] PRINT Train Epoch: 8 [28160/60000 (47%)]	Loss: 115.857407
[2022-10-20 01:48:38] PRINT Train Epoch: 8 [29440/60000 (49%)]	Loss: 114.970322
[2022-10-20 01:48:38] PRINT Train Epoch: 8 [30720/60000 (51%)]	Loss: 125.902237
[2022-10-20 01:48:38] PRINT Train Epoch: 8 [32000/60000 (53%)]	Loss: 118.033096
[2022-10-20 01:48:39] PRINT Train Epoch: 8 [33280/60000 (55%)]	Loss: 113.492393
[2022-10-20 01:48:39] PRINT Train Epoch: 8 [34560/60000 (58%)]	Loss: 121.921700
[2022-10-20 01:48:39] PRINT Train Epoch: 8 [35840/60000 (60%)]	Loss: 121.608841
[2022-10-20 01:48:39] PRINT Train Epoch: 8 [37120/60000 (62%)]	Loss: 120.454819
[2022-10-20 01:48:39] PRINT Train Epoch: 8 [38400/60000 (64%)]	Loss: 114.609505
[2022-10-20 01:48:39] PRINT Train Epoch: 8 [39680/60000 (66%)]	Loss: 119.994240
[2022-10-20 01:48:39] PRINT Train Epoch: 8 [40960/60000 (68%)]	Loss: 126.624756
[2022-10-20 01:48:39] PRINT Train Epoch: 8 [42240/60000 (70%)]	Loss: 117.708626
[2022-10-20 01:48:39] PRINT Train Epoch: 8 [43520/60000 (72%)]	Loss: 116.145096
[2022-10-20 01:48:39] PRINT Train Epoch: 8 [44800/60000 (75%)]	Loss: 119.909309
[2022-10-20 01:48:39] PRINT Train Epoch: 8 [46080/60000 (77%)]	Loss: 120.125603
[2022-10-20 01:48:39] PRINT Train Epoch: 8 [47360/60000 (79%)]	Loss: 121.909554
[2022-10-20 01:48:40] PRINT Train Epoch: 8 [48640/60000 (81%)]	Loss: 119.736023
[2022-10-20 01:48:40] PRINT Train Epoch: 8 [49920/60000 (83%)]	Loss: 116.495056
[2022-10-20 01:48:40] PRINT Train Epoch: 8 [51200/60000 (85%)]	Loss: 119.170639
[2022-10-20 01:48:40] PRINT Train Epoch: 8 [52480/60000 (87%)]	Loss: 121.100952
[2022-10-20 01:48:40] PRINT Train Epoch: 8 [53760/60000 (90%)]	Loss: 124.893311
[2022-10-20 01:48:40] PRINT Train Epoch: 8 [55040/60000 (92%)]	Loss: 123.829758
[2022-10-20 01:48:40] PRINT Train Epoch: 8 [56320/60000 (94%)]	Loss: 121.012253
[2022-10-20 01:48:40] PRINT Train Epoch: 8 [57600/60000 (96%)]	Loss: 116.296082
[2022-10-20 01:48:40] PRINT Train Epoch: 8 [58880/60000 (98%)]	Loss: 116.669907
[2022-10-20 01:48:40] PRINT ====> Epoch: 8 Average loss: 119.0863
[2022-10-20 01:48:41] PRINT ====> Test set loss: 117.7074
[2022-10-20 01:48:41] PRINT Train Epoch: 9 [0/60000 (0%)]	Loss: 115.019196
[2022-10-20 01:48:41] PRINT Train Epoch: 9 [1280/60000 (2%)]	Loss: 119.742294
[2022-10-20 01:48:41] PRINT Train Epoch: 9 [2560/60000 (4%)]	Loss: 121.361969
[2022-10-20 01:48:41] PRINT Train Epoch: 9 [3840/60000 (6%)]	Loss: 120.871948
[2022-10-20 01:48:41] PRINT Train Epoch: 9 [5120/60000 (9%)]	Loss: 119.698700
[2022-10-20 01:48:41] PRINT Train Epoch: 9 [6400/60000 (11%)]	Loss: 123.520355
[2022-10-20 01:48:42] PRINT Train Epoch: 9 [7680/60000 (13%)]	Loss: 122.725136
[2022-10-20 01:48:42] PRINT Train Epoch: 9 [8960/60000 (15%)]	Loss: 118.932076
[2022-10-20 01:48:42] PRINT Train Epoch: 9 [10240/60000 (17%)]	Loss: 123.157516
[2022-10-20 01:48:42] PRINT Train Epoch: 9 [11520/60000 (19%)]	Loss: 119.320038
[2022-10-20 01:48:42] PRINT Train Epoch: 9 [12800/60000 (21%)]	Loss: 118.935806
[2022-10-20 01:48:42] PRINT Train Epoch: 9 [14080/60000 (23%)]	Loss: 120.874863
[2022-10-20 01:48:42] PRINT Train Epoch: 9 [15360/60000 (26%)]	Loss: 120.155609
[2022-10-20 01:48:42] PRINT Train Epoch: 9 [16640/60000 (28%)]	Loss: 114.500427
[2022-10-20 01:48:42] PRINT Train Epoch: 9 [17920/60000 (30%)]	Loss: 116.415382
[2022-10-20 01:48:42] PRINT Train Epoch: 9 [19200/60000 (32%)]	Loss: 113.968430
[2022-10-20 01:48:42] PRINT Train Epoch: 9 [20480/60000 (34%)]	Loss: 116.078812
[2022-10-20 01:48:43] PRINT Train Epoch: 9 [21760/60000 (36%)]	Loss: 115.391678
[2022-10-20 01:48:43] PRINT Train Epoch: 9 [23040/60000 (38%)]	Loss: 123.381371
[2022-10-20 01:48:43] PRINT Train Epoch: 9 [24320/60000 (41%)]	Loss: 125.983162
[2022-10-20 01:48:43] PRINT Train Epoch: 9 [25600/60000 (43%)]	Loss: 118.705643
[2022-10-20 01:48:43] PRINT Train Epoch: 9 [26880/60000 (45%)]	Loss: 117.413666
[2022-10-20 01:48:43] PRINT Train Epoch: 9 [28160/60000 (47%)]	Loss: 125.193893
[2022-10-20 01:48:43] PRINT Train Epoch: 9 [29440/60000 (49%)]	Loss: 118.057373
[2022-10-20 01:48:43] PRINT Train Epoch: 9 [30720/60000 (51%)]	Loss: 118.344711
[2022-10-20 01:48:43] PRINT Train Epoch: 9 [32000/60000 (53%)]	Loss: 111.605240
[2022-10-20 01:48:43] PRINT Train Epoch: 9 [33280/60000 (55%)]	Loss: 120.062096
[2022-10-20 01:48:43] PRINT Train Epoch: 9 [34560/60000 (58%)]	Loss: 118.241531
[2022-10-20 01:48:44] PRINT Train Epoch: 9 [35840/60000 (60%)]	Loss: 122.984222
[2022-10-20 01:48:44] PRINT Train Epoch: 9 [37120/60000 (62%)]	Loss: 120.897919
[2022-10-20 01:48:44] PRINT Train Epoch: 9 [38400/60000 (64%)]	Loss: 123.377930
[2022-10-20 01:48:44] PRINT Train Epoch: 9 [39680/60000 (66%)]	Loss: 118.798096
[2022-10-20 01:48:44] PRINT Train Epoch: 9 [40960/60000 (68%)]	Loss: 116.995773
[2022-10-20 01:48:44] PRINT Train Epoch: 9 [42240/60000 (70%)]	Loss: 116.603668
[2022-10-20 01:48:44] PRINT Train Epoch: 9 [43520/60000 (72%)]	Loss: 119.735474
[2022-10-20 01:48:44] PRINT Train Epoch: 9 [44800/60000 (75%)]	Loss: 121.133591
[2022-10-20 01:48:44] PRINT Train Epoch: 9 [46080/60000 (77%)]	Loss: 119.429092
[2022-10-20 01:48:44] PRINT Train Epoch: 9 [47360/60000 (79%)]	Loss: 118.520065
[2022-10-20 01:48:44] PRINT Train Epoch: 9 [48640/60000 (81%)]	Loss: 120.611580
[2022-10-20 01:48:44] PRINT Train Epoch: 9 [49920/60000 (83%)]	Loss: 116.357941
[2022-10-20 01:48:45] PRINT Train Epoch: 9 [51200/60000 (85%)]	Loss: 116.546478
[2022-10-20 01:48:45] PRINT Train Epoch: 9 [52480/60000 (87%)]	Loss: 120.554199
[2022-10-20 01:48:45] PRINT Train Epoch: 9 [53760/60000 (90%)]	Loss: 123.066559
[2022-10-20 01:48:45] PRINT Train Epoch: 9 [55040/60000 (92%)]	Loss: 126.598480
[2022-10-20 01:48:45] PRINT Train Epoch: 9 [56320/60000 (94%)]	Loss: 123.173492
[2022-10-20 01:48:45] PRINT Train Epoch: 9 [57600/60000 (96%)]	Loss: 119.194031
[2022-10-20 01:48:45] PRINT Train Epoch: 9 [58880/60000 (98%)]	Loss: 117.772858
[2022-10-20 01:48:45] PRINT ====> Epoch: 9 Average loss: 118.9139
[2022-10-20 01:48:46] PRINT ====> Test set loss: 119.0330
[2022-10-20 01:48:46] PRINT Train Epoch: 10 [0/60000 (0%)]	Loss: 119.885727
[2022-10-20 01:48:46] PRINT Train Epoch: 10 [1280/60000 (2%)]	Loss: 124.822227
[2022-10-20 01:48:46] PRINT Train Epoch: 10 [2560/60000 (4%)]	Loss: 114.997375
[2022-10-20 01:48:46] PRINT Train Epoch: 10 [3840/60000 (6%)]	Loss: 122.058167
[2022-10-20 01:48:46] PRINT Train Epoch: 10 [5120/60000 (9%)]	Loss: 120.792923
[2022-10-20 01:48:46] PRINT Train Epoch: 10 [6400/60000 (11%)]	Loss: 116.052971
[2022-10-20 01:48:46] PRINT Train Epoch: 10 [7680/60000 (13%)]	Loss: 121.304810
[2022-10-20 01:48:47] PRINT Train Epoch: 10 [8960/60000 (15%)]	Loss: 118.094170
[2022-10-20 01:48:47] PRINT Train Epoch: 10 [10240/60000 (17%)]	Loss: 121.118752
[2022-10-20 01:48:47] PRINT Train Epoch: 10 [11520/60000 (19%)]	Loss: 114.640244
[2022-10-20 01:48:47] PRINT Train Epoch: 10 [12800/60000 (21%)]	Loss: 115.516922
[2022-10-20 01:48:47] PRINT Train Epoch: 10 [14080/60000 (23%)]	Loss: 118.257561
[2022-10-20 01:48:47] PRINT Train Epoch: 10 [15360/60000 (26%)]	Loss: 119.838654
[2022-10-20 01:48:47] PRINT Train Epoch: 10 [16640/60000 (28%)]	Loss: 123.719040
[2022-10-20 01:48:47] PRINT Train Epoch: 10 [17920/60000 (30%)]	Loss: 114.086281
[2022-10-20 01:48:47] PRINT Train Epoch: 10 [19200/60000 (32%)]	Loss: 123.285019
[2022-10-20 01:48:47] PRINT Train Epoch: 10 [20480/60000 (34%)]	Loss: 117.213455
[2022-10-20 01:48:47] PRINT Train Epoch: 10 [21760/60000 (36%)]	Loss: 118.916649
[2022-10-20 01:48:48] PRINT Train Epoch: 10 [23040/60000 (38%)]	Loss: 123.794479
[2022-10-20 01:48:48] PRINT Train Epoch: 10 [24320/60000 (41%)]	Loss: 126.008484
[2022-10-20 01:48:48] PRINT Train Epoch: 10 [25600/60000 (43%)]	Loss: 120.971115
[2022-10-20 01:48:48] PRINT Train Epoch: 10 [26880/60000 (45%)]	Loss: 122.833069
[2022-10-20 01:48:48] PRINT Train Epoch: 10 [28160/60000 (47%)]	Loss: 118.606491
[2022-10-20 01:48:48] PRINT Train Epoch: 10 [29440/60000 (49%)]	Loss: 113.645844
[2022-10-20 01:48:48] PRINT Train Epoch: 10 [30720/60000 (51%)]	Loss: 117.822914
[2022-10-20 01:48:48] PRINT Train Epoch: 10 [32000/60000 (53%)]	Loss: 121.412514
[2022-10-20 01:48:48] PRINT Train Epoch: 10 [33280/60000 (55%)]	Loss: 117.164375
[2022-10-20 01:48:48] PRINT Train Epoch: 10 [34560/60000 (58%)]	Loss: 121.946724
[2022-10-20 01:48:48] PRINT Train Epoch: 10 [35840/60000 (60%)]	Loss: 115.638069
[2022-10-20 01:48:49] PRINT Train Epoch: 10 [37120/60000 (62%)]	Loss: 116.919189
[2022-10-20 01:48:49] PRINT Train Epoch: 10 [38400/60000 (64%)]	Loss: 118.935318
[2022-10-20 01:48:49] PRINT Train Epoch: 10 [39680/60000 (66%)]	Loss: 119.987442
[2022-10-20 01:48:49] PRINT Train Epoch: 10 [40960/60000 (68%)]	Loss: 114.537766
[2022-10-20 01:48:49] PRINT Train Epoch: 10 [42240/60000 (70%)]	Loss: 115.008194
[2022-10-20 01:48:49] PRINT Train Epoch: 10 [43520/60000 (72%)]	Loss: 120.110161
[2022-10-20 01:48:49] PRINT Train Epoch: 10 [44800/60000 (75%)]	Loss: 118.963249
[2022-10-20 01:48:49] PRINT Train Epoch: 10 [46080/60000 (77%)]	Loss: 122.669861
[2022-10-20 01:48:49] PRINT Train Epoch: 10 [47360/60000 (79%)]	Loss: 118.281158
[2022-10-20 01:48:49] PRINT Train Epoch: 10 [48640/60000 (81%)]	Loss: 120.710640
[2022-10-20 01:48:49] PRINT Train Epoch: 10 [49920/60000 (83%)]	Loss: 120.147331
[2022-10-20 01:48:49] PRINT Train Epoch: 10 [51200/60000 (85%)]	Loss: 119.840134
[2022-10-20 01:48:50] PRINT Train Epoch: 10 [52480/60000 (87%)]	Loss: 119.811981
[2022-10-20 01:48:50] PRINT Train Epoch: 10 [53760/60000 (90%)]	Loss: 118.274872
[2022-10-20 01:48:50] PRINT Train Epoch: 10 [55040/60000 (92%)]	Loss: 122.216324
[2022-10-20 01:48:50] PRINT Train Epoch: 10 [56320/60000 (94%)]	Loss: 119.678902
[2022-10-20 01:48:50] PRINT Train Epoch: 10 [57600/60000 (96%)]	Loss: 117.719978
[2022-10-20 01:48:50] PRINT Train Epoch: 10 [58880/60000 (98%)]	Loss: 117.098984
[2022-10-20 01:48:50] PRINT ====> Epoch: 10 Average loss: 118.7037
[2022-10-20 01:48:51] PRINT ====> Test set loss: 118.8590
