[2022-10-20 00:56:58] PRINT {'features1': 300, 'features2': 30, 'lr': 0.013667681516768374, 'epsilon': 1e-06, 'TRIAL_BUDGET': 2}
[2022-10-20 00:56:58] PRINT Using cuda device
[2022-10-20 00:57:03] PRINT Train Epoch: 1 [0/60000 (0%)]	Loss: 550.495728
[2022-10-20 00:57:03] PRINT Train Epoch: 1 [1280/60000 (2%)]	Loss: 221.618103
[2022-10-20 00:57:04] PRINT Train Epoch: 1 [2560/60000 (4%)]	Loss: 204.088287
[2022-10-20 00:57:04] PRINT Train Epoch: 1 [3840/60000 (6%)]	Loss: 200.415375
[2022-10-20 00:57:04] PRINT Train Epoch: 1 [5120/60000 (9%)]	Loss: 191.566101
[2022-10-20 00:57:05] PRINT Train Epoch: 1 [6400/60000 (11%)]	Loss: 191.348679
[2022-10-20 00:57:05] PRINT Train Epoch: 1 [7680/60000 (13%)]	Loss: 195.147720
[2022-10-20 00:57:05] PRINT Train Epoch: 1 [8960/60000 (15%)]	Loss: 194.945450
[2022-10-20 00:57:06] PRINT Train Epoch: 1 [10240/60000 (17%)]	Loss: 177.292465
[2022-10-20 00:57:06] PRINT Train Epoch: 1 [11520/60000 (19%)]	Loss: 189.588211
[2022-10-20 00:57:06] PRINT Train Epoch: 1 [12800/60000 (21%)]	Loss: 183.161697
[2022-10-20 00:57:06] PRINT Train Epoch: 1 [14080/60000 (23%)]	Loss: 174.574081
[2022-10-20 00:57:07] PRINT Train Epoch: 1 [15360/60000 (26%)]	Loss: 175.280746
[2022-10-20 00:57:07] PRINT Train Epoch: 1 [16640/60000 (28%)]	Loss: 172.984055
[2022-10-20 00:57:07] PRINT Train Epoch: 1 [17920/60000 (30%)]	Loss: 173.476776
[2022-10-20 00:57:08] PRINT Train Epoch: 1 [19200/60000 (32%)]	Loss: 176.316330
[2022-10-20 00:57:08] PRINT Train Epoch: 1 [20480/60000 (34%)]	Loss: 186.011780
[2022-10-20 00:57:08] PRINT Train Epoch: 1 [21760/60000 (36%)]	Loss: 172.031250
[2022-10-20 00:57:09] PRINT Train Epoch: 1 [23040/60000 (38%)]	Loss: 173.267960
[2022-10-20 00:57:09] PRINT Train Epoch: 1 [24320/60000 (41%)]	Loss: 182.880463
[2022-10-20 00:57:09] PRINT Train Epoch: 1 [25600/60000 (43%)]	Loss: 172.721863
[2022-10-20 00:57:09] PRINT Train Epoch: 1 [26880/60000 (45%)]	Loss: 170.007370
[2022-10-20 00:57:10] PRINT Train Epoch: 1 [28160/60000 (47%)]	Loss: 168.565918
[2022-10-20 00:57:10] PRINT Train Epoch: 1 [29440/60000 (49%)]	Loss: 161.432236
[2022-10-20 00:57:10] PRINT Train Epoch: 1 [30720/60000 (51%)]	Loss: 171.510452
[2022-10-20 00:57:11] PRINT Train Epoch: 1 [32000/60000 (53%)]	Loss: 162.463974
[2022-10-20 00:57:11] PRINT Train Epoch: 1 [33280/60000 (55%)]	Loss: 167.133087
[2022-10-20 00:57:11] PRINT Train Epoch: 1 [34560/60000 (58%)]	Loss: 157.871994
[2022-10-20 00:57:12] PRINT Train Epoch: 1 [35840/60000 (60%)]	Loss: 160.892776
[2022-10-20 00:57:12] PRINT Train Epoch: 1 [37120/60000 (62%)]	Loss: 159.515686
[2022-10-20 00:57:12] PRINT Train Epoch: 1 [38400/60000 (64%)]	Loss: 154.881027
[2022-10-20 00:57:12] PRINT Train Epoch: 1 [39680/60000 (66%)]	Loss: 153.186844
[2022-10-20 00:57:13] PRINT Train Epoch: 1 [40960/60000 (68%)]	Loss: 161.524628
[2022-10-20 00:57:13] PRINT Train Epoch: 1 [42240/60000 (70%)]	Loss: 160.506226
[2022-10-20 00:57:13] PRINT Train Epoch: 1 [43520/60000 (72%)]	Loss: 157.586548
[2022-10-20 00:57:14] PRINT Train Epoch: 1 [44800/60000 (75%)]	Loss: 152.486206
[2022-10-20 00:57:14] PRINT Train Epoch: 1 [46080/60000 (77%)]	Loss: 161.156464
[2022-10-20 00:57:14] PRINT Train Epoch: 1 [47360/60000 (79%)]	Loss: 146.464859
[2022-10-20 00:57:15] PRINT Train Epoch: 1 [48640/60000 (81%)]	Loss: 152.404800
[2022-10-20 00:57:15] PRINT Train Epoch: 1 [49920/60000 (83%)]	Loss: 155.419479
[2022-10-20 00:57:15] PRINT Train Epoch: 1 [51200/60000 (85%)]	Loss: 156.934143
[2022-10-20 00:57:15] PRINT Train Epoch: 1 [52480/60000 (87%)]	Loss: 140.444626
[2022-10-20 00:57:16] PRINT Train Epoch: 1 [53760/60000 (90%)]	Loss: 154.290207
[2022-10-20 00:57:16] PRINT Train Epoch: 1 [55040/60000 (92%)]	Loss: 146.036209
[2022-10-20 00:57:16] PRINT Train Epoch: 1 [56320/60000 (94%)]	Loss: 152.075623
[2022-10-20 00:57:17] PRINT Train Epoch: 1 [57600/60000 (96%)]	Loss: 152.130096
[2022-10-20 00:57:17] PRINT Train Epoch: 1 [58880/60000 (98%)]	Loss: 153.094620
[2022-10-20 00:57:17] PRINT ====> Epoch: 1 Average loss: 170.7397
[2022-10-20 00:57:20] PRINT ====> Test set loss: 151.9532
[2022-10-20 00:57:20] PRINT Train Epoch: 2 [0/60000 (0%)]	Loss: 157.023956
[2022-10-20 00:57:20] PRINT Train Epoch: 2 [1280/60000 (2%)]	Loss: 156.430969
[2022-10-20 00:57:21] PRINT Train Epoch: 2 [2560/60000 (4%)]	Loss: 152.030243
[2022-10-20 00:57:21] PRINT Train Epoch: 2 [3840/60000 (6%)]	Loss: 152.672729
[2022-10-20 00:57:21] PRINT Train Epoch: 2 [5120/60000 (9%)]	Loss: 147.174438
[2022-10-20 00:57:22] PRINT Train Epoch: 2 [6400/60000 (11%)]	Loss: 156.522034
[2022-10-20 00:57:22] PRINT Train Epoch: 2 [7680/60000 (13%)]	Loss: 146.153992
[2022-10-20 00:57:22] PRINT Train Epoch: 2 [8960/60000 (15%)]	Loss: 146.629807
[2022-10-20 00:57:22] PRINT Train Epoch: 2 [10240/60000 (17%)]	Loss: 147.265930
[2022-10-20 00:57:23] PRINT Train Epoch: 2 [11520/60000 (19%)]	Loss: 146.190811
[2022-10-20 00:57:23] PRINT Train Epoch: 2 [12800/60000 (21%)]	Loss: 147.179962
[2022-10-20 00:57:23] PRINT Train Epoch: 2 [14080/60000 (23%)]	Loss: 142.979858
[2022-10-20 00:57:24] PRINT Train Epoch: 2 [15360/60000 (26%)]	Loss: 154.331299
[2022-10-20 00:57:24] PRINT Train Epoch: 2 [16640/60000 (28%)]	Loss: 145.121017
[2022-10-20 00:57:24] PRINT Train Epoch: 2 [17920/60000 (30%)]	Loss: 143.779633
[2022-10-20 00:57:25] PRINT Train Epoch: 2 [19200/60000 (32%)]	Loss: 146.291931
[2022-10-20 00:57:25] PRINT Train Epoch: 2 [20480/60000 (34%)]	Loss: 150.353699
[2022-10-20 00:57:25] PRINT Train Epoch: 2 [21760/60000 (36%)]	Loss: 138.684418
[2022-10-20 00:57:26] PRINT Train Epoch: 2 [23040/60000 (38%)]	Loss: 139.460388
[2022-10-20 00:57:26] PRINT Train Epoch: 2 [24320/60000 (41%)]	Loss: 152.306625
[2022-10-20 00:57:26] PRINT Train Epoch: 2 [25600/60000 (43%)]	Loss: 145.339233
[2022-10-20 00:57:27] PRINT Train Epoch: 2 [26880/60000 (45%)]	Loss: 139.100586
[2022-10-20 00:57:27] PRINT Train Epoch: 2 [28160/60000 (47%)]	Loss: 139.974976
[2022-10-20 00:57:27] PRINT Train Epoch: 2 [29440/60000 (49%)]	Loss: 146.238510
[2022-10-20 00:57:28] PRINT Train Epoch: 2 [30720/60000 (51%)]	Loss: 145.464035
[2022-10-20 00:57:28] PRINT Train Epoch: 2 [32000/60000 (53%)]	Loss: 142.663696
[2022-10-20 00:57:28] PRINT Train Epoch: 2 [33280/60000 (55%)]	Loss: 148.613617
[2022-10-20 00:57:29] PRINT Train Epoch: 2 [34560/60000 (58%)]	Loss: 144.787796
[2022-10-20 00:57:29] PRINT Train Epoch: 2 [35840/60000 (60%)]	Loss: 137.981110
[2022-10-20 00:57:29] PRINT Train Epoch: 2 [37120/60000 (62%)]	Loss: 145.779404
[2022-10-20 00:57:30] PRINT Train Epoch: 2 [38400/60000 (64%)]	Loss: 148.592255
[2022-10-20 00:57:30] PRINT Train Epoch: 2 [39680/60000 (66%)]	Loss: 141.196152
[2022-10-20 00:57:30] PRINT Train Epoch: 2 [40960/60000 (68%)]	Loss: 145.688187
[2022-10-20 00:57:30] PRINT Train Epoch: 2 [42240/60000 (70%)]	Loss: 145.786911
[2022-10-20 00:57:31] PRINT Train Epoch: 2 [43520/60000 (72%)]	Loss: 146.632309
[2022-10-20 00:57:31] PRINT Train Epoch: 2 [44800/60000 (75%)]	Loss: 145.580353
[2022-10-20 00:57:31] PRINT Train Epoch: 2 [46080/60000 (77%)]	Loss: 144.378967
[2022-10-20 00:57:32] PRINT Train Epoch: 2 [47360/60000 (79%)]	Loss: 139.767319
[2022-10-20 00:57:32] PRINT Train Epoch: 2 [48640/60000 (81%)]	Loss: 147.073212
[2022-10-20 00:57:32] PRINT Train Epoch: 2 [49920/60000 (83%)]	Loss: 144.402298
[2022-10-20 00:57:33] PRINT Train Epoch: 2 [51200/60000 (85%)]	Loss: 141.321259
[2022-10-20 00:57:33] PRINT Train Epoch: 2 [52480/60000 (87%)]	Loss: 143.841827
[2022-10-20 00:57:33] PRINT Train Epoch: 2 [53760/60000 (90%)]	Loss: 140.711655
[2022-10-20 00:57:34] PRINT Train Epoch: 2 [55040/60000 (92%)]	Loss: 143.191238
[2022-10-20 00:57:34] PRINT Train Epoch: 2 [56320/60000 (94%)]	Loss: 144.907837
[2022-10-20 00:57:34] PRINT Train Epoch: 2 [57600/60000 (96%)]	Loss: 146.580414
[2022-10-20 00:57:35] PRINT Train Epoch: 2 [58880/60000 (98%)]	Loss: 149.730057
[2022-10-20 00:57:35] PRINT ====> Epoch: 2 Average loss: 145.9305
[2022-10-20 00:57:37] PRINT ====> Test set loss: 142.5611
[2022-10-20 00:57:38] PRINT Train Epoch: 3 [0/60000 (0%)]	Loss: 135.299911
[2022-10-20 00:57:38] PRINT Train Epoch: 3 [1280/60000 (2%)]	Loss: 136.068817
[2022-10-20 00:57:38] PRINT Train Epoch: 3 [2560/60000 (4%)]	Loss: 139.660187
[2022-10-20 00:57:38] PRINT Train Epoch: 3 [3840/60000 (6%)]	Loss: 140.415329
[2022-10-20 00:57:39] PRINT Train Epoch: 3 [5120/60000 (9%)]	Loss: 146.689880
[2022-10-20 00:57:39] PRINT Train Epoch: 3 [6400/60000 (11%)]	Loss: 138.074982
[2022-10-20 00:57:39] PRINT Train Epoch: 3 [7680/60000 (13%)]	Loss: 147.415375
[2022-10-20 00:57:40] PRINT Train Epoch: 3 [8960/60000 (15%)]	Loss: 143.659958
[2022-10-20 00:57:40] PRINT Train Epoch: 3 [10240/60000 (17%)]	Loss: 142.472595
[2022-10-20 00:57:40] PRINT Train Epoch: 3 [11520/60000 (19%)]	Loss: 143.385147
[2022-10-20 00:57:41] PRINT Train Epoch: 3 [12800/60000 (21%)]	Loss: 142.238632
[2022-10-20 00:57:41] PRINT Train Epoch: 3 [14080/60000 (23%)]	Loss: 144.117615
[2022-10-20 00:57:41] PRINT Train Epoch: 3 [15360/60000 (26%)]	Loss: 142.799545
[2022-10-20 00:57:42] PRINT Train Epoch: 3 [16640/60000 (28%)]	Loss: 137.335388
[2022-10-20 00:57:42] PRINT Train Epoch: 3 [17920/60000 (30%)]	Loss: 144.504959
[2022-10-20 00:57:42] PRINT Train Epoch: 3 [19200/60000 (32%)]	Loss: 144.530029
[2022-10-20 00:57:42] PRINT Train Epoch: 3 [20480/60000 (34%)]	Loss: 146.240463
[2022-10-20 00:57:43] PRINT Train Epoch: 3 [21760/60000 (36%)]	Loss: 146.177643
[2022-10-20 00:57:43] PRINT Train Epoch: 3 [23040/60000 (38%)]	Loss: 135.178009
[2022-10-20 00:57:43] PRINT Train Epoch: 3 [24320/60000 (41%)]	Loss: 147.764130
[2022-10-20 00:57:44] PRINT Train Epoch: 3 [25600/60000 (43%)]	Loss: 135.739670
[2022-10-20 00:57:44] PRINT Train Epoch: 3 [26880/60000 (45%)]	Loss: 141.006058
[2022-10-20 00:57:44] PRINT Train Epoch: 3 [28160/60000 (47%)]	Loss: 138.283035
[2022-10-20 00:57:45] PRINT Train Epoch: 3 [29440/60000 (49%)]	Loss: 140.952255
[2022-10-20 00:57:45] PRINT Train Epoch: 3 [30720/60000 (51%)]	Loss: 142.320694
[2022-10-20 00:57:45] PRINT Train Epoch: 3 [32000/60000 (53%)]	Loss: 143.588760
[2022-10-20 00:57:46] PRINT Train Epoch: 3 [33280/60000 (55%)]	Loss: 146.242798
[2022-10-20 00:57:46] PRINT Train Epoch: 3 [34560/60000 (58%)]	Loss: 136.827087
[2022-10-20 00:57:46] PRINT Train Epoch: 3 [35840/60000 (60%)]	Loss: 134.523788
[2022-10-20 00:57:46] PRINT Train Epoch: 3 [37120/60000 (62%)]	Loss: 146.665344
[2022-10-20 00:57:47] PRINT Train Epoch: 3 [38400/60000 (64%)]	Loss: 142.430618
[2022-10-20 00:57:47] PRINT Train Epoch: 3 [39680/60000 (66%)]	Loss: 136.019348
[2022-10-20 00:57:47] PRINT Train Epoch: 3 [40960/60000 (68%)]	Loss: 146.641830
[2022-10-20 00:57:48] PRINT Train Epoch: 3 [42240/60000 (70%)]	Loss: 139.942459
[2022-10-20 00:57:48] PRINT Train Epoch: 3 [43520/60000 (72%)]	Loss: 137.554718
[2022-10-20 00:57:48] PRINT Train Epoch: 3 [44800/60000 (75%)]	Loss: 144.889511
[2022-10-20 00:57:49] PRINT Train Epoch: 3 [46080/60000 (77%)]	Loss: 138.373734
[2022-10-20 00:57:49] PRINT Train Epoch: 3 [47360/60000 (79%)]	Loss: 143.432190
[2022-10-20 00:57:49] PRINT Train Epoch: 3 [48640/60000 (81%)]	Loss: 142.622482
[2022-10-20 00:57:49] PRINT Train Epoch: 3 [49920/60000 (83%)]	Loss: 148.460693
[2022-10-20 00:57:50] PRINT Train Epoch: 3 [51200/60000 (85%)]	Loss: 141.931885
[2022-10-20 00:57:50] PRINT Train Epoch: 3 [52480/60000 (87%)]	Loss: 141.016312
[2022-10-20 00:57:50] PRINT Train Epoch: 3 [53760/60000 (90%)]	Loss: 149.096710
[2022-10-20 00:57:51] PRINT Train Epoch: 3 [55040/60000 (92%)]	Loss: 146.053726
[2022-10-20 00:57:51] PRINT Train Epoch: 3 [56320/60000 (94%)]	Loss: 136.198563
[2022-10-20 00:57:51] PRINT Train Epoch: 3 [57600/60000 (96%)]	Loss: 145.532944
[2022-10-20 00:57:52] PRINT Train Epoch: 3 [58880/60000 (98%)]	Loss: 139.914337
[2022-10-20 00:57:52] PRINT ====> Epoch: 3 Average loss: 142.4795
[2022-10-20 00:57:55] PRINT ====> Test set loss: 141.6569
[2022-10-20 00:57:55] PRINT Train Epoch: 4 [0/60000 (0%)]	Loss: 144.881805
[2022-10-20 00:57:55] PRINT Train Epoch: 4 [1280/60000 (2%)]	Loss: 144.969116
[2022-10-20 00:57:55] PRINT Train Epoch: 4 [2560/60000 (4%)]	Loss: 139.565491
[2022-10-20 00:57:56] PRINT Train Epoch: 4 [3840/60000 (6%)]	Loss: 140.489792
[2022-10-20 00:57:56] PRINT Train Epoch: 4 [5120/60000 (9%)]	Loss: 141.649033
[2022-10-20 00:57:56] PRINT Train Epoch: 4 [6400/60000 (11%)]	Loss: 150.368637
[2022-10-20 00:57:57] PRINT Train Epoch: 4 [7680/60000 (13%)]	Loss: 141.772995
[2022-10-20 00:57:57] PRINT Train Epoch: 4 [8960/60000 (15%)]	Loss: 139.864304
[2022-10-20 00:57:57] PRINT Train Epoch: 4 [10240/60000 (17%)]	Loss: 139.326569
[2022-10-20 00:57:57] PRINT Train Epoch: 4 [11520/60000 (19%)]	Loss: 145.248184
[2022-10-20 00:57:58] PRINT Train Epoch: 4 [12800/60000 (21%)]	Loss: 141.264496
[2022-10-20 00:57:58] PRINT Train Epoch: 4 [14080/60000 (23%)]	Loss: 138.038330
[2022-10-20 00:57:58] PRINT Train Epoch: 4 [15360/60000 (26%)]	Loss: 145.327011
[2022-10-20 00:57:59] PRINT Train Epoch: 4 [16640/60000 (28%)]	Loss: 142.446091
[2022-10-20 00:57:59] PRINT Train Epoch: 4 [17920/60000 (30%)]	Loss: 133.314407
[2022-10-20 00:57:59] PRINT Train Epoch: 4 [19200/60000 (32%)]	Loss: 142.155533
[2022-10-20 00:58:00] PRINT Train Epoch: 4 [20480/60000 (34%)]	Loss: 141.211426
[2022-10-20 00:58:00] PRINT Train Epoch: 4 [21760/60000 (36%)]	Loss: 143.915771
[2022-10-20 00:58:00] PRINT Train Epoch: 4 [23040/60000 (38%)]	Loss: 144.401077
[2022-10-20 00:58:01] PRINT Train Epoch: 4 [24320/60000 (41%)]	Loss: 139.309845
[2022-10-20 00:58:01] PRINT Train Epoch: 4 [25600/60000 (43%)]	Loss: 130.308456
[2022-10-20 00:58:01] PRINT Train Epoch: 4 [26880/60000 (45%)]	Loss: 142.052826
[2022-10-20 00:58:01] PRINT Train Epoch: 4 [28160/60000 (47%)]	Loss: 146.416855
[2022-10-20 00:58:02] PRINT Train Epoch: 4 [29440/60000 (49%)]	Loss: 141.995193
[2022-10-20 00:58:02] PRINT Train Epoch: 4 [30720/60000 (51%)]	Loss: 140.729202
[2022-10-20 00:58:02] PRINT Train Epoch: 4 [32000/60000 (53%)]	Loss: 144.025482
[2022-10-20 00:58:03] PRINT Train Epoch: 4 [33280/60000 (55%)]	Loss: 144.433304
[2022-10-20 00:58:03] PRINT Train Epoch: 4 [34560/60000 (58%)]	Loss: 142.043137
[2022-10-20 00:58:03] PRINT Train Epoch: 4 [35840/60000 (60%)]	Loss: 140.130112
[2022-10-20 00:58:04] PRINT Train Epoch: 4 [37120/60000 (62%)]	Loss: 142.984833
[2022-10-20 00:58:04] PRINT Train Epoch: 4 [38400/60000 (64%)]	Loss: 143.433838
[2022-10-20 00:58:04] PRINT Train Epoch: 4 [39680/60000 (66%)]	Loss: 138.340866
[2022-10-20 00:58:05] PRINT Train Epoch: 4 [40960/60000 (68%)]	Loss: 143.106140
[2022-10-20 00:58:05] PRINT Train Epoch: 4 [42240/60000 (70%)]	Loss: 145.058960
[2022-10-20 00:58:05] PRINT Train Epoch: 4 [43520/60000 (72%)]	Loss: 138.174728
[2022-10-20 00:58:05] PRINT Train Epoch: 4 [44800/60000 (75%)]	Loss: 137.453461
[2022-10-20 00:58:06] PRINT Train Epoch: 4 [46080/60000 (77%)]	Loss: 149.751236
[2022-10-20 00:58:06] PRINT Train Epoch: 4 [47360/60000 (79%)]	Loss: 137.126129
[2022-10-20 00:58:06] PRINT Train Epoch: 4 [48640/60000 (81%)]	Loss: 141.179245
[2022-10-20 00:58:07] PRINT Train Epoch: 4 [49920/60000 (83%)]	Loss: 143.023148
[2022-10-20 00:58:07] PRINT Train Epoch: 4 [51200/60000 (85%)]	Loss: 142.480209
[2022-10-20 00:58:07] PRINT Train Epoch: 4 [52480/60000 (87%)]	Loss: 140.559418
[2022-10-20 00:58:08] PRINT Train Epoch: 4 [53760/60000 (90%)]	Loss: 140.035889
[2022-10-20 00:58:08] PRINT Train Epoch: 4 [55040/60000 (92%)]	Loss: 140.030945
[2022-10-20 00:58:08] PRINT Train Epoch: 4 [56320/60000 (94%)]	Loss: 142.567810
[2022-10-20 00:58:09] PRINT Train Epoch: 4 [57600/60000 (96%)]	Loss: 139.781204
[2022-10-20 00:58:09] PRINT Train Epoch: 4 [58880/60000 (98%)]	Loss: 144.156860
[2022-10-20 00:58:09] PRINT ====> Epoch: 4 Average loss: 141.6775
[2022-10-20 00:58:12] PRINT ====> Test set loss: 142.8531
[2022-10-20 00:58:12] PRINT Train Epoch: 5 [0/60000 (0%)]	Loss: 142.748032
[2022-10-20 00:58:12] PRINT Train Epoch: 5 [1280/60000 (2%)]	Loss: 136.162994
[2022-10-20 00:58:13] PRINT Train Epoch: 5 [2560/60000 (4%)]	Loss: 136.176407
[2022-10-20 00:58:13] PRINT Train Epoch: 5 [3840/60000 (6%)]	Loss: 136.434738
[2022-10-20 00:58:13] PRINT Train Epoch: 5 [5120/60000 (9%)]	Loss: 140.837616
[2022-10-20 00:58:13] PRINT Train Epoch: 5 [6400/60000 (11%)]	Loss: 139.858078
[2022-10-20 00:58:14] PRINT Train Epoch: 5 [7680/60000 (13%)]	Loss: 140.028488
[2022-10-20 00:58:14] PRINT Train Epoch: 5 [8960/60000 (15%)]	Loss: 143.582809
[2022-10-20 00:58:14] PRINT Train Epoch: 5 [10240/60000 (17%)]	Loss: 140.395477
[2022-10-20 00:58:15] PRINT Train Epoch: 5 [11520/60000 (19%)]	Loss: 143.924332
[2022-10-20 00:58:15] PRINT Train Epoch: 5 [12800/60000 (21%)]	Loss: 142.857224
[2022-10-20 00:58:15] PRINT Train Epoch: 5 [14080/60000 (23%)]	Loss: 142.380295
[2022-10-20 00:58:16] PRINT Train Epoch: 5 [15360/60000 (26%)]	Loss: 139.042236
[2022-10-20 00:58:16] PRINT Train Epoch: 5 [16640/60000 (28%)]	Loss: 137.680740
[2022-10-20 00:58:16] PRINT Train Epoch: 5 [17920/60000 (30%)]	Loss: 143.296753
[2022-10-20 00:58:17] PRINT Train Epoch: 5 [19200/60000 (32%)]	Loss: 139.174820
[2022-10-20 00:58:17] PRINT Train Epoch: 5 [20480/60000 (34%)]	Loss: 145.147705
[2022-10-20 00:58:17] PRINT Train Epoch: 5 [21760/60000 (36%)]	Loss: 144.200500
[2022-10-20 00:58:18] PRINT Train Epoch: 5 [23040/60000 (38%)]	Loss: 141.401062
[2022-10-20 00:58:18] PRINT Train Epoch: 5 [24320/60000 (41%)]	Loss: 144.905411
[2022-10-20 00:58:18] PRINT Train Epoch: 5 [25600/60000 (43%)]	Loss: 142.920502
[2022-10-20 00:58:18] PRINT Train Epoch: 5 [26880/60000 (45%)]	Loss: 134.780609
[2022-10-20 00:58:19] PRINT Train Epoch: 5 [28160/60000 (47%)]	Loss: 141.654617
[2022-10-20 00:58:19] PRINT Train Epoch: 5 [29440/60000 (49%)]	Loss: 137.419083
[2022-10-20 00:58:19] PRINT Train Epoch: 5 [30720/60000 (51%)]	Loss: 141.702576
[2022-10-20 00:58:20] PRINT Train Epoch: 5 [32000/60000 (53%)]	Loss: 149.837097
[2022-10-20 00:58:20] PRINT Train Epoch: 5 [33280/60000 (55%)]	Loss: 139.032990
[2022-10-20 00:58:20] PRINT Train Epoch: 5 [34560/60000 (58%)]	Loss: 138.318939
[2022-10-20 00:58:21] PRINT Train Epoch: 5 [35840/60000 (60%)]	Loss: 146.105255
[2022-10-20 00:58:21] PRINT Train Epoch: 5 [37120/60000 (62%)]	Loss: 139.561615
[2022-10-20 00:58:21] PRINT Train Epoch: 5 [38400/60000 (64%)]	Loss: 137.104843
[2022-10-20 00:58:22] PRINT Train Epoch: 5 [39680/60000 (66%)]	Loss: 143.379150
[2022-10-20 00:58:22] PRINT Train Epoch: 5 [40960/60000 (68%)]	Loss: 138.092865
[2022-10-20 00:58:22] PRINT Train Epoch: 5 [42240/60000 (70%)]	Loss: 145.135315
[2022-10-20 00:58:22] PRINT Train Epoch: 5 [43520/60000 (72%)]	Loss: 143.848221
[2022-10-20 00:58:23] PRINT Train Epoch: 5 [44800/60000 (75%)]	Loss: 146.021820
[2022-10-20 00:58:23] PRINT Train Epoch: 5 [46080/60000 (77%)]	Loss: 137.100555
[2022-10-20 00:58:23] PRINT Train Epoch: 5 [47360/60000 (79%)]	Loss: 138.583618
[2022-10-20 00:58:24] PRINT Train Epoch: 5 [48640/60000 (81%)]	Loss: 137.635529
[2022-10-20 00:58:24] PRINT Train Epoch: 5 [49920/60000 (83%)]	Loss: 148.987625
[2022-10-20 00:58:24] PRINT Train Epoch: 5 [51200/60000 (85%)]	Loss: 140.643082
[2022-10-20 00:58:25] PRINT Train Epoch: 5 [52480/60000 (87%)]	Loss: 147.034012
[2022-10-20 00:58:25] PRINT Train Epoch: 5 [53760/60000 (90%)]	Loss: 141.279724
[2022-10-20 00:58:25] PRINT Train Epoch: 5 [55040/60000 (92%)]	Loss: 132.421402
[2022-10-20 00:58:26] PRINT Train Epoch: 5 [56320/60000 (94%)]	Loss: 141.987000
[2022-10-20 00:58:26] PRINT Train Epoch: 5 [57600/60000 (96%)]	Loss: 139.616333
[2022-10-20 00:58:26] PRINT Train Epoch: 5 [58880/60000 (98%)]	Loss: 144.455399
[2022-10-20 00:58:27] PRINT ====> Epoch: 5 Average loss: 141.0723
[2022-10-20 00:58:29] PRINT ====> Test set loss: 141.2096
[2022-10-20 00:58:29] PRINT Train Epoch: 6 [0/60000 (0%)]	Loss: 144.276749
[2022-10-20 00:58:30] PRINT Train Epoch: 6 [1280/60000 (2%)]	Loss: 138.857208
[2022-10-20 00:58:30] PRINT Train Epoch: 6 [2560/60000 (4%)]	Loss: 143.071259
[2022-10-20 00:58:30] PRINT Train Epoch: 6 [3840/60000 (6%)]	Loss: 144.365265
[2022-10-20 00:58:30] PRINT Train Epoch: 6 [5120/60000 (9%)]	Loss: 144.050064
[2022-10-20 00:58:31] PRINT Train Epoch: 6 [6400/60000 (11%)]	Loss: 143.371704
[2022-10-20 00:58:31] PRINT Train Epoch: 6 [7680/60000 (13%)]	Loss: 138.464615
[2022-10-20 00:58:31] PRINT Train Epoch: 6 [8960/60000 (15%)]	Loss: 140.063492
[2022-10-20 00:58:32] PRINT Train Epoch: 6 [10240/60000 (17%)]	Loss: 143.350449
[2022-10-20 00:58:32] PRINT Train Epoch: 6 [11520/60000 (19%)]	Loss: 140.303482
[2022-10-20 00:58:32] PRINT Train Epoch: 6 [12800/60000 (21%)]	Loss: 135.710770
[2022-10-20 00:58:33] PRINT Train Epoch: 6 [14080/60000 (23%)]	Loss: 146.453110
[2022-10-20 00:58:33] PRINT Train Epoch: 6 [15360/60000 (26%)]	Loss: 139.488861
[2022-10-20 00:58:33] PRINT Train Epoch: 6 [16640/60000 (28%)]	Loss: 134.909698
[2022-10-20 00:58:34] PRINT Train Epoch: 6 [17920/60000 (30%)]	Loss: 144.153839
[2022-10-20 00:58:34] PRINT Train Epoch: 6 [19200/60000 (32%)]	Loss: 134.388794
[2022-10-20 00:58:34] PRINT Train Epoch: 6 [20480/60000 (34%)]	Loss: 139.331970
[2022-10-20 00:58:35] PRINT Train Epoch: 6 [21760/60000 (36%)]	Loss: 137.573486
[2022-10-20 00:58:35] PRINT Train Epoch: 6 [23040/60000 (38%)]	Loss: 138.487305
[2022-10-20 00:58:35] PRINT Train Epoch: 6 [24320/60000 (41%)]	Loss: 138.059830
[2022-10-20 00:58:36] PRINT Train Epoch: 6 [25600/60000 (43%)]	Loss: 134.375580
[2022-10-20 00:58:36] PRINT Train Epoch: 6 [26880/60000 (45%)]	Loss: 143.051651
[2022-10-20 00:58:36] PRINT Train Epoch: 6 [28160/60000 (47%)]	Loss: 141.180115
[2022-10-20 00:58:36] PRINT Train Epoch: 6 [29440/60000 (49%)]	Loss: 141.624573
[2022-10-20 00:58:37] PRINT Train Epoch: 6 [30720/60000 (51%)]	Loss: 143.461975
[2022-10-20 00:58:37] PRINT Train Epoch: 6 [32000/60000 (53%)]	Loss: 146.739044
[2022-10-20 00:58:37] PRINT Train Epoch: 6 [33280/60000 (55%)]	Loss: 140.181244
[2022-10-20 00:58:38] PRINT Train Epoch: 6 [34560/60000 (58%)]	Loss: 141.509689
[2022-10-20 00:58:38] PRINT Train Epoch: 6 [35840/60000 (60%)]	Loss: 135.591339
[2022-10-20 00:58:38] PRINT Train Epoch: 6 [37120/60000 (62%)]	Loss: 141.022415
[2022-10-20 00:58:39] PRINT Train Epoch: 6 [38400/60000 (64%)]	Loss: 144.461655
[2022-10-20 00:58:39] PRINT Train Epoch: 6 [39680/60000 (66%)]	Loss: 138.394379
[2022-10-20 00:58:39] PRINT Train Epoch: 6 [40960/60000 (68%)]	Loss: 139.462234
[2022-10-20 00:58:40] PRINT Train Epoch: 6 [42240/60000 (70%)]	Loss: 146.339615
[2022-10-20 00:58:40] PRINT Train Epoch: 6 [43520/60000 (72%)]	Loss: 148.155533
[2022-10-20 00:58:40] PRINT Train Epoch: 6 [44800/60000 (75%)]	Loss: 142.878830
[2022-10-20 00:58:41] PRINT Train Epoch: 6 [46080/60000 (77%)]	Loss: 138.322479
[2022-10-20 00:58:41] PRINT Train Epoch: 6 [47360/60000 (79%)]	Loss: 144.675720
[2022-10-20 00:58:41] PRINT Train Epoch: 6 [48640/60000 (81%)]	Loss: 143.381866
[2022-10-20 00:58:42] PRINT Train Epoch: 6 [49920/60000 (83%)]	Loss: 144.211197
[2022-10-20 00:58:42] PRINT Train Epoch: 6 [51200/60000 (85%)]	Loss: 140.364761
[2022-10-20 00:58:42] PRINT Train Epoch: 6 [52480/60000 (87%)]	Loss: 135.642197
[2022-10-20 00:58:42] PRINT Train Epoch: 6 [53760/60000 (90%)]	Loss: 145.666672
[2022-10-20 00:58:43] PRINT Train Epoch: 6 [55040/60000 (92%)]	Loss: 144.945541
[2022-10-20 00:58:43] PRINT Train Epoch: 6 [56320/60000 (94%)]	Loss: 143.874039
[2022-10-20 00:58:43] PRINT Train Epoch: 6 [57600/60000 (96%)]	Loss: 136.628830
[2022-10-20 00:58:44] PRINT Train Epoch: 6 [58880/60000 (98%)]	Loss: 140.979431
[2022-10-20 00:58:44] PRINT ====> Epoch: 6 Average loss: 140.5510
[2022-10-20 00:58:47] PRINT ====> Test set loss: 141.7125
[2022-10-20 00:58:47] PRINT Train Epoch: 7 [0/60000 (0%)]	Loss: 136.709625
[2022-10-20 00:58:47] PRINT Train Epoch: 7 [1280/60000 (2%)]	Loss: 142.523315
[2022-10-20 00:58:47] PRINT Train Epoch: 7 [2560/60000 (4%)]	Loss: 142.272476
[2022-10-20 00:58:48] PRINT Train Epoch: 7 [3840/60000 (6%)]	Loss: 146.834030
[2022-10-20 00:58:48] PRINT Train Epoch: 7 [5120/60000 (9%)]	Loss: 141.843170
[2022-10-20 00:58:48] PRINT Train Epoch: 7 [6400/60000 (11%)]	Loss: 145.188141
[2022-10-20 00:58:49] PRINT Train Epoch: 7 [7680/60000 (13%)]	Loss: 132.464066
[2022-10-20 00:58:49] PRINT Train Epoch: 7 [8960/60000 (15%)]	Loss: 142.652420
[2022-10-20 00:58:49] PRINT Train Epoch: 7 [10240/60000 (17%)]	Loss: 136.705627
[2022-10-20 00:58:49] PRINT Train Epoch: 7 [11520/60000 (19%)]	Loss: 144.717926
[2022-10-20 00:58:50] PRINT Train Epoch: 7 [12800/60000 (21%)]	Loss: 136.083542
[2022-10-20 00:58:50] PRINT Train Epoch: 7 [14080/60000 (23%)]	Loss: 131.337265
[2022-10-20 00:58:50] PRINT Train Epoch: 7 [15360/60000 (26%)]	Loss: 141.533524
[2022-10-20 00:58:51] PRINT Train Epoch: 7 [16640/60000 (28%)]	Loss: 142.751450
[2022-10-20 00:58:51] PRINT Train Epoch: 7 [17920/60000 (30%)]	Loss: 137.757294
[2022-10-20 00:58:51] PRINT Train Epoch: 7 [19200/60000 (32%)]	Loss: 142.151154
[2022-10-20 00:58:52] PRINT Train Epoch: 7 [20480/60000 (34%)]	Loss: 146.858932
[2022-10-20 00:58:52] PRINT Train Epoch: 7 [21760/60000 (36%)]	Loss: 141.219147
[2022-10-20 00:58:52] PRINT Train Epoch: 7 [23040/60000 (38%)]	Loss: 132.881607
[2022-10-20 00:58:53] PRINT Train Epoch: 7 [24320/60000 (41%)]	Loss: 138.036072
[2022-10-20 00:58:53] PRINT Train Epoch: 7 [25600/60000 (43%)]	Loss: 135.564865
[2022-10-20 00:58:53] PRINT Train Epoch: 7 [26880/60000 (45%)]	Loss: 141.045258
[2022-10-20 00:58:53] PRINT Train Epoch: 7 [28160/60000 (47%)]	Loss: 140.300232
[2022-10-20 00:58:54] PRINT Train Epoch: 7 [29440/60000 (49%)]	Loss: 139.649658
[2022-10-20 00:58:54] PRINT Train Epoch: 7 [30720/60000 (51%)]	Loss: 137.500290
[2022-10-20 00:58:54] PRINT Train Epoch: 7 [32000/60000 (53%)]	Loss: 139.595627
[2022-10-20 00:58:55] PRINT Train Epoch: 7 [33280/60000 (55%)]	Loss: 141.797760
[2022-10-20 00:58:55] PRINT Train Epoch: 7 [34560/60000 (58%)]	Loss: 146.452103
[2022-10-20 00:58:55] PRINT Train Epoch: 7 [35840/60000 (60%)]	Loss: 141.088394
[2022-10-20 00:58:56] PRINT Train Epoch: 7 [37120/60000 (62%)]	Loss: 138.451309
[2022-10-20 00:58:56] PRINT Train Epoch: 7 [38400/60000 (64%)]	Loss: 143.421661
[2022-10-20 00:58:56] PRINT Train Epoch: 7 [39680/60000 (66%)]	Loss: 131.815216
[2022-10-20 00:58:57] PRINT Train Epoch: 7 [40960/60000 (68%)]	Loss: 145.996384
[2022-10-20 00:58:57] PRINT Train Epoch: 7 [42240/60000 (70%)]	Loss: 139.350525
[2022-10-20 00:58:57] PRINT Train Epoch: 7 [43520/60000 (72%)]	Loss: 138.204697
[2022-10-20 00:58:58] PRINT Train Epoch: 7 [44800/60000 (75%)]	Loss: 141.616852
[2022-10-20 00:58:58] PRINT Train Epoch: 7 [46080/60000 (77%)]	Loss: 149.474579
[2022-10-20 00:58:58] PRINT Train Epoch: 7 [47360/60000 (79%)]	Loss: 146.420578
[2022-10-20 00:58:58] PRINT Train Epoch: 7 [48640/60000 (81%)]	Loss: 140.290237
[2022-10-20 00:58:59] PRINT Train Epoch: 7 [49920/60000 (83%)]	Loss: 134.141174
[2022-10-20 00:58:59] PRINT Train Epoch: 7 [51200/60000 (85%)]	Loss: 137.459320
[2022-10-20 00:58:59] PRINT Train Epoch: 7 [52480/60000 (87%)]	Loss: 143.117493
[2022-10-20 00:59:00] PRINT Train Epoch: 7 [53760/60000 (90%)]	Loss: 143.042664
[2022-10-20 00:59:00] PRINT Train Epoch: 7 [55040/60000 (92%)]	Loss: 147.804428
[2022-10-20 00:59:00] PRINT Train Epoch: 7 [56320/60000 (94%)]	Loss: 139.888138
[2022-10-20 00:59:01] PRINT Train Epoch: 7 [57600/60000 (96%)]	Loss: 133.913513
[2022-10-20 00:59:01] PRINT Train Epoch: 7 [58880/60000 (98%)]	Loss: 134.593201
[2022-10-20 00:59:01] PRINT ====> Epoch: 7 Average loss: 140.3755
[2022-10-20 00:59:04] PRINT ====> Test set loss: 139.5613
[2022-10-20 00:59:04] PRINT Train Epoch: 8 [0/60000 (0%)]	Loss: 135.594742
[2022-10-20 00:59:04] PRINT Train Epoch: 8 [1280/60000 (2%)]	Loss: 137.576996
[2022-10-20 00:59:05] PRINT Train Epoch: 8 [2560/60000 (4%)]	Loss: 145.351685
[2022-10-20 00:59:05] PRINT Train Epoch: 8 [3840/60000 (6%)]	Loss: 142.910995
[2022-10-20 00:59:05] PRINT Train Epoch: 8 [5120/60000 (9%)]	Loss: 142.558975
[2022-10-20 00:59:06] PRINT Train Epoch: 8 [6400/60000 (11%)]	Loss: 137.701996
[2022-10-20 00:59:06] PRINT Train Epoch: 8 [7680/60000 (13%)]	Loss: 136.885590
[2022-10-20 00:59:06] PRINT Train Epoch: 8 [8960/60000 (15%)]	Loss: 137.504883
[2022-10-20 00:59:06] PRINT Train Epoch: 8 [10240/60000 (17%)]	Loss: 141.887756
[2022-10-20 00:59:07] PRINT Train Epoch: 8 [11520/60000 (19%)]	Loss: 146.032639
[2022-10-20 00:59:07] PRINT Train Epoch: 8 [12800/60000 (21%)]	Loss: 139.326447
[2022-10-20 00:59:07] PRINT Train Epoch: 8 [14080/60000 (23%)]	Loss: 132.887833
[2022-10-20 00:59:08] PRINT Train Epoch: 8 [15360/60000 (26%)]	Loss: 143.794403
[2022-10-20 00:59:08] PRINT Train Epoch: 8 [16640/60000 (28%)]	Loss: 142.878525
[2022-10-20 00:59:08] PRINT Train Epoch: 8 [17920/60000 (30%)]	Loss: 137.994705
[2022-10-20 00:59:09] PRINT Train Epoch: 8 [19200/60000 (32%)]	Loss: 136.946579
[2022-10-20 00:59:09] PRINT Train Epoch: 8 [20480/60000 (34%)]	Loss: 148.756744
[2022-10-20 00:59:09] PRINT Train Epoch: 8 [21760/60000 (36%)]	Loss: 139.875809
[2022-10-20 00:59:10] PRINT Train Epoch: 8 [23040/60000 (38%)]	Loss: 144.100784
[2022-10-20 00:59:10] PRINT Train Epoch: 8 [24320/60000 (41%)]	Loss: 142.360107
[2022-10-20 00:59:10] PRINT Train Epoch: 8 [25600/60000 (43%)]	Loss: 140.304245
[2022-10-20 00:59:10] PRINT Train Epoch: 8 [26880/60000 (45%)]	Loss: 139.209900
[2022-10-20 00:59:11] PRINT Train Epoch: 8 [28160/60000 (47%)]	Loss: 135.208054
[2022-10-20 00:59:11] PRINT Train Epoch: 8 [29440/60000 (49%)]	Loss: 134.857330
[2022-10-20 00:59:11] PRINT Train Epoch: 8 [30720/60000 (51%)]	Loss: 149.195740
[2022-10-20 00:59:12] PRINT Train Epoch: 8 [32000/60000 (53%)]	Loss: 138.893677
[2022-10-20 00:59:12] PRINT Train Epoch: 8 [33280/60000 (55%)]	Loss: 134.615463
[2022-10-20 00:59:12] PRINT Train Epoch: 8 [34560/60000 (58%)]	Loss: 143.130020
[2022-10-20 00:59:13] PRINT Train Epoch: 8 [35840/60000 (60%)]	Loss: 148.740570
[2022-10-20 00:59:13] PRINT Train Epoch: 8 [37120/60000 (62%)]	Loss: 141.354538
[2022-10-20 00:59:13] PRINT Train Epoch: 8 [38400/60000 (64%)]	Loss: 135.609726
[2022-10-20 00:59:14] PRINT Train Epoch: 8 [39680/60000 (66%)]	Loss: 137.813004
[2022-10-20 00:59:14] PRINT Train Epoch: 8 [40960/60000 (68%)]	Loss: 148.697098
[2022-10-20 00:59:14] PRINT Train Epoch: 8 [42240/60000 (70%)]	Loss: 136.676926
[2022-10-20 00:59:14] PRINT Train Epoch: 8 [43520/60000 (72%)]	Loss: 130.598434
[2022-10-20 00:59:15] PRINT Train Epoch: 8 [44800/60000 (75%)]	Loss: 139.424530
[2022-10-20 00:59:15] PRINT Train Epoch: 8 [46080/60000 (77%)]	Loss: 137.127014
[2022-10-20 00:59:15] PRINT Train Epoch: 8 [47360/60000 (79%)]	Loss: 140.390182
[2022-10-20 00:59:16] PRINT Train Epoch: 8 [48640/60000 (81%)]	Loss: 143.700165
[2022-10-20 00:59:16] PRINT Train Epoch: 8 [49920/60000 (83%)]	Loss: 139.245407
[2022-10-20 00:59:16] PRINT Train Epoch: 8 [51200/60000 (85%)]	Loss: 139.032654
[2022-10-20 00:59:17] PRINT Train Epoch: 8 [52480/60000 (87%)]	Loss: 141.936615
[2022-10-20 00:59:17] PRINT Train Epoch: 8 [53760/60000 (90%)]	Loss: 146.416077
[2022-10-20 00:59:17] PRINT Train Epoch: 8 [55040/60000 (92%)]	Loss: 144.657852
[2022-10-20 00:59:18] PRINT Train Epoch: 8 [56320/60000 (94%)]	Loss: 139.506744
[2022-10-20 00:59:18] PRINT Train Epoch: 8 [57600/60000 (96%)]	Loss: 134.583771
[2022-10-20 00:59:18] PRINT Train Epoch: 8 [58880/60000 (98%)]	Loss: 137.715652
[2022-10-20 00:59:18] PRINT ====> Epoch: 8 Average loss: 140.1224
[2022-10-20 00:59:21] PRINT ====> Test set loss: 139.1254
[2022-10-20 00:59:21] PRINT Train Epoch: 9 [0/60000 (0%)]	Loss: 139.283585
[2022-10-20 00:59:22] PRINT Train Epoch: 9 [1280/60000 (2%)]	Loss: 141.916260
[2022-10-20 00:59:22] PRINT Train Epoch: 9 [2560/60000 (4%)]	Loss: 142.889999
[2022-10-20 00:59:22] PRINT Train Epoch: 9 [3840/60000 (6%)]	Loss: 139.679581
[2022-10-20 00:59:23] PRINT Train Epoch: 9 [5120/60000 (9%)]	Loss: 136.182724
[2022-10-20 00:59:23] PRINT Train Epoch: 9 [6400/60000 (11%)]	Loss: 147.903183
[2022-10-20 00:59:23] PRINT Train Epoch: 9 [7680/60000 (13%)]	Loss: 146.012482
[2022-10-20 00:59:24] PRINT Train Epoch: 9 [8960/60000 (15%)]	Loss: 142.757095
[2022-10-20 00:59:24] PRINT Train Epoch: 9 [10240/60000 (17%)]	Loss: 141.899857
[2022-10-20 00:59:24] PRINT Train Epoch: 9 [11520/60000 (19%)]	Loss: 145.479233
[2022-10-20 00:59:25] PRINT Train Epoch: 9 [12800/60000 (21%)]	Loss: 139.896912
[2022-10-20 00:59:25] PRINT Train Epoch: 9 [14080/60000 (23%)]	Loss: 144.245880
[2022-10-20 00:59:25] PRINT Train Epoch: 9 [15360/60000 (26%)]	Loss: 139.624481
[2022-10-20 00:59:26] PRINT Train Epoch: 9 [16640/60000 (28%)]	Loss: 139.804321
[2022-10-20 00:59:26] PRINT Train Epoch: 9 [17920/60000 (30%)]	Loss: 134.029205
[2022-10-20 00:59:26] PRINT Train Epoch: 9 [19200/60000 (32%)]	Loss: 132.843933
[2022-10-20 00:59:27] PRINT Train Epoch: 9 [20480/60000 (34%)]	Loss: 136.234619
[2022-10-20 00:59:27] PRINT Train Epoch: 9 [21760/60000 (36%)]	Loss: 134.717697
[2022-10-20 00:59:27] PRINT Train Epoch: 9 [23040/60000 (38%)]	Loss: 146.416031
[2022-10-20 00:59:28] PRINT Train Epoch: 9 [24320/60000 (41%)]	Loss: 150.064362
[2022-10-20 00:59:28] PRINT Train Epoch: 9 [25600/60000 (43%)]	Loss: 141.934830
[2022-10-20 00:59:28] PRINT Train Epoch: 9 [26880/60000 (45%)]	Loss: 137.751129
[2022-10-20 00:59:29] PRINT Train Epoch: 9 [28160/60000 (47%)]	Loss: 149.862442
[2022-10-20 00:59:29] PRINT Train Epoch: 9 [29440/60000 (49%)]	Loss: 136.786407
[2022-10-20 00:59:29] PRINT Train Epoch: 9 [30720/60000 (51%)]	Loss: 139.765579
[2022-10-20 00:59:29] PRINT Train Epoch: 9 [32000/60000 (53%)]	Loss: 130.034546
[2022-10-20 00:59:30] PRINT Train Epoch: 9 [33280/60000 (55%)]	Loss: 137.816238
[2022-10-20 00:59:30] PRINT Train Epoch: 9 [34560/60000 (58%)]	Loss: 138.719788
[2022-10-20 00:59:30] PRINT Train Epoch: 9 [35840/60000 (60%)]	Loss: 144.178101
[2022-10-20 00:59:31] PRINT Train Epoch: 9 [37120/60000 (62%)]	Loss: 141.026367
[2022-10-20 00:59:31] PRINT Train Epoch: 9 [38400/60000 (64%)]	Loss: 146.200958
[2022-10-20 00:59:31] PRINT Train Epoch: 9 [39680/60000 (66%)]	Loss: 144.396988
[2022-10-20 00:59:32] PRINT Train Epoch: 9 [40960/60000 (68%)]	Loss: 134.612183
[2022-10-20 00:59:32] PRINT Train Epoch: 9 [42240/60000 (70%)]	Loss: 136.485367
[2022-10-20 00:59:32] PRINT Train Epoch: 9 [43520/60000 (72%)]	Loss: 141.305527
[2022-10-20 00:59:33] PRINT Train Epoch: 9 [44800/60000 (75%)]	Loss: 142.172272
[2022-10-20 00:59:33] PRINT Train Epoch: 9 [46080/60000 (77%)]	Loss: 140.524445
[2022-10-20 00:59:33] PRINT Train Epoch: 9 [47360/60000 (79%)]	Loss: 137.431808
[2022-10-20 00:59:34] PRINT Train Epoch: 9 [48640/60000 (81%)]	Loss: 139.115387
[2022-10-20 00:59:34] PRINT Train Epoch: 9 [49920/60000 (83%)]	Loss: 137.017319
[2022-10-20 00:59:34] PRINT Train Epoch: 9 [51200/60000 (85%)]	Loss: 141.914490
[2022-10-20 00:59:35] PRINT Train Epoch: 9 [52480/60000 (87%)]	Loss: 139.310455
[2022-10-20 00:59:35] PRINT Train Epoch: 9 [53760/60000 (90%)]	Loss: 147.345001
[2022-10-20 00:59:35] PRINT Train Epoch: 9 [55040/60000 (92%)]	Loss: 145.942551
[2022-10-20 00:59:35] PRINT Train Epoch: 9 [56320/60000 (94%)]	Loss: 146.244171
[2022-10-20 00:59:36] PRINT Train Epoch: 9 [57600/60000 (96%)]	Loss: 140.814682
[2022-10-20 00:59:36] PRINT Train Epoch: 9 [58880/60000 (98%)]	Loss: 138.813889
[2022-10-20 00:59:36] PRINT ====> Epoch: 9 Average loss: 140.2246
[2022-10-20 00:59:39] PRINT ====> Test set loss: 140.0556
[2022-10-20 00:59:39] PRINT Train Epoch: 10 [0/60000 (0%)]	Loss: 138.387939
[2022-10-20 00:59:39] PRINT Train Epoch: 10 [1280/60000 (2%)]	Loss: 146.819366
[2022-10-20 00:59:40] PRINT Train Epoch: 10 [2560/60000 (4%)]	Loss: 135.926422
[2022-10-20 00:59:40] PRINT Train Epoch: 10 [3840/60000 (6%)]	Loss: 145.103271
[2022-10-20 00:59:40] PRINT Train Epoch: 10 [5120/60000 (9%)]	Loss: 140.803299
[2022-10-20 00:59:41] PRINT Train Epoch: 10 [6400/60000 (11%)]	Loss: 133.718079
[2022-10-20 00:59:41] PRINT Train Epoch: 10 [7680/60000 (13%)]	Loss: 139.896103
[2022-10-20 00:59:41] PRINT Train Epoch: 10 [8960/60000 (15%)]	Loss: 138.481094
[2022-10-20 00:59:42] PRINT Train Epoch: 10 [10240/60000 (17%)]	Loss: 140.948837
[2022-10-20 00:59:42] PRINT Train Epoch: 10 [11520/60000 (19%)]	Loss: 134.921844
[2022-10-20 00:59:42] PRINT Train Epoch: 10 [12800/60000 (21%)]	Loss: 135.701294
[2022-10-20 00:59:43] PRINT Train Epoch: 10 [14080/60000 (23%)]	Loss: 138.633789
[2022-10-20 00:59:43] PRINT Train Epoch: 10 [15360/60000 (26%)]	Loss: 143.178009
[2022-10-20 00:59:43] PRINT Train Epoch: 10 [16640/60000 (28%)]	Loss: 147.372986
[2022-10-20 00:59:43] PRINT Train Epoch: 10 [17920/60000 (30%)]	Loss: 135.528778
[2022-10-20 00:59:44] PRINT Train Epoch: 10 [19200/60000 (32%)]	Loss: 144.296982
[2022-10-20 00:59:44] PRINT Train Epoch: 10 [20480/60000 (34%)]	Loss: 139.972473
[2022-10-20 00:59:44] PRINT Train Epoch: 10 [21760/60000 (36%)]	Loss: 139.164871
[2022-10-20 00:59:45] PRINT Train Epoch: 10 [23040/60000 (38%)]	Loss: 148.993683
[2022-10-20 00:59:45] PRINT Train Epoch: 10 [24320/60000 (41%)]	Loss: 147.108246
[2022-10-20 00:59:45] PRINT Train Epoch: 10 [25600/60000 (43%)]	Loss: 143.529053
[2022-10-20 00:59:46] PRINT Train Epoch: 10 [26880/60000 (45%)]	Loss: 145.171906
[2022-10-20 00:59:46] PRINT Train Epoch: 10 [28160/60000 (47%)]	Loss: 144.353165
[2022-10-20 00:59:46] PRINT Train Epoch: 10 [29440/60000 (49%)]	Loss: 137.316986
[2022-10-20 00:59:47] PRINT Train Epoch: 10 [30720/60000 (51%)]	Loss: 141.522095
[2022-10-20 00:59:47] PRINT Train Epoch: 10 [32000/60000 (53%)]	Loss: 139.096085
[2022-10-20 00:59:47] PRINT Train Epoch: 10 [33280/60000 (55%)]	Loss: 134.730621
[2022-10-20 00:59:47] PRINT Train Epoch: 10 [34560/60000 (58%)]	Loss: 145.862305
[2022-10-20 00:59:48] PRINT Train Epoch: 10 [35840/60000 (60%)]	Loss: 138.126633
[2022-10-20 00:59:48] PRINT Train Epoch: 10 [37120/60000 (62%)]	Loss: 141.124985
[2022-10-20 00:59:48] PRINT Train Epoch: 10 [38400/60000 (64%)]	Loss: 143.357864
[2022-10-20 00:59:49] PRINT Train Epoch: 10 [39680/60000 (66%)]	Loss: 142.488815
[2022-10-20 00:59:49] PRINT Train Epoch: 10 [40960/60000 (68%)]	Loss: 133.363266
[2022-10-20 00:59:49] PRINT Train Epoch: 10 [42240/60000 (70%)]	Loss: 135.626923
[2022-10-20 00:59:50] PRINT Train Epoch: 10 [43520/60000 (72%)]	Loss: 145.938965
[2022-10-20 00:59:50] PRINT Train Epoch: 10 [44800/60000 (75%)]	Loss: 140.502213
[2022-10-20 00:59:50] PRINT Train Epoch: 10 [46080/60000 (77%)]	Loss: 149.062332
[2022-10-20 00:59:51] PRINT Train Epoch: 10 [47360/60000 (79%)]	Loss: 136.336594
[2022-10-20 00:59:51] PRINT Train Epoch: 10 [48640/60000 (81%)]	Loss: 141.143036
[2022-10-20 00:59:51] PRINT Train Epoch: 10 [49920/60000 (83%)]	Loss: 141.722321
[2022-10-20 00:59:52] PRINT Train Epoch: 10 [51200/60000 (85%)]	Loss: 142.555862
[2022-10-20 00:59:52] PRINT Train Epoch: 10 [52480/60000 (87%)]	Loss: 139.338730
[2022-10-20 00:59:52] PRINT Train Epoch: 10 [53760/60000 (90%)]	Loss: 143.189468
[2022-10-20 00:59:52] PRINT Train Epoch: 10 [55040/60000 (92%)]	Loss: 143.448853
[2022-10-20 00:59:53] PRINT Train Epoch: 10 [56320/60000 (94%)]	Loss: 138.038788
[2022-10-20 00:59:53] PRINT Train Epoch: 10 [57600/60000 (96%)]	Loss: 135.184387
[2022-10-20 00:59:53] PRINT Train Epoch: 10 [58880/60000 (98%)]	Loss: 134.503113
[2022-10-20 00:59:54] PRINT ====> Epoch: 10 Average loss: 140.0040
[2022-10-20 00:59:56] PRINT ====> Test set loss: 138.5213
