[2022-10-20 01:46:56] PRINT {'features1': 600, 'features2': 10, 'lr': 0.00013323551153695613, 'epsilon': 1e-06}
[2022-10-20 01:46:56] PRINT Using cuda device
[2022-10-20 01:46:57] PRINT Train Epoch: 1 [0/60000 (0%)]	Loss: 547.453735
[2022-10-20 01:46:57] PRINT Train Epoch: 1 [1280/60000 (2%)]	Loss: 495.351501
[2022-10-20 01:46:57] PRINT Train Epoch: 1 [2560/60000 (4%)]	Loss: 435.694641
[2022-10-20 01:46:58] PRINT Train Epoch: 1 [3840/60000 (6%)]	Loss: 364.129150
[2022-10-20 01:46:58] PRINT Train Epoch: 1 [5120/60000 (9%)]	Loss: 301.092438
[2022-10-20 01:46:58] PRINT Train Epoch: 1 [6400/60000 (11%)]	Loss: 279.261749
[2022-10-20 01:46:58] PRINT Train Epoch: 1 [7680/60000 (13%)]	Loss: 253.192474
[2022-10-20 01:46:58] PRINT Train Epoch: 1 [8960/60000 (15%)]	Loss: 260.148499
[2022-10-20 01:46:58] PRINT Train Epoch: 1 [10240/60000 (17%)]	Loss: 235.258087
[2022-10-20 01:46:58] PRINT Train Epoch: 1 [11520/60000 (19%)]	Loss: 242.114380
[2022-10-20 01:46:58] PRINT Train Epoch: 1 [12800/60000 (21%)]	Loss: 231.419907
[2022-10-20 01:46:58] PRINT Train Epoch: 1 [14080/60000 (23%)]	Loss: 231.465088
[2022-10-20 01:46:58] PRINT Train Epoch: 1 [15360/60000 (26%)]	Loss: 234.962387
[2022-10-20 01:46:58] PRINT Train Epoch: 1 [16640/60000 (28%)]	Loss: 236.629700
[2022-10-20 01:46:59] PRINT Train Epoch: 1 [17920/60000 (30%)]	Loss: 224.310883
[2022-10-20 01:46:59] PRINT Train Epoch: 1 [19200/60000 (32%)]	Loss: 229.260880
[2022-10-20 01:46:59] PRINT Train Epoch: 1 [20480/60000 (34%)]	Loss: 226.232330
[2022-10-20 01:46:59] PRINT Train Epoch: 1 [21760/60000 (36%)]	Loss: 225.658493
[2022-10-20 01:46:59] PRINT Train Epoch: 1 [23040/60000 (38%)]	Loss: 214.952011
[2022-10-20 01:46:59] PRINT Train Epoch: 1 [24320/60000 (41%)]	Loss: 219.626129
[2022-10-20 01:46:59] PRINT Train Epoch: 1 [25600/60000 (43%)]	Loss: 211.943558
[2022-10-20 01:46:59] PRINT Train Epoch: 1 [26880/60000 (45%)]	Loss: 214.261307
[2022-10-20 01:46:59] PRINT Train Epoch: 1 [28160/60000 (47%)]	Loss: 204.314514
[2022-10-20 01:46:59] PRINT Train Epoch: 1 [29440/60000 (49%)]	Loss: 213.129608
[2022-10-20 01:46:59] PRINT Train Epoch: 1 [30720/60000 (51%)]	Loss: 210.125122
[2022-10-20 01:46:59] PRINT Train Epoch: 1 [32000/60000 (53%)]	Loss: 197.383743
[2022-10-20 01:47:00] PRINT Train Epoch: 1 [33280/60000 (55%)]	Loss: 206.354019
[2022-10-20 01:47:00] PRINT Train Epoch: 1 [34560/60000 (58%)]	Loss: 207.813309
[2022-10-20 01:47:00] PRINT Train Epoch: 1 [35840/60000 (60%)]	Loss: 196.544189
[2022-10-20 01:47:00] PRINT Train Epoch: 1 [37120/60000 (62%)]	Loss: 196.979233
[2022-10-20 01:47:00] PRINT Train Epoch: 1 [38400/60000 (64%)]	Loss: 193.991348
[2022-10-20 01:47:00] PRINT Train Epoch: 1 [39680/60000 (66%)]	Loss: 190.962097
[2022-10-20 01:47:00] PRINT Train Epoch: 1 [40960/60000 (68%)]	Loss: 187.614685
[2022-10-20 01:47:00] PRINT Train Epoch: 1 [42240/60000 (70%)]	Loss: 181.546356
[2022-10-20 01:47:00] PRINT Train Epoch: 1 [43520/60000 (72%)]	Loss: 185.757706
[2022-10-20 01:47:00] PRINT Train Epoch: 1 [44800/60000 (75%)]	Loss: 187.278412
[2022-10-20 01:47:00] PRINT Train Epoch: 1 [46080/60000 (77%)]	Loss: 183.387665
[2022-10-20 01:47:01] PRINT Train Epoch: 1 [47360/60000 (79%)]	Loss: 179.810669
[2022-10-20 01:47:01] PRINT Train Epoch: 1 [48640/60000 (81%)]	Loss: 179.386078
[2022-10-20 01:47:01] PRINT Train Epoch: 1 [49920/60000 (83%)]	Loss: 177.333725
[2022-10-20 01:47:01] PRINT Train Epoch: 1 [51200/60000 (85%)]	Loss: 174.985428
[2022-10-20 01:47:01] PRINT Train Epoch: 1 [52480/60000 (87%)]	Loss: 169.832321
[2022-10-20 01:47:01] PRINT Train Epoch: 1 [53760/60000 (90%)]	Loss: 169.204865
[2022-10-20 01:47:01] PRINT Train Epoch: 1 [55040/60000 (92%)]	Loss: 171.566605
[2022-10-20 01:47:01] PRINT Train Epoch: 1 [56320/60000 (94%)]	Loss: 177.050262
[2022-10-20 01:47:01] PRINT Train Epoch: 1 [57600/60000 (96%)]	Loss: 172.937546
[2022-10-20 01:47:01] PRINT Train Epoch: 1 [58880/60000 (98%)]	Loss: 169.906235
[2022-10-20 01:47:01] PRINT ====> Epoch: 1 Average loss: 225.7465
[2022-10-20 01:47:02] PRINT ====> Test set loss: 169.1977
[2022-10-20 01:47:02] PRINT Train Epoch: 2 [0/60000 (0%)]	Loss: 170.248810
[2022-10-20 01:47:02] PRINT Train Epoch: 2 [1280/60000 (2%)]	Loss: 168.754105
[2022-10-20 01:47:02] PRINT Train Epoch: 2 [2560/60000 (4%)]	Loss: 164.573410
[2022-10-20 01:47:03] PRINT Train Epoch: 2 [3840/60000 (6%)]	Loss: 170.959656
[2022-10-20 01:47:03] PRINT Train Epoch: 2 [5120/60000 (9%)]	Loss: 162.621017
[2022-10-20 01:47:03] PRINT Train Epoch: 2 [6400/60000 (11%)]	Loss: 168.730118
[2022-10-20 01:47:03] PRINT Train Epoch: 2 [7680/60000 (13%)]	Loss: 162.164398
[2022-10-20 01:47:03] PRINT Train Epoch: 2 [8960/60000 (15%)]	Loss: 162.505569
[2022-10-20 01:47:03] PRINT Train Epoch: 2 [10240/60000 (17%)]	Loss: 160.950073
[2022-10-20 01:47:03] PRINT Train Epoch: 2 [11520/60000 (19%)]	Loss: 159.041901
[2022-10-20 01:47:03] PRINT Train Epoch: 2 [12800/60000 (21%)]	Loss: 163.006348
[2022-10-20 01:47:03] PRINT Train Epoch: 2 [14080/60000 (23%)]	Loss: 159.637054
[2022-10-20 01:47:03] PRINT Train Epoch: 2 [15360/60000 (26%)]	Loss: 159.480820
[2022-10-20 01:47:03] PRINT Train Epoch: 2 [16640/60000 (28%)]	Loss: 157.351807
[2022-10-20 01:47:04] PRINT Train Epoch: 2 [17920/60000 (30%)]	Loss: 160.522522
[2022-10-20 01:47:04] PRINT Train Epoch: 2 [19200/60000 (32%)]	Loss: 161.757431
[2022-10-20 01:47:04] PRINT Train Epoch: 2 [20480/60000 (34%)]	Loss: 156.114243
[2022-10-20 01:47:04] PRINT Train Epoch: 2 [21760/60000 (36%)]	Loss: 161.071442
[2022-10-20 01:47:04] PRINT Train Epoch: 2 [23040/60000 (38%)]	Loss: 158.873230
[2022-10-20 01:47:04] PRINT Train Epoch: 2 [24320/60000 (41%)]	Loss: 163.111786
[2022-10-20 01:47:04] PRINT Train Epoch: 2 [25600/60000 (43%)]	Loss: 157.775345
[2022-10-20 01:47:04] PRINT Train Epoch: 2 [26880/60000 (45%)]	Loss: 150.535324
[2022-10-20 01:47:04] PRINT Train Epoch: 2 [28160/60000 (47%)]	Loss: 150.110809
[2022-10-20 01:47:04] PRINT Train Epoch: 2 [29440/60000 (49%)]	Loss: 155.066986
[2022-10-20 01:47:04] PRINT Train Epoch: 2 [30720/60000 (51%)]	Loss: 151.041351
[2022-10-20 01:47:04] PRINT Train Epoch: 2 [32000/60000 (53%)]	Loss: 158.448883
[2022-10-20 01:47:05] PRINT Train Epoch: 2 [33280/60000 (55%)]	Loss: 151.308609
[2022-10-20 01:47:05] PRINT Train Epoch: 2 [34560/60000 (58%)]	Loss: 148.907303
[2022-10-20 01:47:05] PRINT Train Epoch: 2 [35840/60000 (60%)]	Loss: 153.951630
[2022-10-20 01:47:05] PRINT Train Epoch: 2 [37120/60000 (62%)]	Loss: 151.075394
[2022-10-20 01:47:05] PRINT Train Epoch: 2 [38400/60000 (64%)]	Loss: 154.673706
[2022-10-20 01:47:05] PRINT Train Epoch: 2 [39680/60000 (66%)]	Loss: 144.593231
[2022-10-20 01:47:05] PRINT Train Epoch: 2 [40960/60000 (68%)]	Loss: 143.608276
[2022-10-20 01:47:05] PRINT Train Epoch: 2 [42240/60000 (70%)]	Loss: 151.851746
[2022-10-20 01:47:05] PRINT Train Epoch: 2 [43520/60000 (72%)]	Loss: 147.181747
[2022-10-20 01:47:05] PRINT Train Epoch: 2 [44800/60000 (75%)]	Loss: 147.229858
[2022-10-20 01:47:05] PRINT Train Epoch: 2 [46080/60000 (77%)]	Loss: 147.955963
[2022-10-20 01:47:06] PRINT Train Epoch: 2 [47360/60000 (79%)]	Loss: 142.397369
[2022-10-20 01:47:06] PRINT Train Epoch: 2 [48640/60000 (81%)]	Loss: 146.452850
[2022-10-20 01:47:06] PRINT Train Epoch: 2 [49920/60000 (83%)]	Loss: 141.263702
[2022-10-20 01:47:06] PRINT Train Epoch: 2 [51200/60000 (85%)]	Loss: 142.765045
[2022-10-20 01:47:06] PRINT Train Epoch: 2 [52480/60000 (87%)]	Loss: 146.120102
[2022-10-20 01:47:06] PRINT Train Epoch: 2 [53760/60000 (90%)]	Loss: 143.522461
[2022-10-20 01:47:06] PRINT Train Epoch: 2 [55040/60000 (92%)]	Loss: 148.726990
[2022-10-20 01:47:06] PRINT Train Epoch: 2 [56320/60000 (94%)]	Loss: 149.834946
[2022-10-20 01:47:06] PRINT Train Epoch: 2 [57600/60000 (96%)]	Loss: 145.076874
[2022-10-20 01:47:06] PRINT Train Epoch: 2 [58880/60000 (98%)]	Loss: 147.428452
[2022-10-20 01:47:06] PRINT ====> Epoch: 2 Average loss: 154.5651
[2022-10-20 01:47:07] PRINT ====> Test set loss: 143.0324
[2022-10-20 01:47:07] PRINT Train Epoch: 3 [0/60000 (0%)]	Loss: 141.860367
[2022-10-20 01:47:07] PRINT Train Epoch: 3 [1280/60000 (2%)]	Loss: 144.824493
[2022-10-20 01:47:07] PRINT Train Epoch: 3 [2560/60000 (4%)]	Loss: 151.655655
[2022-10-20 01:47:07] PRINT Train Epoch: 3 [3840/60000 (6%)]	Loss: 146.495972
[2022-10-20 01:47:08] PRINT Train Epoch: 3 [5120/60000 (9%)]	Loss: 141.209030
[2022-10-20 01:47:08] PRINT Train Epoch: 3 [6400/60000 (11%)]	Loss: 138.801117
[2022-10-20 01:47:08] PRINT Train Epoch: 3 [7680/60000 (13%)]	Loss: 143.145966
[2022-10-20 01:47:08] PRINT Train Epoch: 3 [8960/60000 (15%)]	Loss: 143.452469
[2022-10-20 01:47:08] PRINT Train Epoch: 3 [10240/60000 (17%)]	Loss: 138.942215
[2022-10-20 01:47:08] PRINT Train Epoch: 3 [11520/60000 (19%)]	Loss: 132.296768
[2022-10-20 01:47:08] PRINT Train Epoch: 3 [12800/60000 (21%)]	Loss: 143.815170
[2022-10-20 01:47:08] PRINT Train Epoch: 3 [14080/60000 (23%)]	Loss: 139.473099
[2022-10-20 01:47:08] PRINT Train Epoch: 3 [15360/60000 (26%)]	Loss: 139.137207
[2022-10-20 01:47:08] PRINT Train Epoch: 3 [16640/60000 (28%)]	Loss: 139.335022
[2022-10-20 01:47:08] PRINT Train Epoch: 3 [17920/60000 (30%)]	Loss: 134.405701
[2022-10-20 01:47:08] PRINT Train Epoch: 3 [19200/60000 (32%)]	Loss: 139.054489
[2022-10-20 01:47:09] PRINT Train Epoch: 3 [20480/60000 (34%)]	Loss: 141.605698
[2022-10-20 01:47:09] PRINT Train Epoch: 3 [21760/60000 (36%)]	Loss: 138.783356
[2022-10-20 01:47:09] PRINT Train Epoch: 3 [23040/60000 (38%)]	Loss: 145.300934
[2022-10-20 01:47:09] PRINT Train Epoch: 3 [24320/60000 (41%)]	Loss: 142.102097
[2022-10-20 01:47:09] PRINT Train Epoch: 3 [25600/60000 (43%)]	Loss: 141.861374
[2022-10-20 01:47:09] PRINT Train Epoch: 3 [26880/60000 (45%)]	Loss: 140.974335
[2022-10-20 01:47:09] PRINT Train Epoch: 3 [28160/60000 (47%)]	Loss: 138.223328
[2022-10-20 01:47:09] PRINT Train Epoch: 3 [29440/60000 (49%)]	Loss: 143.843338
[2022-10-20 01:47:09] PRINT Train Epoch: 3 [30720/60000 (51%)]	Loss: 136.428726
[2022-10-20 01:47:09] PRINT Train Epoch: 3 [32000/60000 (53%)]	Loss: 136.119080
[2022-10-20 01:47:09] PRINT Train Epoch: 3 [33280/60000 (55%)]	Loss: 134.593414
[2022-10-20 01:47:10] PRINT Train Epoch: 3 [34560/60000 (58%)]	Loss: 136.062225
[2022-10-20 01:47:10] PRINT Train Epoch: 3 [35840/60000 (60%)]	Loss: 133.734283
[2022-10-20 01:47:10] PRINT Train Epoch: 3 [37120/60000 (62%)]	Loss: 139.859512
[2022-10-20 01:47:10] PRINT Train Epoch: 3 [38400/60000 (64%)]	Loss: 134.716202
[2022-10-20 01:47:10] PRINT Train Epoch: 3 [39680/60000 (66%)]	Loss: 139.465698
[2022-10-20 01:47:10] PRINT Train Epoch: 3 [40960/60000 (68%)]	Loss: 137.858643
[2022-10-20 01:47:10] PRINT Train Epoch: 3 [42240/60000 (70%)]	Loss: 137.080902
[2022-10-20 01:47:10] PRINT Train Epoch: 3 [43520/60000 (72%)]	Loss: 133.594238
[2022-10-20 01:47:10] PRINT Train Epoch: 3 [44800/60000 (75%)]	Loss: 136.414032
[2022-10-20 01:47:10] PRINT Train Epoch: 3 [46080/60000 (77%)]	Loss: 139.594666
[2022-10-20 01:47:10] PRINT Train Epoch: 3 [47360/60000 (79%)]	Loss: 137.153107
[2022-10-20 01:47:11] PRINT Train Epoch: 3 [48640/60000 (81%)]	Loss: 137.059952
[2022-10-20 01:47:11] PRINT Train Epoch: 3 [49920/60000 (83%)]	Loss: 134.848816
[2022-10-20 01:47:11] PRINT Train Epoch: 3 [51200/60000 (85%)]	Loss: 137.085205
[2022-10-20 01:47:11] PRINT Train Epoch: 3 [52480/60000 (87%)]	Loss: 139.473480
[2022-10-20 01:47:11] PRINT Train Epoch: 3 [53760/60000 (90%)]	Loss: 134.369049
[2022-10-20 01:47:11] PRINT Train Epoch: 3 [55040/60000 (92%)]	Loss: 133.525818
[2022-10-20 01:47:11] PRINT Train Epoch: 3 [56320/60000 (94%)]	Loss: 138.406769
[2022-10-20 01:47:11] PRINT Train Epoch: 3 [57600/60000 (96%)]	Loss: 134.904663
[2022-10-20 01:47:11] PRINT Train Epoch: 3 [58880/60000 (98%)]	Loss: 137.710648
[2022-10-20 01:47:11] PRINT ====> Epoch: 3 Average loss: 138.5627
[2022-10-20 01:47:12] PRINT ====> Test set loss: 133.1436
[2022-10-20 01:47:12] PRINT Train Epoch: 4 [0/60000 (0%)]	Loss: 129.461517
[2022-10-20 01:47:12] PRINT Train Epoch: 4 [1280/60000 (2%)]	Loss: 136.934204
[2022-10-20 01:47:12] PRINT Train Epoch: 4 [2560/60000 (4%)]	Loss: 134.783981
[2022-10-20 01:47:12] PRINT Train Epoch: 4 [3840/60000 (6%)]	Loss: 129.909714
[2022-10-20 01:47:12] PRINT Train Epoch: 4 [5120/60000 (9%)]	Loss: 131.425247
[2022-10-20 01:47:13] PRINT Train Epoch: 4 [6400/60000 (11%)]	Loss: 131.785522
[2022-10-20 01:47:13] PRINT Train Epoch: 4 [7680/60000 (13%)]	Loss: 131.343994
[2022-10-20 01:47:13] PRINT Train Epoch: 4 [8960/60000 (15%)]	Loss: 134.889191
[2022-10-20 01:47:13] PRINT Train Epoch: 4 [10240/60000 (17%)]	Loss: 136.018784
[2022-10-20 01:47:13] PRINT Train Epoch: 4 [11520/60000 (19%)]	Loss: 134.458786
[2022-10-20 01:47:13] PRINT Train Epoch: 4 [12800/60000 (21%)]	Loss: 138.608551
[2022-10-20 01:47:13] PRINT Train Epoch: 4 [14080/60000 (23%)]	Loss: 135.716599
[2022-10-20 01:47:13] PRINT Train Epoch: 4 [15360/60000 (26%)]	Loss: 131.470352
[2022-10-20 01:47:13] PRINT Train Epoch: 4 [16640/60000 (28%)]	Loss: 132.253159
[2022-10-20 01:47:13] PRINT Train Epoch: 4 [17920/60000 (30%)]	Loss: 133.735474
[2022-10-20 01:47:13] PRINT Train Epoch: 4 [19200/60000 (32%)]	Loss: 131.129776
[2022-10-20 01:47:13] PRINT Train Epoch: 4 [20480/60000 (34%)]	Loss: 132.831772
[2022-10-20 01:47:14] PRINT Train Epoch: 4 [21760/60000 (36%)]	Loss: 129.523422
[2022-10-20 01:47:14] PRINT Train Epoch: 4 [23040/60000 (38%)]	Loss: 131.883118
[2022-10-20 01:47:14] PRINT Train Epoch: 4 [24320/60000 (41%)]	Loss: 135.848114
[2022-10-20 01:47:14] PRINT Train Epoch: 4 [25600/60000 (43%)]	Loss: 132.817352
[2022-10-20 01:47:14] PRINT Train Epoch: 4 [26880/60000 (45%)]	Loss: 135.242355
[2022-10-20 01:47:14] PRINT Train Epoch: 4 [28160/60000 (47%)]	Loss: 129.240372
[2022-10-20 01:47:14] PRINT Train Epoch: 4 [29440/60000 (49%)]	Loss: 133.196060
[2022-10-20 01:47:14] PRINT Train Epoch: 4 [30720/60000 (51%)]	Loss: 132.665512
[2022-10-20 01:47:14] PRINT Train Epoch: 4 [32000/60000 (53%)]	Loss: 136.840820
[2022-10-20 01:47:14] PRINT Train Epoch: 4 [33280/60000 (55%)]	Loss: 133.199310
[2022-10-20 01:47:14] PRINT Train Epoch: 4 [34560/60000 (58%)]	Loss: 133.013458
[2022-10-20 01:47:15] PRINT Train Epoch: 4 [35840/60000 (60%)]	Loss: 133.664810
[2022-10-20 01:47:15] PRINT Train Epoch: 4 [37120/60000 (62%)]	Loss: 129.732834
[2022-10-20 01:47:15] PRINT Train Epoch: 4 [38400/60000 (64%)]	Loss: 129.692764
[2022-10-20 01:47:15] PRINT Train Epoch: 4 [39680/60000 (66%)]	Loss: 136.900696
[2022-10-20 01:47:15] PRINT Train Epoch: 4 [40960/60000 (68%)]	Loss: 125.488716
[2022-10-20 01:47:15] PRINT Train Epoch: 4 [42240/60000 (70%)]	Loss: 132.650284
[2022-10-20 01:47:15] PRINT Train Epoch: 4 [43520/60000 (72%)]	Loss: 124.018349
[2022-10-20 01:47:15] PRINT Train Epoch: 4 [44800/60000 (75%)]	Loss: 128.185135
[2022-10-20 01:47:15] PRINT Train Epoch: 4 [46080/60000 (77%)]	Loss: 128.364868
[2022-10-20 01:47:15] PRINT Train Epoch: 4 [47360/60000 (79%)]	Loss: 130.210999
[2022-10-20 01:47:15] PRINT Train Epoch: 4 [48640/60000 (81%)]	Loss: 131.827560
[2022-10-20 01:47:15] PRINT Train Epoch: 4 [49920/60000 (83%)]	Loss: 131.779709
[2022-10-20 01:47:16] PRINT Train Epoch: 4 [51200/60000 (85%)]	Loss: 131.387054
[2022-10-20 01:47:16] PRINT Train Epoch: 4 [52480/60000 (87%)]	Loss: 134.911224
[2022-10-20 01:47:16] PRINT Train Epoch: 4 [53760/60000 (90%)]	Loss: 137.307098
[2022-10-20 01:47:16] PRINT Train Epoch: 4 [55040/60000 (92%)]	Loss: 125.554726
[2022-10-20 01:47:16] PRINT Train Epoch: 4 [56320/60000 (94%)]	Loss: 124.297897
[2022-10-20 01:47:16] PRINT Train Epoch: 4 [57600/60000 (96%)]	Loss: 132.513504
[2022-10-20 01:47:16] PRINT Train Epoch: 4 [58880/60000 (98%)]	Loss: 134.280930
[2022-10-20 01:47:16] PRINT ====> Epoch: 4 Average loss: 131.5841
[2022-10-20 01:47:17] PRINT ====> Test set loss: 128.2320
[2022-10-20 01:47:17] PRINT Train Epoch: 5 [0/60000 (0%)]	Loss: 131.333725
[2022-10-20 01:47:17] PRINT Train Epoch: 5 [1280/60000 (2%)]	Loss: 129.178558
[2022-10-20 01:47:17] PRINT Train Epoch: 5 [2560/60000 (4%)]	Loss: 130.027420
[2022-10-20 01:47:17] PRINT Train Epoch: 5 [3840/60000 (6%)]	Loss: 137.895554
[2022-10-20 01:47:17] PRINT Train Epoch: 5 [5120/60000 (9%)]	Loss: 132.478729
[2022-10-20 01:47:17] PRINT Train Epoch: 5 [6400/60000 (11%)]	Loss: 130.512634
[2022-10-20 01:47:17] PRINT Train Epoch: 5 [7680/60000 (13%)]	Loss: 125.391563
[2022-10-20 01:47:18] PRINT Train Epoch: 5 [8960/60000 (15%)]	Loss: 134.961212
[2022-10-20 01:47:18] PRINT Train Epoch: 5 [10240/60000 (17%)]	Loss: 129.943848
[2022-10-20 01:47:18] PRINT Train Epoch: 5 [11520/60000 (19%)]	Loss: 127.837318
[2022-10-20 01:47:18] PRINT Train Epoch: 5 [12800/60000 (21%)]	Loss: 127.515457
[2022-10-20 01:47:18] PRINT Train Epoch: 5 [14080/60000 (23%)]	Loss: 131.631378
[2022-10-20 01:47:18] PRINT Train Epoch: 5 [15360/60000 (26%)]	Loss: 126.543930
[2022-10-20 01:47:18] PRINT Train Epoch: 5 [16640/60000 (28%)]	Loss: 126.342239
[2022-10-20 01:47:18] PRINT Train Epoch: 5 [17920/60000 (30%)]	Loss: 123.980919
[2022-10-20 01:47:18] PRINT Train Epoch: 5 [19200/60000 (32%)]	Loss: 127.223541
[2022-10-20 01:47:18] PRINT Train Epoch: 5 [20480/60000 (34%)]	Loss: 127.628296
[2022-10-20 01:47:18] PRINT Train Epoch: 5 [21760/60000 (36%)]	Loss: 128.623123
[2022-10-20 01:47:19] PRINT Train Epoch: 5 [23040/60000 (38%)]	Loss: 127.607964
[2022-10-20 01:47:19] PRINT Train Epoch: 5 [24320/60000 (41%)]	Loss: 129.441254
[2022-10-20 01:47:19] PRINT Train Epoch: 5 [25600/60000 (43%)]	Loss: 124.294106
[2022-10-20 01:47:19] PRINT Train Epoch: 5 [26880/60000 (45%)]	Loss: 127.210663
[2022-10-20 01:47:19] PRINT Train Epoch: 5 [28160/60000 (47%)]	Loss: 128.921494
[2022-10-20 01:47:19] PRINT Train Epoch: 5 [29440/60000 (49%)]	Loss: 126.964203
[2022-10-20 01:47:19] PRINT Train Epoch: 5 [30720/60000 (51%)]	Loss: 126.566010
[2022-10-20 01:47:19] PRINT Train Epoch: 5 [32000/60000 (53%)]	Loss: 128.790283
[2022-10-20 01:47:19] PRINT Train Epoch: 5 [33280/60000 (55%)]	Loss: 130.535355
[2022-10-20 01:47:19] PRINT Train Epoch: 5 [34560/60000 (58%)]	Loss: 125.234283
[2022-10-20 01:47:19] PRINT Train Epoch: 5 [35840/60000 (60%)]	Loss: 129.593353
[2022-10-20 01:47:20] PRINT Train Epoch: 5 [37120/60000 (62%)]	Loss: 127.137680
[2022-10-20 01:47:20] PRINT Train Epoch: 5 [38400/60000 (64%)]	Loss: 129.602005
[2022-10-20 01:47:20] PRINT Train Epoch: 5 [39680/60000 (66%)]	Loss: 126.762123
[2022-10-20 01:47:20] PRINT Train Epoch: 5 [40960/60000 (68%)]	Loss: 127.244476
[2022-10-20 01:47:20] PRINT Train Epoch: 5 [42240/60000 (70%)]	Loss: 125.202492
[2022-10-20 01:47:20] PRINT Train Epoch: 5 [43520/60000 (72%)]	Loss: 125.380417
[2022-10-20 01:47:20] PRINT Train Epoch: 5 [44800/60000 (75%)]	Loss: 117.611618
[2022-10-20 01:47:20] PRINT Train Epoch: 5 [46080/60000 (77%)]	Loss: 130.886047
[2022-10-20 01:47:20] PRINT Train Epoch: 5 [47360/60000 (79%)]	Loss: 118.537750
[2022-10-20 01:47:20] PRINT Train Epoch: 5 [48640/60000 (81%)]	Loss: 128.091278
[2022-10-20 01:47:20] PRINT Train Epoch: 5 [49920/60000 (83%)]	Loss: 128.162735
[2022-10-20 01:47:21] PRINT Train Epoch: 5 [51200/60000 (85%)]	Loss: 125.635201
[2022-10-20 01:47:21] PRINT Train Epoch: 5 [52480/60000 (87%)]	Loss: 126.348007
[2022-10-20 01:47:21] PRINT Train Epoch: 5 [53760/60000 (90%)]	Loss: 130.397324
[2022-10-20 01:47:21] PRINT Train Epoch: 5 [55040/60000 (92%)]	Loss: 126.251266
[2022-10-20 01:47:21] PRINT Train Epoch: 5 [56320/60000 (94%)]	Loss: 122.121895
[2022-10-20 01:47:21] PRINT Train Epoch: 5 [57600/60000 (96%)]	Loss: 127.142075
[2022-10-20 01:47:21] PRINT Train Epoch: 5 [58880/60000 (98%)]	Loss: 126.758507
[2022-10-20 01:47:21] PRINT ====> Epoch: 5 Average loss: 127.5827
[2022-10-20 01:47:22] PRINT ====> Test set loss: 124.9997
[2022-10-20 01:47:22] PRINT Train Epoch: 6 [0/60000 (0%)]	Loss: 125.504196
[2022-10-20 01:47:22] PRINT Train Epoch: 6 [1280/60000 (2%)]	Loss: 129.846298
[2022-10-20 01:47:22] PRINT Train Epoch: 6 [2560/60000 (4%)]	Loss: 135.729858
[2022-10-20 01:47:22] PRINT Train Epoch: 6 [3840/60000 (6%)]	Loss: 122.943573
[2022-10-20 01:47:22] PRINT Train Epoch: 6 [5120/60000 (9%)]	Loss: 122.703842
[2022-10-20 01:47:22] PRINT Train Epoch: 6 [6400/60000 (11%)]	Loss: 123.369675
[2022-10-20 01:47:23] PRINT Train Epoch: 6 [7680/60000 (13%)]	Loss: 124.587906
[2022-10-20 01:47:23] PRINT Train Epoch: 6 [8960/60000 (15%)]	Loss: 125.312576
[2022-10-20 01:47:23] PRINT Train Epoch: 6 [10240/60000 (17%)]	Loss: 125.830849
[2022-10-20 01:47:23] PRINT Train Epoch: 6 [11520/60000 (19%)]	Loss: 123.914551
[2022-10-20 01:47:23] PRINT Train Epoch: 6 [12800/60000 (21%)]	Loss: 124.888611
[2022-10-20 01:47:23] PRINT Train Epoch: 6 [14080/60000 (23%)]	Loss: 123.252632
[2022-10-20 01:47:23] PRINT Train Epoch: 6 [15360/60000 (26%)]	Loss: 128.867584
[2022-10-20 01:47:23] PRINT Train Epoch: 6 [16640/60000 (28%)]	Loss: 126.703201
[2022-10-20 01:47:23] PRINT Train Epoch: 6 [17920/60000 (30%)]	Loss: 120.474754
[2022-10-20 01:47:23] PRINT Train Epoch: 6 [19200/60000 (32%)]	Loss: 127.836082
[2022-10-20 01:47:23] PRINT Train Epoch: 6 [20480/60000 (34%)]	Loss: 118.291618
[2022-10-20 01:47:24] PRINT Train Epoch: 6 [21760/60000 (36%)]	Loss: 124.335114
[2022-10-20 01:47:24] PRINT Train Epoch: 6 [23040/60000 (38%)]	Loss: 125.261879
[2022-10-20 01:47:24] PRINT Train Epoch: 6 [24320/60000 (41%)]	Loss: 124.253517
[2022-10-20 01:47:24] PRINT Train Epoch: 6 [25600/60000 (43%)]	Loss: 124.461273
[2022-10-20 01:47:24] PRINT Train Epoch: 6 [26880/60000 (45%)]	Loss: 126.783768
[2022-10-20 01:47:24] PRINT Train Epoch: 6 [28160/60000 (47%)]	Loss: 127.129280
[2022-10-20 01:47:24] PRINT Train Epoch: 6 [29440/60000 (49%)]	Loss: 124.849510
[2022-10-20 01:47:24] PRINT Train Epoch: 6 [30720/60000 (51%)]	Loss: 126.612244
[2022-10-20 01:47:24] PRINT Train Epoch: 6 [32000/60000 (53%)]	Loss: 126.752899
[2022-10-20 01:47:24] PRINT Train Epoch: 6 [33280/60000 (55%)]	Loss: 125.442665
[2022-10-20 01:47:24] PRINT Train Epoch: 6 [34560/60000 (58%)]	Loss: 124.407654
[2022-10-20 01:47:25] PRINT Train Epoch: 6 [35840/60000 (60%)]	Loss: 123.670227
[2022-10-20 01:47:25] PRINT Train Epoch: 6 [37120/60000 (62%)]	Loss: 122.633240
[2022-10-20 01:47:25] PRINT Train Epoch: 6 [38400/60000 (64%)]	Loss: 123.218834
[2022-10-20 01:47:25] PRINT Train Epoch: 6 [39680/60000 (66%)]	Loss: 125.084763
[2022-10-20 01:47:25] PRINT Train Epoch: 6 [40960/60000 (68%)]	Loss: 127.806488
[2022-10-20 01:47:25] PRINT Train Epoch: 6 [42240/60000 (70%)]	Loss: 121.488609
[2022-10-20 01:47:25] PRINT Train Epoch: 6 [43520/60000 (72%)]	Loss: 124.441261
[2022-10-20 01:47:25] PRINT Train Epoch: 6 [44800/60000 (75%)]	Loss: 130.048187
[2022-10-20 01:47:25] PRINT Train Epoch: 6 [46080/60000 (77%)]	Loss: 127.179916
[2022-10-20 01:47:25] PRINT Train Epoch: 6 [47360/60000 (79%)]	Loss: 119.268066
[2022-10-20 01:47:25] PRINT Train Epoch: 6 [48640/60000 (81%)]	Loss: 120.206757
[2022-10-20 01:47:25] PRINT Train Epoch: 6 [49920/60000 (83%)]	Loss: 118.297531
[2022-10-20 01:47:26] PRINT Train Epoch: 6 [51200/60000 (85%)]	Loss: 125.070923
[2022-10-20 01:47:26] PRINT Train Epoch: 6 [52480/60000 (87%)]	Loss: 120.167542
[2022-10-20 01:47:26] PRINT Train Epoch: 6 [53760/60000 (90%)]	Loss: 125.830399
[2022-10-20 01:47:26] PRINT Train Epoch: 6 [55040/60000 (92%)]	Loss: 126.060081
[2022-10-20 01:47:26] PRINT Train Epoch: 6 [56320/60000 (94%)]	Loss: 127.628899
[2022-10-20 01:47:26] PRINT Train Epoch: 6 [57600/60000 (96%)]	Loss: 123.770523
[2022-10-20 01:47:26] PRINT Train Epoch: 6 [58880/60000 (98%)]	Loss: 125.794022
[2022-10-20 01:47:26] PRINT ====> Epoch: 6 Average loss: 124.8560
[2022-10-20 01:47:27] PRINT ====> Test set loss: 122.6620
[2022-10-20 01:47:27] PRINT Train Epoch: 7 [0/60000 (0%)]	Loss: 120.309998
[2022-10-20 01:47:27] PRINT Train Epoch: 7 [1280/60000 (2%)]	Loss: 121.086052
[2022-10-20 01:47:27] PRINT Train Epoch: 7 [2560/60000 (4%)]	Loss: 122.028259
[2022-10-20 01:47:27] PRINT Train Epoch: 7 [3840/60000 (6%)]	Loss: 122.009430
[2022-10-20 01:47:27] PRINT Train Epoch: 7 [5120/60000 (9%)]	Loss: 126.891167
[2022-10-20 01:47:27] PRINT Train Epoch: 7 [6400/60000 (11%)]	Loss: 125.501373
[2022-10-20 01:47:27] PRINT Train Epoch: 7 [7680/60000 (13%)]	Loss: 123.831787
[2022-10-20 01:47:28] PRINT Train Epoch: 7 [8960/60000 (15%)]	Loss: 126.616241
[2022-10-20 01:47:28] PRINT Train Epoch: 7 [10240/60000 (17%)]	Loss: 118.848961
[2022-10-20 01:47:28] PRINT Train Epoch: 7 [11520/60000 (19%)]	Loss: 121.529549
[2022-10-20 01:47:28] PRINT Train Epoch: 7 [12800/60000 (21%)]	Loss: 123.234146
[2022-10-20 01:47:28] PRINT Train Epoch: 7 [14080/60000 (23%)]	Loss: 128.581161
[2022-10-20 01:47:28] PRINT Train Epoch: 7 [15360/60000 (26%)]	Loss: 119.523499
[2022-10-20 01:47:28] PRINT Train Epoch: 7 [16640/60000 (28%)]	Loss: 128.627350
[2022-10-20 01:47:28] PRINT Train Epoch: 7 [17920/60000 (30%)]	Loss: 124.148674
[2022-10-20 01:47:28] PRINT Train Epoch: 7 [19200/60000 (32%)]	Loss: 115.557922
[2022-10-20 01:47:28] PRINT Train Epoch: 7 [20480/60000 (34%)]	Loss: 125.200317
[2022-10-20 01:47:28] PRINT Train Epoch: 7 [21760/60000 (36%)]	Loss: 123.248627
[2022-10-20 01:47:29] PRINT Train Epoch: 7 [23040/60000 (38%)]	Loss: 122.446449
[2022-10-20 01:47:29] PRINT Train Epoch: 7 [24320/60000 (41%)]	Loss: 122.900993
[2022-10-20 01:47:29] PRINT Train Epoch: 7 [25600/60000 (43%)]	Loss: 120.907730
[2022-10-20 01:47:29] PRINT Train Epoch: 7 [26880/60000 (45%)]	Loss: 122.464874
[2022-10-20 01:47:29] PRINT Train Epoch: 7 [28160/60000 (47%)]	Loss: 122.644287
[2022-10-20 01:47:29] PRINT Train Epoch: 7 [29440/60000 (49%)]	Loss: 127.467133
[2022-10-20 01:47:29] PRINT Train Epoch: 7 [30720/60000 (51%)]	Loss: 126.595490
[2022-10-20 01:47:29] PRINT Train Epoch: 7 [32000/60000 (53%)]	Loss: 121.032204
[2022-10-20 01:47:29] PRINT Train Epoch: 7 [33280/60000 (55%)]	Loss: 125.116150
[2022-10-20 01:47:29] PRINT Train Epoch: 7 [34560/60000 (58%)]	Loss: 123.862869
[2022-10-20 01:47:29] PRINT Train Epoch: 7 [35840/60000 (60%)]	Loss: 118.432053
[2022-10-20 01:47:30] PRINT Train Epoch: 7 [37120/60000 (62%)]	Loss: 122.595718
[2022-10-20 01:47:30] PRINT Train Epoch: 7 [38400/60000 (64%)]	Loss: 119.652466
[2022-10-20 01:47:30] PRINT Train Epoch: 7 [39680/60000 (66%)]	Loss: 123.360275
[2022-10-20 01:47:30] PRINT Train Epoch: 7 [40960/60000 (68%)]	Loss: 119.923698
[2022-10-20 01:47:30] PRINT Train Epoch: 7 [42240/60000 (70%)]	Loss: 121.514832
[2022-10-20 01:47:30] PRINT Train Epoch: 7 [43520/60000 (72%)]	Loss: 119.425156
[2022-10-20 01:47:30] PRINT Train Epoch: 7 [44800/60000 (75%)]	Loss: 119.228790
[2022-10-20 01:47:30] PRINT Train Epoch: 7 [46080/60000 (77%)]	Loss: 125.672180
[2022-10-20 01:47:30] PRINT Train Epoch: 7 [47360/60000 (79%)]	Loss: 120.062988
[2022-10-20 01:47:30] PRINT Train Epoch: 7 [48640/60000 (81%)]	Loss: 119.481750
[2022-10-20 01:47:31] PRINT Train Epoch: 7 [49920/60000 (83%)]	Loss: 124.561295
[2022-10-20 01:47:31] PRINT Train Epoch: 7 [51200/60000 (85%)]	Loss: 120.195862
[2022-10-20 01:47:31] PRINT Train Epoch: 7 [52480/60000 (87%)]	Loss: 127.823479
[2022-10-20 01:47:31] PRINT Train Epoch: 7 [53760/60000 (90%)]	Loss: 122.634567
[2022-10-20 01:47:31] PRINT Train Epoch: 7 [55040/60000 (92%)]	Loss: 125.778244
[2022-10-20 01:47:31] PRINT Train Epoch: 7 [56320/60000 (94%)]	Loss: 117.819237
[2022-10-20 01:47:31] PRINT Train Epoch: 7 [57600/60000 (96%)]	Loss: 120.575050
[2022-10-20 01:47:31] PRINT Train Epoch: 7 [58880/60000 (98%)]	Loss: 117.302345
[2022-10-20 01:47:31] PRINT ====> Epoch: 7 Average loss: 122.8387
[2022-10-20 01:47:32] PRINT ====> Test set loss: 120.9741
[2022-10-20 01:47:32] PRINT Train Epoch: 8 [0/60000 (0%)]	Loss: 125.602867
[2022-10-20 01:47:32] PRINT Train Epoch: 8 [1280/60000 (2%)]	Loss: 123.989594
[2022-10-20 01:47:32] PRINT Train Epoch: 8 [2560/60000 (4%)]	Loss: 118.848473
[2022-10-20 01:47:32] PRINT Train Epoch: 8 [3840/60000 (6%)]	Loss: 118.234505
[2022-10-20 01:47:32] PRINT Train Epoch: 8 [5120/60000 (9%)]	Loss: 125.489822
[2022-10-20 01:47:32] PRINT Train Epoch: 8 [6400/60000 (11%)]	Loss: 122.937996
[2022-10-20 01:47:33] PRINT Train Epoch: 8 [7680/60000 (13%)]	Loss: 120.961151
[2022-10-20 01:47:33] PRINT Train Epoch: 8 [8960/60000 (15%)]	Loss: 119.010246
[2022-10-20 01:47:33] PRINT Train Epoch: 8 [10240/60000 (17%)]	Loss: 127.982147
[2022-10-20 01:47:33] PRINT Train Epoch: 8 [11520/60000 (19%)]	Loss: 118.609970
[2022-10-20 01:47:33] PRINT Train Epoch: 8 [12800/60000 (21%)]	Loss: 124.428841
[2022-10-20 01:47:33] PRINT Train Epoch: 8 [14080/60000 (23%)]	Loss: 127.801842
[2022-10-20 01:47:33] PRINT Train Epoch: 8 [15360/60000 (26%)]	Loss: 122.234177
[2022-10-20 01:47:33] PRINT Train Epoch: 8 [16640/60000 (28%)]	Loss: 118.454117
[2022-10-20 01:47:33] PRINT Train Epoch: 8 [17920/60000 (30%)]	Loss: 121.026573
[2022-10-20 01:47:33] PRINT Train Epoch: 8 [19200/60000 (32%)]	Loss: 124.916389
[2022-10-20 01:47:33] PRINT Train Epoch: 8 [20480/60000 (34%)]	Loss: 115.471375
[2022-10-20 01:47:33] PRINT Train Epoch: 8 [21760/60000 (36%)]	Loss: 124.140907
[2022-10-20 01:47:34] PRINT Train Epoch: 8 [23040/60000 (38%)]	Loss: 125.792168
[2022-10-20 01:47:34] PRINT Train Epoch: 8 [24320/60000 (41%)]	Loss: 126.344826
[2022-10-20 01:47:34] PRINT Train Epoch: 8 [25600/60000 (43%)]	Loss: 120.086380
[2022-10-20 01:47:34] PRINT Train Epoch: 8 [26880/60000 (45%)]	Loss: 118.079918
[2022-10-20 01:47:34] PRINT Train Epoch: 8 [28160/60000 (47%)]	Loss: 122.136375
[2022-10-20 01:47:34] PRINT Train Epoch: 8 [29440/60000 (49%)]	Loss: 120.146484
[2022-10-20 01:47:34] PRINT Train Epoch: 8 [30720/60000 (51%)]	Loss: 113.740982
[2022-10-20 01:47:34] PRINT Train Epoch: 8 [32000/60000 (53%)]	Loss: 118.152985
[2022-10-20 01:47:34] PRINT Train Epoch: 8 [33280/60000 (55%)]	Loss: 125.334938
[2022-10-20 01:47:34] PRINT Train Epoch: 8 [34560/60000 (58%)]	Loss: 127.043251
[2022-10-20 01:47:35] PRINT Train Epoch: 8 [35840/60000 (60%)]	Loss: 120.189346
[2022-10-20 01:47:35] PRINT Train Epoch: 8 [37120/60000 (62%)]	Loss: 118.466110
[2022-10-20 01:47:35] PRINT Train Epoch: 8 [38400/60000 (64%)]	Loss: 124.399765
[2022-10-20 01:47:35] PRINT Train Epoch: 8 [39680/60000 (66%)]	Loss: 117.485260
[2022-10-20 01:47:35] PRINT Train Epoch: 8 [40960/60000 (68%)]	Loss: 122.757538
[2022-10-20 01:47:35] PRINT Train Epoch: 8 [42240/60000 (70%)]	Loss: 121.605072
[2022-10-20 01:47:35] PRINT Train Epoch: 8 [43520/60000 (72%)]	Loss: 120.947723
[2022-10-20 01:47:35] PRINT Train Epoch: 8 [44800/60000 (75%)]	Loss: 120.574028
[2022-10-20 01:47:35] PRINT Train Epoch: 8 [46080/60000 (77%)]	Loss: 120.206497
[2022-10-20 01:47:35] PRINT Train Epoch: 8 [47360/60000 (79%)]	Loss: 122.298645
[2022-10-20 01:47:35] PRINT Train Epoch: 8 [48640/60000 (81%)]	Loss: 119.184631
[2022-10-20 01:47:36] PRINT Train Epoch: 8 [49920/60000 (83%)]	Loss: 119.304405
[2022-10-20 01:47:36] PRINT Train Epoch: 8 [51200/60000 (85%)]	Loss: 118.815796
[2022-10-20 01:47:36] PRINT Train Epoch: 8 [52480/60000 (87%)]	Loss: 122.446693
[2022-10-20 01:47:36] PRINT Train Epoch: 8 [53760/60000 (90%)]	Loss: 122.155449
[2022-10-20 01:47:36] PRINT Train Epoch: 8 [55040/60000 (92%)]	Loss: 116.112450
[2022-10-20 01:47:36] PRINT Train Epoch: 8 [56320/60000 (94%)]	Loss: 124.110847
[2022-10-20 01:47:36] PRINT Train Epoch: 8 [57600/60000 (96%)]	Loss: 118.887680
[2022-10-20 01:47:36] PRINT Train Epoch: 8 [58880/60000 (98%)]	Loss: 120.676880
[2022-10-20 01:47:36] PRINT ====> Epoch: 8 Average loss: 121.2889
[2022-10-20 01:47:37] PRINT ====> Test set loss: 119.6109
[2022-10-20 01:47:37] PRINT Train Epoch: 9 [0/60000 (0%)]	Loss: 122.784348
[2022-10-20 01:47:37] PRINT Train Epoch: 9 [1280/60000 (2%)]	Loss: 124.414169
[2022-10-20 01:47:37] PRINT Train Epoch: 9 [2560/60000 (4%)]	Loss: 122.696732
[2022-10-20 01:47:37] PRINT Train Epoch: 9 [3840/60000 (6%)]	Loss: 126.067612
[2022-10-20 01:47:37] PRINT Train Epoch: 9 [5120/60000 (9%)]	Loss: 117.295242
[2022-10-20 01:47:37] PRINT Train Epoch: 9 [6400/60000 (11%)]	Loss: 120.369232
[2022-10-20 01:47:38] PRINT Train Epoch: 9 [7680/60000 (13%)]	Loss: 118.410934
[2022-10-20 01:47:38] PRINT Train Epoch: 9 [8960/60000 (15%)]	Loss: 124.289291
[2022-10-20 01:47:38] PRINT Train Epoch: 9 [10240/60000 (17%)]	Loss: 123.460419
[2022-10-20 01:47:38] PRINT Train Epoch: 9 [11520/60000 (19%)]	Loss: 119.979652
[2022-10-20 01:47:38] PRINT Train Epoch: 9 [12800/60000 (21%)]	Loss: 122.955826
[2022-10-20 01:47:38] PRINT Train Epoch: 9 [14080/60000 (23%)]	Loss: 126.553276
[2022-10-20 01:47:38] PRINT Train Epoch: 9 [15360/60000 (26%)]	Loss: 117.246597
[2022-10-20 01:47:38] PRINT Train Epoch: 9 [16640/60000 (28%)]	Loss: 118.236435
[2022-10-20 01:47:38] PRINT Train Epoch: 9 [17920/60000 (30%)]	Loss: 123.570175
[2022-10-20 01:47:38] PRINT Train Epoch: 9 [19200/60000 (32%)]	Loss: 123.924042
[2022-10-20 01:47:38] PRINT Train Epoch: 9 [20480/60000 (34%)]	Loss: 123.999306
[2022-10-20 01:47:39] PRINT Train Epoch: 9 [21760/60000 (36%)]	Loss: 117.863518
[2022-10-20 01:47:39] PRINT Train Epoch: 9 [23040/60000 (38%)]	Loss: 124.447159
[2022-10-20 01:47:39] PRINT Train Epoch: 9 [24320/60000 (41%)]	Loss: 121.035500
[2022-10-20 01:47:39] PRINT Train Epoch: 9 [25600/60000 (43%)]	Loss: 116.879196
[2022-10-20 01:47:39] PRINT Train Epoch: 9 [26880/60000 (45%)]	Loss: 121.225578
[2022-10-20 01:47:39] PRINT Train Epoch: 9 [28160/60000 (47%)]	Loss: 120.909340
[2022-10-20 01:47:39] PRINT Train Epoch: 9 [29440/60000 (49%)]	Loss: 119.264175
[2022-10-20 01:47:39] PRINT Train Epoch: 9 [30720/60000 (51%)]	Loss: 121.287086
[2022-10-20 01:47:39] PRINT Train Epoch: 9 [32000/60000 (53%)]	Loss: 123.454185
[2022-10-20 01:47:39] PRINT Train Epoch: 9 [33280/60000 (55%)]	Loss: 120.948738
[2022-10-20 01:47:39] PRINT Train Epoch: 9 [34560/60000 (58%)]	Loss: 118.168678
[2022-10-20 01:47:40] PRINT Train Epoch: 9 [35840/60000 (60%)]	Loss: 119.361847
[2022-10-20 01:47:40] PRINT Train Epoch: 9 [37120/60000 (62%)]	Loss: 121.380135
[2022-10-20 01:47:40] PRINT Train Epoch: 9 [38400/60000 (64%)]	Loss: 116.876930
[2022-10-20 01:47:40] PRINT Train Epoch: 9 [39680/60000 (66%)]	Loss: 118.774231
[2022-10-20 01:47:40] PRINT Train Epoch: 9 [40960/60000 (68%)]	Loss: 124.768791
[2022-10-20 01:47:40] PRINT Train Epoch: 9 [42240/60000 (70%)]	Loss: 117.090355
[2022-10-20 01:47:40] PRINT Train Epoch: 9 [43520/60000 (72%)]	Loss: 117.560577
[2022-10-20 01:47:40] PRINT Train Epoch: 9 [44800/60000 (75%)]	Loss: 122.710220
[2022-10-20 01:47:40] PRINT Train Epoch: 9 [46080/60000 (77%)]	Loss: 118.046387
[2022-10-20 01:47:40] PRINT Train Epoch: 9 [47360/60000 (79%)]	Loss: 115.463150
[2022-10-20 01:47:40] PRINT Train Epoch: 9 [48640/60000 (81%)]	Loss: 121.305733
[2022-10-20 01:47:41] PRINT Train Epoch: 9 [49920/60000 (83%)]	Loss: 118.696030
[2022-10-20 01:47:41] PRINT Train Epoch: 9 [51200/60000 (85%)]	Loss: 119.538605
[2022-10-20 01:47:41] PRINT Train Epoch: 9 [52480/60000 (87%)]	Loss: 120.464661
[2022-10-20 01:47:41] PRINT Train Epoch: 9 [53760/60000 (90%)]	Loss: 120.756294
[2022-10-20 01:47:41] PRINT Train Epoch: 9 [55040/60000 (92%)]	Loss: 121.450241
[2022-10-20 01:47:41] PRINT Train Epoch: 9 [56320/60000 (94%)]	Loss: 116.475365
[2022-10-20 01:47:41] PRINT Train Epoch: 9 [57600/60000 (96%)]	Loss: 111.977142
[2022-10-20 01:47:41] PRINT Train Epoch: 9 [58880/60000 (98%)]	Loss: 118.461441
[2022-10-20 01:47:41] PRINT ====> Epoch: 9 Average loss: 119.9842
[2022-10-20 01:47:42] PRINT ====> Test set loss: 118.4537
[2022-10-20 01:47:42] PRINT Train Epoch: 10 [0/60000 (0%)]	Loss: 116.645409
[2022-10-20 01:47:42] PRINT Train Epoch: 10 [1280/60000 (2%)]	Loss: 117.477814
[2022-10-20 01:47:42] PRINT Train Epoch: 10 [2560/60000 (4%)]	Loss: 119.715652
[2022-10-20 01:47:42] PRINT Train Epoch: 10 [3840/60000 (6%)]	Loss: 115.981056
[2022-10-20 01:47:42] PRINT Train Epoch: 10 [5120/60000 (9%)]	Loss: 114.813354
[2022-10-20 01:47:42] PRINT Train Epoch: 10 [6400/60000 (11%)]	Loss: 121.931793
[2022-10-20 01:47:43] PRINT Train Epoch: 10 [7680/60000 (13%)]	Loss: 111.687378
[2022-10-20 01:47:43] PRINT Train Epoch: 10 [8960/60000 (15%)]	Loss: 117.115860
[2022-10-20 01:47:43] PRINT Train Epoch: 10 [10240/60000 (17%)]	Loss: 121.481735
[2022-10-20 01:47:43] PRINT Train Epoch: 10 [11520/60000 (19%)]	Loss: 118.754761
[2022-10-20 01:47:43] PRINT Train Epoch: 10 [12800/60000 (21%)]	Loss: 116.912537
[2022-10-20 01:47:43] PRINT Train Epoch: 10 [14080/60000 (23%)]	Loss: 121.481941
[2022-10-20 01:47:43] PRINT Train Epoch: 10 [15360/60000 (26%)]	Loss: 120.202805
[2022-10-20 01:47:43] PRINT Train Epoch: 10 [16640/60000 (28%)]	Loss: 120.337662
[2022-10-20 01:47:43] PRINT Train Epoch: 10 [17920/60000 (30%)]	Loss: 119.967957
[2022-10-20 01:47:43] PRINT Train Epoch: 10 [19200/60000 (32%)]	Loss: 121.424004
[2022-10-20 01:47:43] PRINT Train Epoch: 10 [20480/60000 (34%)]	Loss: 120.370590
[2022-10-20 01:47:44] PRINT Train Epoch: 10 [21760/60000 (36%)]	Loss: 118.260681
[2022-10-20 01:47:44] PRINT Train Epoch: 10 [23040/60000 (38%)]	Loss: 115.415329
[2022-10-20 01:47:44] PRINT Train Epoch: 10 [24320/60000 (41%)]	Loss: 115.675491
[2022-10-20 01:47:44] PRINT Train Epoch: 10 [25600/60000 (43%)]	Loss: 123.311356
[2022-10-20 01:47:44] PRINT Train Epoch: 10 [26880/60000 (45%)]	Loss: 124.057762
[2022-10-20 01:47:44] PRINT Train Epoch: 10 [28160/60000 (47%)]	Loss: 116.434563
[2022-10-20 01:47:44] PRINT Train Epoch: 10 [29440/60000 (49%)]	Loss: 118.728142
[2022-10-20 01:47:44] PRINT Train Epoch: 10 [30720/60000 (51%)]	Loss: 121.981010
[2022-10-20 01:47:44] PRINT Train Epoch: 10 [32000/60000 (53%)]	Loss: 122.239929
[2022-10-20 01:47:44] PRINT Train Epoch: 10 [33280/60000 (55%)]	Loss: 118.319580
[2022-10-20 01:47:44] PRINT Train Epoch: 10 [34560/60000 (58%)]	Loss: 114.625854
[2022-10-20 01:47:45] PRINT Train Epoch: 10 [35840/60000 (60%)]	Loss: 119.268341
[2022-10-20 01:47:45] PRINT Train Epoch: 10 [37120/60000 (62%)]	Loss: 117.525085
[2022-10-20 01:47:45] PRINT Train Epoch: 10 [38400/60000 (64%)]	Loss: 120.710266
[2022-10-20 01:47:45] PRINT Train Epoch: 10 [39680/60000 (66%)]	Loss: 114.220314
[2022-10-20 01:47:45] PRINT Train Epoch: 10 [40960/60000 (68%)]	Loss: 119.159607
[2022-10-20 01:47:45] PRINT Train Epoch: 10 [42240/60000 (70%)]	Loss: 116.249168
[2022-10-20 01:47:45] PRINT Train Epoch: 10 [43520/60000 (72%)]	Loss: 121.255737
[2022-10-20 01:47:45] PRINT Train Epoch: 10 [44800/60000 (75%)]	Loss: 113.720665
[2022-10-20 01:47:45] PRINT Train Epoch: 10 [46080/60000 (77%)]	Loss: 122.984634
[2022-10-20 01:47:45] PRINT Train Epoch: 10 [47360/60000 (79%)]	Loss: 114.343689
[2022-10-20 01:47:45] PRINT Train Epoch: 10 [48640/60000 (81%)]	Loss: 124.863121
[2022-10-20 01:47:46] PRINT Train Epoch: 10 [49920/60000 (83%)]	Loss: 116.431671
[2022-10-20 01:47:46] PRINT Train Epoch: 10 [51200/60000 (85%)]	Loss: 121.798431
[2022-10-20 01:47:46] PRINT Train Epoch: 10 [52480/60000 (87%)]	Loss: 118.113068
[2022-10-20 01:47:46] PRINT Train Epoch: 10 [53760/60000 (90%)]	Loss: 123.038330
[2022-10-20 01:47:46] PRINT Train Epoch: 10 [55040/60000 (92%)]	Loss: 116.179230
[2022-10-20 01:47:46] PRINT Train Epoch: 10 [56320/60000 (94%)]	Loss: 114.719627
[2022-10-20 01:47:46] PRINT Train Epoch: 10 [57600/60000 (96%)]	Loss: 118.621712
[2022-10-20 01:47:46] PRINT Train Epoch: 10 [58880/60000 (98%)]	Loss: 122.295792
[2022-10-20 01:47:46] PRINT ====> Epoch: 10 Average loss: 118.9452
[2022-10-20 01:47:47] PRINT ====> Test set loss: 117.5223
