[2022-10-19 23:23:33] PRINT {'features1': 500, 'features2': 40, 'lr': 0.004776579672916938, 'epsilon': 1e-07}
[2022-10-19 23:23:33] PRINT Using cuda device
[2022-10-19 23:23:34] PRINT Train Epoch: 1 [0/60000 (0%)]	Loss: 548.662415
[2022-10-19 23:23:34] PRINT Train Epoch: 1 [1280/60000 (2%)]	Loss: 206.681824
[2022-10-19 23:23:34] PRINT Train Epoch: 1 [2560/60000 (4%)]	Loss: 204.422440
[2022-10-19 23:23:35] PRINT Train Epoch: 1 [3840/60000 (6%)]	Loss: 189.093033
[2022-10-19 23:23:35] PRINT Train Epoch: 1 [5120/60000 (9%)]	Loss: 190.999741
[2022-10-19 23:23:35] PRINT Train Epoch: 1 [6400/60000 (11%)]	Loss: 184.323639
[2022-10-19 23:23:35] PRINT Train Epoch: 1 [7680/60000 (13%)]	Loss: 172.481918
[2022-10-19 23:23:35] PRINT Train Epoch: 1 [8960/60000 (15%)]	Loss: 164.946198
[2022-10-19 23:23:35] PRINT Train Epoch: 1 [10240/60000 (17%)]	Loss: 159.352646
[2022-10-19 23:23:35] PRINT Train Epoch: 1 [11520/60000 (19%)]	Loss: 150.838486
[2022-10-19 23:23:35] PRINT Train Epoch: 1 [12800/60000 (21%)]	Loss: 159.439346
[2022-10-19 23:23:35] PRINT Train Epoch: 1 [14080/60000 (23%)]	Loss: 151.881943
[2022-10-19 23:23:35] PRINT Train Epoch: 1 [15360/60000 (26%)]	Loss: 148.725098
[2022-10-19 23:23:36] PRINT Train Epoch: 1 [16640/60000 (28%)]	Loss: 144.155975
[2022-10-19 23:23:36] PRINT Train Epoch: 1 [17920/60000 (30%)]	Loss: 146.114746
[2022-10-19 23:23:36] PRINT Train Epoch: 1 [19200/60000 (32%)]	Loss: 142.055130
[2022-10-19 23:23:36] PRINT Train Epoch: 1 [20480/60000 (34%)]	Loss: 140.162979
[2022-10-19 23:23:36] PRINT Train Epoch: 1 [21760/60000 (36%)]	Loss: 141.700485
[2022-10-19 23:23:36] PRINT Train Epoch: 1 [23040/60000 (38%)]	Loss: 141.498489
[2022-10-19 23:23:36] PRINT Train Epoch: 1 [24320/60000 (41%)]	Loss: 136.540024
[2022-10-19 23:23:36] PRINT Train Epoch: 1 [25600/60000 (43%)]	Loss: 134.636444
[2022-10-19 23:23:36] PRINT Train Epoch: 1 [26880/60000 (45%)]	Loss: 135.140686
[2022-10-19 23:23:37] PRINT Train Epoch: 1 [28160/60000 (47%)]	Loss: 135.104843
[2022-10-19 23:23:37] PRINT Train Epoch: 1 [29440/60000 (49%)]	Loss: 133.086624
[2022-10-19 23:23:37] PRINT Train Epoch: 1 [30720/60000 (51%)]	Loss: 132.873535
[2022-10-19 23:23:37] PRINT Train Epoch: 1 [32000/60000 (53%)]	Loss: 130.782898
[2022-10-19 23:23:37] PRINT Train Epoch: 1 [33280/60000 (55%)]	Loss: 127.892593
[2022-10-19 23:23:37] PRINT Train Epoch: 1 [34560/60000 (58%)]	Loss: 128.292053
[2022-10-19 23:23:37] PRINT Train Epoch: 1 [35840/60000 (60%)]	Loss: 126.455811
[2022-10-19 23:23:37] PRINT Train Epoch: 1 [37120/60000 (62%)]	Loss: 128.821625
[2022-10-19 23:23:37] PRINT Train Epoch: 1 [38400/60000 (64%)]	Loss: 127.921738
[2022-10-19 23:23:37] PRINT Train Epoch: 1 [39680/60000 (66%)]	Loss: 125.237671
[2022-10-19 23:23:38] PRINT Train Epoch: 1 [40960/60000 (68%)]	Loss: 127.276924
[2022-10-19 23:23:38] PRINT Train Epoch: 1 [42240/60000 (70%)]	Loss: 126.817505
[2022-10-19 23:23:38] PRINT Train Epoch: 1 [43520/60000 (72%)]	Loss: 127.662659
[2022-10-19 23:23:38] PRINT Train Epoch: 1 [44800/60000 (75%)]	Loss: 125.478851
[2022-10-19 23:23:38] PRINT Train Epoch: 1 [46080/60000 (77%)]	Loss: 125.279999
[2022-10-19 23:23:38] PRINT Train Epoch: 1 [47360/60000 (79%)]	Loss: 119.398384
[2022-10-19 23:23:38] PRINT Train Epoch: 1 [48640/60000 (81%)]	Loss: 123.531799
[2022-10-19 23:23:38] PRINT Train Epoch: 1 [49920/60000 (83%)]	Loss: 114.936127
[2022-10-19 23:23:38] PRINT Train Epoch: 1 [51200/60000 (85%)]	Loss: 117.840340
[2022-10-19 23:23:39] PRINT Train Epoch: 1 [52480/60000 (87%)]	Loss: 125.686203
[2022-10-19 23:23:39] PRINT Train Epoch: 1 [53760/60000 (90%)]	Loss: 124.206352
[2022-10-19 23:23:39] PRINT Train Epoch: 1 [55040/60000 (92%)]	Loss: 123.216492
[2022-10-19 23:23:39] PRINT Train Epoch: 1 [56320/60000 (94%)]	Loss: 121.728760
[2022-10-19 23:23:39] PRINT Train Epoch: 1 [57600/60000 (96%)]	Loss: 116.861328
[2022-10-19 23:23:39] PRINT Train Epoch: 1 [58880/60000 (98%)]	Loss: 123.468445
[2022-10-19 23:23:39] PRINT ====> Epoch: 1 Average loss: 144.0344
[2022-10-19 23:23:40] PRINT ====> Test set loss: 119.8055
[2022-10-19 23:23:40] PRINT Train Epoch: 2 [0/60000 (0%)]	Loss: 123.038017
[2022-10-19 23:23:40] PRINT Train Epoch: 2 [1280/60000 (2%)]	Loss: 111.575424
[2022-10-19 23:23:40] PRINT Train Epoch: 2 [2560/60000 (4%)]	Loss: 118.449158
[2022-10-19 23:23:40] PRINT Train Epoch: 2 [3840/60000 (6%)]	Loss: 122.415146
[2022-10-19 23:23:41] PRINT Train Epoch: 2 [5120/60000 (9%)]	Loss: 118.313850
[2022-10-19 23:23:41] PRINT Train Epoch: 2 [6400/60000 (11%)]	Loss: 124.047607
[2022-10-19 23:23:41] PRINT Train Epoch: 2 [7680/60000 (13%)]	Loss: 120.233704
[2022-10-19 23:23:41] PRINT Train Epoch: 2 [8960/60000 (15%)]	Loss: 124.648277
[2022-10-19 23:23:41] PRINT Train Epoch: 2 [10240/60000 (17%)]	Loss: 112.459030
[2022-10-19 23:23:41] PRINT Train Epoch: 2 [11520/60000 (19%)]	Loss: 122.364761
[2022-10-19 23:23:41] PRINT Train Epoch: 2 [12800/60000 (21%)]	Loss: 118.824364
[2022-10-19 23:23:41] PRINT Train Epoch: 2 [14080/60000 (23%)]	Loss: 121.578552
[2022-10-19 23:23:41] PRINT Train Epoch: 2 [15360/60000 (26%)]	Loss: 111.705338
[2022-10-19 23:23:41] PRINT Train Epoch: 2 [16640/60000 (28%)]	Loss: 118.067009
[2022-10-19 23:23:42] PRINT Train Epoch: 2 [17920/60000 (30%)]	Loss: 119.773346
[2022-10-19 23:23:42] PRINT Train Epoch: 2 [19200/60000 (32%)]	Loss: 120.051704
[2022-10-19 23:23:42] PRINT Train Epoch: 2 [20480/60000 (34%)]	Loss: 116.431076
[2022-10-19 23:23:42] PRINT Train Epoch: 2 [21760/60000 (36%)]	Loss: 116.297920
[2022-10-19 23:23:42] PRINT Train Epoch: 2 [23040/60000 (38%)]	Loss: 122.173904
[2022-10-19 23:23:42] PRINT Train Epoch: 2 [24320/60000 (41%)]	Loss: 118.044029
[2022-10-19 23:23:42] PRINT Train Epoch: 2 [25600/60000 (43%)]	Loss: 113.442879
[2022-10-19 23:23:42] PRINT Train Epoch: 2 [26880/60000 (45%)]	Loss: 118.582878
[2022-10-19 23:23:42] PRINT Train Epoch: 2 [28160/60000 (47%)]	Loss: 115.444489
[2022-10-19 23:23:43] PRINT Train Epoch: 2 [29440/60000 (49%)]	Loss: 115.639511
[2022-10-19 23:23:43] PRINT Train Epoch: 2 [30720/60000 (51%)]	Loss: 112.593658
[2022-10-19 23:23:43] PRINT Train Epoch: 2 [32000/60000 (53%)]	Loss: 118.126610
[2022-10-19 23:23:43] PRINT Train Epoch: 2 [33280/60000 (55%)]	Loss: 115.275772
[2022-10-19 23:23:43] PRINT Train Epoch: 2 [34560/60000 (58%)]	Loss: 115.167068
[2022-10-19 23:23:43] PRINT Train Epoch: 2 [35840/60000 (60%)]	Loss: 116.058769
[2022-10-19 23:23:43] PRINT Train Epoch: 2 [37120/60000 (62%)]	Loss: 117.523514
[2022-10-19 23:23:43] PRINT Train Epoch: 2 [38400/60000 (64%)]	Loss: 116.202301
[2022-10-19 23:23:43] PRINT Train Epoch: 2 [39680/60000 (66%)]	Loss: 116.533142
[2022-10-19 23:23:43] PRINT Train Epoch: 2 [40960/60000 (68%)]	Loss: 115.751465
[2022-10-19 23:23:44] PRINT Train Epoch: 2 [42240/60000 (70%)]	Loss: 119.006302
[2022-10-19 23:23:44] PRINT Train Epoch: 2 [43520/60000 (72%)]	Loss: 114.818047
[2022-10-19 23:23:44] PRINT Train Epoch: 2 [44800/60000 (75%)]	Loss: 113.872231
[2022-10-19 23:23:44] PRINT Train Epoch: 2 [46080/60000 (77%)]	Loss: 114.117561
[2022-10-19 23:23:44] PRINT Train Epoch: 2 [47360/60000 (79%)]	Loss: 114.855438
[2022-10-19 23:23:44] PRINT Train Epoch: 2 [48640/60000 (81%)]	Loss: 108.467010
[2022-10-19 23:23:44] PRINT Train Epoch: 2 [49920/60000 (83%)]	Loss: 118.203636
[2022-10-19 23:23:44] PRINT Train Epoch: 2 [51200/60000 (85%)]	Loss: 117.292038
[2022-10-19 23:23:44] PRINT Train Epoch: 2 [52480/60000 (87%)]	Loss: 114.379883
[2022-10-19 23:23:45] PRINT Train Epoch: 2 [53760/60000 (90%)]	Loss: 113.772141
[2022-10-19 23:23:45] PRINT Train Epoch: 2 [55040/60000 (92%)]	Loss: 113.627937
[2022-10-19 23:23:45] PRINT Train Epoch: 2 [56320/60000 (94%)]	Loss: 118.431580
[2022-10-19 23:23:45] PRINT Train Epoch: 2 [57600/60000 (96%)]	Loss: 115.003647
[2022-10-19 23:23:45] PRINT Train Epoch: 2 [58880/60000 (98%)]	Loss: 115.299332
[2022-10-19 23:23:45] PRINT ====> Epoch: 2 Average loss: 116.2655
[2022-10-19 23:23:46] PRINT ====> Test set loss: 113.3413
[2022-10-19 23:23:46] PRINT Train Epoch: 3 [0/60000 (0%)]	Loss: 113.652100
[2022-10-19 23:23:46] PRINT Train Epoch: 3 [1280/60000 (2%)]	Loss: 111.774857
[2022-10-19 23:23:46] PRINT Train Epoch: 3 [2560/60000 (4%)]	Loss: 113.285278
[2022-10-19 23:23:46] PRINT Train Epoch: 3 [3840/60000 (6%)]	Loss: 115.967278
[2022-10-19 23:23:46] PRINT Train Epoch: 3 [5120/60000 (9%)]	Loss: 113.060043
[2022-10-19 23:23:46] PRINT Train Epoch: 3 [6400/60000 (11%)]	Loss: 107.937981
[2022-10-19 23:23:47] PRINT Train Epoch: 3 [7680/60000 (13%)]	Loss: 116.734299
[2022-10-19 23:23:47] PRINT Train Epoch: 3 [8960/60000 (15%)]	Loss: 112.031174
[2022-10-19 23:23:47] PRINT Train Epoch: 3 [10240/60000 (17%)]	Loss: 117.597092
[2022-10-19 23:23:47] PRINT Train Epoch: 3 [11520/60000 (19%)]	Loss: 113.423508
[2022-10-19 23:23:47] PRINT Train Epoch: 3 [12800/60000 (21%)]	Loss: 116.946983
[2022-10-19 23:23:47] PRINT Train Epoch: 3 [14080/60000 (23%)]	Loss: 109.007637
[2022-10-19 23:23:47] PRINT Train Epoch: 3 [15360/60000 (26%)]	Loss: 112.295639
[2022-10-19 23:23:47] PRINT Train Epoch: 3 [16640/60000 (28%)]	Loss: 113.273926
[2022-10-19 23:23:47] PRINT Train Epoch: 3 [17920/60000 (30%)]	Loss: 113.622330
[2022-10-19 23:23:48] PRINT Train Epoch: 3 [19200/60000 (32%)]	Loss: 113.894348
[2022-10-19 23:23:48] PRINT Train Epoch: 3 [20480/60000 (34%)]	Loss: 113.848152
[2022-10-19 23:23:48] PRINT Train Epoch: 3 [21760/60000 (36%)]	Loss: 116.087662
[2022-10-19 23:23:48] PRINT Train Epoch: 3 [23040/60000 (38%)]	Loss: 113.866737
[2022-10-19 23:23:48] PRINT Train Epoch: 3 [24320/60000 (41%)]	Loss: 115.322708
[2022-10-19 23:23:48] PRINT Train Epoch: 3 [25600/60000 (43%)]	Loss: 118.744476
[2022-10-19 23:23:48] PRINT Train Epoch: 3 [26880/60000 (45%)]	Loss: 112.519981
[2022-10-19 23:23:48] PRINT Train Epoch: 3 [28160/60000 (47%)]	Loss: 114.116814
[2022-10-19 23:23:48] PRINT Train Epoch: 3 [29440/60000 (49%)]	Loss: 110.944443
[2022-10-19 23:23:48] PRINT Train Epoch: 3 [30720/60000 (51%)]	Loss: 117.206512
[2022-10-19 23:23:49] PRINT Train Epoch: 3 [32000/60000 (53%)]	Loss: 108.233994
[2022-10-19 23:23:49] PRINT Train Epoch: 3 [33280/60000 (55%)]	Loss: 111.365952
[2022-10-19 23:23:49] PRINT Train Epoch: 3 [34560/60000 (58%)]	Loss: 113.561966
[2022-10-19 23:23:49] PRINT Train Epoch: 3 [35840/60000 (60%)]	Loss: 112.388176
[2022-10-19 23:23:49] PRINT Train Epoch: 3 [37120/60000 (62%)]	Loss: 111.260925
[2022-10-19 23:23:49] PRINT Train Epoch: 3 [38400/60000 (64%)]	Loss: 112.029984
[2022-10-19 23:23:49] PRINT Train Epoch: 3 [39680/60000 (66%)]	Loss: 109.372620
[2022-10-19 23:23:49] PRINT Train Epoch: 3 [40960/60000 (68%)]	Loss: 111.456970
[2022-10-19 23:23:49] PRINT Train Epoch: 3 [42240/60000 (70%)]	Loss: 111.565216
[2022-10-19 23:23:49] PRINT Train Epoch: 3 [43520/60000 (72%)]	Loss: 111.594803
[2022-10-19 23:23:50] PRINT Train Epoch: 3 [44800/60000 (75%)]	Loss: 108.754684
[2022-10-19 23:23:50] PRINT Train Epoch: 3 [46080/60000 (77%)]	Loss: 109.265892
[2022-10-19 23:23:50] PRINT Train Epoch: 3 [47360/60000 (79%)]	Loss: 112.042572
[2022-10-19 23:23:50] PRINT Train Epoch: 3 [48640/60000 (81%)]	Loss: 111.483459
[2022-10-19 23:23:50] PRINT Train Epoch: 3 [49920/60000 (83%)]	Loss: 109.909927
[2022-10-19 23:23:50] PRINT Train Epoch: 3 [51200/60000 (85%)]	Loss: 107.770050
[2022-10-19 23:23:50] PRINT Train Epoch: 3 [52480/60000 (87%)]	Loss: 112.965576
[2022-10-19 23:23:50] PRINT Train Epoch: 3 [53760/60000 (90%)]	Loss: 114.534363
[2022-10-19 23:23:50] PRINT Train Epoch: 3 [55040/60000 (92%)]	Loss: 110.961136
[2022-10-19 23:23:51] PRINT Train Epoch: 3 [56320/60000 (94%)]	Loss: 110.497345
[2022-10-19 23:23:51] PRINT Train Epoch: 3 [57600/60000 (96%)]	Loss: 110.942093
[2022-10-19 23:23:51] PRINT Train Epoch: 3 [58880/60000 (98%)]	Loss: 112.378090
[2022-10-19 23:23:51] PRINT ====> Epoch: 3 Average loss: 112.5149
[2022-10-19 23:23:52] PRINT ====> Test set loss: 111.0391
[2022-10-19 23:23:52] PRINT Train Epoch: 4 [0/60000 (0%)]	Loss: 105.543320
[2022-10-19 23:23:52] PRINT Train Epoch: 4 [1280/60000 (2%)]	Loss: 109.950180
[2022-10-19 23:23:52] PRINT Train Epoch: 4 [2560/60000 (4%)]	Loss: 109.868256
[2022-10-19 23:23:52] PRINT Train Epoch: 4 [3840/60000 (6%)]	Loss: 109.385262
[2022-10-19 23:23:52] PRINT Train Epoch: 4 [5120/60000 (9%)]	Loss: 107.520470
[2022-10-19 23:23:52] PRINT Train Epoch: 4 [6400/60000 (11%)]	Loss: 111.496460
[2022-10-19 23:23:52] PRINT Train Epoch: 4 [7680/60000 (13%)]	Loss: 109.547134
[2022-10-19 23:23:53] PRINT Train Epoch: 4 [8960/60000 (15%)]	Loss: 113.586128
[2022-10-19 23:23:53] PRINT Train Epoch: 4 [10240/60000 (17%)]	Loss: 108.696335
[2022-10-19 23:23:53] PRINT Train Epoch: 4 [11520/60000 (19%)]	Loss: 112.358444
[2022-10-19 23:23:53] PRINT Train Epoch: 4 [12800/60000 (21%)]	Loss: 111.529747
[2022-10-19 23:23:53] PRINT Train Epoch: 4 [14080/60000 (23%)]	Loss: 110.339294
[2022-10-19 23:23:53] PRINT Train Epoch: 4 [15360/60000 (26%)]	Loss: 116.434616
[2022-10-19 23:23:53] PRINT Train Epoch: 4 [16640/60000 (28%)]	Loss: 113.086136
[2022-10-19 23:23:53] PRINT Train Epoch: 4 [17920/60000 (30%)]	Loss: 107.542915
[2022-10-19 23:23:53] PRINT Train Epoch: 4 [19200/60000 (32%)]	Loss: 113.186424
[2022-10-19 23:23:54] PRINT Train Epoch: 4 [20480/60000 (34%)]	Loss: 109.677528
[2022-10-19 23:23:54] PRINT Train Epoch: 4 [21760/60000 (36%)]	Loss: 109.389709
[2022-10-19 23:23:54] PRINT Train Epoch: 4 [23040/60000 (38%)]	Loss: 108.553543
[2022-10-19 23:23:54] PRINT Train Epoch: 4 [24320/60000 (41%)]	Loss: 111.620499
[2022-10-19 23:23:54] PRINT Train Epoch: 4 [25600/60000 (43%)]	Loss: 109.301849
[2022-10-19 23:23:54] PRINT Train Epoch: 4 [26880/60000 (45%)]	Loss: 108.157616
[2022-10-19 23:23:54] PRINT Train Epoch: 4 [28160/60000 (47%)]	Loss: 110.503708
[2022-10-19 23:23:54] PRINT Train Epoch: 4 [29440/60000 (49%)]	Loss: 117.594345
[2022-10-19 23:23:54] PRINT Train Epoch: 4 [30720/60000 (51%)]	Loss: 110.533318
[2022-10-19 23:23:54] PRINT Train Epoch: 4 [32000/60000 (53%)]	Loss: 110.672752
[2022-10-19 23:23:55] PRINT Train Epoch: 4 [33280/60000 (55%)]	Loss: 110.007965
[2022-10-19 23:23:55] PRINT Train Epoch: 4 [34560/60000 (58%)]	Loss: 110.417587
[2022-10-19 23:23:55] PRINT Train Epoch: 4 [35840/60000 (60%)]	Loss: 112.886299
[2022-10-19 23:23:55] PRINT Train Epoch: 4 [37120/60000 (62%)]	Loss: 108.016510
[2022-10-19 23:23:55] PRINT Train Epoch: 4 [38400/60000 (64%)]	Loss: 104.609970
[2022-10-19 23:23:55] PRINT Train Epoch: 4 [39680/60000 (66%)]	Loss: 110.053993
[2022-10-19 23:23:55] PRINT Train Epoch: 4 [40960/60000 (68%)]	Loss: 108.322235
[2022-10-19 23:23:55] PRINT Train Epoch: 4 [42240/60000 (70%)]	Loss: 111.235367
[2022-10-19 23:23:55] PRINT Train Epoch: 4 [43520/60000 (72%)]	Loss: 110.710892
[2022-10-19 23:23:56] PRINT Train Epoch: 4 [44800/60000 (75%)]	Loss: 112.730377
[2022-10-19 23:23:56] PRINT Train Epoch: 4 [46080/60000 (77%)]	Loss: 108.111794
[2022-10-19 23:23:56] PRINT Train Epoch: 4 [47360/60000 (79%)]	Loss: 111.429161
[2022-10-19 23:23:56] PRINT Train Epoch: 4 [48640/60000 (81%)]	Loss: 108.716087
[2022-10-19 23:23:56] PRINT Train Epoch: 4 [49920/60000 (83%)]	Loss: 105.407730
[2022-10-19 23:23:56] PRINT Train Epoch: 4 [51200/60000 (85%)]	Loss: 112.280342
[2022-10-19 23:23:56] PRINT Train Epoch: 4 [52480/60000 (87%)]	Loss: 108.507515
[2022-10-19 23:23:56] PRINT Train Epoch: 4 [53760/60000 (90%)]	Loss: 110.672913
[2022-10-19 23:23:56] PRINT Train Epoch: 4 [55040/60000 (92%)]	Loss: 110.004601
[2022-10-19 23:23:56] PRINT Train Epoch: 4 [56320/60000 (94%)]	Loss: 109.379791
[2022-10-19 23:23:57] PRINT Train Epoch: 4 [57600/60000 (96%)]	Loss: 107.109390
[2022-10-19 23:23:57] PRINT Train Epoch: 4 [58880/60000 (98%)]	Loss: 113.266754
[2022-10-19 23:23:57] PRINT ====> Epoch: 4 Average loss: 110.8540
[2022-10-19 23:23:58] PRINT ====> Test set loss: 110.0183
[2022-10-19 23:23:58] PRINT Train Epoch: 5 [0/60000 (0%)]	Loss: 114.380493
[2022-10-19 23:23:58] PRINT Train Epoch: 5 [1280/60000 (2%)]	Loss: 108.825562
[2022-10-19 23:23:58] PRINT Train Epoch: 5 [2560/60000 (4%)]	Loss: 105.363571
[2022-10-19 23:23:58] PRINT Train Epoch: 5 [3840/60000 (6%)]	Loss: 107.766098
[2022-10-19 23:23:58] PRINT Train Epoch: 5 [5120/60000 (9%)]	Loss: 110.801468
[2022-10-19 23:23:58] PRINT Train Epoch: 5 [6400/60000 (11%)]	Loss: 113.167786
[2022-10-19 23:23:58] PRINT Train Epoch: 5 [7680/60000 (13%)]	Loss: 105.911499
[2022-10-19 23:23:58] PRINT Train Epoch: 5 [8960/60000 (15%)]	Loss: 110.947678
[2022-10-19 23:23:59] PRINT Train Epoch: 5 [10240/60000 (17%)]	Loss: 108.882339
[2022-10-19 23:23:59] PRINT Train Epoch: 5 [11520/60000 (19%)]	Loss: 108.930290
[2022-10-19 23:23:59] PRINT Train Epoch: 5 [12800/60000 (21%)]	Loss: 111.782906
[2022-10-19 23:23:59] PRINT Train Epoch: 5 [14080/60000 (23%)]	Loss: 107.874062
[2022-10-19 23:23:59] PRINT Train Epoch: 5 [15360/60000 (26%)]	Loss: 109.902832
[2022-10-19 23:23:59] PRINT Train Epoch: 5 [16640/60000 (28%)]	Loss: 106.968040
[2022-10-19 23:23:59] PRINT Train Epoch: 5 [17920/60000 (30%)]	Loss: 106.180405
[2022-10-19 23:23:59] PRINT Train Epoch: 5 [19200/60000 (32%)]	Loss: 112.343246
[2022-10-19 23:23:59] PRINT Train Epoch: 5 [20480/60000 (34%)]	Loss: 115.814240
[2022-10-19 23:23:59] PRINT Train Epoch: 5 [21760/60000 (36%)]	Loss: 107.963158
[2022-10-19 23:24:00] PRINT Train Epoch: 5 [23040/60000 (38%)]	Loss: 105.948715
[2022-10-19 23:24:00] PRINT Train Epoch: 5 [24320/60000 (41%)]	Loss: 108.328705
[2022-10-19 23:24:00] PRINT Train Epoch: 5 [25600/60000 (43%)]	Loss: 107.921356
[2022-10-19 23:24:00] PRINT Train Epoch: 5 [26880/60000 (45%)]	Loss: 114.472229
[2022-10-19 23:24:00] PRINT Train Epoch: 5 [28160/60000 (47%)]	Loss: 112.536598
[2022-10-19 23:24:00] PRINT Train Epoch: 5 [29440/60000 (49%)]	Loss: 112.802391
[2022-10-19 23:24:00] PRINT Train Epoch: 5 [30720/60000 (51%)]	Loss: 106.957840
[2022-10-19 23:24:00] PRINT Train Epoch: 5 [32000/60000 (53%)]	Loss: 112.450096
[2022-10-19 23:24:00] PRINT Train Epoch: 5 [33280/60000 (55%)]	Loss: 108.213974
[2022-10-19 23:24:01] PRINT Train Epoch: 5 [34560/60000 (58%)]	Loss: 113.231117
[2022-10-19 23:24:01] PRINT Train Epoch: 5 [35840/60000 (60%)]	Loss: 111.340340
[2022-10-19 23:24:01] PRINT Train Epoch: 5 [37120/60000 (62%)]	Loss: 111.562805
[2022-10-19 23:24:01] PRINT Train Epoch: 5 [38400/60000 (64%)]	Loss: 105.519882
[2022-10-19 23:24:01] PRINT Train Epoch: 5 [39680/60000 (66%)]	Loss: 108.048752
[2022-10-19 23:24:01] PRINT Train Epoch: 5 [40960/60000 (68%)]	Loss: 109.004967
[2022-10-19 23:24:01] PRINT Train Epoch: 5 [42240/60000 (70%)]	Loss: 113.625504
[2022-10-19 23:24:01] PRINT Train Epoch: 5 [43520/60000 (72%)]	Loss: 109.961563
[2022-10-19 23:24:01] PRINT Train Epoch: 5 [44800/60000 (75%)]	Loss: 106.836357
[2022-10-19 23:24:01] PRINT Train Epoch: 5 [46080/60000 (77%)]	Loss: 107.975243
[2022-10-19 23:24:02] PRINT Train Epoch: 5 [47360/60000 (79%)]	Loss: 109.912163
[2022-10-19 23:24:02] PRINT Train Epoch: 5 [48640/60000 (81%)]	Loss: 110.875900
[2022-10-19 23:24:02] PRINT Train Epoch: 5 [49920/60000 (83%)]	Loss: 112.904945
[2022-10-19 23:24:02] PRINT Train Epoch: 5 [51200/60000 (85%)]	Loss: 113.015152
[2022-10-19 23:24:02] PRINT Train Epoch: 5 [52480/60000 (87%)]	Loss: 111.364014
[2022-10-19 23:24:02] PRINT Train Epoch: 5 [53760/60000 (90%)]	Loss: 112.501968
[2022-10-19 23:24:02] PRINT Train Epoch: 5 [55040/60000 (92%)]	Loss: 108.024094
[2022-10-19 23:24:02] PRINT Train Epoch: 5 [56320/60000 (94%)]	Loss: 108.963829
[2022-10-19 23:24:02] PRINT Train Epoch: 5 [57600/60000 (96%)]	Loss: 113.536018
[2022-10-19 23:24:03] PRINT Train Epoch: 5 [58880/60000 (98%)]	Loss: 106.683441
[2022-10-19 23:24:03] PRINT ====> Epoch: 5 Average loss: 109.8748
[2022-10-19 23:24:04] PRINT ====> Test set loss: 108.8382
[2022-10-19 23:24:04] PRINT Train Epoch: 6 [0/60000 (0%)]	Loss: 108.500267
[2022-10-19 23:24:04] PRINT Train Epoch: 6 [1280/60000 (2%)]	Loss: 112.466675
[2022-10-19 23:24:04] PRINT Train Epoch: 6 [2560/60000 (4%)]	Loss: 106.831940
[2022-10-19 23:24:04] PRINT Train Epoch: 6 [3840/60000 (6%)]	Loss: 110.940727
[2022-10-19 23:24:04] PRINT Train Epoch: 6 [5120/60000 (9%)]	Loss: 109.301537
[2022-10-19 23:24:04] PRINT Train Epoch: 6 [6400/60000 (11%)]	Loss: 109.101440
[2022-10-19 23:24:04] PRINT Train Epoch: 6 [7680/60000 (13%)]	Loss: 109.190048
[2022-10-19 23:24:04] PRINT Train Epoch: 6 [8960/60000 (15%)]	Loss: 110.003281
[2022-10-19 23:24:04] PRINT Train Epoch: 6 [10240/60000 (17%)]	Loss: 111.014908
[2022-10-19 23:24:05] PRINT Train Epoch: 6 [11520/60000 (19%)]	Loss: 109.426689
[2022-10-19 23:24:05] PRINT Train Epoch: 6 [12800/60000 (21%)]	Loss: 109.194305
[2022-10-19 23:24:05] PRINT Train Epoch: 6 [14080/60000 (23%)]	Loss: 107.266830
[2022-10-19 23:24:05] PRINT Train Epoch: 6 [15360/60000 (26%)]	Loss: 107.492676
[2022-10-19 23:24:05] PRINT Train Epoch: 6 [16640/60000 (28%)]	Loss: 110.717979
[2022-10-19 23:24:05] PRINT Train Epoch: 6 [17920/60000 (30%)]	Loss: 108.011200
[2022-10-19 23:24:05] PRINT Train Epoch: 6 [19200/60000 (32%)]	Loss: 109.265144
[2022-10-19 23:24:05] PRINT Train Epoch: 6 [20480/60000 (34%)]	Loss: 113.156418
[2022-10-19 23:24:05] PRINT Train Epoch: 6 [21760/60000 (36%)]	Loss: 110.382118
[2022-10-19 23:24:06] PRINT Train Epoch: 6 [23040/60000 (38%)]	Loss: 111.689224
[2022-10-19 23:24:06] PRINT Train Epoch: 6 [24320/60000 (41%)]	Loss: 107.155273
[2022-10-19 23:24:06] PRINT Train Epoch: 6 [25600/60000 (43%)]	Loss: 107.646942
[2022-10-19 23:24:06] PRINT Train Epoch: 6 [26880/60000 (45%)]	Loss: 106.132065
[2022-10-19 23:24:06] PRINT Train Epoch: 6 [28160/60000 (47%)]	Loss: 110.767456
[2022-10-19 23:24:06] PRINT Train Epoch: 6 [29440/60000 (49%)]	Loss: 108.357193
[2022-10-19 23:24:06] PRINT Train Epoch: 6 [30720/60000 (51%)]	Loss: 107.584442
[2022-10-19 23:24:06] PRINT Train Epoch: 6 [32000/60000 (53%)]	Loss: 110.286194
[2022-10-19 23:24:06] PRINT Train Epoch: 6 [33280/60000 (55%)]	Loss: 110.381378
[2022-10-19 23:24:06] PRINT Train Epoch: 6 [34560/60000 (58%)]	Loss: 108.964584
[2022-10-19 23:24:07] PRINT Train Epoch: 6 [35840/60000 (60%)]	Loss: 109.055229
[2022-10-19 23:24:07] PRINT Train Epoch: 6 [37120/60000 (62%)]	Loss: 106.524307
[2022-10-19 23:24:07] PRINT Train Epoch: 6 [38400/60000 (64%)]	Loss: 109.305145
[2022-10-19 23:24:07] PRINT Train Epoch: 6 [39680/60000 (66%)]	Loss: 107.105225
[2022-10-19 23:24:07] PRINT Train Epoch: 6 [40960/60000 (68%)]	Loss: 111.561752
[2022-10-19 23:24:07] PRINT Train Epoch: 6 [42240/60000 (70%)]	Loss: 108.650223
[2022-10-19 23:24:07] PRINT Train Epoch: 6 [43520/60000 (72%)]	Loss: 106.144211
[2022-10-19 23:24:07] PRINT Train Epoch: 6 [44800/60000 (75%)]	Loss: 105.607559
[2022-10-19 23:24:07] PRINT Train Epoch: 6 [46080/60000 (77%)]	Loss: 108.643478
[2022-10-19 23:24:08] PRINT Train Epoch: 6 [47360/60000 (79%)]	Loss: 105.864586
[2022-10-19 23:24:08] PRINT Train Epoch: 6 [48640/60000 (81%)]	Loss: 109.195770
[2022-10-19 23:24:08] PRINT Train Epoch: 6 [49920/60000 (83%)]	Loss: 109.310089
[2022-10-19 23:24:08] PRINT Train Epoch: 6 [51200/60000 (85%)]	Loss: 109.084824
[2022-10-19 23:24:08] PRINT Train Epoch: 6 [52480/60000 (87%)]	Loss: 108.421036
[2022-10-19 23:24:08] PRINT Train Epoch: 6 [53760/60000 (90%)]	Loss: 108.517685
[2022-10-19 23:24:08] PRINT Train Epoch: 6 [55040/60000 (92%)]	Loss: 109.545029
[2022-10-19 23:24:08] PRINT Train Epoch: 6 [56320/60000 (94%)]	Loss: 107.527222
[2022-10-19 23:24:08] PRINT Train Epoch: 6 [57600/60000 (96%)]	Loss: 108.230316
[2022-10-19 23:24:08] PRINT Train Epoch: 6 [58880/60000 (98%)]	Loss: 107.075546
[2022-10-19 23:24:09] PRINT ====> Epoch: 6 Average loss: 109.1692
[2022-10-19 23:24:09] PRINT ====> Test set loss: 108.4769
[2022-10-19 23:24:09] PRINT Train Epoch: 7 [0/60000 (0%)]	Loss: 107.872696
[2022-10-19 23:24:10] PRINT Train Epoch: 7 [1280/60000 (2%)]	Loss: 107.496666
[2022-10-19 23:24:10] PRINT Train Epoch: 7 [2560/60000 (4%)]	Loss: 108.646309
[2022-10-19 23:24:10] PRINT Train Epoch: 7 [3840/60000 (6%)]	Loss: 103.012482
[2022-10-19 23:24:10] PRINT Train Epoch: 7 [5120/60000 (9%)]	Loss: 110.016594
[2022-10-19 23:24:10] PRINT Train Epoch: 7 [6400/60000 (11%)]	Loss: 110.108604
[2022-10-19 23:24:10] PRINT Train Epoch: 7 [7680/60000 (13%)]	Loss: 112.028854
[2022-10-19 23:24:10] PRINT Train Epoch: 7 [8960/60000 (15%)]	Loss: 105.868904
[2022-10-19 23:24:10] PRINT Train Epoch: 7 [10240/60000 (17%)]	Loss: 107.566742
[2022-10-19 23:24:10] PRINT Train Epoch: 7 [11520/60000 (19%)]	Loss: 111.485619
[2022-10-19 23:24:11] PRINT Train Epoch: 7 [12800/60000 (21%)]	Loss: 108.067551
[2022-10-19 23:24:11] PRINT Train Epoch: 7 [14080/60000 (23%)]	Loss: 110.210289
[2022-10-19 23:24:11] PRINT Train Epoch: 7 [15360/60000 (26%)]	Loss: 110.291245
[2022-10-19 23:24:11] PRINT Train Epoch: 7 [16640/60000 (28%)]	Loss: 105.070633
[2022-10-19 23:24:11] PRINT Train Epoch: 7 [17920/60000 (30%)]	Loss: 107.501091
[2022-10-19 23:24:11] PRINT Train Epoch: 7 [19200/60000 (32%)]	Loss: 110.671158
[2022-10-19 23:24:11] PRINT Train Epoch: 7 [20480/60000 (34%)]	Loss: 108.347809
[2022-10-19 23:24:11] PRINT Train Epoch: 7 [21760/60000 (36%)]	Loss: 108.821304
[2022-10-19 23:24:11] PRINT Train Epoch: 7 [23040/60000 (38%)]	Loss: 106.891205
[2022-10-19 23:24:12] PRINT Train Epoch: 7 [24320/60000 (41%)]	Loss: 106.934784
[2022-10-19 23:24:12] PRINT Train Epoch: 7 [25600/60000 (43%)]	Loss: 112.853432
[2022-10-19 23:24:12] PRINT Train Epoch: 7 [26880/60000 (45%)]	Loss: 111.534309
[2022-10-19 23:24:12] PRINT Train Epoch: 7 [28160/60000 (47%)]	Loss: 111.618736
[2022-10-19 23:24:12] PRINT Train Epoch: 7 [29440/60000 (49%)]	Loss: 107.694221
[2022-10-19 23:24:12] PRINT Train Epoch: 7 [30720/60000 (51%)]	Loss: 108.583878
[2022-10-19 23:24:12] PRINT Train Epoch: 7 [32000/60000 (53%)]	Loss: 111.880951
[2022-10-19 23:24:12] PRINT Train Epoch: 7 [33280/60000 (55%)]	Loss: 106.911758
[2022-10-19 23:24:12] PRINT Train Epoch: 7 [34560/60000 (58%)]	Loss: 109.115013
[2022-10-19 23:24:12] PRINT Train Epoch: 7 [35840/60000 (60%)]	Loss: 107.989464
[2022-10-19 23:24:13] PRINT Train Epoch: 7 [37120/60000 (62%)]	Loss: 109.773254
[2022-10-19 23:24:13] PRINT Train Epoch: 7 [38400/60000 (64%)]	Loss: 108.303482
[2022-10-19 23:24:13] PRINT Train Epoch: 7 [39680/60000 (66%)]	Loss: 108.471863
[2022-10-19 23:24:13] PRINT Train Epoch: 7 [40960/60000 (68%)]	Loss: 108.201782
[2022-10-19 23:24:13] PRINT Train Epoch: 7 [42240/60000 (70%)]	Loss: 111.085815
[2022-10-19 23:24:13] PRINT Train Epoch: 7 [43520/60000 (72%)]	Loss: 108.802841
[2022-10-19 23:24:13] PRINT Train Epoch: 7 [44800/60000 (75%)]	Loss: 108.344925
[2022-10-19 23:24:13] PRINT Train Epoch: 7 [46080/60000 (77%)]	Loss: 112.499863
[2022-10-19 23:24:13] PRINT Train Epoch: 7 [47360/60000 (79%)]	Loss: 111.173752
[2022-10-19 23:24:13] PRINT Train Epoch: 7 [48640/60000 (81%)]	Loss: 105.280464
[2022-10-19 23:24:14] PRINT Train Epoch: 7 [49920/60000 (83%)]	Loss: 107.749062
[2022-10-19 23:24:14] PRINT Train Epoch: 7 [51200/60000 (85%)]	Loss: 108.435219
[2022-10-19 23:24:14] PRINT Train Epoch: 7 [52480/60000 (87%)]	Loss: 106.924904
[2022-10-19 23:24:14] PRINT Train Epoch: 7 [53760/60000 (90%)]	Loss: 114.470703
[2022-10-19 23:24:14] PRINT Train Epoch: 7 [55040/60000 (92%)]	Loss: 110.212646
[2022-10-19 23:24:14] PRINT Train Epoch: 7 [56320/60000 (94%)]	Loss: 108.598938
[2022-10-19 23:24:14] PRINT Train Epoch: 7 [57600/60000 (96%)]	Loss: 107.931953
[2022-10-19 23:24:14] PRINT Train Epoch: 7 [58880/60000 (98%)]	Loss: 108.843994
[2022-10-19 23:24:14] PRINT ====> Epoch: 7 Average loss: 108.8163
[2022-10-19 23:24:15] PRINT ====> Test set loss: 108.5143
[2022-10-19 23:24:15] PRINT Train Epoch: 8 [0/60000 (0%)]	Loss: 110.112396
[2022-10-19 23:24:15] PRINT Train Epoch: 8 [1280/60000 (2%)]	Loss: 108.197220
[2022-10-19 23:24:16] PRINT Train Epoch: 8 [2560/60000 (4%)]	Loss: 108.851898
[2022-10-19 23:24:16] PRINT Train Epoch: 8 [3840/60000 (6%)]	Loss: 107.711060
[2022-10-19 23:24:16] PRINT Train Epoch: 8 [5120/60000 (9%)]	Loss: 107.578072
[2022-10-19 23:24:16] PRINT Train Epoch: 8 [6400/60000 (11%)]	Loss: 108.298706
[2022-10-19 23:24:16] PRINT Train Epoch: 8 [7680/60000 (13%)]	Loss: 107.569656
[2022-10-19 23:24:16] PRINT Train Epoch: 8 [8960/60000 (15%)]	Loss: 111.889519
[2022-10-19 23:24:16] PRINT Train Epoch: 8 [10240/60000 (17%)]	Loss: 108.469368
[2022-10-19 23:24:16] PRINT Train Epoch: 8 [11520/60000 (19%)]	Loss: 110.019272
[2022-10-19 23:24:16] PRINT Train Epoch: 8 [12800/60000 (21%)]	Loss: 110.236969
[2022-10-19 23:24:17] PRINT Train Epoch: 8 [14080/60000 (23%)]	Loss: 109.134277
[2022-10-19 23:24:17] PRINT Train Epoch: 8 [15360/60000 (26%)]	Loss: 108.000443
[2022-10-19 23:24:17] PRINT Train Epoch: 8 [16640/60000 (28%)]	Loss: 107.999245
[2022-10-19 23:24:17] PRINT Train Epoch: 8 [17920/60000 (30%)]	Loss: 112.067825
[2022-10-19 23:24:17] PRINT Train Epoch: 8 [19200/60000 (32%)]	Loss: 108.950180
[2022-10-19 23:24:17] PRINT Train Epoch: 8 [20480/60000 (34%)]	Loss: 105.152115
[2022-10-19 23:24:17] PRINT Train Epoch: 8 [21760/60000 (36%)]	Loss: 108.426712
[2022-10-19 23:24:17] PRINT Train Epoch: 8 [23040/60000 (38%)]	Loss: 109.141319
[2022-10-19 23:24:17] PRINT Train Epoch: 8 [24320/60000 (41%)]	Loss: 106.622604
[2022-10-19 23:24:17] PRINT Train Epoch: 8 [25600/60000 (43%)]	Loss: 110.377388
[2022-10-19 23:24:18] PRINT Train Epoch: 8 [26880/60000 (45%)]	Loss: 111.633789
[2022-10-19 23:24:18] PRINT Train Epoch: 8 [28160/60000 (47%)]	Loss: 110.819023
[2022-10-19 23:24:18] PRINT Train Epoch: 8 [29440/60000 (49%)]	Loss: 109.658783
[2022-10-19 23:24:18] PRINT Train Epoch: 8 [30720/60000 (51%)]	Loss: 109.190079
[2022-10-19 23:24:18] PRINT Train Epoch: 8 [32000/60000 (53%)]	Loss: 106.262627
[2022-10-19 23:24:18] PRINT Train Epoch: 8 [33280/60000 (55%)]	Loss: 110.319344
[2022-10-19 23:24:18] PRINT Train Epoch: 8 [34560/60000 (58%)]	Loss: 107.590378
[2022-10-19 23:24:18] PRINT Train Epoch: 8 [35840/60000 (60%)]	Loss: 106.629829
[2022-10-19 23:24:18] PRINT Train Epoch: 8 [37120/60000 (62%)]	Loss: 108.174950
[2022-10-19 23:24:19] PRINT Train Epoch: 8 [38400/60000 (64%)]	Loss: 105.898621
[2022-10-19 23:24:19] PRINT Train Epoch: 8 [39680/60000 (66%)]	Loss: 108.129059
[2022-10-19 23:24:19] PRINT Train Epoch: 8 [40960/60000 (68%)]	Loss: 104.791260
[2022-10-19 23:24:19] PRINT Train Epoch: 8 [42240/60000 (70%)]	Loss: 107.096764
[2022-10-19 23:24:19] PRINT Train Epoch: 8 [43520/60000 (72%)]	Loss: 108.135567
[2022-10-19 23:24:19] PRINT Train Epoch: 8 [44800/60000 (75%)]	Loss: 109.711555
[2022-10-19 23:24:19] PRINT Train Epoch: 8 [46080/60000 (77%)]	Loss: 107.412300
[2022-10-19 23:24:19] PRINT Train Epoch: 8 [47360/60000 (79%)]	Loss: 108.381134
[2022-10-19 23:24:19] PRINT Train Epoch: 8 [48640/60000 (81%)]	Loss: 107.705147
[2022-10-19 23:24:20] PRINT Train Epoch: 8 [49920/60000 (83%)]	Loss: 101.102997
[2022-10-19 23:24:20] PRINT Train Epoch: 8 [51200/60000 (85%)]	Loss: 113.960899
[2022-10-19 23:24:20] PRINT Train Epoch: 8 [52480/60000 (87%)]	Loss: 111.571167
[2022-10-19 23:24:20] PRINT Train Epoch: 8 [53760/60000 (90%)]	Loss: 108.257500
[2022-10-19 23:24:20] PRINT Train Epoch: 8 [55040/60000 (92%)]	Loss: 106.073654
[2022-10-19 23:24:20] PRINT Train Epoch: 8 [56320/60000 (94%)]	Loss: 108.093132
[2022-10-19 23:24:20] PRINT Train Epoch: 8 [57600/60000 (96%)]	Loss: 106.633560
[2022-10-19 23:24:20] PRINT Train Epoch: 8 [58880/60000 (98%)]	Loss: 107.090515
[2022-10-19 23:24:20] PRINT ====> Epoch: 8 Average loss: 108.3034
[2022-10-19 23:24:21] PRINT ====> Test set loss: 108.3344
[2022-10-19 23:24:21] PRINT Train Epoch: 9 [0/60000 (0%)]	Loss: 103.862663
[2022-10-19 23:24:21] PRINT Train Epoch: 9 [1280/60000 (2%)]	Loss: 104.465744
[2022-10-19 23:24:22] PRINT Train Epoch: 9 [2560/60000 (4%)]	Loss: 108.041710
[2022-10-19 23:24:22] PRINT Train Epoch: 9 [3840/60000 (6%)]	Loss: 107.476624
[2022-10-19 23:24:22] PRINT Train Epoch: 9 [5120/60000 (9%)]	Loss: 112.981621
[2022-10-19 23:24:22] PRINT Train Epoch: 9 [6400/60000 (11%)]	Loss: 104.949005
[2022-10-19 23:24:22] PRINT Train Epoch: 9 [7680/60000 (13%)]	Loss: 108.016434
[2022-10-19 23:24:22] PRINT Train Epoch: 9 [8960/60000 (15%)]	Loss: 108.835327
[2022-10-19 23:24:22] PRINT Train Epoch: 9 [10240/60000 (17%)]	Loss: 111.093964
[2022-10-19 23:24:22] PRINT Train Epoch: 9 [11520/60000 (19%)]	Loss: 104.936485
[2022-10-19 23:24:22] PRINT Train Epoch: 9 [12800/60000 (21%)]	Loss: 105.365295
[2022-10-19 23:24:23] PRINT Train Epoch: 9 [14080/60000 (23%)]	Loss: 109.020111
[2022-10-19 23:24:23] PRINT Train Epoch: 9 [15360/60000 (26%)]	Loss: 104.920830
[2022-10-19 23:24:23] PRINT Train Epoch: 9 [16640/60000 (28%)]	Loss: 108.412231
[2022-10-19 23:24:23] PRINT Train Epoch: 9 [17920/60000 (30%)]	Loss: 108.978073
[2022-10-19 23:24:23] PRINT Train Epoch: 9 [19200/60000 (32%)]	Loss: 108.715355
[2022-10-19 23:24:23] PRINT Train Epoch: 9 [20480/60000 (34%)]	Loss: 111.299377
[2022-10-19 23:24:23] PRINT Train Epoch: 9 [21760/60000 (36%)]	Loss: 110.426315
[2022-10-19 23:24:23] PRINT Train Epoch: 9 [23040/60000 (38%)]	Loss: 110.468201
[2022-10-19 23:24:23] PRINT Train Epoch: 9 [24320/60000 (41%)]	Loss: 107.636841
[2022-10-19 23:24:23] PRINT Train Epoch: 9 [25600/60000 (43%)]	Loss: 107.701859
[2022-10-19 23:24:24] PRINT Train Epoch: 9 [26880/60000 (45%)]	Loss: 111.508530
[2022-10-19 23:24:24] PRINT Train Epoch: 9 [28160/60000 (47%)]	Loss: 108.773956
[2022-10-19 23:24:24] PRINT Train Epoch: 9 [29440/60000 (49%)]	Loss: 109.694374
[2022-10-19 23:24:24] PRINT Train Epoch: 9 [30720/60000 (51%)]	Loss: 109.055283
[2022-10-19 23:24:24] PRINT Train Epoch: 9 [32000/60000 (53%)]	Loss: 107.963882
[2022-10-19 23:24:24] PRINT Train Epoch: 9 [33280/60000 (55%)]	Loss: 104.447845
[2022-10-19 23:24:24] PRINT Train Epoch: 9 [34560/60000 (58%)]	Loss: 105.032898
[2022-10-19 23:24:24] PRINT Train Epoch: 9 [35840/60000 (60%)]	Loss: 111.303505
[2022-10-19 23:24:24] PRINT Train Epoch: 9 [37120/60000 (62%)]	Loss: 110.019211
[2022-10-19 23:24:25] PRINT Train Epoch: 9 [38400/60000 (64%)]	Loss: 108.075989
[2022-10-19 23:24:25] PRINT Train Epoch: 9 [39680/60000 (66%)]	Loss: 112.153183
[2022-10-19 23:24:25] PRINT Train Epoch: 9 [40960/60000 (68%)]	Loss: 104.109238
[2022-10-19 23:24:25] PRINT Train Epoch: 9 [42240/60000 (70%)]	Loss: 108.176682
[2022-10-19 23:24:25] PRINT Train Epoch: 9 [43520/60000 (72%)]	Loss: 103.930496
[2022-10-19 23:24:25] PRINT Train Epoch: 9 [44800/60000 (75%)]	Loss: 107.807396
[2022-10-19 23:24:25] PRINT Train Epoch: 9 [46080/60000 (77%)]	Loss: 107.619728
[2022-10-19 23:24:25] PRINT Train Epoch: 9 [47360/60000 (79%)]	Loss: 109.846832
[2022-10-19 23:24:25] PRINT Train Epoch: 9 [48640/60000 (81%)]	Loss: 106.079346
[2022-10-19 23:24:26] PRINT Train Epoch: 9 [49920/60000 (83%)]	Loss: 107.291687
[2022-10-19 23:24:26] PRINT Train Epoch: 9 [51200/60000 (85%)]	Loss: 109.874580
[2022-10-19 23:24:26] PRINT Train Epoch: 9 [52480/60000 (87%)]	Loss: 103.659088
[2022-10-19 23:24:26] PRINT Train Epoch: 9 [53760/60000 (90%)]	Loss: 107.818169
[2022-10-19 23:24:26] PRINT Train Epoch: 9 [55040/60000 (92%)]	Loss: 106.795952
[2022-10-19 23:24:26] PRINT Train Epoch: 9 [56320/60000 (94%)]	Loss: 103.282654
[2022-10-19 23:24:26] PRINT Train Epoch: 9 [57600/60000 (96%)]	Loss: 106.351753
[2022-10-19 23:24:26] PRINT Train Epoch: 9 [58880/60000 (98%)]	Loss: 111.186752
[2022-10-19 23:24:26] PRINT ====> Epoch: 9 Average loss: 108.1123
[2022-10-19 23:24:27] PRINT ====> Test set loss: 107.6543
[2022-10-19 23:24:27] PRINT Train Epoch: 10 [0/60000 (0%)]	Loss: 106.330231
[2022-10-19 23:24:27] PRINT Train Epoch: 10 [1280/60000 (2%)]	Loss: 102.549164
[2022-10-19 23:24:28] PRINT Train Epoch: 10 [2560/60000 (4%)]	Loss: 105.054810
[2022-10-19 23:24:28] PRINT Train Epoch: 10 [3840/60000 (6%)]	Loss: 108.501015
[2022-10-19 23:24:28] PRINT Train Epoch: 10 [5120/60000 (9%)]	Loss: 106.663559
[2022-10-19 23:24:28] PRINT Train Epoch: 10 [6400/60000 (11%)]	Loss: 108.655907
[2022-10-19 23:24:28] PRINT Train Epoch: 10 [7680/60000 (13%)]	Loss: 108.872917
[2022-10-19 23:24:28] PRINT Train Epoch: 10 [8960/60000 (15%)]	Loss: 104.125671
[2022-10-19 23:24:28] PRINT Train Epoch: 10 [10240/60000 (17%)]	Loss: 105.594398
[2022-10-19 23:24:28] PRINT Train Epoch: 10 [11520/60000 (19%)]	Loss: 104.365761
[2022-10-19 23:24:28] PRINT Train Epoch: 10 [12800/60000 (21%)]	Loss: 109.944321
[2022-10-19 23:24:28] PRINT Train Epoch: 10 [14080/60000 (23%)]	Loss: 105.657776
[2022-10-19 23:24:29] PRINT Train Epoch: 10 [15360/60000 (26%)]	Loss: 110.995842
[2022-10-19 23:24:29] PRINT Train Epoch: 10 [16640/60000 (28%)]	Loss: 109.201454
[2022-10-19 23:24:29] PRINT Train Epoch: 10 [17920/60000 (30%)]	Loss: 108.382141
[2022-10-19 23:24:29] PRINT Train Epoch: 10 [19200/60000 (32%)]	Loss: 107.522003
[2022-10-19 23:24:29] PRINT Train Epoch: 10 [20480/60000 (34%)]	Loss: 103.863029
[2022-10-19 23:24:29] PRINT Train Epoch: 10 [21760/60000 (36%)]	Loss: 108.704796
[2022-10-19 23:24:29] PRINT Train Epoch: 10 [23040/60000 (38%)]	Loss: 105.698090
[2022-10-19 23:24:29] PRINT Train Epoch: 10 [24320/60000 (41%)]	Loss: 109.407608
[2022-10-19 23:24:29] PRINT Train Epoch: 10 [25600/60000 (43%)]	Loss: 111.735573
[2022-10-19 23:24:29] PRINT Train Epoch: 10 [26880/60000 (45%)]	Loss: 108.640915
[2022-10-19 23:24:30] PRINT Train Epoch: 10 [28160/60000 (47%)]	Loss: 110.531113
[2022-10-19 23:24:30] PRINT Train Epoch: 10 [29440/60000 (49%)]	Loss: 109.278671
[2022-10-19 23:24:30] PRINT Train Epoch: 10 [30720/60000 (51%)]	Loss: 108.510757
[2022-10-19 23:24:30] PRINT Train Epoch: 10 [32000/60000 (53%)]	Loss: 107.748611
[2022-10-19 23:24:30] PRINT Train Epoch: 10 [33280/60000 (55%)]	Loss: 106.920776
[2022-10-19 23:24:30] PRINT Train Epoch: 10 [34560/60000 (58%)]	Loss: 112.948715
[2022-10-19 23:24:30] PRINT Train Epoch: 10 [35840/60000 (60%)]	Loss: 109.102753
[2022-10-19 23:24:30] PRINT Train Epoch: 10 [37120/60000 (62%)]	Loss: 107.180908
[2022-10-19 23:24:30] PRINT Train Epoch: 10 [38400/60000 (64%)]	Loss: 106.905411
[2022-10-19 23:24:31] PRINT Train Epoch: 10 [39680/60000 (66%)]	Loss: 107.058121
[2022-10-19 23:24:31] PRINT Train Epoch: 10 [40960/60000 (68%)]	Loss: 108.250565
[2022-10-19 23:24:31] PRINT Train Epoch: 10 [42240/60000 (70%)]	Loss: 110.007462
[2022-10-19 23:24:31] PRINT Train Epoch: 10 [43520/60000 (72%)]	Loss: 106.665504
[2022-10-19 23:24:31] PRINT Train Epoch: 10 [44800/60000 (75%)]	Loss: 106.398468
[2022-10-19 23:24:31] PRINT Train Epoch: 10 [46080/60000 (77%)]	Loss: 107.160240
[2022-10-19 23:24:31] PRINT Train Epoch: 10 [47360/60000 (79%)]	Loss: 104.702774
[2022-10-19 23:24:31] PRINT Train Epoch: 10 [48640/60000 (81%)]	Loss: 109.709389
[2022-10-19 23:24:31] PRINT Train Epoch: 10 [49920/60000 (83%)]	Loss: 110.178688
[2022-10-19 23:24:31] PRINT Train Epoch: 10 [51200/60000 (85%)]	Loss: 106.492943
[2022-10-19 23:24:32] PRINT Train Epoch: 10 [52480/60000 (87%)]	Loss: 103.212418
[2022-10-19 23:24:32] PRINT Train Epoch: 10 [53760/60000 (90%)]	Loss: 106.067223
[2022-10-19 23:24:32] PRINT Train Epoch: 10 [55040/60000 (92%)]	Loss: 106.402115
[2022-10-19 23:24:32] PRINT Train Epoch: 10 [56320/60000 (94%)]	Loss: 107.254791
[2022-10-19 23:24:32] PRINT Train Epoch: 10 [57600/60000 (96%)]	Loss: 103.068962
[2022-10-19 23:24:32] PRINT Train Epoch: 10 [58880/60000 (98%)]	Loss: 105.932846
[2022-10-19 23:24:32] PRINT ====> Epoch: 10 Average loss: 107.8583
[2022-10-19 23:24:33] PRINT ====> Test set loss: 108.3107
