[2022-10-19 23:42:27] PRINT {'features1': 500, 'features2': 10, 'lr': 0.014145170586009935, 'epsilon': 1e-06}
[2022-10-19 23:42:27] PRINT Using cuda device
[2022-10-19 23:42:28] PRINT Train Epoch: 1 [0/60000 (0%)]	Loss: 550.097473
[2022-10-19 23:42:28] PRINT Train Epoch: 1 [1280/60000 (2%)]	Loss: 218.083237
[2022-10-19 23:42:28] PRINT Train Epoch: 1 [2560/60000 (4%)]	Loss: 210.665466
[2022-10-19 23:42:29] PRINT Train Epoch: 1 [3840/60000 (6%)]	Loss: 199.946625
[2022-10-19 23:42:29] PRINT Train Epoch: 1 [5120/60000 (9%)]	Loss: 201.764862
[2022-10-19 23:42:29] PRINT Train Epoch: 1 [6400/60000 (11%)]	Loss: 201.751541
[2022-10-19 23:42:29] PRINT Train Epoch: 1 [7680/60000 (13%)]	Loss: 196.355789
[2022-10-19 23:42:29] PRINT Train Epoch: 1 [8960/60000 (15%)]	Loss: 184.274323
[2022-10-19 23:42:29] PRINT Train Epoch: 1 [10240/60000 (17%)]	Loss: 185.329910
[2022-10-19 23:42:29] PRINT Train Epoch: 1 [11520/60000 (19%)]	Loss: 187.510818
[2022-10-19 23:42:29] PRINT Train Epoch: 1 [12800/60000 (21%)]	Loss: 187.008743
[2022-10-19 23:42:29] PRINT Train Epoch: 1 [14080/60000 (23%)]	Loss: 186.417175
[2022-10-19 23:42:30] PRINT Train Epoch: 1 [15360/60000 (26%)]	Loss: 180.397354
[2022-10-19 23:42:30] PRINT Train Epoch: 1 [16640/60000 (28%)]	Loss: 183.338959
[2022-10-19 23:42:30] PRINT Train Epoch: 1 [17920/60000 (30%)]	Loss: 183.085052
[2022-10-19 23:42:30] PRINT Train Epoch: 1 [19200/60000 (32%)]	Loss: 179.180893
[2022-10-19 23:42:30] PRINT Train Epoch: 1 [20480/60000 (34%)]	Loss: 182.139130
[2022-10-19 23:42:30] PRINT Train Epoch: 1 [21760/60000 (36%)]	Loss: 173.825912
[2022-10-19 23:42:30] PRINT Train Epoch: 1 [23040/60000 (38%)]	Loss: 178.303558
[2022-10-19 23:42:30] PRINT Train Epoch: 1 [24320/60000 (41%)]	Loss: 176.937973
[2022-10-19 23:42:30] PRINT Train Epoch: 1 [25600/60000 (43%)]	Loss: 177.487808
[2022-10-19 23:42:30] PRINT Train Epoch: 1 [26880/60000 (45%)]	Loss: 174.598419
[2022-10-19 23:42:31] PRINT Train Epoch: 1 [28160/60000 (47%)]	Loss: 174.304749
[2022-10-19 23:42:31] PRINT Train Epoch: 1 [29440/60000 (49%)]	Loss: 170.409378
[2022-10-19 23:42:31] PRINT Train Epoch: 1 [30720/60000 (51%)]	Loss: 168.557205
[2022-10-19 23:42:31] PRINT Train Epoch: 1 [32000/60000 (53%)]	Loss: 169.546860
[2022-10-19 23:42:31] PRINT Train Epoch: 1 [33280/60000 (55%)]	Loss: 164.039230
[2022-10-19 23:42:31] PRINT Train Epoch: 1 [34560/60000 (58%)]	Loss: 170.906967
[2022-10-19 23:42:31] PRINT Train Epoch: 1 [35840/60000 (60%)]	Loss: 162.436417
[2022-10-19 23:42:31] PRINT Train Epoch: 1 [37120/60000 (62%)]	Loss: 168.354279
[2022-10-19 23:42:31] PRINT Train Epoch: 1 [38400/60000 (64%)]	Loss: 167.795135
[2022-10-19 23:42:32] PRINT Train Epoch: 1 [39680/60000 (66%)]	Loss: 165.780075
[2022-10-19 23:42:32] PRINT Train Epoch: 1 [40960/60000 (68%)]	Loss: 165.841278
[2022-10-19 23:42:32] PRINT Train Epoch: 1 [42240/60000 (70%)]	Loss: 154.193695
[2022-10-19 23:42:32] PRINT Train Epoch: 1 [43520/60000 (72%)]	Loss: 170.828003
[2022-10-19 23:42:32] PRINT Train Epoch: 1 [44800/60000 (75%)]	Loss: 167.852737
[2022-10-19 23:42:32] PRINT Train Epoch: 1 [46080/60000 (77%)]	Loss: 158.609283
[2022-10-19 23:42:32] PRINT Train Epoch: 1 [47360/60000 (79%)]	Loss: 162.721970
[2022-10-19 23:42:32] PRINT Train Epoch: 1 [48640/60000 (81%)]	Loss: 163.723907
[2022-10-19 23:42:32] PRINT Train Epoch: 1 [49920/60000 (83%)]	Loss: 159.047073
[2022-10-19 23:42:33] PRINT Train Epoch: 1 [51200/60000 (85%)]	Loss: 159.956985
[2022-10-19 23:42:33] PRINT Train Epoch: 1 [52480/60000 (87%)]	Loss: 155.225525
[2022-10-19 23:42:33] PRINT Train Epoch: 1 [53760/60000 (90%)]	Loss: 148.836243
[2022-10-19 23:42:33] PRINT Train Epoch: 1 [55040/60000 (92%)]	Loss: 154.790054
[2022-10-19 23:42:33] PRINT Train Epoch: 1 [56320/60000 (94%)]	Loss: 163.946930
[2022-10-19 23:42:33] PRINT Train Epoch: 1 [57600/60000 (96%)]	Loss: 152.322357
[2022-10-19 23:42:33] PRINT Train Epoch: 1 [58880/60000 (98%)]	Loss: 158.809570
[2022-10-19 23:42:33] PRINT ====> Epoch: 1 Average loss: 176.3323
[2022-10-19 23:42:34] PRINT ====> Test set loss: 154.2739
[2022-10-19 23:42:34] PRINT Train Epoch: 2 [0/60000 (0%)]	Loss: 156.570160
[2022-10-19 23:42:34] PRINT Train Epoch: 2 [1280/60000 (2%)]	Loss: 154.136459
[2022-10-19 23:42:34] PRINT Train Epoch: 2 [2560/60000 (4%)]	Loss: 155.505081
[2022-10-19 23:42:34] PRINT Train Epoch: 2 [3840/60000 (6%)]	Loss: 145.692520
[2022-10-19 23:42:35] PRINT Train Epoch: 2 [5120/60000 (9%)]	Loss: 157.851364
[2022-10-19 23:42:35] PRINT Train Epoch: 2 [6400/60000 (11%)]	Loss: 149.558395
[2022-10-19 23:42:35] PRINT Train Epoch: 2 [7680/60000 (13%)]	Loss: 145.274109
[2022-10-19 23:42:35] PRINT Train Epoch: 2 [8960/60000 (15%)]	Loss: 150.382141
[2022-10-19 23:42:35] PRINT Train Epoch: 2 [10240/60000 (17%)]	Loss: 147.938171
[2022-10-19 23:42:35] PRINT Train Epoch: 2 [11520/60000 (19%)]	Loss: 149.961426
[2022-10-19 23:42:35] PRINT Train Epoch: 2 [12800/60000 (21%)]	Loss: 153.337326
[2022-10-19 23:42:35] PRINT Train Epoch: 2 [14080/60000 (23%)]	Loss: 145.841553
[2022-10-19 23:42:35] PRINT Train Epoch: 2 [15360/60000 (26%)]	Loss: 151.611374
[2022-10-19 23:42:36] PRINT Train Epoch: 2 [16640/60000 (28%)]	Loss: 157.678146
[2022-10-19 23:42:36] PRINT Train Epoch: 2 [17920/60000 (30%)]	Loss: 153.270599
[2022-10-19 23:42:36] PRINT Train Epoch: 2 [19200/60000 (32%)]	Loss: 144.087540
[2022-10-19 23:42:36] PRINT Train Epoch: 2 [20480/60000 (34%)]	Loss: 153.386337
[2022-10-19 23:42:36] PRINT Train Epoch: 2 [21760/60000 (36%)]	Loss: 149.560989
[2022-10-19 23:42:36] PRINT Train Epoch: 2 [23040/60000 (38%)]	Loss: 153.983414
[2022-10-19 23:42:36] PRINT Train Epoch: 2 [24320/60000 (41%)]	Loss: 150.500732
[2022-10-19 23:42:36] PRINT Train Epoch: 2 [25600/60000 (43%)]	Loss: 145.692444
[2022-10-19 23:42:36] PRINT Train Epoch: 2 [26880/60000 (45%)]	Loss: 147.908676
[2022-10-19 23:42:36] PRINT Train Epoch: 2 [28160/60000 (47%)]	Loss: 149.726257
[2022-10-19 23:42:36] PRINT Train Epoch: 2 [29440/60000 (49%)]	Loss: 152.684570
[2022-10-19 23:42:37] PRINT Train Epoch: 2 [30720/60000 (51%)]	Loss: 147.612610
[2022-10-19 23:42:37] PRINT Train Epoch: 2 [32000/60000 (53%)]	Loss: 151.491135
[2022-10-19 23:42:37] PRINT Train Epoch: 2 [33280/60000 (55%)]	Loss: 157.832230
[2022-10-19 23:42:37] PRINT Train Epoch: 2 [34560/60000 (58%)]	Loss: 145.854645
[2022-10-19 23:42:37] PRINT Train Epoch: 2 [35840/60000 (60%)]	Loss: 150.857300
[2022-10-19 23:42:37] PRINT Train Epoch: 2 [37120/60000 (62%)]	Loss: 158.891434
[2022-10-19 23:42:37] PRINT Train Epoch: 2 [38400/60000 (64%)]	Loss: 143.203125
[2022-10-19 23:42:37] PRINT Train Epoch: 2 [39680/60000 (66%)]	Loss: 148.086029
[2022-10-19 23:42:37] PRINT Train Epoch: 2 [40960/60000 (68%)]	Loss: 149.196609
[2022-10-19 23:42:38] PRINT Train Epoch: 2 [42240/60000 (70%)]	Loss: 154.784119
[2022-10-19 23:42:38] PRINT Train Epoch: 2 [43520/60000 (72%)]	Loss: 155.384247
[2022-10-19 23:42:38] PRINT Train Epoch: 2 [44800/60000 (75%)]	Loss: 149.185928
[2022-10-19 23:42:38] PRINT Train Epoch: 2 [46080/60000 (77%)]	Loss: 147.567871
[2022-10-19 23:42:38] PRINT Train Epoch: 2 [47360/60000 (79%)]	Loss: 149.854446
[2022-10-19 23:42:38] PRINT Train Epoch: 2 [48640/60000 (81%)]	Loss: 148.330063
[2022-10-19 23:42:38] PRINT Train Epoch: 2 [49920/60000 (83%)]	Loss: 148.283081
[2022-10-19 23:42:38] PRINT Train Epoch: 2 [51200/60000 (85%)]	Loss: 144.252213
[2022-10-19 23:42:38] PRINT Train Epoch: 2 [52480/60000 (87%)]	Loss: 151.814896
[2022-10-19 23:42:38] PRINT Train Epoch: 2 [53760/60000 (90%)]	Loss: 146.360031
[2022-10-19 23:42:39] PRINT Train Epoch: 2 [55040/60000 (92%)]	Loss: 154.866470
[2022-10-19 23:42:39] PRINT Train Epoch: 2 [56320/60000 (94%)]	Loss: 144.844757
[2022-10-19 23:42:39] PRINT Train Epoch: 2 [57600/60000 (96%)]	Loss: 147.811844
[2022-10-19 23:42:39] PRINT Train Epoch: 2 [58880/60000 (98%)]	Loss: 146.521484
[2022-10-19 23:42:39] PRINT ====> Epoch: 2 Average loss: 150.1861
[2022-10-19 23:42:40] PRINT ====> Test set loss: 148.4399
[2022-10-19 23:42:40] PRINT Train Epoch: 3 [0/60000 (0%)]	Loss: 138.355255
[2022-10-19 23:42:40] PRINT Train Epoch: 3 [1280/60000 (2%)]	Loss: 156.704102
[2022-10-19 23:42:40] PRINT Train Epoch: 3 [2560/60000 (4%)]	Loss: 151.417114
[2022-10-19 23:42:40] PRINT Train Epoch: 3 [3840/60000 (6%)]	Loss: 148.710541
[2022-10-19 23:42:40] PRINT Train Epoch: 3 [5120/60000 (9%)]	Loss: 144.605469
[2022-10-19 23:42:40] PRINT Train Epoch: 3 [6400/60000 (11%)]	Loss: 142.552032
[2022-10-19 23:42:41] PRINT Train Epoch: 3 [7680/60000 (13%)]	Loss: 144.734238
[2022-10-19 23:42:41] PRINT Train Epoch: 3 [8960/60000 (15%)]	Loss: 143.151321
[2022-10-19 23:42:41] PRINT Train Epoch: 3 [10240/60000 (17%)]	Loss: 145.336578
[2022-10-19 23:42:41] PRINT Train Epoch: 3 [11520/60000 (19%)]	Loss: 143.010056
[2022-10-19 23:42:41] PRINT Train Epoch: 3 [12800/60000 (21%)]	Loss: 146.538879
[2022-10-19 23:42:41] PRINT Train Epoch: 3 [14080/60000 (23%)]	Loss: 147.896790
[2022-10-19 23:42:41] PRINT Train Epoch: 3 [15360/60000 (26%)]	Loss: 141.256897
[2022-10-19 23:42:41] PRINT Train Epoch: 3 [16640/60000 (28%)]	Loss: 144.648621
[2022-10-19 23:42:41] PRINT Train Epoch: 3 [17920/60000 (30%)]	Loss: 150.242996
[2022-10-19 23:42:41] PRINT Train Epoch: 3 [19200/60000 (32%)]	Loss: 147.898453
[2022-10-19 23:42:42] PRINT Train Epoch: 3 [20480/60000 (34%)]	Loss: 146.490326
[2022-10-19 23:42:42] PRINT Train Epoch: 3 [21760/60000 (36%)]	Loss: 150.960068
[2022-10-19 23:42:42] PRINT Train Epoch: 3 [23040/60000 (38%)]	Loss: 150.109909
[2022-10-19 23:42:42] PRINT Train Epoch: 3 [24320/60000 (41%)]	Loss: 154.616608
[2022-10-19 23:42:42] PRINT Train Epoch: 3 [25600/60000 (43%)]	Loss: 145.046219
[2022-10-19 23:42:42] PRINT Train Epoch: 3 [26880/60000 (45%)]	Loss: 149.701233
[2022-10-19 23:42:42] PRINT Train Epoch: 3 [28160/60000 (47%)]	Loss: 149.638260
[2022-10-19 23:42:42] PRINT Train Epoch: 3 [29440/60000 (49%)]	Loss: 147.617584
[2022-10-19 23:42:42] PRINT Train Epoch: 3 [30720/60000 (51%)]	Loss: 149.335220
[2022-10-19 23:42:42] PRINT Train Epoch: 3 [32000/60000 (53%)]	Loss: 151.409607
[2022-10-19 23:42:43] PRINT Train Epoch: 3 [33280/60000 (55%)]	Loss: 145.370087
[2022-10-19 23:42:43] PRINT Train Epoch: 3 [34560/60000 (58%)]	Loss: 140.724869
[2022-10-19 23:42:43] PRINT Train Epoch: 3 [35840/60000 (60%)]	Loss: 147.702927
[2022-10-19 23:42:43] PRINT Train Epoch: 3 [37120/60000 (62%)]	Loss: 150.371429
[2022-10-19 23:42:43] PRINT Train Epoch: 3 [38400/60000 (64%)]	Loss: 143.299622
[2022-10-19 23:42:43] PRINT Train Epoch: 3 [39680/60000 (66%)]	Loss: 141.295761
[2022-10-19 23:42:43] PRINT Train Epoch: 3 [40960/60000 (68%)]	Loss: 151.011703
[2022-10-19 23:42:43] PRINT Train Epoch: 3 [42240/60000 (70%)]	Loss: 145.584702
[2022-10-19 23:42:43] PRINT Train Epoch: 3 [43520/60000 (72%)]	Loss: 149.114609
[2022-10-19 23:42:43] PRINT Train Epoch: 3 [44800/60000 (75%)]	Loss: 149.592499
[2022-10-19 23:42:44] PRINT Train Epoch: 3 [46080/60000 (77%)]	Loss: 144.756378
[2022-10-19 23:42:44] PRINT Train Epoch: 3 [47360/60000 (79%)]	Loss: 147.320099
[2022-10-19 23:42:44] PRINT Train Epoch: 3 [48640/60000 (81%)]	Loss: 147.051758
[2022-10-19 23:42:44] PRINT Train Epoch: 3 [49920/60000 (83%)]	Loss: 148.467590
[2022-10-19 23:42:44] PRINT Train Epoch: 3 [51200/60000 (85%)]	Loss: 144.865280
[2022-10-19 23:42:44] PRINT Train Epoch: 3 [52480/60000 (87%)]	Loss: 147.163284
[2022-10-19 23:42:44] PRINT Train Epoch: 3 [53760/60000 (90%)]	Loss: 158.338608
[2022-10-19 23:42:44] PRINT Train Epoch: 3 [55040/60000 (92%)]	Loss: 148.481049
[2022-10-19 23:42:44] PRINT Train Epoch: 3 [56320/60000 (94%)]	Loss: 151.566788
[2022-10-19 23:42:45] PRINT Train Epoch: 3 [57600/60000 (96%)]	Loss: 149.322647
[2022-10-19 23:42:45] PRINT Train Epoch: 3 [58880/60000 (98%)]	Loss: 154.948257
[2022-10-19 23:42:45] PRINT ====> Epoch: 3 Average loss: 147.4266
[2022-10-19 23:42:46] PRINT ====> Test set loss: 148.4054
[2022-10-19 23:42:46] PRINT Train Epoch: 4 [0/60000 (0%)]	Loss: 145.309509
[2022-10-19 23:42:46] PRINT Train Epoch: 4 [1280/60000 (2%)]	Loss: 152.802505
[2022-10-19 23:42:46] PRINT Train Epoch: 4 [2560/60000 (4%)]	Loss: 143.074509
[2022-10-19 23:42:46] PRINT Train Epoch: 4 [3840/60000 (6%)]	Loss: 152.039948
[2022-10-19 23:42:46] PRINT Train Epoch: 4 [5120/60000 (9%)]	Loss: 150.567917
[2022-10-19 23:42:46] PRINT Train Epoch: 4 [6400/60000 (11%)]	Loss: 152.553406
[2022-10-19 23:42:46] PRINT Train Epoch: 4 [7680/60000 (13%)]	Loss: 142.666504
[2022-10-19 23:42:46] PRINT Train Epoch: 4 [8960/60000 (15%)]	Loss: 147.754868
[2022-10-19 23:42:46] PRINT Train Epoch: 4 [10240/60000 (17%)]	Loss: 144.010361
[2022-10-19 23:42:47] PRINT Train Epoch: 4 [11520/60000 (19%)]	Loss: 141.405228
[2022-10-19 23:42:47] PRINT Train Epoch: 4 [12800/60000 (21%)]	Loss: 148.971802
[2022-10-19 23:42:47] PRINT Train Epoch: 4 [14080/60000 (23%)]	Loss: 133.967987
[2022-10-19 23:42:47] PRINT Train Epoch: 4 [15360/60000 (26%)]	Loss: 141.429398
[2022-10-19 23:42:47] PRINT Train Epoch: 4 [16640/60000 (28%)]	Loss: 150.154221
[2022-10-19 23:42:47] PRINT Train Epoch: 4 [17920/60000 (30%)]	Loss: 140.411972
[2022-10-19 23:42:47] PRINT Train Epoch: 4 [19200/60000 (32%)]	Loss: 155.085724
[2022-10-19 23:42:47] PRINT Train Epoch: 4 [20480/60000 (34%)]	Loss: 151.664520
[2022-10-19 23:42:47] PRINT Train Epoch: 4 [21760/60000 (36%)]	Loss: 151.077820
[2022-10-19 23:42:48] PRINT Train Epoch: 4 [23040/60000 (38%)]	Loss: 152.412247
[2022-10-19 23:42:48] PRINT Train Epoch: 4 [24320/60000 (41%)]	Loss: 150.124146
[2022-10-19 23:42:48] PRINT Train Epoch: 4 [25600/60000 (43%)]	Loss: 141.637665
[2022-10-19 23:42:48] PRINT Train Epoch: 4 [26880/60000 (45%)]	Loss: 144.515732
[2022-10-19 23:42:48] PRINT Train Epoch: 4 [28160/60000 (47%)]	Loss: 153.385574
[2022-10-19 23:42:48] PRINT Train Epoch: 4 [29440/60000 (49%)]	Loss: 150.443863
[2022-10-19 23:42:48] PRINT Train Epoch: 4 [30720/60000 (51%)]	Loss: 145.842194
[2022-10-19 23:42:48] PRINT Train Epoch: 4 [32000/60000 (53%)]	Loss: 148.954712
[2022-10-19 23:42:48] PRINT Train Epoch: 4 [33280/60000 (55%)]	Loss: 139.307175
[2022-10-19 23:42:48] PRINT Train Epoch: 4 [34560/60000 (58%)]	Loss: 151.645889
[2022-10-19 23:42:49] PRINT Train Epoch: 4 [35840/60000 (60%)]	Loss: 149.923569
[2022-10-19 23:42:49] PRINT Train Epoch: 4 [37120/60000 (62%)]	Loss: 147.430893
[2022-10-19 23:42:49] PRINT Train Epoch: 4 [38400/60000 (64%)]	Loss: 140.006790
[2022-10-19 23:42:49] PRINT Train Epoch: 4 [39680/60000 (66%)]	Loss: 143.324921
[2022-10-19 23:42:49] PRINT Train Epoch: 4 [40960/60000 (68%)]	Loss: 149.227280
[2022-10-19 23:42:49] PRINT Train Epoch: 4 [42240/60000 (70%)]	Loss: 152.390594
[2022-10-19 23:42:49] PRINT Train Epoch: 4 [43520/60000 (72%)]	Loss: 142.350128
[2022-10-19 23:42:49] PRINT Train Epoch: 4 [44800/60000 (75%)]	Loss: 148.775650
[2022-10-19 23:42:49] PRINT Train Epoch: 4 [46080/60000 (77%)]	Loss: 148.020584
[2022-10-19 23:42:49] PRINT Train Epoch: 4 [47360/60000 (79%)]	Loss: 152.010025
[2022-10-19 23:42:50] PRINT Train Epoch: 4 [48640/60000 (81%)]	Loss: 152.515289
[2022-10-19 23:42:50] PRINT Train Epoch: 4 [49920/60000 (83%)]	Loss: 152.890045
[2022-10-19 23:42:50] PRINT Train Epoch: 4 [51200/60000 (85%)]	Loss: 150.080627
[2022-10-19 23:42:50] PRINT Train Epoch: 4 [52480/60000 (87%)]	Loss: 144.394440
[2022-10-19 23:42:50] PRINT Train Epoch: 4 [53760/60000 (90%)]	Loss: 150.597824
[2022-10-19 23:42:50] PRINT Train Epoch: 4 [55040/60000 (92%)]	Loss: 149.490295
[2022-10-19 23:42:50] PRINT Train Epoch: 4 [56320/60000 (94%)]	Loss: 142.851898
[2022-10-19 23:42:50] PRINT Train Epoch: 4 [57600/60000 (96%)]	Loss: 145.563889
[2022-10-19 23:42:50] PRINT Train Epoch: 4 [58880/60000 (98%)]	Loss: 145.516678
[2022-10-19 23:42:51] PRINT ====> Epoch: 4 Average loss: 146.3853
[2022-10-19 23:42:51] PRINT ====> Test set loss: 147.4041
[2022-10-19 23:42:51] PRINT Train Epoch: 5 [0/60000 (0%)]	Loss: 142.160904
[2022-10-19 23:42:52] PRINT Train Epoch: 5 [1280/60000 (2%)]	Loss: 153.039505
[2022-10-19 23:42:52] PRINT Train Epoch: 5 [2560/60000 (4%)]	Loss: 150.040146
[2022-10-19 23:42:52] PRINT Train Epoch: 5 [3840/60000 (6%)]	Loss: 149.617569
[2022-10-19 23:42:52] PRINT Train Epoch: 5 [5120/60000 (9%)]	Loss: 148.232391
[2022-10-19 23:42:52] PRINT Train Epoch: 5 [6400/60000 (11%)]	Loss: 146.511948
[2022-10-19 23:42:52] PRINT Train Epoch: 5 [7680/60000 (13%)]	Loss: 142.903900
[2022-10-19 23:42:52] PRINT Train Epoch: 5 [8960/60000 (15%)]	Loss: 150.026886
[2022-10-19 23:42:52] PRINT Train Epoch: 5 [10240/60000 (17%)]	Loss: 147.162476
[2022-10-19 23:42:52] PRINT Train Epoch: 5 [11520/60000 (19%)]	Loss: 137.446457
[2022-10-19 23:42:52] PRINT Train Epoch: 5 [12800/60000 (21%)]	Loss: 149.245651
[2022-10-19 23:42:53] PRINT Train Epoch: 5 [14080/60000 (23%)]	Loss: 140.296646
[2022-10-19 23:42:53] PRINT Train Epoch: 5 [15360/60000 (26%)]	Loss: 150.831268
[2022-10-19 23:42:53] PRINT Train Epoch: 5 [16640/60000 (28%)]	Loss: 144.599915
[2022-10-19 23:42:53] PRINT Train Epoch: 5 [17920/60000 (30%)]	Loss: 147.544968
[2022-10-19 23:42:53] PRINT Train Epoch: 5 [19200/60000 (32%)]	Loss: 146.622437
[2022-10-19 23:42:53] PRINT Train Epoch: 5 [20480/60000 (34%)]	Loss: 147.436249
[2022-10-19 23:42:53] PRINT Train Epoch: 5 [21760/60000 (36%)]	Loss: 150.776443
[2022-10-19 23:42:53] PRINT Train Epoch: 5 [23040/60000 (38%)]	Loss: 144.141342
[2022-10-19 23:42:53] PRINT Train Epoch: 5 [24320/60000 (41%)]	Loss: 145.149094
[2022-10-19 23:42:53] PRINT Train Epoch: 5 [25600/60000 (43%)]	Loss: 144.730362
[2022-10-19 23:42:54] PRINT Train Epoch: 5 [26880/60000 (45%)]	Loss: 144.222519
[2022-10-19 23:42:54] PRINT Train Epoch: 5 [28160/60000 (47%)]	Loss: 144.923309
[2022-10-19 23:42:54] PRINT Train Epoch: 5 [29440/60000 (49%)]	Loss: 148.437210
[2022-10-19 23:42:54] PRINT Train Epoch: 5 [30720/60000 (51%)]	Loss: 142.308762
[2022-10-19 23:42:54] PRINT Train Epoch: 5 [32000/60000 (53%)]	Loss: 153.693176
[2022-10-19 23:42:54] PRINT Train Epoch: 5 [33280/60000 (55%)]	Loss: 148.158752
[2022-10-19 23:42:54] PRINT Train Epoch: 5 [34560/60000 (58%)]	Loss: 149.767761
[2022-10-19 23:42:54] PRINT Train Epoch: 5 [35840/60000 (60%)]	Loss: 148.103302
[2022-10-19 23:42:54] PRINT Train Epoch: 5 [37120/60000 (62%)]	Loss: 148.029388
[2022-10-19 23:42:55] PRINT Train Epoch: 5 [38400/60000 (64%)]	Loss: 143.545471
[2022-10-19 23:42:55] PRINT Train Epoch: 5 [39680/60000 (66%)]	Loss: 146.916458
[2022-10-19 23:42:55] PRINT Train Epoch: 5 [40960/60000 (68%)]	Loss: 142.652924
[2022-10-19 23:42:55] PRINT Train Epoch: 5 [42240/60000 (70%)]	Loss: 147.304184
[2022-10-19 23:42:55] PRINT Train Epoch: 5 [43520/60000 (72%)]	Loss: 143.845993
[2022-10-19 23:42:55] PRINT Train Epoch: 5 [44800/60000 (75%)]	Loss: 142.124466
[2022-10-19 23:42:55] PRINT Train Epoch: 5 [46080/60000 (77%)]	Loss: 137.836533
[2022-10-19 23:42:55] PRINT Train Epoch: 5 [47360/60000 (79%)]	Loss: 143.093506
[2022-10-19 23:42:55] PRINT Train Epoch: 5 [48640/60000 (81%)]	Loss: 147.176285
[2022-10-19 23:42:55] PRINT Train Epoch: 5 [49920/60000 (83%)]	Loss: 149.406586
[2022-10-19 23:42:56] PRINT Train Epoch: 5 [51200/60000 (85%)]	Loss: 146.293427
[2022-10-19 23:42:56] PRINT Train Epoch: 5 [52480/60000 (87%)]	Loss: 145.705017
[2022-10-19 23:42:56] PRINT Train Epoch: 5 [53760/60000 (90%)]	Loss: 143.152878
[2022-10-19 23:42:56] PRINT Train Epoch: 5 [55040/60000 (92%)]	Loss: 143.377136
[2022-10-19 23:42:56] PRINT Train Epoch: 5 [56320/60000 (94%)]	Loss: 148.830170
[2022-10-19 23:42:56] PRINT Train Epoch: 5 [57600/60000 (96%)]	Loss: 151.743835
[2022-10-19 23:42:56] PRINT Train Epoch: 5 [58880/60000 (98%)]	Loss: 143.932159
[2022-10-19 23:42:56] PRINT ====> Epoch: 5 Average loss: 145.9728
[2022-10-19 23:42:57] PRINT ====> Test set loss: 146.0009
[2022-10-19 23:42:57] PRINT Train Epoch: 6 [0/60000 (0%)]	Loss: 143.321167
[2022-10-19 23:42:57] PRINT Train Epoch: 6 [1280/60000 (2%)]	Loss: 147.968216
[2022-10-19 23:42:57] PRINT Train Epoch: 6 [2560/60000 (4%)]	Loss: 148.376801
[2022-10-19 23:42:57] PRINT Train Epoch: 6 [3840/60000 (6%)]	Loss: 155.358612
[2022-10-19 23:42:58] PRINT Train Epoch: 6 [5120/60000 (9%)]	Loss: 137.653046
[2022-10-19 23:42:58] PRINT Train Epoch: 6 [6400/60000 (11%)]	Loss: 142.798157
[2022-10-19 23:42:58] PRINT Train Epoch: 6 [7680/60000 (13%)]	Loss: 142.023849
[2022-10-19 23:42:58] PRINT Train Epoch: 6 [8960/60000 (15%)]	Loss: 145.896866
[2022-10-19 23:42:58] PRINT Train Epoch: 6 [10240/60000 (17%)]	Loss: 146.641891
[2022-10-19 23:42:58] PRINT Train Epoch: 6 [11520/60000 (19%)]	Loss: 143.306549
[2022-10-19 23:42:58] PRINT Train Epoch: 6 [12800/60000 (21%)]	Loss: 149.814819
[2022-10-19 23:42:58] PRINT Train Epoch: 6 [14080/60000 (23%)]	Loss: 149.441208
[2022-10-19 23:42:58] PRINT Train Epoch: 6 [15360/60000 (26%)]	Loss: 146.055145
[2022-10-19 23:42:58] PRINT Train Epoch: 6 [16640/60000 (28%)]	Loss: 144.544968
[2022-10-19 23:42:59] PRINT Train Epoch: 6 [17920/60000 (30%)]	Loss: 136.793793
[2022-10-19 23:42:59] PRINT Train Epoch: 6 [19200/60000 (32%)]	Loss: 148.266449
[2022-10-19 23:42:59] PRINT Train Epoch: 6 [20480/60000 (34%)]	Loss: 149.868301
[2022-10-19 23:42:59] PRINT Train Epoch: 6 [21760/60000 (36%)]	Loss: 142.851639
[2022-10-19 23:42:59] PRINT Train Epoch: 6 [23040/60000 (38%)]	Loss: 151.083725
[2022-10-19 23:42:59] PRINT Train Epoch: 6 [24320/60000 (41%)]	Loss: 144.775955
[2022-10-19 23:42:59] PRINT Train Epoch: 6 [25600/60000 (43%)]	Loss: 151.134079
[2022-10-19 23:42:59] PRINT Train Epoch: 6 [26880/60000 (45%)]	Loss: 145.608582
[2022-10-19 23:42:59] PRINT Train Epoch: 6 [28160/60000 (47%)]	Loss: 138.840729
[2022-10-19 23:42:59] PRINT Train Epoch: 6 [29440/60000 (49%)]	Loss: 144.098511
[2022-10-19 23:43:00] PRINT Train Epoch: 6 [30720/60000 (51%)]	Loss: 140.392334
[2022-10-19 23:43:00] PRINT Train Epoch: 6 [32000/60000 (53%)]	Loss: 148.311539
[2022-10-19 23:43:00] PRINT Train Epoch: 6 [33280/60000 (55%)]	Loss: 149.373505
[2022-10-19 23:43:00] PRINT Train Epoch: 6 [34560/60000 (58%)]	Loss: 142.532028
[2022-10-19 23:43:00] PRINT Train Epoch: 6 [35840/60000 (60%)]	Loss: 140.384064
[2022-10-19 23:43:00] PRINT Train Epoch: 6 [37120/60000 (62%)]	Loss: 149.125488
[2022-10-19 23:43:00] PRINT Train Epoch: 6 [38400/60000 (64%)]	Loss: 156.910675
[2022-10-19 23:43:00] PRINT Train Epoch: 6 [39680/60000 (66%)]	Loss: 149.368011
[2022-10-19 23:43:00] PRINT Train Epoch: 6 [40960/60000 (68%)]	Loss: 145.713684
[2022-10-19 23:43:01] PRINT Train Epoch: 6 [42240/60000 (70%)]	Loss: 142.530334
[2022-10-19 23:43:01] PRINT Train Epoch: 6 [43520/60000 (72%)]	Loss: 149.299667
[2022-10-19 23:43:01] PRINT Train Epoch: 6 [44800/60000 (75%)]	Loss: 139.707230
[2022-10-19 23:43:01] PRINT Train Epoch: 6 [46080/60000 (77%)]	Loss: 144.335693
[2022-10-19 23:43:01] PRINT Train Epoch: 6 [47360/60000 (79%)]	Loss: 141.879028
[2022-10-19 23:43:01] PRINT Train Epoch: 6 [48640/60000 (81%)]	Loss: 140.561386
[2022-10-19 23:43:01] PRINT Train Epoch: 6 [49920/60000 (83%)]	Loss: 143.091629
[2022-10-19 23:43:01] PRINT Train Epoch: 6 [51200/60000 (85%)]	Loss: 151.138077
[2022-10-19 23:43:01] PRINT Train Epoch: 6 [52480/60000 (87%)]	Loss: 141.506195
[2022-10-19 23:43:01] PRINT Train Epoch: 6 [53760/60000 (90%)]	Loss: 145.772781
[2022-10-19 23:43:02] PRINT Train Epoch: 6 [55040/60000 (92%)]	Loss: 151.442200
[2022-10-19 23:43:02] PRINT Train Epoch: 6 [56320/60000 (94%)]	Loss: 143.485794
[2022-10-19 23:43:02] PRINT Train Epoch: 6 [57600/60000 (96%)]	Loss: 148.398621
[2022-10-19 23:43:02] PRINT Train Epoch: 6 [58880/60000 (98%)]	Loss: 144.990021
[2022-10-19 23:43:02] PRINT ====> Epoch: 6 Average loss: 145.8480
[2022-10-19 23:43:03] PRINT ====> Test set loss: 146.4078
[2022-10-19 23:43:03] PRINT Train Epoch: 7 [0/60000 (0%)]	Loss: 146.081909
[2022-10-19 23:43:03] PRINT Train Epoch: 7 [1280/60000 (2%)]	Loss: 147.230850
[2022-10-19 23:43:03] PRINT Train Epoch: 7 [2560/60000 (4%)]	Loss: 144.334961
[2022-10-19 23:43:03] PRINT Train Epoch: 7 [3840/60000 (6%)]	Loss: 139.442886
[2022-10-19 23:43:03] PRINT Train Epoch: 7 [5120/60000 (9%)]	Loss: 141.693924
[2022-10-19 23:43:03] PRINT Train Epoch: 7 [6400/60000 (11%)]	Loss: 141.964355
[2022-10-19 23:43:03] PRINT Train Epoch: 7 [7680/60000 (13%)]	Loss: 148.973053
[2022-10-19 23:43:04] PRINT Train Epoch: 7 [8960/60000 (15%)]	Loss: 156.648071
[2022-10-19 23:43:04] PRINT Train Epoch: 7 [10240/60000 (17%)]	Loss: 151.199844
[2022-10-19 23:43:04] PRINT Train Epoch: 7 [11520/60000 (19%)]	Loss: 151.705566
[2022-10-19 23:43:04] PRINT Train Epoch: 7 [12800/60000 (21%)]	Loss: 148.342102
[2022-10-19 23:43:04] PRINT Train Epoch: 7 [14080/60000 (23%)]	Loss: 150.503204
[2022-10-19 23:43:04] PRINT Train Epoch: 7 [15360/60000 (26%)]	Loss: 143.327377
[2022-10-19 23:43:04] PRINT Train Epoch: 7 [16640/60000 (28%)]	Loss: 147.342865
[2022-10-19 23:43:04] PRINT Train Epoch: 7 [17920/60000 (30%)]	Loss: 148.395386
[2022-10-19 23:43:04] PRINT Train Epoch: 7 [19200/60000 (32%)]	Loss: 160.345734
[2022-10-19 23:43:04] PRINT Train Epoch: 7 [20480/60000 (34%)]	Loss: 153.543732
[2022-10-19 23:43:05] PRINT Train Epoch: 7 [21760/60000 (36%)]	Loss: 148.953690
[2022-10-19 23:43:05] PRINT Train Epoch: 7 [23040/60000 (38%)]	Loss: 138.460449
[2022-10-19 23:43:05] PRINT Train Epoch: 7 [24320/60000 (41%)]	Loss: 143.049255
[2022-10-19 23:43:05] PRINT Train Epoch: 7 [25600/60000 (43%)]	Loss: 147.695358
[2022-10-19 23:43:05] PRINT Train Epoch: 7 [26880/60000 (45%)]	Loss: 154.441849
[2022-10-19 23:43:05] PRINT Train Epoch: 7 [28160/60000 (47%)]	Loss: 147.292984
[2022-10-19 23:43:05] PRINT Train Epoch: 7 [29440/60000 (49%)]	Loss: 147.159012
[2022-10-19 23:43:05] PRINT Train Epoch: 7 [30720/60000 (51%)]	Loss: 135.223511
[2022-10-19 23:43:05] PRINT Train Epoch: 7 [32000/60000 (53%)]	Loss: 153.757736
[2022-10-19 23:43:06] PRINT Train Epoch: 7 [33280/60000 (55%)]	Loss: 156.875153
[2022-10-19 23:43:06] PRINT Train Epoch: 7 [34560/60000 (58%)]	Loss: 146.974365
[2022-10-19 23:43:06] PRINT Train Epoch: 7 [35840/60000 (60%)]	Loss: 150.061981
[2022-10-19 23:43:06] PRINT Train Epoch: 7 [37120/60000 (62%)]	Loss: 152.494339
[2022-10-19 23:43:06] PRINT Train Epoch: 7 [38400/60000 (64%)]	Loss: 141.142685
[2022-10-19 23:43:06] PRINT Train Epoch: 7 [39680/60000 (66%)]	Loss: 142.602036
[2022-10-19 23:43:06] PRINT Train Epoch: 7 [40960/60000 (68%)]	Loss: 138.596161
[2022-10-19 23:43:06] PRINT Train Epoch: 7 [42240/60000 (70%)]	Loss: 150.212616
[2022-10-19 23:43:06] PRINT Train Epoch: 7 [43520/60000 (72%)]	Loss: 145.736252
[2022-10-19 23:43:06] PRINT Train Epoch: 7 [44800/60000 (75%)]	Loss: 137.207870
[2022-10-19 23:43:07] PRINT Train Epoch: 7 [46080/60000 (77%)]	Loss: 146.618423
[2022-10-19 23:43:07] PRINT Train Epoch: 7 [47360/60000 (79%)]	Loss: 150.587921
[2022-10-19 23:43:07] PRINT Train Epoch: 7 [48640/60000 (81%)]	Loss: 144.378952
[2022-10-19 23:43:07] PRINT Train Epoch: 7 [49920/60000 (83%)]	Loss: 146.360016
[2022-10-19 23:43:07] PRINT Train Epoch: 7 [51200/60000 (85%)]	Loss: 154.944351
[2022-10-19 23:43:07] PRINT Train Epoch: 7 [52480/60000 (87%)]	Loss: 149.564758
[2022-10-19 23:43:07] PRINT Train Epoch: 7 [53760/60000 (90%)]	Loss: 146.885254
[2022-10-19 23:43:07] PRINT Train Epoch: 7 [55040/60000 (92%)]	Loss: 148.692307
[2022-10-19 23:43:07] PRINT Train Epoch: 7 [56320/60000 (94%)]	Loss: 143.775253
[2022-10-19 23:43:07] PRINT Train Epoch: 7 [57600/60000 (96%)]	Loss: 143.710464
[2022-10-19 23:43:08] PRINT Train Epoch: 7 [58880/60000 (98%)]	Loss: 146.374603
[2022-10-19 23:43:08] PRINT ====> Epoch: 7 Average loss: 145.7178
[2022-10-19 23:43:09] PRINT ====> Test set loss: 147.3594
[2022-10-19 23:43:09] PRINT Train Epoch: 8 [0/60000 (0%)]	Loss: 141.944778
[2022-10-19 23:43:09] PRINT Train Epoch: 8 [1280/60000 (2%)]	Loss: 146.940613
[2022-10-19 23:43:09] PRINT Train Epoch: 8 [2560/60000 (4%)]	Loss: 146.686829
[2022-10-19 23:43:09] PRINT Train Epoch: 8 [3840/60000 (6%)]	Loss: 142.433228
[2022-10-19 23:43:09] PRINT Train Epoch: 8 [5120/60000 (9%)]	Loss: 145.840256
[2022-10-19 23:43:09] PRINT Train Epoch: 8 [6400/60000 (11%)]	Loss: 141.244781
[2022-10-19 23:43:09] PRINT Train Epoch: 8 [7680/60000 (13%)]	Loss: 152.187683
[2022-10-19 23:43:09] PRINT Train Epoch: 8 [8960/60000 (15%)]	Loss: 144.751007
[2022-10-19 23:43:09] PRINT Train Epoch: 8 [10240/60000 (17%)]	Loss: 156.038727
[2022-10-19 23:43:10] PRINT Train Epoch: 8 [11520/60000 (19%)]	Loss: 147.338394
[2022-10-19 23:43:10] PRINT Train Epoch: 8 [12800/60000 (21%)]	Loss: 140.659134
[2022-10-19 23:43:10] PRINT Train Epoch: 8 [14080/60000 (23%)]	Loss: 147.895447
[2022-10-19 23:43:10] PRINT Train Epoch: 8 [15360/60000 (26%)]	Loss: 147.334274
[2022-10-19 23:43:10] PRINT Train Epoch: 8 [16640/60000 (28%)]	Loss: 143.137909
[2022-10-19 23:43:10] PRINT Train Epoch: 8 [17920/60000 (30%)]	Loss: 140.581177
[2022-10-19 23:43:10] PRINT Train Epoch: 8 [19200/60000 (32%)]	Loss: 147.957016
[2022-10-19 23:43:10] PRINT Train Epoch: 8 [20480/60000 (34%)]	Loss: 144.401901
[2022-10-19 23:43:10] PRINT Train Epoch: 8 [21760/60000 (36%)]	Loss: 145.968506
[2022-10-19 23:43:10] PRINT Train Epoch: 8 [23040/60000 (38%)]	Loss: 139.950012
[2022-10-19 23:43:11] PRINT Train Epoch: 8 [24320/60000 (41%)]	Loss: 149.568115
[2022-10-19 23:43:11] PRINT Train Epoch: 8 [25600/60000 (43%)]	Loss: 143.208420
[2022-10-19 23:43:11] PRINT Train Epoch: 8 [26880/60000 (45%)]	Loss: 144.089035
[2022-10-19 23:43:11] PRINT Train Epoch: 8 [28160/60000 (47%)]	Loss: 140.030426
[2022-10-19 23:43:11] PRINT Train Epoch: 8 [29440/60000 (49%)]	Loss: 143.173523
[2022-10-19 23:43:11] PRINT Train Epoch: 8 [30720/60000 (51%)]	Loss: 149.214279
[2022-10-19 23:43:11] PRINT Train Epoch: 8 [32000/60000 (53%)]	Loss: 152.730316
[2022-10-19 23:43:11] PRINT Train Epoch: 8 [33280/60000 (55%)]	Loss: 150.445633
[2022-10-19 23:43:11] PRINT Train Epoch: 8 [34560/60000 (58%)]	Loss: 147.378906
[2022-10-19 23:43:11] PRINT Train Epoch: 8 [35840/60000 (60%)]	Loss: 146.028732
[2022-10-19 23:43:12] PRINT Train Epoch: 8 [37120/60000 (62%)]	Loss: 147.738983
[2022-10-19 23:43:12] PRINT Train Epoch: 8 [38400/60000 (64%)]	Loss: 143.399750
[2022-10-19 23:43:12] PRINT Train Epoch: 8 [39680/60000 (66%)]	Loss: 152.546936
[2022-10-19 23:43:12] PRINT Train Epoch: 8 [40960/60000 (68%)]	Loss: 142.087540
[2022-10-19 23:43:12] PRINT Train Epoch: 8 [42240/60000 (70%)]	Loss: 148.558609
[2022-10-19 23:43:12] PRINT Train Epoch: 8 [43520/60000 (72%)]	Loss: 138.721390
[2022-10-19 23:43:12] PRINT Train Epoch: 8 [44800/60000 (75%)]	Loss: 147.778091
[2022-10-19 23:43:12] PRINT Train Epoch: 8 [46080/60000 (77%)]	Loss: 149.601639
[2022-10-19 23:43:12] PRINT Train Epoch: 8 [47360/60000 (79%)]	Loss: 146.288406
[2022-10-19 23:43:13] PRINT Train Epoch: 8 [48640/60000 (81%)]	Loss: 141.644028
[2022-10-19 23:43:13] PRINT Train Epoch: 8 [49920/60000 (83%)]	Loss: 150.786926
[2022-10-19 23:43:13] PRINT Train Epoch: 8 [51200/60000 (85%)]	Loss: 143.886047
[2022-10-19 23:43:13] PRINT Train Epoch: 8 [52480/60000 (87%)]	Loss: 146.924408
[2022-10-19 23:43:13] PRINT Train Epoch: 8 [53760/60000 (90%)]	Loss: 146.141571
[2022-10-19 23:43:13] PRINT Train Epoch: 8 [55040/60000 (92%)]	Loss: 144.796371
[2022-10-19 23:43:13] PRINT Train Epoch: 8 [56320/60000 (94%)]	Loss: 141.781647
[2022-10-19 23:43:13] PRINT Train Epoch: 8 [57600/60000 (96%)]	Loss: 142.180389
[2022-10-19 23:43:13] PRINT Train Epoch: 8 [58880/60000 (98%)]	Loss: 140.606613
[2022-10-19 23:43:13] PRINT ====> Epoch: 8 Average loss: 145.3656
[2022-10-19 23:43:14] PRINT ====> Test set loss: 146.3281
[2022-10-19 23:43:14] PRINT Train Epoch: 9 [0/60000 (0%)]	Loss: 139.483948
[2022-10-19 23:43:14] PRINT Train Epoch: 9 [1280/60000 (2%)]	Loss: 143.787994
[2022-10-19 23:43:15] PRINT Train Epoch: 9 [2560/60000 (4%)]	Loss: 150.189102
[2022-10-19 23:43:15] PRINT Train Epoch: 9 [3840/60000 (6%)]	Loss: 144.233246
[2022-10-19 23:43:15] PRINT Train Epoch: 9 [5120/60000 (9%)]	Loss: 155.536362
[2022-10-19 23:43:15] PRINT Train Epoch: 9 [6400/60000 (11%)]	Loss: 146.060425
[2022-10-19 23:43:15] PRINT Train Epoch: 9 [7680/60000 (13%)]	Loss: 143.762863
[2022-10-19 23:43:15] PRINT Train Epoch: 9 [8960/60000 (15%)]	Loss: 147.857376
[2022-10-19 23:43:15] PRINT Train Epoch: 9 [10240/60000 (17%)]	Loss: 137.898575
[2022-10-19 23:43:15] PRINT Train Epoch: 9 [11520/60000 (19%)]	Loss: 145.165634
[2022-10-19 23:43:15] PRINT Train Epoch: 9 [12800/60000 (21%)]	Loss: 147.769287
[2022-10-19 23:43:16] PRINT Train Epoch: 9 [14080/60000 (23%)]	Loss: 151.606003
[2022-10-19 23:43:16] PRINT Train Epoch: 9 [15360/60000 (26%)]	Loss: 146.214737
[2022-10-19 23:43:16] PRINT Train Epoch: 9 [16640/60000 (28%)]	Loss: 136.518768
[2022-10-19 23:43:16] PRINT Train Epoch: 9 [17920/60000 (30%)]	Loss: 144.310867
[2022-10-19 23:43:16] PRINT Train Epoch: 9 [19200/60000 (32%)]	Loss: 145.141281
[2022-10-19 23:43:16] PRINT Train Epoch: 9 [20480/60000 (34%)]	Loss: 146.231201
[2022-10-19 23:43:16] PRINT Train Epoch: 9 [21760/60000 (36%)]	Loss: 142.253143
[2022-10-19 23:43:16] PRINT Train Epoch: 9 [23040/60000 (38%)]	Loss: 149.732452
[2022-10-19 23:43:16] PRINT Train Epoch: 9 [24320/60000 (41%)]	Loss: 144.910324
[2022-10-19 23:43:16] PRINT Train Epoch: 9 [25600/60000 (43%)]	Loss: 148.158096
[2022-10-19 23:43:17] PRINT Train Epoch: 9 [26880/60000 (45%)]	Loss: 144.192535
[2022-10-19 23:43:17] PRINT Train Epoch: 9 [28160/60000 (47%)]	Loss: 146.376526
[2022-10-19 23:43:17] PRINT Train Epoch: 9 [29440/60000 (49%)]	Loss: 147.945160
[2022-10-19 23:43:17] PRINT Train Epoch: 9 [30720/60000 (51%)]	Loss: 142.837524
[2022-10-19 23:43:17] PRINT Train Epoch: 9 [32000/60000 (53%)]	Loss: 140.190948
[2022-10-19 23:43:17] PRINT Train Epoch: 9 [33280/60000 (55%)]	Loss: 147.415131
[2022-10-19 23:43:17] PRINT Train Epoch: 9 [34560/60000 (58%)]	Loss: 153.495010
[2022-10-19 23:43:17] PRINT Train Epoch: 9 [35840/60000 (60%)]	Loss: 142.902756
[2022-10-19 23:43:17] PRINT Train Epoch: 9 [37120/60000 (62%)]	Loss: 145.312210
[2022-10-19 23:43:17] PRINT Train Epoch: 9 [38400/60000 (64%)]	Loss: 137.660507
[2022-10-19 23:43:18] PRINT Train Epoch: 9 [39680/60000 (66%)]	Loss: 143.908585
[2022-10-19 23:43:18] PRINT Train Epoch: 9 [40960/60000 (68%)]	Loss: 146.874100
[2022-10-19 23:43:18] PRINT Train Epoch: 9 [42240/60000 (70%)]	Loss: 143.742371
[2022-10-19 23:43:18] PRINT Train Epoch: 9 [43520/60000 (72%)]	Loss: 150.139313
[2022-10-19 23:43:18] PRINT Train Epoch: 9 [44800/60000 (75%)]	Loss: 149.257721
[2022-10-19 23:43:18] PRINT Train Epoch: 9 [46080/60000 (77%)]	Loss: 145.390106
[2022-10-19 23:43:18] PRINT Train Epoch: 9 [47360/60000 (79%)]	Loss: 143.486603
[2022-10-19 23:43:18] PRINT Train Epoch: 9 [48640/60000 (81%)]	Loss: 146.743256
[2022-10-19 23:43:18] PRINT Train Epoch: 9 [49920/60000 (83%)]	Loss: 139.849121
[2022-10-19 23:43:18] PRINT Train Epoch: 9 [51200/60000 (85%)]	Loss: 137.678009
[2022-10-19 23:43:19] PRINT Train Epoch: 9 [52480/60000 (87%)]	Loss: 142.293869
[2022-10-19 23:43:19] PRINT Train Epoch: 9 [53760/60000 (90%)]	Loss: 150.737503
[2022-10-19 23:43:19] PRINT Train Epoch: 9 [55040/60000 (92%)]	Loss: 147.462769
[2022-10-19 23:43:19] PRINT Train Epoch: 9 [56320/60000 (94%)]	Loss: 142.556366
[2022-10-19 23:43:19] PRINT Train Epoch: 9 [57600/60000 (96%)]	Loss: 150.143661
[2022-10-19 23:43:19] PRINT Train Epoch: 9 [58880/60000 (98%)]	Loss: 142.362717
[2022-10-19 23:43:19] PRINT ====> Epoch: 9 Average loss: 145.0273
[2022-10-19 23:43:20] PRINT ====> Test set loss: 144.3173
[2022-10-19 23:43:20] PRINT Train Epoch: 10 [0/60000 (0%)]	Loss: 143.968140
[2022-10-19 23:43:20] PRINT Train Epoch: 10 [1280/60000 (2%)]	Loss: 144.550934
[2022-10-19 23:43:20] PRINT Train Epoch: 10 [2560/60000 (4%)]	Loss: 150.434235
[2022-10-19 23:43:20] PRINT Train Epoch: 10 [3840/60000 (6%)]	Loss: 142.658554
[2022-10-19 23:43:21] PRINT Train Epoch: 10 [5120/60000 (9%)]	Loss: 145.676697
[2022-10-19 23:43:21] PRINT Train Epoch: 10 [6400/60000 (11%)]	Loss: 146.408737
[2022-10-19 23:43:21] PRINT Train Epoch: 10 [7680/60000 (13%)]	Loss: 144.762024
[2022-10-19 23:43:21] PRINT Train Epoch: 10 [8960/60000 (15%)]	Loss: 157.528458
[2022-10-19 23:43:21] PRINT Train Epoch: 10 [10240/60000 (17%)]	Loss: 148.077179
[2022-10-19 23:43:21] PRINT Train Epoch: 10 [11520/60000 (19%)]	Loss: 147.225433
[2022-10-19 23:43:21] PRINT Train Epoch: 10 [12800/60000 (21%)]	Loss: 143.896332
[2022-10-19 23:43:21] PRINT Train Epoch: 10 [14080/60000 (23%)]	Loss: 149.323715
[2022-10-19 23:43:21] PRINT Train Epoch: 10 [15360/60000 (26%)]	Loss: 146.790451
[2022-10-19 23:43:21] PRINT Train Epoch: 10 [16640/60000 (28%)]	Loss: 141.328583
[2022-10-19 23:43:22] PRINT Train Epoch: 10 [17920/60000 (30%)]	Loss: 149.525665
[2022-10-19 23:43:22] PRINT Train Epoch: 10 [19200/60000 (32%)]	Loss: 147.607040
[2022-10-19 23:43:22] PRINT Train Epoch: 10 [20480/60000 (34%)]	Loss: 143.644196
[2022-10-19 23:43:22] PRINT Train Epoch: 10 [21760/60000 (36%)]	Loss: 143.337036
[2022-10-19 23:43:22] PRINT Train Epoch: 10 [23040/60000 (38%)]	Loss: 146.036575
[2022-10-19 23:43:22] PRINT Train Epoch: 10 [24320/60000 (41%)]	Loss: 140.390869
[2022-10-19 23:43:22] PRINT Train Epoch: 10 [25600/60000 (43%)]	Loss: 146.198868
[2022-10-19 23:43:22] PRINT Train Epoch: 10 [26880/60000 (45%)]	Loss: 146.975266
[2022-10-19 23:43:22] PRINT Train Epoch: 10 [28160/60000 (47%)]	Loss: 142.502258
[2022-10-19 23:43:23] PRINT Train Epoch: 10 [29440/60000 (49%)]	Loss: 147.490143
[2022-10-19 23:43:23] PRINT Train Epoch: 10 [30720/60000 (51%)]	Loss: 143.319626
[2022-10-19 23:43:23] PRINT Train Epoch: 10 [32000/60000 (53%)]	Loss: 142.585236
[2022-10-19 23:43:23] PRINT Train Epoch: 10 [33280/60000 (55%)]	Loss: 152.342346
[2022-10-19 23:43:23] PRINT Train Epoch: 10 [34560/60000 (58%)]	Loss: 143.679886
[2022-10-19 23:43:23] PRINT Train Epoch: 10 [35840/60000 (60%)]	Loss: 136.635300
[2022-10-19 23:43:23] PRINT Train Epoch: 10 [37120/60000 (62%)]	Loss: 146.787796
[2022-10-19 23:43:23] PRINT Train Epoch: 10 [38400/60000 (64%)]	Loss: 143.264084
[2022-10-19 23:43:23] PRINT Train Epoch: 10 [39680/60000 (66%)]	Loss: 150.449188
[2022-10-19 23:43:23] PRINT Train Epoch: 10 [40960/60000 (68%)]	Loss: 147.168823
[2022-10-19 23:43:24] PRINT Train Epoch: 10 [42240/60000 (70%)]	Loss: 140.190369
[2022-10-19 23:43:24] PRINT Train Epoch: 10 [43520/60000 (72%)]	Loss: 148.742584
[2022-10-19 23:43:24] PRINT Train Epoch: 10 [44800/60000 (75%)]	Loss: 146.535904
[2022-10-19 23:43:24] PRINT Train Epoch: 10 [46080/60000 (77%)]	Loss: 146.114929
[2022-10-19 23:43:24] PRINT Train Epoch: 10 [47360/60000 (79%)]	Loss: 145.157120
[2022-10-19 23:43:24] PRINT Train Epoch: 10 [48640/60000 (81%)]	Loss: 142.885300
[2022-10-19 23:43:24] PRINT Train Epoch: 10 [49920/60000 (83%)]	Loss: 144.054260
[2022-10-19 23:43:24] PRINT Train Epoch: 10 [51200/60000 (85%)]	Loss: 140.729568
[2022-10-19 23:43:24] PRINT Train Epoch: 10 [52480/60000 (87%)]	Loss: 145.199844
[2022-10-19 23:43:24] PRINT Train Epoch: 10 [53760/60000 (90%)]	Loss: 137.875397
[2022-10-19 23:43:25] PRINT Train Epoch: 10 [55040/60000 (92%)]	Loss: 141.957901
[2022-10-19 23:43:25] PRINT Train Epoch: 10 [56320/60000 (94%)]	Loss: 156.647217
[2022-10-19 23:43:25] PRINT Train Epoch: 10 [57600/60000 (96%)]	Loss: 141.196701
[2022-10-19 23:43:25] PRINT Train Epoch: 10 [58880/60000 (98%)]	Loss: 150.145935
[2022-10-19 23:43:25] PRINT ====> Epoch: 10 Average loss: 145.0926
[2022-10-19 23:43:26] PRINT ====> Test set loss: 144.5833
