[2022-10-20 01:09:19] PRINT {'features1': 600, 'features2': 30, 'lr': 0.04550315270207238, 'epsilon': 1e-06, 'TRIAL_BUDGET': 2}
[2022-10-20 01:09:19] PRINT Using cuda device
[2022-10-20 01:09:20] PRINT Train Epoch: 1 [0/60000 (0%)]	Loss: 547.314331
[2022-10-20 01:09:20] PRINT Train Epoch: 1 [1280/60000 (2%)]	Loss: 267.855438
[2022-10-20 01:09:20] PRINT Train Epoch: 1 [2560/60000 (4%)]	Loss: 233.316071
[2022-10-20 01:09:21] PRINT Train Epoch: 1 [3840/60000 (6%)]	Loss: 225.607956
[2022-10-20 01:09:21] PRINT Train Epoch: 1 [5120/60000 (9%)]	Loss: 220.324997
[2022-10-20 01:09:21] PRINT Train Epoch: 1 [6400/60000 (11%)]	Loss: 212.404785
[2022-10-20 01:09:21] PRINT Train Epoch: 1 [7680/60000 (13%)]	Loss: 220.492767
[2022-10-20 01:09:21] PRINT Train Epoch: 1 [8960/60000 (15%)]	Loss: 212.473389
[2022-10-20 01:09:21] PRINT Train Epoch: 1 [10240/60000 (17%)]	Loss: 220.261414
[2022-10-20 01:09:21] PRINT Train Epoch: 1 [11520/60000 (19%)]	Loss: 217.008469
[2022-10-20 01:09:21] PRINT Train Epoch: 1 [12800/60000 (21%)]	Loss: 214.335739
[2022-10-20 01:09:21] PRINT Train Epoch: 1 [14080/60000 (23%)]	Loss: 211.981323
[2022-10-20 01:09:21] PRINT Train Epoch: 1 [15360/60000 (26%)]	Loss: 207.844254
[2022-10-20 01:09:21] PRINT Train Epoch: 1 [16640/60000 (28%)]	Loss: 219.723312
[2022-10-20 01:09:21] PRINT Train Epoch: 1 [17920/60000 (30%)]	Loss: 212.654785
[2022-10-20 01:09:21] PRINT Train Epoch: 1 [19200/60000 (32%)]	Loss: 214.714722
[2022-10-20 01:09:22] PRINT Train Epoch: 1 [20480/60000 (34%)]	Loss: 221.648300
[2022-10-20 01:09:22] PRINT Train Epoch: 1 [21760/60000 (36%)]	Loss: 207.344696
[2022-10-20 01:09:22] PRINT Train Epoch: 1 [23040/60000 (38%)]	Loss: 211.613159
[2022-10-20 01:09:22] PRINT Train Epoch: 1 [24320/60000 (41%)]	Loss: 210.186081
[2022-10-20 01:09:22] PRINT Train Epoch: 1 [25600/60000 (43%)]	Loss: 219.532181
[2022-10-20 01:09:22] PRINT Train Epoch: 1 [26880/60000 (45%)]	Loss: 206.674683
[2022-10-20 01:09:22] PRINT Train Epoch: 1 [28160/60000 (47%)]	Loss: 212.712601
[2022-10-20 01:09:22] PRINT Train Epoch: 1 [29440/60000 (49%)]	Loss: 202.648727
[2022-10-20 01:09:22] PRINT Train Epoch: 1 [30720/60000 (51%)]	Loss: 214.419937
[2022-10-20 01:09:22] PRINT Train Epoch: 1 [32000/60000 (53%)]	Loss: 210.775116
[2022-10-20 01:09:22] PRINT Train Epoch: 1 [33280/60000 (55%)]	Loss: 218.817902
[2022-10-20 01:09:22] PRINT Train Epoch: 1 [34560/60000 (58%)]	Loss: 210.431458
[2022-10-20 01:09:23] PRINT Train Epoch: 1 [35840/60000 (60%)]	Loss: 205.849854
[2022-10-20 01:09:23] PRINT Train Epoch: 1 [37120/60000 (62%)]	Loss: 203.532242
[2022-10-20 01:09:23] PRINT Train Epoch: 1 [38400/60000 (64%)]	Loss: 209.745361
[2022-10-20 01:09:23] PRINT Train Epoch: 1 [39680/60000 (66%)]	Loss: 212.763962
[2022-10-20 01:09:23] PRINT Train Epoch: 1 [40960/60000 (68%)]	Loss: 207.491974
[2022-10-20 01:09:23] PRINT Train Epoch: 1 [42240/60000 (70%)]	Loss: 212.848526
[2022-10-20 01:09:23] PRINT Train Epoch: 1 [43520/60000 (72%)]	Loss: 216.948914
[2022-10-20 01:09:23] PRINT Train Epoch: 1 [44800/60000 (75%)]	Loss: 213.718109
[2022-10-20 01:09:23] PRINT Train Epoch: 1 [46080/60000 (77%)]	Loss: 210.214432
[2022-10-20 01:09:23] PRINT Train Epoch: 1 [47360/60000 (79%)]	Loss: 206.413757
[2022-10-20 01:09:23] PRINT Train Epoch: 1 [48640/60000 (81%)]	Loss: 216.571945
[2022-10-20 01:09:23] PRINT Train Epoch: 1 [49920/60000 (83%)]	Loss: 214.698242
[2022-10-20 01:09:23] PRINT Train Epoch: 1 [51200/60000 (85%)]	Loss: 205.377899
[2022-10-20 01:09:24] PRINT Train Epoch: 1 [52480/60000 (87%)]	Loss: 217.046951
[2022-10-20 01:09:24] PRINT Train Epoch: 1 [53760/60000 (90%)]	Loss: 210.911346
[2022-10-20 01:09:24] PRINT Train Epoch: 1 [55040/60000 (92%)]	Loss: 204.267090
[2022-10-20 01:09:24] PRINT Train Epoch: 1 [56320/60000 (94%)]	Loss: 204.749603
[2022-10-20 01:09:24] PRINT Train Epoch: 1 [57600/60000 (96%)]	Loss: 210.246811
[2022-10-20 01:09:24] PRINT Train Epoch: 1 [58880/60000 (98%)]	Loss: 205.946655
[2022-10-20 01:09:24] PRINT ====> Epoch: 1 Average loss: 314.8333
[2022-10-20 01:09:25] PRINT ====> Test set loss: 209.0683
[2022-10-20 01:09:25] PRINT Train Epoch: 2 [0/60000 (0%)]	Loss: 206.604782
[2022-10-20 01:09:25] PRINT Train Epoch: 2 [1280/60000 (2%)]	Loss: 206.087540
[2022-10-20 01:09:25] PRINT Train Epoch: 2 [2560/60000 (4%)]	Loss: 207.420761
[2022-10-20 01:09:25] PRINT Train Epoch: 2 [3840/60000 (6%)]	Loss: 214.119751
[2022-10-20 01:09:25] PRINT Train Epoch: 2 [5120/60000 (9%)]	Loss: 209.840729
[2022-10-20 01:09:25] PRINT Train Epoch: 2 [6400/60000 (11%)]	Loss: 211.747330
[2022-10-20 01:09:25] PRINT Train Epoch: 2 [7680/60000 (13%)]	Loss: 204.561584
[2022-10-20 01:09:25] PRINT Train Epoch: 2 [8960/60000 (15%)]	Loss: 208.762238
[2022-10-20 01:09:25] PRINT Train Epoch: 2 [10240/60000 (17%)]	Loss: 209.686935
[2022-10-20 01:09:26] PRINT Train Epoch: 2 [11520/60000 (19%)]	Loss: 208.209229
[2022-10-20 01:09:26] PRINT Train Epoch: 2 [12800/60000 (21%)]	Loss: 215.757828
[2022-10-20 01:09:26] PRINT Train Epoch: 2 [14080/60000 (23%)]	Loss: 202.954651
[2022-10-20 01:09:26] PRINT Train Epoch: 2 [15360/60000 (26%)]	Loss: 207.707199
[2022-10-20 01:09:26] PRINT Train Epoch: 2 [16640/60000 (28%)]	Loss: 208.779358
[2022-10-20 01:09:26] PRINT Train Epoch: 2 [17920/60000 (30%)]	Loss: 201.058624
[2022-10-20 01:09:26] PRINT Train Epoch: 2 [19200/60000 (32%)]	Loss: 208.152313
[2022-10-20 01:09:26] PRINT Train Epoch: 2 [20480/60000 (34%)]	Loss: 210.230453
[2022-10-20 01:09:26] PRINT Train Epoch: 2 [21760/60000 (36%)]	Loss: 210.938049
[2022-10-20 01:09:26] PRINT Train Epoch: 2 [23040/60000 (38%)]	Loss: 209.313095
[2022-10-20 01:09:26] PRINT Train Epoch: 2 [24320/60000 (41%)]	Loss: 208.123581
[2022-10-20 01:09:27] PRINT Train Epoch: 2 [25600/60000 (43%)]	Loss: 206.889893
[2022-10-20 01:09:27] PRINT Train Epoch: 2 [26880/60000 (45%)]	Loss: 207.811615
[2022-10-20 01:09:27] PRINT Train Epoch: 2 [28160/60000 (47%)]	Loss: 210.848068
[2022-10-20 01:09:27] PRINT Train Epoch: 2 [29440/60000 (49%)]	Loss: 210.383942
[2022-10-20 01:09:27] PRINT Train Epoch: 2 [30720/60000 (51%)]	Loss: 209.474396
[2022-10-20 01:09:27] PRINT Train Epoch: 2 [32000/60000 (53%)]	Loss: 206.098221
[2022-10-20 01:09:27] PRINT Train Epoch: 2 [33280/60000 (55%)]	Loss: 207.982697
[2022-10-20 01:09:27] PRINT Train Epoch: 2 [34560/60000 (58%)]	Loss: 204.586273
[2022-10-20 01:09:27] PRINT Train Epoch: 2 [35840/60000 (60%)]	Loss: 207.641403
[2022-10-20 01:09:27] PRINT Train Epoch: 2 [37120/60000 (62%)]	Loss: 208.742950
[2022-10-20 01:09:27] PRINT Train Epoch: 2 [38400/60000 (64%)]	Loss: 214.083939
[2022-10-20 01:09:28] PRINT Train Epoch: 2 [39680/60000 (66%)]	Loss: 210.337509
[2022-10-20 01:09:28] PRINT Train Epoch: 2 [40960/60000 (68%)]	Loss: 207.604065
[2022-10-20 01:09:28] PRINT Train Epoch: 2 [42240/60000 (70%)]	Loss: 214.369568
[2022-10-20 01:09:28] PRINT Train Epoch: 2 [43520/60000 (72%)]	Loss: 207.016769
[2022-10-20 01:09:28] PRINT Train Epoch: 2 [44800/60000 (75%)]	Loss: 214.716751
[2022-10-20 01:09:28] PRINT Train Epoch: 2 [46080/60000 (77%)]	Loss: 208.673782
[2022-10-20 01:09:28] PRINT Train Epoch: 2 [47360/60000 (79%)]	Loss: 211.006866
[2022-10-20 01:09:28] PRINT Train Epoch: 2 [48640/60000 (81%)]	Loss: 206.748306
[2022-10-20 01:09:28] PRINT Train Epoch: 2 [49920/60000 (83%)]	Loss: 207.237030
[2022-10-20 01:09:28] PRINT Train Epoch: 2 [51200/60000 (85%)]	Loss: 198.955627
[2022-10-20 01:09:28] PRINT Train Epoch: 2 [52480/60000 (87%)]	Loss: 209.108337
[2022-10-20 01:09:29] PRINT Train Epoch: 2 [53760/60000 (90%)]	Loss: 211.204285
[2022-10-20 01:09:29] PRINT Train Epoch: 2 [55040/60000 (92%)]	Loss: 208.933456
[2022-10-20 01:09:29] PRINT Train Epoch: 2 [56320/60000 (94%)]	Loss: 212.084854
[2022-10-20 01:09:29] PRINT Train Epoch: 2 [57600/60000 (96%)]	Loss: 209.670395
[2022-10-20 01:09:29] PRINT Train Epoch: 2 [58880/60000 (98%)]	Loss: 211.738586
[2022-10-20 01:09:29] PRINT ====> Epoch: 2 Average loss: 208.7999
[2022-10-20 01:09:30] PRINT ====> Test set loss: 208.0152
[2022-10-20 01:09:30] PRINT Train Epoch: 3 [0/60000 (0%)]	Loss: 205.627518
[2022-10-20 01:09:30] PRINT Train Epoch: 3 [1280/60000 (2%)]	Loss: 202.034409
[2022-10-20 01:09:30] PRINT Train Epoch: 3 [2560/60000 (4%)]	Loss: 208.332718
[2022-10-20 01:09:30] PRINT Train Epoch: 3 [3840/60000 (6%)]	Loss: 207.564209
[2022-10-20 01:09:30] PRINT Train Epoch: 3 [5120/60000 (9%)]	Loss: 209.912140
[2022-10-20 01:09:30] PRINT Train Epoch: 3 [6400/60000 (11%)]	Loss: 211.497162
[2022-10-20 01:09:30] PRINT Train Epoch: 3 [7680/60000 (13%)]	Loss: 204.377106
[2022-10-20 01:09:30] PRINT Train Epoch: 3 [8960/60000 (15%)]	Loss: 212.002869
[2022-10-20 01:09:30] PRINT Train Epoch: 3 [10240/60000 (17%)]	Loss: 206.636185
[2022-10-20 01:09:30] PRINT Train Epoch: 3 [11520/60000 (19%)]	Loss: 211.792221
[2022-10-20 01:09:31] PRINT Train Epoch: 3 [12800/60000 (21%)]	Loss: 209.429291
[2022-10-20 01:09:31] PRINT Train Epoch: 3 [14080/60000 (23%)]	Loss: 205.685181
[2022-10-20 01:09:31] PRINT Train Epoch: 3 [15360/60000 (26%)]	Loss: 208.660965
[2022-10-20 01:09:31] PRINT Train Epoch: 3 [16640/60000 (28%)]	Loss: 198.184601
[2022-10-20 01:09:31] PRINT Train Epoch: 3 [17920/60000 (30%)]	Loss: 197.768799
[2022-10-20 01:09:31] PRINT Train Epoch: 3 [19200/60000 (32%)]	Loss: 208.859421
[2022-10-20 01:09:31] PRINT Train Epoch: 3 [20480/60000 (34%)]	Loss: 210.312637
[2022-10-20 01:09:31] PRINT Train Epoch: 3 [21760/60000 (36%)]	Loss: 204.845642
[2022-10-20 01:09:31] PRINT Train Epoch: 3 [23040/60000 (38%)]	Loss: 205.822968
[2022-10-20 01:09:31] PRINT Train Epoch: 3 [24320/60000 (41%)]	Loss: 209.084930
[2022-10-20 01:09:31] PRINT Train Epoch: 3 [25600/60000 (43%)]	Loss: 213.161316
[2022-10-20 01:09:32] PRINT Train Epoch: 3 [26880/60000 (45%)]	Loss: 207.905716
[2022-10-20 01:09:32] PRINT Train Epoch: 3 [28160/60000 (47%)]	Loss: 203.929337
[2022-10-20 01:09:32] PRINT Train Epoch: 3 [29440/60000 (49%)]	Loss: 203.353348
[2022-10-20 01:09:32] PRINT Train Epoch: 3 [30720/60000 (51%)]	Loss: 209.010986
[2022-10-20 01:09:32] PRINT Train Epoch: 3 [32000/60000 (53%)]	Loss: 204.065033
[2022-10-20 01:09:32] PRINT Train Epoch: 3 [33280/60000 (55%)]	Loss: 205.781830
[2022-10-20 01:09:32] PRINT Train Epoch: 3 [34560/60000 (58%)]	Loss: 208.567993
[2022-10-20 01:09:32] PRINT Train Epoch: 3 [35840/60000 (60%)]	Loss: 209.167618
[2022-10-20 01:09:32] PRINT Train Epoch: 3 [37120/60000 (62%)]	Loss: 210.584930
[2022-10-20 01:09:32] PRINT Train Epoch: 3 [38400/60000 (64%)]	Loss: 202.720459
[2022-10-20 01:09:32] PRINT Train Epoch: 3 [39680/60000 (66%)]	Loss: 198.216812
[2022-10-20 01:09:32] PRINT Train Epoch: 3 [40960/60000 (68%)]	Loss: 205.056519
[2022-10-20 01:09:33] PRINT Train Epoch: 3 [42240/60000 (70%)]	Loss: 205.573914
[2022-10-20 01:09:33] PRINT Train Epoch: 3 [43520/60000 (72%)]	Loss: 203.305420
[2022-10-20 01:09:33] PRINT Train Epoch: 3 [44800/60000 (75%)]	Loss: 202.948730
[2022-10-20 01:09:33] PRINT Train Epoch: 3 [46080/60000 (77%)]	Loss: 203.613190
[2022-10-20 01:09:33] PRINT Train Epoch: 3 [47360/60000 (79%)]	Loss: 208.315552
[2022-10-20 01:09:33] PRINT Train Epoch: 3 [48640/60000 (81%)]	Loss: 202.480392
[2022-10-20 01:09:33] PRINT Train Epoch: 3 [49920/60000 (83%)]	Loss: 208.407043
[2022-10-20 01:09:33] PRINT Train Epoch: 3 [51200/60000 (85%)]	Loss: 212.500244
[2022-10-20 01:09:33] PRINT Train Epoch: 3 [52480/60000 (87%)]	Loss: 209.645645
[2022-10-20 01:09:33] PRINT Train Epoch: 3 [53760/60000 (90%)]	Loss: 203.812057
[2022-10-20 01:09:33] PRINT Train Epoch: 3 [55040/60000 (92%)]	Loss: 213.055847
[2022-10-20 01:09:33] PRINT Train Epoch: 3 [56320/60000 (94%)]	Loss: 208.627762
[2022-10-20 01:09:34] PRINT Train Epoch: 3 [57600/60000 (96%)]	Loss: 203.257858
[2022-10-20 01:09:34] PRINT Train Epoch: 3 [58880/60000 (98%)]	Loss: 211.174454
[2022-10-20 01:09:34] PRINT ====> Epoch: 3 Average loss: 208.1556
[2022-10-20 01:09:34] PRINT ====> Test set loss: 207.9971
[2022-10-20 01:09:34] PRINT Train Epoch: 4 [0/60000 (0%)]	Loss: 207.755768
[2022-10-20 01:09:35] PRINT Train Epoch: 4 [1280/60000 (2%)]	Loss: 206.730469
[2022-10-20 01:09:35] PRINT Train Epoch: 4 [2560/60000 (4%)]	Loss: 211.608505
[2022-10-20 01:09:35] PRINT Train Epoch: 4 [3840/60000 (6%)]	Loss: 211.678375
[2022-10-20 01:09:35] PRINT Train Epoch: 4 [5120/60000 (9%)]	Loss: 206.060440
[2022-10-20 01:09:35] PRINT Train Epoch: 4 [6400/60000 (11%)]	Loss: 196.935593
[2022-10-20 01:09:35] PRINT Train Epoch: 4 [7680/60000 (13%)]	Loss: 209.058624
[2022-10-20 01:09:35] PRINT Train Epoch: 4 [8960/60000 (15%)]	Loss: 198.962524
[2022-10-20 01:09:35] PRINT Train Epoch: 4 [10240/60000 (17%)]	Loss: 202.405670
[2022-10-20 01:09:35] PRINT Train Epoch: 4 [11520/60000 (19%)]	Loss: 214.566132
[2022-10-20 01:09:35] PRINT Train Epoch: 4 [12800/60000 (21%)]	Loss: 211.059036
[2022-10-20 01:09:35] PRINT Train Epoch: 4 [14080/60000 (23%)]	Loss: 212.068161
[2022-10-20 01:09:36] PRINT Train Epoch: 4 [15360/60000 (26%)]	Loss: 215.807266
[2022-10-20 01:09:36] PRINT Train Epoch: 4 [16640/60000 (28%)]	Loss: 213.505875
[2022-10-20 01:09:36] PRINT Train Epoch: 4 [17920/60000 (30%)]	Loss: 203.859482
[2022-10-20 01:09:36] PRINT Train Epoch: 4 [19200/60000 (32%)]	Loss: 220.557709
[2022-10-20 01:09:36] PRINT Train Epoch: 4 [20480/60000 (34%)]	Loss: 208.402191
[2022-10-20 01:09:36] PRINT Train Epoch: 4 [21760/60000 (36%)]	Loss: 208.247498
[2022-10-20 01:09:36] PRINT Train Epoch: 4 [23040/60000 (38%)]	Loss: 212.258316
[2022-10-20 01:09:36] PRINT Train Epoch: 4 [24320/60000 (41%)]	Loss: 204.650513
[2022-10-20 01:09:36] PRINT Train Epoch: 4 [25600/60000 (43%)]	Loss: 206.229401
[2022-10-20 01:09:36] PRINT Train Epoch: 4 [26880/60000 (45%)]	Loss: 202.724152
[2022-10-20 01:09:36] PRINT Train Epoch: 4 [28160/60000 (47%)]	Loss: 208.972031
[2022-10-20 01:09:36] PRINT Train Epoch: 4 [29440/60000 (49%)]	Loss: 202.815567
[2022-10-20 01:09:37] PRINT Train Epoch: 4 [30720/60000 (51%)]	Loss: 208.448792
[2022-10-20 01:09:37] PRINT Train Epoch: 4 [32000/60000 (53%)]	Loss: 212.564957
[2022-10-20 01:09:37] PRINT Train Epoch: 4 [33280/60000 (55%)]	Loss: 213.502441
[2022-10-20 01:09:37] PRINT Train Epoch: 4 [34560/60000 (58%)]	Loss: 208.756149
[2022-10-20 01:09:37] PRINT Train Epoch: 4 [35840/60000 (60%)]	Loss: 205.064056
[2022-10-20 01:09:37] PRINT Train Epoch: 4 [37120/60000 (62%)]	Loss: 210.230255
[2022-10-20 01:09:37] PRINT Train Epoch: 4 [38400/60000 (64%)]	Loss: 212.355804
[2022-10-20 01:09:37] PRINT Train Epoch: 4 [39680/60000 (66%)]	Loss: 207.315475
[2022-10-20 01:09:37] PRINT Train Epoch: 4 [40960/60000 (68%)]	Loss: 209.355042
[2022-10-20 01:09:37] PRINT Train Epoch: 4 [42240/60000 (70%)]	Loss: 208.754807
[2022-10-20 01:09:37] PRINT Train Epoch: 4 [43520/60000 (72%)]	Loss: 208.360001
[2022-10-20 01:09:38] PRINT Train Epoch: 4 [44800/60000 (75%)]	Loss: 204.891815
[2022-10-20 01:09:38] PRINT Train Epoch: 4 [46080/60000 (77%)]	Loss: 205.647858
[2022-10-20 01:09:38] PRINT Train Epoch: 4 [47360/60000 (79%)]	Loss: 210.474182
[2022-10-20 01:09:38] PRINT Train Epoch: 4 [48640/60000 (81%)]	Loss: 208.561081
[2022-10-20 01:09:38] PRINT Train Epoch: 4 [49920/60000 (83%)]	Loss: 212.024109
[2022-10-20 01:09:38] PRINT Train Epoch: 4 [51200/60000 (85%)]	Loss: 203.894257
[2022-10-20 01:09:38] PRINT Train Epoch: 4 [52480/60000 (87%)]	Loss: 202.071243
[2022-10-20 01:09:38] PRINT Train Epoch: 4 [53760/60000 (90%)]	Loss: 212.548630
[2022-10-20 01:09:38] PRINT Train Epoch: 4 [55040/60000 (92%)]	Loss: 206.106293
[2022-10-20 01:09:38] PRINT Train Epoch: 4 [56320/60000 (94%)]	Loss: 211.169754
[2022-10-20 01:09:38] PRINT Train Epoch: 4 [57600/60000 (96%)]	Loss: 205.832184
[2022-10-20 01:09:39] PRINT Train Epoch: 4 [58880/60000 (98%)]	Loss: 209.145416
[2022-10-20 01:09:39] PRINT ====> Epoch: 4 Average loss: 207.9343
[2022-10-20 01:09:39] PRINT ====> Test set loss: 207.9675
[2022-10-20 01:09:39] PRINT Train Epoch: 5 [0/60000 (0%)]	Loss: 199.384109
[2022-10-20 01:09:39] PRINT Train Epoch: 5 [1280/60000 (2%)]	Loss: 207.868881
[2022-10-20 01:09:40] PRINT Train Epoch: 5 [2560/60000 (4%)]	Loss: 213.315247
[2022-10-20 01:09:40] PRINT Train Epoch: 5 [3840/60000 (6%)]	Loss: 201.456970
[2022-10-20 01:09:40] PRINT Train Epoch: 5 [5120/60000 (9%)]	Loss: 204.953339
[2022-10-20 01:09:40] PRINT Train Epoch: 5 [6400/60000 (11%)]	Loss: 204.674194
[2022-10-20 01:09:40] PRINT Train Epoch: 5 [7680/60000 (13%)]	Loss: 204.550354
[2022-10-20 01:09:40] PRINT Train Epoch: 5 [8960/60000 (15%)]	Loss: 205.345291
[2022-10-20 01:09:40] PRINT Train Epoch: 5 [10240/60000 (17%)]	Loss: 209.162186
[2022-10-20 01:09:40] PRINT Train Epoch: 5 [11520/60000 (19%)]	Loss: 214.701355
[2022-10-20 01:09:40] PRINT Train Epoch: 5 [12800/60000 (21%)]	Loss: 210.775726
[2022-10-20 01:09:40] PRINT Train Epoch: 5 [14080/60000 (23%)]	Loss: 203.039352
[2022-10-20 01:09:40] PRINT Train Epoch: 5 [15360/60000 (26%)]	Loss: 202.387955
[2022-10-20 01:09:40] PRINT Train Epoch: 5 [16640/60000 (28%)]	Loss: 202.302643
[2022-10-20 01:09:41] PRINT Train Epoch: 5 [17920/60000 (30%)]	Loss: 202.429810
[2022-10-20 01:09:41] PRINT Train Epoch: 5 [19200/60000 (32%)]	Loss: 201.010315
[2022-10-20 01:09:41] PRINT Train Epoch: 5 [20480/60000 (34%)]	Loss: 216.364288
[2022-10-20 01:09:41] PRINT Train Epoch: 5 [21760/60000 (36%)]	Loss: 204.594177
[2022-10-20 01:09:41] PRINT Train Epoch: 5 [23040/60000 (38%)]	Loss: 212.740219
[2022-10-20 01:09:41] PRINT Train Epoch: 5 [24320/60000 (41%)]	Loss: 204.374695
[2022-10-20 01:09:41] PRINT Train Epoch: 5 [25600/60000 (43%)]	Loss: 208.836090
[2022-10-20 01:09:41] PRINT Train Epoch: 5 [26880/60000 (45%)]	Loss: 209.668854
[2022-10-20 01:09:41] PRINT Train Epoch: 5 [28160/60000 (47%)]	Loss: 209.100510
[2022-10-20 01:09:41] PRINT Train Epoch: 5 [29440/60000 (49%)]	Loss: 203.473389
[2022-10-20 01:09:41] PRINT Train Epoch: 5 [30720/60000 (51%)]	Loss: 199.981155
[2022-10-20 01:09:42] PRINT Train Epoch: 5 [32000/60000 (53%)]	Loss: 217.015884
[2022-10-20 01:09:42] PRINT Train Epoch: 5 [33280/60000 (55%)]	Loss: 213.391296
[2022-10-20 01:09:42] PRINT Train Epoch: 5 [34560/60000 (58%)]	Loss: 208.067245
[2022-10-20 01:09:42] PRINT Train Epoch: 5 [35840/60000 (60%)]	Loss: 207.288803
[2022-10-20 01:09:42] PRINT Train Epoch: 5 [37120/60000 (62%)]	Loss: 215.616486
[2022-10-20 01:09:42] PRINT Train Epoch: 5 [38400/60000 (64%)]	Loss: 206.451172
[2022-10-20 01:09:42] PRINT Train Epoch: 5 [39680/60000 (66%)]	Loss: 202.631104
[2022-10-20 01:09:42] PRINT Train Epoch: 5 [40960/60000 (68%)]	Loss: 206.889755
[2022-10-20 01:09:42] PRINT Train Epoch: 5 [42240/60000 (70%)]	Loss: 212.970596
[2022-10-20 01:09:42] PRINT Train Epoch: 5 [43520/60000 (72%)]	Loss: 205.387344
[2022-10-20 01:09:42] PRINT Train Epoch: 5 [44800/60000 (75%)]	Loss: 211.075943
[2022-10-20 01:09:42] PRINT Train Epoch: 5 [46080/60000 (77%)]	Loss: 212.739777
[2022-10-20 01:09:43] PRINT Train Epoch: 5 [47360/60000 (79%)]	Loss: 213.080887
[2022-10-20 01:09:43] PRINT Train Epoch: 5 [48640/60000 (81%)]	Loss: 199.241074
[2022-10-20 01:09:43] PRINT Train Epoch: 5 [49920/60000 (83%)]	Loss: 209.390213
[2022-10-20 01:09:43] PRINT Train Epoch: 5 [51200/60000 (85%)]	Loss: 211.726151
[2022-10-20 01:09:43] PRINT Train Epoch: 5 [52480/60000 (87%)]	Loss: 212.938019
[2022-10-20 01:09:43] PRINT Train Epoch: 5 [53760/60000 (90%)]	Loss: 210.861862
[2022-10-20 01:09:43] PRINT Train Epoch: 5 [55040/60000 (92%)]	Loss: 216.330490
[2022-10-20 01:09:43] PRINT Train Epoch: 5 [56320/60000 (94%)]	Loss: 202.123779
[2022-10-20 01:09:43] PRINT Train Epoch: 5 [57600/60000 (96%)]	Loss: 212.798019
[2022-10-20 01:09:43] PRINT Train Epoch: 5 [58880/60000 (98%)]	Loss: 209.301422
[2022-10-20 01:09:43] PRINT ====> Epoch: 5 Average loss: 207.9642
[2022-10-20 01:09:44] PRINT ====> Test set loss: 207.6442
[2022-10-20 01:09:44] PRINT Train Epoch: 6 [0/60000 (0%)]	Loss: 206.578476
[2022-10-20 01:09:44] PRINT Train Epoch: 6 [1280/60000 (2%)]	Loss: 208.024887
[2022-10-20 01:09:44] PRINT Train Epoch: 6 [2560/60000 (4%)]	Loss: 205.535660
[2022-10-20 01:09:44] PRINT Train Epoch: 6 [3840/60000 (6%)]	Loss: 203.003815
[2022-10-20 01:09:45] PRINT Train Epoch: 6 [5120/60000 (9%)]	Loss: 198.086380
[2022-10-20 01:09:45] PRINT Train Epoch: 6 [6400/60000 (11%)]	Loss: 208.800537
[2022-10-20 01:09:45] PRINT Train Epoch: 6 [7680/60000 (13%)]	Loss: 209.197998
[2022-10-20 01:09:45] PRINT Train Epoch: 6 [8960/60000 (15%)]	Loss: 202.365158
[2022-10-20 01:09:45] PRINT Train Epoch: 6 [10240/60000 (17%)]	Loss: 211.625504
[2022-10-20 01:09:45] PRINT Train Epoch: 6 [11520/60000 (19%)]	Loss: 205.949310
[2022-10-20 01:09:45] PRINT Train Epoch: 6 [12800/60000 (21%)]	Loss: 209.175354
[2022-10-20 01:09:45] PRINT Train Epoch: 6 [14080/60000 (23%)]	Loss: 204.271484
[2022-10-20 01:09:45] PRINT Train Epoch: 6 [15360/60000 (26%)]	Loss: 213.111938
[2022-10-20 01:09:45] PRINT Train Epoch: 6 [16640/60000 (28%)]	Loss: 209.660782
[2022-10-20 01:09:45] PRINT Train Epoch: 6 [17920/60000 (30%)]	Loss: 202.156693
[2022-10-20 01:09:45] PRINT Train Epoch: 6 [19200/60000 (32%)]	Loss: 214.993454
[2022-10-20 01:09:46] PRINT Train Epoch: 6 [20480/60000 (34%)]	Loss: 207.601593
[2022-10-20 01:09:46] PRINT Train Epoch: 6 [21760/60000 (36%)]	Loss: 210.105072
[2022-10-20 01:09:46] PRINT Train Epoch: 6 [23040/60000 (38%)]	Loss: 203.718613
[2022-10-20 01:09:46] PRINT Train Epoch: 6 [24320/60000 (41%)]	Loss: 213.821823
[2022-10-20 01:09:46] PRINT Train Epoch: 6 [25600/60000 (43%)]	Loss: 211.843796
[2022-10-20 01:09:46] PRINT Train Epoch: 6 [26880/60000 (45%)]	Loss: 204.390869
[2022-10-20 01:09:46] PRINT Train Epoch: 6 [28160/60000 (47%)]	Loss: 203.068771
[2022-10-20 01:09:46] PRINT Train Epoch: 6 [29440/60000 (49%)]	Loss: 203.910217
[2022-10-20 01:09:46] PRINT Train Epoch: 6 [30720/60000 (51%)]	Loss: 206.943634
[2022-10-20 01:09:46] PRINT Train Epoch: 6 [32000/60000 (53%)]	Loss: 208.342819
[2022-10-20 01:09:46] PRINT Train Epoch: 6 [33280/60000 (55%)]	Loss: 205.614761
[2022-10-20 01:09:47] PRINT Train Epoch: 6 [34560/60000 (58%)]	Loss: 211.040253
[2022-10-20 01:09:47] PRINT Train Epoch: 6 [35840/60000 (60%)]	Loss: 206.836975
[2022-10-20 01:09:47] PRINT Train Epoch: 6 [37120/60000 (62%)]	Loss: 209.291351
[2022-10-20 01:09:47] PRINT Train Epoch: 6 [38400/60000 (64%)]	Loss: 201.555450
[2022-10-20 01:09:47] PRINT Train Epoch: 6 [39680/60000 (66%)]	Loss: 202.454208
[2022-10-20 01:09:47] PRINT Train Epoch: 6 [40960/60000 (68%)]	Loss: 204.422928
[2022-10-20 01:09:47] PRINT Train Epoch: 6 [42240/60000 (70%)]	Loss: 207.418808
[2022-10-20 01:09:47] PRINT Train Epoch: 6 [43520/60000 (72%)]	Loss: 214.691559
[2022-10-20 01:09:47] PRINT Train Epoch: 6 [44800/60000 (75%)]	Loss: 204.545441
[2022-10-20 01:09:47] PRINT Train Epoch: 6 [46080/60000 (77%)]	Loss: 211.956909
[2022-10-20 01:09:47] PRINT Train Epoch: 6 [47360/60000 (79%)]	Loss: 206.015976
[2022-10-20 01:09:47] PRINT Train Epoch: 6 [48640/60000 (81%)]	Loss: 213.027847
[2022-10-20 01:09:48] PRINT Train Epoch: 6 [49920/60000 (83%)]	Loss: 209.787842
[2022-10-20 01:09:48] PRINT Train Epoch: 6 [51200/60000 (85%)]	Loss: 210.318283
[2022-10-20 01:09:48] PRINT Train Epoch: 6 [52480/60000 (87%)]	Loss: 209.291931
[2022-10-20 01:09:48] PRINT Train Epoch: 6 [53760/60000 (90%)]	Loss: 205.786224
[2022-10-20 01:09:48] PRINT Train Epoch: 6 [55040/60000 (92%)]	Loss: 212.689468
[2022-10-20 01:09:48] PRINT Train Epoch: 6 [56320/60000 (94%)]	Loss: 210.286270
[2022-10-20 01:09:48] PRINT Train Epoch: 6 [57600/60000 (96%)]	Loss: 206.442932
[2022-10-20 01:09:48] PRINT Train Epoch: 6 [58880/60000 (98%)]	Loss: 206.993195
[2022-10-20 01:09:48] PRINT ====> Epoch: 6 Average loss: 208.0836
[2022-10-20 01:09:49] PRINT ====> Test set loss: 207.8145
[2022-10-20 01:09:49] PRINT Train Epoch: 7 [0/60000 (0%)]	Loss: 206.586929
[2022-10-20 01:09:49] PRINT Train Epoch: 7 [1280/60000 (2%)]	Loss: 210.499466
[2022-10-20 01:09:49] PRINT Train Epoch: 7 [2560/60000 (4%)]	Loss: 209.977127
[2022-10-20 01:09:49] PRINT Train Epoch: 7 [3840/60000 (6%)]	Loss: 205.086548
[2022-10-20 01:09:49] PRINT Train Epoch: 7 [5120/60000 (9%)]	Loss: 208.205765
[2022-10-20 01:09:49] PRINT Train Epoch: 7 [6400/60000 (11%)]	Loss: 209.287903
[2022-10-20 01:09:50] PRINT Train Epoch: 7 [7680/60000 (13%)]	Loss: 208.756836
[2022-10-20 01:09:50] PRINT Train Epoch: 7 [8960/60000 (15%)]	Loss: 199.609650
[2022-10-20 01:09:50] PRINT Train Epoch: 7 [10240/60000 (17%)]	Loss: 212.927734
[2022-10-20 01:09:50] PRINT Train Epoch: 7 [11520/60000 (19%)]	Loss: 209.449951
[2022-10-20 01:09:50] PRINT Train Epoch: 7 [12800/60000 (21%)]	Loss: 213.550018
[2022-10-20 01:09:50] PRINT Train Epoch: 7 [14080/60000 (23%)]	Loss: 205.578598
[2022-10-20 01:09:50] PRINT Train Epoch: 7 [15360/60000 (26%)]	Loss: 211.168076
[2022-10-20 01:09:50] PRINT Train Epoch: 7 [16640/60000 (28%)]	Loss: 210.892593
[2022-10-20 01:09:50] PRINT Train Epoch: 7 [17920/60000 (30%)]	Loss: 210.929947
[2022-10-20 01:09:50] PRINT Train Epoch: 7 [19200/60000 (32%)]	Loss: 209.110153
[2022-10-20 01:09:50] PRINT Train Epoch: 7 [20480/60000 (34%)]	Loss: 205.431000
[2022-10-20 01:09:51] PRINT Train Epoch: 7 [21760/60000 (36%)]	Loss: 206.505844
[2022-10-20 01:09:51] PRINT Train Epoch: 7 [23040/60000 (38%)]	Loss: 211.916275
[2022-10-20 01:09:51] PRINT Train Epoch: 7 [24320/60000 (41%)]	Loss: 204.538177
[2022-10-20 01:09:51] PRINT Train Epoch: 7 [25600/60000 (43%)]	Loss: 201.215256
[2022-10-20 01:09:51] PRINT Train Epoch: 7 [26880/60000 (45%)]	Loss: 210.235397
[2022-10-20 01:09:51] PRINT Train Epoch: 7 [28160/60000 (47%)]	Loss: 214.340179
[2022-10-20 01:09:51] PRINT Train Epoch: 7 [29440/60000 (49%)]	Loss: 211.437347
[2022-10-20 01:09:51] PRINT Train Epoch: 7 [30720/60000 (51%)]	Loss: 208.692856
[2022-10-20 01:09:51] PRINT Train Epoch: 7 [32000/60000 (53%)]	Loss: 210.093750
[2022-10-20 01:09:51] PRINT Train Epoch: 7 [33280/60000 (55%)]	Loss: 201.087860
[2022-10-20 01:09:51] PRINT Train Epoch: 7 [34560/60000 (58%)]	Loss: 209.688858
[2022-10-20 01:09:51] PRINT Train Epoch: 7 [35840/60000 (60%)]	Loss: 206.642532
[2022-10-20 01:09:52] PRINT Train Epoch: 7 [37120/60000 (62%)]	Loss: 211.752060
[2022-10-20 01:09:52] PRINT Train Epoch: 7 [38400/60000 (64%)]	Loss: 211.745087
[2022-10-20 01:09:52] PRINT Train Epoch: 7 [39680/60000 (66%)]	Loss: 210.527069
[2022-10-20 01:09:52] PRINT Train Epoch: 7 [40960/60000 (68%)]	Loss: 204.591888
[2022-10-20 01:09:52] PRINT Train Epoch: 7 [42240/60000 (70%)]	Loss: 216.501083
[2022-10-20 01:09:52] PRINT Train Epoch: 7 [43520/60000 (72%)]	Loss: 211.957764
[2022-10-20 01:09:52] PRINT Train Epoch: 7 [44800/60000 (75%)]	Loss: 214.343063
[2022-10-20 01:09:52] PRINT Train Epoch: 7 [46080/60000 (77%)]	Loss: 209.934372
[2022-10-20 01:09:52] PRINT Train Epoch: 7 [47360/60000 (79%)]	Loss: 205.132843
[2022-10-20 01:09:52] PRINT Train Epoch: 7 [48640/60000 (81%)]	Loss: 204.462677
[2022-10-20 01:09:52] PRINT Train Epoch: 7 [49920/60000 (83%)]	Loss: 206.306610
[2022-10-20 01:09:53] PRINT Train Epoch: 7 [51200/60000 (85%)]	Loss: 215.254471
[2022-10-20 01:09:53] PRINT Train Epoch: 7 [52480/60000 (87%)]	Loss: 209.101669
[2022-10-20 01:09:53] PRINT Train Epoch: 7 [53760/60000 (90%)]	Loss: 208.013199
[2022-10-20 01:09:53] PRINT Train Epoch: 7 [55040/60000 (92%)]	Loss: 210.232376
[2022-10-20 01:09:53] PRINT Train Epoch: 7 [56320/60000 (94%)]	Loss: 203.888931
[2022-10-20 01:09:53] PRINT Train Epoch: 7 [57600/60000 (96%)]	Loss: 205.570694
[2022-10-20 01:09:53] PRINT Train Epoch: 7 [58880/60000 (98%)]	Loss: 208.241699
[2022-10-20 01:09:53] PRINT ====> Epoch: 7 Average loss: 208.2357
[2022-10-20 01:09:54] PRINT ====> Test set loss: 207.6867
[2022-10-20 01:09:54] PRINT Train Epoch: 8 [0/60000 (0%)]	Loss: 209.972549
[2022-10-20 01:09:54] PRINT Train Epoch: 8 [1280/60000 (2%)]	Loss: 204.622849
[2022-10-20 01:09:54] PRINT Train Epoch: 8 [2560/60000 (4%)]	Loss: 205.333420
[2022-10-20 01:09:54] PRINT Train Epoch: 8 [3840/60000 (6%)]	Loss: 206.978256
[2022-10-20 01:09:54] PRINT Train Epoch: 8 [5120/60000 (9%)]	Loss: 198.887009
[2022-10-20 01:09:54] PRINT Train Epoch: 8 [6400/60000 (11%)]	Loss: 209.812439
[2022-10-20 01:09:54] PRINT Train Epoch: 8 [7680/60000 (13%)]	Loss: 210.020096
[2022-10-20 01:09:55] PRINT Train Epoch: 8 [8960/60000 (15%)]	Loss: 206.060516
[2022-10-20 01:09:55] PRINT Train Epoch: 8 [10240/60000 (17%)]	Loss: 204.240265
[2022-10-20 01:09:55] PRINT Train Epoch: 8 [11520/60000 (19%)]	Loss: 217.387436
[2022-10-20 01:09:55] PRINT Train Epoch: 8 [12800/60000 (21%)]	Loss: 209.195099
[2022-10-20 01:09:55] PRINT Train Epoch: 8 [14080/60000 (23%)]	Loss: 211.863831
[2022-10-20 01:09:55] PRINT Train Epoch: 8 [15360/60000 (26%)]	Loss: 217.159866
[2022-10-20 01:09:55] PRINT Train Epoch: 8 [16640/60000 (28%)]	Loss: 207.517853
[2022-10-20 01:09:55] PRINT Train Epoch: 8 [17920/60000 (30%)]	Loss: 208.586914
[2022-10-20 01:09:55] PRINT Train Epoch: 8 [19200/60000 (32%)]	Loss: 208.058395
[2022-10-20 01:09:55] PRINT Train Epoch: 8 [20480/60000 (34%)]	Loss: 205.190002
[2022-10-20 01:09:55] PRINT Train Epoch: 8 [21760/60000 (36%)]	Loss: 207.551788
[2022-10-20 01:09:55] PRINT Train Epoch: 8 [23040/60000 (38%)]	Loss: 206.233643
[2022-10-20 01:09:56] PRINT Train Epoch: 8 [24320/60000 (41%)]	Loss: 208.502991
[2022-10-20 01:09:56] PRINT Train Epoch: 8 [25600/60000 (43%)]	Loss: 203.463943
[2022-10-20 01:09:56] PRINT Train Epoch: 8 [26880/60000 (45%)]	Loss: 206.639420
[2022-10-20 01:09:56] PRINT Train Epoch: 8 [28160/60000 (47%)]	Loss: 220.738663
[2022-10-20 01:09:56] PRINT Train Epoch: 8 [29440/60000 (49%)]	Loss: 218.079956
[2022-10-20 01:09:56] PRINT Train Epoch: 8 [30720/60000 (51%)]	Loss: 207.330688
[2022-10-20 01:09:56] PRINT Train Epoch: 8 [32000/60000 (53%)]	Loss: 212.978531
[2022-10-20 01:09:56] PRINT Train Epoch: 8 [33280/60000 (55%)]	Loss: 209.120819
[2022-10-20 01:09:56] PRINT Train Epoch: 8 [34560/60000 (58%)]	Loss: 213.548996
[2022-10-20 01:09:56] PRINT Train Epoch: 8 [35840/60000 (60%)]	Loss: 208.147888
[2022-10-20 01:09:56] PRINT Train Epoch: 8 [37120/60000 (62%)]	Loss: 211.816589
[2022-10-20 01:09:57] PRINT Train Epoch: 8 [38400/60000 (64%)]	Loss: 204.511124
[2022-10-20 01:09:57] PRINT Train Epoch: 8 [39680/60000 (66%)]	Loss: 203.188538
[2022-10-20 01:09:57] PRINT Train Epoch: 8 [40960/60000 (68%)]	Loss: 205.246918
[2022-10-20 01:09:57] PRINT Train Epoch: 8 [42240/60000 (70%)]	Loss: 210.086182
[2022-10-20 01:09:57] PRINT Train Epoch: 8 [43520/60000 (72%)]	Loss: 206.263611
[2022-10-20 01:09:57] PRINT Train Epoch: 8 [44800/60000 (75%)]	Loss: 208.673538
[2022-10-20 01:09:57] PRINT Train Epoch: 8 [46080/60000 (77%)]	Loss: 210.550720
[2022-10-20 01:09:57] PRINT Train Epoch: 8 [47360/60000 (79%)]	Loss: 209.685623
[2022-10-20 01:09:57] PRINT Train Epoch: 8 [48640/60000 (81%)]	Loss: 213.052948
[2022-10-20 01:09:57] PRINT Train Epoch: 8 [49920/60000 (83%)]	Loss: 207.622513
[2022-10-20 01:09:57] PRINT Train Epoch: 8 [51200/60000 (85%)]	Loss: 208.888840
[2022-10-20 01:09:58] PRINT Train Epoch: 8 [52480/60000 (87%)]	Loss: 215.373474
[2022-10-20 01:09:58] PRINT Train Epoch: 8 [53760/60000 (90%)]	Loss: 214.111847
[2022-10-20 01:09:58] PRINT Train Epoch: 8 [55040/60000 (92%)]	Loss: 201.484634
[2022-10-20 01:09:58] PRINT Train Epoch: 8 [56320/60000 (94%)]	Loss: 209.140289
[2022-10-20 01:09:58] PRINT Train Epoch: 8 [57600/60000 (96%)]	Loss: 210.520905
[2022-10-20 01:09:58] PRINT Train Epoch: 8 [58880/60000 (98%)]	Loss: 211.103378
[2022-10-20 01:09:58] PRINT ====> Epoch: 8 Average loss: 208.1794
[2022-10-20 01:09:59] PRINT ====> Test set loss: 209.3781
[2022-10-20 01:09:59] PRINT Train Epoch: 9 [0/60000 (0%)]	Loss: 215.020721
[2022-10-20 01:09:59] PRINT Train Epoch: 9 [1280/60000 (2%)]	Loss: 208.226547
[2022-10-20 01:09:59] PRINT Train Epoch: 9 [2560/60000 (4%)]	Loss: 204.994247
[2022-10-20 01:09:59] PRINT Train Epoch: 9 [3840/60000 (6%)]	Loss: 208.865128
[2022-10-20 01:09:59] PRINT Train Epoch: 9 [5120/60000 (9%)]	Loss: 213.156189
[2022-10-20 01:09:59] PRINT Train Epoch: 9 [6400/60000 (11%)]	Loss: 201.772476
[2022-10-20 01:09:59] PRINT Train Epoch: 9 [7680/60000 (13%)]	Loss: 201.791473
[2022-10-20 01:09:59] PRINT Train Epoch: 9 [8960/60000 (15%)]	Loss: 213.187943
[2022-10-20 01:10:00] PRINT Train Epoch: 9 [10240/60000 (17%)]	Loss: 204.839752
[2022-10-20 01:10:00] PRINT Train Epoch: 9 [11520/60000 (19%)]	Loss: 204.970963
[2022-10-20 01:10:00] PRINT Train Epoch: 9 [12800/60000 (21%)]	Loss: 204.506821
[2022-10-20 01:10:00] PRINT Train Epoch: 9 [14080/60000 (23%)]	Loss: 210.940063
[2022-10-20 01:10:00] PRINT Train Epoch: 9 [15360/60000 (26%)]	Loss: 204.216660
[2022-10-20 01:10:00] PRINT Train Epoch: 9 [16640/60000 (28%)]	Loss: 209.599335
[2022-10-20 01:10:00] PRINT Train Epoch: 9 [17920/60000 (30%)]	Loss: 208.574921
[2022-10-20 01:10:00] PRINT Train Epoch: 9 [19200/60000 (32%)]	Loss: 208.681885
[2022-10-20 01:10:00] PRINT Train Epoch: 9 [20480/60000 (34%)]	Loss: 207.258728
[2022-10-20 01:10:00] PRINT Train Epoch: 9 [21760/60000 (36%)]	Loss: 208.629349
[2022-10-20 01:10:00] PRINT Train Epoch: 9 [23040/60000 (38%)]	Loss: 212.687164
[2022-10-20 01:10:00] PRINT Train Epoch: 9 [24320/60000 (41%)]	Loss: 206.890198
[2022-10-20 01:10:01] PRINT Train Epoch: 9 [25600/60000 (43%)]	Loss: 202.875549
[2022-10-20 01:10:01] PRINT Train Epoch: 9 [26880/60000 (45%)]	Loss: 206.485062
[2022-10-20 01:10:01] PRINT Train Epoch: 9 [28160/60000 (47%)]	Loss: 203.538757
[2022-10-20 01:10:01] PRINT Train Epoch: 9 [29440/60000 (49%)]	Loss: 198.033752
[2022-10-20 01:10:01] PRINT Train Epoch: 9 [30720/60000 (51%)]	Loss: 207.603638
[2022-10-20 01:10:01] PRINT Train Epoch: 9 [32000/60000 (53%)]	Loss: 205.175842
[2022-10-20 01:10:01] PRINT Train Epoch: 9 [33280/60000 (55%)]	Loss: 208.260132
[2022-10-20 01:10:01] PRINT Train Epoch: 9 [34560/60000 (58%)]	Loss: 201.577057
[2022-10-20 01:10:01] PRINT Train Epoch: 9 [35840/60000 (60%)]	Loss: 206.627350
[2022-10-20 01:10:01] PRINT Train Epoch: 9 [37120/60000 (62%)]	Loss: 210.326416
[2022-10-20 01:10:01] PRINT Train Epoch: 9 [38400/60000 (64%)]	Loss: 215.209396
[2022-10-20 01:10:02] PRINT Train Epoch: 9 [39680/60000 (66%)]	Loss: 203.485367
[2022-10-20 01:10:02] PRINT Train Epoch: 9 [40960/60000 (68%)]	Loss: 211.496323
[2022-10-20 01:10:02] PRINT Train Epoch: 9 [42240/60000 (70%)]	Loss: 213.412506
[2022-10-20 01:10:02] PRINT Train Epoch: 9 [43520/60000 (72%)]	Loss: 209.040619
[2022-10-20 01:10:02] PRINT Train Epoch: 9 [44800/60000 (75%)]	Loss: 200.975616
[2022-10-20 01:10:02] PRINT Train Epoch: 9 [46080/60000 (77%)]	Loss: 212.254288
[2022-10-20 01:10:02] PRINT Train Epoch: 9 [47360/60000 (79%)]	Loss: 202.636597
[2022-10-20 01:10:02] PRINT Train Epoch: 9 [48640/60000 (81%)]	Loss: 208.688370
[2022-10-20 01:10:02] PRINT Train Epoch: 9 [49920/60000 (83%)]	Loss: 209.479675
[2022-10-20 01:10:02] PRINT Train Epoch: 9 [51200/60000 (85%)]	Loss: 201.580444
[2022-10-20 01:10:02] PRINT Train Epoch: 9 [52480/60000 (87%)]	Loss: 206.133194
[2022-10-20 01:10:03] PRINT Train Epoch: 9 [53760/60000 (90%)]	Loss: 208.704758
[2022-10-20 01:10:03] PRINT Train Epoch: 9 [55040/60000 (92%)]	Loss: 215.948425
[2022-10-20 01:10:03] PRINT Train Epoch: 9 [56320/60000 (94%)]	Loss: 209.896103
[2022-10-20 01:10:03] PRINT Train Epoch: 9 [57600/60000 (96%)]	Loss: 208.022491
[2022-10-20 01:10:03] PRINT Train Epoch: 9 [58880/60000 (98%)]	Loss: 209.742859
[2022-10-20 01:10:03] PRINT ====> Epoch: 9 Average loss: 208.7019
[2022-10-20 01:10:04] PRINT ====> Test set loss: 208.5532
[2022-10-20 01:10:04] PRINT Train Epoch: 10 [0/60000 (0%)]	Loss: 210.803314
[2022-10-20 01:10:04] PRINT Train Epoch: 10 [1280/60000 (2%)]	Loss: 201.790787
[2022-10-20 01:10:04] PRINT Train Epoch: 10 [2560/60000 (4%)]	Loss: 210.456650
[2022-10-20 01:10:04] PRINT Train Epoch: 10 [3840/60000 (6%)]	Loss: 217.851105
[2022-10-20 01:10:04] PRINT Train Epoch: 10 [5120/60000 (9%)]	Loss: 212.756958
[2022-10-20 01:10:04] PRINT Train Epoch: 10 [6400/60000 (11%)]	Loss: 214.719818
[2022-10-20 01:10:04] PRINT Train Epoch: 10 [7680/60000 (13%)]	Loss: 205.304474
[2022-10-20 01:10:04] PRINT Train Epoch: 10 [8960/60000 (15%)]	Loss: 210.524246
[2022-10-20 01:10:04] PRINT Train Epoch: 10 [10240/60000 (17%)]	Loss: 215.893326
[2022-10-20 01:10:05] PRINT Train Epoch: 10 [11520/60000 (19%)]	Loss: 205.591812
[2022-10-20 01:10:05] PRINT Train Epoch: 10 [12800/60000 (21%)]	Loss: 207.653336
[2022-10-20 01:10:05] PRINT Train Epoch: 10 [14080/60000 (23%)]	Loss: 199.126907
[2022-10-20 01:10:05] PRINT Train Epoch: 10 [15360/60000 (26%)]	Loss: 215.469955
[2022-10-20 01:10:05] PRINT Train Epoch: 10 [16640/60000 (28%)]	Loss: 204.765686
[2022-10-20 01:10:05] PRINT Train Epoch: 10 [17920/60000 (30%)]	Loss: 212.245132
[2022-10-20 01:10:05] PRINT Train Epoch: 10 [19200/60000 (32%)]	Loss: 217.757690
[2022-10-20 01:10:05] PRINT Train Epoch: 10 [20480/60000 (34%)]	Loss: 214.737778
[2022-10-20 01:10:05] PRINT Train Epoch: 10 [21760/60000 (36%)]	Loss: 205.966568
[2022-10-20 01:10:05] PRINT Train Epoch: 10 [23040/60000 (38%)]	Loss: 215.880142
[2022-10-20 01:10:05] PRINT Train Epoch: 10 [24320/60000 (41%)]	Loss: 209.646881
[2022-10-20 01:10:05] PRINT Train Epoch: 10 [25600/60000 (43%)]	Loss: 213.026611
[2022-10-20 01:10:06] PRINT Train Epoch: 10 [26880/60000 (45%)]	Loss: 206.983948
[2022-10-20 01:10:06] PRINT Train Epoch: 10 [28160/60000 (47%)]	Loss: 207.935730
[2022-10-20 01:10:06] PRINT Train Epoch: 10 [29440/60000 (49%)]	Loss: 209.477219
[2022-10-20 01:10:06] PRINT Train Epoch: 10 [30720/60000 (51%)]	Loss: 210.912979
[2022-10-20 01:10:06] PRINT Train Epoch: 10 [32000/60000 (53%)]	Loss: 208.069885
[2022-10-20 01:10:06] PRINT Train Epoch: 10 [33280/60000 (55%)]	Loss: 201.601654
[2022-10-20 01:10:06] PRINT Train Epoch: 10 [34560/60000 (58%)]	Loss: 212.599594
[2022-10-20 01:10:06] PRINT Train Epoch: 10 [35840/60000 (60%)]	Loss: 204.610092
[2022-10-20 01:10:06] PRINT Train Epoch: 10 [37120/60000 (62%)]	Loss: 210.604828
[2022-10-20 01:10:06] PRINT Train Epoch: 10 [38400/60000 (64%)]	Loss: 209.275406
[2022-10-20 01:10:06] PRINT Train Epoch: 10 [39680/60000 (66%)]	Loss: 207.156799
[2022-10-20 01:10:07] PRINT Train Epoch: 10 [40960/60000 (68%)]	Loss: 206.620560
[2022-10-20 01:10:07] PRINT Train Epoch: 10 [42240/60000 (70%)]	Loss: 208.856598
[2022-10-20 01:10:07] PRINT Train Epoch: 10 [43520/60000 (72%)]	Loss: 204.832184
[2022-10-20 01:10:07] PRINT Train Epoch: 10 [44800/60000 (75%)]	Loss: 211.234482
[2022-10-20 01:10:07] PRINT Train Epoch: 10 [46080/60000 (77%)]	Loss: 200.362442
[2022-10-20 01:10:07] PRINT Train Epoch: 10 [47360/60000 (79%)]	Loss: 203.502228
[2022-10-20 01:10:07] PRINT Train Epoch: 10 [48640/60000 (81%)]	Loss: 203.599930
[2022-10-20 01:10:07] PRINT Train Epoch: 10 [49920/60000 (83%)]	Loss: 208.812149
[2022-10-20 01:10:07] PRINT Train Epoch: 10 [51200/60000 (85%)]	Loss: 208.552734
[2022-10-20 01:10:07] PRINT Train Epoch: 10 [52480/60000 (87%)]	Loss: 211.190598
[2022-10-20 01:10:07] PRINT Train Epoch: 10 [53760/60000 (90%)]	Loss: 212.969940
[2022-10-20 01:10:08] PRINT Train Epoch: 10 [55040/60000 (92%)]	Loss: 209.150253
[2022-10-20 01:10:08] PRINT Train Epoch: 10 [56320/60000 (94%)]	Loss: 206.585709
[2022-10-20 01:10:08] PRINT Train Epoch: 10 [57600/60000 (96%)]	Loss: 207.443390
[2022-10-20 01:10:08] PRINT Train Epoch: 10 [58880/60000 (98%)]	Loss: 208.974197
[2022-10-20 01:10:08] PRINT ====> Epoch: 10 Average loss: 208.8807
[2022-10-20 01:10:09] PRINT ====> Test set loss: 208.1524
