[2022-10-20 01:53:26] PRINT {'features1': 400, 'features2': 40, 'lr': 0.0008477669121633926, 'epsilon': 1e-07}
[2022-10-20 01:53:26] PRINT Using cuda device
[2022-10-20 01:53:28] PRINT Train Epoch: 1 [0/60000 (0%)]	Loss: 549.053955
[2022-10-20 01:53:28] PRINT Train Epoch: 1 [1280/60000 (2%)]	Loss: 331.014893
[2022-10-20 01:53:28] PRINT Train Epoch: 1 [2560/60000 (4%)]	Loss: 248.689026
[2022-10-20 01:53:28] PRINT Train Epoch: 1 [3840/60000 (6%)]	Loss: 222.630066
[2022-10-20 01:53:28] PRINT Train Epoch: 1 [5120/60000 (9%)]	Loss: 219.992767
[2022-10-20 01:53:28] PRINT Train Epoch: 1 [6400/60000 (11%)]	Loss: 212.259079
[2022-10-20 01:53:28] PRINT Train Epoch: 1 [7680/60000 (13%)]	Loss: 203.086502
[2022-10-20 01:53:28] PRINT Train Epoch: 1 [8960/60000 (15%)]	Loss: 202.524750
[2022-10-20 01:53:28] PRINT Train Epoch: 1 [10240/60000 (17%)]	Loss: 205.582260
[2022-10-20 01:53:28] PRINT Train Epoch: 1 [11520/60000 (19%)]	Loss: 200.098267
[2022-10-20 01:53:28] PRINT Train Epoch: 1 [12800/60000 (21%)]	Loss: 191.011963
[2022-10-20 01:53:28] PRINT Train Epoch: 1 [14080/60000 (23%)]	Loss: 179.687225
[2022-10-20 01:53:29] PRINT Train Epoch: 1 [15360/60000 (26%)]	Loss: 182.559113
[2022-10-20 01:53:29] PRINT Train Epoch: 1 [16640/60000 (28%)]	Loss: 178.209412
[2022-10-20 01:53:29] PRINT Train Epoch: 1 [17920/60000 (30%)]	Loss: 168.495087
[2022-10-20 01:53:29] PRINT Train Epoch: 1 [19200/60000 (32%)]	Loss: 171.733719
[2022-10-20 01:53:29] PRINT Train Epoch: 1 [20480/60000 (34%)]	Loss: 172.633499
[2022-10-20 01:53:29] PRINT Train Epoch: 1 [21760/60000 (36%)]	Loss: 171.200333
[2022-10-20 01:53:29] PRINT Train Epoch: 1 [23040/60000 (38%)]	Loss: 163.380203
[2022-10-20 01:53:29] PRINT Train Epoch: 1 [24320/60000 (41%)]	Loss: 163.874985
[2022-10-20 01:53:29] PRINT Train Epoch: 1 [25600/60000 (43%)]	Loss: 157.047531
[2022-10-20 01:53:29] PRINT Train Epoch: 1 [26880/60000 (45%)]	Loss: 162.923569
[2022-10-20 01:53:29] PRINT Train Epoch: 1 [28160/60000 (47%)]	Loss: 159.715302
[2022-10-20 01:53:29] PRINT Train Epoch: 1 [29440/60000 (49%)]	Loss: 157.376053
[2022-10-20 01:53:30] PRINT Train Epoch: 1 [30720/60000 (51%)]	Loss: 156.620224
[2022-10-20 01:53:30] PRINT Train Epoch: 1 [32000/60000 (53%)]	Loss: 150.320007
[2022-10-20 01:53:30] PRINT Train Epoch: 1 [33280/60000 (55%)]	Loss: 154.568848
[2022-10-20 01:53:30] PRINT Train Epoch: 1 [34560/60000 (58%)]	Loss: 149.326050
[2022-10-20 01:53:30] PRINT Train Epoch: 1 [35840/60000 (60%)]	Loss: 148.170059
[2022-10-20 01:53:30] PRINT Train Epoch: 1 [37120/60000 (62%)]	Loss: 147.566208
[2022-10-20 01:53:30] PRINT Train Epoch: 1 [38400/60000 (64%)]	Loss: 151.197220
[2022-10-20 01:53:30] PRINT Train Epoch: 1 [39680/60000 (66%)]	Loss: 143.782303
[2022-10-20 01:53:30] PRINT Train Epoch: 1 [40960/60000 (68%)]	Loss: 144.028946
[2022-10-20 01:53:30] PRINT Train Epoch: 1 [42240/60000 (70%)]	Loss: 142.716858
[2022-10-20 01:53:30] PRINT Train Epoch: 1 [43520/60000 (72%)]	Loss: 136.935471
[2022-10-20 01:53:31] PRINT Train Epoch: 1 [44800/60000 (75%)]	Loss: 142.840454
[2022-10-20 01:53:31] PRINT Train Epoch: 1 [46080/60000 (77%)]	Loss: 141.670532
[2022-10-20 01:53:31] PRINT Train Epoch: 1 [47360/60000 (79%)]	Loss: 138.331375
[2022-10-20 01:53:31] PRINT Train Epoch: 1 [48640/60000 (81%)]	Loss: 144.700226
[2022-10-20 01:53:31] PRINT Train Epoch: 1 [49920/60000 (83%)]	Loss: 137.747086
[2022-10-20 01:53:31] PRINT Train Epoch: 1 [51200/60000 (85%)]	Loss: 138.816223
[2022-10-20 01:53:31] PRINT Train Epoch: 1 [52480/60000 (87%)]	Loss: 134.983368
[2022-10-20 01:53:31] PRINT Train Epoch: 1 [53760/60000 (90%)]	Loss: 143.193481
[2022-10-20 01:53:31] PRINT Train Epoch: 1 [55040/60000 (92%)]	Loss: 136.773727
[2022-10-20 01:53:31] PRINT Train Epoch: 1 [56320/60000 (94%)]	Loss: 135.907242
[2022-10-20 01:53:31] PRINT Train Epoch: 1 [57600/60000 (96%)]	Loss: 138.831940
[2022-10-20 01:53:32] PRINT Train Epoch: 1 [58880/60000 (98%)]	Loss: 135.877655
[2022-10-20 01:53:32] PRINT ====> Epoch: 1 Average loss: 171.2127
[2022-10-20 01:53:32] PRINT ====> Test set loss: 134.7929
[2022-10-20 01:53:32] PRINT Train Epoch: 2 [0/60000 (0%)]	Loss: 134.901367
[2022-10-20 01:53:32] PRINT Train Epoch: 2 [1280/60000 (2%)]	Loss: 136.189316
[2022-10-20 01:53:33] PRINT Train Epoch: 2 [2560/60000 (4%)]	Loss: 134.142822
[2022-10-20 01:53:33] PRINT Train Epoch: 2 [3840/60000 (6%)]	Loss: 135.539398
[2022-10-20 01:53:33] PRINT Train Epoch: 2 [5120/60000 (9%)]	Loss: 131.904755
[2022-10-20 01:53:33] PRINT Train Epoch: 2 [6400/60000 (11%)]	Loss: 132.539917
[2022-10-20 01:53:33] PRINT Train Epoch: 2 [7680/60000 (13%)]	Loss: 130.521820
[2022-10-20 01:53:33] PRINT Train Epoch: 2 [8960/60000 (15%)]	Loss: 129.574265
[2022-10-20 01:53:33] PRINT Train Epoch: 2 [10240/60000 (17%)]	Loss: 134.317505
[2022-10-20 01:53:33] PRINT Train Epoch: 2 [11520/60000 (19%)]	Loss: 130.236984
[2022-10-20 01:53:33] PRINT Train Epoch: 2 [12800/60000 (21%)]	Loss: 133.344376
[2022-10-20 01:53:33] PRINT Train Epoch: 2 [14080/60000 (23%)]	Loss: 131.721710
[2022-10-20 01:53:33] PRINT Train Epoch: 2 [15360/60000 (26%)]	Loss: 129.687912
[2022-10-20 01:53:34] PRINT Train Epoch: 2 [16640/60000 (28%)]	Loss: 133.609940
[2022-10-20 01:53:34] PRINT Train Epoch: 2 [17920/60000 (30%)]	Loss: 132.049942
[2022-10-20 01:53:34] PRINT Train Epoch: 2 [19200/60000 (32%)]	Loss: 126.772484
[2022-10-20 01:53:34] PRINT Train Epoch: 2 [20480/60000 (34%)]	Loss: 121.939285
[2022-10-20 01:53:34] PRINT Train Epoch: 2 [21760/60000 (36%)]	Loss: 127.248497
[2022-10-20 01:53:34] PRINT Train Epoch: 2 [23040/60000 (38%)]	Loss: 133.396286
[2022-10-20 01:53:34] PRINT Train Epoch: 2 [24320/60000 (41%)]	Loss: 125.376633
[2022-10-20 01:53:34] PRINT Train Epoch: 2 [25600/60000 (43%)]	Loss: 131.700790
[2022-10-20 01:53:34] PRINT Train Epoch: 2 [26880/60000 (45%)]	Loss: 125.188980
[2022-10-20 01:53:34] PRINT Train Epoch: 2 [28160/60000 (47%)]	Loss: 128.867996
[2022-10-20 01:53:34] PRINT Train Epoch: 2 [29440/60000 (49%)]	Loss: 124.310158
[2022-10-20 01:53:34] PRINT Train Epoch: 2 [30720/60000 (51%)]	Loss: 121.355576
[2022-10-20 01:53:35] PRINT Train Epoch: 2 [32000/60000 (53%)]	Loss: 120.220818
[2022-10-20 01:53:35] PRINT Train Epoch: 2 [33280/60000 (55%)]	Loss: 128.333984
[2022-10-20 01:53:35] PRINT Train Epoch: 2 [34560/60000 (58%)]	Loss: 126.817917
[2022-10-20 01:53:35] PRINT Train Epoch: 2 [35840/60000 (60%)]	Loss: 121.725784
[2022-10-20 01:53:35] PRINT Train Epoch: 2 [37120/60000 (62%)]	Loss: 127.673676
[2022-10-20 01:53:35] PRINT Train Epoch: 2 [38400/60000 (64%)]	Loss: 123.088631
[2022-10-20 01:53:35] PRINT Train Epoch: 2 [39680/60000 (66%)]	Loss: 129.475479
[2022-10-20 01:53:35] PRINT Train Epoch: 2 [40960/60000 (68%)]	Loss: 122.187637
[2022-10-20 01:53:35] PRINT Train Epoch: 2 [42240/60000 (70%)]	Loss: 121.982689
[2022-10-20 01:53:35] PRINT Train Epoch: 2 [43520/60000 (72%)]	Loss: 128.567978
[2022-10-20 01:53:35] PRINT Train Epoch: 2 [44800/60000 (75%)]	Loss: 128.439285
[2022-10-20 01:53:36] PRINT Train Epoch: 2 [46080/60000 (77%)]	Loss: 129.749939
[2022-10-20 01:53:36] PRINT Train Epoch: 2 [47360/60000 (79%)]	Loss: 126.179825
[2022-10-20 01:53:36] PRINT Train Epoch: 2 [48640/60000 (81%)]	Loss: 123.538582
[2022-10-20 01:53:36] PRINT Train Epoch: 2 [49920/60000 (83%)]	Loss: 122.519951
[2022-10-20 01:53:36] PRINT Train Epoch: 2 [51200/60000 (85%)]	Loss: 123.504654
[2022-10-20 01:53:36] PRINT Train Epoch: 2 [52480/60000 (87%)]	Loss: 123.544983
[2022-10-20 01:53:36] PRINT Train Epoch: 2 [53760/60000 (90%)]	Loss: 118.406425
[2022-10-20 01:53:36] PRINT Train Epoch: 2 [55040/60000 (92%)]	Loss: 121.632156
[2022-10-20 01:53:36] PRINT Train Epoch: 2 [56320/60000 (94%)]	Loss: 120.330536
[2022-10-20 01:53:36] PRINT Train Epoch: 2 [57600/60000 (96%)]	Loss: 121.878235
[2022-10-20 01:53:36] PRINT Train Epoch: 2 [58880/60000 (98%)]	Loss: 124.337555
[2022-10-20 01:53:37] PRINT ====> Epoch: 2 Average loss: 127.5985
[2022-10-20 01:53:37] PRINT ====> Test set loss: 120.7989
[2022-10-20 01:53:37] PRINT Train Epoch: 3 [0/60000 (0%)]	Loss: 116.437119
[2022-10-20 01:53:37] PRINT Train Epoch: 3 [1280/60000 (2%)]	Loss: 119.100952
[2022-10-20 01:53:37] PRINT Train Epoch: 3 [2560/60000 (4%)]	Loss: 122.161346
[2022-10-20 01:53:38] PRINT Train Epoch: 3 [3840/60000 (6%)]	Loss: 123.185005
[2022-10-20 01:53:38] PRINT Train Epoch: 3 [5120/60000 (9%)]	Loss: 117.938980
[2022-10-20 01:53:38] PRINT Train Epoch: 3 [6400/60000 (11%)]	Loss: 117.524750
[2022-10-20 01:53:38] PRINT Train Epoch: 3 [7680/60000 (13%)]	Loss: 123.039581
[2022-10-20 01:53:38] PRINT Train Epoch: 3 [8960/60000 (15%)]	Loss: 120.308136
[2022-10-20 01:53:38] PRINT Train Epoch: 3 [10240/60000 (17%)]	Loss: 120.864670
[2022-10-20 01:53:38] PRINT Train Epoch: 3 [11520/60000 (19%)]	Loss: 118.652100
[2022-10-20 01:53:38] PRINT Train Epoch: 3 [12800/60000 (21%)]	Loss: 120.416275
[2022-10-20 01:53:38] PRINT Train Epoch: 3 [14080/60000 (23%)]	Loss: 121.995743
[2022-10-20 01:53:38] PRINT Train Epoch: 3 [15360/60000 (26%)]	Loss: 118.262375
[2022-10-20 01:53:38] PRINT Train Epoch: 3 [16640/60000 (28%)]	Loss: 123.310349
[2022-10-20 01:53:39] PRINT Train Epoch: 3 [17920/60000 (30%)]	Loss: 120.569550
[2022-10-20 01:53:39] PRINT Train Epoch: 3 [19200/60000 (32%)]	Loss: 122.857376
[2022-10-20 01:53:39] PRINT Train Epoch: 3 [20480/60000 (34%)]	Loss: 118.338631
[2022-10-20 01:53:39] PRINT Train Epoch: 3 [21760/60000 (36%)]	Loss: 119.926926
[2022-10-20 01:53:39] PRINT Train Epoch: 3 [23040/60000 (38%)]	Loss: 119.355911
[2022-10-20 01:53:39] PRINT Train Epoch: 3 [24320/60000 (41%)]	Loss: 120.131439
[2022-10-20 01:53:39] PRINT Train Epoch: 3 [25600/60000 (43%)]	Loss: 119.846939
[2022-10-20 01:53:39] PRINT Train Epoch: 3 [26880/60000 (45%)]	Loss: 117.970650
[2022-10-20 01:53:39] PRINT Train Epoch: 3 [28160/60000 (47%)]	Loss: 120.094101
[2022-10-20 01:53:39] PRINT Train Epoch: 3 [29440/60000 (49%)]	Loss: 113.646378
[2022-10-20 01:53:39] PRINT Train Epoch: 3 [30720/60000 (51%)]	Loss: 115.973755
[2022-10-20 01:53:39] PRINT Train Epoch: 3 [32000/60000 (53%)]	Loss: 120.140350
[2022-10-20 01:53:40] PRINT Train Epoch: 3 [33280/60000 (55%)]	Loss: 119.626740
[2022-10-20 01:53:40] PRINT Train Epoch: 3 [34560/60000 (58%)]	Loss: 117.988853
[2022-10-20 01:53:40] PRINT Train Epoch: 3 [35840/60000 (60%)]	Loss: 118.375481
[2022-10-20 01:53:40] PRINT Train Epoch: 3 [37120/60000 (62%)]	Loss: 119.780342
[2022-10-20 01:53:40] PRINT Train Epoch: 3 [38400/60000 (64%)]	Loss: 116.950745
[2022-10-20 01:53:40] PRINT Train Epoch: 3 [39680/60000 (66%)]	Loss: 118.682724
[2022-10-20 01:53:40] PRINT Train Epoch: 3 [40960/60000 (68%)]	Loss: 114.393242
[2022-10-20 01:53:40] PRINT Train Epoch: 3 [42240/60000 (70%)]	Loss: 120.740326
[2022-10-20 01:53:40] PRINT Train Epoch: 3 [43520/60000 (72%)]	Loss: 115.114868
[2022-10-20 01:53:40] PRINT Train Epoch: 3 [44800/60000 (75%)]	Loss: 115.552376
[2022-10-20 01:53:40] PRINT Train Epoch: 3 [46080/60000 (77%)]	Loss: 119.825562
[2022-10-20 01:53:41] PRINT Train Epoch: 3 [47360/60000 (79%)]	Loss: 117.045914
[2022-10-20 01:53:41] PRINT Train Epoch: 3 [48640/60000 (81%)]	Loss: 121.235489
[2022-10-20 01:53:41] PRINT Train Epoch: 3 [49920/60000 (83%)]	Loss: 117.235939
[2022-10-20 01:53:41] PRINT Train Epoch: 3 [51200/60000 (85%)]	Loss: 118.795731
[2022-10-20 01:53:41] PRINT Train Epoch: 3 [52480/60000 (87%)]	Loss: 113.969681
[2022-10-20 01:53:41] PRINT Train Epoch: 3 [53760/60000 (90%)]	Loss: 118.193253
[2022-10-20 01:53:41] PRINT Train Epoch: 3 [55040/60000 (92%)]	Loss: 116.032211
[2022-10-20 01:53:41] PRINT Train Epoch: 3 [56320/60000 (94%)]	Loss: 120.294006
[2022-10-20 01:53:41] PRINT Train Epoch: 3 [57600/60000 (96%)]	Loss: 111.641708
[2022-10-20 01:53:41] PRINT Train Epoch: 3 [58880/60000 (98%)]	Loss: 115.200790
[2022-10-20 01:53:41] PRINT ====> Epoch: 3 Average loss: 118.5673
[2022-10-20 01:53:42] PRINT ====> Test set loss: 115.1414
[2022-10-20 01:53:42] PRINT Train Epoch: 4 [0/60000 (0%)]	Loss: 122.312088
[2022-10-20 01:53:42] PRINT Train Epoch: 4 [1280/60000 (2%)]	Loss: 116.039032
[2022-10-20 01:53:42] PRINT Train Epoch: 4 [2560/60000 (4%)]	Loss: 111.890198
[2022-10-20 01:53:42] PRINT Train Epoch: 4 [3840/60000 (6%)]	Loss: 115.373894
[2022-10-20 01:53:43] PRINT Train Epoch: 4 [5120/60000 (9%)]	Loss: 115.044472
[2022-10-20 01:53:43] PRINT Train Epoch: 4 [6400/60000 (11%)]	Loss: 120.869614
[2022-10-20 01:53:43] PRINT Train Epoch: 4 [7680/60000 (13%)]	Loss: 117.700043
[2022-10-20 01:53:43] PRINT Train Epoch: 4 [8960/60000 (15%)]	Loss: 113.619919
[2022-10-20 01:53:43] PRINT Train Epoch: 4 [10240/60000 (17%)]	Loss: 111.922256
[2022-10-20 01:53:43] PRINT Train Epoch: 4 [11520/60000 (19%)]	Loss: 115.130936
[2022-10-20 01:53:43] PRINT Train Epoch: 4 [12800/60000 (21%)]	Loss: 116.231110
[2022-10-20 01:53:43] PRINT Train Epoch: 4 [14080/60000 (23%)]	Loss: 114.971695
[2022-10-20 01:53:43] PRINT Train Epoch: 4 [15360/60000 (26%)]	Loss: 115.053871
[2022-10-20 01:53:43] PRINT Train Epoch: 4 [16640/60000 (28%)]	Loss: 113.674484
[2022-10-20 01:53:43] PRINT Train Epoch: 4 [17920/60000 (30%)]	Loss: 111.261856
[2022-10-20 01:53:44] PRINT Train Epoch: 4 [19200/60000 (32%)]	Loss: 118.067123
[2022-10-20 01:53:44] PRINT Train Epoch: 4 [20480/60000 (34%)]	Loss: 109.254311
[2022-10-20 01:53:44] PRINT Train Epoch: 4 [21760/60000 (36%)]	Loss: 115.578293
[2022-10-20 01:53:44] PRINT Train Epoch: 4 [23040/60000 (38%)]	Loss: 108.767914
[2022-10-20 01:53:44] PRINT Train Epoch: 4 [24320/60000 (41%)]	Loss: 117.525803
[2022-10-20 01:53:44] PRINT Train Epoch: 4 [25600/60000 (43%)]	Loss: 111.211586
[2022-10-20 01:53:44] PRINT Train Epoch: 4 [26880/60000 (45%)]	Loss: 113.604248
[2022-10-20 01:53:44] PRINT Train Epoch: 4 [28160/60000 (47%)]	Loss: 112.405350
[2022-10-20 01:53:44] PRINT Train Epoch: 4 [29440/60000 (49%)]	Loss: 111.673172
[2022-10-20 01:53:44] PRINT Train Epoch: 4 [30720/60000 (51%)]	Loss: 114.513741
[2022-10-20 01:53:44] PRINT Train Epoch: 4 [32000/60000 (53%)]	Loss: 114.285309
[2022-10-20 01:53:44] PRINT Train Epoch: 4 [33280/60000 (55%)]	Loss: 117.180466
[2022-10-20 01:53:45] PRINT Train Epoch: 4 [34560/60000 (58%)]	Loss: 113.603195
[2022-10-20 01:53:45] PRINT Train Epoch: 4 [35840/60000 (60%)]	Loss: 111.408134
[2022-10-20 01:53:45] PRINT Train Epoch: 4 [37120/60000 (62%)]	Loss: 114.612900
[2022-10-20 01:53:45] PRINT Train Epoch: 4 [38400/60000 (64%)]	Loss: 111.171280
[2022-10-20 01:53:45] PRINT Train Epoch: 4 [39680/60000 (66%)]	Loss: 108.076965
[2022-10-20 01:53:45] PRINT Train Epoch: 4 [40960/60000 (68%)]	Loss: 113.363480
[2022-10-20 01:53:45] PRINT Train Epoch: 4 [42240/60000 (70%)]	Loss: 108.436882
[2022-10-20 01:53:45] PRINT Train Epoch: 4 [43520/60000 (72%)]	Loss: 113.631729
[2022-10-20 01:53:45] PRINT Train Epoch: 4 [44800/60000 (75%)]	Loss: 114.819489
[2022-10-20 01:53:45] PRINT Train Epoch: 4 [46080/60000 (77%)]	Loss: 115.299477
[2022-10-20 01:53:45] PRINT Train Epoch: 4 [47360/60000 (79%)]	Loss: 113.951576
[2022-10-20 01:53:46] PRINT Train Epoch: 4 [48640/60000 (81%)]	Loss: 115.438515
[2022-10-20 01:53:46] PRINT Train Epoch: 4 [49920/60000 (83%)]	Loss: 109.398392
[2022-10-20 01:53:46] PRINT Train Epoch: 4 [51200/60000 (85%)]	Loss: 114.450806
[2022-10-20 01:53:46] PRINT Train Epoch: 4 [52480/60000 (87%)]	Loss: 117.855957
[2022-10-20 01:53:46] PRINT Train Epoch: 4 [53760/60000 (90%)]	Loss: 111.613129
[2022-10-20 01:53:46] PRINT Train Epoch: 4 [55040/60000 (92%)]	Loss: 115.861450
[2022-10-20 01:53:46] PRINT Train Epoch: 4 [56320/60000 (94%)]	Loss: 114.388687
[2022-10-20 01:53:46] PRINT Train Epoch: 4 [57600/60000 (96%)]	Loss: 117.016678
[2022-10-20 01:53:46] PRINT Train Epoch: 4 [58880/60000 (98%)]	Loss: 109.926865
[2022-10-20 01:53:46] PRINT ====> Epoch: 4 Average loss: 114.1363
[2022-10-20 01:53:47] PRINT ====> Test set loss: 111.9943
[2022-10-20 01:53:47] PRINT Train Epoch: 5 [0/60000 (0%)]	Loss: 116.038101
[2022-10-20 01:53:47] PRINT Train Epoch: 5 [1280/60000 (2%)]	Loss: 113.510071
[2022-10-20 01:53:47] PRINT Train Epoch: 5 [2560/60000 (4%)]	Loss: 116.488220
[2022-10-20 01:53:47] PRINT Train Epoch: 5 [3840/60000 (6%)]	Loss: 118.801376
[2022-10-20 01:53:47] PRINT Train Epoch: 5 [5120/60000 (9%)]	Loss: 114.014771
[2022-10-20 01:53:47] PRINT Train Epoch: 5 [6400/60000 (11%)]	Loss: 115.055840
[2022-10-20 01:53:48] PRINT Train Epoch: 5 [7680/60000 (13%)]	Loss: 112.104744
[2022-10-20 01:53:48] PRINT Train Epoch: 5 [8960/60000 (15%)]	Loss: 112.279465
[2022-10-20 01:53:48] PRINT Train Epoch: 5 [10240/60000 (17%)]	Loss: 111.768555
[2022-10-20 01:53:48] PRINT Train Epoch: 5 [11520/60000 (19%)]	Loss: 114.190002
[2022-10-20 01:53:48] PRINT Train Epoch: 5 [12800/60000 (21%)]	Loss: 114.795883
[2022-10-20 01:53:48] PRINT Train Epoch: 5 [14080/60000 (23%)]	Loss: 110.923203
[2022-10-20 01:53:48] PRINT Train Epoch: 5 [15360/60000 (26%)]	Loss: 115.097702
[2022-10-20 01:53:48] PRINT Train Epoch: 5 [16640/60000 (28%)]	Loss: 108.730362
[2022-10-20 01:53:48] PRINT Train Epoch: 5 [17920/60000 (30%)]	Loss: 111.127060
[2022-10-20 01:53:48] PRINT Train Epoch: 5 [19200/60000 (32%)]	Loss: 112.446106
[2022-10-20 01:53:48] PRINT Train Epoch: 5 [20480/60000 (34%)]	Loss: 112.750626
[2022-10-20 01:53:49] PRINT Train Epoch: 5 [21760/60000 (36%)]	Loss: 112.732208
[2022-10-20 01:53:49] PRINT Train Epoch: 5 [23040/60000 (38%)]	Loss: 113.645088
[2022-10-20 01:53:49] PRINT Train Epoch: 5 [24320/60000 (41%)]	Loss: 115.013123
[2022-10-20 01:53:49] PRINT Train Epoch: 5 [25600/60000 (43%)]	Loss: 113.160599
[2022-10-20 01:53:49] PRINT Train Epoch: 5 [26880/60000 (45%)]	Loss: 111.927834
[2022-10-20 01:53:49] PRINT Train Epoch: 5 [28160/60000 (47%)]	Loss: 111.397247
[2022-10-20 01:53:49] PRINT Train Epoch: 5 [29440/60000 (49%)]	Loss: 109.639252
[2022-10-20 01:53:49] PRINT Train Epoch: 5 [30720/60000 (51%)]	Loss: 110.676338
[2022-10-20 01:53:49] PRINT Train Epoch: 5 [32000/60000 (53%)]	Loss: 109.853912
[2022-10-20 01:53:49] PRINT Train Epoch: 5 [33280/60000 (55%)]	Loss: 108.494713
[2022-10-20 01:53:49] PRINT Train Epoch: 5 [34560/60000 (58%)]	Loss: 106.039093
[2022-10-20 01:53:49] PRINT Train Epoch: 5 [35840/60000 (60%)]	Loss: 113.069046
[2022-10-20 01:53:50] PRINT Train Epoch: 5 [37120/60000 (62%)]	Loss: 111.879692
[2022-10-20 01:53:50] PRINT Train Epoch: 5 [38400/60000 (64%)]	Loss: 113.640938
[2022-10-20 01:53:50] PRINT Train Epoch: 5 [39680/60000 (66%)]	Loss: 111.121460
[2022-10-20 01:53:50] PRINT Train Epoch: 5 [40960/60000 (68%)]	Loss: 111.994759
[2022-10-20 01:53:50] PRINT Train Epoch: 5 [42240/60000 (70%)]	Loss: 111.028221
[2022-10-20 01:53:50] PRINT Train Epoch: 5 [43520/60000 (72%)]	Loss: 118.808563
[2022-10-20 01:53:50] PRINT Train Epoch: 5 [44800/60000 (75%)]	Loss: 111.228104
[2022-10-20 01:53:50] PRINT Train Epoch: 5 [46080/60000 (77%)]	Loss: 109.623856
[2022-10-20 01:53:50] PRINT Train Epoch: 5 [47360/60000 (79%)]	Loss: 110.358231
[2022-10-20 01:53:50] PRINT Train Epoch: 5 [48640/60000 (81%)]	Loss: 113.275391
[2022-10-20 01:53:50] PRINT Train Epoch: 5 [49920/60000 (83%)]	Loss: 112.546371
[2022-10-20 01:53:51] PRINT Train Epoch: 5 [51200/60000 (85%)]	Loss: 108.895355
[2022-10-20 01:53:51] PRINT Train Epoch: 5 [52480/60000 (87%)]	Loss: 109.308975
[2022-10-20 01:53:51] PRINT Train Epoch: 5 [53760/60000 (90%)]	Loss: 111.358345
[2022-10-20 01:53:51] PRINT Train Epoch: 5 [55040/60000 (92%)]	Loss: 115.662018
[2022-10-20 01:53:51] PRINT Train Epoch: 5 [56320/60000 (94%)]	Loss: 112.413719
[2022-10-20 01:53:51] PRINT Train Epoch: 5 [57600/60000 (96%)]	Loss: 110.122833
[2022-10-20 01:53:51] PRINT Train Epoch: 5 [58880/60000 (98%)]	Loss: 111.776657
[2022-10-20 01:53:51] PRINT ====> Epoch: 5 Average loss: 111.6014
[2022-10-20 01:53:52] PRINT ====> Test set loss: 110.0703
[2022-10-20 01:53:52] PRINT Train Epoch: 6 [0/60000 (0%)]	Loss: 112.132523
[2022-10-20 01:53:52] PRINT Train Epoch: 6 [1280/60000 (2%)]	Loss: 114.549362
[2022-10-20 01:53:52] PRINT Train Epoch: 6 [2560/60000 (4%)]	Loss: 111.803513
[2022-10-20 01:53:52] PRINT Train Epoch: 6 [3840/60000 (6%)]	Loss: 111.349030
[2022-10-20 01:53:52] PRINT Train Epoch: 6 [5120/60000 (9%)]	Loss: 111.873444
[2022-10-20 01:53:52] PRINT Train Epoch: 6 [6400/60000 (11%)]	Loss: 109.283714
[2022-10-20 01:53:53] PRINT Train Epoch: 6 [7680/60000 (13%)]	Loss: 107.187622
[2022-10-20 01:53:53] PRINT Train Epoch: 6 [8960/60000 (15%)]	Loss: 109.535538
[2022-10-20 01:53:53] PRINT Train Epoch: 6 [10240/60000 (17%)]	Loss: 117.291611
[2022-10-20 01:53:53] PRINT Train Epoch: 6 [11520/60000 (19%)]	Loss: 111.666077
[2022-10-20 01:53:53] PRINT Train Epoch: 6 [12800/60000 (21%)]	Loss: 111.918381
[2022-10-20 01:53:53] PRINT Train Epoch: 6 [14080/60000 (23%)]	Loss: 110.200516
[2022-10-20 01:53:53] PRINT Train Epoch: 6 [15360/60000 (26%)]	Loss: 112.154419
[2022-10-20 01:53:53] PRINT Train Epoch: 6 [16640/60000 (28%)]	Loss: 107.255417
[2022-10-20 01:53:53] PRINT Train Epoch: 6 [17920/60000 (30%)]	Loss: 107.067932
[2022-10-20 01:53:53] PRINT Train Epoch: 6 [19200/60000 (32%)]	Loss: 111.929344
[2022-10-20 01:53:53] PRINT Train Epoch: 6 [20480/60000 (34%)]	Loss: 110.621780
[2022-10-20 01:53:54] PRINT Train Epoch: 6 [21760/60000 (36%)]	Loss: 104.087097
[2022-10-20 01:53:54] PRINT Train Epoch: 6 [23040/60000 (38%)]	Loss: 102.296951
[2022-10-20 01:53:54] PRINT Train Epoch: 6 [24320/60000 (41%)]	Loss: 108.285446
[2022-10-20 01:53:54] PRINT Train Epoch: 6 [25600/60000 (43%)]	Loss: 113.175446
[2022-10-20 01:53:54] PRINT Train Epoch: 6 [26880/60000 (45%)]	Loss: 107.913574
[2022-10-20 01:53:54] PRINT Train Epoch: 6 [28160/60000 (47%)]	Loss: 107.071220
[2022-10-20 01:53:54] PRINT Train Epoch: 6 [29440/60000 (49%)]	Loss: 107.874268
[2022-10-20 01:53:54] PRINT Train Epoch: 6 [30720/60000 (51%)]	Loss: 110.062973
[2022-10-20 01:53:54] PRINT Train Epoch: 6 [32000/60000 (53%)]	Loss: 107.731049
[2022-10-20 01:53:54] PRINT Train Epoch: 6 [33280/60000 (55%)]	Loss: 114.060478
[2022-10-20 01:53:54] PRINT Train Epoch: 6 [34560/60000 (58%)]	Loss: 112.796463
[2022-10-20 01:53:55] PRINT Train Epoch: 6 [35840/60000 (60%)]	Loss: 106.894936
[2022-10-20 01:53:55] PRINT Train Epoch: 6 [37120/60000 (62%)]	Loss: 114.435555
[2022-10-20 01:53:55] PRINT Train Epoch: 6 [38400/60000 (64%)]	Loss: 113.114105
[2022-10-20 01:53:55] PRINT Train Epoch: 6 [39680/60000 (66%)]	Loss: 108.783890
[2022-10-20 01:53:55] PRINT Train Epoch: 6 [40960/60000 (68%)]	Loss: 109.491272
[2022-10-20 01:53:55] PRINT Train Epoch: 6 [42240/60000 (70%)]	Loss: 113.265442
[2022-10-20 01:53:55] PRINT Train Epoch: 6 [43520/60000 (72%)]	Loss: 111.054001
[2022-10-20 01:53:55] PRINT Train Epoch: 6 [44800/60000 (75%)]	Loss: 110.203171
[2022-10-20 01:53:55] PRINT Train Epoch: 6 [46080/60000 (77%)]	Loss: 107.202385
[2022-10-20 01:53:55] PRINT Train Epoch: 6 [47360/60000 (79%)]	Loss: 107.598557
[2022-10-20 01:53:55] PRINT Train Epoch: 6 [48640/60000 (81%)]	Loss: 110.915939
[2022-10-20 01:53:56] PRINT Train Epoch: 6 [49920/60000 (83%)]	Loss: 108.378036
[2022-10-20 01:53:56] PRINT Train Epoch: 6 [51200/60000 (85%)]	Loss: 113.077606
[2022-10-20 01:53:56] PRINT Train Epoch: 6 [52480/60000 (87%)]	Loss: 111.510574
[2022-10-20 01:53:56] PRINT Train Epoch: 6 [53760/60000 (90%)]	Loss: 109.341537
[2022-10-20 01:53:56] PRINT Train Epoch: 6 [55040/60000 (92%)]	Loss: 107.135895
[2022-10-20 01:53:56] PRINT Train Epoch: 6 [56320/60000 (94%)]	Loss: 107.157112
[2022-10-20 01:53:56] PRINT Train Epoch: 6 [57600/60000 (96%)]	Loss: 110.293159
[2022-10-20 01:53:56] PRINT Train Epoch: 6 [58880/60000 (98%)]	Loss: 110.031715
[2022-10-20 01:53:56] PRINT ====> Epoch: 6 Average loss: 109.9743
[2022-10-20 01:53:57] PRINT ====> Test set loss: 108.5698
[2022-10-20 01:53:57] PRINT Train Epoch: 7 [0/60000 (0%)]	Loss: 109.992599
[2022-10-20 01:53:57] PRINT Train Epoch: 7 [1280/60000 (2%)]	Loss: 110.453476
[2022-10-20 01:53:57] PRINT Train Epoch: 7 [2560/60000 (4%)]	Loss: 111.639969
[2022-10-20 01:53:57] PRINT Train Epoch: 7 [3840/60000 (6%)]	Loss: 109.034767
[2022-10-20 01:53:57] PRINT Train Epoch: 7 [5120/60000 (9%)]	Loss: 109.312080
[2022-10-20 01:53:57] PRINT Train Epoch: 7 [6400/60000 (11%)]	Loss: 110.288986
[2022-10-20 01:53:58] PRINT Train Epoch: 7 [7680/60000 (13%)]	Loss: 108.136490
[2022-10-20 01:53:58] PRINT Train Epoch: 7 [8960/60000 (15%)]	Loss: 109.074966
[2022-10-20 01:53:58] PRINT Train Epoch: 7 [10240/60000 (17%)]	Loss: 107.017494
[2022-10-20 01:53:58] PRINT Train Epoch: 7 [11520/60000 (19%)]	Loss: 109.977654
[2022-10-20 01:53:58] PRINT Train Epoch: 7 [12800/60000 (21%)]	Loss: 105.901360
[2022-10-20 01:53:58] PRINT Train Epoch: 7 [14080/60000 (23%)]	Loss: 108.120880
[2022-10-20 01:53:58] PRINT Train Epoch: 7 [15360/60000 (26%)]	Loss: 107.536194
[2022-10-20 01:53:58] PRINT Train Epoch: 7 [16640/60000 (28%)]	Loss: 107.022812
[2022-10-20 01:53:58] PRINT Train Epoch: 7 [17920/60000 (30%)]	Loss: 108.649170
[2022-10-20 01:53:58] PRINT Train Epoch: 7 [19200/60000 (32%)]	Loss: 112.138687
[2022-10-20 01:53:58] PRINT Train Epoch: 7 [20480/60000 (34%)]	Loss: 108.299568
[2022-10-20 01:53:58] PRINT Train Epoch: 7 [21760/60000 (36%)]	Loss: 113.126968
[2022-10-20 01:53:59] PRINT Train Epoch: 7 [23040/60000 (38%)]	Loss: 109.690765
[2022-10-20 01:53:59] PRINT Train Epoch: 7 [24320/60000 (41%)]	Loss: 108.595894
[2022-10-20 01:53:59] PRINT Train Epoch: 7 [25600/60000 (43%)]	Loss: 113.845474
[2022-10-20 01:53:59] PRINT Train Epoch: 7 [26880/60000 (45%)]	Loss: 105.041901
[2022-10-20 01:53:59] PRINT Train Epoch: 7 [28160/60000 (47%)]	Loss: 107.284866
[2022-10-20 01:53:59] PRINT Train Epoch: 7 [29440/60000 (49%)]	Loss: 110.411217
[2022-10-20 01:53:59] PRINT Train Epoch: 7 [30720/60000 (51%)]	Loss: 107.659912
[2022-10-20 01:53:59] PRINT Train Epoch: 7 [32000/60000 (53%)]	Loss: 109.662033
[2022-10-20 01:53:59] PRINT Train Epoch: 7 [33280/60000 (55%)]	Loss: 109.819153
[2022-10-20 01:53:59] PRINT Train Epoch: 7 [34560/60000 (58%)]	Loss: 110.031158
[2022-10-20 01:53:59] PRINT Train Epoch: 7 [35840/60000 (60%)]	Loss: 107.701279
[2022-10-20 01:54:00] PRINT Train Epoch: 7 [37120/60000 (62%)]	Loss: 106.904480
[2022-10-20 01:54:00] PRINT Train Epoch: 7 [38400/60000 (64%)]	Loss: 103.906425
[2022-10-20 01:54:00] PRINT Train Epoch: 7 [39680/60000 (66%)]	Loss: 108.726433
[2022-10-20 01:54:00] PRINT Train Epoch: 7 [40960/60000 (68%)]	Loss: 110.989807
[2022-10-20 01:54:00] PRINT Train Epoch: 7 [42240/60000 (70%)]	Loss: 108.428223
[2022-10-20 01:54:00] PRINT Train Epoch: 7 [43520/60000 (72%)]	Loss: 108.823959
[2022-10-20 01:54:00] PRINT Train Epoch: 7 [44800/60000 (75%)]	Loss: 108.256943
[2022-10-20 01:54:00] PRINT Train Epoch: 7 [46080/60000 (77%)]	Loss: 108.809204
[2022-10-20 01:54:00] PRINT Train Epoch: 7 [47360/60000 (79%)]	Loss: 111.364235
[2022-10-20 01:54:00] PRINT Train Epoch: 7 [48640/60000 (81%)]	Loss: 112.212799
[2022-10-20 01:54:00] PRINT Train Epoch: 7 [49920/60000 (83%)]	Loss: 110.774391
[2022-10-20 01:54:01] PRINT Train Epoch: 7 [51200/60000 (85%)]	Loss: 109.915962
[2022-10-20 01:54:01] PRINT Train Epoch: 7 [52480/60000 (87%)]	Loss: 111.590210
[2022-10-20 01:54:01] PRINT Train Epoch: 7 [53760/60000 (90%)]	Loss: 107.872177
[2022-10-20 01:54:01] PRINT Train Epoch: 7 [55040/60000 (92%)]	Loss: 109.907990
[2022-10-20 01:54:01] PRINT Train Epoch: 7 [56320/60000 (94%)]	Loss: 106.217087
[2022-10-20 01:54:01] PRINT Train Epoch: 7 [57600/60000 (96%)]	Loss: 108.639954
[2022-10-20 01:54:01] PRINT Train Epoch: 7 [58880/60000 (98%)]	Loss: 108.784424
[2022-10-20 01:54:01] PRINT ====> Epoch: 7 Average loss: 108.8224
[2022-10-20 01:54:02] PRINT ====> Test set loss: 107.6256
[2022-10-20 01:54:02] PRINT Train Epoch: 8 [0/60000 (0%)]	Loss: 105.819885
[2022-10-20 01:54:02] PRINT Train Epoch: 8 [1280/60000 (2%)]	Loss: 104.071579
[2022-10-20 01:54:02] PRINT Train Epoch: 8 [2560/60000 (4%)]	Loss: 108.567276
[2022-10-20 01:54:02] PRINT Train Epoch: 8 [3840/60000 (6%)]	Loss: 104.606026
[2022-10-20 01:54:02] PRINT Train Epoch: 8 [5120/60000 (9%)]	Loss: 106.771835
[2022-10-20 01:54:02] PRINT Train Epoch: 8 [6400/60000 (11%)]	Loss: 102.723747
[2022-10-20 01:54:03] PRINT Train Epoch: 8 [7680/60000 (13%)]	Loss: 106.147591
[2022-10-20 01:54:03] PRINT Train Epoch: 8 [8960/60000 (15%)]	Loss: 107.631882
[2022-10-20 01:54:03] PRINT Train Epoch: 8 [10240/60000 (17%)]	Loss: 106.333038
[2022-10-20 01:54:03] PRINT Train Epoch: 8 [11520/60000 (19%)]	Loss: 107.926132
[2022-10-20 01:54:03] PRINT Train Epoch: 8 [12800/60000 (21%)]	Loss: 110.325272
[2022-10-20 01:54:03] PRINT Train Epoch: 8 [14080/60000 (23%)]	Loss: 110.920204
[2022-10-20 01:54:03] PRINT Train Epoch: 8 [15360/60000 (26%)]	Loss: 110.561600
[2022-10-20 01:54:03] PRINT Train Epoch: 8 [16640/60000 (28%)]	Loss: 108.590118
[2022-10-20 01:54:03] PRINT Train Epoch: 8 [17920/60000 (30%)]	Loss: 110.117935
[2022-10-20 01:54:03] PRINT Train Epoch: 8 [19200/60000 (32%)]	Loss: 110.272766
[2022-10-20 01:54:03] PRINT Train Epoch: 8 [20480/60000 (34%)]	Loss: 107.567856
[2022-10-20 01:54:03] PRINT Train Epoch: 8 [21760/60000 (36%)]	Loss: 106.891212
[2022-10-20 01:54:04] PRINT Train Epoch: 8 [23040/60000 (38%)]	Loss: 111.255585
[2022-10-20 01:54:04] PRINT Train Epoch: 8 [24320/60000 (41%)]	Loss: 108.241547
[2022-10-20 01:54:04] PRINT Train Epoch: 8 [25600/60000 (43%)]	Loss: 112.917778
[2022-10-20 01:54:04] PRINT Train Epoch: 8 [26880/60000 (45%)]	Loss: 105.738571
[2022-10-20 01:54:04] PRINT Train Epoch: 8 [28160/60000 (47%)]	Loss: 105.413803
[2022-10-20 01:54:04] PRINT Train Epoch: 8 [29440/60000 (49%)]	Loss: 107.320297
[2022-10-20 01:54:04] PRINT Train Epoch: 8 [30720/60000 (51%)]	Loss: 107.037888
[2022-10-20 01:54:04] PRINT Train Epoch: 8 [32000/60000 (53%)]	Loss: 107.836182
[2022-10-20 01:54:04] PRINT Train Epoch: 8 [33280/60000 (55%)]	Loss: 107.639343
[2022-10-20 01:54:04] PRINT Train Epoch: 8 [34560/60000 (58%)]	Loss: 106.173523
[2022-10-20 01:54:04] PRINT Train Epoch: 8 [35840/60000 (60%)]	Loss: 106.391830
[2022-10-20 01:54:05] PRINT Train Epoch: 8 [37120/60000 (62%)]	Loss: 106.881981
[2022-10-20 01:54:05] PRINT Train Epoch: 8 [38400/60000 (64%)]	Loss: 107.179428
[2022-10-20 01:54:05] PRINT Train Epoch: 8 [39680/60000 (66%)]	Loss: 111.903000
[2022-10-20 01:54:05] PRINT Train Epoch: 8 [40960/60000 (68%)]	Loss: 103.316513
[2022-10-20 01:54:05] PRINT Train Epoch: 8 [42240/60000 (70%)]	Loss: 107.480301
[2022-10-20 01:54:05] PRINT Train Epoch: 8 [43520/60000 (72%)]	Loss: 106.679367
[2022-10-20 01:54:05] PRINT Train Epoch: 8 [44800/60000 (75%)]	Loss: 103.696632
[2022-10-20 01:54:05] PRINT Train Epoch: 8 [46080/60000 (77%)]	Loss: 107.134140
[2022-10-20 01:54:05] PRINT Train Epoch: 8 [47360/60000 (79%)]	Loss: 108.674355
[2022-10-20 01:54:05] PRINT Train Epoch: 8 [48640/60000 (81%)]	Loss: 107.830544
[2022-10-20 01:54:05] PRINT Train Epoch: 8 [49920/60000 (83%)]	Loss: 108.999428
[2022-10-20 01:54:06] PRINT Train Epoch: 8 [51200/60000 (85%)]	Loss: 107.180069
[2022-10-20 01:54:06] PRINT Train Epoch: 8 [52480/60000 (87%)]	Loss: 110.635193
[2022-10-20 01:54:06] PRINT Train Epoch: 8 [53760/60000 (90%)]	Loss: 108.061882
[2022-10-20 01:54:06] PRINT Train Epoch: 8 [55040/60000 (92%)]	Loss: 104.845062
[2022-10-20 01:54:06] PRINT Train Epoch: 8 [56320/60000 (94%)]	Loss: 107.582695
[2022-10-20 01:54:06] PRINT Train Epoch: 8 [57600/60000 (96%)]	Loss: 105.416725
[2022-10-20 01:54:06] PRINT Train Epoch: 8 [58880/60000 (98%)]	Loss: 111.272736
[2022-10-20 01:54:06] PRINT ====> Epoch: 8 Average loss: 107.9319
[2022-10-20 01:54:07] PRINT ====> Test set loss: 107.1518
[2022-10-20 01:54:07] PRINT Train Epoch: 9 [0/60000 (0%)]	Loss: 110.160454
[2022-10-20 01:54:07] PRINT Train Epoch: 9 [1280/60000 (2%)]	Loss: 104.449638
[2022-10-20 01:54:07] PRINT Train Epoch: 9 [2560/60000 (4%)]	Loss: 107.016914
[2022-10-20 01:54:07] PRINT Train Epoch: 9 [3840/60000 (6%)]	Loss: 106.511780
[2022-10-20 01:54:07] PRINT Train Epoch: 9 [5120/60000 (9%)]	Loss: 110.443100
[2022-10-20 01:54:07] PRINT Train Epoch: 9 [6400/60000 (11%)]	Loss: 106.867088
[2022-10-20 01:54:07] PRINT Train Epoch: 9 [7680/60000 (13%)]	Loss: 109.250748
[2022-10-20 01:54:07] PRINT Train Epoch: 9 [8960/60000 (15%)]	Loss: 107.401886
[2022-10-20 01:54:08] PRINT Train Epoch: 9 [10240/60000 (17%)]	Loss: 106.091873
[2022-10-20 01:54:08] PRINT Train Epoch: 9 [11520/60000 (19%)]	Loss: 103.526939
[2022-10-20 01:54:08] PRINT Train Epoch: 9 [12800/60000 (21%)]	Loss: 107.358780
[2022-10-20 01:54:08] PRINT Train Epoch: 9 [14080/60000 (23%)]	Loss: 108.929459
[2022-10-20 01:54:08] PRINT Train Epoch: 9 [15360/60000 (26%)]	Loss: 109.496597
[2022-10-20 01:54:08] PRINT Train Epoch: 9 [16640/60000 (28%)]	Loss: 106.058563
[2022-10-20 01:54:08] PRINT Train Epoch: 9 [17920/60000 (30%)]	Loss: 107.443886
[2022-10-20 01:54:08] PRINT Train Epoch: 9 [19200/60000 (32%)]	Loss: 107.794701
[2022-10-20 01:54:08] PRINT Train Epoch: 9 [20480/60000 (34%)]	Loss: 105.137161
[2022-10-20 01:54:08] PRINT Train Epoch: 9 [21760/60000 (36%)]	Loss: 107.485138
[2022-10-20 01:54:08] PRINT Train Epoch: 9 [23040/60000 (38%)]	Loss: 107.340141
[2022-10-20 01:54:09] PRINT Train Epoch: 9 [24320/60000 (41%)]	Loss: 108.853981
[2022-10-20 01:54:09] PRINT Train Epoch: 9 [25600/60000 (43%)]	Loss: 108.039276
[2022-10-20 01:54:09] PRINT Train Epoch: 9 [26880/60000 (45%)]	Loss: 109.902100
[2022-10-20 01:54:09] PRINT Train Epoch: 9 [28160/60000 (47%)]	Loss: 102.478058
[2022-10-20 01:54:09] PRINT Train Epoch: 9 [29440/60000 (49%)]	Loss: 111.207329
[2022-10-20 01:54:09] PRINT Train Epoch: 9 [30720/60000 (51%)]	Loss: 103.865204
[2022-10-20 01:54:09] PRINT Train Epoch: 9 [32000/60000 (53%)]	Loss: 105.384338
[2022-10-20 01:54:09] PRINT Train Epoch: 9 [33280/60000 (55%)]	Loss: 103.240067
[2022-10-20 01:54:09] PRINT Train Epoch: 9 [34560/60000 (58%)]	Loss: 106.441910
[2022-10-20 01:54:09] PRINT Train Epoch: 9 [35840/60000 (60%)]	Loss: 108.886459
[2022-10-20 01:54:09] PRINT Train Epoch: 9 [37120/60000 (62%)]	Loss: 107.479355
[2022-10-20 01:54:09] PRINT Train Epoch: 9 [38400/60000 (64%)]	Loss: 105.784729
[2022-10-20 01:54:10] PRINT Train Epoch: 9 [39680/60000 (66%)]	Loss: 107.115791
[2022-10-20 01:54:10] PRINT Train Epoch: 9 [40960/60000 (68%)]	Loss: 104.478851
[2022-10-20 01:54:10] PRINT Train Epoch: 9 [42240/60000 (70%)]	Loss: 113.270432
[2022-10-20 01:54:10] PRINT Train Epoch: 9 [43520/60000 (72%)]	Loss: 107.489288
[2022-10-20 01:54:10] PRINT Train Epoch: 9 [44800/60000 (75%)]	Loss: 109.395149
[2022-10-20 01:54:10] PRINT Train Epoch: 9 [46080/60000 (77%)]	Loss: 104.226562
[2022-10-20 01:54:10] PRINT Train Epoch: 9 [47360/60000 (79%)]	Loss: 106.981918
[2022-10-20 01:54:10] PRINT Train Epoch: 9 [48640/60000 (81%)]	Loss: 106.223900
[2022-10-20 01:54:10] PRINT Train Epoch: 9 [49920/60000 (83%)]	Loss: 109.387100
[2022-10-20 01:54:10] PRINT Train Epoch: 9 [51200/60000 (85%)]	Loss: 107.667702
[2022-10-20 01:54:10] PRINT Train Epoch: 9 [52480/60000 (87%)]	Loss: 108.224289
[2022-10-20 01:54:11] PRINT Train Epoch: 9 [53760/60000 (90%)]	Loss: 108.860443
[2022-10-20 01:54:11] PRINT Train Epoch: 9 [55040/60000 (92%)]	Loss: 110.416557
[2022-10-20 01:54:11] PRINT Train Epoch: 9 [56320/60000 (94%)]	Loss: 105.678535
[2022-10-20 01:54:11] PRINT Train Epoch: 9 [57600/60000 (96%)]	Loss: 104.514664
[2022-10-20 01:54:11] PRINT Train Epoch: 9 [58880/60000 (98%)]	Loss: 111.877777
[2022-10-20 01:54:11] PRINT ====> Epoch: 9 Average loss: 107.2979
[2022-10-20 01:54:12] PRINT ====> Test set loss: 106.6823
[2022-10-20 01:54:12] PRINT Train Epoch: 10 [0/60000 (0%)]	Loss: 106.913872
[2022-10-20 01:54:12] PRINT Train Epoch: 10 [1280/60000 (2%)]	Loss: 101.694275
[2022-10-20 01:54:12] PRINT Train Epoch: 10 [2560/60000 (4%)]	Loss: 106.012329
[2022-10-20 01:54:12] PRINT Train Epoch: 10 [3840/60000 (6%)]	Loss: 105.540665
[2022-10-20 01:54:12] PRINT Train Epoch: 10 [5120/60000 (9%)]	Loss: 106.232140
[2022-10-20 01:54:12] PRINT Train Epoch: 10 [6400/60000 (11%)]	Loss: 109.271393
[2022-10-20 01:54:12] PRINT Train Epoch: 10 [7680/60000 (13%)]	Loss: 107.291077
[2022-10-20 01:54:12] PRINT Train Epoch: 10 [8960/60000 (15%)]	Loss: 109.363510
[2022-10-20 01:54:12] PRINT Train Epoch: 10 [10240/60000 (17%)]	Loss: 106.683014
[2022-10-20 01:54:13] PRINT Train Epoch: 10 [11520/60000 (19%)]	Loss: 107.476044
[2022-10-20 01:54:13] PRINT Train Epoch: 10 [12800/60000 (21%)]	Loss: 109.755707
[2022-10-20 01:54:13] PRINT Train Epoch: 10 [14080/60000 (23%)]	Loss: 108.424561
[2022-10-20 01:54:13] PRINT Train Epoch: 10 [15360/60000 (26%)]	Loss: 105.923851
[2022-10-20 01:54:13] PRINT Train Epoch: 10 [16640/60000 (28%)]	Loss: 104.384384
[2022-10-20 01:54:13] PRINT Train Epoch: 10 [17920/60000 (30%)]	Loss: 103.245384
[2022-10-20 01:54:13] PRINT Train Epoch: 10 [19200/60000 (32%)]	Loss: 105.277519
[2022-10-20 01:54:13] PRINT Train Epoch: 10 [20480/60000 (34%)]	Loss: 105.814247
[2022-10-20 01:54:13] PRINT Train Epoch: 10 [21760/60000 (36%)]	Loss: 105.428635
[2022-10-20 01:54:13] PRINT Train Epoch: 10 [23040/60000 (38%)]	Loss: 105.402649
[2022-10-20 01:54:13] PRINT Train Epoch: 10 [24320/60000 (41%)]	Loss: 103.162720
[2022-10-20 01:54:13] PRINT Train Epoch: 10 [25600/60000 (43%)]	Loss: 107.251221
[2022-10-20 01:54:14] PRINT Train Epoch: 10 [26880/60000 (45%)]	Loss: 108.252228
[2022-10-20 01:54:14] PRINT Train Epoch: 10 [28160/60000 (47%)]	Loss: 105.934692
[2022-10-20 01:54:14] PRINT Train Epoch: 10 [29440/60000 (49%)]	Loss: 107.526154
[2022-10-20 01:54:14] PRINT Train Epoch: 10 [30720/60000 (51%)]	Loss: 104.600540
[2022-10-20 01:54:14] PRINT Train Epoch: 10 [32000/60000 (53%)]	Loss: 108.751801
[2022-10-20 01:54:14] PRINT Train Epoch: 10 [33280/60000 (55%)]	Loss: 105.437660
[2022-10-20 01:54:14] PRINT Train Epoch: 10 [34560/60000 (58%)]	Loss: 106.814415
[2022-10-20 01:54:14] PRINT Train Epoch: 10 [35840/60000 (60%)]	Loss: 105.261871
[2022-10-20 01:54:14] PRINT Train Epoch: 10 [37120/60000 (62%)]	Loss: 107.105751
[2022-10-20 01:54:14] PRINT Train Epoch: 10 [38400/60000 (64%)]	Loss: 104.983337
[2022-10-20 01:54:14] PRINT Train Epoch: 10 [39680/60000 (66%)]	Loss: 104.031204
[2022-10-20 01:54:15] PRINT Train Epoch: 10 [40960/60000 (68%)]	Loss: 105.487091
[2022-10-20 01:54:15] PRINT Train Epoch: 10 [42240/60000 (70%)]	Loss: 103.065918
[2022-10-20 01:54:15] PRINT Train Epoch: 10 [43520/60000 (72%)]	Loss: 107.208008
[2022-10-20 01:54:15] PRINT Train Epoch: 10 [44800/60000 (75%)]	Loss: 105.175743
[2022-10-20 01:54:15] PRINT Train Epoch: 10 [46080/60000 (77%)]	Loss: 106.118561
[2022-10-20 01:54:15] PRINT Train Epoch: 10 [47360/60000 (79%)]	Loss: 109.414154
[2022-10-20 01:54:15] PRINT Train Epoch: 10 [48640/60000 (81%)]	Loss: 110.524780
[2022-10-20 01:54:15] PRINT Train Epoch: 10 [49920/60000 (83%)]	Loss: 110.703369
[2022-10-20 01:54:15] PRINT Train Epoch: 10 [51200/60000 (85%)]	Loss: 105.503082
[2022-10-20 01:54:15] PRINT Train Epoch: 10 [52480/60000 (87%)]	Loss: 106.311241
[2022-10-20 01:54:15] PRINT Train Epoch: 10 [53760/60000 (90%)]	Loss: 104.961113
[2022-10-20 01:54:15] PRINT Train Epoch: 10 [55040/60000 (92%)]	Loss: 106.882088
[2022-10-20 01:54:16] PRINT Train Epoch: 10 [56320/60000 (94%)]	Loss: 108.658951
[2022-10-20 01:54:16] PRINT Train Epoch: 10 [57600/60000 (96%)]	Loss: 108.081467
[2022-10-20 01:54:16] PRINT Train Epoch: 10 [58880/60000 (98%)]	Loss: 103.679680
[2022-10-20 01:54:16] PRINT ====> Epoch: 10 Average loss: 106.7616
[2022-10-20 01:54:17] PRINT ====> Test set loss: 105.9380
