[2022-10-19 23:21:03] PRINT {'features1': 500, 'features2': 30, 'lr': 0.00010903769993904853, 'epsilon': 1e-07}
[2022-10-19 23:21:03] PRINT Using cuda device
[2022-10-19 23:21:04] PRINT Train Epoch: 1 [0/60000 (0%)]	Loss: 548.737915
[2022-10-19 23:21:04] PRINT Train Epoch: 1 [1280/60000 (2%)]	Loss: 512.588440
[2022-10-19 23:21:05] PRINT Train Epoch: 1 [2560/60000 (4%)]	Loss: 472.338806
[2022-10-19 23:21:05] PRINT Train Epoch: 1 [3840/60000 (6%)]	Loss: 430.644684
[2022-10-19 23:21:05] PRINT Train Epoch: 1 [5120/60000 (9%)]	Loss: 379.868530
[2022-10-19 23:21:05] PRINT Train Epoch: 1 [6400/60000 (11%)]	Loss: 333.981873
[2022-10-19 23:21:05] PRINT Train Epoch: 1 [7680/60000 (13%)]	Loss: 300.006500
[2022-10-19 23:21:05] PRINT Train Epoch: 1 [8960/60000 (15%)]	Loss: 289.333191
[2022-10-19 23:21:05] PRINT Train Epoch: 1 [10240/60000 (17%)]	Loss: 265.934479
[2022-10-19 23:21:05] PRINT Train Epoch: 1 [11520/60000 (19%)]	Loss: 256.253876
[2022-10-19 23:21:05] PRINT Train Epoch: 1 [12800/60000 (21%)]	Loss: 256.267517
[2022-10-19 23:21:05] PRINT Train Epoch: 1 [14080/60000 (23%)]	Loss: 252.964508
[2022-10-19 23:21:06] PRINT Train Epoch: 1 [15360/60000 (26%)]	Loss: 240.761581
[2022-10-19 23:21:06] PRINT Train Epoch: 1 [16640/60000 (28%)]	Loss: 252.988022
[2022-10-19 23:21:06] PRINT Train Epoch: 1 [17920/60000 (30%)]	Loss: 237.956696
[2022-10-19 23:21:06] PRINT Train Epoch: 1 [19200/60000 (32%)]	Loss: 234.777145
[2022-10-19 23:21:06] PRINT Train Epoch: 1 [20480/60000 (34%)]	Loss: 239.643402
[2022-10-19 23:21:06] PRINT Train Epoch: 1 [21760/60000 (36%)]	Loss: 230.358032
[2022-10-19 23:21:06] PRINT Train Epoch: 1 [23040/60000 (38%)]	Loss: 236.666489
[2022-10-19 23:21:06] PRINT Train Epoch: 1 [24320/60000 (41%)]	Loss: 232.973221
[2022-10-19 23:21:06] PRINT Train Epoch: 1 [25600/60000 (43%)]	Loss: 227.108673
[2022-10-19 23:21:07] PRINT Train Epoch: 1 [26880/60000 (45%)]	Loss: 222.881683
[2022-10-19 23:21:07] PRINT Train Epoch: 1 [28160/60000 (47%)]	Loss: 216.955368
[2022-10-19 23:21:07] PRINT Train Epoch: 1 [29440/60000 (49%)]	Loss: 219.142166
[2022-10-19 23:21:07] PRINT Train Epoch: 1 [30720/60000 (51%)]	Loss: 213.633087
[2022-10-19 23:21:07] PRINT Train Epoch: 1 [32000/60000 (53%)]	Loss: 221.438843
[2022-10-19 23:21:07] PRINT Train Epoch: 1 [33280/60000 (55%)]	Loss: 212.380569
[2022-10-19 23:21:07] PRINT Train Epoch: 1 [34560/60000 (58%)]	Loss: 214.535217
[2022-10-19 23:21:07] PRINT Train Epoch: 1 [35840/60000 (60%)]	Loss: 216.719391
[2022-10-19 23:21:07] PRINT Train Epoch: 1 [37120/60000 (62%)]	Loss: 212.721603
[2022-10-19 23:21:07] PRINT Train Epoch: 1 [38400/60000 (64%)]	Loss: 213.828888
[2022-10-19 23:21:08] PRINT Train Epoch: 1 [39680/60000 (66%)]	Loss: 211.131073
[2022-10-19 23:21:08] PRINT Train Epoch: 1 [40960/60000 (68%)]	Loss: 206.290955
[2022-10-19 23:21:08] PRINT Train Epoch: 1 [42240/60000 (70%)]	Loss: 201.810364
[2022-10-19 23:21:08] PRINT Train Epoch: 1 [43520/60000 (72%)]	Loss: 205.442047
[2022-10-19 23:21:08] PRINT Train Epoch: 1 [44800/60000 (75%)]	Loss: 206.365372
[2022-10-19 23:21:08] PRINT Train Epoch: 1 [46080/60000 (77%)]	Loss: 204.397064
[2022-10-19 23:21:08] PRINT Train Epoch: 1 [47360/60000 (79%)]	Loss: 199.322250
[2022-10-19 23:21:08] PRINT Train Epoch: 1 [48640/60000 (81%)]	Loss: 203.768860
[2022-10-19 23:21:08] PRINT Train Epoch: 1 [49920/60000 (83%)]	Loss: 195.962341
[2022-10-19 23:21:08] PRINT Train Epoch: 1 [51200/60000 (85%)]	Loss: 192.846283
[2022-10-19 23:21:09] PRINT Train Epoch: 1 [52480/60000 (87%)]	Loss: 193.595428
[2022-10-19 23:21:09] PRINT Train Epoch: 1 [53760/60000 (90%)]	Loss: 185.757095
[2022-10-19 23:21:09] PRINT Train Epoch: 1 [55040/60000 (92%)]	Loss: 186.398499
[2022-10-19 23:21:09] PRINT Train Epoch: 1 [56320/60000 (94%)]	Loss: 189.946625
[2022-10-19 23:21:09] PRINT Train Epoch: 1 [57600/60000 (96%)]	Loss: 181.597549
[2022-10-19 23:21:09] PRINT Train Epoch: 1 [58880/60000 (98%)]	Loss: 189.368805
[2022-10-19 23:21:09] PRINT ====> Epoch: 1 Average loss: 244.9928
[2022-10-19 23:21:10] PRINT ====> Test set loss: 183.0325
[2022-10-19 23:21:10] PRINT Train Epoch: 2 [0/60000 (0%)]	Loss: 186.885330
[2022-10-19 23:21:10] PRINT Train Epoch: 2 [1280/60000 (2%)]	Loss: 179.705124
[2022-10-19 23:21:10] PRINT Train Epoch: 2 [2560/60000 (4%)]	Loss: 186.382904
[2022-10-19 23:21:10] PRINT Train Epoch: 2 [3840/60000 (6%)]	Loss: 175.391891
[2022-10-19 23:21:11] PRINT Train Epoch: 2 [5120/60000 (9%)]	Loss: 173.911057
[2022-10-19 23:21:11] PRINT Train Epoch: 2 [6400/60000 (11%)]	Loss: 173.491852
[2022-10-19 23:21:11] PRINT Train Epoch: 2 [7680/60000 (13%)]	Loss: 181.279480
[2022-10-19 23:21:11] PRINT Train Epoch: 2 [8960/60000 (15%)]	Loss: 177.336594
[2022-10-19 23:21:11] PRINT Train Epoch: 2 [10240/60000 (17%)]	Loss: 177.034775
[2022-10-19 23:21:11] PRINT Train Epoch: 2 [11520/60000 (19%)]	Loss: 170.987076
[2022-10-19 23:21:11] PRINT Train Epoch: 2 [12800/60000 (21%)]	Loss: 177.462143
[2022-10-19 23:21:11] PRINT Train Epoch: 2 [14080/60000 (23%)]	Loss: 175.062561
[2022-10-19 23:21:11] PRINT Train Epoch: 2 [15360/60000 (26%)]	Loss: 167.761108
[2022-10-19 23:21:12] PRINT Train Epoch: 2 [16640/60000 (28%)]	Loss: 173.644012
[2022-10-19 23:21:12] PRINT Train Epoch: 2 [17920/60000 (30%)]	Loss: 172.753937
[2022-10-19 23:21:12] PRINT Train Epoch: 2 [19200/60000 (32%)]	Loss: 169.993530
[2022-10-19 23:21:12] PRINT Train Epoch: 2 [20480/60000 (34%)]	Loss: 175.833588
[2022-10-19 23:21:12] PRINT Train Epoch: 2 [21760/60000 (36%)]	Loss: 177.032166
[2022-10-19 23:21:12] PRINT Train Epoch: 2 [23040/60000 (38%)]	Loss: 168.935211
[2022-10-19 23:21:12] PRINT Train Epoch: 2 [24320/60000 (41%)]	Loss: 169.961365
[2022-10-19 23:21:12] PRINT Train Epoch: 2 [25600/60000 (43%)]	Loss: 168.523636
[2022-10-19 23:21:12] PRINT Train Epoch: 2 [26880/60000 (45%)]	Loss: 169.758652
[2022-10-19 23:21:12] PRINT Train Epoch: 2 [28160/60000 (47%)]	Loss: 170.643677
[2022-10-19 23:21:13] PRINT Train Epoch: 2 [29440/60000 (49%)]	Loss: 167.478561
[2022-10-19 23:21:13] PRINT Train Epoch: 2 [30720/60000 (51%)]	Loss: 163.061203
[2022-10-19 23:21:13] PRINT Train Epoch: 2 [32000/60000 (53%)]	Loss: 164.729248
[2022-10-19 23:21:13] PRINT Train Epoch: 2 [33280/60000 (55%)]	Loss: 171.102264
[2022-10-19 23:21:13] PRINT Train Epoch: 2 [34560/60000 (58%)]	Loss: 165.103516
[2022-10-19 23:21:13] PRINT Train Epoch: 2 [35840/60000 (60%)]	Loss: 165.325211
[2022-10-19 23:21:13] PRINT Train Epoch: 2 [37120/60000 (62%)]	Loss: 165.476730
[2022-10-19 23:21:13] PRINT Train Epoch: 2 [38400/60000 (64%)]	Loss: 163.969849
[2022-10-19 23:21:13] PRINT Train Epoch: 2 [39680/60000 (66%)]	Loss: 162.522552
[2022-10-19 23:21:14] PRINT Train Epoch: 2 [40960/60000 (68%)]	Loss: 162.598892
[2022-10-19 23:21:14] PRINT Train Epoch: 2 [42240/60000 (70%)]	Loss: 160.899796
[2022-10-19 23:21:14] PRINT Train Epoch: 2 [43520/60000 (72%)]	Loss: 161.080948
[2022-10-19 23:21:14] PRINT Train Epoch: 2 [44800/60000 (75%)]	Loss: 165.120605
[2022-10-19 23:21:14] PRINT Train Epoch: 2 [46080/60000 (77%)]	Loss: 164.104950
[2022-10-19 23:21:14] PRINT Train Epoch: 2 [47360/60000 (79%)]	Loss: 165.897812
[2022-10-19 23:21:14] PRINT Train Epoch: 2 [48640/60000 (81%)]	Loss: 157.094391
[2022-10-19 23:21:14] PRINT Train Epoch: 2 [49920/60000 (83%)]	Loss: 159.892258
[2022-10-19 23:21:14] PRINT Train Epoch: 2 [51200/60000 (85%)]	Loss: 166.443146
[2022-10-19 23:21:14] PRINT Train Epoch: 2 [52480/60000 (87%)]	Loss: 159.125122
[2022-10-19 23:21:15] PRINT Train Epoch: 2 [53760/60000 (90%)]	Loss: 165.305283
[2022-10-19 23:21:15] PRINT Train Epoch: 2 [55040/60000 (92%)]	Loss: 154.909119
[2022-10-19 23:21:15] PRINT Train Epoch: 2 [56320/60000 (94%)]	Loss: 154.905762
[2022-10-19 23:21:15] PRINT Train Epoch: 2 [57600/60000 (96%)]	Loss: 156.914810
[2022-10-19 23:21:15] PRINT Train Epoch: 2 [58880/60000 (98%)]	Loss: 161.664688
[2022-10-19 23:21:15] PRINT ====> Epoch: 2 Average loss: 168.6098
[2022-10-19 23:21:16] PRINT ====> Test set loss: 157.1025
[2022-10-19 23:21:16] PRINT Train Epoch: 3 [0/60000 (0%)]	Loss: 157.797119
[2022-10-19 23:21:16] PRINT Train Epoch: 3 [1280/60000 (2%)]	Loss: 153.748657
[2022-10-19 23:21:16] PRINT Train Epoch: 3 [2560/60000 (4%)]	Loss: 154.463577
[2022-10-19 23:21:16] PRINT Train Epoch: 3 [3840/60000 (6%)]	Loss: 158.395142
[2022-10-19 23:21:17] PRINT Train Epoch: 3 [5120/60000 (9%)]	Loss: 154.528976
[2022-10-19 23:21:17] PRINT Train Epoch: 3 [6400/60000 (11%)]	Loss: 156.803833
[2022-10-19 23:21:17] PRINT Train Epoch: 3 [7680/60000 (13%)]	Loss: 153.818848
[2022-10-19 23:21:17] PRINT Train Epoch: 3 [8960/60000 (15%)]	Loss: 154.128098
[2022-10-19 23:21:17] PRINT Train Epoch: 3 [10240/60000 (17%)]	Loss: 151.238037
[2022-10-19 23:21:17] PRINT Train Epoch: 3 [11520/60000 (19%)]	Loss: 158.872223
[2022-10-19 23:21:17] PRINT Train Epoch: 3 [12800/60000 (21%)]	Loss: 157.944839
[2022-10-19 23:21:17] PRINT Train Epoch: 3 [14080/60000 (23%)]	Loss: 154.254166
[2022-10-19 23:21:17] PRINT Train Epoch: 3 [15360/60000 (26%)]	Loss: 152.338943
[2022-10-19 23:21:17] PRINT Train Epoch: 3 [16640/60000 (28%)]	Loss: 152.415833
[2022-10-19 23:21:18] PRINT Train Epoch: 3 [17920/60000 (30%)]	Loss: 152.152710
[2022-10-19 23:21:18] PRINT Train Epoch: 3 [19200/60000 (32%)]	Loss: 154.209732
[2022-10-19 23:21:18] PRINT Train Epoch: 3 [20480/60000 (34%)]	Loss: 151.552292
[2022-10-19 23:21:18] PRINT Train Epoch: 3 [21760/60000 (36%)]	Loss: 155.849045
[2022-10-19 23:21:18] PRINT Train Epoch: 3 [23040/60000 (38%)]	Loss: 149.347153
[2022-10-19 23:21:18] PRINT Train Epoch: 3 [24320/60000 (41%)]	Loss: 155.025665
[2022-10-19 23:21:18] PRINT Train Epoch: 3 [25600/60000 (43%)]	Loss: 153.499969
[2022-10-19 23:21:18] PRINT Train Epoch: 3 [26880/60000 (45%)]	Loss: 161.686295
[2022-10-19 23:21:18] PRINT Train Epoch: 3 [28160/60000 (47%)]	Loss: 154.338226
[2022-10-19 23:21:19] PRINT Train Epoch: 3 [29440/60000 (49%)]	Loss: 146.976532
[2022-10-19 23:21:19] PRINT Train Epoch: 3 [30720/60000 (51%)]	Loss: 155.531509
[2022-10-19 23:21:19] PRINT Train Epoch: 3 [32000/60000 (53%)]	Loss: 153.016190
[2022-10-19 23:21:19] PRINT Train Epoch: 3 [33280/60000 (55%)]	Loss: 147.175064
[2022-10-19 23:21:19] PRINT Train Epoch: 3 [34560/60000 (58%)]	Loss: 151.794739
[2022-10-19 23:21:19] PRINT Train Epoch: 3 [35840/60000 (60%)]	Loss: 147.103012
[2022-10-19 23:21:19] PRINT Train Epoch: 3 [37120/60000 (62%)]	Loss: 152.769150
[2022-10-19 23:21:19] PRINT Train Epoch: 3 [38400/60000 (64%)]	Loss: 149.256775
[2022-10-19 23:21:19] PRINT Train Epoch: 3 [39680/60000 (66%)]	Loss: 149.331802
[2022-10-19 23:21:19] PRINT Train Epoch: 3 [40960/60000 (68%)]	Loss: 146.358643
[2022-10-19 23:21:20] PRINT Train Epoch: 3 [42240/60000 (70%)]	Loss: 146.734451
[2022-10-19 23:21:20] PRINT Train Epoch: 3 [43520/60000 (72%)]	Loss: 140.994186
[2022-10-19 23:21:20] PRINT Train Epoch: 3 [44800/60000 (75%)]	Loss: 149.599854
[2022-10-19 23:21:20] PRINT Train Epoch: 3 [46080/60000 (77%)]	Loss: 150.520966
[2022-10-19 23:21:20] PRINT Train Epoch: 3 [47360/60000 (79%)]	Loss: 146.493378
[2022-10-19 23:21:20] PRINT Train Epoch: 3 [48640/60000 (81%)]	Loss: 152.519547
[2022-10-19 23:21:20] PRINT Train Epoch: 3 [49920/60000 (83%)]	Loss: 150.523880
[2022-10-19 23:21:20] PRINT Train Epoch: 3 [51200/60000 (85%)]	Loss: 151.697449
[2022-10-19 23:21:20] PRINT Train Epoch: 3 [52480/60000 (87%)]	Loss: 147.829376
[2022-10-19 23:21:21] PRINT Train Epoch: 3 [53760/60000 (90%)]	Loss: 143.780594
[2022-10-19 23:21:21] PRINT Train Epoch: 3 [55040/60000 (92%)]	Loss: 147.959747
[2022-10-19 23:21:21] PRINT Train Epoch: 3 [56320/60000 (94%)]	Loss: 148.106720
[2022-10-19 23:21:21] PRINT Train Epoch: 3 [57600/60000 (96%)]	Loss: 150.427551
[2022-10-19 23:21:21] PRINT Train Epoch: 3 [58880/60000 (98%)]	Loss: 146.068619
[2022-10-19 23:21:21] PRINT ====> Epoch: 3 Average loss: 151.2439
[2022-10-19 23:21:22] PRINT ====> Test set loss: 144.2994
[2022-10-19 23:21:22] PRINT Train Epoch: 4 [0/60000 (0%)]	Loss: 147.717590
[2022-10-19 23:21:22] PRINT Train Epoch: 4 [1280/60000 (2%)]	Loss: 143.553177
[2022-10-19 23:21:22] PRINT Train Epoch: 4 [2560/60000 (4%)]	Loss: 145.638031
[2022-10-19 23:21:22] PRINT Train Epoch: 4 [3840/60000 (6%)]	Loss: 143.841125
[2022-10-19 23:21:22] PRINT Train Epoch: 4 [5120/60000 (9%)]	Loss: 146.473236
[2022-10-19 23:21:22] PRINT Train Epoch: 4 [6400/60000 (11%)]	Loss: 142.713776
[2022-10-19 23:21:23] PRINT Train Epoch: 4 [7680/60000 (13%)]	Loss: 149.790009
[2022-10-19 23:21:23] PRINT Train Epoch: 4 [8960/60000 (15%)]	Loss: 146.049744
[2022-10-19 23:21:23] PRINT Train Epoch: 4 [10240/60000 (17%)]	Loss: 140.677505
[2022-10-19 23:21:23] PRINT Train Epoch: 4 [11520/60000 (19%)]	Loss: 149.778244
[2022-10-19 23:21:23] PRINT Train Epoch: 4 [12800/60000 (21%)]	Loss: 143.971786
[2022-10-19 23:21:23] PRINT Train Epoch: 4 [14080/60000 (23%)]	Loss: 144.489426
[2022-10-19 23:21:23] PRINT Train Epoch: 4 [15360/60000 (26%)]	Loss: 141.263718
[2022-10-19 23:21:23] PRINT Train Epoch: 4 [16640/60000 (28%)]	Loss: 144.978638
[2022-10-19 23:21:23] PRINT Train Epoch: 4 [17920/60000 (30%)]	Loss: 143.923187
[2022-10-19 23:21:24] PRINT Train Epoch: 4 [19200/60000 (32%)]	Loss: 143.914932
[2022-10-19 23:21:24] PRINT Train Epoch: 4 [20480/60000 (34%)]	Loss: 142.035309
[2022-10-19 23:21:24] PRINT Train Epoch: 4 [21760/60000 (36%)]	Loss: 139.879562
[2022-10-19 23:21:24] PRINT Train Epoch: 4 [23040/60000 (38%)]	Loss: 145.159561
[2022-10-19 23:21:24] PRINT Train Epoch: 4 [24320/60000 (41%)]	Loss: 145.558136
[2022-10-19 23:21:24] PRINT Train Epoch: 4 [25600/60000 (43%)]	Loss: 140.234146
[2022-10-19 23:21:24] PRINT Train Epoch: 4 [26880/60000 (45%)]	Loss: 144.908310
[2022-10-19 23:21:24] PRINT Train Epoch: 4 [28160/60000 (47%)]	Loss: 139.473831
[2022-10-19 23:21:24] PRINT Train Epoch: 4 [29440/60000 (49%)]	Loss: 136.689392
[2022-10-19 23:21:24] PRINT Train Epoch: 4 [30720/60000 (51%)]	Loss: 138.159882
[2022-10-19 23:21:25] PRINT Train Epoch: 4 [32000/60000 (53%)]	Loss: 138.380707
[2022-10-19 23:21:25] PRINT Train Epoch: 4 [33280/60000 (55%)]	Loss: 140.729568
[2022-10-19 23:21:25] PRINT Train Epoch: 4 [34560/60000 (58%)]	Loss: 137.452545
[2022-10-19 23:21:25] PRINT Train Epoch: 4 [35840/60000 (60%)]	Loss: 138.420486
[2022-10-19 23:21:25] PRINT Train Epoch: 4 [37120/60000 (62%)]	Loss: 139.424561
[2022-10-19 23:21:25] PRINT Train Epoch: 4 [38400/60000 (64%)]	Loss: 141.276794
[2022-10-19 23:21:25] PRINT Train Epoch: 4 [39680/60000 (66%)]	Loss: 137.999573
[2022-10-19 23:21:25] PRINT Train Epoch: 4 [40960/60000 (68%)]	Loss: 138.261124
[2022-10-19 23:21:25] PRINT Train Epoch: 4 [42240/60000 (70%)]	Loss: 139.332886
[2022-10-19 23:21:25] PRINT Train Epoch: 4 [43520/60000 (72%)]	Loss: 137.166763
[2022-10-19 23:21:26] PRINT Train Epoch: 4 [44800/60000 (75%)]	Loss: 142.803452
[2022-10-19 23:21:26] PRINT Train Epoch: 4 [46080/60000 (77%)]	Loss: 139.071594
[2022-10-19 23:21:26] PRINT Train Epoch: 4 [47360/60000 (79%)]	Loss: 144.640350
[2022-10-19 23:21:26] PRINT Train Epoch: 4 [48640/60000 (81%)]	Loss: 141.833740
[2022-10-19 23:21:26] PRINT Train Epoch: 4 [49920/60000 (83%)]	Loss: 139.559448
[2022-10-19 23:21:26] PRINT Train Epoch: 4 [51200/60000 (85%)]	Loss: 138.617264
[2022-10-19 23:21:26] PRINT Train Epoch: 4 [52480/60000 (87%)]	Loss: 136.996033
[2022-10-19 23:21:26] PRINT Train Epoch: 4 [53760/60000 (90%)]	Loss: 141.833298
[2022-10-19 23:21:26] PRINT Train Epoch: 4 [55040/60000 (92%)]	Loss: 135.468719
[2022-10-19 23:21:27] PRINT Train Epoch: 4 [56320/60000 (94%)]	Loss: 136.934753
[2022-10-19 23:21:27] PRINT Train Epoch: 4 [57600/60000 (96%)]	Loss: 135.594772
[2022-10-19 23:21:27] PRINT Train Epoch: 4 [58880/60000 (98%)]	Loss: 139.023010
[2022-10-19 23:21:27] PRINT ====> Epoch: 4 Average loss: 141.1139
[2022-10-19 23:21:28] PRINT ====> Test set loss: 136.3084
[2022-10-19 23:21:28] PRINT Train Epoch: 5 [0/60000 (0%)]	Loss: 138.819061
[2022-10-19 23:21:28] PRINT Train Epoch: 5 [1280/60000 (2%)]	Loss: 136.895416
[2022-10-19 23:21:28] PRINT Train Epoch: 5 [2560/60000 (4%)]	Loss: 142.865128
[2022-10-19 23:21:28] PRINT Train Epoch: 5 [3840/60000 (6%)]	Loss: 134.967682
[2022-10-19 23:21:28] PRINT Train Epoch: 5 [5120/60000 (9%)]	Loss: 143.395340
[2022-10-19 23:21:28] PRINT Train Epoch: 5 [6400/60000 (11%)]	Loss: 137.788956
[2022-10-19 23:21:28] PRINT Train Epoch: 5 [7680/60000 (13%)]	Loss: 135.990143
[2022-10-19 23:21:28] PRINT Train Epoch: 5 [8960/60000 (15%)]	Loss: 132.522797
[2022-10-19 23:21:29] PRINT Train Epoch: 5 [10240/60000 (17%)]	Loss: 134.413483
[2022-10-19 23:21:29] PRINT Train Epoch: 5 [11520/60000 (19%)]	Loss: 138.917908
[2022-10-19 23:21:29] PRINT Train Epoch: 5 [12800/60000 (21%)]	Loss: 134.907623
[2022-10-19 23:21:29] PRINT Train Epoch: 5 [14080/60000 (23%)]	Loss: 138.628082
[2022-10-19 23:21:29] PRINT Train Epoch: 5 [15360/60000 (26%)]	Loss: 141.356720
[2022-10-19 23:21:29] PRINT Train Epoch: 5 [16640/60000 (28%)]	Loss: 134.499115
[2022-10-19 23:21:29] PRINT Train Epoch: 5 [17920/60000 (30%)]	Loss: 140.162460
[2022-10-19 23:21:29] PRINT Train Epoch: 5 [19200/60000 (32%)]	Loss: 137.480591
[2022-10-19 23:21:29] PRINT Train Epoch: 5 [20480/60000 (34%)]	Loss: 133.145065
[2022-10-19 23:21:30] PRINT Train Epoch: 5 [21760/60000 (36%)]	Loss: 139.616241
[2022-10-19 23:21:30] PRINT Train Epoch: 5 [23040/60000 (38%)]	Loss: 134.395050
[2022-10-19 23:21:30] PRINT Train Epoch: 5 [24320/60000 (41%)]	Loss: 134.332336
[2022-10-19 23:21:30] PRINT Train Epoch: 5 [25600/60000 (43%)]	Loss: 136.418381
[2022-10-19 23:21:30] PRINT Train Epoch: 5 [26880/60000 (45%)]	Loss: 132.414566
[2022-10-19 23:21:30] PRINT Train Epoch: 5 [28160/60000 (47%)]	Loss: 132.219986
[2022-10-19 23:21:30] PRINT Train Epoch: 5 [29440/60000 (49%)]	Loss: 138.717133
[2022-10-19 23:21:30] PRINT Train Epoch: 5 [30720/60000 (51%)]	Loss: 134.867249
[2022-10-19 23:21:30] PRINT Train Epoch: 5 [32000/60000 (53%)]	Loss: 130.450027
[2022-10-19 23:21:31] PRINT Train Epoch: 5 [33280/60000 (55%)]	Loss: 128.987991
[2022-10-19 23:21:31] PRINT Train Epoch: 5 [34560/60000 (58%)]	Loss: 133.032333
[2022-10-19 23:21:31] PRINT Train Epoch: 5 [35840/60000 (60%)]	Loss: 134.544754
[2022-10-19 23:21:31] PRINT Train Epoch: 5 [37120/60000 (62%)]	Loss: 139.098907
[2022-10-19 23:21:31] PRINT Train Epoch: 5 [38400/60000 (64%)]	Loss: 133.006104
[2022-10-19 23:21:31] PRINT Train Epoch: 5 [39680/60000 (66%)]	Loss: 135.646988
[2022-10-19 23:21:31] PRINT Train Epoch: 5 [40960/60000 (68%)]	Loss: 131.305084
[2022-10-19 23:21:31] PRINT Train Epoch: 5 [42240/60000 (70%)]	Loss: 137.535767
[2022-10-19 23:21:31] PRINT Train Epoch: 5 [43520/60000 (72%)]	Loss: 136.371155
[2022-10-19 23:21:31] PRINT Train Epoch: 5 [44800/60000 (75%)]	Loss: 133.913605
[2022-10-19 23:21:32] PRINT Train Epoch: 5 [46080/60000 (77%)]	Loss: 132.277969
[2022-10-19 23:21:32] PRINT Train Epoch: 5 [47360/60000 (79%)]	Loss: 136.146179
[2022-10-19 23:21:32] PRINT Train Epoch: 5 [48640/60000 (81%)]	Loss: 133.744202
[2022-10-19 23:21:32] PRINT Train Epoch: 5 [49920/60000 (83%)]	Loss: 135.834625
[2022-10-19 23:21:32] PRINT Train Epoch: 5 [51200/60000 (85%)]	Loss: 129.484192
[2022-10-19 23:21:32] PRINT Train Epoch: 5 [52480/60000 (87%)]	Loss: 131.000870
[2022-10-19 23:21:32] PRINT Train Epoch: 5 [53760/60000 (90%)]	Loss: 131.325089
[2022-10-19 23:21:32] PRINT Train Epoch: 5 [55040/60000 (92%)]	Loss: 129.744644
[2022-10-19 23:21:32] PRINT Train Epoch: 5 [56320/60000 (94%)]	Loss: 133.197891
[2022-10-19 23:21:33] PRINT Train Epoch: 5 [57600/60000 (96%)]	Loss: 135.971344
[2022-10-19 23:21:33] PRINT Train Epoch: 5 [58880/60000 (98%)]	Loss: 127.982552
[2022-10-19 23:21:33] PRINT ====> Epoch: 5 Average loss: 134.6504
[2022-10-19 23:21:34] PRINT ====> Test set loss: 130.9417
[2022-10-19 23:21:34] PRINT Train Epoch: 6 [0/60000 (0%)]	Loss: 133.339325
[2022-10-19 23:21:34] PRINT Train Epoch: 6 [1280/60000 (2%)]	Loss: 126.961060
[2022-10-19 23:21:34] PRINT Train Epoch: 6 [2560/60000 (4%)]	Loss: 135.734604
[2022-10-19 23:21:34] PRINT Train Epoch: 6 [3840/60000 (6%)]	Loss: 132.187012
[2022-10-19 23:21:34] PRINT Train Epoch: 6 [5120/60000 (9%)]	Loss: 132.954315
[2022-10-19 23:21:34] PRINT Train Epoch: 6 [6400/60000 (11%)]	Loss: 134.940872
[2022-10-19 23:21:34] PRINT Train Epoch: 6 [7680/60000 (13%)]	Loss: 129.524109
[2022-10-19 23:21:34] PRINT Train Epoch: 6 [8960/60000 (15%)]	Loss: 129.484436
[2022-10-19 23:21:35] PRINT Train Epoch: 6 [10240/60000 (17%)]	Loss: 132.231964
[2022-10-19 23:21:35] PRINT Train Epoch: 6 [11520/60000 (19%)]	Loss: 130.913834
[2022-10-19 23:21:35] PRINT Train Epoch: 6 [12800/60000 (21%)]	Loss: 133.486465
[2022-10-19 23:21:35] PRINT Train Epoch: 6 [14080/60000 (23%)]	Loss: 128.313354
[2022-10-19 23:21:35] PRINT Train Epoch: 6 [15360/60000 (26%)]	Loss: 129.268738
[2022-10-19 23:21:35] PRINT Train Epoch: 6 [16640/60000 (28%)]	Loss: 129.942825
[2022-10-19 23:21:35] PRINT Train Epoch: 6 [17920/60000 (30%)]	Loss: 130.163269
[2022-10-19 23:21:35] PRINT Train Epoch: 6 [19200/60000 (32%)]	Loss: 132.382980
[2022-10-19 23:21:35] PRINT Train Epoch: 6 [20480/60000 (34%)]	Loss: 136.301025
[2022-10-19 23:21:36] PRINT Train Epoch: 6 [21760/60000 (36%)]	Loss: 132.695831
[2022-10-19 23:21:36] PRINT Train Epoch: 6 [23040/60000 (38%)]	Loss: 126.740532
[2022-10-19 23:21:36] PRINT Train Epoch: 6 [24320/60000 (41%)]	Loss: 131.657593
[2022-10-19 23:21:36] PRINT Train Epoch: 6 [25600/60000 (43%)]	Loss: 127.474564
[2022-10-19 23:21:36] PRINT Train Epoch: 6 [26880/60000 (45%)]	Loss: 129.072647
[2022-10-19 23:21:36] PRINT Train Epoch: 6 [28160/60000 (47%)]	Loss: 132.014313
[2022-10-19 23:21:36] PRINT Train Epoch: 6 [29440/60000 (49%)]	Loss: 126.656853
[2022-10-19 23:21:36] PRINT Train Epoch: 6 [30720/60000 (51%)]	Loss: 127.844421
[2022-10-19 23:21:36] PRINT Train Epoch: 6 [32000/60000 (53%)]	Loss: 128.575256
[2022-10-19 23:21:36] PRINT Train Epoch: 6 [33280/60000 (55%)]	Loss: 126.723953
[2022-10-19 23:21:37] PRINT Train Epoch: 6 [34560/60000 (58%)]	Loss: 132.153259
[2022-10-19 23:21:37] PRINT Train Epoch: 6 [35840/60000 (60%)]	Loss: 130.478638
[2022-10-19 23:21:37] PRINT Train Epoch: 6 [37120/60000 (62%)]	Loss: 130.225662
[2022-10-19 23:21:37] PRINT Train Epoch: 6 [38400/60000 (64%)]	Loss: 127.693367
[2022-10-19 23:21:37] PRINT Train Epoch: 6 [39680/60000 (66%)]	Loss: 125.645378
[2022-10-19 23:21:37] PRINT Train Epoch: 6 [40960/60000 (68%)]	Loss: 128.616043
[2022-10-19 23:21:37] PRINT Train Epoch: 6 [42240/60000 (70%)]	Loss: 130.075165
[2022-10-19 23:21:37] PRINT Train Epoch: 6 [43520/60000 (72%)]	Loss: 125.863136
[2022-10-19 23:21:37] PRINT Train Epoch: 6 [44800/60000 (75%)]	Loss: 126.042130
[2022-10-19 23:21:38] PRINT Train Epoch: 6 [46080/60000 (77%)]	Loss: 129.450043
[2022-10-19 23:21:38] PRINT Train Epoch: 6 [47360/60000 (79%)]	Loss: 134.818695
[2022-10-19 23:21:38] PRINT Train Epoch: 6 [48640/60000 (81%)]	Loss: 123.777206
[2022-10-19 23:21:38] PRINT Train Epoch: 6 [49920/60000 (83%)]	Loss: 130.859955
[2022-10-19 23:21:38] PRINT Train Epoch: 6 [51200/60000 (85%)]	Loss: 128.960815
[2022-10-19 23:21:38] PRINT Train Epoch: 6 [52480/60000 (87%)]	Loss: 126.443016
[2022-10-19 23:21:38] PRINT Train Epoch: 6 [53760/60000 (90%)]	Loss: 131.865555
[2022-10-19 23:21:38] PRINT Train Epoch: 6 [55040/60000 (92%)]	Loss: 126.565948
[2022-10-19 23:21:38] PRINT Train Epoch: 6 [56320/60000 (94%)]	Loss: 130.788422
[2022-10-19 23:21:38] PRINT Train Epoch: 6 [57600/60000 (96%)]	Loss: 126.035370
[2022-10-19 23:21:39] PRINT Train Epoch: 6 [58880/60000 (98%)]	Loss: 130.444046
[2022-10-19 23:21:39] PRINT ====> Epoch: 6 Average loss: 130.1039
[2022-10-19 23:21:40] PRINT ====> Test set loss: 126.8975
[2022-10-19 23:21:40] PRINT Train Epoch: 7 [0/60000 (0%)]	Loss: 129.071091
[2022-10-19 23:21:40] PRINT Train Epoch: 7 [1280/60000 (2%)]	Loss: 128.363037
[2022-10-19 23:21:40] PRINT Train Epoch: 7 [2560/60000 (4%)]	Loss: 127.568130
[2022-10-19 23:21:40] PRINT Train Epoch: 7 [3840/60000 (6%)]	Loss: 123.049927
[2022-10-19 23:21:40] PRINT Train Epoch: 7 [5120/60000 (9%)]	Loss: 132.596680
[2022-10-19 23:21:40] PRINT Train Epoch: 7 [6400/60000 (11%)]	Loss: 128.735107
[2022-10-19 23:21:40] PRINT Train Epoch: 7 [7680/60000 (13%)]	Loss: 131.577652
[2022-10-19 23:21:40] PRINT Train Epoch: 7 [8960/60000 (15%)]	Loss: 125.875076
[2022-10-19 23:21:40] PRINT Train Epoch: 7 [10240/60000 (17%)]	Loss: 130.072357
[2022-10-19 23:21:41] PRINT Train Epoch: 7 [11520/60000 (19%)]	Loss: 129.411407
[2022-10-19 23:21:41] PRINT Train Epoch: 7 [12800/60000 (21%)]	Loss: 127.480515
[2022-10-19 23:21:41] PRINT Train Epoch: 7 [14080/60000 (23%)]	Loss: 127.899887
[2022-10-19 23:21:41] PRINT Train Epoch: 7 [15360/60000 (26%)]	Loss: 124.959000
[2022-10-19 23:21:41] PRINT Train Epoch: 7 [16640/60000 (28%)]	Loss: 126.680336
[2022-10-19 23:21:41] PRINT Train Epoch: 7 [17920/60000 (30%)]	Loss: 126.998863
[2022-10-19 23:21:41] PRINT Train Epoch: 7 [19200/60000 (32%)]	Loss: 131.168747
[2022-10-19 23:21:41] PRINT Train Epoch: 7 [20480/60000 (34%)]	Loss: 123.689003
[2022-10-19 23:21:41] PRINT Train Epoch: 7 [21760/60000 (36%)]	Loss: 127.252655
[2022-10-19 23:21:41] PRINT Train Epoch: 7 [23040/60000 (38%)]	Loss: 123.604538
[2022-10-19 23:21:42] PRINT Train Epoch: 7 [24320/60000 (41%)]	Loss: 126.924355
[2022-10-19 23:21:42] PRINT Train Epoch: 7 [25600/60000 (43%)]	Loss: 130.382797
[2022-10-19 23:21:42] PRINT Train Epoch: 7 [26880/60000 (45%)]	Loss: 124.612534
[2022-10-19 23:21:42] PRINT Train Epoch: 7 [28160/60000 (47%)]	Loss: 125.458336
[2022-10-19 23:21:42] PRINT Train Epoch: 7 [29440/60000 (49%)]	Loss: 122.708885
[2022-10-19 23:21:42] PRINT Train Epoch: 7 [30720/60000 (51%)]	Loss: 128.195999
[2022-10-19 23:21:42] PRINT Train Epoch: 7 [32000/60000 (53%)]	Loss: 128.228073
[2022-10-19 23:21:42] PRINT Train Epoch: 7 [33280/60000 (55%)]	Loss: 122.520493
[2022-10-19 23:21:42] PRINT Train Epoch: 7 [34560/60000 (58%)]	Loss: 128.318405
[2022-10-19 23:21:43] PRINT Train Epoch: 7 [35840/60000 (60%)]	Loss: 123.541595
[2022-10-19 23:21:43] PRINT Train Epoch: 7 [37120/60000 (62%)]	Loss: 128.334686
[2022-10-19 23:21:43] PRINT Train Epoch: 7 [38400/60000 (64%)]	Loss: 124.706642
[2022-10-19 23:21:43] PRINT Train Epoch: 7 [39680/60000 (66%)]	Loss: 126.551712
[2022-10-19 23:21:43] PRINT Train Epoch: 7 [40960/60000 (68%)]	Loss: 122.915169
[2022-10-19 23:21:43] PRINT Train Epoch: 7 [42240/60000 (70%)]	Loss: 128.194000
[2022-10-19 23:21:43] PRINT Train Epoch: 7 [43520/60000 (72%)]	Loss: 123.514740
[2022-10-19 23:21:43] PRINT Train Epoch: 7 [44800/60000 (75%)]	Loss: 125.887283
[2022-10-19 23:21:43] PRINT Train Epoch: 7 [46080/60000 (77%)]	Loss: 126.153580
[2022-10-19 23:21:44] PRINT Train Epoch: 7 [47360/60000 (79%)]	Loss: 123.058701
[2022-10-19 23:21:44] PRINT Train Epoch: 7 [48640/60000 (81%)]	Loss: 121.153435
[2022-10-19 23:21:44] PRINT Train Epoch: 7 [49920/60000 (83%)]	Loss: 126.709908
[2022-10-19 23:21:44] PRINT Train Epoch: 7 [51200/60000 (85%)]	Loss: 122.346954
[2022-10-19 23:21:44] PRINT Train Epoch: 7 [52480/60000 (87%)]	Loss: 119.422119
[2022-10-19 23:21:44] PRINT Train Epoch: 7 [53760/60000 (90%)]	Loss: 125.485840
[2022-10-19 23:21:44] PRINT Train Epoch: 7 [55040/60000 (92%)]	Loss: 123.179810
[2022-10-19 23:21:44] PRINT Train Epoch: 7 [56320/60000 (94%)]	Loss: 123.549698
[2022-10-19 23:21:44] PRINT Train Epoch: 7 [57600/60000 (96%)]	Loss: 125.085739
[2022-10-19 23:21:44] PRINT Train Epoch: 7 [58880/60000 (98%)]	Loss: 126.222931
[2022-10-19 23:21:45] PRINT ====> Epoch: 7 Average loss: 126.4624
[2022-10-19 23:21:45] PRINT ====> Test set loss: 123.6828
[2022-10-19 23:21:45] PRINT Train Epoch: 8 [0/60000 (0%)]	Loss: 124.456909
[2022-10-19 23:21:46] PRINT Train Epoch: 8 [1280/60000 (2%)]	Loss: 125.459183
[2022-10-19 23:21:46] PRINT Train Epoch: 8 [2560/60000 (4%)]	Loss: 124.930786
[2022-10-19 23:21:46] PRINT Train Epoch: 8 [3840/60000 (6%)]	Loss: 125.406097
[2022-10-19 23:21:46] PRINT Train Epoch: 8 [5120/60000 (9%)]	Loss: 121.280945
[2022-10-19 23:21:46] PRINT Train Epoch: 8 [6400/60000 (11%)]	Loss: 128.934570
[2022-10-19 23:21:46] PRINT Train Epoch: 8 [7680/60000 (13%)]	Loss: 125.211517
[2022-10-19 23:21:46] PRINT Train Epoch: 8 [8960/60000 (15%)]	Loss: 120.892616
[2022-10-19 23:21:46] PRINT Train Epoch: 8 [10240/60000 (17%)]	Loss: 122.835175
[2022-10-19 23:21:46] PRINT Train Epoch: 8 [11520/60000 (19%)]	Loss: 122.506485
[2022-10-19 23:21:47] PRINT Train Epoch: 8 [12800/60000 (21%)]	Loss: 123.564064
[2022-10-19 23:21:47] PRINT Train Epoch: 8 [14080/60000 (23%)]	Loss: 118.866219
[2022-10-19 23:21:47] PRINT Train Epoch: 8 [15360/60000 (26%)]	Loss: 122.371750
[2022-10-19 23:21:47] PRINT Train Epoch: 8 [16640/60000 (28%)]	Loss: 122.312210
[2022-10-19 23:21:47] PRINT Train Epoch: 8 [17920/60000 (30%)]	Loss: 122.439667
[2022-10-19 23:21:47] PRINT Train Epoch: 8 [19200/60000 (32%)]	Loss: 122.290421
[2022-10-19 23:21:47] PRINT Train Epoch: 8 [20480/60000 (34%)]	Loss: 122.035477
[2022-10-19 23:21:47] PRINT Train Epoch: 8 [21760/60000 (36%)]	Loss: 129.213364
[2022-10-19 23:21:47] PRINT Train Epoch: 8 [23040/60000 (38%)]	Loss: 124.876724
[2022-10-19 23:21:47] PRINT Train Epoch: 8 [24320/60000 (41%)]	Loss: 125.194626
[2022-10-19 23:21:48] PRINT Train Epoch: 8 [25600/60000 (43%)]	Loss: 121.906830
[2022-10-19 23:21:48] PRINT Train Epoch: 8 [26880/60000 (45%)]	Loss: 125.659378
[2022-10-19 23:21:48] PRINT Train Epoch: 8 [28160/60000 (47%)]	Loss: 119.239647
[2022-10-19 23:21:48] PRINT Train Epoch: 8 [29440/60000 (49%)]	Loss: 122.678986
[2022-10-19 23:21:48] PRINT Train Epoch: 8 [30720/60000 (51%)]	Loss: 126.528107
[2022-10-19 23:21:48] PRINT Train Epoch: 8 [32000/60000 (53%)]	Loss: 118.854019
[2022-10-19 23:21:48] PRINT Train Epoch: 8 [33280/60000 (55%)]	Loss: 120.851440
[2022-10-19 23:21:48] PRINT Train Epoch: 8 [34560/60000 (58%)]	Loss: 129.644516
[2022-10-19 23:21:48] PRINT Train Epoch: 8 [35840/60000 (60%)]	Loss: 124.325989
[2022-10-19 23:21:49] PRINT Train Epoch: 8 [37120/60000 (62%)]	Loss: 123.916046
[2022-10-19 23:21:49] PRINT Train Epoch: 8 [38400/60000 (64%)]	Loss: 123.914062
[2022-10-19 23:21:49] PRINT Train Epoch: 8 [39680/60000 (66%)]	Loss: 121.547333
[2022-10-19 23:21:49] PRINT Train Epoch: 8 [40960/60000 (68%)]	Loss: 124.627243
[2022-10-19 23:21:49] PRINT Train Epoch: 8 [42240/60000 (70%)]	Loss: 127.741417
[2022-10-19 23:21:49] PRINT Train Epoch: 8 [43520/60000 (72%)]	Loss: 124.599358
[2022-10-19 23:21:49] PRINT Train Epoch: 8 [44800/60000 (75%)]	Loss: 126.115448
[2022-10-19 23:21:49] PRINT Train Epoch: 8 [46080/60000 (77%)]	Loss: 119.680473
[2022-10-19 23:21:49] PRINT Train Epoch: 8 [47360/60000 (79%)]	Loss: 123.377815
[2022-10-19 23:21:50] PRINT Train Epoch: 8 [48640/60000 (81%)]	Loss: 124.810539
[2022-10-19 23:21:50] PRINT Train Epoch: 8 [49920/60000 (83%)]	Loss: 121.511398
[2022-10-19 23:21:50] PRINT Train Epoch: 8 [51200/60000 (85%)]	Loss: 123.002640
[2022-10-19 23:21:50] PRINT Train Epoch: 8 [52480/60000 (87%)]	Loss: 122.280396
[2022-10-19 23:21:50] PRINT Train Epoch: 8 [53760/60000 (90%)]	Loss: 124.520821
[2022-10-19 23:21:50] PRINT Train Epoch: 8 [55040/60000 (92%)]	Loss: 122.750557
[2022-10-19 23:21:50] PRINT Train Epoch: 8 [56320/60000 (94%)]	Loss: 120.584686
[2022-10-19 23:21:50] PRINT Train Epoch: 8 [57600/60000 (96%)]	Loss: 123.126030
[2022-10-19 23:21:50] PRINT Train Epoch: 8 [58880/60000 (98%)]	Loss: 118.741440
[2022-10-19 23:21:50] PRINT ====> Epoch: 8 Average loss: 123.6237
[2022-10-19 23:21:51] PRINT ====> Test set loss: 121.1970
[2022-10-19 23:21:51] PRINT Train Epoch: 9 [0/60000 (0%)]	Loss: 121.127327
[2022-10-19 23:21:51] PRINT Train Epoch: 9 [1280/60000 (2%)]	Loss: 121.735916
[2022-10-19 23:21:52] PRINT Train Epoch: 9 [2560/60000 (4%)]	Loss: 124.108025
[2022-10-19 23:21:52] PRINT Train Epoch: 9 [3840/60000 (6%)]	Loss: 115.519882
[2022-10-19 23:21:52] PRINT Train Epoch: 9 [5120/60000 (9%)]	Loss: 121.909676
[2022-10-19 23:21:52] PRINT Train Epoch: 9 [6400/60000 (11%)]	Loss: 121.026146
[2022-10-19 23:21:52] PRINT Train Epoch: 9 [7680/60000 (13%)]	Loss: 123.629433
[2022-10-19 23:21:52] PRINT Train Epoch: 9 [8960/60000 (15%)]	Loss: 126.552994
[2022-10-19 23:21:52] PRINT Train Epoch: 9 [10240/60000 (17%)]	Loss: 123.217049
[2022-10-19 23:21:52] PRINT Train Epoch: 9 [11520/60000 (19%)]	Loss: 123.624344
[2022-10-19 23:21:52] PRINT Train Epoch: 9 [12800/60000 (21%)]	Loss: 119.221062
[2022-10-19 23:21:52] PRINT Train Epoch: 9 [14080/60000 (23%)]	Loss: 119.097931
[2022-10-19 23:21:53] PRINT Train Epoch: 9 [15360/60000 (26%)]	Loss: 125.536377
[2022-10-19 23:21:53] PRINT Train Epoch: 9 [16640/60000 (28%)]	Loss: 117.884102
[2022-10-19 23:21:53] PRINT Train Epoch: 9 [17920/60000 (30%)]	Loss: 121.026199
[2022-10-19 23:21:53] PRINT Train Epoch: 9 [19200/60000 (32%)]	Loss: 119.840408
[2022-10-19 23:21:53] PRINT Train Epoch: 9 [20480/60000 (34%)]	Loss: 121.540352
[2022-10-19 23:21:53] PRINT Train Epoch: 9 [21760/60000 (36%)]	Loss: 126.781227
[2022-10-19 23:21:53] PRINT Train Epoch: 9 [23040/60000 (38%)]	Loss: 125.830933
[2022-10-19 23:21:53] PRINT Train Epoch: 9 [24320/60000 (41%)]	Loss: 121.636330
[2022-10-19 23:21:53] PRINT Train Epoch: 9 [25600/60000 (43%)]	Loss: 119.811295
[2022-10-19 23:21:54] PRINT Train Epoch: 9 [26880/60000 (45%)]	Loss: 124.132736
[2022-10-19 23:21:54] PRINT Train Epoch: 9 [28160/60000 (47%)]	Loss: 117.965614
[2022-10-19 23:21:54] PRINT Train Epoch: 9 [29440/60000 (49%)]	Loss: 120.422455
[2022-10-19 23:21:54] PRINT Train Epoch: 9 [30720/60000 (51%)]	Loss: 117.002686
[2022-10-19 23:21:54] PRINT Train Epoch: 9 [32000/60000 (53%)]	Loss: 126.037735
[2022-10-19 23:21:54] PRINT Train Epoch: 9 [33280/60000 (55%)]	Loss: 119.979294
[2022-10-19 23:21:54] PRINT Train Epoch: 9 [34560/60000 (58%)]	Loss: 127.826157
[2022-10-19 23:21:54] PRINT Train Epoch: 9 [35840/60000 (60%)]	Loss: 119.392883
[2022-10-19 23:21:54] PRINT Train Epoch: 9 [37120/60000 (62%)]	Loss: 119.573669
[2022-10-19 23:21:54] PRINT Train Epoch: 9 [38400/60000 (64%)]	Loss: 120.440277
[2022-10-19 23:21:55] PRINT Train Epoch: 9 [39680/60000 (66%)]	Loss: 120.987389
[2022-10-19 23:21:55] PRINT Train Epoch: 9 [40960/60000 (68%)]	Loss: 121.010101
[2022-10-19 23:21:55] PRINT Train Epoch: 9 [42240/60000 (70%)]	Loss: 125.508240
[2022-10-19 23:21:55] PRINT Train Epoch: 9 [43520/60000 (72%)]	Loss: 125.753029
[2022-10-19 23:21:55] PRINT Train Epoch: 9 [44800/60000 (75%)]	Loss: 122.684937
[2022-10-19 23:21:55] PRINT Train Epoch: 9 [46080/60000 (77%)]	Loss: 122.664810
[2022-10-19 23:21:55] PRINT Train Epoch: 9 [47360/60000 (79%)]	Loss: 116.728699
[2022-10-19 23:21:55] PRINT Train Epoch: 9 [48640/60000 (81%)]	Loss: 119.623825
[2022-10-19 23:21:55] PRINT Train Epoch: 9 [49920/60000 (83%)]	Loss: 121.074326
[2022-10-19 23:21:56] PRINT Train Epoch: 9 [51200/60000 (85%)]	Loss: 120.695610
[2022-10-19 23:21:56] PRINT Train Epoch: 9 [52480/60000 (87%)]	Loss: 127.782928
[2022-10-19 23:21:56] PRINT Train Epoch: 9 [53760/60000 (90%)]	Loss: 119.574829
[2022-10-19 23:21:56] PRINT Train Epoch: 9 [55040/60000 (92%)]	Loss: 120.700058
[2022-10-19 23:21:56] PRINT Train Epoch: 9 [56320/60000 (94%)]	Loss: 120.648468
[2022-10-19 23:21:56] PRINT Train Epoch: 9 [57600/60000 (96%)]	Loss: 120.714218
[2022-10-19 23:21:56] PRINT Train Epoch: 9 [58880/60000 (98%)]	Loss: 126.521042
[2022-10-19 23:21:56] PRINT ====> Epoch: 9 Average loss: 121.3373
[2022-10-19 23:21:57] PRINT ====> Test set loss: 119.2339
[2022-10-19 23:21:57] PRINT Train Epoch: 10 [0/60000 (0%)]	Loss: 117.633980
[2022-10-19 23:21:57] PRINT Train Epoch: 10 [1280/60000 (2%)]	Loss: 123.288803
[2022-10-19 23:21:57] PRINT Train Epoch: 10 [2560/60000 (4%)]	Loss: 123.417137
[2022-10-19 23:21:57] PRINT Train Epoch: 10 [3840/60000 (6%)]	Loss: 119.804085
[2022-10-19 23:21:58] PRINT Train Epoch: 10 [5120/60000 (9%)]	Loss: 122.095139
[2022-10-19 23:21:58] PRINT Train Epoch: 10 [6400/60000 (11%)]	Loss: 125.217697
[2022-10-19 23:21:58] PRINT Train Epoch: 10 [7680/60000 (13%)]	Loss: 116.363556
[2022-10-19 23:21:58] PRINT Train Epoch: 10 [8960/60000 (15%)]	Loss: 121.275116
[2022-10-19 23:21:58] PRINT Train Epoch: 10 [10240/60000 (17%)]	Loss: 117.308487
[2022-10-19 23:21:58] PRINT Train Epoch: 10 [11520/60000 (19%)]	Loss: 120.020859
[2022-10-19 23:21:58] PRINT Train Epoch: 10 [12800/60000 (21%)]	Loss: 120.568359
[2022-10-19 23:21:58] PRINT Train Epoch: 10 [14080/60000 (23%)]	Loss: 119.739357
[2022-10-19 23:21:58] PRINT Train Epoch: 10 [15360/60000 (26%)]	Loss: 119.869278
[2022-10-19 23:21:59] PRINT Train Epoch: 10 [16640/60000 (28%)]	Loss: 119.443344
[2022-10-19 23:21:59] PRINT Train Epoch: 10 [17920/60000 (30%)]	Loss: 116.738739
[2022-10-19 23:21:59] PRINT Train Epoch: 10 [19200/60000 (32%)]	Loss: 118.865204
[2022-10-19 23:21:59] PRINT Train Epoch: 10 [20480/60000 (34%)]	Loss: 124.845520
[2022-10-19 23:21:59] PRINT Train Epoch: 10 [21760/60000 (36%)]	Loss: 120.720032
[2022-10-19 23:21:59] PRINT Train Epoch: 10 [23040/60000 (38%)]	Loss: 120.577209
[2022-10-19 23:21:59] PRINT Train Epoch: 10 [24320/60000 (41%)]	Loss: 119.377335
[2022-10-19 23:21:59] PRINT Train Epoch: 10 [25600/60000 (43%)]	Loss: 121.933327
[2022-10-19 23:21:59] PRINT Train Epoch: 10 [26880/60000 (45%)]	Loss: 118.933197
[2022-10-19 23:21:59] PRINT Train Epoch: 10 [28160/60000 (47%)]	Loss: 122.964920
[2022-10-19 23:22:00] PRINT Train Epoch: 10 [29440/60000 (49%)]	Loss: 118.535736
[2022-10-19 23:22:00] PRINT Train Epoch: 10 [30720/60000 (51%)]	Loss: 117.428955
[2022-10-19 23:22:00] PRINT Train Epoch: 10 [32000/60000 (53%)]	Loss: 118.778023
[2022-10-19 23:22:00] PRINT Train Epoch: 10 [33280/60000 (55%)]	Loss: 122.140602
[2022-10-19 23:22:00] PRINT Train Epoch: 10 [34560/60000 (58%)]	Loss: 121.433960
[2022-10-19 23:22:00] PRINT Train Epoch: 10 [35840/60000 (60%)]	Loss: 120.481133
[2022-10-19 23:22:00] PRINT Train Epoch: 10 [37120/60000 (62%)]	Loss: 115.866508
[2022-10-19 23:22:00] PRINT Train Epoch: 10 [38400/60000 (64%)]	Loss: 117.132645
[2022-10-19 23:22:00] PRINT Train Epoch: 10 [39680/60000 (66%)]	Loss: 118.647125
[2022-10-19 23:22:00] PRINT Train Epoch: 10 [40960/60000 (68%)]	Loss: 118.095192
[2022-10-19 23:22:01] PRINT Train Epoch: 10 [42240/60000 (70%)]	Loss: 123.707764
[2022-10-19 23:22:01] PRINT Train Epoch: 10 [43520/60000 (72%)]	Loss: 120.758911
[2022-10-19 23:22:01] PRINT Train Epoch: 10 [44800/60000 (75%)]	Loss: 120.232964
[2022-10-19 23:22:01] PRINT Train Epoch: 10 [46080/60000 (77%)]	Loss: 122.500725
[2022-10-19 23:22:01] PRINT Train Epoch: 10 [47360/60000 (79%)]	Loss: 118.872986
[2022-10-19 23:22:01] PRINT Train Epoch: 10 [48640/60000 (81%)]	Loss: 120.210243
[2022-10-19 23:22:01] PRINT Train Epoch: 10 [49920/60000 (83%)]	Loss: 114.487038
[2022-10-19 23:22:01] PRINT Train Epoch: 10 [51200/60000 (85%)]	Loss: 118.930138
[2022-10-19 23:22:01] PRINT Train Epoch: 10 [52480/60000 (87%)]	Loss: 119.522858
[2022-10-19 23:22:01] PRINT Train Epoch: 10 [53760/60000 (90%)]	Loss: 122.226654
[2022-10-19 23:22:02] PRINT Train Epoch: 10 [55040/60000 (92%)]	Loss: 119.448441
[2022-10-19 23:22:02] PRINT Train Epoch: 10 [56320/60000 (94%)]	Loss: 118.477989
[2022-10-19 23:22:02] PRINT Train Epoch: 10 [57600/60000 (96%)]	Loss: 121.553894
[2022-10-19 23:22:02] PRINT Train Epoch: 10 [58880/60000 (98%)]	Loss: 118.829964
[2022-10-19 23:22:02] PRINT ====> Epoch: 10 Average loss: 119.4464
[2022-10-19 23:22:03] PRINT ====> Test set loss: 117.4541
