[2022-10-20 01:31:19] PRINT {'features1': 500, 'features2': 10, 'lr': 0.006305751028514189, 'epsilon': 1e-07}
[2022-10-20 01:31:20] PRINT Using cuda device
[2022-10-20 01:31:21] PRINT Train Epoch: 1 [0/60000 (0%)]	Loss: 550.097473
[2022-10-20 01:31:21] PRINT Train Epoch: 1 [1280/60000 (2%)]	Loss: 220.096344
[2022-10-20 01:31:21] PRINT Train Epoch: 1 [2560/60000 (4%)]	Loss: 206.238098
[2022-10-20 01:31:21] PRINT Train Epoch: 1 [3840/60000 (6%)]	Loss: 196.055145
[2022-10-20 01:31:21] PRINT Train Epoch: 1 [5120/60000 (9%)]	Loss: 197.157043
[2022-10-20 01:31:22] PRINT Train Epoch: 1 [6400/60000 (11%)]	Loss: 193.561752
[2022-10-20 01:31:22] PRINT Train Epoch: 1 [7680/60000 (13%)]	Loss: 185.569473
[2022-10-20 01:31:22] PRINT Train Epoch: 1 [8960/60000 (15%)]	Loss: 171.243484
[2022-10-20 01:31:22] PRINT Train Epoch: 1 [10240/60000 (17%)]	Loss: 167.154739
[2022-10-20 01:31:22] PRINT Train Epoch: 1 [11520/60000 (19%)]	Loss: 168.405441
[2022-10-20 01:31:22] PRINT Train Epoch: 1 [12800/60000 (21%)]	Loss: 164.431519
[2022-10-20 01:31:22] PRINT Train Epoch: 1 [14080/60000 (23%)]	Loss: 162.002518
[2022-10-20 01:31:22] PRINT Train Epoch: 1 [15360/60000 (26%)]	Loss: 151.153351
[2022-10-20 01:31:22] PRINT Train Epoch: 1 [16640/60000 (28%)]	Loss: 153.142944
[2022-10-20 01:31:22] PRINT Train Epoch: 1 [17920/60000 (30%)]	Loss: 151.805023
[2022-10-20 01:31:22] PRINT Train Epoch: 1 [19200/60000 (32%)]	Loss: 150.493073
[2022-10-20 01:31:23] PRINT Train Epoch: 1 [20480/60000 (34%)]	Loss: 150.989273
[2022-10-20 01:31:23] PRINT Train Epoch: 1 [21760/60000 (36%)]	Loss: 146.571884
[2022-10-20 01:31:23] PRINT Train Epoch: 1 [23040/60000 (38%)]	Loss: 145.900345
[2022-10-20 01:31:23] PRINT Train Epoch: 1 [24320/60000 (41%)]	Loss: 146.823090
[2022-10-20 01:31:23] PRINT Train Epoch: 1 [25600/60000 (43%)]	Loss: 146.272385
[2022-10-20 01:31:23] PRINT Train Epoch: 1 [26880/60000 (45%)]	Loss: 140.916718
[2022-10-20 01:31:23] PRINT Train Epoch: 1 [28160/60000 (47%)]	Loss: 145.481934
[2022-10-20 01:31:23] PRINT Train Epoch: 1 [29440/60000 (49%)]	Loss: 138.056549
[2022-10-20 01:31:23] PRINT Train Epoch: 1 [30720/60000 (51%)]	Loss: 135.165054
[2022-10-20 01:31:23] PRINT Train Epoch: 1 [32000/60000 (53%)]	Loss: 138.665070
[2022-10-20 01:31:23] PRINT Train Epoch: 1 [33280/60000 (55%)]	Loss: 133.496414
[2022-10-20 01:31:24] PRINT Train Epoch: 1 [34560/60000 (58%)]	Loss: 136.686356
[2022-10-20 01:31:24] PRINT Train Epoch: 1 [35840/60000 (60%)]	Loss: 129.611786
[2022-10-20 01:31:24] PRINT Train Epoch: 1 [37120/60000 (62%)]	Loss: 134.434921
[2022-10-20 01:31:24] PRINT Train Epoch: 1 [38400/60000 (64%)]	Loss: 134.929581
[2022-10-20 01:31:24] PRINT Train Epoch: 1 [39680/60000 (66%)]	Loss: 134.076614
[2022-10-20 01:31:24] PRINT Train Epoch: 1 [40960/60000 (68%)]	Loss: 132.850540
[2022-10-20 01:31:24] PRINT Train Epoch: 1 [42240/60000 (70%)]	Loss: 123.394836
[2022-10-20 01:31:24] PRINT Train Epoch: 1 [43520/60000 (72%)]	Loss: 136.900940
[2022-10-20 01:31:24] PRINT Train Epoch: 1 [44800/60000 (75%)]	Loss: 134.982224
[2022-10-20 01:31:24] PRINT Train Epoch: 1 [46080/60000 (77%)]	Loss: 128.575989
[2022-10-20 01:31:24] PRINT Train Epoch: 1 [47360/60000 (79%)]	Loss: 128.271667
[2022-10-20 01:31:25] PRINT Train Epoch: 1 [48640/60000 (81%)]	Loss: 133.824631
[2022-10-20 01:31:25] PRINT Train Epoch: 1 [49920/60000 (83%)]	Loss: 129.850266
[2022-10-20 01:31:25] PRINT Train Epoch: 1 [51200/60000 (85%)]	Loss: 130.038361
[2022-10-20 01:31:25] PRINT Train Epoch: 1 [52480/60000 (87%)]	Loss: 129.164551
[2022-10-20 01:31:25] PRINT Train Epoch: 1 [53760/60000 (90%)]	Loss: 121.843826
[2022-10-20 01:31:25] PRINT Train Epoch: 1 [55040/60000 (92%)]	Loss: 127.754585
[2022-10-20 01:31:25] PRINT Train Epoch: 1 [56320/60000 (94%)]	Loss: 131.043427
[2022-10-20 01:31:25] PRINT Train Epoch: 1 [57600/60000 (96%)]	Loss: 121.691483
[2022-10-20 01:31:25] PRINT Train Epoch: 1 [58880/60000 (98%)]	Loss: 125.593147
[2022-10-20 01:31:25] PRINT ====> Epoch: 1 Average loss: 149.9050
[2022-10-20 01:31:26] PRINT ====> Test set loss: 124.8627
[2022-10-20 01:31:26] PRINT Train Epoch: 2 [0/60000 (0%)]	Loss: 129.161285
[2022-10-20 01:31:26] PRINT Train Epoch: 2 [1280/60000 (2%)]	Loss: 124.605042
[2022-10-20 01:31:26] PRINT Train Epoch: 2 [2560/60000 (4%)]	Loss: 128.661377
[2022-10-20 01:31:26] PRINT Train Epoch: 2 [3840/60000 (6%)]	Loss: 118.969925
[2022-10-20 01:31:27] PRINT Train Epoch: 2 [5120/60000 (9%)]	Loss: 127.198425
[2022-10-20 01:31:27] PRINT Train Epoch: 2 [6400/60000 (11%)]	Loss: 124.444778
[2022-10-20 01:31:27] PRINT Train Epoch: 2 [7680/60000 (13%)]	Loss: 118.969475
[2022-10-20 01:31:27] PRINT Train Epoch: 2 [8960/60000 (15%)]	Loss: 121.372055
[2022-10-20 01:31:27] PRINT Train Epoch: 2 [10240/60000 (17%)]	Loss: 118.996307
[2022-10-20 01:31:27] PRINT Train Epoch: 2 [11520/60000 (19%)]	Loss: 120.885300
[2022-10-20 01:31:27] PRINT Train Epoch: 2 [12800/60000 (21%)]	Loss: 120.051743
[2022-10-20 01:31:27] PRINT Train Epoch: 2 [14080/60000 (23%)]	Loss: 116.969521
[2022-10-20 01:31:27] PRINT Train Epoch: 2 [15360/60000 (26%)]	Loss: 119.114136
[2022-10-20 01:31:27] PRINT Train Epoch: 2 [16640/60000 (28%)]	Loss: 125.492706
[2022-10-20 01:31:27] PRINT Train Epoch: 2 [17920/60000 (30%)]	Loss: 122.139297
[2022-10-20 01:31:27] PRINT Train Epoch: 2 [19200/60000 (32%)]	Loss: 117.895157
[2022-10-20 01:31:28] PRINT Train Epoch: 2 [20480/60000 (34%)]	Loss: 121.328583
[2022-10-20 01:31:28] PRINT Train Epoch: 2 [21760/60000 (36%)]	Loss: 120.807709
[2022-10-20 01:31:28] PRINT Train Epoch: 2 [23040/60000 (38%)]	Loss: 123.027176
[2022-10-20 01:31:28] PRINT Train Epoch: 2 [24320/60000 (41%)]	Loss: 119.606018
[2022-10-20 01:31:28] PRINT Train Epoch: 2 [25600/60000 (43%)]	Loss: 117.398369
[2022-10-20 01:31:28] PRINT Train Epoch: 2 [26880/60000 (45%)]	Loss: 117.454483
[2022-10-20 01:31:28] PRINT Train Epoch: 2 [28160/60000 (47%)]	Loss: 118.254089
[2022-10-20 01:31:28] PRINT Train Epoch: 2 [29440/60000 (49%)]	Loss: 120.379158
[2022-10-20 01:31:28] PRINT Train Epoch: 2 [30720/60000 (51%)]	Loss: 117.454742
[2022-10-20 01:31:28] PRINT Train Epoch: 2 [32000/60000 (53%)]	Loss: 119.374283
[2022-10-20 01:31:28] PRINT Train Epoch: 2 [33280/60000 (55%)]	Loss: 123.679375
[2022-10-20 01:31:29] PRINT Train Epoch: 2 [34560/60000 (58%)]	Loss: 119.198425
[2022-10-20 01:31:29] PRINT Train Epoch: 2 [35840/60000 (60%)]	Loss: 122.016182
[2022-10-20 01:31:29] PRINT Train Epoch: 2 [37120/60000 (62%)]	Loss: 124.144485
[2022-10-20 01:31:29] PRINT Train Epoch: 2 [38400/60000 (64%)]	Loss: 115.773270
[2022-10-20 01:31:29] PRINT Train Epoch: 2 [39680/60000 (66%)]	Loss: 118.991272
[2022-10-20 01:31:29] PRINT Train Epoch: 2 [40960/60000 (68%)]	Loss: 118.276649
[2022-10-20 01:31:29] PRINT Train Epoch: 2 [42240/60000 (70%)]	Loss: 120.529778
[2022-10-20 01:31:29] PRINT Train Epoch: 2 [43520/60000 (72%)]	Loss: 122.765564
[2022-10-20 01:31:29] PRINT Train Epoch: 2 [44800/60000 (75%)]	Loss: 116.964722
[2022-10-20 01:31:29] PRINT Train Epoch: 2 [46080/60000 (77%)]	Loss: 116.618958
[2022-10-20 01:31:29] PRINT Train Epoch: 2 [47360/60000 (79%)]	Loss: 117.257599
[2022-10-20 01:31:30] PRINT Train Epoch: 2 [48640/60000 (81%)]	Loss: 116.611298
[2022-10-20 01:31:30] PRINT Train Epoch: 2 [49920/60000 (83%)]	Loss: 117.971733
[2022-10-20 01:31:30] PRINT Train Epoch: 2 [51200/60000 (85%)]	Loss: 113.862579
[2022-10-20 01:31:30] PRINT Train Epoch: 2 [52480/60000 (87%)]	Loss: 121.699280
[2022-10-20 01:31:30] PRINT Train Epoch: 2 [53760/60000 (90%)]	Loss: 116.348351
[2022-10-20 01:31:30] PRINT Train Epoch: 2 [55040/60000 (92%)]	Loss: 122.432961
[2022-10-20 01:31:30] PRINT Train Epoch: 2 [56320/60000 (94%)]	Loss: 114.654907
[2022-10-20 01:31:30] PRINT Train Epoch: 2 [57600/60000 (96%)]	Loss: 115.769821
[2022-10-20 01:31:30] PRINT Train Epoch: 2 [58880/60000 (98%)]	Loss: 117.657776
[2022-10-20 01:31:30] PRINT ====> Epoch: 2 Average loss: 120.0427
[2022-10-20 01:31:31] PRINT ====> Test set loss: 116.8362
[2022-10-20 01:31:31] PRINT Train Epoch: 3 [0/60000 (0%)]	Loss: 111.150162
[2022-10-20 01:31:31] PRINT Train Epoch: 3 [1280/60000 (2%)]	Loss: 123.185280
[2022-10-20 01:31:31] PRINT Train Epoch: 3 [2560/60000 (4%)]	Loss: 120.702377
[2022-10-20 01:31:31] PRINT Train Epoch: 3 [3840/60000 (6%)]	Loss: 119.880768
[2022-10-20 01:31:31] PRINT Train Epoch: 3 [5120/60000 (9%)]	Loss: 114.187408
[2022-10-20 01:31:31] PRINT Train Epoch: 3 [6400/60000 (11%)]	Loss: 113.801208
[2022-10-20 01:31:32] PRINT Train Epoch: 3 [7680/60000 (13%)]	Loss: 114.403755
[2022-10-20 01:31:32] PRINT Train Epoch: 3 [8960/60000 (15%)]	Loss: 116.293678
[2022-10-20 01:31:32] PRINT Train Epoch: 3 [10240/60000 (17%)]	Loss: 114.271896
[2022-10-20 01:31:32] PRINT Train Epoch: 3 [11520/60000 (19%)]	Loss: 111.804016
[2022-10-20 01:31:32] PRINT Train Epoch: 3 [12800/60000 (21%)]	Loss: 114.078629
[2022-10-20 01:31:32] PRINT Train Epoch: 3 [14080/60000 (23%)]	Loss: 115.034500
[2022-10-20 01:31:32] PRINT Train Epoch: 3 [15360/60000 (26%)]	Loss: 113.039131
[2022-10-20 01:31:32] PRINT Train Epoch: 3 [16640/60000 (28%)]	Loss: 117.556137
[2022-10-20 01:31:32] PRINT Train Epoch: 3 [17920/60000 (30%)]	Loss: 119.024017
[2022-10-20 01:31:32] PRINT Train Epoch: 3 [19200/60000 (32%)]	Loss: 115.439873
[2022-10-20 01:31:32] PRINT Train Epoch: 3 [20480/60000 (34%)]	Loss: 114.239960
[2022-10-20 01:31:33] PRINT Train Epoch: 3 [21760/60000 (36%)]	Loss: 117.075050
[2022-10-20 01:31:33] PRINT Train Epoch: 3 [23040/60000 (38%)]	Loss: 120.095627
[2022-10-20 01:31:33] PRINT Train Epoch: 3 [24320/60000 (41%)]	Loss: 122.275040
[2022-10-20 01:31:33] PRINT Train Epoch: 3 [25600/60000 (43%)]	Loss: 113.473175
[2022-10-20 01:31:33] PRINT Train Epoch: 3 [26880/60000 (45%)]	Loss: 116.818375
[2022-10-20 01:31:33] PRINT Train Epoch: 3 [28160/60000 (47%)]	Loss: 115.819496
[2022-10-20 01:31:33] PRINT Train Epoch: 3 [29440/60000 (49%)]	Loss: 116.075623
[2022-10-20 01:31:33] PRINT Train Epoch: 3 [30720/60000 (51%)]	Loss: 117.081009
[2022-10-20 01:31:33] PRINT Train Epoch: 3 [32000/60000 (53%)]	Loss: 116.611786
[2022-10-20 01:31:33] PRINT Train Epoch: 3 [33280/60000 (55%)]	Loss: 115.931686
[2022-10-20 01:31:33] PRINT Train Epoch: 3 [34560/60000 (58%)]	Loss: 112.193985
[2022-10-20 01:31:33] PRINT Train Epoch: 3 [35840/60000 (60%)]	Loss: 115.593330
[2022-10-20 01:31:34] PRINT Train Epoch: 3 [37120/60000 (62%)]	Loss: 117.720428
[2022-10-20 01:31:34] PRINT Train Epoch: 3 [38400/60000 (64%)]	Loss: 112.850052
[2022-10-20 01:31:34] PRINT Train Epoch: 3 [39680/60000 (66%)]	Loss: 111.909607
[2022-10-20 01:31:34] PRINT Train Epoch: 3 [40960/60000 (68%)]	Loss: 114.489273
[2022-10-20 01:31:34] PRINT Train Epoch: 3 [42240/60000 (70%)]	Loss: 113.137344
[2022-10-20 01:31:34] PRINT Train Epoch: 3 [43520/60000 (72%)]	Loss: 114.545937
[2022-10-20 01:31:34] PRINT Train Epoch: 3 [44800/60000 (75%)]	Loss: 118.931702
[2022-10-20 01:31:34] PRINT Train Epoch: 3 [46080/60000 (77%)]	Loss: 114.209763
[2022-10-20 01:31:34] PRINT Train Epoch: 3 [47360/60000 (79%)]	Loss: 112.775345
[2022-10-20 01:31:34] PRINT Train Epoch: 3 [48640/60000 (81%)]	Loss: 114.217545
[2022-10-20 01:31:34] PRINT Train Epoch: 3 [49920/60000 (83%)]	Loss: 114.488274
[2022-10-20 01:31:35] PRINT Train Epoch: 3 [51200/60000 (85%)]	Loss: 115.766739
[2022-10-20 01:31:35] PRINT Train Epoch: 3 [52480/60000 (87%)]	Loss: 117.048531
[2022-10-20 01:31:35] PRINT Train Epoch: 3 [53760/60000 (90%)]	Loss: 121.630432
[2022-10-20 01:31:35] PRINT Train Epoch: 3 [55040/60000 (92%)]	Loss: 116.956093
[2022-10-20 01:31:35] PRINT Train Epoch: 3 [56320/60000 (94%)]	Loss: 120.284439
[2022-10-20 01:31:35] PRINT Train Epoch: 3 [57600/60000 (96%)]	Loss: 116.264496
[2022-10-20 01:31:35] PRINT Train Epoch: 3 [58880/60000 (98%)]	Loss: 120.181488
[2022-10-20 01:31:35] PRINT ====> Epoch: 3 Average loss: 115.9588
[2022-10-20 01:31:36] PRINT ====> Test set loss: 113.7783
[2022-10-20 01:31:36] PRINT Train Epoch: 4 [0/60000 (0%)]	Loss: 111.352188
[2022-10-20 01:31:36] PRINT Train Epoch: 4 [1280/60000 (2%)]	Loss: 117.998062
[2022-10-20 01:31:36] PRINT Train Epoch: 4 [2560/60000 (4%)]	Loss: 111.852493
[2022-10-20 01:31:36] PRINT Train Epoch: 4 [3840/60000 (6%)]	Loss: 115.998108
[2022-10-20 01:31:36] PRINT Train Epoch: 4 [5120/60000 (9%)]	Loss: 114.451416
[2022-10-20 01:31:36] PRINT Train Epoch: 4 [6400/60000 (11%)]	Loss: 118.373253
[2022-10-20 01:31:36] PRINT Train Epoch: 4 [7680/60000 (13%)]	Loss: 113.414551
[2022-10-20 01:31:36] PRINT Train Epoch: 4 [8960/60000 (15%)]	Loss: 114.732971
[2022-10-20 01:31:37] PRINT Train Epoch: 4 [10240/60000 (17%)]	Loss: 113.309181
[2022-10-20 01:31:37] PRINT Train Epoch: 4 [11520/60000 (19%)]	Loss: 112.341713
[2022-10-20 01:31:37] PRINT Train Epoch: 4 [12800/60000 (21%)]	Loss: 116.644424
[2022-10-20 01:31:37] PRINT Train Epoch: 4 [14080/60000 (23%)]	Loss: 105.574127
[2022-10-20 01:31:37] PRINT Train Epoch: 4 [15360/60000 (26%)]	Loss: 112.119034
[2022-10-20 01:31:37] PRINT Train Epoch: 4 [16640/60000 (28%)]	Loss: 116.970139
[2022-10-20 01:31:37] PRINT Train Epoch: 4 [17920/60000 (30%)]	Loss: 109.193954
[2022-10-20 01:31:37] PRINT Train Epoch: 4 [19200/60000 (32%)]	Loss: 122.205246
[2022-10-20 01:31:37] PRINT Train Epoch: 4 [20480/60000 (34%)]	Loss: 116.589813
[2022-10-20 01:31:37] PRINT Train Epoch: 4 [21760/60000 (36%)]	Loss: 116.582596
[2022-10-20 01:31:37] PRINT Train Epoch: 4 [23040/60000 (38%)]	Loss: 116.785225
[2022-10-20 01:31:38] PRINT Train Epoch: 4 [24320/60000 (41%)]	Loss: 116.145569
[2022-10-20 01:31:38] PRINT Train Epoch: 4 [25600/60000 (43%)]	Loss: 110.577164
[2022-10-20 01:31:38] PRINT Train Epoch: 4 [26880/60000 (45%)]	Loss: 113.311119
[2022-10-20 01:31:38] PRINT Train Epoch: 4 [28160/60000 (47%)]	Loss: 117.164566
[2022-10-20 01:31:38] PRINT Train Epoch: 4 [29440/60000 (49%)]	Loss: 115.441841
[2022-10-20 01:31:38] PRINT Train Epoch: 4 [30720/60000 (51%)]	Loss: 116.281982
[2022-10-20 01:31:38] PRINT Train Epoch: 4 [32000/60000 (53%)]	Loss: 115.991959
[2022-10-20 01:31:38] PRINT Train Epoch: 4 [33280/60000 (55%)]	Loss: 108.431091
[2022-10-20 01:31:38] PRINT Train Epoch: 4 [34560/60000 (58%)]	Loss: 118.671135
[2022-10-20 01:31:38] PRINT Train Epoch: 4 [35840/60000 (60%)]	Loss: 116.659454
[2022-10-20 01:31:38] PRINT Train Epoch: 4 [37120/60000 (62%)]	Loss: 117.034363
[2022-10-20 01:31:39] PRINT Train Epoch: 4 [38400/60000 (64%)]	Loss: 109.030060
[2022-10-20 01:31:39] PRINT Train Epoch: 4 [39680/60000 (66%)]	Loss: 113.611160
[2022-10-20 01:31:39] PRINT Train Epoch: 4 [40960/60000 (68%)]	Loss: 114.716782
[2022-10-20 01:31:39] PRINT Train Epoch: 4 [42240/60000 (70%)]	Loss: 116.759041
[2022-10-20 01:31:39] PRINT Train Epoch: 4 [43520/60000 (72%)]	Loss: 110.619003
[2022-10-20 01:31:39] PRINT Train Epoch: 4 [44800/60000 (75%)]	Loss: 116.431030
[2022-10-20 01:31:39] PRINT Train Epoch: 4 [46080/60000 (77%)]	Loss: 114.988144
[2022-10-20 01:31:39] PRINT Train Epoch: 4 [47360/60000 (79%)]	Loss: 118.030128
[2022-10-20 01:31:39] PRINT Train Epoch: 4 [48640/60000 (81%)]	Loss: 118.083267
[2022-10-20 01:31:39] PRINT Train Epoch: 4 [49920/60000 (83%)]	Loss: 116.793739
[2022-10-20 01:31:39] PRINT Train Epoch: 4 [51200/60000 (85%)]	Loss: 118.042938
[2022-10-20 01:31:39] PRINT Train Epoch: 4 [52480/60000 (87%)]	Loss: 110.921181
[2022-10-20 01:31:40] PRINT Train Epoch: 4 [53760/60000 (90%)]	Loss: 116.429039
[2022-10-20 01:31:40] PRINT Train Epoch: 4 [55040/60000 (92%)]	Loss: 116.524590
[2022-10-20 01:31:40] PRINT Train Epoch: 4 [56320/60000 (94%)]	Loss: 111.807320
[2022-10-20 01:31:40] PRINT Train Epoch: 4 [57600/60000 (96%)]	Loss: 113.503845
[2022-10-20 01:31:40] PRINT Train Epoch: 4 [58880/60000 (98%)]	Loss: 114.809128
[2022-10-20 01:31:40] PRINT ====> Epoch: 4 Average loss: 114.0614
[2022-10-20 01:31:41] PRINT ====> Test set loss: 113.3772
[2022-10-20 01:31:41] PRINT Train Epoch: 5 [0/60000 (0%)]	Loss: 109.242592
[2022-10-20 01:31:41] PRINT Train Epoch: 5 [1280/60000 (2%)]	Loss: 116.454422
[2022-10-20 01:31:41] PRINT Train Epoch: 5 [2560/60000 (4%)]	Loss: 115.609131
[2022-10-20 01:31:41] PRINT Train Epoch: 5 [3840/60000 (6%)]	Loss: 115.135765
[2022-10-20 01:31:41] PRINT Train Epoch: 5 [5120/60000 (9%)]	Loss: 114.950912
[2022-10-20 01:31:41] PRINT Train Epoch: 5 [6400/60000 (11%)]	Loss: 111.806816
[2022-10-20 01:31:41] PRINT Train Epoch: 5 [7680/60000 (13%)]	Loss: 110.299744
[2022-10-20 01:31:41] PRINT Train Epoch: 5 [8960/60000 (15%)]	Loss: 117.269142
[2022-10-20 01:31:42] PRINT Train Epoch: 5 [10240/60000 (17%)]	Loss: 115.765167
[2022-10-20 01:31:42] PRINT Train Epoch: 5 [11520/60000 (19%)]	Loss: 109.341179
[2022-10-20 01:31:42] PRINT Train Epoch: 5 [12800/60000 (21%)]	Loss: 116.685760
[2022-10-20 01:31:42] PRINT Train Epoch: 5 [14080/60000 (23%)]	Loss: 110.595169
[2022-10-20 01:31:42] PRINT Train Epoch: 5 [15360/60000 (26%)]	Loss: 118.781006
[2022-10-20 01:31:42] PRINT Train Epoch: 5 [16640/60000 (28%)]	Loss: 113.814224
[2022-10-20 01:31:42] PRINT Train Epoch: 5 [17920/60000 (30%)]	Loss: 116.194702
[2022-10-20 01:31:42] PRINT Train Epoch: 5 [19200/60000 (32%)]	Loss: 111.828194
[2022-10-20 01:31:42] PRINT Train Epoch: 5 [20480/60000 (34%)]	Loss: 112.686295
[2022-10-20 01:31:42] PRINT Train Epoch: 5 [21760/60000 (36%)]	Loss: 115.999527
[2022-10-20 01:31:42] PRINT Train Epoch: 5 [23040/60000 (38%)]	Loss: 112.292587
[2022-10-20 01:31:43] PRINT Train Epoch: 5 [24320/60000 (41%)]	Loss: 112.356834
[2022-10-20 01:31:43] PRINT Train Epoch: 5 [25600/60000 (43%)]	Loss: 112.685783
[2022-10-20 01:31:43] PRINT Train Epoch: 5 [26880/60000 (45%)]	Loss: 113.994186
[2022-10-20 01:31:43] PRINT Train Epoch: 5 [28160/60000 (47%)]	Loss: 114.455093
[2022-10-20 01:31:43] PRINT Train Epoch: 5 [29440/60000 (49%)]	Loss: 116.974518
[2022-10-20 01:31:43] PRINT Train Epoch: 5 [30720/60000 (51%)]	Loss: 111.235962
[2022-10-20 01:31:43] PRINT Train Epoch: 5 [32000/60000 (53%)]	Loss: 116.031876
[2022-10-20 01:31:43] PRINT Train Epoch: 5 [33280/60000 (55%)]	Loss: 117.146378
[2022-10-20 01:31:43] PRINT Train Epoch: 5 [34560/60000 (58%)]	Loss: 113.924683
[2022-10-20 01:31:43] PRINT Train Epoch: 5 [35840/60000 (60%)]	Loss: 115.679703
[2022-10-20 01:31:43] PRINT Train Epoch: 5 [37120/60000 (62%)]	Loss: 114.452385
[2022-10-20 01:31:44] PRINT Train Epoch: 5 [38400/60000 (64%)]	Loss: 112.277283
[2022-10-20 01:31:44] PRINT Train Epoch: 5 [39680/60000 (66%)]	Loss: 110.868210
[2022-10-20 01:31:44] PRINT Train Epoch: 5 [40960/60000 (68%)]	Loss: 111.764809
[2022-10-20 01:31:44] PRINT Train Epoch: 5 [42240/60000 (70%)]	Loss: 113.899986
[2022-10-20 01:31:44] PRINT Train Epoch: 5 [43520/60000 (72%)]	Loss: 113.576317
[2022-10-20 01:31:44] PRINT Train Epoch: 5 [44800/60000 (75%)]	Loss: 112.514267
[2022-10-20 01:31:44] PRINT Train Epoch: 5 [46080/60000 (77%)]	Loss: 107.444244
[2022-10-20 01:31:44] PRINT Train Epoch: 5 [47360/60000 (79%)]	Loss: 111.909889
[2022-10-20 01:31:44] PRINT Train Epoch: 5 [48640/60000 (81%)]	Loss: 111.620300
[2022-10-20 01:31:44] PRINT Train Epoch: 5 [49920/60000 (83%)]	Loss: 114.168854
[2022-10-20 01:31:44] PRINT Train Epoch: 5 [51200/60000 (85%)]	Loss: 113.883133
[2022-10-20 01:31:44] PRINT Train Epoch: 5 [52480/60000 (87%)]	Loss: 114.346756
[2022-10-20 01:31:45] PRINT Train Epoch: 5 [53760/60000 (90%)]	Loss: 110.126717
[2022-10-20 01:31:45] PRINT Train Epoch: 5 [55040/60000 (92%)]	Loss: 110.753410
[2022-10-20 01:31:45] PRINT Train Epoch: 5 [56320/60000 (94%)]	Loss: 116.346619
[2022-10-20 01:31:45] PRINT Train Epoch: 5 [57600/60000 (96%)]	Loss: 116.731857
[2022-10-20 01:31:45] PRINT Train Epoch: 5 [58880/60000 (98%)]	Loss: 112.656487
[2022-10-20 01:31:45] PRINT ====> Epoch: 5 Average loss: 113.0851
[2022-10-20 01:31:46] PRINT ====> Test set loss: 112.2271
[2022-10-20 01:31:46] PRINT Train Epoch: 6 [0/60000 (0%)]	Loss: 110.059715
[2022-10-20 01:31:46] PRINT Train Epoch: 6 [1280/60000 (2%)]	Loss: 113.435646
[2022-10-20 01:31:46] PRINT Train Epoch: 6 [2560/60000 (4%)]	Loss: 115.265190
[2022-10-20 01:31:46] PRINT Train Epoch: 6 [3840/60000 (6%)]	Loss: 119.523415
[2022-10-20 01:31:46] PRINT Train Epoch: 6 [5120/60000 (9%)]	Loss: 107.668472
[2022-10-20 01:31:46] PRINT Train Epoch: 6 [6400/60000 (11%)]	Loss: 112.174789
[2022-10-20 01:31:46] PRINT Train Epoch: 6 [7680/60000 (13%)]	Loss: 111.498650
[2022-10-20 01:31:46] PRINT Train Epoch: 6 [8960/60000 (15%)]	Loss: 111.555832
[2022-10-20 01:31:46] PRINT Train Epoch: 6 [10240/60000 (17%)]	Loss: 110.039932
[2022-10-20 01:31:47] PRINT Train Epoch: 6 [11520/60000 (19%)]	Loss: 112.383949
[2022-10-20 01:31:47] PRINT Train Epoch: 6 [12800/60000 (21%)]	Loss: 114.311066
[2022-10-20 01:31:47] PRINT Train Epoch: 6 [14080/60000 (23%)]	Loss: 116.274490
[2022-10-20 01:31:47] PRINT Train Epoch: 6 [15360/60000 (26%)]	Loss: 112.005234
[2022-10-20 01:31:47] PRINT Train Epoch: 6 [16640/60000 (28%)]	Loss: 111.432526
[2022-10-20 01:31:47] PRINT Train Epoch: 6 [17920/60000 (30%)]	Loss: 108.857590
[2022-10-20 01:31:47] PRINT Train Epoch: 6 [19200/60000 (32%)]	Loss: 112.961861
[2022-10-20 01:31:47] PRINT Train Epoch: 6 [20480/60000 (34%)]	Loss: 111.603760
[2022-10-20 01:31:47] PRINT Train Epoch: 6 [21760/60000 (36%)]	Loss: 109.634918
[2022-10-20 01:31:47] PRINT Train Epoch: 6 [23040/60000 (38%)]	Loss: 113.401855
[2022-10-20 01:31:47] PRINT Train Epoch: 6 [24320/60000 (41%)]	Loss: 111.031448
[2022-10-20 01:31:48] PRINT Train Epoch: 6 [25600/60000 (43%)]	Loss: 115.773949
[2022-10-20 01:31:48] PRINT Train Epoch: 6 [26880/60000 (45%)]	Loss: 115.033531
[2022-10-20 01:31:48] PRINT Train Epoch: 6 [28160/60000 (47%)]	Loss: 108.284637
[2022-10-20 01:31:48] PRINT Train Epoch: 6 [29440/60000 (49%)]	Loss: 109.784828
[2022-10-20 01:31:48] PRINT Train Epoch: 6 [30720/60000 (51%)]	Loss: 110.332817
[2022-10-20 01:31:48] PRINT Train Epoch: 6 [32000/60000 (53%)]	Loss: 112.970840
[2022-10-20 01:31:48] PRINT Train Epoch: 6 [33280/60000 (55%)]	Loss: 116.362930
[2022-10-20 01:31:48] PRINT Train Epoch: 6 [34560/60000 (58%)]	Loss: 111.463715
[2022-10-20 01:31:48] PRINT Train Epoch: 6 [35840/60000 (60%)]	Loss: 110.728577
[2022-10-20 01:31:48] PRINT Train Epoch: 6 [37120/60000 (62%)]	Loss: 114.727478
[2022-10-20 01:31:48] PRINT Train Epoch: 6 [38400/60000 (64%)]	Loss: 118.981094
[2022-10-20 01:31:49] PRINT Train Epoch: 6 [39680/60000 (66%)]	Loss: 114.676994
[2022-10-20 01:31:49] PRINT Train Epoch: 6 [40960/60000 (68%)]	Loss: 112.033607
[2022-10-20 01:31:49] PRINT Train Epoch: 6 [42240/60000 (70%)]	Loss: 109.572678
[2022-10-20 01:31:49] PRINT Train Epoch: 6 [43520/60000 (72%)]	Loss: 114.056198
[2022-10-20 01:31:49] PRINT Train Epoch: 6 [44800/60000 (75%)]	Loss: 108.568588
[2022-10-20 01:31:49] PRINT Train Epoch: 6 [46080/60000 (77%)]	Loss: 112.293266
[2022-10-20 01:31:49] PRINT Train Epoch: 6 [47360/60000 (79%)]	Loss: 111.097092
[2022-10-20 01:31:49] PRINT Train Epoch: 6 [48640/60000 (81%)]	Loss: 111.060196
[2022-10-20 01:31:49] PRINT Train Epoch: 6 [49920/60000 (83%)]	Loss: 109.508011
[2022-10-20 01:31:49] PRINT Train Epoch: 6 [51200/60000 (85%)]	Loss: 115.665771
[2022-10-20 01:31:49] PRINT Train Epoch: 6 [52480/60000 (87%)]	Loss: 109.781143
[2022-10-20 01:31:50] PRINT Train Epoch: 6 [53760/60000 (90%)]	Loss: 114.476044
[2022-10-20 01:31:50] PRINT Train Epoch: 6 [55040/60000 (92%)]	Loss: 115.180687
[2022-10-20 01:31:50] PRINT Train Epoch: 6 [56320/60000 (94%)]	Loss: 110.867882
[2022-10-20 01:31:50] PRINT Train Epoch: 6 [57600/60000 (96%)]	Loss: 114.563614
[2022-10-20 01:31:50] PRINT Train Epoch: 6 [58880/60000 (98%)]	Loss: 111.817352
[2022-10-20 01:31:50] PRINT ====> Epoch: 6 Average loss: 112.3349
[2022-10-20 01:31:51] PRINT ====> Test set loss: 111.7367
[2022-10-20 01:31:51] PRINT Train Epoch: 7 [0/60000 (0%)]	Loss: 114.689667
[2022-10-20 01:31:51] PRINT Train Epoch: 7 [1280/60000 (2%)]	Loss: 111.601913
[2022-10-20 01:31:51] PRINT Train Epoch: 7 [2560/60000 (4%)]	Loss: 109.446884
[2022-10-20 01:31:51] PRINT Train Epoch: 7 [3840/60000 (6%)]	Loss: 108.570206
[2022-10-20 01:31:51] PRINT Train Epoch: 7 [5120/60000 (9%)]	Loss: 111.735077
[2022-10-20 01:31:51] PRINT Train Epoch: 7 [6400/60000 (11%)]	Loss: 109.900467
[2022-10-20 01:31:51] PRINT Train Epoch: 7 [7680/60000 (13%)]	Loss: 114.336159
[2022-10-20 01:31:51] PRINT Train Epoch: 7 [8960/60000 (15%)]	Loss: 119.849548
[2022-10-20 01:31:52] PRINT Train Epoch: 7 [10240/60000 (17%)]	Loss: 113.513901
[2022-10-20 01:31:52] PRINT Train Epoch: 7 [11520/60000 (19%)]	Loss: 116.290955
[2022-10-20 01:31:52] PRINT Train Epoch: 7 [12800/60000 (21%)]	Loss: 114.491707
[2022-10-20 01:31:52] PRINT Train Epoch: 7 [14080/60000 (23%)]	Loss: 113.422432
[2022-10-20 01:31:52] PRINT Train Epoch: 7 [15360/60000 (26%)]	Loss: 109.463867
[2022-10-20 01:31:52] PRINT Train Epoch: 7 [16640/60000 (28%)]	Loss: 113.506027
[2022-10-20 01:31:52] PRINT Train Epoch: 7 [17920/60000 (30%)]	Loss: 113.170654
[2022-10-20 01:31:52] PRINT Train Epoch: 7 [19200/60000 (32%)]	Loss: 121.476898
[2022-10-20 01:31:52] PRINT Train Epoch: 7 [20480/60000 (34%)]	Loss: 116.853920
[2022-10-20 01:31:52] PRINT Train Epoch: 7 [21760/60000 (36%)]	Loss: 115.484367
[2022-10-20 01:31:52] PRINT Train Epoch: 7 [23040/60000 (38%)]	Loss: 105.826691
[2022-10-20 01:31:53] PRINT Train Epoch: 7 [24320/60000 (41%)]	Loss: 111.571686
[2022-10-20 01:31:53] PRINT Train Epoch: 7 [25600/60000 (43%)]	Loss: 111.921410
[2022-10-20 01:31:53] PRINT Train Epoch: 7 [26880/60000 (45%)]	Loss: 116.396515
[2022-10-20 01:31:53] PRINT Train Epoch: 7 [28160/60000 (47%)]	Loss: 113.090027
[2022-10-20 01:31:53] PRINT Train Epoch: 7 [29440/60000 (49%)]	Loss: 113.723373
[2022-10-20 01:31:53] PRINT Train Epoch: 7 [30720/60000 (51%)]	Loss: 105.642746
[2022-10-20 01:31:53] PRINT Train Epoch: 7 [32000/60000 (53%)]	Loss: 116.984726
[2022-10-20 01:31:53] PRINT Train Epoch: 7 [33280/60000 (55%)]	Loss: 118.266174
[2022-10-20 01:31:53] PRINT Train Epoch: 7 [34560/60000 (58%)]	Loss: 109.198730
[2022-10-20 01:31:53] PRINT Train Epoch: 7 [35840/60000 (60%)]	Loss: 111.080750
[2022-10-20 01:31:53] PRINT Train Epoch: 7 [37120/60000 (62%)]	Loss: 113.493614
[2022-10-20 01:31:54] PRINT Train Epoch: 7 [38400/60000 (64%)]	Loss: 109.655243
[2022-10-20 01:31:54] PRINT Train Epoch: 7 [39680/60000 (66%)]	Loss: 110.695602
[2022-10-20 01:31:54] PRINT Train Epoch: 7 [40960/60000 (68%)]	Loss: 106.580269
[2022-10-20 01:31:54] PRINT Train Epoch: 7 [42240/60000 (70%)]	Loss: 114.364761
[2022-10-20 01:31:54] PRINT Train Epoch: 7 [43520/60000 (72%)]	Loss: 111.610092
[2022-10-20 01:31:54] PRINT Train Epoch: 7 [44800/60000 (75%)]	Loss: 105.114441
[2022-10-20 01:31:54] PRINT Train Epoch: 7 [46080/60000 (77%)]	Loss: 111.213348
[2022-10-20 01:31:54] PRINT Train Epoch: 7 [47360/60000 (79%)]	Loss: 114.900177
[2022-10-20 01:31:54] PRINT Train Epoch: 7 [48640/60000 (81%)]	Loss: 111.144073
[2022-10-20 01:31:54] PRINT Train Epoch: 7 [49920/60000 (83%)]	Loss: 111.698830
[2022-10-20 01:31:54] PRINT Train Epoch: 7 [51200/60000 (85%)]	Loss: 116.483223
[2022-10-20 01:31:55] PRINT Train Epoch: 7 [52480/60000 (87%)]	Loss: 115.744141
[2022-10-20 01:31:55] PRINT Train Epoch: 7 [53760/60000 (90%)]	Loss: 111.551407
[2022-10-20 01:31:55] PRINT Train Epoch: 7 [55040/60000 (92%)]	Loss: 111.628838
[2022-10-20 01:31:55] PRINT Train Epoch: 7 [56320/60000 (94%)]	Loss: 109.866882
[2022-10-20 01:31:55] PRINT Train Epoch: 7 [57600/60000 (96%)]	Loss: 109.794952
[2022-10-20 01:31:55] PRINT Train Epoch: 7 [58880/60000 (98%)]	Loss: 111.309448
[2022-10-20 01:31:55] PRINT ====> Epoch: 7 Average loss: 111.6665
[2022-10-20 01:31:56] PRINT ====> Test set loss: 111.4715
[2022-10-20 01:31:56] PRINT Train Epoch: 8 [0/60000 (0%)]	Loss: 107.570992
[2022-10-20 01:31:56] PRINT Train Epoch: 8 [1280/60000 (2%)]	Loss: 112.839600
[2022-10-20 01:31:56] PRINT Train Epoch: 8 [2560/60000 (4%)]	Loss: 112.231506
[2022-10-20 01:31:56] PRINT Train Epoch: 8 [3840/60000 (6%)]	Loss: 109.408386
[2022-10-20 01:31:56] PRINT Train Epoch: 8 [5120/60000 (9%)]	Loss: 113.107330
[2022-10-20 01:31:56] PRINT Train Epoch: 8 [6400/60000 (11%)]	Loss: 110.661697
[2022-10-20 01:31:56] PRINT Train Epoch: 8 [7680/60000 (13%)]	Loss: 112.343994
[2022-10-20 01:31:56] PRINT Train Epoch: 8 [8960/60000 (15%)]	Loss: 112.508560
[2022-10-20 01:31:57] PRINT Train Epoch: 8 [10240/60000 (17%)]	Loss: 118.300789
[2022-10-20 01:31:57] PRINT Train Epoch: 8 [11520/60000 (19%)]	Loss: 112.899590
[2022-10-20 01:31:57] PRINT Train Epoch: 8 [12800/60000 (21%)]	Loss: 107.665924
[2022-10-20 01:31:57] PRINT Train Epoch: 8 [14080/60000 (23%)]	Loss: 112.048080
[2022-10-20 01:31:57] PRINT Train Epoch: 8 [15360/60000 (26%)]	Loss: 110.002625
[2022-10-20 01:31:57] PRINT Train Epoch: 8 [16640/60000 (28%)]	Loss: 110.699814
[2022-10-20 01:31:57] PRINT Train Epoch: 8 [17920/60000 (30%)]	Loss: 111.471458
[2022-10-20 01:31:57] PRINT Train Epoch: 8 [19200/60000 (32%)]	Loss: 112.282242
[2022-10-20 01:31:57] PRINT Train Epoch: 8 [20480/60000 (34%)]	Loss: 110.837692
[2022-10-20 01:31:57] PRINT Train Epoch: 8 [21760/60000 (36%)]	Loss: 112.479446
[2022-10-20 01:31:57] PRINT Train Epoch: 8 [23040/60000 (38%)]	Loss: 108.306168
[2022-10-20 01:31:57] PRINT Train Epoch: 8 [24320/60000 (41%)]	Loss: 113.795128
[2022-10-20 01:31:58] PRINT Train Epoch: 8 [25600/60000 (43%)]	Loss: 110.786865
[2022-10-20 01:31:58] PRINT Train Epoch: 8 [26880/60000 (45%)]	Loss: 109.192650
[2022-10-20 01:31:58] PRINT Train Epoch: 8 [28160/60000 (47%)]	Loss: 109.926918
[2022-10-20 01:31:58] PRINT Train Epoch: 8 [29440/60000 (49%)]	Loss: 112.522598
[2022-10-20 01:31:58] PRINT Train Epoch: 8 [30720/60000 (51%)]	Loss: 114.068726
[2022-10-20 01:31:58] PRINT Train Epoch: 8 [32000/60000 (53%)]	Loss: 115.293297
[2022-10-20 01:31:58] PRINT Train Epoch: 8 [33280/60000 (55%)]	Loss: 111.879135
[2022-10-20 01:31:58] PRINT Train Epoch: 8 [34560/60000 (58%)]	Loss: 109.782295
[2022-10-20 01:31:58] PRINT Train Epoch: 8 [35840/60000 (60%)]	Loss: 112.098709
[2022-10-20 01:31:58] PRINT Train Epoch: 8 [37120/60000 (62%)]	Loss: 111.146408
[2022-10-20 01:31:58] PRINT Train Epoch: 8 [38400/60000 (64%)]	Loss: 109.159088
[2022-10-20 01:31:59] PRINT Train Epoch: 8 [39680/60000 (66%)]	Loss: 117.114944
[2022-10-20 01:31:59] PRINT Train Epoch: 8 [40960/60000 (68%)]	Loss: 107.923767
[2022-10-20 01:31:59] PRINT Train Epoch: 8 [42240/60000 (70%)]	Loss: 114.433434
[2022-10-20 01:31:59] PRINT Train Epoch: 8 [43520/60000 (72%)]	Loss: 107.737595
[2022-10-20 01:31:59] PRINT Train Epoch: 8 [44800/60000 (75%)]	Loss: 109.725060
[2022-10-20 01:31:59] PRINT Train Epoch: 8 [46080/60000 (77%)]	Loss: 114.728455
[2022-10-20 01:31:59] PRINT Train Epoch: 8 [47360/60000 (79%)]	Loss: 110.615967
[2022-10-20 01:31:59] PRINT Train Epoch: 8 [48640/60000 (81%)]	Loss: 108.113716
[2022-10-20 01:31:59] PRINT Train Epoch: 8 [49920/60000 (83%)]	Loss: 113.038475
[2022-10-20 01:31:59] PRINT Train Epoch: 8 [51200/60000 (85%)]	Loss: 110.902885
[2022-10-20 01:31:59] PRINT Train Epoch: 8 [52480/60000 (87%)]	Loss: 112.775818
[2022-10-20 01:32:00] PRINT Train Epoch: 8 [53760/60000 (90%)]	Loss: 112.084915
[2022-10-20 01:32:00] PRINT Train Epoch: 8 [55040/60000 (92%)]	Loss: 110.459122
[2022-10-20 01:32:00] PRINT Train Epoch: 8 [56320/60000 (94%)]	Loss: 110.545769
[2022-10-20 01:32:00] PRINT Train Epoch: 8 [57600/60000 (96%)]	Loss: 111.575790
[2022-10-20 01:32:00] PRINT Train Epoch: 8 [58880/60000 (98%)]	Loss: 108.587395
[2022-10-20 01:32:00] PRINT ====> Epoch: 8 Average loss: 111.3824
[2022-10-20 01:32:01] PRINT ====> Test set loss: 110.9097
[2022-10-20 01:32:01] PRINT Train Epoch: 9 [0/60000 (0%)]	Loss: 108.488235
[2022-10-20 01:32:01] PRINT Train Epoch: 9 [1280/60000 (2%)]	Loss: 110.863091
[2022-10-20 01:32:01] PRINT Train Epoch: 9 [2560/60000 (4%)]	Loss: 111.774254
[2022-10-20 01:32:01] PRINT Train Epoch: 9 [3840/60000 (6%)]	Loss: 112.540741
[2022-10-20 01:32:01] PRINT Train Epoch: 9 [5120/60000 (9%)]	Loss: 115.963058
[2022-10-20 01:32:01] PRINT Train Epoch: 9 [6400/60000 (11%)]	Loss: 114.112679
[2022-10-20 01:32:01] PRINT Train Epoch: 9 [7680/60000 (13%)]	Loss: 111.642204
[2022-10-20 01:32:01] PRINT Train Epoch: 9 [8960/60000 (15%)]	Loss: 115.694412
[2022-10-20 01:32:01] PRINT Train Epoch: 9 [10240/60000 (17%)]	Loss: 107.114288
[2022-10-20 01:32:02] PRINT Train Epoch: 9 [11520/60000 (19%)]	Loss: 112.175514
[2022-10-20 01:32:02] PRINT Train Epoch: 9 [12800/60000 (21%)]	Loss: 115.472397
[2022-10-20 01:32:02] PRINT Train Epoch: 9 [14080/60000 (23%)]	Loss: 115.771660
[2022-10-20 01:32:02] PRINT Train Epoch: 9 [15360/60000 (26%)]	Loss: 110.296997
[2022-10-20 01:32:02] PRINT Train Epoch: 9 [16640/60000 (28%)]	Loss: 107.359970
[2022-10-20 01:32:02] PRINT Train Epoch: 9 [17920/60000 (30%)]	Loss: 109.353241
[2022-10-20 01:32:02] PRINT Train Epoch: 9 [19200/60000 (32%)]	Loss: 109.397644
[2022-10-20 01:32:02] PRINT Train Epoch: 9 [20480/60000 (34%)]	Loss: 111.225853
[2022-10-20 01:32:02] PRINT Train Epoch: 9 [21760/60000 (36%)]	Loss: 111.574219
[2022-10-20 01:32:02] PRINT Train Epoch: 9 [23040/60000 (38%)]	Loss: 114.605042
[2022-10-20 01:32:02] PRINT Train Epoch: 9 [24320/60000 (41%)]	Loss: 108.863983
[2022-10-20 01:32:02] PRINT Train Epoch: 9 [25600/60000 (43%)]	Loss: 109.778862
[2022-10-20 01:32:03] PRINT Train Epoch: 9 [26880/60000 (45%)]	Loss: 109.749382
[2022-10-20 01:32:03] PRINT Train Epoch: 9 [28160/60000 (47%)]	Loss: 111.568665
[2022-10-20 01:32:03] PRINT Train Epoch: 9 [29440/60000 (49%)]	Loss: 111.179619
[2022-10-20 01:32:03] PRINT Train Epoch: 9 [30720/60000 (51%)]	Loss: 108.150597
[2022-10-20 01:32:03] PRINT Train Epoch: 9 [32000/60000 (53%)]	Loss: 106.060799
[2022-10-20 01:32:03] PRINT Train Epoch: 9 [33280/60000 (55%)]	Loss: 110.637825
[2022-10-20 01:32:03] PRINT Train Epoch: 9 [34560/60000 (58%)]	Loss: 114.758408
[2022-10-20 01:32:03] PRINT Train Epoch: 9 [35840/60000 (60%)]	Loss: 111.276772
[2022-10-20 01:32:03] PRINT Train Epoch: 9 [37120/60000 (62%)]	Loss: 110.680511
[2022-10-20 01:32:03] PRINT Train Epoch: 9 [38400/60000 (64%)]	Loss: 106.204575
[2022-10-20 01:32:03] PRINT Train Epoch: 9 [39680/60000 (66%)]	Loss: 109.262939
[2022-10-20 01:32:04] PRINT Train Epoch: 9 [40960/60000 (68%)]	Loss: 112.547089
[2022-10-20 01:32:04] PRINT Train Epoch: 9 [42240/60000 (70%)]	Loss: 111.724915
[2022-10-20 01:32:04] PRINT Train Epoch: 9 [43520/60000 (72%)]	Loss: 115.935493
[2022-10-20 01:32:04] PRINT Train Epoch: 9 [44800/60000 (75%)]	Loss: 115.084579
[2022-10-20 01:32:04] PRINT Train Epoch: 9 [46080/60000 (77%)]	Loss: 112.879471
[2022-10-20 01:32:04] PRINT Train Epoch: 9 [47360/60000 (79%)]	Loss: 111.386932
[2022-10-20 01:32:04] PRINT Train Epoch: 9 [48640/60000 (81%)]	Loss: 111.993469
[2022-10-20 01:32:04] PRINT Train Epoch: 9 [49920/60000 (83%)]	Loss: 105.702194
[2022-10-20 01:32:04] PRINT Train Epoch: 9 [51200/60000 (85%)]	Loss: 105.371986
[2022-10-20 01:32:04] PRINT Train Epoch: 9 [52480/60000 (87%)]	Loss: 109.300720
[2022-10-20 01:32:04] PRINT Train Epoch: 9 [53760/60000 (90%)]	Loss: 112.867943
[2022-10-20 01:32:05] PRINT Train Epoch: 9 [55040/60000 (92%)]	Loss: 111.898865
[2022-10-20 01:32:05] PRINT Train Epoch: 9 [56320/60000 (94%)]	Loss: 109.344696
[2022-10-20 01:32:05] PRINT Train Epoch: 9 [57600/60000 (96%)]	Loss: 114.261375
[2022-10-20 01:32:05] PRINT Train Epoch: 9 [58880/60000 (98%)]	Loss: 108.547485
[2022-10-20 01:32:05] PRINT ====> Epoch: 9 Average loss: 110.9869
[2022-10-20 01:32:06] PRINT ====> Test set loss: 111.6704
[2022-10-20 01:32:06] PRINT Train Epoch: 10 [0/60000 (0%)]	Loss: 110.340454
[2022-10-20 01:32:06] PRINT Train Epoch: 10 [1280/60000 (2%)]	Loss: 109.158920
[2022-10-20 01:32:06] PRINT Train Epoch: 10 [2560/60000 (4%)]	Loss: 113.595612
[2022-10-20 01:32:06] PRINT Train Epoch: 10 [3840/60000 (6%)]	Loss: 110.631729
[2022-10-20 01:32:06] PRINT Train Epoch: 10 [5120/60000 (9%)]	Loss: 112.382095
[2022-10-20 01:32:06] PRINT Train Epoch: 10 [6400/60000 (11%)]	Loss: 111.785034
[2022-10-20 01:32:06] PRINT Train Epoch: 10 [7680/60000 (13%)]	Loss: 108.953979
[2022-10-20 01:32:06] PRINT Train Epoch: 10 [8960/60000 (15%)]	Loss: 115.804749
[2022-10-20 01:32:06] PRINT Train Epoch: 10 [10240/60000 (17%)]	Loss: 114.579803
[2022-10-20 01:32:06] PRINT Train Epoch: 10 [11520/60000 (19%)]	Loss: 112.877777
[2022-10-20 01:32:07] PRINT Train Epoch: 10 [12800/60000 (21%)]	Loss: 107.829361
[2022-10-20 01:32:07] PRINT Train Epoch: 10 [14080/60000 (23%)]	Loss: 112.884354
[2022-10-20 01:32:07] PRINT Train Epoch: 10 [15360/60000 (26%)]	Loss: 111.711449
[2022-10-20 01:32:07] PRINT Train Epoch: 10 [16640/60000 (28%)]	Loss: 108.066666
[2022-10-20 01:32:07] PRINT Train Epoch: 10 [17920/60000 (30%)]	Loss: 111.666496
[2022-10-20 01:32:07] PRINT Train Epoch: 10 [19200/60000 (32%)]	Loss: 114.269089
[2022-10-20 01:32:07] PRINT Train Epoch: 10 [20480/60000 (34%)]	Loss: 109.803421
[2022-10-20 01:32:07] PRINT Train Epoch: 10 [21760/60000 (36%)]	Loss: 109.341202
[2022-10-20 01:32:07] PRINT Train Epoch: 10 [23040/60000 (38%)]	Loss: 111.805649
[2022-10-20 01:32:07] PRINT Train Epoch: 10 [24320/60000 (41%)]	Loss: 109.834007
[2022-10-20 01:32:07] PRINT Train Epoch: 10 [25600/60000 (43%)]	Loss: 110.394638
[2022-10-20 01:32:08] PRINT Train Epoch: 10 [26880/60000 (45%)]	Loss: 114.220932
[2022-10-20 01:32:08] PRINT Train Epoch: 10 [28160/60000 (47%)]	Loss: 111.183296
[2022-10-20 01:32:08] PRINT Train Epoch: 10 [29440/60000 (49%)]	Loss: 111.053612
[2022-10-20 01:32:08] PRINT Train Epoch: 10 [30720/60000 (51%)]	Loss: 110.734047
[2022-10-20 01:32:08] PRINT Train Epoch: 10 [32000/60000 (53%)]	Loss: 111.914703
[2022-10-20 01:32:08] PRINT Train Epoch: 10 [33280/60000 (55%)]	Loss: 115.862091
[2022-10-20 01:32:08] PRINT Train Epoch: 10 [34560/60000 (58%)]	Loss: 108.358986
[2022-10-20 01:32:08] PRINT Train Epoch: 10 [35840/60000 (60%)]	Loss: 105.583183
[2022-10-20 01:32:08] PRINT Train Epoch: 10 [37120/60000 (62%)]	Loss: 115.002045
[2022-10-20 01:32:08] PRINT Train Epoch: 10 [38400/60000 (64%)]	Loss: 110.356873
[2022-10-20 01:32:08] PRINT Train Epoch: 10 [39680/60000 (66%)]	Loss: 112.577148
[2022-10-20 01:32:09] PRINT Train Epoch: 10 [40960/60000 (68%)]	Loss: 111.338577
[2022-10-20 01:32:09] PRINT Train Epoch: 10 [42240/60000 (70%)]	Loss: 105.914597
[2022-10-20 01:32:09] PRINT Train Epoch: 10 [43520/60000 (72%)]	Loss: 115.269409
[2022-10-20 01:32:09] PRINT Train Epoch: 10 [44800/60000 (75%)]	Loss: 113.533516
[2022-10-20 01:32:09] PRINT Train Epoch: 10 [46080/60000 (77%)]	Loss: 111.508728
[2022-10-20 01:32:09] PRINT Train Epoch: 10 [47360/60000 (79%)]	Loss: 108.155365
[2022-10-20 01:32:09] PRINT Train Epoch: 10 [48640/60000 (81%)]	Loss: 110.500000
[2022-10-20 01:32:09] PRINT Train Epoch: 10 [49920/60000 (83%)]	Loss: 109.215584
[2022-10-20 01:32:09] PRINT Train Epoch: 10 [51200/60000 (85%)]	Loss: 109.318985
[2022-10-20 01:32:09] PRINT Train Epoch: 10 [52480/60000 (87%)]	Loss: 111.875473
[2022-10-20 01:32:09] PRINT Train Epoch: 10 [53760/60000 (90%)]	Loss: 106.521751
[2022-10-20 01:32:09] PRINT Train Epoch: 10 [55040/60000 (92%)]	Loss: 108.139984
[2022-10-20 01:32:10] PRINT Train Epoch: 10 [56320/60000 (94%)]	Loss: 119.613770
[2022-10-20 01:32:10] PRINT Train Epoch: 10 [57600/60000 (96%)]	Loss: 109.533287
[2022-10-20 01:32:10] PRINT Train Epoch: 10 [58880/60000 (98%)]	Loss: 116.019638
[2022-10-20 01:32:10] PRINT ====> Epoch: 10 Average loss: 110.7211
[2022-10-20 01:32:10] PRINT ====> Test set loss: 110.9167
