[2022-10-20 01:43:40] PRINT {'features1': 500, 'features2': 20, 'lr': 0.030508112094848258, 'epsilon': 1e-07}
[2022-10-20 01:43:41] PRINT Using cuda device
[2022-10-20 01:43:42] PRINT Train Epoch: 1 [0/60000 (0%)]	Loss: 548.941406
[2022-10-20 01:43:42] PRINT Train Epoch: 1 [1280/60000 (2%)]	Loss: 237.927109
[2022-10-20 01:43:42] PRINT Train Epoch: 1 [2560/60000 (4%)]	Loss: 214.484863
[2022-10-20 01:43:42] PRINT Train Epoch: 1 [3840/60000 (6%)]	Loss: 204.493912
[2022-10-20 01:43:42] PRINT Train Epoch: 1 [5120/60000 (9%)]	Loss: 201.464722
[2022-10-20 01:43:42] PRINT Train Epoch: 1 [6400/60000 (11%)]	Loss: 207.241211
[2022-10-20 01:43:43] PRINT Train Epoch: 1 [7680/60000 (13%)]	Loss: 197.847794
[2022-10-20 01:43:43] PRINT Train Epoch: 1 [8960/60000 (15%)]	Loss: 203.164948
[2022-10-20 01:43:43] PRINT Train Epoch: 1 [10240/60000 (17%)]	Loss: 199.085037
[2022-10-20 01:43:43] PRINT Train Epoch: 1 [11520/60000 (19%)]	Loss: 199.787079
[2022-10-20 01:43:43] PRINT Train Epoch: 1 [12800/60000 (21%)]	Loss: 194.751617
[2022-10-20 01:43:43] PRINT Train Epoch: 1 [14080/60000 (23%)]	Loss: 189.494904
[2022-10-20 01:43:43] PRINT Train Epoch: 1 [15360/60000 (26%)]	Loss: 198.278595
[2022-10-20 01:43:43] PRINT Train Epoch: 1 [16640/60000 (28%)]	Loss: 191.479797
[2022-10-20 01:43:43] PRINT Train Epoch: 1 [17920/60000 (30%)]	Loss: 199.396408
[2022-10-20 01:43:43] PRINT Train Epoch: 1 [19200/60000 (32%)]	Loss: 202.899460
[2022-10-20 01:43:43] PRINT Train Epoch: 1 [20480/60000 (34%)]	Loss: 193.419739
[2022-10-20 01:43:44] PRINT Train Epoch: 1 [21760/60000 (36%)]	Loss: 186.104752
[2022-10-20 01:43:44] PRINT Train Epoch: 1 [23040/60000 (38%)]	Loss: 186.626099
[2022-10-20 01:43:44] PRINT Train Epoch: 1 [24320/60000 (41%)]	Loss: 189.236298
[2022-10-20 01:43:44] PRINT Train Epoch: 1 [25600/60000 (43%)]	Loss: 189.888336
[2022-10-20 01:43:44] PRINT Train Epoch: 1 [26880/60000 (45%)]	Loss: 186.089539
[2022-10-20 01:43:44] PRINT Train Epoch: 1 [28160/60000 (47%)]	Loss: 184.782928
[2022-10-20 01:43:44] PRINT Train Epoch: 1 [29440/60000 (49%)]	Loss: 190.795868
[2022-10-20 01:43:44] PRINT Train Epoch: 1 [30720/60000 (51%)]	Loss: 186.492386
[2022-10-20 01:43:44] PRINT Train Epoch: 1 [32000/60000 (53%)]	Loss: 184.949051
[2022-10-20 01:43:44] PRINT Train Epoch: 1 [33280/60000 (55%)]	Loss: 180.026077
[2022-10-20 01:43:45] PRINT Train Epoch: 1 [34560/60000 (58%)]	Loss: 181.717865
[2022-10-20 01:43:45] PRINT Train Epoch: 1 [35840/60000 (60%)]	Loss: 182.340637
[2022-10-20 01:43:45] PRINT Train Epoch: 1 [37120/60000 (62%)]	Loss: 183.814133
[2022-10-20 01:43:45] PRINT Train Epoch: 1 [38400/60000 (64%)]	Loss: 182.002548
[2022-10-20 01:43:45] PRINT Train Epoch: 1 [39680/60000 (66%)]	Loss: 182.099304
[2022-10-20 01:43:45] PRINT Train Epoch: 1 [40960/60000 (68%)]	Loss: 179.813080
[2022-10-20 01:43:45] PRINT Train Epoch: 1 [42240/60000 (70%)]	Loss: 178.874741
[2022-10-20 01:43:45] PRINT Train Epoch: 1 [43520/60000 (72%)]	Loss: 184.824722
[2022-10-20 01:43:45] PRINT Train Epoch: 1 [44800/60000 (75%)]	Loss: 187.759232
[2022-10-20 01:43:45] PRINT Train Epoch: 1 [46080/60000 (77%)]	Loss: 176.939499
[2022-10-20 01:43:45] PRINT Train Epoch: 1 [47360/60000 (79%)]	Loss: 181.997986
[2022-10-20 01:43:46] PRINT Train Epoch: 1 [48640/60000 (81%)]	Loss: 179.428299
[2022-10-20 01:43:46] PRINT Train Epoch: 1 [49920/60000 (83%)]	Loss: 172.776215
[2022-10-20 01:43:46] PRINT Train Epoch: 1 [51200/60000 (85%)]	Loss: 181.452072
[2022-10-20 01:43:46] PRINT Train Epoch: 1 [52480/60000 (87%)]	Loss: 171.871674
[2022-10-20 01:43:46] PRINT Train Epoch: 1 [53760/60000 (90%)]	Loss: 178.590225
[2022-10-20 01:43:46] PRINT Train Epoch: 1 [55040/60000 (92%)]	Loss: 169.022324
[2022-10-20 01:43:46] PRINT Train Epoch: 1 [56320/60000 (94%)]	Loss: 177.996262
[2022-10-20 01:43:46] PRINT Train Epoch: 1 [57600/60000 (96%)]	Loss: 173.299210
[2022-10-20 01:43:46] PRINT Train Epoch: 1 [58880/60000 (98%)]	Loss: 171.467682
[2022-10-20 01:43:46] PRINT ====> Epoch: 1 Average loss: 205.2300
[2022-10-20 01:43:47] PRINT ====> Test set loss: 179.0690
[2022-10-20 01:43:47] PRINT Train Epoch: 2 [0/60000 (0%)]	Loss: 174.668716
[2022-10-20 01:43:47] PRINT Train Epoch: 2 [1280/60000 (2%)]	Loss: 172.857666
[2022-10-20 01:43:47] PRINT Train Epoch: 2 [2560/60000 (4%)]	Loss: 180.557785
[2022-10-20 01:43:47] PRINT Train Epoch: 2 [3840/60000 (6%)]	Loss: 176.713943
[2022-10-20 01:43:48] PRINT Train Epoch: 2 [5120/60000 (9%)]	Loss: 170.829926
[2022-10-20 01:43:48] PRINT Train Epoch: 2 [6400/60000 (11%)]	Loss: 177.812943
[2022-10-20 01:43:48] PRINT Train Epoch: 2 [7680/60000 (13%)]	Loss: 174.337677
[2022-10-20 01:43:48] PRINT Train Epoch: 2 [8960/60000 (15%)]	Loss: 180.159912
[2022-10-20 01:43:48] PRINT Train Epoch: 2 [10240/60000 (17%)]	Loss: 172.046036
[2022-10-20 01:43:48] PRINT Train Epoch: 2 [11520/60000 (19%)]	Loss: 172.013458
[2022-10-20 01:43:48] PRINT Train Epoch: 2 [12800/60000 (21%)]	Loss: 175.904434
[2022-10-20 01:43:48] PRINT Train Epoch: 2 [14080/60000 (23%)]	Loss: 178.474060
[2022-10-20 01:43:48] PRINT Train Epoch: 2 [15360/60000 (26%)]	Loss: 178.560440
[2022-10-20 01:43:48] PRINT Train Epoch: 2 [16640/60000 (28%)]	Loss: 178.190247
[2022-10-20 01:43:48] PRINT Train Epoch: 2 [17920/60000 (30%)]	Loss: 174.068817
[2022-10-20 01:43:49] PRINT Train Epoch: 2 [19200/60000 (32%)]	Loss: 178.770721
[2022-10-20 01:43:49] PRINT Train Epoch: 2 [20480/60000 (34%)]	Loss: 179.512421
[2022-10-20 01:43:49] PRINT Train Epoch: 2 [21760/60000 (36%)]	Loss: 176.178635
[2022-10-20 01:43:49] PRINT Train Epoch: 2 [23040/60000 (38%)]	Loss: 177.164948
[2022-10-20 01:43:49] PRINT Train Epoch: 2 [24320/60000 (41%)]	Loss: 182.538773
[2022-10-20 01:43:49] PRINT Train Epoch: 2 [25600/60000 (43%)]	Loss: 184.223297
[2022-10-20 01:43:49] PRINT Train Epoch: 2 [26880/60000 (45%)]	Loss: 184.662018
[2022-10-20 01:43:49] PRINT Train Epoch: 2 [28160/60000 (47%)]	Loss: 175.041306
[2022-10-20 01:43:49] PRINT Train Epoch: 2 [29440/60000 (49%)]	Loss: 176.553177
[2022-10-20 01:43:49] PRINT Train Epoch: 2 [30720/60000 (51%)]	Loss: 179.892471
[2022-10-20 01:43:49] PRINT Train Epoch: 2 [32000/60000 (53%)]	Loss: 170.815720
[2022-10-20 01:43:49] PRINT Train Epoch: 2 [33280/60000 (55%)]	Loss: 179.057495
[2022-10-20 01:43:50] PRINT Train Epoch: 2 [34560/60000 (58%)]	Loss: 179.598602
[2022-10-20 01:43:50] PRINT Train Epoch: 2 [35840/60000 (60%)]	Loss: 174.411606
[2022-10-20 01:43:50] PRINT Train Epoch: 2 [37120/60000 (62%)]	Loss: 177.609222
[2022-10-20 01:43:50] PRINT Train Epoch: 2 [38400/60000 (64%)]	Loss: 178.937378
[2022-10-20 01:43:50] PRINT Train Epoch: 2 [39680/60000 (66%)]	Loss: 172.535110
[2022-10-20 01:43:50] PRINT Train Epoch: 2 [40960/60000 (68%)]	Loss: 176.359268
[2022-10-20 01:43:50] PRINT Train Epoch: 2 [42240/60000 (70%)]	Loss: 179.668411
[2022-10-20 01:43:50] PRINT Train Epoch: 2 [43520/60000 (72%)]	Loss: 173.507401
[2022-10-20 01:43:50] PRINT Train Epoch: 2 [44800/60000 (75%)]	Loss: 177.555969
[2022-10-20 01:43:50] PRINT Train Epoch: 2 [46080/60000 (77%)]	Loss: 176.544571
[2022-10-20 01:43:50] PRINT Train Epoch: 2 [47360/60000 (79%)]	Loss: 172.237350
[2022-10-20 01:43:51] PRINT Train Epoch: 2 [48640/60000 (81%)]	Loss: 185.914841
[2022-10-20 01:43:51] PRINT Train Epoch: 2 [49920/60000 (83%)]	Loss: 180.376526
[2022-10-20 01:43:51] PRINT Train Epoch: 2 [51200/60000 (85%)]	Loss: 169.976837
[2022-10-20 01:43:51] PRINT Train Epoch: 2 [52480/60000 (87%)]	Loss: 184.908325
[2022-10-20 01:43:51] PRINT Train Epoch: 2 [53760/60000 (90%)]	Loss: 177.983154
[2022-10-20 01:43:51] PRINT Train Epoch: 2 [55040/60000 (92%)]	Loss: 181.580582
[2022-10-20 01:43:51] PRINT Train Epoch: 2 [56320/60000 (94%)]	Loss: 185.811569
[2022-10-20 01:43:51] PRINT Train Epoch: 2 [57600/60000 (96%)]	Loss: 171.880890
[2022-10-20 01:43:51] PRINT Train Epoch: 2 [58880/60000 (98%)]	Loss: 171.213364
[2022-10-20 01:43:51] PRINT ====> Epoch: 2 Average loss: 177.6873
[2022-10-20 01:43:52] PRINT ====> Test set loss: 176.0194
[2022-10-20 01:43:52] PRINT Train Epoch: 3 [0/60000 (0%)]	Loss: 172.776108
[2022-10-20 01:43:52] PRINT Train Epoch: 3 [1280/60000 (2%)]	Loss: 175.853607
[2022-10-20 01:43:52] PRINT Train Epoch: 3 [2560/60000 (4%)]	Loss: 176.514847
[2022-10-20 01:43:52] PRINT Train Epoch: 3 [3840/60000 (6%)]	Loss: 180.433929
[2022-10-20 01:43:52] PRINT Train Epoch: 3 [5120/60000 (9%)]	Loss: 174.695465
[2022-10-20 01:43:53] PRINT Train Epoch: 3 [6400/60000 (11%)]	Loss: 178.728561
[2022-10-20 01:43:53] PRINT Train Epoch: 3 [7680/60000 (13%)]	Loss: 178.131882
[2022-10-20 01:43:53] PRINT Train Epoch: 3 [8960/60000 (15%)]	Loss: 173.671143
[2022-10-20 01:43:53] PRINT Train Epoch: 3 [10240/60000 (17%)]	Loss: 179.405624
[2022-10-20 01:43:53] PRINT Train Epoch: 3 [11520/60000 (19%)]	Loss: 168.219955
[2022-10-20 01:43:53] PRINT Train Epoch: 3 [12800/60000 (21%)]	Loss: 178.441345
[2022-10-20 01:43:53] PRINT Train Epoch: 3 [14080/60000 (23%)]	Loss: 180.551788
[2022-10-20 01:43:53] PRINT Train Epoch: 3 [15360/60000 (26%)]	Loss: 182.992279
[2022-10-20 01:43:53] PRINT Train Epoch: 3 [16640/60000 (28%)]	Loss: 178.956543
[2022-10-20 01:43:53] PRINT Train Epoch: 3 [17920/60000 (30%)]	Loss: 180.664719
[2022-10-20 01:43:53] PRINT Train Epoch: 3 [19200/60000 (32%)]	Loss: 176.068665
[2022-10-20 01:43:53] PRINT Train Epoch: 3 [20480/60000 (34%)]	Loss: 179.369186
[2022-10-20 01:43:54] PRINT Train Epoch: 3 [21760/60000 (36%)]	Loss: 181.722061
[2022-10-20 01:43:54] PRINT Train Epoch: 3 [23040/60000 (38%)]	Loss: 178.233963
[2022-10-20 01:43:54] PRINT Train Epoch: 3 [24320/60000 (41%)]	Loss: 185.828583
[2022-10-20 01:43:54] PRINT Train Epoch: 3 [25600/60000 (43%)]	Loss: 178.118774
[2022-10-20 01:43:54] PRINT Train Epoch: 3 [26880/60000 (45%)]	Loss: 170.941223
[2022-10-20 01:43:54] PRINT Train Epoch: 3 [28160/60000 (47%)]	Loss: 168.197845
[2022-10-20 01:43:54] PRINT Train Epoch: 3 [29440/60000 (49%)]	Loss: 181.348145
[2022-10-20 01:43:54] PRINT Train Epoch: 3 [30720/60000 (51%)]	Loss: 180.995819
[2022-10-20 01:43:54] PRINT Train Epoch: 3 [32000/60000 (53%)]	Loss: 180.565430
[2022-10-20 01:43:54] PRINT Train Epoch: 3 [33280/60000 (55%)]	Loss: 176.616196
[2022-10-20 01:43:54] PRINT Train Epoch: 3 [34560/60000 (58%)]	Loss: 179.942535
[2022-10-20 01:43:55] PRINT Train Epoch: 3 [35840/60000 (60%)]	Loss: 175.860626
[2022-10-20 01:43:55] PRINT Train Epoch: 3 [37120/60000 (62%)]	Loss: 174.037048
[2022-10-20 01:43:55] PRINT Train Epoch: 3 [38400/60000 (64%)]	Loss: 172.763733
[2022-10-20 01:43:55] PRINT Train Epoch: 3 [39680/60000 (66%)]	Loss: 188.892731
[2022-10-20 01:43:55] PRINT Train Epoch: 3 [40960/60000 (68%)]	Loss: 182.834930
[2022-10-20 01:43:55] PRINT Train Epoch: 3 [42240/60000 (70%)]	Loss: 178.834030
[2022-10-20 01:43:55] PRINT Train Epoch: 3 [43520/60000 (72%)]	Loss: 176.242569
[2022-10-20 01:43:55] PRINT Train Epoch: 3 [44800/60000 (75%)]	Loss: 175.283279
[2022-10-20 01:43:55] PRINT Train Epoch: 3 [46080/60000 (77%)]	Loss: 183.389465
[2022-10-20 01:43:55] PRINT Train Epoch: 3 [47360/60000 (79%)]	Loss: 175.956238
[2022-10-20 01:43:55] PRINT Train Epoch: 3 [48640/60000 (81%)]	Loss: 166.525543
[2022-10-20 01:43:55] PRINT Train Epoch: 3 [49920/60000 (83%)]	Loss: 169.649185
[2022-10-20 01:43:56] PRINT Train Epoch: 3 [51200/60000 (85%)]	Loss: 172.504196
[2022-10-20 01:43:56] PRINT Train Epoch: 3 [52480/60000 (87%)]	Loss: 176.584946
[2022-10-20 01:43:56] PRINT Train Epoch: 3 [53760/60000 (90%)]	Loss: 184.891205
[2022-10-20 01:43:56] PRINT Train Epoch: 3 [55040/60000 (92%)]	Loss: 185.304611
[2022-10-20 01:43:56] PRINT Train Epoch: 3 [56320/60000 (94%)]	Loss: 180.646408
[2022-10-20 01:43:56] PRINT Train Epoch: 3 [57600/60000 (96%)]	Loss: 171.133835
[2022-10-20 01:43:56] PRINT Train Epoch: 3 [58880/60000 (98%)]	Loss: 176.201279
[2022-10-20 01:43:56] PRINT ====> Epoch: 3 Average loss: 176.5652
[2022-10-20 01:43:57] PRINT ====> Test set loss: 175.5781
[2022-10-20 01:43:57] PRINT Train Epoch: 4 [0/60000 (0%)]	Loss: 172.181564
[2022-10-20 01:43:57] PRINT Train Epoch: 4 [1280/60000 (2%)]	Loss: 178.835480
[2022-10-20 01:43:57] PRINT Train Epoch: 4 [2560/60000 (4%)]	Loss: 177.005280
[2022-10-20 01:43:57] PRINT Train Epoch: 4 [3840/60000 (6%)]	Loss: 179.747314
[2022-10-20 01:43:57] PRINT Train Epoch: 4 [5120/60000 (9%)]	Loss: 171.871323
[2022-10-20 01:43:57] PRINT Train Epoch: 4 [6400/60000 (11%)]	Loss: 176.664398
[2022-10-20 01:43:57] PRINT Train Epoch: 4 [7680/60000 (13%)]	Loss: 176.602905
[2022-10-20 01:43:58] PRINT Train Epoch: 4 [8960/60000 (15%)]	Loss: 177.206650
[2022-10-20 01:43:58] PRINT Train Epoch: 4 [10240/60000 (17%)]	Loss: 182.839264
[2022-10-20 01:43:58] PRINT Train Epoch: 4 [11520/60000 (19%)]	Loss: 175.732559
[2022-10-20 01:43:58] PRINT Train Epoch: 4 [12800/60000 (21%)]	Loss: 176.607559
[2022-10-20 01:43:58] PRINT Train Epoch: 4 [14080/60000 (23%)]	Loss: 180.400146
[2022-10-20 01:43:58] PRINT Train Epoch: 4 [15360/60000 (26%)]	Loss: 177.991562
[2022-10-20 01:43:58] PRINT Train Epoch: 4 [16640/60000 (28%)]	Loss: 180.380402
[2022-10-20 01:43:58] PRINT Train Epoch: 4 [17920/60000 (30%)]	Loss: 172.132248
[2022-10-20 01:43:58] PRINT Train Epoch: 4 [19200/60000 (32%)]	Loss: 182.952240
[2022-10-20 01:43:58] PRINT Train Epoch: 4 [20480/60000 (34%)]	Loss: 180.082870
[2022-10-20 01:43:58] PRINT Train Epoch: 4 [21760/60000 (36%)]	Loss: 171.776611
[2022-10-20 01:43:59] PRINT Train Epoch: 4 [23040/60000 (38%)]	Loss: 176.791183
[2022-10-20 01:43:59] PRINT Train Epoch: 4 [24320/60000 (41%)]	Loss: 178.082520
[2022-10-20 01:43:59] PRINT Train Epoch: 4 [25600/60000 (43%)]	Loss: 176.896652
[2022-10-20 01:43:59] PRINT Train Epoch: 4 [26880/60000 (45%)]	Loss: 179.702911
[2022-10-20 01:43:59] PRINT Train Epoch: 4 [28160/60000 (47%)]	Loss: 183.465576
[2022-10-20 01:43:59] PRINT Train Epoch: 4 [29440/60000 (49%)]	Loss: 172.046890
[2022-10-20 01:43:59] PRINT Train Epoch: 4 [30720/60000 (51%)]	Loss: 177.627289
[2022-10-20 01:43:59] PRINT Train Epoch: 4 [32000/60000 (53%)]	Loss: 178.181274
[2022-10-20 01:43:59] PRINT Train Epoch: 4 [33280/60000 (55%)]	Loss: 174.549820
[2022-10-20 01:43:59] PRINT Train Epoch: 4 [34560/60000 (58%)]	Loss: 172.297180
[2022-10-20 01:43:59] PRINT Train Epoch: 4 [35840/60000 (60%)]	Loss: 178.030304
[2022-10-20 01:43:59] PRINT Train Epoch: 4 [37120/60000 (62%)]	Loss: 183.731400
[2022-10-20 01:44:00] PRINT Train Epoch: 4 [38400/60000 (64%)]	Loss: 179.425308
[2022-10-20 01:44:00] PRINT Train Epoch: 4 [39680/60000 (66%)]	Loss: 171.862656
[2022-10-20 01:44:00] PRINT Train Epoch: 4 [40960/60000 (68%)]	Loss: 177.532501
[2022-10-20 01:44:00] PRINT Train Epoch: 4 [42240/60000 (70%)]	Loss: 180.767960
[2022-10-20 01:44:00] PRINT Train Epoch: 4 [43520/60000 (72%)]	Loss: 164.409912
[2022-10-20 01:44:00] PRINT Train Epoch: 4 [44800/60000 (75%)]	Loss: 175.386795
[2022-10-20 01:44:00] PRINT Train Epoch: 4 [46080/60000 (77%)]	Loss: 181.667389
[2022-10-20 01:44:00] PRINT Train Epoch: 4 [47360/60000 (79%)]	Loss: 171.353073
[2022-10-20 01:44:00] PRINT Train Epoch: 4 [48640/60000 (81%)]	Loss: 173.735123
[2022-10-20 01:44:00] PRINT Train Epoch: 4 [49920/60000 (83%)]	Loss: 169.177872
[2022-10-20 01:44:00] PRINT Train Epoch: 4 [51200/60000 (85%)]	Loss: 165.545303
[2022-10-20 01:44:01] PRINT Train Epoch: 4 [52480/60000 (87%)]	Loss: 185.589844
[2022-10-20 01:44:01] PRINT Train Epoch: 4 [53760/60000 (90%)]	Loss: 171.613373
[2022-10-20 01:44:01] PRINT Train Epoch: 4 [55040/60000 (92%)]	Loss: 176.840195
[2022-10-20 01:44:01] PRINT Train Epoch: 4 [56320/60000 (94%)]	Loss: 158.521698
[2022-10-20 01:44:01] PRINT Train Epoch: 4 [57600/60000 (96%)]	Loss: 175.078430
[2022-10-20 01:44:01] PRINT Train Epoch: 4 [58880/60000 (98%)]	Loss: 171.791946
[2022-10-20 01:44:01] PRINT ====> Epoch: 4 Average loss: 175.9048
[2022-10-20 01:44:02] PRINT ====> Test set loss: 178.6745
[2022-10-20 01:44:02] PRINT Train Epoch: 5 [0/60000 (0%)]	Loss: 179.061554
[2022-10-20 01:44:02] PRINT Train Epoch: 5 [1280/60000 (2%)]	Loss: 181.145248
[2022-10-20 01:44:02] PRINT Train Epoch: 5 [2560/60000 (4%)]	Loss: 183.173859
[2022-10-20 01:44:02] PRINT Train Epoch: 5 [3840/60000 (6%)]	Loss: 160.974472
[2022-10-20 01:44:02] PRINT Train Epoch: 5 [5120/60000 (9%)]	Loss: 169.861664
[2022-10-20 01:44:02] PRINT Train Epoch: 5 [6400/60000 (11%)]	Loss: 172.646835
[2022-10-20 01:44:02] PRINT Train Epoch: 5 [7680/60000 (13%)]	Loss: 169.812378
[2022-10-20 01:44:03] PRINT Train Epoch: 5 [8960/60000 (15%)]	Loss: 177.958130
[2022-10-20 01:44:03] PRINT Train Epoch: 5 [10240/60000 (17%)]	Loss: 179.954865
[2022-10-20 01:44:03] PRINT Train Epoch: 5 [11520/60000 (19%)]	Loss: 168.431885
[2022-10-20 01:44:03] PRINT Train Epoch: 5 [12800/60000 (21%)]	Loss: 178.278854
[2022-10-20 01:44:03] PRINT Train Epoch: 5 [14080/60000 (23%)]	Loss: 172.709259
[2022-10-20 01:44:03] PRINT Train Epoch: 5 [15360/60000 (26%)]	Loss: 169.649689
[2022-10-20 01:44:03] PRINT Train Epoch: 5 [16640/60000 (28%)]	Loss: 181.287735
[2022-10-20 01:44:03] PRINT Train Epoch: 5 [17920/60000 (30%)]	Loss: 174.476257
[2022-10-20 01:44:03] PRINT Train Epoch: 5 [19200/60000 (32%)]	Loss: 178.809601
[2022-10-20 01:44:03] PRINT Train Epoch: 5 [20480/60000 (34%)]	Loss: 177.761185
[2022-10-20 01:44:03] PRINT Train Epoch: 5 [21760/60000 (36%)]	Loss: 184.861954
[2022-10-20 01:44:03] PRINT Train Epoch: 5 [23040/60000 (38%)]	Loss: 174.092728
[2022-10-20 01:44:04] PRINT Train Epoch: 5 [24320/60000 (41%)]	Loss: 174.300354
[2022-10-20 01:44:04] PRINT Train Epoch: 5 [25600/60000 (43%)]	Loss: 161.363541
[2022-10-20 01:44:04] PRINT Train Epoch: 5 [26880/60000 (45%)]	Loss: 178.098602
[2022-10-20 01:44:04] PRINT Train Epoch: 5 [28160/60000 (47%)]	Loss: 175.706894
[2022-10-20 01:44:04] PRINT Train Epoch: 5 [29440/60000 (49%)]	Loss: 172.425140
[2022-10-20 01:44:04] PRINT Train Epoch: 5 [30720/60000 (51%)]	Loss: 175.271545
[2022-10-20 01:44:04] PRINT Train Epoch: 5 [32000/60000 (53%)]	Loss: 180.070526
[2022-10-20 01:44:04] PRINT Train Epoch: 5 [33280/60000 (55%)]	Loss: 182.678986
[2022-10-20 01:44:04] PRINT Train Epoch: 5 [34560/60000 (58%)]	Loss: 177.758057
[2022-10-20 01:44:04] PRINT Train Epoch: 5 [35840/60000 (60%)]	Loss: 172.831879
[2022-10-20 01:44:04] PRINT Train Epoch: 5 [37120/60000 (62%)]	Loss: 173.295074
[2022-10-20 01:44:04] PRINT Train Epoch: 5 [38400/60000 (64%)]	Loss: 174.650558
[2022-10-20 01:44:04] PRINT Train Epoch: 5 [39680/60000 (66%)]	Loss: 173.634674
[2022-10-20 01:44:05] PRINT Train Epoch: 5 [40960/60000 (68%)]	Loss: 168.225342
[2022-10-20 01:44:05] PRINT Train Epoch: 5 [42240/60000 (70%)]	Loss: 178.198074
[2022-10-20 01:44:05] PRINT Train Epoch: 5 [43520/60000 (72%)]	Loss: 169.710770
[2022-10-20 01:44:05] PRINT Train Epoch: 5 [44800/60000 (75%)]	Loss: 169.728485
[2022-10-20 01:44:05] PRINT Train Epoch: 5 [46080/60000 (77%)]	Loss: 162.869934
[2022-10-20 01:44:05] PRINT Train Epoch: 5 [47360/60000 (79%)]	Loss: 176.693817
[2022-10-20 01:44:05] PRINT Train Epoch: 5 [48640/60000 (81%)]	Loss: 171.101349
[2022-10-20 01:44:05] PRINT Train Epoch: 5 [49920/60000 (83%)]	Loss: 174.608231
[2022-10-20 01:44:05] PRINT Train Epoch: 5 [51200/60000 (85%)]	Loss: 179.413055
[2022-10-20 01:44:05] PRINT Train Epoch: 5 [52480/60000 (87%)]	Loss: 174.188354
[2022-10-20 01:44:05] PRINT Train Epoch: 5 [53760/60000 (90%)]	Loss: 172.311783
[2022-10-20 01:44:05] PRINT Train Epoch: 5 [55040/60000 (92%)]	Loss: 175.786545
[2022-10-20 01:44:06] PRINT Train Epoch: 5 [56320/60000 (94%)]	Loss: 172.091629
[2022-10-20 01:44:06] PRINT Train Epoch: 5 [57600/60000 (96%)]	Loss: 177.278229
[2022-10-20 01:44:06] PRINT Train Epoch: 5 [58880/60000 (98%)]	Loss: 183.358856
[2022-10-20 01:44:06] PRINT ====> Epoch: 5 Average loss: 175.2655
[2022-10-20 01:44:06] PRINT ====> Test set loss: 176.4011
[2022-10-20 01:44:07] PRINT Train Epoch: 6 [0/60000 (0%)]	Loss: 176.261322
[2022-10-20 01:44:07] PRINT Train Epoch: 6 [1280/60000 (2%)]	Loss: 174.866791
[2022-10-20 01:44:07] PRINT Train Epoch: 6 [2560/60000 (4%)]	Loss: 179.135468
[2022-10-20 01:44:07] PRINT Train Epoch: 6 [3840/60000 (6%)]	Loss: 176.774429
[2022-10-20 01:44:07] PRINT Train Epoch: 6 [5120/60000 (9%)]	Loss: 177.452164
[2022-10-20 01:44:07] PRINT Train Epoch: 6 [6400/60000 (11%)]	Loss: 177.432587
[2022-10-20 01:44:07] PRINT Train Epoch: 6 [7680/60000 (13%)]	Loss: 171.485748
[2022-10-20 01:44:07] PRINT Train Epoch: 6 [8960/60000 (15%)]	Loss: 171.283478
[2022-10-20 01:44:07] PRINT Train Epoch: 6 [10240/60000 (17%)]	Loss: 164.573929
[2022-10-20 01:44:07] PRINT Train Epoch: 6 [11520/60000 (19%)]	Loss: 181.436508
[2022-10-20 01:44:07] PRINT Train Epoch: 6 [12800/60000 (21%)]	Loss: 174.378662
[2022-10-20 01:44:08] PRINT Train Epoch: 6 [14080/60000 (23%)]	Loss: 176.310364
[2022-10-20 01:44:08] PRINT Train Epoch: 6 [15360/60000 (26%)]	Loss: 180.207962
[2022-10-20 01:44:08] PRINT Train Epoch: 6 [16640/60000 (28%)]	Loss: 177.087143
[2022-10-20 01:44:08] PRINT Train Epoch: 6 [17920/60000 (30%)]	Loss: 169.872482
[2022-10-20 01:44:08] PRINT Train Epoch: 6 [19200/60000 (32%)]	Loss: 180.346359
[2022-10-20 01:44:08] PRINT Train Epoch: 6 [20480/60000 (34%)]	Loss: 173.028107
[2022-10-20 01:44:08] PRINT Train Epoch: 6 [21760/60000 (36%)]	Loss: 178.398453
[2022-10-20 01:44:08] PRINT Train Epoch: 6 [23040/60000 (38%)]	Loss: 182.124741
[2022-10-20 01:44:08] PRINT Train Epoch: 6 [24320/60000 (41%)]	Loss: 178.207443
[2022-10-20 01:44:08] PRINT Train Epoch: 6 [25600/60000 (43%)]	Loss: 178.674072
[2022-10-20 01:44:08] PRINT Train Epoch: 6 [26880/60000 (45%)]	Loss: 163.903336
[2022-10-20 01:44:09] PRINT Train Epoch: 6 [28160/60000 (47%)]	Loss: 175.669479
[2022-10-20 01:44:09] PRINT Train Epoch: 6 [29440/60000 (49%)]	Loss: 168.465454
[2022-10-20 01:44:09] PRINT Train Epoch: 6 [30720/60000 (51%)]	Loss: 179.580521
[2022-10-20 01:44:09] PRINT Train Epoch: 6 [32000/60000 (53%)]	Loss: 180.176620
[2022-10-20 01:44:09] PRINT Train Epoch: 6 [33280/60000 (55%)]	Loss: 173.442505
[2022-10-20 01:44:09] PRINT Train Epoch: 6 [34560/60000 (58%)]	Loss: 181.424438
[2022-10-20 01:44:09] PRINT Train Epoch: 6 [35840/60000 (60%)]	Loss: 173.041626
[2022-10-20 01:44:09] PRINT Train Epoch: 6 [37120/60000 (62%)]	Loss: 181.744415
[2022-10-20 01:44:09] PRINT Train Epoch: 6 [38400/60000 (64%)]	Loss: 177.190918
[2022-10-20 01:44:09] PRINT Train Epoch: 6 [39680/60000 (66%)]	Loss: 170.151123
[2022-10-20 01:44:09] PRINT Train Epoch: 6 [40960/60000 (68%)]	Loss: 171.791367
[2022-10-20 01:44:10] PRINT Train Epoch: 6 [42240/60000 (70%)]	Loss: 180.802338
[2022-10-20 01:44:10] PRINT Train Epoch: 6 [43520/60000 (72%)]	Loss: 169.846939
[2022-10-20 01:44:10] PRINT Train Epoch: 6 [44800/60000 (75%)]	Loss: 184.011780
[2022-10-20 01:44:10] PRINT Train Epoch: 6 [46080/60000 (77%)]	Loss: 179.671112
[2022-10-20 01:44:10] PRINT Train Epoch: 6 [47360/60000 (79%)]	Loss: 178.452789
[2022-10-20 01:44:10] PRINT Train Epoch: 6 [48640/60000 (81%)]	Loss: 176.317612
[2022-10-20 01:44:10] PRINT Train Epoch: 6 [49920/60000 (83%)]	Loss: 171.191391
[2022-10-20 01:44:10] PRINT Train Epoch: 6 [51200/60000 (85%)]	Loss: 181.752655
[2022-10-20 01:44:10] PRINT Train Epoch: 6 [52480/60000 (87%)]	Loss: 167.994781
[2022-10-20 01:44:10] PRINT Train Epoch: 6 [53760/60000 (90%)]	Loss: 174.698456
[2022-10-20 01:44:11] PRINT Train Epoch: 6 [55040/60000 (92%)]	Loss: 176.082718
[2022-10-20 01:44:11] PRINT Train Epoch: 6 [56320/60000 (94%)]	Loss: 172.979523
[2022-10-20 01:44:11] PRINT Train Epoch: 6 [57600/60000 (96%)]	Loss: 177.121033
[2022-10-20 01:44:11] PRINT Train Epoch: 6 [58880/60000 (98%)]	Loss: 162.128708
[2022-10-20 01:44:11] PRINT ====> Epoch: 6 Average loss: 175.3379
[2022-10-20 01:44:12] PRINT ====> Test set loss: 173.6061
[2022-10-20 01:44:12] PRINT Train Epoch: 7 [0/60000 (0%)]	Loss: 167.418808
[2022-10-20 01:44:12] PRINT Train Epoch: 7 [1280/60000 (2%)]	Loss: 174.015244
[2022-10-20 01:44:12] PRINT Train Epoch: 7 [2560/60000 (4%)]	Loss: 180.880875
[2022-10-20 01:44:12] PRINT Train Epoch: 7 [3840/60000 (6%)]	Loss: 176.895477
[2022-10-20 01:44:12] PRINT Train Epoch: 7 [5120/60000 (9%)]	Loss: 178.171570
[2022-10-20 01:44:12] PRINT Train Epoch: 7 [6400/60000 (11%)]	Loss: 180.475555
[2022-10-20 01:44:12] PRINT Train Epoch: 7 [7680/60000 (13%)]	Loss: 169.893021
[2022-10-20 01:44:12] PRINT Train Epoch: 7 [8960/60000 (15%)]	Loss: 172.427155
[2022-10-20 01:44:12] PRINT Train Epoch: 7 [10240/60000 (17%)]	Loss: 170.091309
[2022-10-20 01:44:12] PRINT Train Epoch: 7 [11520/60000 (19%)]	Loss: 180.707901
[2022-10-20 01:44:13] PRINT Train Epoch: 7 [12800/60000 (21%)]	Loss: 180.211533
[2022-10-20 01:44:13] PRINT Train Epoch: 7 [14080/60000 (23%)]	Loss: 178.235352
[2022-10-20 01:44:13] PRINT Train Epoch: 7 [15360/60000 (26%)]	Loss: 181.708405
[2022-10-20 01:44:13] PRINT Train Epoch: 7 [16640/60000 (28%)]	Loss: 173.957977
[2022-10-20 01:44:13] PRINT Train Epoch: 7 [17920/60000 (30%)]	Loss: 169.976395
[2022-10-20 01:44:13] PRINT Train Epoch: 7 [19200/60000 (32%)]	Loss: 177.835602
[2022-10-20 01:44:13] PRINT Train Epoch: 7 [20480/60000 (34%)]	Loss: 171.348007
[2022-10-20 01:44:13] PRINT Train Epoch: 7 [21760/60000 (36%)]	Loss: 181.372131
[2022-10-20 01:44:13] PRINT Train Epoch: 7 [23040/60000 (38%)]	Loss: 165.972519
[2022-10-20 01:44:13] PRINT Train Epoch: 7 [24320/60000 (41%)]	Loss: 174.349747
[2022-10-20 01:44:13] PRINT Train Epoch: 7 [25600/60000 (43%)]	Loss: 170.032257
[2022-10-20 01:44:14] PRINT Train Epoch: 7 [26880/60000 (45%)]	Loss: 174.006775
[2022-10-20 01:44:14] PRINT Train Epoch: 7 [28160/60000 (47%)]	Loss: 175.981445
[2022-10-20 01:44:14] PRINT Train Epoch: 7 [29440/60000 (49%)]	Loss: 177.915756
[2022-10-20 01:44:14] PRINT Train Epoch: 7 [30720/60000 (51%)]	Loss: 176.891357
[2022-10-20 01:44:14] PRINT Train Epoch: 7 [32000/60000 (53%)]	Loss: 172.562042
[2022-10-20 01:44:14] PRINT Train Epoch: 7 [33280/60000 (55%)]	Loss: 176.690216
[2022-10-20 01:44:14] PRINT Train Epoch: 7 [34560/60000 (58%)]	Loss: 172.157227
[2022-10-20 01:44:14] PRINT Train Epoch: 7 [35840/60000 (60%)]	Loss: 174.163422
[2022-10-20 01:44:14] PRINT Train Epoch: 7 [37120/60000 (62%)]	Loss: 171.986679
[2022-10-20 01:44:14] PRINT Train Epoch: 7 [38400/60000 (64%)]	Loss: 176.537140
[2022-10-20 01:44:14] PRINT Train Epoch: 7 [39680/60000 (66%)]	Loss: 182.522842
[2022-10-20 01:44:14] PRINT Train Epoch: 7 [40960/60000 (68%)]	Loss: 174.251282
[2022-10-20 01:44:15] PRINT Train Epoch: 7 [42240/60000 (70%)]	Loss: 172.077637
[2022-10-20 01:44:15] PRINT Train Epoch: 7 [43520/60000 (72%)]	Loss: 177.277802
[2022-10-20 01:44:15] PRINT Train Epoch: 7 [44800/60000 (75%)]	Loss: 182.272690
[2022-10-20 01:44:15] PRINT Train Epoch: 7 [46080/60000 (77%)]	Loss: 172.913422
[2022-10-20 01:44:15] PRINT Train Epoch: 7 [47360/60000 (79%)]	Loss: 169.402435
[2022-10-20 01:44:15] PRINT Train Epoch: 7 [48640/60000 (81%)]	Loss: 180.565704
[2022-10-20 01:44:15] PRINT Train Epoch: 7 [49920/60000 (83%)]	Loss: 169.720856
[2022-10-20 01:44:15] PRINT Train Epoch: 7 [51200/60000 (85%)]	Loss: 173.306671
[2022-10-20 01:44:15] PRINT Train Epoch: 7 [52480/60000 (87%)]	Loss: 176.176239
[2022-10-20 01:44:15] PRINT Train Epoch: 7 [53760/60000 (90%)]	Loss: 179.555969
[2022-10-20 01:44:15] PRINT Train Epoch: 7 [55040/60000 (92%)]	Loss: 177.645569
[2022-10-20 01:44:15] PRINT Train Epoch: 7 [56320/60000 (94%)]	Loss: 168.007187
[2022-10-20 01:44:16] PRINT Train Epoch: 7 [57600/60000 (96%)]	Loss: 184.417770
[2022-10-20 01:44:16] PRINT Train Epoch: 7 [58880/60000 (98%)]	Loss: 181.007812
[2022-10-20 01:44:16] PRINT ====> Epoch: 7 Average loss: 174.5447
[2022-10-20 01:44:16] PRINT ====> Test set loss: 176.5702
[2022-10-20 01:44:16] PRINT Train Epoch: 8 [0/60000 (0%)]	Loss: 177.045807
[2022-10-20 01:44:17] PRINT Train Epoch: 8 [1280/60000 (2%)]	Loss: 173.765808
[2022-10-20 01:44:17] PRINT Train Epoch: 8 [2560/60000 (4%)]	Loss: 169.469055
[2022-10-20 01:44:17] PRINT Train Epoch: 8 [3840/60000 (6%)]	Loss: 178.434036
[2022-10-20 01:44:17] PRINT Train Epoch: 8 [5120/60000 (9%)]	Loss: 182.424652
[2022-10-20 01:44:17] PRINT Train Epoch: 8 [6400/60000 (11%)]	Loss: 180.033920
[2022-10-20 01:44:17] PRINT Train Epoch: 8 [7680/60000 (13%)]	Loss: 166.633286
[2022-10-20 01:44:17] PRINT Train Epoch: 8 [8960/60000 (15%)]	Loss: 169.863632
[2022-10-20 01:44:17] PRINT Train Epoch: 8 [10240/60000 (17%)]	Loss: 171.854202
[2022-10-20 01:44:17] PRINT Train Epoch: 8 [11520/60000 (19%)]	Loss: 170.750778
[2022-10-20 01:44:17] PRINT Train Epoch: 8 [12800/60000 (21%)]	Loss: 170.151047
[2022-10-20 01:44:17] PRINT Train Epoch: 8 [14080/60000 (23%)]	Loss: 178.163101
[2022-10-20 01:44:18] PRINT Train Epoch: 8 [15360/60000 (26%)]	Loss: 172.663269
[2022-10-20 01:44:18] PRINT Train Epoch: 8 [16640/60000 (28%)]	Loss: 175.516785
[2022-10-20 01:44:18] PRINT Train Epoch: 8 [17920/60000 (30%)]	Loss: 181.234711
[2022-10-20 01:44:18] PRINT Train Epoch: 8 [19200/60000 (32%)]	Loss: 172.159561
[2022-10-20 01:44:18] PRINT Train Epoch: 8 [20480/60000 (34%)]	Loss: 177.546844
[2022-10-20 01:44:18] PRINT Train Epoch: 8 [21760/60000 (36%)]	Loss: 170.664474
[2022-10-20 01:44:18] PRINT Train Epoch: 8 [23040/60000 (38%)]	Loss: 166.297836
[2022-10-20 01:44:18] PRINT Train Epoch: 8 [24320/60000 (41%)]	Loss: 178.573273
[2022-10-20 01:44:18] PRINT Train Epoch: 8 [25600/60000 (43%)]	Loss: 179.707031
[2022-10-20 01:44:18] PRINT Train Epoch: 8 [26880/60000 (45%)]	Loss: 173.076187
[2022-10-20 01:44:18] PRINT Train Epoch: 8 [28160/60000 (47%)]	Loss: 183.035049
[2022-10-20 01:44:19] PRINT Train Epoch: 8 [29440/60000 (49%)]	Loss: 175.507706
[2022-10-20 01:44:19] PRINT Train Epoch: 8 [30720/60000 (51%)]	Loss: 175.153931
[2022-10-20 01:44:19] PRINT Train Epoch: 8 [32000/60000 (53%)]	Loss: 177.157715
[2022-10-20 01:44:19] PRINT Train Epoch: 8 [33280/60000 (55%)]	Loss: 171.363312
[2022-10-20 01:44:19] PRINT Train Epoch: 8 [34560/60000 (58%)]	Loss: 181.864029
[2022-10-20 01:44:19] PRINT Train Epoch: 8 [35840/60000 (60%)]	Loss: 188.686295
[2022-10-20 01:44:19] PRINT Train Epoch: 8 [37120/60000 (62%)]	Loss: 162.605362
[2022-10-20 01:44:19] PRINT Train Epoch: 8 [38400/60000 (64%)]	Loss: 176.036392
[2022-10-20 01:44:19] PRINT Train Epoch: 8 [39680/60000 (66%)]	Loss: 172.613281
[2022-10-20 01:44:19] PRINT Train Epoch: 8 [40960/60000 (68%)]	Loss: 175.144073
[2022-10-20 01:44:19] PRINT Train Epoch: 8 [42240/60000 (70%)]	Loss: 169.439560
[2022-10-20 01:44:20] PRINT Train Epoch: 8 [43520/60000 (72%)]	Loss: 167.438507
[2022-10-20 01:44:20] PRINT Train Epoch: 8 [44800/60000 (75%)]	Loss: 178.940765
[2022-10-20 01:44:20] PRINT Train Epoch: 8 [46080/60000 (77%)]	Loss: 175.019196
[2022-10-20 01:44:20] PRINT Train Epoch: 8 [47360/60000 (79%)]	Loss: 171.879791
[2022-10-20 01:44:20] PRINT Train Epoch: 8 [48640/60000 (81%)]	Loss: 168.582443
[2022-10-20 01:44:20] PRINT Train Epoch: 8 [49920/60000 (83%)]	Loss: 185.050522
[2022-10-20 01:44:20] PRINT Train Epoch: 8 [51200/60000 (85%)]	Loss: 178.623337
[2022-10-20 01:44:20] PRINT Train Epoch: 8 [52480/60000 (87%)]	Loss: 177.484421
[2022-10-20 01:44:20] PRINT Train Epoch: 8 [53760/60000 (90%)]	Loss: 180.282837
[2022-10-20 01:44:20] PRINT Train Epoch: 8 [55040/60000 (92%)]	Loss: 175.720505
[2022-10-20 01:44:20] PRINT Train Epoch: 8 [56320/60000 (94%)]	Loss: 173.089279
[2022-10-20 01:44:21] PRINT Train Epoch: 8 [57600/60000 (96%)]	Loss: 175.117905
[2022-10-20 01:44:21] PRINT Train Epoch: 8 [58880/60000 (98%)]	Loss: 168.336609
[2022-10-20 01:44:21] PRINT ====> Epoch: 8 Average loss: 174.5272
[2022-10-20 01:44:21] PRINT ====> Test set loss: 173.3710
[2022-10-20 01:44:22] PRINT Train Epoch: 9 [0/60000 (0%)]	Loss: 179.277313
[2022-10-20 01:44:22] PRINT Train Epoch: 9 [1280/60000 (2%)]	Loss: 168.083237
[2022-10-20 01:44:22] PRINT Train Epoch: 9 [2560/60000 (4%)]	Loss: 176.740784
[2022-10-20 01:44:22] PRINT Train Epoch: 9 [3840/60000 (6%)]	Loss: 169.020493
[2022-10-20 01:44:22] PRINT Train Epoch: 9 [5120/60000 (9%)]	Loss: 176.227158
[2022-10-20 01:44:22] PRINT Train Epoch: 9 [6400/60000 (11%)]	Loss: 169.570724
[2022-10-20 01:44:22] PRINT Train Epoch: 9 [7680/60000 (13%)]	Loss: 180.439743
[2022-10-20 01:44:22] PRINT Train Epoch: 9 [8960/60000 (15%)]	Loss: 171.854080
[2022-10-20 01:44:22] PRINT Train Epoch: 9 [10240/60000 (17%)]	Loss: 176.047470
[2022-10-20 01:44:22] PRINT Train Epoch: 9 [11520/60000 (19%)]	Loss: 167.344849
[2022-10-20 01:44:22] PRINT Train Epoch: 9 [12800/60000 (21%)]	Loss: 182.984970
[2022-10-20 01:44:22] PRINT Train Epoch: 9 [14080/60000 (23%)]	Loss: 178.763290
[2022-10-20 01:44:23] PRINT Train Epoch: 9 [15360/60000 (26%)]	Loss: 166.216217
[2022-10-20 01:44:23] PRINT Train Epoch: 9 [16640/60000 (28%)]	Loss: 177.750549
[2022-10-20 01:44:23] PRINT Train Epoch: 9 [17920/60000 (30%)]	Loss: 167.501022
[2022-10-20 01:44:23] PRINT Train Epoch: 9 [19200/60000 (32%)]	Loss: 177.762192
[2022-10-20 01:44:23] PRINT Train Epoch: 9 [20480/60000 (34%)]	Loss: 177.595016
[2022-10-20 01:44:23] PRINT Train Epoch: 9 [21760/60000 (36%)]	Loss: 166.689362
[2022-10-20 01:44:23] PRINT Train Epoch: 9 [23040/60000 (38%)]	Loss: 173.687988
[2022-10-20 01:44:23] PRINT Train Epoch: 9 [24320/60000 (41%)]	Loss: 173.876816
[2022-10-20 01:44:23] PRINT Train Epoch: 9 [25600/60000 (43%)]	Loss: 168.433609
[2022-10-20 01:44:23] PRINT Train Epoch: 9 [26880/60000 (45%)]	Loss: 178.149200
[2022-10-20 01:44:23] PRINT Train Epoch: 9 [28160/60000 (47%)]	Loss: 166.824753
[2022-10-20 01:44:24] PRINT Train Epoch: 9 [29440/60000 (49%)]	Loss: 174.445068
[2022-10-20 01:44:24] PRINT Train Epoch: 9 [30720/60000 (51%)]	Loss: 165.309860
[2022-10-20 01:44:24] PRINT Train Epoch: 9 [32000/60000 (53%)]	Loss: 180.785904
[2022-10-20 01:44:24] PRINT Train Epoch: 9 [33280/60000 (55%)]	Loss: 161.267227
[2022-10-20 01:44:24] PRINT Train Epoch: 9 [34560/60000 (58%)]	Loss: 174.317215
[2022-10-20 01:44:24] PRINT Train Epoch: 9 [35840/60000 (60%)]	Loss: 173.075958
[2022-10-20 01:44:24] PRINT Train Epoch: 9 [37120/60000 (62%)]	Loss: 175.666428
[2022-10-20 01:44:24] PRINT Train Epoch: 9 [38400/60000 (64%)]	Loss: 176.049377
[2022-10-20 01:44:24] PRINT Train Epoch: 9 [39680/60000 (66%)]	Loss: 169.692474
[2022-10-20 01:44:24] PRINT Train Epoch: 9 [40960/60000 (68%)]	Loss: 173.632782
[2022-10-20 01:44:24] PRINT Train Epoch: 9 [42240/60000 (70%)]	Loss: 174.112045
[2022-10-20 01:44:24] PRINT Train Epoch: 9 [43520/60000 (72%)]	Loss: 172.377533
[2022-10-20 01:44:24] PRINT Train Epoch: 9 [44800/60000 (75%)]	Loss: 170.724579
[2022-10-20 01:44:25] PRINT Train Epoch: 9 [46080/60000 (77%)]	Loss: 179.061508
[2022-10-20 01:44:25] PRINT Train Epoch: 9 [47360/60000 (79%)]	Loss: 179.257980
[2022-10-20 01:44:25] PRINT Train Epoch: 9 [48640/60000 (81%)]	Loss: 184.244019
[2022-10-20 01:44:25] PRINT Train Epoch: 9 [49920/60000 (83%)]	Loss: 175.159225
[2022-10-20 01:44:25] PRINT Train Epoch: 9 [51200/60000 (85%)]	Loss: 175.710953
[2022-10-20 01:44:25] PRINT Train Epoch: 9 [52480/60000 (87%)]	Loss: 163.517563
[2022-10-20 01:44:25] PRINT Train Epoch: 9 [53760/60000 (90%)]	Loss: 170.063416
[2022-10-20 01:44:25] PRINT Train Epoch: 9 [55040/60000 (92%)]	Loss: 169.155029
[2022-10-20 01:44:25] PRINT Train Epoch: 9 [56320/60000 (94%)]	Loss: 167.335983
[2022-10-20 01:44:25] PRINT Train Epoch: 9 [57600/60000 (96%)]	Loss: 174.184402
[2022-10-20 01:44:25] PRINT Train Epoch: 9 [58880/60000 (98%)]	Loss: 175.486969
[2022-10-20 01:44:25] PRINT ====> Epoch: 9 Average loss: 174.2438
[2022-10-20 01:44:26] PRINT ====> Test set loss: 174.0358
[2022-10-20 01:44:26] PRINT Train Epoch: 10 [0/60000 (0%)]	Loss: 169.493286
[2022-10-20 01:44:26] PRINT Train Epoch: 10 [1280/60000 (2%)]	Loss: 172.116821
[2022-10-20 01:44:26] PRINT Train Epoch: 10 [2560/60000 (4%)]	Loss: 181.868820
[2022-10-20 01:44:27] PRINT Train Epoch: 10 [3840/60000 (6%)]	Loss: 175.037354
[2022-10-20 01:44:27] PRINT Train Epoch: 10 [5120/60000 (9%)]	Loss: 175.846878
[2022-10-20 01:44:27] PRINT Train Epoch: 10 [6400/60000 (11%)]	Loss: 171.088760
[2022-10-20 01:44:27] PRINT Train Epoch: 10 [7680/60000 (13%)]	Loss: 169.845139
[2022-10-20 01:44:27] PRINT Train Epoch: 10 [8960/60000 (15%)]	Loss: 171.304962
[2022-10-20 01:44:27] PRINT Train Epoch: 10 [10240/60000 (17%)]	Loss: 178.639603
[2022-10-20 01:44:27] PRINT Train Epoch: 10 [11520/60000 (19%)]	Loss: 170.399811
[2022-10-20 01:44:27] PRINT Train Epoch: 10 [12800/60000 (21%)]	Loss: 175.707306
[2022-10-20 01:44:27] PRINT Train Epoch: 10 [14080/60000 (23%)]	Loss: 176.487381
[2022-10-20 01:44:27] PRINT Train Epoch: 10 [15360/60000 (26%)]	Loss: 180.069778
[2022-10-20 01:44:27] PRINT Train Epoch: 10 [16640/60000 (28%)]	Loss: 181.390701
[2022-10-20 01:44:28] PRINT Train Epoch: 10 [17920/60000 (30%)]	Loss: 168.373154
[2022-10-20 01:44:28] PRINT Train Epoch: 10 [19200/60000 (32%)]	Loss: 173.950577
[2022-10-20 01:44:28] PRINT Train Epoch: 10 [20480/60000 (34%)]	Loss: 170.566574
[2022-10-20 01:44:28] PRINT Train Epoch: 10 [21760/60000 (36%)]	Loss: 180.711044
[2022-10-20 01:44:28] PRINT Train Epoch: 10 [23040/60000 (38%)]	Loss: 166.086899
[2022-10-20 01:44:28] PRINT Train Epoch: 10 [24320/60000 (41%)]	Loss: 186.270203
[2022-10-20 01:44:28] PRINT Train Epoch: 10 [25600/60000 (43%)]	Loss: 178.176376
[2022-10-20 01:44:28] PRINT Train Epoch: 10 [26880/60000 (45%)]	Loss: 172.406052
[2022-10-20 01:44:28] PRINT Train Epoch: 10 [28160/60000 (47%)]	Loss: 176.846832
[2022-10-20 01:44:28] PRINT Train Epoch: 10 [29440/60000 (49%)]	Loss: 178.470306
[2022-10-20 01:44:28] PRINT Train Epoch: 10 [30720/60000 (51%)]	Loss: 168.051941
[2022-10-20 01:44:29] PRINT Train Epoch: 10 [32000/60000 (53%)]	Loss: 172.654694
[2022-10-20 01:44:29] PRINT Train Epoch: 10 [33280/60000 (55%)]	Loss: 173.370316
[2022-10-20 01:44:29] PRINT Train Epoch: 10 [34560/60000 (58%)]	Loss: 174.224976
[2022-10-20 01:44:29] PRINT Train Epoch: 10 [35840/60000 (60%)]	Loss: 175.005539
[2022-10-20 01:44:29] PRINT Train Epoch: 10 [37120/60000 (62%)]	Loss: 173.157028
[2022-10-20 01:44:29] PRINT Train Epoch: 10 [38400/60000 (64%)]	Loss: 179.708527
[2022-10-20 01:44:29] PRINT Train Epoch: 10 [39680/60000 (66%)]	Loss: 176.534653
[2022-10-20 01:44:29] PRINT Train Epoch: 10 [40960/60000 (68%)]	Loss: 170.375427
[2022-10-20 01:44:29] PRINT Train Epoch: 10 [42240/60000 (70%)]	Loss: 180.007172
[2022-10-20 01:44:29] PRINT Train Epoch: 10 [43520/60000 (72%)]	Loss: 177.436127
[2022-10-20 01:44:29] PRINT Train Epoch: 10 [44800/60000 (75%)]	Loss: 183.692520
[2022-10-20 01:44:30] PRINT Train Epoch: 10 [46080/60000 (77%)]	Loss: 174.868195
[2022-10-20 01:44:30] PRINT Train Epoch: 10 [47360/60000 (79%)]	Loss: 171.320297
[2022-10-20 01:44:30] PRINT Train Epoch: 10 [48640/60000 (81%)]	Loss: 180.037064
[2022-10-20 01:44:30] PRINT Train Epoch: 10 [49920/60000 (83%)]	Loss: 169.650787
[2022-10-20 01:44:30] PRINT Train Epoch: 10 [51200/60000 (85%)]	Loss: 170.151337
[2022-10-20 01:44:30] PRINT Train Epoch: 10 [52480/60000 (87%)]	Loss: 172.104248
[2022-10-20 01:44:30] PRINT Train Epoch: 10 [53760/60000 (90%)]	Loss: 177.016296
[2022-10-20 01:44:30] PRINT Train Epoch: 10 [55040/60000 (92%)]	Loss: 176.769989
[2022-10-20 01:44:30] PRINT Train Epoch: 10 [56320/60000 (94%)]	Loss: 165.745178
[2022-10-20 01:44:30] PRINT Train Epoch: 10 [57600/60000 (96%)]	Loss: 169.077255
[2022-10-20 01:44:30] PRINT Train Epoch: 10 [58880/60000 (98%)]	Loss: 169.437180
[2022-10-20 01:44:31] PRINT ====> Epoch: 10 Average loss: 174.2257
[2022-10-20 01:44:31] PRINT ====> Test set loss: 176.7900
