[2022-10-20 01:50:11] PRINT {'features1': 400, 'features2': 40, 'lr': 0.00012746931740782914, 'epsilon': 1e-06}
[2022-10-20 01:50:11] PRINT Using cuda device
[2022-10-20 01:50:12] PRINT Train Epoch: 1 [0/60000 (0%)]	Loss: 549.053955
[2022-10-20 01:50:12] PRINT Train Epoch: 1 [1280/60000 (2%)]	Loss: 515.030151
[2022-10-20 01:50:13] PRINT Train Epoch: 1 [2560/60000 (4%)]	Loss: 478.263977
[2022-10-20 01:50:13] PRINT Train Epoch: 1 [3840/60000 (6%)]	Loss: 429.253601
[2022-10-20 01:50:13] PRINT Train Epoch: 1 [5120/60000 (9%)]	Loss: 373.838470
[2022-10-20 01:50:13] PRINT Train Epoch: 1 [6400/60000 (11%)]	Loss: 326.326996
[2022-10-20 01:50:13] PRINT Train Epoch: 1 [7680/60000 (13%)]	Loss: 296.343658
[2022-10-20 01:50:13] PRINT Train Epoch: 1 [8960/60000 (15%)]	Loss: 275.381958
[2022-10-20 01:50:13] PRINT Train Epoch: 1 [10240/60000 (17%)]	Loss: 270.020355
[2022-10-20 01:50:13] PRINT Train Epoch: 1 [11520/60000 (19%)]	Loss: 259.687073
[2022-10-20 01:50:13] PRINT Train Epoch: 1 [12800/60000 (21%)]	Loss: 251.483002
[2022-10-20 01:50:13] PRINT Train Epoch: 1 [14080/60000 (23%)]	Loss: 239.191284
[2022-10-20 01:50:13] PRINT Train Epoch: 1 [15360/60000 (26%)]	Loss: 241.133957
[2022-10-20 01:50:14] PRINT Train Epoch: 1 [16640/60000 (28%)]	Loss: 240.503281
[2022-10-20 01:50:14] PRINT Train Epoch: 1 [17920/60000 (30%)]	Loss: 231.631500
[2022-10-20 01:50:14] PRINT Train Epoch: 1 [19200/60000 (32%)]	Loss: 238.671646
[2022-10-20 01:50:14] PRINT Train Epoch: 1 [20480/60000 (34%)]	Loss: 237.586136
[2022-10-20 01:50:14] PRINT Train Epoch: 1 [21760/60000 (36%)]	Loss: 234.686905
[2022-10-20 01:50:14] PRINT Train Epoch: 1 [23040/60000 (38%)]	Loss: 230.160370
[2022-10-20 01:50:14] PRINT Train Epoch: 1 [24320/60000 (41%)]	Loss: 225.520523
[2022-10-20 01:50:14] PRINT Train Epoch: 1 [25600/60000 (43%)]	Loss: 220.789230
[2022-10-20 01:50:14] PRINT Train Epoch: 1 [26880/60000 (45%)]	Loss: 226.113541
[2022-10-20 01:50:14] PRINT Train Epoch: 1 [28160/60000 (47%)]	Loss: 221.571671
[2022-10-20 01:50:14] PRINT Train Epoch: 1 [29440/60000 (49%)]	Loss: 219.566360
[2022-10-20 01:50:15] PRINT Train Epoch: 1 [30720/60000 (51%)]	Loss: 217.288239
[2022-10-20 01:50:15] PRINT Train Epoch: 1 [32000/60000 (53%)]	Loss: 210.973282
[2022-10-20 01:50:15] PRINT Train Epoch: 1 [33280/60000 (55%)]	Loss: 218.466919
[2022-10-20 01:50:15] PRINT Train Epoch: 1 [34560/60000 (58%)]	Loss: 212.990799
[2022-10-20 01:50:15] PRINT Train Epoch: 1 [35840/60000 (60%)]	Loss: 211.184448
[2022-10-20 01:50:15] PRINT Train Epoch: 1 [37120/60000 (62%)]	Loss: 207.968674
[2022-10-20 01:50:15] PRINT Train Epoch: 1 [38400/60000 (64%)]	Loss: 211.729370
[2022-10-20 01:50:15] PRINT Train Epoch: 1 [39680/60000 (66%)]	Loss: 201.386871
[2022-10-20 01:50:15] PRINT Train Epoch: 1 [40960/60000 (68%)]	Loss: 203.308258
[2022-10-20 01:50:15] PRINT Train Epoch: 1 [42240/60000 (70%)]	Loss: 202.341370
[2022-10-20 01:50:15] PRINT Train Epoch: 1 [43520/60000 (72%)]	Loss: 194.314941
[2022-10-20 01:50:16] PRINT Train Epoch: 1 [44800/60000 (75%)]	Loss: 202.001480
[2022-10-20 01:50:16] PRINT Train Epoch: 1 [46080/60000 (77%)]	Loss: 197.238556
[2022-10-20 01:50:16] PRINT Train Epoch: 1 [47360/60000 (79%)]	Loss: 193.171646
[2022-10-20 01:50:16] PRINT Train Epoch: 1 [48640/60000 (81%)]	Loss: 201.073166
[2022-10-20 01:50:16] PRINT Train Epoch: 1 [49920/60000 (83%)]	Loss: 193.566986
[2022-10-20 01:50:16] PRINT Train Epoch: 1 [51200/60000 (85%)]	Loss: 192.373642
[2022-10-20 01:50:16] PRINT Train Epoch: 1 [52480/60000 (87%)]	Loss: 187.223709
[2022-10-20 01:50:16] PRINT Train Epoch: 1 [53760/60000 (90%)]	Loss: 198.735352
[2022-10-20 01:50:16] PRINT Train Epoch: 1 [55040/60000 (92%)]	Loss: 187.877472
[2022-10-20 01:50:16] PRINT Train Epoch: 1 [56320/60000 (94%)]	Loss: 192.102463
[2022-10-20 01:50:16] PRINT Train Epoch: 1 [57600/60000 (96%)]	Loss: 193.552322
[2022-10-20 01:50:17] PRINT Train Epoch: 1 [58880/60000 (98%)]	Loss: 186.104416
[2022-10-20 01:50:17] PRINT ====> Epoch: 1 Average loss: 244.7185
[2022-10-20 01:50:17] PRINT ====> Test set loss: 186.0280
[2022-10-20 01:50:17] PRINT Train Epoch: 2 [0/60000 (0%)]	Loss: 187.129761
[2022-10-20 01:50:18] PRINT Train Epoch: 2 [1280/60000 (2%)]	Loss: 186.142395
[2022-10-20 01:50:18] PRINT Train Epoch: 2 [2560/60000 (4%)]	Loss: 183.747528
[2022-10-20 01:50:18] PRINT Train Epoch: 2 [3840/60000 (6%)]	Loss: 185.574249
[2022-10-20 01:50:18] PRINT Train Epoch: 2 [5120/60000 (9%)]	Loss: 180.011780
[2022-10-20 01:50:18] PRINT Train Epoch: 2 [6400/60000 (11%)]	Loss: 181.817642
[2022-10-20 01:50:18] PRINT Train Epoch: 2 [7680/60000 (13%)]	Loss: 179.528870
[2022-10-20 01:50:18] PRINT Train Epoch: 2 [8960/60000 (15%)]	Loss: 175.804657
[2022-10-20 01:50:18] PRINT Train Epoch: 2 [10240/60000 (17%)]	Loss: 181.749542
[2022-10-20 01:50:18] PRINT Train Epoch: 2 [11520/60000 (19%)]	Loss: 175.445129
[2022-10-20 01:50:18] PRINT Train Epoch: 2 [12800/60000 (21%)]	Loss: 180.779648
[2022-10-20 01:50:18] PRINT Train Epoch: 2 [14080/60000 (23%)]	Loss: 178.514069
[2022-10-20 01:50:19] PRINT Train Epoch: 2 [15360/60000 (26%)]	Loss: 172.847900
[2022-10-20 01:50:19] PRINT Train Epoch: 2 [16640/60000 (28%)]	Loss: 178.813446
[2022-10-20 01:50:19] PRINT Train Epoch: 2 [17920/60000 (30%)]	Loss: 176.561127
[2022-10-20 01:50:19] PRINT Train Epoch: 2 [19200/60000 (32%)]	Loss: 170.410324
[2022-10-20 01:50:19] PRINT Train Epoch: 2 [20480/60000 (34%)]	Loss: 166.516174
[2022-10-20 01:50:19] PRINT Train Epoch: 2 [21760/60000 (36%)]	Loss: 170.720551
[2022-10-20 01:50:19] PRINT Train Epoch: 2 [23040/60000 (38%)]	Loss: 179.566864
[2022-10-20 01:50:19] PRINT Train Epoch: 2 [24320/60000 (41%)]	Loss: 167.186646
[2022-10-20 01:50:19] PRINT Train Epoch: 2 [25600/60000 (43%)]	Loss: 176.273773
[2022-10-20 01:50:19] PRINT Train Epoch: 2 [26880/60000 (45%)]	Loss: 166.422836
[2022-10-20 01:50:19] PRINT Train Epoch: 2 [28160/60000 (47%)]	Loss: 170.706482
[2022-10-20 01:50:20] PRINT Train Epoch: 2 [29440/60000 (49%)]	Loss: 168.649734
[2022-10-20 01:50:20] PRINT Train Epoch: 2 [30720/60000 (51%)]	Loss: 161.546326
[2022-10-20 01:50:20] PRINT Train Epoch: 2 [32000/60000 (53%)]	Loss: 161.615540
[2022-10-20 01:50:20] PRINT Train Epoch: 2 [33280/60000 (55%)]	Loss: 170.454407
[2022-10-20 01:50:20] PRINT Train Epoch: 2 [34560/60000 (58%)]	Loss: 169.891678
[2022-10-20 01:50:20] PRINT Train Epoch: 2 [35840/60000 (60%)]	Loss: 160.762680
[2022-10-20 01:50:20] PRINT Train Epoch: 2 [37120/60000 (62%)]	Loss: 169.188751
[2022-10-20 01:50:20] PRINT Train Epoch: 2 [38400/60000 (64%)]	Loss: 166.324570
[2022-10-20 01:50:20] PRINT Train Epoch: 2 [39680/60000 (66%)]	Loss: 171.925446
[2022-10-20 01:50:20] PRINT Train Epoch: 2 [40960/60000 (68%)]	Loss: 161.639389
[2022-10-20 01:50:20] PRINT Train Epoch: 2 [42240/60000 (70%)]	Loss: 162.651993
[2022-10-20 01:50:21] PRINT Train Epoch: 2 [43520/60000 (72%)]	Loss: 170.351761
[2022-10-20 01:50:21] PRINT Train Epoch: 2 [44800/60000 (75%)]	Loss: 168.913483
[2022-10-20 01:50:21] PRINT Train Epoch: 2 [46080/60000 (77%)]	Loss: 171.444122
[2022-10-20 01:50:21] PRINT Train Epoch: 2 [47360/60000 (79%)]	Loss: 165.530563
[2022-10-20 01:50:21] PRINT Train Epoch: 2 [48640/60000 (81%)]	Loss: 164.576477
[2022-10-20 01:50:21] PRINT Train Epoch: 2 [49920/60000 (83%)]	Loss: 164.516327
[2022-10-20 01:50:21] PRINT Train Epoch: 2 [51200/60000 (85%)]	Loss: 164.360962
[2022-10-20 01:50:21] PRINT Train Epoch: 2 [52480/60000 (87%)]	Loss: 162.738815
[2022-10-20 01:50:21] PRINT Train Epoch: 2 [53760/60000 (90%)]	Loss: 159.936234
[2022-10-20 01:50:21] PRINT Train Epoch: 2 [55040/60000 (92%)]	Loss: 164.882416
[2022-10-20 01:50:21] PRINT Train Epoch: 2 [56320/60000 (94%)]	Loss: 160.534210
[2022-10-20 01:50:22] PRINT Train Epoch: 2 [57600/60000 (96%)]	Loss: 161.981201
[2022-10-20 01:50:22] PRINT Train Epoch: 2 [58880/60000 (98%)]	Loss: 163.485703
[2022-10-20 01:50:22] PRINT ====> Epoch: 2 Average loss: 171.5242
[2022-10-20 01:50:22] PRINT ====> Test set loss: 160.8527
[2022-10-20 01:50:23] PRINT Train Epoch: 3 [0/60000 (0%)]	Loss: 156.907806
[2022-10-20 01:50:23] PRINT Train Epoch: 3 [1280/60000 (2%)]	Loss: 159.554474
[2022-10-20 01:50:23] PRINT Train Epoch: 3 [2560/60000 (4%)]	Loss: 161.389038
[2022-10-20 01:50:23] PRINT Train Epoch: 3 [3840/60000 (6%)]	Loss: 164.852631
[2022-10-20 01:50:23] PRINT Train Epoch: 3 [5120/60000 (9%)]	Loss: 158.512680
[2022-10-20 01:50:23] PRINT Train Epoch: 3 [6400/60000 (11%)]	Loss: 155.755402
[2022-10-20 01:50:23] PRINT Train Epoch: 3 [7680/60000 (13%)]	Loss: 161.579437
[2022-10-20 01:50:23] PRINT Train Epoch: 3 [8960/60000 (15%)]	Loss: 160.405029
[2022-10-20 01:50:23] PRINT Train Epoch: 3 [10240/60000 (17%)]	Loss: 158.930496
[2022-10-20 01:50:23] PRINT Train Epoch: 3 [11520/60000 (19%)]	Loss: 157.018539
[2022-10-20 01:50:23] PRINT Train Epoch: 3 [12800/60000 (21%)]	Loss: 158.143799
[2022-10-20 01:50:24] PRINT Train Epoch: 3 [14080/60000 (23%)]	Loss: 162.478302
[2022-10-20 01:50:24] PRINT Train Epoch: 3 [15360/60000 (26%)]	Loss: 153.509720
[2022-10-20 01:50:24] PRINT Train Epoch: 3 [16640/60000 (28%)]	Loss: 160.815491
[2022-10-20 01:50:24] PRINT Train Epoch: 3 [17920/60000 (30%)]	Loss: 158.913879
[2022-10-20 01:50:24] PRINT Train Epoch: 3 [19200/60000 (32%)]	Loss: 163.331512
[2022-10-20 01:50:24] PRINT Train Epoch: 3 [20480/60000 (34%)]	Loss: 155.425308
[2022-10-20 01:50:24] PRINT Train Epoch: 3 [21760/60000 (36%)]	Loss: 157.856171
[2022-10-20 01:50:24] PRINT Train Epoch: 3 [23040/60000 (38%)]	Loss: 157.233322
[2022-10-20 01:50:24] PRINT Train Epoch: 3 [24320/60000 (41%)]	Loss: 158.168076
[2022-10-20 01:50:24] PRINT Train Epoch: 3 [25600/60000 (43%)]	Loss: 155.914490
[2022-10-20 01:50:24] PRINT Train Epoch: 3 [26880/60000 (45%)]	Loss: 155.244614
[2022-10-20 01:50:24] PRINT Train Epoch: 3 [28160/60000 (47%)]	Loss: 157.799194
[2022-10-20 01:50:25] PRINT Train Epoch: 3 [29440/60000 (49%)]	Loss: 148.857773
[2022-10-20 01:50:25] PRINT Train Epoch: 3 [30720/60000 (51%)]	Loss: 151.035751
[2022-10-20 01:50:25] PRINT Train Epoch: 3 [32000/60000 (53%)]	Loss: 158.710968
[2022-10-20 01:50:25] PRINT Train Epoch: 3 [33280/60000 (55%)]	Loss: 154.463669
[2022-10-20 01:50:25] PRINT Train Epoch: 3 [34560/60000 (58%)]	Loss: 156.865158
[2022-10-20 01:50:25] PRINT Train Epoch: 3 [35840/60000 (60%)]	Loss: 153.421616
[2022-10-20 01:50:25] PRINT Train Epoch: 3 [37120/60000 (62%)]	Loss: 156.159088
[2022-10-20 01:50:25] PRINT Train Epoch: 3 [38400/60000 (64%)]	Loss: 153.455597
[2022-10-20 01:50:25] PRINT Train Epoch: 3 [39680/60000 (66%)]	Loss: 154.589142
[2022-10-20 01:50:25] PRINT Train Epoch: 3 [40960/60000 (68%)]	Loss: 149.020844
[2022-10-20 01:50:25] PRINT Train Epoch: 3 [42240/60000 (70%)]	Loss: 158.406784
[2022-10-20 01:50:26] PRINT Train Epoch: 3 [43520/60000 (72%)]	Loss: 147.268661
[2022-10-20 01:50:26] PRINT Train Epoch: 3 [44800/60000 (75%)]	Loss: 149.538452
[2022-10-20 01:50:26] PRINT Train Epoch: 3 [46080/60000 (77%)]	Loss: 157.010223
[2022-10-20 01:50:26] PRINT Train Epoch: 3 [47360/60000 (79%)]	Loss: 150.337784
[2022-10-20 01:50:26] PRINT Train Epoch: 3 [48640/60000 (81%)]	Loss: 155.575348
[2022-10-20 01:50:26] PRINT Train Epoch: 3 [49920/60000 (83%)]	Loss: 152.059738
[2022-10-20 01:50:26] PRINT Train Epoch: 3 [51200/60000 (85%)]	Loss: 152.132706
[2022-10-20 01:50:26] PRINT Train Epoch: 3 [52480/60000 (87%)]	Loss: 146.931595
[2022-10-20 01:50:26] PRINT Train Epoch: 3 [53760/60000 (90%)]	Loss: 152.366806
[2022-10-20 01:50:26] PRINT Train Epoch: 3 [55040/60000 (92%)]	Loss: 151.373352
[2022-10-20 01:50:26] PRINT Train Epoch: 3 [56320/60000 (94%)]	Loss: 156.851807
[2022-10-20 01:50:27] PRINT Train Epoch: 3 [57600/60000 (96%)]	Loss: 143.750061
[2022-10-20 01:50:27] PRINT Train Epoch: 3 [58880/60000 (98%)]	Loss: 149.686737
[2022-10-20 01:50:27] PRINT ====> Epoch: 3 Average loss: 155.1346
[2022-10-20 01:50:27] PRINT ====> Test set loss: 148.2948
[2022-10-20 01:50:27] PRINT Train Epoch: 4 [0/60000 (0%)]	Loss: 158.341858
[2022-10-20 01:50:28] PRINT Train Epoch: 4 [1280/60000 (2%)]	Loss: 148.983124
[2022-10-20 01:50:28] PRINT Train Epoch: 4 [2560/60000 (4%)]	Loss: 144.594833
[2022-10-20 01:50:28] PRINT Train Epoch: 4 [3840/60000 (6%)]	Loss: 148.201981
[2022-10-20 01:50:28] PRINT Train Epoch: 4 [5120/60000 (9%)]	Loss: 147.282608
[2022-10-20 01:50:28] PRINT Train Epoch: 4 [6400/60000 (11%)]	Loss: 155.674286
[2022-10-20 01:50:28] PRINT Train Epoch: 4 [7680/60000 (13%)]	Loss: 152.076370
[2022-10-20 01:50:28] PRINT Train Epoch: 4 [8960/60000 (15%)]	Loss: 144.813705
[2022-10-20 01:50:28] PRINT Train Epoch: 4 [10240/60000 (17%)]	Loss: 144.812622
[2022-10-20 01:50:28] PRINT Train Epoch: 4 [11520/60000 (19%)]	Loss: 149.453461
[2022-10-20 01:50:28] PRINT Train Epoch: 4 [12800/60000 (21%)]	Loss: 150.521057
[2022-10-20 01:50:28] PRINT Train Epoch: 4 [14080/60000 (23%)]	Loss: 146.566833
[2022-10-20 01:50:29] PRINT Train Epoch: 4 [15360/60000 (26%)]	Loss: 145.989456
[2022-10-20 01:50:29] PRINT Train Epoch: 4 [16640/60000 (28%)]	Loss: 146.140656
[2022-10-20 01:50:29] PRINT Train Epoch: 4 [17920/60000 (30%)]	Loss: 142.623779
[2022-10-20 01:50:29] PRINT Train Epoch: 4 [19200/60000 (32%)]	Loss: 151.052551
[2022-10-20 01:50:29] PRINT Train Epoch: 4 [20480/60000 (34%)]	Loss: 139.631454
[2022-10-20 01:50:29] PRINT Train Epoch: 4 [21760/60000 (36%)]	Loss: 148.687485
[2022-10-20 01:50:29] PRINT Train Epoch: 4 [23040/60000 (38%)]	Loss: 140.029068
[2022-10-20 01:50:29] PRINT Train Epoch: 4 [24320/60000 (41%)]	Loss: 151.842377
[2022-10-20 01:50:29] PRINT Train Epoch: 4 [25600/60000 (43%)]	Loss: 142.659027
[2022-10-20 01:50:29] PRINT Train Epoch: 4 [26880/60000 (45%)]	Loss: 142.634247
[2022-10-20 01:50:29] PRINT Train Epoch: 4 [28160/60000 (47%)]	Loss: 142.509216
[2022-10-20 01:50:30] PRINT Train Epoch: 4 [29440/60000 (49%)]	Loss: 142.677948
[2022-10-20 01:50:30] PRINT Train Epoch: 4 [30720/60000 (51%)]	Loss: 145.829071
[2022-10-20 01:50:30] PRINT Train Epoch: 4 [32000/60000 (53%)]	Loss: 145.696259
[2022-10-20 01:50:30] PRINT Train Epoch: 4 [33280/60000 (55%)]	Loss: 149.820923
[2022-10-20 01:50:30] PRINT Train Epoch: 4 [34560/60000 (58%)]	Loss: 142.830704
[2022-10-20 01:50:30] PRINT Train Epoch: 4 [35840/60000 (60%)]	Loss: 139.897369
[2022-10-20 01:50:30] PRINT Train Epoch: 4 [37120/60000 (62%)]	Loss: 147.206039
[2022-10-20 01:50:30] PRINT Train Epoch: 4 [38400/60000 (64%)]	Loss: 141.930435
[2022-10-20 01:50:30] PRINT Train Epoch: 4 [39680/60000 (66%)]	Loss: 137.818176
[2022-10-20 01:50:30] PRINT Train Epoch: 4 [40960/60000 (68%)]	Loss: 143.590530
[2022-10-20 01:50:30] PRINT Train Epoch: 4 [42240/60000 (70%)]	Loss: 138.135406
[2022-10-20 01:50:31] PRINT Train Epoch: 4 [43520/60000 (72%)]	Loss: 145.119263
[2022-10-20 01:50:31] PRINT Train Epoch: 4 [44800/60000 (75%)]	Loss: 144.980225
[2022-10-20 01:50:31] PRINT Train Epoch: 4 [46080/60000 (77%)]	Loss: 146.257477
[2022-10-20 01:50:31] PRINT Train Epoch: 4 [47360/60000 (79%)]	Loss: 141.976303
[2022-10-20 01:50:31] PRINT Train Epoch: 4 [48640/60000 (81%)]	Loss: 143.688538
[2022-10-20 01:50:31] PRINT Train Epoch: 4 [49920/60000 (83%)]	Loss: 136.874481
[2022-10-20 01:50:31] PRINT Train Epoch: 4 [51200/60000 (85%)]	Loss: 143.982193
[2022-10-20 01:50:31] PRINT Train Epoch: 4 [52480/60000 (87%)]	Loss: 146.751129
[2022-10-20 01:50:31] PRINT Train Epoch: 4 [53760/60000 (90%)]	Loss: 138.929779
[2022-10-20 01:50:31] PRINT Train Epoch: 4 [55040/60000 (92%)]	Loss: 144.157928
[2022-10-20 01:50:31] PRINT Train Epoch: 4 [56320/60000 (94%)]	Loss: 141.952759
[2022-10-20 01:50:32] PRINT Train Epoch: 4 [57600/60000 (96%)]	Loss: 146.351028
[2022-10-20 01:50:32] PRINT Train Epoch: 4 [58880/60000 (98%)]	Loss: 137.574112
[2022-10-20 01:50:32] PRINT ====> Epoch: 4 Average loss: 145.0271
[2022-10-20 01:50:32] PRINT ====> Test set loss: 140.0473
[2022-10-20 01:50:32] PRINT Train Epoch: 5 [0/60000 (0%)]	Loss: 145.756897
[2022-10-20 01:50:33] PRINT Train Epoch: 5 [1280/60000 (2%)]	Loss: 141.750153
[2022-10-20 01:50:33] PRINT Train Epoch: 5 [2560/60000 (4%)]	Loss: 145.780533
[2022-10-20 01:50:33] PRINT Train Epoch: 5 [3840/60000 (6%)]	Loss: 148.141586
[2022-10-20 01:50:33] PRINT Train Epoch: 5 [5120/60000 (9%)]	Loss: 141.474472
[2022-10-20 01:50:33] PRINT Train Epoch: 5 [6400/60000 (11%)]	Loss: 143.075500
[2022-10-20 01:50:33] PRINT Train Epoch: 5 [7680/60000 (13%)]	Loss: 139.688110
[2022-10-20 01:50:33] PRINT Train Epoch: 5 [8960/60000 (15%)]	Loss: 140.529282
[2022-10-20 01:50:33] PRINT Train Epoch: 5 [10240/60000 (17%)]	Loss: 140.494370
[2022-10-20 01:50:33] PRINT Train Epoch: 5 [11520/60000 (19%)]	Loss: 141.835495
[2022-10-20 01:50:33] PRINT Train Epoch: 5 [12800/60000 (21%)]	Loss: 142.361679
[2022-10-20 01:50:33] PRINT Train Epoch: 5 [14080/60000 (23%)]	Loss: 137.553772
[2022-10-20 01:50:34] PRINT Train Epoch: 5 [15360/60000 (26%)]	Loss: 142.307922
[2022-10-20 01:50:34] PRINT Train Epoch: 5 [16640/60000 (28%)]	Loss: 136.439636
[2022-10-20 01:50:34] PRINT Train Epoch: 5 [17920/60000 (30%)]	Loss: 140.405197
[2022-10-20 01:50:34] PRINT Train Epoch: 5 [19200/60000 (32%)]	Loss: 139.434570
[2022-10-20 01:50:34] PRINT Train Epoch: 5 [20480/60000 (34%)]	Loss: 139.189102
[2022-10-20 01:50:34] PRINT Train Epoch: 5 [21760/60000 (36%)]	Loss: 137.752899
[2022-10-20 01:50:34] PRINT Train Epoch: 5 [23040/60000 (38%)]	Loss: 140.335892
[2022-10-20 01:50:34] PRINT Train Epoch: 5 [24320/60000 (41%)]	Loss: 142.944641
[2022-10-20 01:50:34] PRINT Train Epoch: 5 [25600/60000 (43%)]	Loss: 143.809402
[2022-10-20 01:50:34] PRINT Train Epoch: 5 [26880/60000 (45%)]	Loss: 138.064865
[2022-10-20 01:50:34] PRINT Train Epoch: 5 [28160/60000 (47%)]	Loss: 140.132050
[2022-10-20 01:50:34] PRINT Train Epoch: 5 [29440/60000 (49%)]	Loss: 135.773087
[2022-10-20 01:50:35] PRINT Train Epoch: 5 [30720/60000 (51%)]	Loss: 138.082153
[2022-10-20 01:50:35] PRINT Train Epoch: 5 [32000/60000 (53%)]	Loss: 133.961029
[2022-10-20 01:50:35] PRINT Train Epoch: 5 [33280/60000 (55%)]	Loss: 134.108994
[2022-10-20 01:50:35] PRINT Train Epoch: 5 [34560/60000 (58%)]	Loss: 132.167267
[2022-10-20 01:50:35] PRINT Train Epoch: 5 [35840/60000 (60%)]	Loss: 138.065552
[2022-10-20 01:50:35] PRINT Train Epoch: 5 [37120/60000 (62%)]	Loss: 140.052948
[2022-10-20 01:50:35] PRINT Train Epoch: 5 [38400/60000 (64%)]	Loss: 141.138214
[2022-10-20 01:50:35] PRINT Train Epoch: 5 [39680/60000 (66%)]	Loss: 137.211304
[2022-10-20 01:50:35] PRINT Train Epoch: 5 [40960/60000 (68%)]	Loss: 138.433594
[2022-10-20 01:50:35] PRINT Train Epoch: 5 [42240/60000 (70%)]	Loss: 137.545700
[2022-10-20 01:50:35] PRINT Train Epoch: 5 [43520/60000 (72%)]	Loss: 146.875885
[2022-10-20 01:50:35] PRINT Train Epoch: 5 [44800/60000 (75%)]	Loss: 137.004837
[2022-10-20 01:50:36] PRINT Train Epoch: 5 [46080/60000 (77%)]	Loss: 136.247925
[2022-10-20 01:50:36] PRINT Train Epoch: 5 [47360/60000 (79%)]	Loss: 138.354721
[2022-10-20 01:50:36] PRINT Train Epoch: 5 [48640/60000 (81%)]	Loss: 139.745209
[2022-10-20 01:50:36] PRINT Train Epoch: 5 [49920/60000 (83%)]	Loss: 138.265411
[2022-10-20 01:50:36] PRINT Train Epoch: 5 [51200/60000 (85%)]	Loss: 135.380600
[2022-10-20 01:50:36] PRINT Train Epoch: 5 [52480/60000 (87%)]	Loss: 134.258438
[2022-10-20 01:50:36] PRINT Train Epoch: 5 [53760/60000 (90%)]	Loss: 136.387955
[2022-10-20 01:50:36] PRINT Train Epoch: 5 [55040/60000 (92%)]	Loss: 142.155502
[2022-10-20 01:50:36] PRINT Train Epoch: 5 [56320/60000 (94%)]	Loss: 136.972412
[2022-10-20 01:50:36] PRINT Train Epoch: 5 [57600/60000 (96%)]	Loss: 136.140579
[2022-10-20 01:50:36] PRINT Train Epoch: 5 [58880/60000 (98%)]	Loss: 136.819504
[2022-10-20 01:50:37] PRINT ====> Epoch: 5 Average loss: 138.3073
[2022-10-20 01:50:37] PRINT ====> Test set loss: 134.5244
[2022-10-20 01:50:37] PRINT Train Epoch: 6 [0/60000 (0%)]	Loss: 136.323502
[2022-10-20 01:50:37] PRINT Train Epoch: 6 [1280/60000 (2%)]	Loss: 140.016739
[2022-10-20 01:50:37] PRINT Train Epoch: 6 [2560/60000 (4%)]	Loss: 136.892166
[2022-10-20 01:50:38] PRINT Train Epoch: 6 [3840/60000 (6%)]	Loss: 135.896698
[2022-10-20 01:50:38] PRINT Train Epoch: 6 [5120/60000 (9%)]	Loss: 134.455612
[2022-10-20 01:50:38] PRINT Train Epoch: 6 [6400/60000 (11%)]	Loss: 133.605011
[2022-10-20 01:50:38] PRINT Train Epoch: 6 [7680/60000 (13%)]	Loss: 130.298264
[2022-10-20 01:50:38] PRINT Train Epoch: 6 [8960/60000 (15%)]	Loss: 134.905899
[2022-10-20 01:50:38] PRINT Train Epoch: 6 [10240/60000 (17%)]	Loss: 142.413528
[2022-10-20 01:50:38] PRINT Train Epoch: 6 [11520/60000 (19%)]	Loss: 136.857300
[2022-10-20 01:50:38] PRINT Train Epoch: 6 [12800/60000 (21%)]	Loss: 135.790771
[2022-10-20 01:50:38] PRINT Train Epoch: 6 [14080/60000 (23%)]	Loss: 134.175049
[2022-10-20 01:50:38] PRINT Train Epoch: 6 [15360/60000 (26%)]	Loss: 136.859009
[2022-10-20 01:50:38] PRINT Train Epoch: 6 [16640/60000 (28%)]	Loss: 130.337265
[2022-10-20 01:50:39] PRINT Train Epoch: 6 [17920/60000 (30%)]	Loss: 130.498993
[2022-10-20 01:50:39] PRINT Train Epoch: 6 [19200/60000 (32%)]	Loss: 137.498138
[2022-10-20 01:50:39] PRINT Train Epoch: 6 [20480/60000 (34%)]	Loss: 134.813049
[2022-10-20 01:50:39] PRINT Train Epoch: 6 [21760/60000 (36%)]	Loss: 126.027802
[2022-10-20 01:50:39] PRINT Train Epoch: 6 [23040/60000 (38%)]	Loss: 124.862495
[2022-10-20 01:50:39] PRINT Train Epoch: 6 [24320/60000 (41%)]	Loss: 133.265335
[2022-10-20 01:50:39] PRINT Train Epoch: 6 [25600/60000 (43%)]	Loss: 137.378204
[2022-10-20 01:50:39] PRINT Train Epoch: 6 [26880/60000 (45%)]	Loss: 130.457443
[2022-10-20 01:50:39] PRINT Train Epoch: 6 [28160/60000 (47%)]	Loss: 129.487183
[2022-10-20 01:50:39] PRINT Train Epoch: 6 [29440/60000 (49%)]	Loss: 129.513214
[2022-10-20 01:50:39] PRINT Train Epoch: 6 [30720/60000 (51%)]	Loss: 133.881729
[2022-10-20 01:50:40] PRINT Train Epoch: 6 [32000/60000 (53%)]	Loss: 132.467804
[2022-10-20 01:50:40] PRINT Train Epoch: 6 [33280/60000 (55%)]	Loss: 137.283447
[2022-10-20 01:50:40] PRINT Train Epoch: 6 [34560/60000 (58%)]	Loss: 136.457474
[2022-10-20 01:50:40] PRINT Train Epoch: 6 [35840/60000 (60%)]	Loss: 132.873962
[2022-10-20 01:50:40] PRINT Train Epoch: 6 [37120/60000 (62%)]	Loss: 140.135010
[2022-10-20 01:50:40] PRINT Train Epoch: 6 [38400/60000 (64%)]	Loss: 138.460815
[2022-10-20 01:50:40] PRINT Train Epoch: 6 [39680/60000 (66%)]	Loss: 131.815063
[2022-10-20 01:50:40] PRINT Train Epoch: 6 [40960/60000 (68%)]	Loss: 133.223892
[2022-10-20 01:50:40] PRINT Train Epoch: 6 [42240/60000 (70%)]	Loss: 137.665009
[2022-10-20 01:50:40] PRINT Train Epoch: 6 [43520/60000 (72%)]	Loss: 134.832733
[2022-10-20 01:50:40] PRINT Train Epoch: 6 [44800/60000 (75%)]	Loss: 131.972504
[2022-10-20 01:50:41] PRINT Train Epoch: 6 [46080/60000 (77%)]	Loss: 130.388016
[2022-10-20 01:50:41] PRINT Train Epoch: 6 [47360/60000 (79%)]	Loss: 132.052109
[2022-10-20 01:50:41] PRINT Train Epoch: 6 [48640/60000 (81%)]	Loss: 133.940735
[2022-10-20 01:50:41] PRINT Train Epoch: 6 [49920/60000 (83%)]	Loss: 130.203735
[2022-10-20 01:50:41] PRINT Train Epoch: 6 [51200/60000 (85%)]	Loss: 137.152054
[2022-10-20 01:50:41] PRINT Train Epoch: 6 [52480/60000 (87%)]	Loss: 133.187820
[2022-10-20 01:50:41] PRINT Train Epoch: 6 [53760/60000 (90%)]	Loss: 131.021790
[2022-10-20 01:50:41] PRINT Train Epoch: 6 [55040/60000 (92%)]	Loss: 130.281784
[2022-10-20 01:50:41] PRINT Train Epoch: 6 [56320/60000 (94%)]	Loss: 128.210281
[2022-10-20 01:50:41] PRINT Train Epoch: 6 [57600/60000 (96%)]	Loss: 133.780899
[2022-10-20 01:50:42] PRINT Train Epoch: 6 [58880/60000 (98%)]	Loss: 131.960983
[2022-10-20 01:50:42] PRINT ====> Epoch: 6 Average loss: 133.4803
[2022-10-20 01:50:42] PRINT ====> Test set loss: 130.2484
[2022-10-20 01:50:42] PRINT Train Epoch: 7 [0/60000 (0%)]	Loss: 131.164444
[2022-10-20 01:50:42] PRINT Train Epoch: 7 [1280/60000 (2%)]	Loss: 134.474274
[2022-10-20 01:50:43] PRINT Train Epoch: 7 [2560/60000 (4%)]	Loss: 134.325653
[2022-10-20 01:50:43] PRINT Train Epoch: 7 [3840/60000 (6%)]	Loss: 131.767151
[2022-10-20 01:50:43] PRINT Train Epoch: 7 [5120/60000 (9%)]	Loss: 131.599686
[2022-10-20 01:50:43] PRINT Train Epoch: 7 [6400/60000 (11%)]	Loss: 133.579330
[2022-10-20 01:50:43] PRINT Train Epoch: 7 [7680/60000 (13%)]	Loss: 130.178711
[2022-10-20 01:50:43] PRINT Train Epoch: 7 [8960/60000 (15%)]	Loss: 130.329086
[2022-10-20 01:50:43] PRINT Train Epoch: 7 [10240/60000 (17%)]	Loss: 127.897690
[2022-10-20 01:50:43] PRINT Train Epoch: 7 [11520/60000 (19%)]	Loss: 130.988876
[2022-10-20 01:50:43] PRINT Train Epoch: 7 [12800/60000 (21%)]	Loss: 127.593636
[2022-10-20 01:50:43] PRINT Train Epoch: 7 [14080/60000 (23%)]	Loss: 130.364838
[2022-10-20 01:50:44] PRINT Train Epoch: 7 [15360/60000 (26%)]	Loss: 131.386353
[2022-10-20 01:50:44] PRINT Train Epoch: 7 [16640/60000 (28%)]	Loss: 128.360306
[2022-10-20 01:50:44] PRINT Train Epoch: 7 [17920/60000 (30%)]	Loss: 130.999725
[2022-10-20 01:50:44] PRINT Train Epoch: 7 [19200/60000 (32%)]	Loss: 134.049103
[2022-10-20 01:50:44] PRINT Train Epoch: 7 [20480/60000 (34%)]	Loss: 129.849609
[2022-10-20 01:50:44] PRINT Train Epoch: 7 [21760/60000 (36%)]	Loss: 134.481964
[2022-10-20 01:50:44] PRINT Train Epoch: 7 [23040/60000 (38%)]	Loss: 130.556458
[2022-10-20 01:50:44] PRINT Train Epoch: 7 [24320/60000 (41%)]	Loss: 130.656738
[2022-10-20 01:50:44] PRINT Train Epoch: 7 [25600/60000 (43%)]	Loss: 135.702728
[2022-10-20 01:50:44] PRINT Train Epoch: 7 [26880/60000 (45%)]	Loss: 125.140877
[2022-10-20 01:50:44] PRINT Train Epoch: 7 [28160/60000 (47%)]	Loss: 127.872116
[2022-10-20 01:50:45] PRINT Train Epoch: 7 [29440/60000 (49%)]	Loss: 131.122253
[2022-10-20 01:50:45] PRINT Train Epoch: 7 [30720/60000 (51%)]	Loss: 128.438629
[2022-10-20 01:50:45] PRINT Train Epoch: 7 [32000/60000 (53%)]	Loss: 132.552048
[2022-10-20 01:50:45] PRINT Train Epoch: 7 [33280/60000 (55%)]	Loss: 131.734268
[2022-10-20 01:50:45] PRINT Train Epoch: 7 [34560/60000 (58%)]	Loss: 130.458862
[2022-10-20 01:50:45] PRINT Train Epoch: 7 [35840/60000 (60%)]	Loss: 128.572357
[2022-10-20 01:50:45] PRINT Train Epoch: 7 [37120/60000 (62%)]	Loss: 126.838486
[2022-10-20 01:50:45] PRINT Train Epoch: 7 [38400/60000 (64%)]	Loss: 122.943336
[2022-10-20 01:50:45] PRINT Train Epoch: 7 [39680/60000 (66%)]	Loss: 130.045349
[2022-10-20 01:50:45] PRINT Train Epoch: 7 [40960/60000 (68%)]	Loss: 133.941635
[2022-10-20 01:50:45] PRINT Train Epoch: 7 [42240/60000 (70%)]	Loss: 128.898575
[2022-10-20 01:50:46] PRINT Train Epoch: 7 [43520/60000 (72%)]	Loss: 128.852310
[2022-10-20 01:50:46] PRINT Train Epoch: 7 [44800/60000 (75%)]	Loss: 129.313873
[2022-10-20 01:50:46] PRINT Train Epoch: 7 [46080/60000 (77%)]	Loss: 129.223297
[2022-10-20 01:50:46] PRINT Train Epoch: 7 [47360/60000 (79%)]	Loss: 131.705902
[2022-10-20 01:50:46] PRINT Train Epoch: 7 [48640/60000 (81%)]	Loss: 133.359650
[2022-10-20 01:50:46] PRINT Train Epoch: 7 [49920/60000 (83%)]	Loss: 132.535278
[2022-10-20 01:50:46] PRINT Train Epoch: 7 [51200/60000 (85%)]	Loss: 130.716278
[2022-10-20 01:50:46] PRINT Train Epoch: 7 [52480/60000 (87%)]	Loss: 134.610855
[2022-10-20 01:50:46] PRINT Train Epoch: 7 [53760/60000 (90%)]	Loss: 128.506912
[2022-10-20 01:50:46] PRINT Train Epoch: 7 [55040/60000 (92%)]	Loss: 130.057541
[2022-10-20 01:50:46] PRINT Train Epoch: 7 [56320/60000 (94%)]	Loss: 126.457550
[2022-10-20 01:50:47] PRINT Train Epoch: 7 [57600/60000 (96%)]	Loss: 128.723511
[2022-10-20 01:50:47] PRINT Train Epoch: 7 [58880/60000 (98%)]	Loss: 130.791046
[2022-10-20 01:50:47] PRINT ====> Epoch: 7 Average loss: 129.8727
[2022-10-20 01:50:47] PRINT ====> Test set loss: 127.2465
[2022-10-20 01:50:48] PRINT Train Epoch: 8 [0/60000 (0%)]	Loss: 124.805862
[2022-10-20 01:50:48] PRINT Train Epoch: 8 [1280/60000 (2%)]	Loss: 125.413528
[2022-10-20 01:50:48] PRINT Train Epoch: 8 [2560/60000 (4%)]	Loss: 127.060394
[2022-10-20 01:50:48] PRINT Train Epoch: 8 [3840/60000 (6%)]	Loss: 123.246574
[2022-10-20 01:50:48] PRINT Train Epoch: 8 [5120/60000 (9%)]	Loss: 124.867126
[2022-10-20 01:50:48] PRINT Train Epoch: 8 [6400/60000 (11%)]	Loss: 123.838745
[2022-10-20 01:50:48] PRINT Train Epoch: 8 [7680/60000 (13%)]	Loss: 125.789566
[2022-10-20 01:50:48] PRINT Train Epoch: 8 [8960/60000 (15%)]	Loss: 126.776199
[2022-10-20 01:50:48] PRINT Train Epoch: 8 [10240/60000 (17%)]	Loss: 124.604996
[2022-10-20 01:50:48] PRINT Train Epoch: 8 [11520/60000 (19%)]	Loss: 128.454636
[2022-10-20 01:50:48] PRINT Train Epoch: 8 [12800/60000 (21%)]	Loss: 130.980988
[2022-10-20 01:50:48] PRINT Train Epoch: 8 [14080/60000 (23%)]	Loss: 130.530060
[2022-10-20 01:50:49] PRINT Train Epoch: 8 [15360/60000 (26%)]	Loss: 130.515625
[2022-10-20 01:50:49] PRINT Train Epoch: 8 [16640/60000 (28%)]	Loss: 128.477676
[2022-10-20 01:50:49] PRINT Train Epoch: 8 [17920/60000 (30%)]	Loss: 130.902878
[2022-10-20 01:50:49] PRINT Train Epoch: 8 [19200/60000 (32%)]	Loss: 129.980774
[2022-10-20 01:50:49] PRINT Train Epoch: 8 [20480/60000 (34%)]	Loss: 126.483749
[2022-10-20 01:50:49] PRINT Train Epoch: 8 [21760/60000 (36%)]	Loss: 126.719872
[2022-10-20 01:50:49] PRINT Train Epoch: 8 [23040/60000 (38%)]	Loss: 132.084000
[2022-10-20 01:50:49] PRINT Train Epoch: 8 [24320/60000 (41%)]	Loss: 128.333221
[2022-10-20 01:50:49] PRINT Train Epoch: 8 [25600/60000 (43%)]	Loss: 131.576935
[2022-10-20 01:50:49] PRINT Train Epoch: 8 [26880/60000 (45%)]	Loss: 124.520584
[2022-10-20 01:50:49] PRINT Train Epoch: 8 [28160/60000 (47%)]	Loss: 121.813095
[2022-10-20 01:50:50] PRINT Train Epoch: 8 [29440/60000 (49%)]	Loss: 124.926727
[2022-10-20 01:50:50] PRINT Train Epoch: 8 [30720/60000 (51%)]	Loss: 125.978943
[2022-10-20 01:50:50] PRINT Train Epoch: 8 [32000/60000 (53%)]	Loss: 126.073753
[2022-10-20 01:50:50] PRINT Train Epoch: 8 [33280/60000 (55%)]	Loss: 127.294380
[2022-10-20 01:50:50] PRINT Train Epoch: 8 [34560/60000 (58%)]	Loss: 123.704010
[2022-10-20 01:50:50] PRINT Train Epoch: 8 [35840/60000 (60%)]	Loss: 126.841995
[2022-10-20 01:50:50] PRINT Train Epoch: 8 [37120/60000 (62%)]	Loss: 126.276550
[2022-10-20 01:50:50] PRINT Train Epoch: 8 [38400/60000 (64%)]	Loss: 126.435333
[2022-10-20 01:50:50] PRINT Train Epoch: 8 [39680/60000 (66%)]	Loss: 132.041245
[2022-10-20 01:50:50] PRINT Train Epoch: 8 [40960/60000 (68%)]	Loss: 121.937714
[2022-10-20 01:50:51] PRINT Train Epoch: 8 [42240/60000 (70%)]	Loss: 127.408226
[2022-10-20 01:50:51] PRINT Train Epoch: 8 [43520/60000 (72%)]	Loss: 125.218445
[2022-10-20 01:50:51] PRINT Train Epoch: 8 [44800/60000 (75%)]	Loss: 122.061195
[2022-10-20 01:50:51] PRINT Train Epoch: 8 [46080/60000 (77%)]	Loss: 126.382851
[2022-10-20 01:50:51] PRINT Train Epoch: 8 [47360/60000 (79%)]	Loss: 127.137665
[2022-10-20 01:50:51] PRINT Train Epoch: 8 [48640/60000 (81%)]	Loss: 125.060020
[2022-10-20 01:50:51] PRINT Train Epoch: 8 [49920/60000 (83%)]	Loss: 126.617363
[2022-10-20 01:50:51] PRINT Train Epoch: 8 [51200/60000 (85%)]	Loss: 124.829727
[2022-10-20 01:50:51] PRINT Train Epoch: 8 [52480/60000 (87%)]	Loss: 129.875092
[2022-10-20 01:50:51] PRINT Train Epoch: 8 [53760/60000 (90%)]	Loss: 125.336800
[2022-10-20 01:50:51] PRINT Train Epoch: 8 [55040/60000 (92%)]	Loss: 122.942711
[2022-10-20 01:50:52] PRINT Train Epoch: 8 [56320/60000 (94%)]	Loss: 127.103775
[2022-10-20 01:50:52] PRINT Train Epoch: 8 [57600/60000 (96%)]	Loss: 122.465652
[2022-10-20 01:50:52] PRINT Train Epoch: 8 [58880/60000 (98%)]	Loss: 130.425308
[2022-10-20 01:50:52] PRINT ====> Epoch: 8 Average loss: 126.9327
[2022-10-20 01:50:53] PRINT ====> Test set loss: 124.6592
[2022-10-20 01:50:53] PRINT Train Epoch: 9 [0/60000 (0%)]	Loss: 128.707031
[2022-10-20 01:50:53] PRINT Train Epoch: 9 [1280/60000 (2%)]	Loss: 121.377533
[2022-10-20 01:50:53] PRINT Train Epoch: 9 [2560/60000 (4%)]	Loss: 125.145905
[2022-10-20 01:50:53] PRINT Train Epoch: 9 [3840/60000 (6%)]	Loss: 122.923225
[2022-10-20 01:50:53] PRINT Train Epoch: 9 [5120/60000 (9%)]	Loss: 128.078888
[2022-10-20 01:50:53] PRINT Train Epoch: 9 [6400/60000 (11%)]	Loss: 124.413414
[2022-10-20 01:50:53] PRINT Train Epoch: 9 [7680/60000 (13%)]	Loss: 127.835922
[2022-10-20 01:50:53] PRINT Train Epoch: 9 [8960/60000 (15%)]	Loss: 125.748711
[2022-10-20 01:50:53] PRINT Train Epoch: 9 [10240/60000 (17%)]	Loss: 124.924240
[2022-10-20 01:50:53] PRINT Train Epoch: 9 [11520/60000 (19%)]	Loss: 120.223129
[2022-10-20 01:50:54] PRINT Train Epoch: 9 [12800/60000 (21%)]	Loss: 123.903191
[2022-10-20 01:50:54] PRINT Train Epoch: 9 [14080/60000 (23%)]	Loss: 126.190971
[2022-10-20 01:50:54] PRINT Train Epoch: 9 [15360/60000 (26%)]	Loss: 127.211967
[2022-10-20 01:50:54] PRINT Train Epoch: 9 [16640/60000 (28%)]	Loss: 122.902039
[2022-10-20 01:50:54] PRINT Train Epoch: 9 [17920/60000 (30%)]	Loss: 125.442108
[2022-10-20 01:50:54] PRINT Train Epoch: 9 [19200/60000 (32%)]	Loss: 127.053543
[2022-10-20 01:50:54] PRINT Train Epoch: 9 [20480/60000 (34%)]	Loss: 121.734863
[2022-10-20 01:50:54] PRINT Train Epoch: 9 [21760/60000 (36%)]	Loss: 125.177460
[2022-10-20 01:50:54] PRINT Train Epoch: 9 [23040/60000 (38%)]	Loss: 125.719482
[2022-10-20 01:50:54] PRINT Train Epoch: 9 [24320/60000 (41%)]	Loss: 127.476700
[2022-10-20 01:50:54] PRINT Train Epoch: 9 [25600/60000 (43%)]	Loss: 126.112732
[2022-10-20 01:50:55] PRINT Train Epoch: 9 [26880/60000 (45%)]	Loss: 126.771965
[2022-10-20 01:50:55] PRINT Train Epoch: 9 [28160/60000 (47%)]	Loss: 119.346954
[2022-10-20 01:50:55] PRINT Train Epoch: 9 [29440/60000 (49%)]	Loss: 129.539948
[2022-10-20 01:50:55] PRINT Train Epoch: 9 [30720/60000 (51%)]	Loss: 120.204880
[2022-10-20 01:50:55] PRINT Train Epoch: 9 [32000/60000 (53%)]	Loss: 121.279243
[2022-10-20 01:50:55] PRINT Train Epoch: 9 [33280/60000 (55%)]	Loss: 119.505043
[2022-10-20 01:50:55] PRINT Train Epoch: 9 [34560/60000 (58%)]	Loss: 122.545982
[2022-10-20 01:50:55] PRINT Train Epoch: 9 [35840/60000 (60%)]	Loss: 126.511566
[2022-10-20 01:50:55] PRINT Train Epoch: 9 [37120/60000 (62%)]	Loss: 123.571716
[2022-10-20 01:50:55] PRINT Train Epoch: 9 [38400/60000 (64%)]	Loss: 121.719101
[2022-10-20 01:50:55] PRINT Train Epoch: 9 [39680/60000 (66%)]	Loss: 123.710281
[2022-10-20 01:50:56] PRINT Train Epoch: 9 [40960/60000 (68%)]	Loss: 120.204872
[2022-10-20 01:50:56] PRINT Train Epoch: 9 [42240/60000 (70%)]	Loss: 130.507233
[2022-10-20 01:50:56] PRINT Train Epoch: 9 [43520/60000 (72%)]	Loss: 125.004341
[2022-10-20 01:50:56] PRINT Train Epoch: 9 [44800/60000 (75%)]	Loss: 126.169540
[2022-10-20 01:50:56] PRINT Train Epoch: 9 [46080/60000 (77%)]	Loss: 119.847549
[2022-10-20 01:50:56] PRINT Train Epoch: 9 [47360/60000 (79%)]	Loss: 124.324318
[2022-10-20 01:50:56] PRINT Train Epoch: 9 [48640/60000 (81%)]	Loss: 122.629181
[2022-10-20 01:50:56] PRINT Train Epoch: 9 [49920/60000 (83%)]	Loss: 125.559677
[2022-10-20 01:50:56] PRINT Train Epoch: 9 [51200/60000 (85%)]	Loss: 124.495483
[2022-10-20 01:50:56] PRINT Train Epoch: 9 [52480/60000 (87%)]	Loss: 124.434998
[2022-10-20 01:50:56] PRINT Train Epoch: 9 [53760/60000 (90%)]	Loss: 125.865326
[2022-10-20 01:50:57] PRINT Train Epoch: 9 [55040/60000 (92%)]	Loss: 127.690514
[2022-10-20 01:50:57] PRINT Train Epoch: 9 [56320/60000 (94%)]	Loss: 122.384476
[2022-10-20 01:50:57] PRINT Train Epoch: 9 [57600/60000 (96%)]	Loss: 120.565742
[2022-10-20 01:50:57] PRINT Train Epoch: 9 [58880/60000 (98%)]	Loss: 129.318451
[2022-10-20 01:50:57] PRINT ====> Epoch: 9 Average loss: 124.4772
[2022-10-20 01:50:58] PRINT ====> Test set loss: 122.2173
[2022-10-20 01:50:58] PRINT Train Epoch: 10 [0/60000 (0%)]	Loss: 123.360191
[2022-10-20 01:50:58] PRINT Train Epoch: 10 [1280/60000 (2%)]	Loss: 117.677414
[2022-10-20 01:50:58] PRINT Train Epoch: 10 [2560/60000 (4%)]	Loss: 122.271202
[2022-10-20 01:50:58] PRINT Train Epoch: 10 [3840/60000 (6%)]	Loss: 120.902817
[2022-10-20 01:50:58] PRINT Train Epoch: 10 [5120/60000 (9%)]	Loss: 122.046730
[2022-10-20 01:50:58] PRINT Train Epoch: 10 [6400/60000 (11%)]	Loss: 125.605644
[2022-10-20 01:50:58] PRINT Train Epoch: 10 [7680/60000 (13%)]	Loss: 124.793739
[2022-10-20 01:50:58] PRINT Train Epoch: 10 [8960/60000 (15%)]	Loss: 125.658493
[2022-10-20 01:50:58] PRINT Train Epoch: 10 [10240/60000 (17%)]	Loss: 121.145927
[2022-10-20 01:50:58] PRINT Train Epoch: 10 [11520/60000 (19%)]	Loss: 124.252213
[2022-10-20 01:50:59] PRINT Train Epoch: 10 [12800/60000 (21%)]	Loss: 125.414253
[2022-10-20 01:50:59] PRINT Train Epoch: 10 [14080/60000 (23%)]	Loss: 124.216766
[2022-10-20 01:50:59] PRINT Train Epoch: 10 [15360/60000 (26%)]	Loss: 124.648026
[2022-10-20 01:50:59] PRINT Train Epoch: 10 [16640/60000 (28%)]	Loss: 120.563515
[2022-10-20 01:50:59] PRINT Train Epoch: 10 [17920/60000 (30%)]	Loss: 117.818893
[2022-10-20 01:50:59] PRINT Train Epoch: 10 [19200/60000 (32%)]	Loss: 121.864784
[2022-10-20 01:50:59] PRINT Train Epoch: 10 [20480/60000 (34%)]	Loss: 120.655838
[2022-10-20 01:50:59] PRINT Train Epoch: 10 [21760/60000 (36%)]	Loss: 120.375381
[2022-10-20 01:50:59] PRINT Train Epoch: 10 [23040/60000 (38%)]	Loss: 121.526321
[2022-10-20 01:50:59] PRINT Train Epoch: 10 [24320/60000 (41%)]	Loss: 118.048264
[2022-10-20 01:50:59] PRINT Train Epoch: 10 [25600/60000 (43%)]	Loss: 122.317886
[2022-10-20 01:50:59] PRINT Train Epoch: 10 [26880/60000 (45%)]	Loss: 123.461502
[2022-10-20 01:51:00] PRINT Train Epoch: 10 [28160/60000 (47%)]	Loss: 121.057236
[2022-10-20 01:51:00] PRINT Train Epoch: 10 [29440/60000 (49%)]	Loss: 123.962463
[2022-10-20 01:51:00] PRINT Train Epoch: 10 [30720/60000 (51%)]	Loss: 120.124481
[2022-10-20 01:51:00] PRINT Train Epoch: 10 [32000/60000 (53%)]	Loss: 124.065018
[2022-10-20 01:51:00] PRINT Train Epoch: 10 [33280/60000 (55%)]	Loss: 120.334656
[2022-10-20 01:51:00] PRINT Train Epoch: 10 [34560/60000 (58%)]	Loss: 122.583084
[2022-10-20 01:51:00] PRINT Train Epoch: 10 [35840/60000 (60%)]	Loss: 120.285843
[2022-10-20 01:51:00] PRINT Train Epoch: 10 [37120/60000 (62%)]	Loss: 123.226112
[2022-10-20 01:51:00] PRINT Train Epoch: 10 [38400/60000 (64%)]	Loss: 120.345894
[2022-10-20 01:51:00] PRINT Train Epoch: 10 [39680/60000 (66%)]	Loss: 118.446564
[2022-10-20 01:51:00] PRINT Train Epoch: 10 [40960/60000 (68%)]	Loss: 121.897354
[2022-10-20 01:51:00] PRINT Train Epoch: 10 [42240/60000 (70%)]	Loss: 117.597198
[2022-10-20 01:51:01] PRINT Train Epoch: 10 [43520/60000 (72%)]	Loss: 122.665588
[2022-10-20 01:51:01] PRINT Train Epoch: 10 [44800/60000 (75%)]	Loss: 119.719055
[2022-10-20 01:51:01] PRINT Train Epoch: 10 [46080/60000 (77%)]	Loss: 121.074097
[2022-10-20 01:51:01] PRINT Train Epoch: 10 [47360/60000 (79%)]	Loss: 125.061646
[2022-10-20 01:51:01] PRINT Train Epoch: 10 [48640/60000 (81%)]	Loss: 126.322906
[2022-10-20 01:51:01] PRINT Train Epoch: 10 [49920/60000 (83%)]	Loss: 124.977104
[2022-10-20 01:51:01] PRINT Train Epoch: 10 [51200/60000 (85%)]	Loss: 119.845642
[2022-10-20 01:51:01] PRINT Train Epoch: 10 [52480/60000 (87%)]	Loss: 122.817017
[2022-10-20 01:51:01] PRINT Train Epoch: 10 [53760/60000 (90%)]	Loss: 120.436707
[2022-10-20 01:51:01] PRINT Train Epoch: 10 [55040/60000 (92%)]	Loss: 121.987656
[2022-10-20 01:51:01] PRINT Train Epoch: 10 [56320/60000 (94%)]	Loss: 124.666939
[2022-10-20 01:51:01] PRINT Train Epoch: 10 [57600/60000 (96%)]	Loss: 123.098785
[2022-10-20 01:51:02] PRINT Train Epoch: 10 [58880/60000 (98%)]	Loss: 117.604752
[2022-10-20 01:51:02] PRINT ====> Epoch: 10 Average loss: 122.3530
[2022-10-20 01:51:02] PRINT ====> Test set loss: 120.2900
