[2022-10-20 00:47:22] PRINT {'features1': 500, 'features2': 20, 'lr': 0.06256184957974331, 'epsilon': 1e-06, 'TRIAL_BUDGET': 2}
[2022-10-20 00:47:23] PRINT Using cuda device
[2022-10-20 00:47:28] PRINT Train Epoch: 1 [0/60000 (0%)]	Loss: 548.941406
[2022-10-20 00:47:28] PRINT Train Epoch: 1 [1280/60000 (2%)]	Loss: 254.588455
[2022-10-20 00:47:28] PRINT Train Epoch: 1 [2560/60000 (4%)]	Loss: 225.806946
[2022-10-20 00:47:29] PRINT Train Epoch: 1 [3840/60000 (6%)]	Loss: 213.651093
[2022-10-20 00:47:29] PRINT Train Epoch: 1 [5120/60000 (9%)]	Loss: 209.965805
[2022-10-20 00:47:29] PRINT Train Epoch: 1 [6400/60000 (11%)]	Loss: 209.068100
[2022-10-20 00:47:30] PRINT Train Epoch: 1 [7680/60000 (13%)]	Loss: 206.847244
[2022-10-20 00:47:30] PRINT Train Epoch: 1 [8960/60000 (15%)]	Loss: 210.669739
[2022-10-20 00:47:30] PRINT Train Epoch: 1 [10240/60000 (17%)]	Loss: 204.008957
[2022-10-20 00:47:30] PRINT Train Epoch: 1 [11520/60000 (19%)]	Loss: 203.251450
[2022-10-20 00:47:31] PRINT Train Epoch: 1 [12800/60000 (21%)]	Loss: 200.387955
[2022-10-20 00:47:31] PRINT Train Epoch: 1 [14080/60000 (23%)]	Loss: 194.133682
[2022-10-20 00:47:31] PRINT Train Epoch: 1 [15360/60000 (26%)]	Loss: 211.418243
[2022-10-20 00:47:32] PRINT Train Epoch: 1 [16640/60000 (28%)]	Loss: 203.464569
[2022-10-20 00:47:32] PRINT Train Epoch: 1 [17920/60000 (30%)]	Loss: 216.834946
[2022-10-20 00:47:32] PRINT Train Epoch: 1 [19200/60000 (32%)]	Loss: 216.469437
[2022-10-20 00:47:33] PRINT Train Epoch: 1 [20480/60000 (34%)]	Loss: 203.178574
[2022-10-20 00:47:33] PRINT Train Epoch: 1 [21760/60000 (36%)]	Loss: 203.092117
[2022-10-20 00:47:33] PRINT Train Epoch: 1 [23040/60000 (38%)]	Loss: 198.714859
[2022-10-20 00:47:34] PRINT Train Epoch: 1 [24320/60000 (41%)]	Loss: 205.513245
[2022-10-20 00:47:34] PRINT Train Epoch: 1 [25600/60000 (43%)]	Loss: 205.529907
[2022-10-20 00:47:34] PRINT Train Epoch: 1 [26880/60000 (45%)]	Loss: 199.361328
[2022-10-20 00:47:34] PRINT Train Epoch: 1 [28160/60000 (47%)]	Loss: 198.115326
[2022-10-20 00:47:35] PRINT Train Epoch: 1 [29440/60000 (49%)]	Loss: 209.655899
[2022-10-20 00:47:35] PRINT Train Epoch: 1 [30720/60000 (51%)]	Loss: 201.641449
[2022-10-20 00:47:35] PRINT Train Epoch: 1 [32000/60000 (53%)]	Loss: 199.861191
[2022-10-20 00:47:36] PRINT Train Epoch: 1 [33280/60000 (55%)]	Loss: 193.500824
[2022-10-20 00:47:36] PRINT Train Epoch: 1 [34560/60000 (58%)]	Loss: 203.629898
[2022-10-20 00:47:36] PRINT Train Epoch: 1 [35840/60000 (60%)]	Loss: 197.801712
[2022-10-20 00:47:37] PRINT Train Epoch: 1 [37120/60000 (62%)]	Loss: 192.518478
[2022-10-20 00:47:37] PRINT Train Epoch: 1 [38400/60000 (64%)]	Loss: 198.582123
[2022-10-20 00:47:37] PRINT Train Epoch: 1 [39680/60000 (66%)]	Loss: 196.136322
[2022-10-20 00:47:38] PRINT Train Epoch: 1 [40960/60000 (68%)]	Loss: 196.537964
[2022-10-20 00:47:38] PRINT Train Epoch: 1 [42240/60000 (70%)]	Loss: 192.393036
[2022-10-20 00:47:38] PRINT Train Epoch: 1 [43520/60000 (72%)]	Loss: 192.056351
[2022-10-20 00:47:39] PRINT Train Epoch: 1 [44800/60000 (75%)]	Loss: 199.851471
[2022-10-20 00:47:39] PRINT Train Epoch: 1 [46080/60000 (77%)]	Loss: 192.326492
[2022-10-20 00:47:39] PRINT Train Epoch: 1 [47360/60000 (79%)]	Loss: 196.817734
[2022-10-20 00:47:39] PRINT Train Epoch: 1 [48640/60000 (81%)]	Loss: 195.611938
[2022-10-20 00:47:40] PRINT Train Epoch: 1 [49920/60000 (83%)]	Loss: 197.162292
[2022-10-20 00:47:40] PRINT Train Epoch: 1 [51200/60000 (85%)]	Loss: 200.549103
[2022-10-20 00:47:40] PRINT Train Epoch: 1 [52480/60000 (87%)]	Loss: 189.776611
[2022-10-20 00:47:41] PRINT Train Epoch: 1 [53760/60000 (90%)]	Loss: 194.721191
[2022-10-20 00:47:41] PRINT Train Epoch: 1 [55040/60000 (92%)]	Loss: 184.620529
[2022-10-20 00:47:41] PRINT Train Epoch: 1 [56320/60000 (94%)]	Loss: 192.356003
[2022-10-20 00:47:42] PRINT Train Epoch: 1 [57600/60000 (96%)]	Loss: 184.890991
[2022-10-20 00:47:42] PRINT Train Epoch: 1 [58880/60000 (98%)]	Loss: 182.542725
[2022-10-20 00:47:42] PRINT ====> Epoch: 1 Average loss: 315.4376
[2022-10-20 00:47:45] PRINT ====> Test set loss: 191.8905
[2022-10-20 00:47:45] PRINT Train Epoch: 2 [0/60000 (0%)]	Loss: 191.314499
[2022-10-20 00:47:45] PRINT Train Epoch: 2 [1280/60000 (2%)]	Loss: 185.397476
[2022-10-20 00:47:46] PRINT Train Epoch: 2 [2560/60000 (4%)]	Loss: 193.323303
[2022-10-20 00:47:46] PRINT Train Epoch: 2 [3840/60000 (6%)]	Loss: 189.791290
[2022-10-20 00:47:46] PRINT Train Epoch: 2 [5120/60000 (9%)]	Loss: 184.428894
[2022-10-20 00:47:46] PRINT Train Epoch: 2 [6400/60000 (11%)]	Loss: 192.712738
[2022-10-20 00:47:47] PRINT Train Epoch: 2 [7680/60000 (13%)]	Loss: 190.407654
[2022-10-20 00:47:47] PRINT Train Epoch: 2 [8960/60000 (15%)]	Loss: 191.933578
[2022-10-20 00:47:47] PRINT Train Epoch: 2 [10240/60000 (17%)]	Loss: 191.592575
[2022-10-20 00:47:48] PRINT Train Epoch: 2 [11520/60000 (19%)]	Loss: 188.837631
[2022-10-20 00:47:48] PRINT Train Epoch: 2 [12800/60000 (21%)]	Loss: 194.091156
[2022-10-20 00:47:48] PRINT Train Epoch: 2 [14080/60000 (23%)]	Loss: 195.848343
[2022-10-20 00:47:49] PRINT Train Epoch: 2 [15360/60000 (26%)]	Loss: 187.899719
[2022-10-20 00:47:49] PRINT Train Epoch: 2 [16640/60000 (28%)]	Loss: 187.035385
[2022-10-20 00:47:49] PRINT Train Epoch: 2 [17920/60000 (30%)]	Loss: 187.924850
[2022-10-20 00:47:50] PRINT Train Epoch: 2 [19200/60000 (32%)]	Loss: 193.653046
[2022-10-20 00:47:50] PRINT Train Epoch: 2 [20480/60000 (34%)]	Loss: 191.205490
[2022-10-20 00:47:50] PRINT Train Epoch: 2 [21760/60000 (36%)]	Loss: 199.537292
[2022-10-20 00:47:51] PRINT Train Epoch: 2 [23040/60000 (38%)]	Loss: 188.315628
[2022-10-20 00:47:51] PRINT Train Epoch: 2 [24320/60000 (41%)]	Loss: 189.498932
[2022-10-20 00:47:51] PRINT Train Epoch: 2 [25600/60000 (43%)]	Loss: 198.062759
[2022-10-20 00:47:51] PRINT Train Epoch: 2 [26880/60000 (45%)]	Loss: 194.809143
[2022-10-20 00:47:52] PRINT Train Epoch: 2 [28160/60000 (47%)]	Loss: 187.949982
[2022-10-20 00:47:52] PRINT Train Epoch: 2 [29440/60000 (49%)]	Loss: 189.648209
[2022-10-20 00:47:52] PRINT Train Epoch: 2 [30720/60000 (51%)]	Loss: 191.753479
[2022-10-20 00:47:53] PRINT Train Epoch: 2 [32000/60000 (53%)]	Loss: 186.772430
[2022-10-20 00:47:53] PRINT Train Epoch: 2 [33280/60000 (55%)]	Loss: 197.339142
[2022-10-20 00:47:53] PRINT Train Epoch: 2 [34560/60000 (58%)]	Loss: 195.580475
[2022-10-20 00:47:54] PRINT Train Epoch: 2 [35840/60000 (60%)]	Loss: 187.677750
[2022-10-20 00:47:54] PRINT Train Epoch: 2 [37120/60000 (62%)]	Loss: 189.320862
[2022-10-20 00:47:54] PRINT Train Epoch: 2 [38400/60000 (64%)]	Loss: 187.403458
[2022-10-20 00:47:55] PRINT Train Epoch: 2 [39680/60000 (66%)]	Loss: 180.532104
[2022-10-20 00:47:55] PRINT Train Epoch: 2 [40960/60000 (68%)]	Loss: 186.176910
[2022-10-20 00:47:55] PRINT Train Epoch: 2 [42240/60000 (70%)]	Loss: 189.874542
[2022-10-20 00:47:55] PRINT Train Epoch: 2 [43520/60000 (72%)]	Loss: 186.512924
[2022-10-20 00:47:56] PRINT Train Epoch: 2 [44800/60000 (75%)]	Loss: 186.898193
[2022-10-20 00:47:56] PRINT Train Epoch: 2 [46080/60000 (77%)]	Loss: 184.050797
[2022-10-20 00:47:56] PRINT Train Epoch: 2 [47360/60000 (79%)]	Loss: 182.726608
[2022-10-20 00:47:57] PRINT Train Epoch: 2 [48640/60000 (81%)]	Loss: 194.712708
[2022-10-20 00:47:57] PRINT Train Epoch: 2 [49920/60000 (83%)]	Loss: 190.289642
[2022-10-20 00:47:57] PRINT Train Epoch: 2 [51200/60000 (85%)]	Loss: 183.570282
[2022-10-20 00:47:58] PRINT Train Epoch: 2 [52480/60000 (87%)]	Loss: 192.280121
[2022-10-20 00:47:58] PRINT Train Epoch: 2 [53760/60000 (90%)]	Loss: 189.890976
[2022-10-20 00:47:58] PRINT Train Epoch: 2 [55040/60000 (92%)]	Loss: 195.728424
[2022-10-20 00:47:59] PRINT Train Epoch: 2 [56320/60000 (94%)]	Loss: 194.377716
[2022-10-20 00:47:59] PRINT Train Epoch: 2 [57600/60000 (96%)]	Loss: 183.454788
[2022-10-20 00:47:59] PRINT Train Epoch: 2 [58880/60000 (98%)]	Loss: 184.426392
[2022-10-20 00:47:59] PRINT ====> Epoch: 2 Average loss: 189.7736
[2022-10-20 00:48:02] PRINT ====> Test set loss: 187.4961
[2022-10-20 00:48:02] PRINT Train Epoch: 3 [0/60000 (0%)]	Loss: 184.970322
[2022-10-20 00:48:02] PRINT Train Epoch: 3 [1280/60000 (2%)]	Loss: 183.843933
[2022-10-20 00:48:03] PRINT Train Epoch: 3 [2560/60000 (4%)]	Loss: 190.662033
[2022-10-20 00:48:03] PRINT Train Epoch: 3 [3840/60000 (6%)]	Loss: 192.976898
[2022-10-20 00:48:03] PRINT Train Epoch: 3 [5120/60000 (9%)]	Loss: 190.153046
[2022-10-20 00:48:04] PRINT Train Epoch: 3 [6400/60000 (11%)]	Loss: 188.285233
[2022-10-20 00:48:04] PRINT Train Epoch: 3 [7680/60000 (13%)]	Loss: 189.641510
[2022-10-20 00:48:04] PRINT Train Epoch: 3 [8960/60000 (15%)]	Loss: 183.766479
[2022-10-20 00:48:05] PRINT Train Epoch: 3 [10240/60000 (17%)]	Loss: 190.916199
[2022-10-20 00:48:05] PRINT Train Epoch: 3 [11520/60000 (19%)]	Loss: 181.322510
[2022-10-20 00:48:05] PRINT Train Epoch: 3 [12800/60000 (21%)]	Loss: 193.126648
[2022-10-20 00:48:06] PRINT Train Epoch: 3 [14080/60000 (23%)]	Loss: 193.314529
[2022-10-20 00:48:06] PRINT Train Epoch: 3 [15360/60000 (26%)]	Loss: 190.847885
[2022-10-20 00:48:06] PRINT Train Epoch: 3 [16640/60000 (28%)]	Loss: 190.777054
[2022-10-20 00:48:07] PRINT Train Epoch: 3 [17920/60000 (30%)]	Loss: 189.553925
[2022-10-20 00:48:07] PRINT Train Epoch: 3 [19200/60000 (32%)]	Loss: 186.367218
[2022-10-20 00:48:07] PRINT Train Epoch: 3 [20480/60000 (34%)]	Loss: 191.457611
[2022-10-20 00:48:08] PRINT Train Epoch: 3 [21760/60000 (36%)]	Loss: 190.280975
[2022-10-20 00:48:08] PRINT Train Epoch: 3 [23040/60000 (38%)]	Loss: 180.128906
[2022-10-20 00:48:08] PRINT Train Epoch: 3 [24320/60000 (41%)]	Loss: 188.423676
[2022-10-20 00:48:09] PRINT Train Epoch: 3 [25600/60000 (43%)]	Loss: 187.249313
[2022-10-20 00:48:09] PRINT Train Epoch: 3 [26880/60000 (45%)]	Loss: 183.343506
[2022-10-20 00:48:09] PRINT Train Epoch: 3 [28160/60000 (47%)]	Loss: 181.651154
[2022-10-20 00:48:10] PRINT Train Epoch: 3 [29440/60000 (49%)]	Loss: 191.757599
[2022-10-20 00:48:10] PRINT Train Epoch: 3 [30720/60000 (51%)]	Loss: 191.297287
[2022-10-20 00:48:10] PRINT Train Epoch: 3 [32000/60000 (53%)]	Loss: 194.335175
[2022-10-20 00:48:10] PRINT Train Epoch: 3 [33280/60000 (55%)]	Loss: 191.842407
[2022-10-20 00:48:11] PRINT Train Epoch: 3 [34560/60000 (58%)]	Loss: 199.066818
[2022-10-20 00:48:11] PRINT Train Epoch: 3 [35840/60000 (60%)]	Loss: 189.818619
[2022-10-20 00:48:11] PRINT Train Epoch: 3 [37120/60000 (62%)]	Loss: 187.398422
[2022-10-20 00:48:12] PRINT Train Epoch: 3 [38400/60000 (64%)]	Loss: 180.882278
[2022-10-20 00:48:12] PRINT Train Epoch: 3 [39680/60000 (66%)]	Loss: 198.637024
[2022-10-20 00:48:12] PRINT Train Epoch: 3 [40960/60000 (68%)]	Loss: 191.901093
[2022-10-20 00:48:13] PRINT Train Epoch: 3 [42240/60000 (70%)]	Loss: 187.169250
[2022-10-20 00:48:13] PRINT Train Epoch: 3 [43520/60000 (72%)]	Loss: 185.683426
[2022-10-20 00:48:13] PRINT Train Epoch: 3 [44800/60000 (75%)]	Loss: 187.407883
[2022-10-20 00:48:14] PRINT Train Epoch: 3 [46080/60000 (77%)]	Loss: 188.609467
[2022-10-20 00:48:14] PRINT Train Epoch: 3 [47360/60000 (79%)]	Loss: 187.307281
[2022-10-20 00:48:14] PRINT Train Epoch: 3 [48640/60000 (81%)]	Loss: 181.634750
[2022-10-20 00:48:15] PRINT Train Epoch: 3 [49920/60000 (83%)]	Loss: 181.341965
[2022-10-20 00:48:15] PRINT Train Epoch: 3 [51200/60000 (85%)]	Loss: 183.949417
[2022-10-20 00:48:15] PRINT Train Epoch: 3 [52480/60000 (87%)]	Loss: 187.041153
[2022-10-20 00:48:15] PRINT Train Epoch: 3 [53760/60000 (90%)]	Loss: 196.398407
[2022-10-20 00:48:16] PRINT Train Epoch: 3 [55040/60000 (92%)]	Loss: 193.691467
[2022-10-20 00:48:16] PRINT Train Epoch: 3 [56320/60000 (94%)]	Loss: 186.760147
[2022-10-20 00:48:16] PRINT Train Epoch: 3 [57600/60000 (96%)]	Loss: 189.109802
[2022-10-20 00:48:17] PRINT Train Epoch: 3 [58880/60000 (98%)]	Loss: 186.353516
[2022-10-20 00:48:17] PRINT ====> Epoch: 3 Average loss: 187.7660
[2022-10-20 00:48:20] PRINT ====> Test set loss: 189.0498
[2022-10-20 00:48:20] PRINT Train Epoch: 4 [0/60000 (0%)]	Loss: 188.960373
[2022-10-20 00:48:20] PRINT Train Epoch: 4 [1280/60000 (2%)]	Loss: 190.195541
[2022-10-20 00:48:20] PRINT Train Epoch: 4 [2560/60000 (4%)]	Loss: 191.010315
[2022-10-20 00:48:21] PRINT Train Epoch: 4 [3840/60000 (6%)]	Loss: 188.713043
[2022-10-20 00:48:21] PRINT Train Epoch: 4 [5120/60000 (9%)]	Loss: 182.309509
[2022-10-20 00:48:21] PRINT Train Epoch: 4 [6400/60000 (11%)]	Loss: 183.725281
[2022-10-20 00:48:22] PRINT Train Epoch: 4 [7680/60000 (13%)]	Loss: 184.139694
[2022-10-20 00:48:22] PRINT Train Epoch: 4 [8960/60000 (15%)]	Loss: 190.277313
[2022-10-20 00:48:22] PRINT Train Epoch: 4 [10240/60000 (17%)]	Loss: 192.447510
[2022-10-20 00:48:23] PRINT Train Epoch: 4 [11520/60000 (19%)]	Loss: 186.939606
[2022-10-20 00:48:23] PRINT Train Epoch: 4 [12800/60000 (21%)]	Loss: 184.662628
[2022-10-20 00:48:23] PRINT Train Epoch: 4 [14080/60000 (23%)]	Loss: 186.968811
[2022-10-20 00:48:24] PRINT Train Epoch: 4 [15360/60000 (26%)]	Loss: 199.950851
[2022-10-20 00:48:24] PRINT Train Epoch: 4 [16640/60000 (28%)]	Loss: 191.251114
[2022-10-20 00:48:24] PRINT Train Epoch: 4 [17920/60000 (30%)]	Loss: 188.207397
[2022-10-20 00:48:24] PRINT Train Epoch: 4 [19200/60000 (32%)]	Loss: 199.233002
[2022-10-20 00:48:25] PRINT Train Epoch: 4 [20480/60000 (34%)]	Loss: 202.942719
[2022-10-20 00:48:25] PRINT Train Epoch: 4 [21760/60000 (36%)]	Loss: 187.177353
[2022-10-20 00:48:25] PRINT Train Epoch: 4 [23040/60000 (38%)]	Loss: 188.702148
[2022-10-20 00:48:26] PRINT Train Epoch: 4 [24320/60000 (41%)]	Loss: 191.087524
[2022-10-20 00:48:26] PRINT Train Epoch: 4 [25600/60000 (43%)]	Loss: 190.989731
[2022-10-20 00:48:26] PRINT Train Epoch: 4 [26880/60000 (45%)]	Loss: 191.399033
[2022-10-20 00:48:27] PRINT Train Epoch: 4 [28160/60000 (47%)]	Loss: 193.430374
[2022-10-20 00:48:27] PRINT Train Epoch: 4 [29440/60000 (49%)]	Loss: 184.174362
[2022-10-20 00:48:27] PRINT Train Epoch: 4 [30720/60000 (51%)]	Loss: 188.773392
[2022-10-20 00:48:28] PRINT Train Epoch: 4 [32000/60000 (53%)]	Loss: 184.045868
[2022-10-20 00:48:28] PRINT Train Epoch: 4 [33280/60000 (55%)]	Loss: 183.694946
[2022-10-20 00:48:28] PRINT Train Epoch: 4 [34560/60000 (58%)]	Loss: 181.739120
[2022-10-20 00:48:28] PRINT Train Epoch: 4 [35840/60000 (60%)]	Loss: 183.560394
[2022-10-20 00:48:29] PRINT Train Epoch: 4 [37120/60000 (62%)]	Loss: 193.483749
[2022-10-20 00:48:29] PRINT Train Epoch: 4 [38400/60000 (64%)]	Loss: 189.044052
[2022-10-20 00:48:29] PRINT Train Epoch: 4 [39680/60000 (66%)]	Loss: 180.620560
[2022-10-20 00:48:30] PRINT Train Epoch: 4 [40960/60000 (68%)]	Loss: 193.503143
[2022-10-20 00:48:30] PRINT Train Epoch: 4 [42240/60000 (70%)]	Loss: 195.437668
[2022-10-20 00:48:30] PRINT Train Epoch: 4 [43520/60000 (72%)]	Loss: 175.733002
[2022-10-20 00:48:31] PRINT Train Epoch: 4 [44800/60000 (75%)]	Loss: 181.192764
[2022-10-20 00:48:31] PRINT Train Epoch: 4 [46080/60000 (77%)]	Loss: 191.723068
[2022-10-20 00:48:31] PRINT Train Epoch: 4 [47360/60000 (79%)]	Loss: 180.571533
[2022-10-20 00:48:32] PRINT Train Epoch: 4 [48640/60000 (81%)]	Loss: 185.850525
[2022-10-20 00:48:32] PRINT Train Epoch: 4 [49920/60000 (83%)]	Loss: 180.268402
[2022-10-20 00:48:32] PRINT Train Epoch: 4 [51200/60000 (85%)]	Loss: 177.400513
[2022-10-20 00:48:32] PRINT Train Epoch: 4 [52480/60000 (87%)]	Loss: 188.633667
[2022-10-20 00:48:33] PRINT Train Epoch: 4 [53760/60000 (90%)]	Loss: 183.435989
[2022-10-20 00:48:33] PRINT Train Epoch: 4 [55040/60000 (92%)]	Loss: 184.918823
[2022-10-20 00:48:33] PRINT Train Epoch: 4 [56320/60000 (94%)]	Loss: 169.750031
[2022-10-20 00:48:34] PRINT Train Epoch: 4 [57600/60000 (96%)]	Loss: 183.915741
[2022-10-20 00:48:34] PRINT Train Epoch: 4 [58880/60000 (98%)]	Loss: 184.041809
[2022-10-20 00:48:34] PRINT ====> Epoch: 4 Average loss: 187.5456
[2022-10-20 00:48:37] PRINT ====> Test set loss: 188.1514
[2022-10-20 00:48:37] PRINT Train Epoch: 5 [0/60000 (0%)]	Loss: 190.643402
[2022-10-20 00:48:37] PRINT Train Epoch: 5 [1280/60000 (2%)]	Loss: 197.714340
[2022-10-20 00:48:38] PRINT Train Epoch: 5 [2560/60000 (4%)]	Loss: 189.821686
[2022-10-20 00:48:38] PRINT Train Epoch: 5 [3840/60000 (6%)]	Loss: 175.281906
[2022-10-20 00:48:38] PRINT Train Epoch: 5 [5120/60000 (9%)]	Loss: 177.118103
[2022-10-20 00:48:39] PRINT Train Epoch: 5 [6400/60000 (11%)]	Loss: 179.389130
[2022-10-20 00:48:39] PRINT Train Epoch: 5 [7680/60000 (13%)]	Loss: 181.518311
[2022-10-20 00:48:39] PRINT Train Epoch: 5 [8960/60000 (15%)]	Loss: 189.044662
[2022-10-20 00:48:40] PRINT Train Epoch: 5 [10240/60000 (17%)]	Loss: 187.858398
[2022-10-20 00:48:40] PRINT Train Epoch: 5 [11520/60000 (19%)]	Loss: 181.826782
[2022-10-20 00:48:40] PRINT Train Epoch: 5 [12800/60000 (21%)]	Loss: 190.018555
[2022-10-20 00:48:41] PRINT Train Epoch: 5 [14080/60000 (23%)]	Loss: 186.861435
[2022-10-20 00:48:41] PRINT Train Epoch: 5 [15360/60000 (26%)]	Loss: 184.129318
[2022-10-20 00:48:41] PRINT Train Epoch: 5 [16640/60000 (28%)]	Loss: 190.574310
[2022-10-20 00:48:42] PRINT Train Epoch: 5 [17920/60000 (30%)]	Loss: 186.640976
[2022-10-20 00:48:42] PRINT Train Epoch: 5 [19200/60000 (32%)]	Loss: 192.067276
[2022-10-20 00:48:42] PRINT Train Epoch: 5 [20480/60000 (34%)]	Loss: 187.768311
[2022-10-20 00:48:43] PRINT Train Epoch: 5 [21760/60000 (36%)]	Loss: 190.692947
[2022-10-20 00:48:43] PRINT Train Epoch: 5 [23040/60000 (38%)]	Loss: 186.650864
[2022-10-20 00:48:43] PRINT Train Epoch: 5 [24320/60000 (41%)]	Loss: 188.719421
[2022-10-20 00:48:44] PRINT Train Epoch: 5 [25600/60000 (43%)]	Loss: 176.435013
[2022-10-20 00:48:44] PRINT Train Epoch: 5 [26880/60000 (45%)]	Loss: 186.065048
[2022-10-20 00:48:44] PRINT Train Epoch: 5 [28160/60000 (47%)]	Loss: 185.499008
[2022-10-20 00:48:44] PRINT Train Epoch: 5 [29440/60000 (49%)]	Loss: 185.610779
[2022-10-20 00:48:45] PRINT Train Epoch: 5 [30720/60000 (51%)]	Loss: 182.405624
[2022-10-20 00:48:45] PRINT Train Epoch: 5 [32000/60000 (53%)]	Loss: 189.615616
[2022-10-20 00:48:45] PRINT Train Epoch: 5 [33280/60000 (55%)]	Loss: 193.370529
[2022-10-20 00:48:46] PRINT Train Epoch: 5 [34560/60000 (58%)]	Loss: 190.757217
[2022-10-20 00:48:46] PRINT Train Epoch: 5 [35840/60000 (60%)]	Loss: 183.559586
[2022-10-20 00:48:46] PRINT Train Epoch: 5 [37120/60000 (62%)]	Loss: 181.629227
[2022-10-20 00:48:47] PRINT Train Epoch: 5 [38400/60000 (64%)]	Loss: 183.006622
[2022-10-20 00:48:47] PRINT Train Epoch: 5 [39680/60000 (66%)]	Loss: 187.801437
[2022-10-20 00:48:47] PRINT Train Epoch: 5 [40960/60000 (68%)]	Loss: 181.142319
[2022-10-20 00:48:48] PRINT Train Epoch: 5 [42240/60000 (70%)]	Loss: 189.084045
[2022-10-20 00:48:48] PRINT Train Epoch: 5 [43520/60000 (72%)]	Loss: 180.288467
[2022-10-20 00:48:48] PRINT Train Epoch: 5 [44800/60000 (75%)]	Loss: 180.561447
[2022-10-20 00:48:49] PRINT Train Epoch: 5 [46080/60000 (77%)]	Loss: 172.924500
[2022-10-20 00:48:49] PRINT Train Epoch: 5 [47360/60000 (79%)]	Loss: 198.376984
[2022-10-20 00:48:49] PRINT Train Epoch: 5 [48640/60000 (81%)]	Loss: 190.608093
[2022-10-20 00:48:49] PRINT Train Epoch: 5 [49920/60000 (83%)]	Loss: 191.554169
[2022-10-20 00:48:50] PRINT Train Epoch: 5 [51200/60000 (85%)]	Loss: 194.097885
[2022-10-20 00:48:50] PRINT Train Epoch: 5 [52480/60000 (87%)]	Loss: 184.648422
[2022-10-20 00:48:50] PRINT Train Epoch: 5 [53760/60000 (90%)]	Loss: 185.411514
[2022-10-20 00:48:51] PRINT Train Epoch: 5 [55040/60000 (92%)]	Loss: 189.616150
[2022-10-20 00:48:51] PRINT Train Epoch: 5 [56320/60000 (94%)]	Loss: 190.235245
[2022-10-20 00:48:51] PRINT Train Epoch: 5 [57600/60000 (96%)]	Loss: 195.774048
[2022-10-20 00:48:52] PRINT Train Epoch: 5 [58880/60000 (98%)]	Loss: 193.101822
[2022-10-20 00:48:52] PRINT ====> Epoch: 5 Average loss: 187.8261
[2022-10-20 00:48:54] PRINT ====> Test set loss: 187.9930
[2022-10-20 00:48:55] PRINT Train Epoch: 6 [0/60000 (0%)]	Loss: 187.969482
[2022-10-20 00:48:55] PRINT Train Epoch: 6 [1280/60000 (2%)]	Loss: 190.797821
[2022-10-20 00:48:55] PRINT Train Epoch: 6 [2560/60000 (4%)]	Loss: 194.445389
[2022-10-20 00:48:56] PRINT Train Epoch: 6 [3840/60000 (6%)]	Loss: 192.041458
[2022-10-20 00:48:56] PRINT Train Epoch: 6 [5120/60000 (9%)]	Loss: 189.473145
[2022-10-20 00:48:56] PRINT Train Epoch: 6 [6400/60000 (11%)]	Loss: 195.434219
[2022-10-20 00:48:57] PRINT Train Epoch: 6 [7680/60000 (13%)]	Loss: 183.971420
[2022-10-20 00:48:57] PRINT Train Epoch: 6 [8960/60000 (15%)]	Loss: 183.797165
[2022-10-20 00:48:57] PRINT Train Epoch: 6 [10240/60000 (17%)]	Loss: 176.854691
[2022-10-20 00:48:58] PRINT Train Epoch: 6 [11520/60000 (19%)]	Loss: 188.173126
[2022-10-20 00:48:58] PRINT Train Epoch: 6 [12800/60000 (21%)]	Loss: 182.037262
[2022-10-20 00:48:58] PRINT Train Epoch: 6 [14080/60000 (23%)]	Loss: 191.067001
[2022-10-20 00:48:59] PRINT Train Epoch: 6 [15360/60000 (26%)]	Loss: 196.696091
[2022-10-20 00:48:59] PRINT Train Epoch: 6 [16640/60000 (28%)]	Loss: 190.066040
[2022-10-20 00:48:59] PRINT Train Epoch: 6 [17920/60000 (30%)]	Loss: 182.846313
[2022-10-20 00:48:59] PRINT Train Epoch: 6 [19200/60000 (32%)]	Loss: 187.430298
[2022-10-20 00:49:00] PRINT Train Epoch: 6 [20480/60000 (34%)]	Loss: 183.286789
[2022-10-20 00:49:00] PRINT Train Epoch: 6 [21760/60000 (36%)]	Loss: 190.181702
[2022-10-20 00:49:00] PRINT Train Epoch: 6 [23040/60000 (38%)]	Loss: 194.675354
[2022-10-20 00:49:01] PRINT Train Epoch: 6 [24320/60000 (41%)]	Loss: 188.984344
[2022-10-20 00:49:01] PRINT Train Epoch: 6 [25600/60000 (43%)]	Loss: 189.641022
[2022-10-20 00:49:01] PRINT Train Epoch: 6 [26880/60000 (45%)]	Loss: 179.565506
[2022-10-20 00:49:02] PRINT Train Epoch: 6 [28160/60000 (47%)]	Loss: 187.083298
[2022-10-20 00:49:02] PRINT Train Epoch: 6 [29440/60000 (49%)]	Loss: 188.048096
[2022-10-20 00:49:02] PRINT Train Epoch: 6 [30720/60000 (51%)]	Loss: 190.199112
[2022-10-20 00:49:03] PRINT Train Epoch: 6 [32000/60000 (53%)]	Loss: 190.798401
[2022-10-20 00:49:03] PRINT Train Epoch: 6 [33280/60000 (55%)]	Loss: 186.613449
[2022-10-20 00:49:03] PRINT Train Epoch: 6 [34560/60000 (58%)]	Loss: 195.943573
[2022-10-20 00:49:04] PRINT Train Epoch: 6 [35840/60000 (60%)]	Loss: 186.611877
[2022-10-20 00:49:04] PRINT Train Epoch: 6 [37120/60000 (62%)]	Loss: 189.962753
[2022-10-20 00:49:04] PRINT Train Epoch: 6 [38400/60000 (64%)]	Loss: 182.789886
[2022-10-20 00:49:04] PRINT Train Epoch: 6 [39680/60000 (66%)]	Loss: 181.575592
[2022-10-20 00:49:05] PRINT Train Epoch: 6 [40960/60000 (68%)]	Loss: 188.265091
[2022-10-20 00:49:05] PRINT Train Epoch: 6 [42240/60000 (70%)]	Loss: 193.703094
[2022-10-20 00:49:05] PRINT Train Epoch: 6 [43520/60000 (72%)]	Loss: 184.037338
[2022-10-20 00:49:06] PRINT Train Epoch: 6 [44800/60000 (75%)]	Loss: 186.379807
[2022-10-20 00:49:06] PRINT Train Epoch: 6 [46080/60000 (77%)]	Loss: 182.690445
[2022-10-20 00:49:06] PRINT Train Epoch: 6 [47360/60000 (79%)]	Loss: 188.093765
[2022-10-20 00:49:07] PRINT Train Epoch: 6 [48640/60000 (81%)]	Loss: 191.071854
[2022-10-20 00:49:07] PRINT Train Epoch: 6 [49920/60000 (83%)]	Loss: 182.637375
[2022-10-20 00:49:07] PRINT Train Epoch: 6 [51200/60000 (85%)]	Loss: 192.054932
[2022-10-20 00:49:07] PRINT Train Epoch: 6 [52480/60000 (87%)]	Loss: 182.784164
[2022-10-20 00:49:08] PRINT Train Epoch: 6 [53760/60000 (90%)]	Loss: 185.799973
[2022-10-20 00:49:08] PRINT Train Epoch: 6 [55040/60000 (92%)]	Loss: 189.139114
[2022-10-20 00:49:08] PRINT Train Epoch: 6 [56320/60000 (94%)]	Loss: 187.670013
[2022-10-20 00:49:09] PRINT Train Epoch: 6 [57600/60000 (96%)]	Loss: 190.466644
[2022-10-20 00:49:09] PRINT Train Epoch: 6 [58880/60000 (98%)]	Loss: 174.425369
[2022-10-20 00:49:09] PRINT ====> Epoch: 6 Average loss: 187.6566
[2022-10-20 00:49:12] PRINT ====> Test set loss: 186.2889
[2022-10-20 00:49:12] PRINT Train Epoch: 7 [0/60000 (0%)]	Loss: 181.063797
[2022-10-20 00:49:12] PRINT Train Epoch: 7 [1280/60000 (2%)]	Loss: 188.111176
[2022-10-20 00:49:13] PRINT Train Epoch: 7 [2560/60000 (4%)]	Loss: 189.947266
[2022-10-20 00:49:13] PRINT Train Epoch: 7 [3840/60000 (6%)]	Loss: 189.779587
[2022-10-20 00:49:13] PRINT Train Epoch: 7 [5120/60000 (9%)]	Loss: 190.809708
[2022-10-20 00:49:14] PRINT Train Epoch: 7 [6400/60000 (11%)]	Loss: 190.091248
[2022-10-20 00:49:14] PRINT Train Epoch: 7 [7680/60000 (13%)]	Loss: 183.203506
[2022-10-20 00:49:14] PRINT Train Epoch: 7 [8960/60000 (15%)]	Loss: 187.317856
[2022-10-20 00:49:14] PRINT Train Epoch: 7 [10240/60000 (17%)]	Loss: 182.205444
[2022-10-20 00:49:15] PRINT Train Epoch: 7 [11520/60000 (19%)]	Loss: 190.471542
[2022-10-20 00:49:15] PRINT Train Epoch: 7 [12800/60000 (21%)]	Loss: 190.770309
[2022-10-20 00:49:15] PRINT Train Epoch: 7 [14080/60000 (23%)]	Loss: 198.104904
[2022-10-20 00:49:16] PRINT Train Epoch: 7 [15360/60000 (26%)]	Loss: 196.874084
[2022-10-20 00:49:16] PRINT Train Epoch: 7 [16640/60000 (28%)]	Loss: 188.086578
[2022-10-20 00:49:16] PRINT Train Epoch: 7 [17920/60000 (30%)]	Loss: 183.256500
[2022-10-20 00:49:17] PRINT Train Epoch: 7 [19200/60000 (32%)]	Loss: 194.099762
[2022-10-20 00:49:17] PRINT Train Epoch: 7 [20480/60000 (34%)]	Loss: 184.677750
[2022-10-20 00:49:17] PRINT Train Epoch: 7 [21760/60000 (36%)]	Loss: 191.257706
[2022-10-20 00:49:18] PRINT Train Epoch: 7 [23040/60000 (38%)]	Loss: 180.554001
[2022-10-20 00:49:18] PRINT Train Epoch: 7 [24320/60000 (41%)]	Loss: 190.285645
[2022-10-20 00:49:18] PRINT Train Epoch: 7 [25600/60000 (43%)]	Loss: 187.304062
[2022-10-20 00:49:18] PRINT Train Epoch: 7 [26880/60000 (45%)]	Loss: 190.302475
[2022-10-20 00:49:19] PRINT Train Epoch: 7 [28160/60000 (47%)]	Loss: 191.032211
[2022-10-20 00:49:19] PRINT Train Epoch: 7 [29440/60000 (49%)]	Loss: 191.238541
[2022-10-20 00:49:19] PRINT Train Epoch: 7 [30720/60000 (51%)]	Loss: 189.194626
[2022-10-20 00:49:20] PRINT Train Epoch: 7 [32000/60000 (53%)]	Loss: 184.907166
[2022-10-20 00:49:20] PRINT Train Epoch: 7 [33280/60000 (55%)]	Loss: 193.757797
[2022-10-20 00:49:20] PRINT Train Epoch: 7 [34560/60000 (58%)]	Loss: 186.793503
[2022-10-20 00:49:21] PRINT Train Epoch: 7 [35840/60000 (60%)]	Loss: 186.145218
[2022-10-20 00:49:21] PRINT Train Epoch: 7 [37120/60000 (62%)]	Loss: 185.163864
[2022-10-20 00:49:21] PRINT Train Epoch: 7 [38400/60000 (64%)]	Loss: 190.683517
[2022-10-20 00:49:22] PRINT Train Epoch: 7 [39680/60000 (66%)]	Loss: 193.103043
[2022-10-20 00:49:22] PRINT Train Epoch: 7 [40960/60000 (68%)]	Loss: 186.749542
[2022-10-20 00:49:22] PRINT Train Epoch: 7 [42240/60000 (70%)]	Loss: 185.747971
[2022-10-20 00:49:22] PRINT Train Epoch: 7 [43520/60000 (72%)]	Loss: 192.922638
[2022-10-20 00:49:23] PRINT Train Epoch: 7 [44800/60000 (75%)]	Loss: 197.677689
[2022-10-20 00:49:23] PRINT Train Epoch: 7 [46080/60000 (77%)]	Loss: 189.553253
[2022-10-20 00:49:23] PRINT Train Epoch: 7 [47360/60000 (79%)]	Loss: 188.243973
[2022-10-20 00:49:24] PRINT Train Epoch: 7 [48640/60000 (81%)]	Loss: 194.930939
[2022-10-20 00:49:24] PRINT Train Epoch: 7 [49920/60000 (83%)]	Loss: 180.368774
[2022-10-20 00:49:24] PRINT Train Epoch: 7 [51200/60000 (85%)]	Loss: 187.099121
[2022-10-20 00:49:25] PRINT Train Epoch: 7 [52480/60000 (87%)]	Loss: 190.120087
[2022-10-20 00:49:25] PRINT Train Epoch: 7 [53760/60000 (90%)]	Loss: 191.143845
[2022-10-20 00:49:25] PRINT Train Epoch: 7 [55040/60000 (92%)]	Loss: 191.900925
[2022-10-20 00:49:26] PRINT Train Epoch: 7 [56320/60000 (94%)]	Loss: 180.031174
[2022-10-20 00:49:26] PRINT Train Epoch: 7 [57600/60000 (96%)]	Loss: 193.923889
[2022-10-20 00:49:26] PRINT Train Epoch: 7 [58880/60000 (98%)]	Loss: 193.712341
[2022-10-20 00:49:27] PRINT ====> Epoch: 7 Average loss: 188.0742
[2022-10-20 00:49:29] PRINT ====> Test set loss: 190.0513
[2022-10-20 00:49:29] PRINT Train Epoch: 8 [0/60000 (0%)]	Loss: 191.650650
[2022-10-20 00:49:30] PRINT Train Epoch: 8 [1280/60000 (2%)]	Loss: 188.756012
[2022-10-20 00:49:30] PRINT Train Epoch: 8 [2560/60000 (4%)]	Loss: 179.480225
[2022-10-20 00:49:30] PRINT Train Epoch: 8 [3840/60000 (6%)]	Loss: 189.184830
[2022-10-20 00:49:30] PRINT Train Epoch: 8 [5120/60000 (9%)]	Loss: 200.276428
[2022-10-20 00:49:31] PRINT Train Epoch: 8 [6400/60000 (11%)]	Loss: 192.353683
[2022-10-20 00:49:31] PRINT Train Epoch: 8 [7680/60000 (13%)]	Loss: 189.071899
[2022-10-20 00:49:31] PRINT Train Epoch: 8 [8960/60000 (15%)]	Loss: 182.082275
[2022-10-20 00:49:32] PRINT Train Epoch: 8 [10240/60000 (17%)]	Loss: 183.945999
[2022-10-20 00:49:32] PRINT Train Epoch: 8 [11520/60000 (19%)]	Loss: 181.303986
[2022-10-20 00:49:32] PRINT Train Epoch: 8 [12800/60000 (21%)]	Loss: 182.583618
[2022-10-20 00:49:33] PRINT Train Epoch: 8 [14080/60000 (23%)]	Loss: 189.563553
[2022-10-20 00:49:33] PRINT Train Epoch: 8 [15360/60000 (26%)]	Loss: 184.557037
[2022-10-20 00:49:33] PRINT Train Epoch: 8 [16640/60000 (28%)]	Loss: 188.431793
[2022-10-20 00:49:33] PRINT Train Epoch: 8 [17920/60000 (30%)]	Loss: 191.910324
[2022-10-20 00:49:34] PRINT Train Epoch: 8 [19200/60000 (32%)]	Loss: 184.199875
[2022-10-20 00:49:34] PRINT Train Epoch: 8 [20480/60000 (34%)]	Loss: 186.924454
[2022-10-20 00:49:34] PRINT Train Epoch: 8 [21760/60000 (36%)]	Loss: 189.544159
[2022-10-20 00:49:35] PRINT Train Epoch: 8 [23040/60000 (38%)]	Loss: 183.677002
[2022-10-20 00:49:35] PRINT Train Epoch: 8 [24320/60000 (41%)]	Loss: 189.511917
[2022-10-20 00:49:35] PRINT Train Epoch: 8 [25600/60000 (43%)]	Loss: 189.455338
[2022-10-20 00:49:36] PRINT Train Epoch: 8 [26880/60000 (45%)]	Loss: 185.565887
[2022-10-20 00:49:36] PRINT Train Epoch: 8 [28160/60000 (47%)]	Loss: 194.261459
[2022-10-20 00:49:36] PRINT Train Epoch: 8 [29440/60000 (49%)]	Loss: 188.815399
[2022-10-20 00:49:37] PRINT Train Epoch: 8 [30720/60000 (51%)]	Loss: 185.428955
[2022-10-20 00:49:37] PRINT Train Epoch: 8 [32000/60000 (53%)]	Loss: 186.512573
[2022-10-20 00:49:37] PRINT Train Epoch: 8 [33280/60000 (55%)]	Loss: 179.716339
[2022-10-20 00:49:38] PRINT Train Epoch: 8 [34560/60000 (58%)]	Loss: 192.254730
[2022-10-20 00:49:38] PRINT Train Epoch: 8 [35840/60000 (60%)]	Loss: 193.606232
[2022-10-20 00:49:38] PRINT Train Epoch: 8 [37120/60000 (62%)]	Loss: 179.857620
[2022-10-20 00:49:38] PRINT Train Epoch: 8 [38400/60000 (64%)]	Loss: 185.950470
[2022-10-20 00:49:39] PRINT Train Epoch: 8 [39680/60000 (66%)]	Loss: 184.449112
[2022-10-20 00:49:39] PRINT Train Epoch: 8 [40960/60000 (68%)]	Loss: 189.139648
[2022-10-20 00:49:39] PRINT Train Epoch: 8 [42240/60000 (70%)]	Loss: 183.016037
[2022-10-20 00:49:40] PRINT Train Epoch: 8 [43520/60000 (72%)]	Loss: 184.013260
[2022-10-20 00:49:40] PRINT Train Epoch: 8 [44800/60000 (75%)]	Loss: 192.518265
[2022-10-20 00:49:40] PRINT Train Epoch: 8 [46080/60000 (77%)]	Loss: 188.600876
[2022-10-20 00:49:41] PRINT Train Epoch: 8 [47360/60000 (79%)]	Loss: 188.071014
[2022-10-20 00:49:41] PRINT Train Epoch: 8 [48640/60000 (81%)]	Loss: 185.028976
[2022-10-20 00:49:41] PRINT Train Epoch: 8 [49920/60000 (83%)]	Loss: 192.212830
[2022-10-20 00:49:42] PRINT Train Epoch: 8 [51200/60000 (85%)]	Loss: 188.046829
[2022-10-20 00:49:42] PRINT Train Epoch: 8 [52480/60000 (87%)]	Loss: 187.416214
[2022-10-20 00:49:42] PRINT Train Epoch: 8 [53760/60000 (90%)]	Loss: 190.048553
[2022-10-20 00:49:42] PRINT Train Epoch: 8 [55040/60000 (92%)]	Loss: 185.578995
[2022-10-20 00:49:43] PRINT Train Epoch: 8 [56320/60000 (94%)]	Loss: 192.955429
[2022-10-20 00:49:43] PRINT Train Epoch: 8 [57600/60000 (96%)]	Loss: 191.069641
[2022-10-20 00:49:43] PRINT Train Epoch: 8 [58880/60000 (98%)]	Loss: 182.747299
[2022-10-20 00:49:44] PRINT ====> Epoch: 8 Average loss: 187.6733
[2022-10-20 00:49:46] PRINT ====> Test set loss: 188.1666
[2022-10-20 00:49:46] PRINT Train Epoch: 9 [0/60000 (0%)]	Loss: 196.561600
[2022-10-20 00:49:47] PRINT Train Epoch: 9 [1280/60000 (2%)]	Loss: 180.540604
[2022-10-20 00:49:47] PRINT Train Epoch: 9 [2560/60000 (4%)]	Loss: 191.251175
[2022-10-20 00:49:47] PRINT Train Epoch: 9 [3840/60000 (6%)]	Loss: 183.156097
[2022-10-20 00:49:48] PRINT Train Epoch: 9 [5120/60000 (9%)]	Loss: 187.323944
[2022-10-20 00:49:48] PRINT Train Epoch: 9 [6400/60000 (11%)]	Loss: 180.091370
[2022-10-20 00:49:48] PRINT Train Epoch: 9 [7680/60000 (13%)]	Loss: 192.672470
[2022-10-20 00:49:49] PRINT Train Epoch: 9 [8960/60000 (15%)]	Loss: 182.091644
[2022-10-20 00:49:49] PRINT Train Epoch: 9 [10240/60000 (17%)]	Loss: 188.630402
[2022-10-20 00:49:49] PRINT Train Epoch: 9 [11520/60000 (19%)]	Loss: 178.153931
[2022-10-20 00:49:50] PRINT Train Epoch: 9 [12800/60000 (21%)]	Loss: 198.647644
[2022-10-20 00:49:50] PRINT Train Epoch: 9 [14080/60000 (23%)]	Loss: 196.723724
[2022-10-20 00:49:50] PRINT Train Epoch: 9 [15360/60000 (26%)]	Loss: 186.964905
[2022-10-20 00:49:51] PRINT Train Epoch: 9 [16640/60000 (28%)]	Loss: 188.493179
[2022-10-20 00:49:51] PRINT Train Epoch: 9 [17920/60000 (30%)]	Loss: 180.033279
[2022-10-20 00:49:51] PRINT Train Epoch: 9 [19200/60000 (32%)]	Loss: 192.298157
[2022-10-20 00:49:52] PRINT Train Epoch: 9 [20480/60000 (34%)]	Loss: 186.994034
[2022-10-20 00:49:52] PRINT Train Epoch: 9 [21760/60000 (36%)]	Loss: 177.908768
[2022-10-20 00:49:52] PRINT Train Epoch: 9 [23040/60000 (38%)]	Loss: 190.835190
[2022-10-20 00:49:52] PRINT Train Epoch: 9 [24320/60000 (41%)]	Loss: 193.199738
[2022-10-20 00:49:53] PRINT Train Epoch: 9 [25600/60000 (43%)]	Loss: 182.887177
[2022-10-20 00:49:53] PRINT Train Epoch: 9 [26880/60000 (45%)]	Loss: 187.942398
[2022-10-20 00:49:53] PRINT Train Epoch: 9 [28160/60000 (47%)]	Loss: 178.869232
[2022-10-20 00:49:54] PRINT Train Epoch: 9 [29440/60000 (49%)]	Loss: 190.365601
[2022-10-20 00:49:54] PRINT Train Epoch: 9 [30720/60000 (51%)]	Loss: 178.907776
[2022-10-20 00:49:54] PRINT Train Epoch: 9 [32000/60000 (53%)]	Loss: 191.081131
[2022-10-20 00:49:55] PRINT Train Epoch: 9 [33280/60000 (55%)]	Loss: 175.544510
[2022-10-20 00:49:55] PRINT Train Epoch: 9 [34560/60000 (58%)]	Loss: 186.554169
[2022-10-20 00:49:55] PRINT Train Epoch: 9 [35840/60000 (60%)]	Loss: 186.150818
[2022-10-20 00:49:56] PRINT Train Epoch: 9 [37120/60000 (62%)]	Loss: 188.897812
[2022-10-20 00:49:56] PRINT Train Epoch: 9 [38400/60000 (64%)]	Loss: 189.730301
[2022-10-20 00:49:56] PRINT Train Epoch: 9 [39680/60000 (66%)]	Loss: 184.074905
[2022-10-20 00:49:57] PRINT Train Epoch: 9 [40960/60000 (68%)]	Loss: 185.222595
[2022-10-20 00:49:57] PRINT Train Epoch: 9 [42240/60000 (70%)]	Loss: 191.072052
[2022-10-20 00:49:57] PRINT Train Epoch: 9 [43520/60000 (72%)]	Loss: 188.198929
[2022-10-20 00:49:58] PRINT Train Epoch: 9 [44800/60000 (75%)]	Loss: 185.487335
[2022-10-20 00:49:58] PRINT Train Epoch: 9 [46080/60000 (77%)]	Loss: 193.238129
[2022-10-20 00:49:58] PRINT Train Epoch: 9 [47360/60000 (79%)]	Loss: 189.652344
[2022-10-20 00:49:59] PRINT Train Epoch: 9 [48640/60000 (81%)]	Loss: 197.955353
[2022-10-20 00:49:59] PRINT Train Epoch: 9 [49920/60000 (83%)]	Loss: 194.571274
[2022-10-20 00:49:59] PRINT Train Epoch: 9 [51200/60000 (85%)]	Loss: 186.947327
[2022-10-20 00:49:59] PRINT Train Epoch: 9 [52480/60000 (87%)]	Loss: 180.437790
[2022-10-20 00:50:00] PRINT Train Epoch: 9 [53760/60000 (90%)]	Loss: 184.444672
[2022-10-20 00:50:00] PRINT Train Epoch: 9 [55040/60000 (92%)]	Loss: 205.050156
[2022-10-20 00:50:00] PRINT Train Epoch: 9 [56320/60000 (94%)]	Loss: 190.769608
[2022-10-20 00:50:01] PRINT Train Epoch: 9 [57600/60000 (96%)]	Loss: 202.008911
[2022-10-20 00:50:01] PRINT Train Epoch: 9 [58880/60000 (98%)]	Loss: 195.825333
[2022-10-20 00:50:01] PRINT ====> Epoch: 9 Average loss: 188.3029
[2022-10-20 00:50:04] PRINT ====> Test set loss: 188.8363
[2022-10-20 00:50:04] PRINT Train Epoch: 10 [0/60000 (0%)]	Loss: 184.637146
[2022-10-20 00:50:04] PRINT Train Epoch: 10 [1280/60000 (2%)]	Loss: 185.263748
[2022-10-20 00:50:05] PRINT Train Epoch: 10 [2560/60000 (4%)]	Loss: 190.383194
[2022-10-20 00:50:05] PRINT Train Epoch: 10 [3840/60000 (6%)]	Loss: 191.505203
[2022-10-20 00:50:05] PRINT Train Epoch: 10 [5120/60000 (9%)]	Loss: 192.927887
[2022-10-20 00:50:06] PRINT Train Epoch: 10 [6400/60000 (11%)]	Loss: 190.857483
[2022-10-20 00:50:06] PRINT Train Epoch: 10 [7680/60000 (13%)]	Loss: 187.915848
[2022-10-20 00:50:06] PRINT Train Epoch: 10 [8960/60000 (15%)]	Loss: 192.022873
[2022-10-20 00:50:07] PRINT Train Epoch: 10 [10240/60000 (17%)]	Loss: 189.074905
[2022-10-20 00:50:07] PRINT Train Epoch: 10 [11520/60000 (19%)]	Loss: 189.992310
[2022-10-20 00:50:07] PRINT Train Epoch: 10 [12800/60000 (21%)]	Loss: 192.073792
[2022-10-20 00:50:07] PRINT Train Epoch: 10 [14080/60000 (23%)]	Loss: 189.781281
[2022-10-20 00:50:08] PRINT Train Epoch: 10 [15360/60000 (26%)]	Loss: 192.932510
[2022-10-20 00:50:08] PRINT Train Epoch: 10 [16640/60000 (28%)]	Loss: 191.770569
[2022-10-20 00:50:08] PRINT Train Epoch: 10 [17920/60000 (30%)]	Loss: 182.601379
[2022-10-20 00:50:09] PRINT Train Epoch: 10 [19200/60000 (32%)]	Loss: 182.169113
[2022-10-20 00:50:09] PRINT Train Epoch: 10 [20480/60000 (34%)]	Loss: 183.164169
[2022-10-20 00:50:09] PRINT Train Epoch: 10 [21760/60000 (36%)]	Loss: 191.183334
[2022-10-20 00:50:10] PRINT Train Epoch: 10 [23040/60000 (38%)]	Loss: 181.529739
[2022-10-20 00:50:10] PRINT Train Epoch: 10 [24320/60000 (41%)]	Loss: 197.356766
[2022-10-20 00:50:10] PRINT Train Epoch: 10 [25600/60000 (43%)]	Loss: 189.453598
[2022-10-20 00:50:11] PRINT Train Epoch: 10 [26880/60000 (45%)]	Loss: 185.003830
[2022-10-20 00:50:11] PRINT Train Epoch: 10 [28160/60000 (47%)]	Loss: 188.329742
[2022-10-20 00:50:11] PRINT Train Epoch: 10 [29440/60000 (49%)]	Loss: 186.635269
[2022-10-20 00:50:12] PRINT Train Epoch: 10 [30720/60000 (51%)]	Loss: 179.510696
[2022-10-20 00:50:12] PRINT Train Epoch: 10 [32000/60000 (53%)]	Loss: 185.642273
[2022-10-20 00:50:12] PRINT Train Epoch: 10 [33280/60000 (55%)]	Loss: 192.834732
[2022-10-20 00:50:13] PRINT Train Epoch: 10 [34560/60000 (58%)]	Loss: 192.867508
[2022-10-20 00:50:13] PRINT Train Epoch: 10 [35840/60000 (60%)]	Loss: 192.848389
[2022-10-20 00:50:13] PRINT Train Epoch: 10 [37120/60000 (62%)]	Loss: 188.262131
[2022-10-20 00:50:13] PRINT Train Epoch: 10 [38400/60000 (64%)]	Loss: 194.600159
[2022-10-20 00:50:14] PRINT Train Epoch: 10 [39680/60000 (66%)]	Loss: 194.520157
[2022-10-20 00:50:14] PRINT Train Epoch: 10 [40960/60000 (68%)]	Loss: 186.442032
[2022-10-20 00:50:14] PRINT Train Epoch: 10 [42240/60000 (70%)]	Loss: 198.161972
[2022-10-20 00:50:15] PRINT Train Epoch: 10 [43520/60000 (72%)]	Loss: 189.462479
[2022-10-20 00:50:15] PRINT Train Epoch: 10 [44800/60000 (75%)]	Loss: 191.755798
[2022-10-20 00:50:15] PRINT Train Epoch: 10 [46080/60000 (77%)]	Loss: 189.931915
[2022-10-20 00:50:16] PRINT Train Epoch: 10 [47360/60000 (79%)]	Loss: 190.251038
[2022-10-20 00:50:16] PRINT Train Epoch: 10 [48640/60000 (81%)]	Loss: 190.639801
[2022-10-20 00:50:16] PRINT Train Epoch: 10 [49920/60000 (83%)]	Loss: 184.746841
[2022-10-20 00:50:17] PRINT Train Epoch: 10 [51200/60000 (85%)]	Loss: 187.283630
[2022-10-20 00:50:17] PRINT Train Epoch: 10 [52480/60000 (87%)]	Loss: 189.882065
[2022-10-20 00:50:17] PRINT Train Epoch: 10 [53760/60000 (90%)]	Loss: 190.818542
[2022-10-20 00:50:18] PRINT Train Epoch: 10 [55040/60000 (92%)]	Loss: 191.547897
[2022-10-20 00:50:18] PRINT Train Epoch: 10 [56320/60000 (94%)]	Loss: 189.288376
[2022-10-20 00:50:18] PRINT Train Epoch: 10 [57600/60000 (96%)]	Loss: 184.770737
[2022-10-20 00:50:18] PRINT Train Epoch: 10 [58880/60000 (98%)]	Loss: 184.378265
[2022-10-20 00:50:19] PRINT ====> Epoch: 10 Average loss: 188.3356
[2022-10-20 00:50:21] PRINT ====> Test set loss: 187.3331
