[2022-10-20 01:16:54] PRINT {'features1': 400, 'features2': 20, 'lr': 0.06387947609226353, 'epsilon': 1e-06, 'TRIAL_BUDGET': 2}
[2022-10-20 01:16:54] PRINT Using cuda device
[2022-10-20 01:16:56] PRINT Train Epoch: 1 [0/60000 (0%)]	Loss: 550.513916
[2022-10-20 01:16:56] PRINT Train Epoch: 1 [1280/60000 (2%)]	Loss: 304.085052
[2022-10-20 01:16:56] PRINT Train Epoch: 1 [2560/60000 (4%)]	Loss: 226.795105
[2022-10-20 01:16:56] PRINT Train Epoch: 1 [3840/60000 (6%)]	Loss: 213.347672
[2022-10-20 01:16:56] PRINT Train Epoch: 1 [5120/60000 (9%)]	Loss: 209.723450
[2022-10-20 01:16:56] PRINT Train Epoch: 1 [6400/60000 (11%)]	Loss: 207.219849
[2022-10-20 01:16:56] PRINT Train Epoch: 1 [7680/60000 (13%)]	Loss: 207.083939
[2022-10-20 01:16:56] PRINT Train Epoch: 1 [8960/60000 (15%)]	Loss: 201.877914
[2022-10-20 01:16:56] PRINT Train Epoch: 1 [10240/60000 (17%)]	Loss: 204.827744
[2022-10-20 01:16:56] PRINT Train Epoch: 1 [11520/60000 (19%)]	Loss: 208.492432
[2022-10-20 01:16:57] PRINT Train Epoch: 1 [12800/60000 (21%)]	Loss: 201.275726
[2022-10-20 01:16:57] PRINT Train Epoch: 1 [14080/60000 (23%)]	Loss: 204.243591
[2022-10-20 01:16:57] PRINT Train Epoch: 1 [15360/60000 (26%)]	Loss: 218.588531
[2022-10-20 01:16:57] PRINT Train Epoch: 1 [16640/60000 (28%)]	Loss: 204.231308
[2022-10-20 01:16:57] PRINT Train Epoch: 1 [17920/60000 (30%)]	Loss: 202.988129
[2022-10-20 01:16:57] PRINT Train Epoch: 1 [19200/60000 (32%)]	Loss: 203.420105
[2022-10-20 01:16:57] PRINT Train Epoch: 1 [20480/60000 (34%)]	Loss: 202.996140
[2022-10-20 01:16:57] PRINT Train Epoch: 1 [21760/60000 (36%)]	Loss: 196.197098
[2022-10-20 01:16:57] PRINT Train Epoch: 1 [23040/60000 (38%)]	Loss: 209.023254
[2022-10-20 01:16:57] PRINT Train Epoch: 1 [24320/60000 (41%)]	Loss: 203.362213
[2022-10-20 01:16:57] PRINT Train Epoch: 1 [25600/60000 (43%)]	Loss: 207.233871
[2022-10-20 01:16:57] PRINT Train Epoch: 1 [26880/60000 (45%)]	Loss: 200.487259
[2022-10-20 01:16:58] PRINT Train Epoch: 1 [28160/60000 (47%)]	Loss: 203.471024
[2022-10-20 01:16:58] PRINT Train Epoch: 1 [29440/60000 (49%)]	Loss: 198.603653
[2022-10-20 01:16:58] PRINT Train Epoch: 1 [30720/60000 (51%)]	Loss: 194.248596
[2022-10-20 01:16:58] PRINT Train Epoch: 1 [32000/60000 (53%)]	Loss: 196.594940
[2022-10-20 01:16:58] PRINT Train Epoch: 1 [33280/60000 (55%)]	Loss: 203.183029
[2022-10-20 01:16:58] PRINT Train Epoch: 1 [34560/60000 (58%)]	Loss: 198.564667
[2022-10-20 01:16:58] PRINT Train Epoch: 1 [35840/60000 (60%)]	Loss: 195.483246
[2022-10-20 01:16:58] PRINT Train Epoch: 1 [37120/60000 (62%)]	Loss: 201.653946
[2022-10-20 01:16:58] PRINT Train Epoch: 1 [38400/60000 (64%)]	Loss: 195.970367
[2022-10-20 01:16:58] PRINT Train Epoch: 1 [39680/60000 (66%)]	Loss: 197.733566
[2022-10-20 01:16:58] PRINT Train Epoch: 1 [40960/60000 (68%)]	Loss: 205.453323
[2022-10-20 01:16:59] PRINT Train Epoch: 1 [42240/60000 (70%)]	Loss: 210.256424
[2022-10-20 01:16:59] PRINT Train Epoch: 1 [43520/60000 (72%)]	Loss: 205.853180
[2022-10-20 01:16:59] PRINT Train Epoch: 1 [44800/60000 (75%)]	Loss: 201.314529
[2022-10-20 01:16:59] PRINT Train Epoch: 1 [46080/60000 (77%)]	Loss: 205.145813
[2022-10-20 01:16:59] PRINT Train Epoch: 1 [47360/60000 (79%)]	Loss: 195.915787
[2022-10-20 01:16:59] PRINT Train Epoch: 1 [48640/60000 (81%)]	Loss: 195.805267
[2022-10-20 01:16:59] PRINT Train Epoch: 1 [49920/60000 (83%)]	Loss: 196.061996
[2022-10-20 01:16:59] PRINT Train Epoch: 1 [51200/60000 (85%)]	Loss: 198.018433
[2022-10-20 01:16:59] PRINT Train Epoch: 1 [52480/60000 (87%)]	Loss: 200.354263
[2022-10-20 01:16:59] PRINT Train Epoch: 1 [53760/60000 (90%)]	Loss: 208.926468
[2022-10-20 01:16:59] PRINT Train Epoch: 1 [55040/60000 (92%)]	Loss: 193.460083
[2022-10-20 01:16:59] PRINT Train Epoch: 1 [56320/60000 (94%)]	Loss: 206.986115
[2022-10-20 01:16:59] PRINT Train Epoch: 1 [57600/60000 (96%)]	Loss: 202.159454
[2022-10-20 01:17:00] PRINT Train Epoch: 1 [58880/60000 (98%)]	Loss: 202.592392
[2022-10-20 01:17:00] PRINT ====> Epoch: 1 Average loss: 277.0709
[2022-10-20 01:17:00] PRINT ====> Test set loss: 199.5773
[2022-10-20 01:17:00] PRINT Train Epoch: 2 [0/60000 (0%)]	Loss: 196.070709
[2022-10-20 01:17:00] PRINT Train Epoch: 2 [1280/60000 (2%)]	Loss: 201.739090
[2022-10-20 01:17:01] PRINT Train Epoch: 2 [2560/60000 (4%)]	Loss: 203.267868
[2022-10-20 01:17:01] PRINT Train Epoch: 2 [3840/60000 (6%)]	Loss: 199.312103
[2022-10-20 01:17:01] PRINT Train Epoch: 2 [5120/60000 (9%)]	Loss: 194.392807
[2022-10-20 01:17:01] PRINT Train Epoch: 2 [6400/60000 (11%)]	Loss: 196.534531
[2022-10-20 01:17:01] PRINT Train Epoch: 2 [7680/60000 (13%)]	Loss: 197.322128
[2022-10-20 01:17:01] PRINT Train Epoch: 2 [8960/60000 (15%)]	Loss: 202.361984
[2022-10-20 01:17:01] PRINT Train Epoch: 2 [10240/60000 (17%)]	Loss: 192.151962
[2022-10-20 01:17:01] PRINT Train Epoch: 2 [11520/60000 (19%)]	Loss: 202.280945
[2022-10-20 01:17:01] PRINT Train Epoch: 2 [12800/60000 (21%)]	Loss: 199.585297
[2022-10-20 01:17:01] PRINT Train Epoch: 2 [14080/60000 (23%)]	Loss: 197.019730
[2022-10-20 01:17:01] PRINT Train Epoch: 2 [15360/60000 (26%)]	Loss: 209.464737
[2022-10-20 01:17:02] PRINT Train Epoch: 2 [16640/60000 (28%)]	Loss: 192.899963
[2022-10-20 01:17:02] PRINT Train Epoch: 2 [17920/60000 (30%)]	Loss: 204.019379
[2022-10-20 01:17:02] PRINT Train Epoch: 2 [19200/60000 (32%)]	Loss: 198.870361
[2022-10-20 01:17:02] PRINT Train Epoch: 2 [20480/60000 (34%)]	Loss: 195.961639
[2022-10-20 01:17:02] PRINT Train Epoch: 2 [21760/60000 (36%)]	Loss: 199.010712
[2022-10-20 01:17:02] PRINT Train Epoch: 2 [23040/60000 (38%)]	Loss: 202.440384
[2022-10-20 01:17:02] PRINT Train Epoch: 2 [24320/60000 (41%)]	Loss: 204.024429
[2022-10-20 01:17:02] PRINT Train Epoch: 2 [25600/60000 (43%)]	Loss: 200.156158
[2022-10-20 01:17:02] PRINT Train Epoch: 2 [26880/60000 (45%)]	Loss: 199.417709
[2022-10-20 01:17:02] PRINT Train Epoch: 2 [28160/60000 (47%)]	Loss: 200.032181
[2022-10-20 01:17:02] PRINT Train Epoch: 2 [29440/60000 (49%)]	Loss: 198.763824
[2022-10-20 01:17:03] PRINT Train Epoch: 2 [30720/60000 (51%)]	Loss: 196.130844
[2022-10-20 01:17:03] PRINT Train Epoch: 2 [32000/60000 (53%)]	Loss: 189.263092
[2022-10-20 01:17:03] PRINT Train Epoch: 2 [33280/60000 (55%)]	Loss: 193.326477
[2022-10-20 01:17:03] PRINT Train Epoch: 2 [34560/60000 (58%)]	Loss: 209.113266
[2022-10-20 01:17:03] PRINT Train Epoch: 2 [35840/60000 (60%)]	Loss: 195.520584
[2022-10-20 01:17:03] PRINT Train Epoch: 2 [37120/60000 (62%)]	Loss: 195.827332
[2022-10-20 01:17:03] PRINT Train Epoch: 2 [38400/60000 (64%)]	Loss: 188.794952
[2022-10-20 01:17:03] PRINT Train Epoch: 2 [39680/60000 (66%)]	Loss: 197.102341
[2022-10-20 01:17:03] PRINT Train Epoch: 2 [40960/60000 (68%)]	Loss: 199.809433
[2022-10-20 01:17:03] PRINT Train Epoch: 2 [42240/60000 (70%)]	Loss: 200.668350
[2022-10-20 01:17:03] PRINT Train Epoch: 2 [43520/60000 (72%)]	Loss: 194.661438
[2022-10-20 01:17:04] PRINT Train Epoch: 2 [44800/60000 (75%)]	Loss: 191.179764
[2022-10-20 01:17:04] PRINT Train Epoch: 2 [46080/60000 (77%)]	Loss: 194.373978
[2022-10-20 01:17:04] PRINT Train Epoch: 2 [47360/60000 (79%)]	Loss: 202.875244
[2022-10-20 01:17:04] PRINT Train Epoch: 2 [48640/60000 (81%)]	Loss: 196.490616
[2022-10-20 01:17:04] PRINT Train Epoch: 2 [49920/60000 (83%)]	Loss: 199.639633
[2022-10-20 01:17:04] PRINT Train Epoch: 2 [51200/60000 (85%)]	Loss: 194.920349
[2022-10-20 01:17:04] PRINT Train Epoch: 2 [52480/60000 (87%)]	Loss: 194.145691
[2022-10-20 01:17:04] PRINT Train Epoch: 2 [53760/60000 (90%)]	Loss: 202.650177
[2022-10-20 01:17:04] PRINT Train Epoch: 2 [55040/60000 (92%)]	Loss: 196.123795
[2022-10-20 01:17:04] PRINT Train Epoch: 2 [56320/60000 (94%)]	Loss: 195.682907
[2022-10-20 01:17:04] PRINT Train Epoch: 2 [57600/60000 (96%)]	Loss: 200.132370
[2022-10-20 01:17:05] PRINT Train Epoch: 2 [58880/60000 (98%)]	Loss: 195.626312
[2022-10-20 01:17:05] PRINT ====> Epoch: 2 Average loss: 198.1022
[2022-10-20 01:17:05] PRINT ====> Test set loss: 197.5297
[2022-10-20 01:17:05] PRINT Train Epoch: 3 [0/60000 (0%)]	Loss: 202.073273
[2022-10-20 01:17:05] PRINT Train Epoch: 3 [1280/60000 (2%)]	Loss: 204.151123
[2022-10-20 01:17:05] PRINT Train Epoch: 3 [2560/60000 (4%)]	Loss: 194.459961
[2022-10-20 01:17:06] PRINT Train Epoch: 3 [3840/60000 (6%)]	Loss: 196.265961
[2022-10-20 01:17:06] PRINT Train Epoch: 3 [5120/60000 (9%)]	Loss: 198.737183
[2022-10-20 01:17:06] PRINT Train Epoch: 3 [6400/60000 (11%)]	Loss: 188.228287
[2022-10-20 01:17:06] PRINT Train Epoch: 3 [7680/60000 (13%)]	Loss: 200.309479
[2022-10-20 01:17:06] PRINT Train Epoch: 3 [8960/60000 (15%)]	Loss: 198.312775
[2022-10-20 01:17:06] PRINT Train Epoch: 3 [10240/60000 (17%)]	Loss: 201.163757
[2022-10-20 01:17:06] PRINT Train Epoch: 3 [11520/60000 (19%)]	Loss: 196.629333
[2022-10-20 01:17:06] PRINT Train Epoch: 3 [12800/60000 (21%)]	Loss: 196.403900
[2022-10-20 01:17:06] PRINT Train Epoch: 3 [14080/60000 (23%)]	Loss: 196.266068
[2022-10-20 01:17:06] PRINT Train Epoch: 3 [15360/60000 (26%)]	Loss: 192.440414
[2022-10-20 01:17:06] PRINT Train Epoch: 3 [16640/60000 (28%)]	Loss: 201.500900
[2022-10-20 01:17:07] PRINT Train Epoch: 3 [17920/60000 (30%)]	Loss: 192.526062
[2022-10-20 01:17:07] PRINT Train Epoch: 3 [19200/60000 (32%)]	Loss: 202.170547
[2022-10-20 01:17:07] PRINT Train Epoch: 3 [20480/60000 (34%)]	Loss: 201.072861
[2022-10-20 01:17:07] PRINT Train Epoch: 3 [21760/60000 (36%)]	Loss: 201.097977
[2022-10-20 01:17:07] PRINT Train Epoch: 3 [23040/60000 (38%)]	Loss: 198.181442
[2022-10-20 01:17:07] PRINT Train Epoch: 3 [24320/60000 (41%)]	Loss: 198.618439
[2022-10-20 01:17:07] PRINT Train Epoch: 3 [25600/60000 (43%)]	Loss: 200.153854
[2022-10-20 01:17:07] PRINT Train Epoch: 3 [26880/60000 (45%)]	Loss: 196.575455
[2022-10-20 01:17:07] PRINT Train Epoch: 3 [28160/60000 (47%)]	Loss: 195.288544
[2022-10-20 01:17:07] PRINT Train Epoch: 3 [29440/60000 (49%)]	Loss: 197.600906
[2022-10-20 01:17:08] PRINT Train Epoch: 3 [30720/60000 (51%)]	Loss: 200.274933
[2022-10-20 01:17:08] PRINT Train Epoch: 3 [32000/60000 (53%)]	Loss: 197.746918
[2022-10-20 01:17:08] PRINT Train Epoch: 3 [33280/60000 (55%)]	Loss: 199.635025
[2022-10-20 01:17:08] PRINT Train Epoch: 3 [34560/60000 (58%)]	Loss: 207.162491
[2022-10-20 01:17:08] PRINT Train Epoch: 3 [35840/60000 (60%)]	Loss: 202.542297
[2022-10-20 01:17:08] PRINT Train Epoch: 3 [37120/60000 (62%)]	Loss: 198.777069
[2022-10-20 01:17:08] PRINT Train Epoch: 3 [38400/60000 (64%)]	Loss: 201.805145
[2022-10-20 01:17:08] PRINT Train Epoch: 3 [39680/60000 (66%)]	Loss: 200.396667
[2022-10-20 01:17:08] PRINT Train Epoch: 3 [40960/60000 (68%)]	Loss: 207.636353
[2022-10-20 01:17:08] PRINT Train Epoch: 3 [42240/60000 (70%)]	Loss: 192.635620
[2022-10-20 01:17:08] PRINT Train Epoch: 3 [43520/60000 (72%)]	Loss: 191.440674
[2022-10-20 01:17:09] PRINT Train Epoch: 3 [44800/60000 (75%)]	Loss: 193.247849
[2022-10-20 01:17:09] PRINT Train Epoch: 3 [46080/60000 (77%)]	Loss: 195.693359
[2022-10-20 01:17:09] PRINT Train Epoch: 3 [47360/60000 (79%)]	Loss: 201.489853
[2022-10-20 01:17:09] PRINT Train Epoch: 3 [48640/60000 (81%)]	Loss: 199.062042
[2022-10-20 01:17:09] PRINT Train Epoch: 3 [49920/60000 (83%)]	Loss: 195.963760
[2022-10-20 01:17:09] PRINT Train Epoch: 3 [51200/60000 (85%)]	Loss: 199.171509
[2022-10-20 01:17:09] PRINT Train Epoch: 3 [52480/60000 (87%)]	Loss: 199.510056
[2022-10-20 01:17:09] PRINT Train Epoch: 3 [53760/60000 (90%)]	Loss: 195.775421
[2022-10-20 01:17:09] PRINT Train Epoch: 3 [55040/60000 (92%)]	Loss: 202.767090
[2022-10-20 01:17:09] PRINT Train Epoch: 3 [56320/60000 (94%)]	Loss: 196.368561
[2022-10-20 01:17:09] PRINT Train Epoch: 3 [57600/60000 (96%)]	Loss: 201.211288
[2022-10-20 01:17:10] PRINT Train Epoch: 3 [58880/60000 (98%)]	Loss: 196.619995
[2022-10-20 01:17:10] PRINT ====> Epoch: 3 Average loss: 197.7839
[2022-10-20 01:17:10] PRINT ====> Test set loss: 197.4280
[2022-10-20 01:17:10] PRINT Train Epoch: 4 [0/60000 (0%)]	Loss: 199.362762
[2022-10-20 01:17:11] PRINT Train Epoch: 4 [1280/60000 (2%)]	Loss: 201.240707
[2022-10-20 01:17:11] PRINT Train Epoch: 4 [2560/60000 (4%)]	Loss: 201.122986
[2022-10-20 01:17:11] PRINT Train Epoch: 4 [3840/60000 (6%)]	Loss: 197.172607
[2022-10-20 01:17:11] PRINT Train Epoch: 4 [5120/60000 (9%)]	Loss: 197.106339
[2022-10-20 01:17:11] PRINT Train Epoch: 4 [6400/60000 (11%)]	Loss: 198.230286
[2022-10-20 01:17:11] PRINT Train Epoch: 4 [7680/60000 (13%)]	Loss: 201.042221
[2022-10-20 01:17:11] PRINT Train Epoch: 4 [8960/60000 (15%)]	Loss: 200.276154
[2022-10-20 01:17:11] PRINT Train Epoch: 4 [10240/60000 (17%)]	Loss: 194.767868
[2022-10-20 01:17:11] PRINT Train Epoch: 4 [11520/60000 (19%)]	Loss: 195.337967
[2022-10-20 01:17:11] PRINT Train Epoch: 4 [12800/60000 (21%)]	Loss: 197.353973
[2022-10-20 01:17:11] PRINT Train Epoch: 4 [14080/60000 (23%)]	Loss: 195.820007
[2022-10-20 01:17:12] PRINT Train Epoch: 4 [15360/60000 (26%)]	Loss: 197.111145
[2022-10-20 01:17:12] PRINT Train Epoch: 4 [16640/60000 (28%)]	Loss: 192.345108
[2022-10-20 01:17:12] PRINT Train Epoch: 4 [17920/60000 (30%)]	Loss: 202.937820
[2022-10-20 01:17:12] PRINT Train Epoch: 4 [19200/60000 (32%)]	Loss: 192.018143
[2022-10-20 01:17:12] PRINT Train Epoch: 4 [20480/60000 (34%)]	Loss: 192.745926
[2022-10-20 01:17:12] PRINT Train Epoch: 4 [21760/60000 (36%)]	Loss: 197.236221
[2022-10-20 01:17:12] PRINT Train Epoch: 4 [23040/60000 (38%)]	Loss: 195.677505
[2022-10-20 01:17:12] PRINT Train Epoch: 4 [24320/60000 (41%)]	Loss: 195.467773
[2022-10-20 01:17:12] PRINT Train Epoch: 4 [25600/60000 (43%)]	Loss: 200.194046
[2022-10-20 01:17:12] PRINT Train Epoch: 4 [26880/60000 (45%)]	Loss: 199.679565
[2022-10-20 01:17:12] PRINT Train Epoch: 4 [28160/60000 (47%)]	Loss: 200.491837
[2022-10-20 01:17:13] PRINT Train Epoch: 4 [29440/60000 (49%)]	Loss: 198.164474
[2022-10-20 01:17:13] PRINT Train Epoch: 4 [30720/60000 (51%)]	Loss: 191.371399
[2022-10-20 01:17:13] PRINT Train Epoch: 4 [32000/60000 (53%)]	Loss: 192.638672
[2022-10-20 01:17:13] PRINT Train Epoch: 4 [33280/60000 (55%)]	Loss: 196.425781
[2022-10-20 01:17:13] PRINT Train Epoch: 4 [34560/60000 (58%)]	Loss: 194.838135
[2022-10-20 01:17:13] PRINT Train Epoch: 4 [35840/60000 (60%)]	Loss: 191.774353
[2022-10-20 01:17:13] PRINT Train Epoch: 4 [37120/60000 (62%)]	Loss: 196.966354
[2022-10-20 01:17:13] PRINT Train Epoch: 4 [38400/60000 (64%)]	Loss: 196.247620
[2022-10-20 01:17:13] PRINT Train Epoch: 4 [39680/60000 (66%)]	Loss: 206.296707
[2022-10-20 01:17:13] PRINT Train Epoch: 4 [40960/60000 (68%)]	Loss: 195.904846
[2022-10-20 01:17:13] PRINT Train Epoch: 4 [42240/60000 (70%)]	Loss: 195.031204
[2022-10-20 01:17:14] PRINT Train Epoch: 4 [43520/60000 (72%)]	Loss: 201.069641
[2022-10-20 01:17:14] PRINT Train Epoch: 4 [44800/60000 (75%)]	Loss: 190.447433
[2022-10-20 01:17:14] PRINT Train Epoch: 4 [46080/60000 (77%)]	Loss: 203.366455
[2022-10-20 01:17:14] PRINT Train Epoch: 4 [47360/60000 (79%)]	Loss: 202.880737
[2022-10-20 01:17:14] PRINT Train Epoch: 4 [48640/60000 (81%)]	Loss: 198.616394
[2022-10-20 01:17:14] PRINT Train Epoch: 4 [49920/60000 (83%)]	Loss: 201.581436
[2022-10-20 01:17:14] PRINT Train Epoch: 4 [51200/60000 (85%)]	Loss: 199.955444
[2022-10-20 01:17:14] PRINT Train Epoch: 4 [52480/60000 (87%)]	Loss: 194.986710
[2022-10-20 01:17:14] PRINT Train Epoch: 4 [53760/60000 (90%)]	Loss: 200.308167
[2022-10-20 01:17:14] PRINT Train Epoch: 4 [55040/60000 (92%)]	Loss: 194.583908
[2022-10-20 01:17:14] PRINT Train Epoch: 4 [56320/60000 (94%)]	Loss: 199.078735
[2022-10-20 01:17:15] PRINT Train Epoch: 4 [57600/60000 (96%)]	Loss: 201.973892
[2022-10-20 01:17:15] PRINT Train Epoch: 4 [58880/60000 (98%)]	Loss: 192.234009
[2022-10-20 01:17:15] PRINT ====> Epoch: 4 Average loss: 197.5704
[2022-10-20 01:17:15] PRINT ====> Test set loss: 197.1935
[2022-10-20 01:17:15] PRINT Train Epoch: 5 [0/60000 (0%)]	Loss: 200.139984
[2022-10-20 01:17:16] PRINT Train Epoch: 5 [1280/60000 (2%)]	Loss: 193.539871
[2022-10-20 01:17:16] PRINT Train Epoch: 5 [2560/60000 (4%)]	Loss: 199.289566
[2022-10-20 01:17:16] PRINT Train Epoch: 5 [3840/60000 (6%)]	Loss: 195.238068
[2022-10-20 01:17:16] PRINT Train Epoch: 5 [5120/60000 (9%)]	Loss: 195.095444
[2022-10-20 01:17:16] PRINT Train Epoch: 5 [6400/60000 (11%)]	Loss: 201.650375
[2022-10-20 01:17:16] PRINT Train Epoch: 5 [7680/60000 (13%)]	Loss: 201.365173
[2022-10-20 01:17:16] PRINT Train Epoch: 5 [8960/60000 (15%)]	Loss: 194.003983
[2022-10-20 01:17:16] PRINT Train Epoch: 5 [10240/60000 (17%)]	Loss: 189.515442
[2022-10-20 01:17:16] PRINT Train Epoch: 5 [11520/60000 (19%)]	Loss: 201.110474
[2022-10-20 01:17:16] PRINT Train Epoch: 5 [12800/60000 (21%)]	Loss: 199.760620
[2022-10-20 01:17:16] PRINT Train Epoch: 5 [14080/60000 (23%)]	Loss: 194.489182
[2022-10-20 01:17:17] PRINT Train Epoch: 5 [15360/60000 (26%)]	Loss: 193.800598
[2022-10-20 01:17:17] PRINT Train Epoch: 5 [16640/60000 (28%)]	Loss: 193.853897
[2022-10-20 01:17:17] PRINT Train Epoch: 5 [17920/60000 (30%)]	Loss: 194.484451
[2022-10-20 01:17:17] PRINT Train Epoch: 5 [19200/60000 (32%)]	Loss: 193.395905
[2022-10-20 01:17:17] PRINT Train Epoch: 5 [20480/60000 (34%)]	Loss: 195.497375
[2022-10-20 01:17:17] PRINT Train Epoch: 5 [21760/60000 (36%)]	Loss: 196.040558
[2022-10-20 01:17:17] PRINT Train Epoch: 5 [23040/60000 (38%)]	Loss: 202.135345
[2022-10-20 01:17:17] PRINT Train Epoch: 5 [24320/60000 (41%)]	Loss: 196.917633
[2022-10-20 01:17:17] PRINT Train Epoch: 5 [25600/60000 (43%)]	Loss: 204.439835
[2022-10-20 01:17:17] PRINT Train Epoch: 5 [26880/60000 (45%)]	Loss: 193.874191
[2022-10-20 01:17:18] PRINT Train Epoch: 5 [28160/60000 (47%)]	Loss: 192.310181
[2022-10-20 01:17:18] PRINT Train Epoch: 5 [29440/60000 (49%)]	Loss: 201.045853
[2022-10-20 01:17:18] PRINT Train Epoch: 5 [30720/60000 (51%)]	Loss: 193.895905
[2022-10-20 01:17:18] PRINT Train Epoch: 5 [32000/60000 (53%)]	Loss: 197.684113
[2022-10-20 01:17:18] PRINT Train Epoch: 5 [33280/60000 (55%)]	Loss: 198.453552
[2022-10-20 01:17:18] PRINT Train Epoch: 5 [34560/60000 (58%)]	Loss: 200.581451
[2022-10-20 01:17:18] PRINT Train Epoch: 5 [35840/60000 (60%)]	Loss: 193.408310
[2022-10-20 01:17:18] PRINT Train Epoch: 5 [37120/60000 (62%)]	Loss: 196.823822
[2022-10-20 01:17:18] PRINT Train Epoch: 5 [38400/60000 (64%)]	Loss: 197.818314
[2022-10-20 01:17:18] PRINT Train Epoch: 5 [39680/60000 (66%)]	Loss: 193.422943
[2022-10-20 01:17:18] PRINT Train Epoch: 5 [40960/60000 (68%)]	Loss: 203.595734
[2022-10-20 01:17:18] PRINT Train Epoch: 5 [42240/60000 (70%)]	Loss: 188.523361
[2022-10-20 01:17:19] PRINT Train Epoch: 5 [43520/60000 (72%)]	Loss: 199.099655
[2022-10-20 01:17:19] PRINT Train Epoch: 5 [44800/60000 (75%)]	Loss: 197.111404
[2022-10-20 01:17:19] PRINT Train Epoch: 5 [46080/60000 (77%)]	Loss: 199.612625
[2022-10-20 01:17:19] PRINT Train Epoch: 5 [47360/60000 (79%)]	Loss: 197.535919
[2022-10-20 01:17:19] PRINT Train Epoch: 5 [48640/60000 (81%)]	Loss: 201.967514
[2022-10-20 01:17:19] PRINT Train Epoch: 5 [49920/60000 (83%)]	Loss: 201.832382
[2022-10-20 01:17:19] PRINT Train Epoch: 5 [51200/60000 (85%)]	Loss: 194.068832
[2022-10-20 01:17:19] PRINT Train Epoch: 5 [52480/60000 (87%)]	Loss: 202.223724
[2022-10-20 01:17:19] PRINT Train Epoch: 5 [53760/60000 (90%)]	Loss: 199.498886
[2022-10-20 01:17:19] PRINT Train Epoch: 5 [55040/60000 (92%)]	Loss: 196.532394
[2022-10-20 01:17:19] PRINT Train Epoch: 5 [56320/60000 (94%)]	Loss: 193.422211
[2022-10-20 01:17:20] PRINT Train Epoch: 5 [57600/60000 (96%)]	Loss: 196.971695
[2022-10-20 01:17:20] PRINT Train Epoch: 5 [58880/60000 (98%)]	Loss: 196.544388
[2022-10-20 01:17:20] PRINT ====> Epoch: 5 Average loss: 197.5542
[2022-10-20 01:17:20] PRINT ====> Test set loss: 197.0431
[2022-10-20 01:17:21] PRINT Train Epoch: 6 [0/60000 (0%)]	Loss: 198.637787
[2022-10-20 01:17:21] PRINT Train Epoch: 6 [1280/60000 (2%)]	Loss: 187.845963
[2022-10-20 01:17:21] PRINT Train Epoch: 6 [2560/60000 (4%)]	Loss: 195.553024
[2022-10-20 01:17:21] PRINT Train Epoch: 6 [3840/60000 (6%)]	Loss: 201.042297
[2022-10-20 01:17:21] PRINT Train Epoch: 6 [5120/60000 (9%)]	Loss: 188.443207
[2022-10-20 01:17:21] PRINT Train Epoch: 6 [6400/60000 (11%)]	Loss: 194.404022
[2022-10-20 01:17:21] PRINT Train Epoch: 6 [7680/60000 (13%)]	Loss: 198.190445
[2022-10-20 01:17:21] PRINT Train Epoch: 6 [8960/60000 (15%)]	Loss: 197.833908
[2022-10-20 01:17:21] PRINT Train Epoch: 6 [10240/60000 (17%)]	Loss: 193.601639
[2022-10-20 01:17:21] PRINT Train Epoch: 6 [11520/60000 (19%)]	Loss: 197.191315
[2022-10-20 01:17:21] PRINT Train Epoch: 6 [12800/60000 (21%)]	Loss: 203.152130
[2022-10-20 01:17:22] PRINT Train Epoch: 6 [14080/60000 (23%)]	Loss: 192.086792
[2022-10-20 01:17:22] PRINT Train Epoch: 6 [15360/60000 (26%)]	Loss: 199.005798
[2022-10-20 01:17:22] PRINT Train Epoch: 6 [16640/60000 (28%)]	Loss: 198.574097
[2022-10-20 01:17:22] PRINT Train Epoch: 6 [17920/60000 (30%)]	Loss: 193.764465
[2022-10-20 01:17:22] PRINT Train Epoch: 6 [19200/60000 (32%)]	Loss: 202.021912
[2022-10-20 01:17:22] PRINT Train Epoch: 6 [20480/60000 (34%)]	Loss: 196.967987
[2022-10-20 01:17:22] PRINT Train Epoch: 6 [21760/60000 (36%)]	Loss: 196.817368
[2022-10-20 01:17:22] PRINT Train Epoch: 6 [23040/60000 (38%)]	Loss: 195.680130
[2022-10-20 01:17:22] PRINT Train Epoch: 6 [24320/60000 (41%)]	Loss: 201.248917
[2022-10-20 01:17:22] PRINT Train Epoch: 6 [25600/60000 (43%)]	Loss: 198.641022
[2022-10-20 01:17:22] PRINT Train Epoch: 6 [26880/60000 (45%)]	Loss: 199.286423
[2022-10-20 01:17:22] PRINT Train Epoch: 6 [28160/60000 (47%)]	Loss: 205.201492
[2022-10-20 01:17:23] PRINT Train Epoch: 6 [29440/60000 (49%)]	Loss: 194.754608
[2022-10-20 01:17:23] PRINT Train Epoch: 6 [30720/60000 (51%)]	Loss: 201.388931
[2022-10-20 01:17:23] PRINT Train Epoch: 6 [32000/60000 (53%)]	Loss: 203.703903
[2022-10-20 01:17:23] PRINT Train Epoch: 6 [33280/60000 (55%)]	Loss: 197.473526
[2022-10-20 01:17:23] PRINT Train Epoch: 6 [34560/60000 (58%)]	Loss: 199.923004
[2022-10-20 01:17:23] PRINT Train Epoch: 6 [35840/60000 (60%)]	Loss: 193.774017
[2022-10-20 01:17:23] PRINT Train Epoch: 6 [37120/60000 (62%)]	Loss: 193.323608
[2022-10-20 01:17:23] PRINT Train Epoch: 6 [38400/60000 (64%)]	Loss: 192.255966
[2022-10-20 01:17:23] PRINT Train Epoch: 6 [39680/60000 (66%)]	Loss: 197.333282
[2022-10-20 01:17:23] PRINT Train Epoch: 6 [40960/60000 (68%)]	Loss: 198.007980
[2022-10-20 01:17:23] PRINT Train Epoch: 6 [42240/60000 (70%)]	Loss: 202.412186
[2022-10-20 01:17:24] PRINT Train Epoch: 6 [43520/60000 (72%)]	Loss: 192.996445
[2022-10-20 01:17:24] PRINT Train Epoch: 6 [44800/60000 (75%)]	Loss: 198.467300
[2022-10-20 01:17:24] PRINT Train Epoch: 6 [46080/60000 (77%)]	Loss: 200.923676
[2022-10-20 01:17:24] PRINT Train Epoch: 6 [47360/60000 (79%)]	Loss: 195.441803
[2022-10-20 01:17:24] PRINT Train Epoch: 6 [48640/60000 (81%)]	Loss: 198.924377
[2022-10-20 01:17:24] PRINT Train Epoch: 6 [49920/60000 (83%)]	Loss: 198.047516
[2022-10-20 01:17:24] PRINT Train Epoch: 6 [51200/60000 (85%)]	Loss: 196.962143
[2022-10-20 01:17:24] PRINT Train Epoch: 6 [52480/60000 (87%)]	Loss: 193.863266
[2022-10-20 01:17:24] PRINT Train Epoch: 6 [53760/60000 (90%)]	Loss: 191.705948
[2022-10-20 01:17:24] PRINT Train Epoch: 6 [55040/60000 (92%)]	Loss: 199.527115
[2022-10-20 01:17:24] PRINT Train Epoch: 6 [56320/60000 (94%)]	Loss: 198.890747
[2022-10-20 01:17:25] PRINT Train Epoch: 6 [57600/60000 (96%)]	Loss: 201.614594
[2022-10-20 01:17:25] PRINT Train Epoch: 6 [58880/60000 (98%)]	Loss: 195.318085
[2022-10-20 01:17:25] PRINT ====> Epoch: 6 Average loss: 197.6165
[2022-10-20 01:17:25] PRINT ====> Test set loss: 197.5368
[2022-10-20 01:17:25] PRINT Train Epoch: 7 [0/60000 (0%)]	Loss: 197.591202
[2022-10-20 01:17:26] PRINT Train Epoch: 7 [1280/60000 (2%)]	Loss: 199.597900
[2022-10-20 01:17:26] PRINT Train Epoch: 7 [2560/60000 (4%)]	Loss: 197.934753
[2022-10-20 01:17:26] PRINT Train Epoch: 7 [3840/60000 (6%)]	Loss: 190.777100
[2022-10-20 01:17:26] PRINT Train Epoch: 7 [5120/60000 (9%)]	Loss: 200.058121
[2022-10-20 01:17:26] PRINT Train Epoch: 7 [6400/60000 (11%)]	Loss: 193.312042
[2022-10-20 01:17:26] PRINT Train Epoch: 7 [7680/60000 (13%)]	Loss: 206.974701
[2022-10-20 01:17:26] PRINT Train Epoch: 7 [8960/60000 (15%)]	Loss: 201.466049
[2022-10-20 01:17:26] PRINT Train Epoch: 7 [10240/60000 (17%)]	Loss: 199.977966
[2022-10-20 01:17:26] PRINT Train Epoch: 7 [11520/60000 (19%)]	Loss: 191.617615
[2022-10-20 01:17:26] PRINT Train Epoch: 7 [12800/60000 (21%)]	Loss: 198.203751
[2022-10-20 01:17:27] PRINT Train Epoch: 7 [14080/60000 (23%)]	Loss: 203.185226
[2022-10-20 01:17:27] PRINT Train Epoch: 7 [15360/60000 (26%)]	Loss: 193.772919
[2022-10-20 01:17:27] PRINT Train Epoch: 7 [16640/60000 (28%)]	Loss: 208.767242
[2022-10-20 01:17:27] PRINT Train Epoch: 7 [17920/60000 (30%)]	Loss: 190.881760
[2022-10-20 01:17:27] PRINT Train Epoch: 7 [19200/60000 (32%)]	Loss: 200.330338
[2022-10-20 01:17:27] PRINT Train Epoch: 7 [20480/60000 (34%)]	Loss: 198.538559
[2022-10-20 01:17:27] PRINT Train Epoch: 7 [21760/60000 (36%)]	Loss: 204.073502
[2022-10-20 01:17:27] PRINT Train Epoch: 7 [23040/60000 (38%)]	Loss: 194.430771
[2022-10-20 01:17:27] PRINT Train Epoch: 7 [24320/60000 (41%)]	Loss: 196.583313
[2022-10-20 01:17:27] PRINT Train Epoch: 7 [25600/60000 (43%)]	Loss: 191.692734
[2022-10-20 01:17:27] PRINT Train Epoch: 7 [26880/60000 (45%)]	Loss: 201.852585
[2022-10-20 01:17:28] PRINT Train Epoch: 7 [28160/60000 (47%)]	Loss: 195.434845
[2022-10-20 01:17:28] PRINT Train Epoch: 7 [29440/60000 (49%)]	Loss: 194.818192
[2022-10-20 01:17:28] PRINT Train Epoch: 7 [30720/60000 (51%)]	Loss: 194.131622
[2022-10-20 01:17:28] PRINT Train Epoch: 7 [32000/60000 (53%)]	Loss: 194.555130
[2022-10-20 01:17:28] PRINT Train Epoch: 7 [33280/60000 (55%)]	Loss: 202.531601
[2022-10-20 01:17:28] PRINT Train Epoch: 7 [34560/60000 (58%)]	Loss: 192.449402
[2022-10-20 01:17:28] PRINT Train Epoch: 7 [35840/60000 (60%)]	Loss: 198.639450
[2022-10-20 01:17:28] PRINT Train Epoch: 7 [37120/60000 (62%)]	Loss: 197.996063
[2022-10-20 01:17:28] PRINT Train Epoch: 7 [38400/60000 (64%)]	Loss: 194.212875
[2022-10-20 01:17:28] PRINT Train Epoch: 7 [39680/60000 (66%)]	Loss: 196.036331
[2022-10-20 01:17:28] PRINT Train Epoch: 7 [40960/60000 (68%)]	Loss: 198.373459
[2022-10-20 01:17:28] PRINT Train Epoch: 7 [42240/60000 (70%)]	Loss: 194.523865
[2022-10-20 01:17:29] PRINT Train Epoch: 7 [43520/60000 (72%)]	Loss: 199.792419
[2022-10-20 01:17:29] PRINT Train Epoch: 7 [44800/60000 (75%)]	Loss: 193.205978
[2022-10-20 01:17:29] PRINT Train Epoch: 7 [46080/60000 (77%)]	Loss: 200.707214
[2022-10-20 01:17:29] PRINT Train Epoch: 7 [47360/60000 (79%)]	Loss: 193.986298
[2022-10-20 01:17:29] PRINT Train Epoch: 7 [48640/60000 (81%)]	Loss: 195.830826
[2022-10-20 01:17:29] PRINT Train Epoch: 7 [49920/60000 (83%)]	Loss: 201.387787
[2022-10-20 01:17:29] PRINT Train Epoch: 7 [51200/60000 (85%)]	Loss: 195.900314
[2022-10-20 01:17:29] PRINT Train Epoch: 7 [52480/60000 (87%)]	Loss: 196.226990
[2022-10-20 01:17:29] PRINT Train Epoch: 7 [53760/60000 (90%)]	Loss: 193.957703
[2022-10-20 01:17:29] PRINT Train Epoch: 7 [55040/60000 (92%)]	Loss: 197.569931
[2022-10-20 01:17:29] PRINT Train Epoch: 7 [56320/60000 (94%)]	Loss: 196.882690
[2022-10-20 01:17:30] PRINT Train Epoch: 7 [57600/60000 (96%)]	Loss: 194.981094
[2022-10-20 01:17:30] PRINT Train Epoch: 7 [58880/60000 (98%)]	Loss: 196.195694
[2022-10-20 01:17:30] PRINT ====> Epoch: 7 Average loss: 197.5681
[2022-10-20 01:17:30] PRINT ====> Test set loss: 197.0282
[2022-10-20 01:17:31] PRINT Train Epoch: 8 [0/60000 (0%)]	Loss: 203.822510
[2022-10-20 01:17:31] PRINT Train Epoch: 8 [1280/60000 (2%)]	Loss: 200.806610
[2022-10-20 01:17:31] PRINT Train Epoch: 8 [2560/60000 (4%)]	Loss: 197.755020
[2022-10-20 01:17:31] PRINT Train Epoch: 8 [3840/60000 (6%)]	Loss: 195.287354
[2022-10-20 01:17:31] PRINT Train Epoch: 8 [5120/60000 (9%)]	Loss: 196.536453
[2022-10-20 01:17:31] PRINT Train Epoch: 8 [6400/60000 (11%)]	Loss: 201.157791
[2022-10-20 01:17:31] PRINT Train Epoch: 8 [7680/60000 (13%)]	Loss: 198.368256
[2022-10-20 01:17:31] PRINT Train Epoch: 8 [8960/60000 (15%)]	Loss: 201.631241
[2022-10-20 01:17:31] PRINT Train Epoch: 8 [10240/60000 (17%)]	Loss: 200.620621
[2022-10-20 01:17:31] PRINT Train Epoch: 8 [11520/60000 (19%)]	Loss: 200.071213
[2022-10-20 01:17:31] PRINT Train Epoch: 8 [12800/60000 (21%)]	Loss: 205.569717
[2022-10-20 01:17:32] PRINT Train Epoch: 8 [14080/60000 (23%)]	Loss: 189.001801
[2022-10-20 01:17:32] PRINT Train Epoch: 8 [15360/60000 (26%)]	Loss: 198.502426
[2022-10-20 01:17:32] PRINT Train Epoch: 8 [16640/60000 (28%)]	Loss: 192.296753
[2022-10-20 01:17:32] PRINT Train Epoch: 8 [17920/60000 (30%)]	Loss: 201.184616
[2022-10-20 01:17:32] PRINT Train Epoch: 8 [19200/60000 (32%)]	Loss: 202.872253
[2022-10-20 01:17:32] PRINT Train Epoch: 8 [20480/60000 (34%)]	Loss: 203.528107
[2022-10-20 01:17:32] PRINT Train Epoch: 8 [21760/60000 (36%)]	Loss: 194.392456
[2022-10-20 01:17:32] PRINT Train Epoch: 8 [23040/60000 (38%)]	Loss: 199.078323
[2022-10-20 01:17:32] PRINT Train Epoch: 8 [24320/60000 (41%)]	Loss: 194.185455
[2022-10-20 01:17:32] PRINT Train Epoch: 8 [25600/60000 (43%)]	Loss: 196.708374
[2022-10-20 01:17:32] PRINT Train Epoch: 8 [26880/60000 (45%)]	Loss: 187.148239
[2022-10-20 01:17:33] PRINT Train Epoch: 8 [28160/60000 (47%)]	Loss: 198.922134
[2022-10-20 01:17:33] PRINT Train Epoch: 8 [29440/60000 (49%)]	Loss: 197.780151
[2022-10-20 01:17:33] PRINT Train Epoch: 8 [30720/60000 (51%)]	Loss: 198.689117
[2022-10-20 01:17:33] PRINT Train Epoch: 8 [32000/60000 (53%)]	Loss: 198.573227
[2022-10-20 01:17:33] PRINT Train Epoch: 8 [33280/60000 (55%)]	Loss: 200.012131
[2022-10-20 01:17:33] PRINT Train Epoch: 8 [34560/60000 (58%)]	Loss: 201.121231
[2022-10-20 01:17:33] PRINT Train Epoch: 8 [35840/60000 (60%)]	Loss: 196.607239
[2022-10-20 01:17:33] PRINT Train Epoch: 8 [37120/60000 (62%)]	Loss: 196.916321
[2022-10-20 01:17:33] PRINT Train Epoch: 8 [38400/60000 (64%)]	Loss: 192.317017
[2022-10-20 01:17:33] PRINT Train Epoch: 8 [39680/60000 (66%)]	Loss: 191.871735
[2022-10-20 01:17:33] PRINT Train Epoch: 8 [40960/60000 (68%)]	Loss: 206.246140
[2022-10-20 01:17:33] PRINT Train Epoch: 8 [42240/60000 (70%)]	Loss: 193.951660
[2022-10-20 01:17:33] PRINT Train Epoch: 8 [43520/60000 (72%)]	Loss: 194.983521
[2022-10-20 01:17:34] PRINT Train Epoch: 8 [44800/60000 (75%)]	Loss: 199.209534
[2022-10-20 01:17:34] PRINT Train Epoch: 8 [46080/60000 (77%)]	Loss: 192.459946
[2022-10-20 01:17:34] PRINT Train Epoch: 8 [47360/60000 (79%)]	Loss: 196.706726
[2022-10-20 01:17:34] PRINT Train Epoch: 8 [48640/60000 (81%)]	Loss: 199.646042
[2022-10-20 01:17:34] PRINT Train Epoch: 8 [49920/60000 (83%)]	Loss: 192.668777
[2022-10-20 01:17:34] PRINT Train Epoch: 8 [51200/60000 (85%)]	Loss: 199.791595
[2022-10-20 01:17:34] PRINT Train Epoch: 8 [52480/60000 (87%)]	Loss: 201.744003
[2022-10-20 01:17:34] PRINT Train Epoch: 8 [53760/60000 (90%)]	Loss: 202.398865
[2022-10-20 01:17:34] PRINT Train Epoch: 8 [55040/60000 (92%)]	Loss: 193.167862
[2022-10-20 01:17:34] PRINT Train Epoch: 8 [56320/60000 (94%)]	Loss: 201.133408
[2022-10-20 01:17:34] PRINT Train Epoch: 8 [57600/60000 (96%)]	Loss: 199.629227
[2022-10-20 01:17:34] PRINT Train Epoch: 8 [58880/60000 (98%)]	Loss: 194.254333
[2022-10-20 01:17:35] PRINT ====> Epoch: 8 Average loss: 197.7054
[2022-10-20 01:17:35] PRINT ====> Test set loss: 197.6339
[2022-10-20 01:17:35] PRINT Train Epoch: 9 [0/60000 (0%)]	Loss: 200.671860
[2022-10-20 01:17:35] PRINT Train Epoch: 9 [1280/60000 (2%)]	Loss: 197.613022
[2022-10-20 01:17:36] PRINT Train Epoch: 9 [2560/60000 (4%)]	Loss: 191.242722
[2022-10-20 01:17:36] PRINT Train Epoch: 9 [3840/60000 (6%)]	Loss: 204.548859
[2022-10-20 01:17:36] PRINT Train Epoch: 9 [5120/60000 (9%)]	Loss: 204.327972
[2022-10-20 01:17:36] PRINT Train Epoch: 9 [6400/60000 (11%)]	Loss: 196.412003
[2022-10-20 01:17:36] PRINT Train Epoch: 9 [7680/60000 (13%)]	Loss: 200.676102
[2022-10-20 01:17:36] PRINT Train Epoch: 9 [8960/60000 (15%)]	Loss: 199.208267
[2022-10-20 01:17:36] PRINT Train Epoch: 9 [10240/60000 (17%)]	Loss: 200.733292
[2022-10-20 01:17:36] PRINT Train Epoch: 9 [11520/60000 (19%)]	Loss: 197.070755
[2022-10-20 01:17:36] PRINT Train Epoch: 9 [12800/60000 (21%)]	Loss: 196.693436
[2022-10-20 01:17:36] PRINT Train Epoch: 9 [14080/60000 (23%)]	Loss: 200.834412
[2022-10-20 01:17:36] PRINT Train Epoch: 9 [15360/60000 (26%)]	Loss: 205.057968
[2022-10-20 01:17:36] PRINT Train Epoch: 9 [16640/60000 (28%)]	Loss: 198.625824
[2022-10-20 01:17:37] PRINT Train Epoch: 9 [17920/60000 (30%)]	Loss: 197.063812
[2022-10-20 01:17:37] PRINT Train Epoch: 9 [19200/60000 (32%)]	Loss: 191.871948
[2022-10-20 01:17:37] PRINT Train Epoch: 9 [20480/60000 (34%)]	Loss: 193.798416
[2022-10-20 01:17:37] PRINT Train Epoch: 9 [21760/60000 (36%)]	Loss: 203.481903
[2022-10-20 01:17:37] PRINT Train Epoch: 9 [23040/60000 (38%)]	Loss: 192.889938
[2022-10-20 01:17:37] PRINT Train Epoch: 9 [24320/60000 (41%)]	Loss: 193.281677
[2022-10-20 01:17:37] PRINT Train Epoch: 9 [25600/60000 (43%)]	Loss: 201.172470
[2022-10-20 01:17:37] PRINT Train Epoch: 9 [26880/60000 (45%)]	Loss: 198.358109
[2022-10-20 01:17:37] PRINT Train Epoch: 9 [28160/60000 (47%)]	Loss: 196.002350
[2022-10-20 01:17:37] PRINT Train Epoch: 9 [29440/60000 (49%)]	Loss: 194.731140
[2022-10-20 01:17:37] PRINT Train Epoch: 9 [30720/60000 (51%)]	Loss: 204.986679
[2022-10-20 01:17:38] PRINT Train Epoch: 9 [32000/60000 (53%)]	Loss: 208.987061
[2022-10-20 01:17:38] PRINT Train Epoch: 9 [33280/60000 (55%)]	Loss: 192.878922
[2022-10-20 01:17:38] PRINT Train Epoch: 9 [34560/60000 (58%)]	Loss: 200.516235
[2022-10-20 01:17:38] PRINT Train Epoch: 9 [35840/60000 (60%)]	Loss: 196.727524
[2022-10-20 01:17:38] PRINT Train Epoch: 9 [37120/60000 (62%)]	Loss: 189.595078
[2022-10-20 01:17:38] PRINT Train Epoch: 9 [38400/60000 (64%)]	Loss: 198.419144
[2022-10-20 01:17:38] PRINT Train Epoch: 9 [39680/60000 (66%)]	Loss: 197.222183
[2022-10-20 01:17:38] PRINT Train Epoch: 9 [40960/60000 (68%)]	Loss: 198.781952
[2022-10-20 01:17:38] PRINT Train Epoch: 9 [42240/60000 (70%)]	Loss: 198.051575
[2022-10-20 01:17:38] PRINT Train Epoch: 9 [43520/60000 (72%)]	Loss: 195.710831
[2022-10-20 01:17:38] PRINT Train Epoch: 9 [44800/60000 (75%)]	Loss: 191.582367
[2022-10-20 01:17:39] PRINT Train Epoch: 9 [46080/60000 (77%)]	Loss: 201.265701
[2022-10-20 01:17:39] PRINT Train Epoch: 9 [47360/60000 (79%)]	Loss: 197.687714
[2022-10-20 01:17:39] PRINT Train Epoch: 9 [48640/60000 (81%)]	Loss: 199.355591
[2022-10-20 01:17:39] PRINT Train Epoch: 9 [49920/60000 (83%)]	Loss: 205.984818
[2022-10-20 01:17:39] PRINT Train Epoch: 9 [51200/60000 (85%)]	Loss: 197.169342
[2022-10-20 01:17:39] PRINT Train Epoch: 9 [52480/60000 (87%)]	Loss: 191.018921
[2022-10-20 01:17:39] PRINT Train Epoch: 9 [53760/60000 (90%)]	Loss: 194.840881
[2022-10-20 01:17:39] PRINT Train Epoch: 9 [55040/60000 (92%)]	Loss: 189.823715
[2022-10-20 01:17:39] PRINT Train Epoch: 9 [56320/60000 (94%)]	Loss: 198.920715
[2022-10-20 01:17:39] PRINT Train Epoch: 9 [57600/60000 (96%)]	Loss: 198.309341
[2022-10-20 01:17:39] PRINT Train Epoch: 9 [58880/60000 (98%)]	Loss: 190.721420
[2022-10-20 01:17:39] PRINT ====> Epoch: 9 Average loss: 197.6295
[2022-10-20 01:17:40] PRINT ====> Test set loss: 197.0829
[2022-10-20 01:17:40] PRINT Train Epoch: 10 [0/60000 (0%)]	Loss: 200.193008
[2022-10-20 01:17:40] PRINT Train Epoch: 10 [1280/60000 (2%)]	Loss: 187.541504
[2022-10-20 01:17:40] PRINT Train Epoch: 10 [2560/60000 (4%)]	Loss: 205.305161
[2022-10-20 01:17:40] PRINT Train Epoch: 10 [3840/60000 (6%)]	Loss: 194.560440
[2022-10-20 01:17:41] PRINT Train Epoch: 10 [5120/60000 (9%)]	Loss: 198.353745
[2022-10-20 01:17:41] PRINT Train Epoch: 10 [6400/60000 (11%)]	Loss: 210.103104
[2022-10-20 01:17:41] PRINT Train Epoch: 10 [7680/60000 (13%)]	Loss: 200.887054
[2022-10-20 01:17:41] PRINT Train Epoch: 10 [8960/60000 (15%)]	Loss: 190.870010
[2022-10-20 01:17:41] PRINT Train Epoch: 10 [10240/60000 (17%)]	Loss: 197.594391
[2022-10-20 01:17:41] PRINT Train Epoch: 10 [11520/60000 (19%)]	Loss: 197.599960
[2022-10-20 01:17:41] PRINT Train Epoch: 10 [12800/60000 (21%)]	Loss: 198.004181
[2022-10-20 01:17:41] PRINT Train Epoch: 10 [14080/60000 (23%)]	Loss: 192.764587
[2022-10-20 01:17:41] PRINT Train Epoch: 10 [15360/60000 (26%)]	Loss: 202.235031
[2022-10-20 01:17:41] PRINT Train Epoch: 10 [16640/60000 (28%)]	Loss: 200.203842
[2022-10-20 01:17:41] PRINT Train Epoch: 10 [17920/60000 (30%)]	Loss: 197.680191
[2022-10-20 01:17:42] PRINT Train Epoch: 10 [19200/60000 (32%)]	Loss: 197.482849
[2022-10-20 01:17:42] PRINT Train Epoch: 10 [20480/60000 (34%)]	Loss: 201.231995
[2022-10-20 01:17:42] PRINT Train Epoch: 10 [21760/60000 (36%)]	Loss: 195.687881
[2022-10-20 01:17:42] PRINT Train Epoch: 10 [23040/60000 (38%)]	Loss: 205.193588
[2022-10-20 01:17:42] PRINT Train Epoch: 10 [24320/60000 (41%)]	Loss: 201.891800
[2022-10-20 01:17:42] PRINT Train Epoch: 10 [25600/60000 (43%)]	Loss: 188.214127
[2022-10-20 01:17:42] PRINT Train Epoch: 10 [26880/60000 (45%)]	Loss: 198.594269
[2022-10-20 01:17:42] PRINT Train Epoch: 10 [28160/60000 (47%)]	Loss: 201.086823
[2022-10-20 01:17:42] PRINT Train Epoch: 10 [29440/60000 (49%)]	Loss: 199.438492
[2022-10-20 01:17:42] PRINT Train Epoch: 10 [30720/60000 (51%)]	Loss: 198.569550
[2022-10-20 01:17:42] PRINT Train Epoch: 10 [32000/60000 (53%)]	Loss: 202.450729
[2022-10-20 01:17:43] PRINT Train Epoch: 10 [33280/60000 (55%)]	Loss: 197.239502
[2022-10-20 01:17:43] PRINT Train Epoch: 10 [34560/60000 (58%)]	Loss: 197.989822
[2022-10-20 01:17:43] PRINT Train Epoch: 10 [35840/60000 (60%)]	Loss: 200.523682
[2022-10-20 01:17:43] PRINT Train Epoch: 10 [37120/60000 (62%)]	Loss: 204.498993
[2022-10-20 01:17:43] PRINT Train Epoch: 10 [38400/60000 (64%)]	Loss: 205.327072
[2022-10-20 01:17:43] PRINT Train Epoch: 10 [39680/60000 (66%)]	Loss: 192.022476
[2022-10-20 01:17:43] PRINT Train Epoch: 10 [40960/60000 (68%)]	Loss: 199.890015
[2022-10-20 01:17:43] PRINT Train Epoch: 10 [42240/60000 (70%)]	Loss: 191.447311
[2022-10-20 01:17:43] PRINT Train Epoch: 10 [43520/60000 (72%)]	Loss: 189.011658
[2022-10-20 01:17:43] PRINT Train Epoch: 10 [44800/60000 (75%)]	Loss: 198.716034
[2022-10-20 01:17:44] PRINT Train Epoch: 10 [46080/60000 (77%)]	Loss: 199.237427
[2022-10-20 01:17:44] PRINT Train Epoch: 10 [47360/60000 (79%)]	Loss: 197.119049
[2022-10-20 01:17:44] PRINT Train Epoch: 10 [48640/60000 (81%)]	Loss: 198.569809
[2022-10-20 01:17:44] PRINT Train Epoch: 10 [49920/60000 (83%)]	Loss: 195.277725
[2022-10-20 01:17:44] PRINT Train Epoch: 10 [51200/60000 (85%)]	Loss: 196.598389
[2022-10-20 01:17:44] PRINT Train Epoch: 10 [52480/60000 (87%)]	Loss: 195.389709
[2022-10-20 01:17:44] PRINT Train Epoch: 10 [53760/60000 (90%)]	Loss: 194.390823
[2022-10-20 01:17:44] PRINT Train Epoch: 10 [55040/60000 (92%)]	Loss: 194.290970
[2022-10-20 01:17:44] PRINT Train Epoch: 10 [56320/60000 (94%)]	Loss: 193.152954
[2022-10-20 01:17:44] PRINT Train Epoch: 10 [57600/60000 (96%)]	Loss: 202.189331
[2022-10-20 01:17:44] PRINT Train Epoch: 10 [58880/60000 (98%)]	Loss: 202.940216
[2022-10-20 01:17:45] PRINT ====> Epoch: 10 Average loss: 197.9056
[2022-10-20 01:17:45] PRINT ====> Test set loss: 198.0800
