[2022-10-20 01:00:08] PRINT {'features1': 500, 'features2': 40, 'lr': 0.05926627974050567, 'epsilon': 1e-07, 'TRIAL_BUDGET': 2}
[2022-10-20 01:00:09] PRINT Using cuda device
[2022-10-20 01:00:13] PRINT Train Epoch: 1 [0/60000 (0%)]	Loss: 548.662415
[2022-10-20 01:00:14] PRINT Train Epoch: 1 [1280/60000 (2%)]	Loss: 270.461395
[2022-10-20 01:00:14] PRINT Train Epoch: 1 [2560/60000 (4%)]	Loss: 229.197678
[2022-10-20 01:00:14] PRINT Train Epoch: 1 [3840/60000 (6%)]	Loss: 221.235962
[2022-10-20 01:00:15] PRINT Train Epoch: 1 [5120/60000 (9%)]	Loss: 225.907272
[2022-10-20 01:00:15] PRINT Train Epoch: 1 [6400/60000 (11%)]	Loss: 228.348740
[2022-10-20 01:00:15] PRINT Train Epoch: 1 [7680/60000 (13%)]	Loss: 220.096024
[2022-10-20 01:00:16] PRINT Train Epoch: 1 [8960/60000 (15%)]	Loss: 219.362976
[2022-10-20 01:00:16] PRINT Train Epoch: 1 [10240/60000 (17%)]	Loss: 211.192383
[2022-10-20 01:00:16] PRINT Train Epoch: 1 [11520/60000 (19%)]	Loss: 220.835693
[2022-10-20 01:00:16] PRINT Train Epoch: 1 [12800/60000 (21%)]	Loss: 221.063568
[2022-10-20 01:00:17] PRINT Train Epoch: 1 [14080/60000 (23%)]	Loss: 211.350403
[2022-10-20 01:00:17] PRINT Train Epoch: 1 [15360/60000 (26%)]	Loss: 226.515060
[2022-10-20 01:00:17] PRINT Train Epoch: 1 [16640/60000 (28%)]	Loss: 220.917175
[2022-10-20 01:00:18] PRINT Train Epoch: 1 [17920/60000 (30%)]	Loss: 213.643692
[2022-10-20 01:00:18] PRINT Train Epoch: 1 [19200/60000 (32%)]	Loss: 236.935867
[2022-10-20 01:00:18] PRINT Train Epoch: 1 [20480/60000 (34%)]	Loss: 218.964325
[2022-10-20 01:00:19] PRINT Train Epoch: 1 [21760/60000 (36%)]	Loss: 215.204712
[2022-10-20 01:00:19] PRINT Train Epoch: 1 [23040/60000 (38%)]	Loss: 216.809097
[2022-10-20 01:00:19] PRINT Train Epoch: 1 [24320/60000 (41%)]	Loss: 217.652649
[2022-10-20 01:00:20] PRINT Train Epoch: 1 [25600/60000 (43%)]	Loss: 210.474457
[2022-10-20 01:00:20] PRINT Train Epoch: 1 [26880/60000 (45%)]	Loss: 209.889221
[2022-10-20 01:00:20] PRINT Train Epoch: 1 [28160/60000 (47%)]	Loss: 227.397736
[2022-10-20 01:00:20] PRINT Train Epoch: 1 [29440/60000 (49%)]	Loss: 210.224426
[2022-10-20 01:00:21] PRINT Train Epoch: 1 [30720/60000 (51%)]	Loss: 226.718353
[2022-10-20 01:00:21] PRINT Train Epoch: 1 [32000/60000 (53%)]	Loss: 213.594147
[2022-10-20 01:00:21] PRINT Train Epoch: 1 [33280/60000 (55%)]	Loss: 210.936737
[2022-10-20 01:00:22] PRINT Train Epoch: 1 [34560/60000 (58%)]	Loss: 214.302032
[2022-10-20 01:00:22] PRINT Train Epoch: 1 [35840/60000 (60%)]	Loss: 209.879440
[2022-10-20 01:00:22] PRINT Train Epoch: 1 [37120/60000 (62%)]	Loss: 215.127899
[2022-10-20 01:00:23] PRINT Train Epoch: 1 [38400/60000 (64%)]	Loss: 222.889114
[2022-10-20 01:00:23] PRINT Train Epoch: 1 [39680/60000 (66%)]	Loss: 219.712708
[2022-10-20 01:00:23] PRINT Train Epoch: 1 [40960/60000 (68%)]	Loss: 212.280029
[2022-10-20 01:00:24] PRINT Train Epoch: 1 [42240/60000 (70%)]	Loss: 216.970184
[2022-10-20 01:00:24] PRINT Train Epoch: 1 [43520/60000 (72%)]	Loss: 213.844467
[2022-10-20 01:00:24] PRINT Train Epoch: 1 [44800/60000 (75%)]	Loss: 213.051514
[2022-10-20 01:00:24] PRINT Train Epoch: 1 [46080/60000 (77%)]	Loss: 220.891754
[2022-10-20 01:00:25] PRINT Train Epoch: 1 [47360/60000 (79%)]	Loss: 208.553162
[2022-10-20 01:00:25] PRINT Train Epoch: 1 [48640/60000 (81%)]	Loss: 210.131561
[2022-10-20 01:00:25] PRINT Train Epoch: 1 [49920/60000 (83%)]	Loss: 203.683426
[2022-10-20 01:00:26] PRINT Train Epoch: 1 [51200/60000 (85%)]	Loss: 208.561371
[2022-10-20 01:00:26] PRINT Train Epoch: 1 [52480/60000 (87%)]	Loss: 214.370178
[2022-10-20 01:00:26] PRINT Train Epoch: 1 [53760/60000 (90%)]	Loss: 217.996750
[2022-10-20 01:00:27] PRINT Train Epoch: 1 [55040/60000 (92%)]	Loss: 213.303024
[2022-10-20 01:00:27] PRINT Train Epoch: 1 [56320/60000 (94%)]	Loss: 208.156509
[2022-10-20 01:00:27] PRINT Train Epoch: 1 [57600/60000 (96%)]	Loss: 206.628204
[2022-10-20 01:00:28] PRINT Train Epoch: 1 [58880/60000 (98%)]	Loss: 209.300278
[2022-10-20 01:00:28] PRINT ====> Epoch: 1 Average loss: 384.9859
[2022-10-20 01:00:30] PRINT ====> Test set loss: 214.4101
[2022-10-20 01:00:30] PRINT Train Epoch: 2 [0/60000 (0%)]	Loss: 214.845810
[2022-10-20 01:00:31] PRINT Train Epoch: 2 [1280/60000 (2%)]	Loss: 203.118988
[2022-10-20 01:00:31] PRINT Train Epoch: 2 [2560/60000 (4%)]	Loss: 206.814804
[2022-10-20 01:00:31] PRINT Train Epoch: 2 [3840/60000 (6%)]	Loss: 218.689590
[2022-10-20 01:00:32] PRINT Train Epoch: 2 [5120/60000 (9%)]	Loss: 207.534744
[2022-10-20 01:00:32] PRINT Train Epoch: 2 [6400/60000 (11%)]	Loss: 210.737335
[2022-10-20 01:00:32] PRINT Train Epoch: 2 [7680/60000 (13%)]	Loss: 211.879852
[2022-10-20 01:00:33] PRINT Train Epoch: 2 [8960/60000 (15%)]	Loss: 218.648026
[2022-10-20 01:00:33] PRINT Train Epoch: 2 [10240/60000 (17%)]	Loss: 204.470566
[2022-10-20 01:00:33] PRINT Train Epoch: 2 [11520/60000 (19%)]	Loss: 216.073380
[2022-10-20 01:00:34] PRINT Train Epoch: 2 [12800/60000 (21%)]	Loss: 212.973618
[2022-10-20 01:00:34] PRINT Train Epoch: 2 [14080/60000 (23%)]	Loss: 214.646973
[2022-10-20 01:00:34] PRINT Train Epoch: 2 [15360/60000 (26%)]	Loss: 207.352173
[2022-10-20 01:00:34] PRINT Train Epoch: 2 [16640/60000 (28%)]	Loss: 208.655685
[2022-10-20 01:00:35] PRINT Train Epoch: 2 [17920/60000 (30%)]	Loss: 213.284760
[2022-10-20 01:00:35] PRINT Train Epoch: 2 [19200/60000 (32%)]	Loss: 211.153564
[2022-10-20 01:00:35] PRINT Train Epoch: 2 [20480/60000 (34%)]	Loss: 207.283218
[2022-10-20 01:00:36] PRINT Train Epoch: 2 [21760/60000 (36%)]	Loss: 211.995972
[2022-10-20 01:00:36] PRINT Train Epoch: 2 [23040/60000 (38%)]	Loss: 219.891769
[2022-10-20 01:00:36] PRINT Train Epoch: 2 [24320/60000 (41%)]	Loss: 210.345993
[2022-10-20 01:00:37] PRINT Train Epoch: 2 [25600/60000 (43%)]	Loss: 208.305740
[2022-10-20 01:00:37] PRINT Train Epoch: 2 [26880/60000 (45%)]	Loss: 211.896576
[2022-10-20 01:00:37] PRINT Train Epoch: 2 [28160/60000 (47%)]	Loss: 211.583954
[2022-10-20 01:00:38] PRINT Train Epoch: 2 [29440/60000 (49%)]	Loss: 212.533844
[2022-10-20 01:00:38] PRINT Train Epoch: 2 [30720/60000 (51%)]	Loss: 211.999908
[2022-10-20 01:00:38] PRINT Train Epoch: 2 [32000/60000 (53%)]	Loss: 210.327759
[2022-10-20 01:00:38] PRINT Train Epoch: 2 [33280/60000 (55%)]	Loss: 209.565552
[2022-10-20 01:00:39] PRINT Train Epoch: 2 [34560/60000 (58%)]	Loss: 206.307144
[2022-10-20 01:00:39] PRINT Train Epoch: 2 [35840/60000 (60%)]	Loss: 210.324677
[2022-10-20 01:00:39] PRINT Train Epoch: 2 [37120/60000 (62%)]	Loss: 212.405289
[2022-10-20 01:00:40] PRINT Train Epoch: 2 [38400/60000 (64%)]	Loss: 209.603500
[2022-10-20 01:00:40] PRINT Train Epoch: 2 [39680/60000 (66%)]	Loss: 209.555603
[2022-10-20 01:00:40] PRINT Train Epoch: 2 [40960/60000 (68%)]	Loss: 208.430145
[2022-10-20 01:00:41] PRINT Train Epoch: 2 [42240/60000 (70%)]	Loss: 215.918427
[2022-10-20 01:00:41] PRINT Train Epoch: 2 [43520/60000 (72%)]	Loss: 209.054947
[2022-10-20 01:00:41] PRINT Train Epoch: 2 [44800/60000 (75%)]	Loss: 211.099213
[2022-10-20 01:00:42] PRINT Train Epoch: 2 [46080/60000 (77%)]	Loss: 206.365219
[2022-10-20 01:00:42] PRINT Train Epoch: 2 [47360/60000 (79%)]	Loss: 214.856720
[2022-10-20 01:00:42] PRINT Train Epoch: 2 [48640/60000 (81%)]	Loss: 202.638458
[2022-10-20 01:00:43] PRINT Train Epoch: 2 [49920/60000 (83%)]	Loss: 213.971893
[2022-10-20 01:00:43] PRINT Train Epoch: 2 [51200/60000 (85%)]	Loss: 211.108566
[2022-10-20 01:00:43] PRINT Train Epoch: 2 [52480/60000 (87%)]	Loss: 207.312668
[2022-10-20 01:00:43] PRINT Train Epoch: 2 [53760/60000 (90%)]	Loss: 208.819107
[2022-10-20 01:00:44] PRINT Train Epoch: 2 [55040/60000 (92%)]	Loss: 210.808533
[2022-10-20 01:00:44] PRINT Train Epoch: 2 [56320/60000 (94%)]	Loss: 215.370468
[2022-10-20 01:00:44] PRINT Train Epoch: 2 [57600/60000 (96%)]	Loss: 209.660461
[2022-10-20 01:00:45] PRINT Train Epoch: 2 [58880/60000 (98%)]	Loss: 218.101929
[2022-10-20 01:00:45] PRINT ====> Epoch: 2 Average loss: 211.1057
[2022-10-20 01:00:48] PRINT ====> Test set loss: 211.1826
[2022-10-20 01:00:48] PRINT Train Epoch: 3 [0/60000 (0%)]	Loss: 211.316650
[2022-10-20 01:00:48] PRINT Train Epoch: 3 [1280/60000 (2%)]	Loss: 212.891571
[2022-10-20 01:00:48] PRINT Train Epoch: 3 [2560/60000 (4%)]	Loss: 208.786652
[2022-10-20 01:00:49] PRINT Train Epoch: 3 [3840/60000 (6%)]	Loss: 208.977371
[2022-10-20 01:00:49] PRINT Train Epoch: 3 [5120/60000 (9%)]	Loss: 204.890884
[2022-10-20 01:00:49] PRINT Train Epoch: 3 [6400/60000 (11%)]	Loss: 201.537323
[2022-10-20 01:00:50] PRINT Train Epoch: 3 [7680/60000 (13%)]	Loss: 214.930237
[2022-10-20 01:00:50] PRINT Train Epoch: 3 [8960/60000 (15%)]	Loss: 208.808624
[2022-10-20 01:00:50] PRINT Train Epoch: 3 [10240/60000 (17%)]	Loss: 214.411697
[2022-10-20 01:00:51] PRINT Train Epoch: 3 [11520/60000 (19%)]	Loss: 205.327637
[2022-10-20 01:00:51] PRINT Train Epoch: 3 [12800/60000 (21%)]	Loss: 212.167923
[2022-10-20 01:00:51] PRINT Train Epoch: 3 [14080/60000 (23%)]	Loss: 207.251114
[2022-10-20 01:00:52] PRINT Train Epoch: 3 [15360/60000 (26%)]	Loss: 210.048477
[2022-10-20 01:00:52] PRINT Train Epoch: 3 [16640/60000 (28%)]	Loss: 208.244492
[2022-10-20 01:00:52] PRINT Train Epoch: 3 [17920/60000 (30%)]	Loss: 207.519379
[2022-10-20 01:00:52] PRINT Train Epoch: 3 [19200/60000 (32%)]	Loss: 207.871292
[2022-10-20 01:00:53] PRINT Train Epoch: 3 [20480/60000 (34%)]	Loss: 208.383911
[2022-10-20 01:00:53] PRINT Train Epoch: 3 [21760/60000 (36%)]	Loss: 212.028946
[2022-10-20 01:00:53] PRINT Train Epoch: 3 [23040/60000 (38%)]	Loss: 208.952408
[2022-10-20 01:00:54] PRINT Train Epoch: 3 [24320/60000 (41%)]	Loss: 212.631805
[2022-10-20 01:00:54] PRINT Train Epoch: 3 [25600/60000 (43%)]	Loss: 214.305939
[2022-10-20 01:00:54] PRINT Train Epoch: 3 [26880/60000 (45%)]	Loss: 214.682343
[2022-10-20 01:00:55] PRINT Train Epoch: 3 [28160/60000 (47%)]	Loss: 210.619568
[2022-10-20 01:00:55] PRINT Train Epoch: 3 [29440/60000 (49%)]	Loss: 204.635117
[2022-10-20 01:00:55] PRINT Train Epoch: 3 [30720/60000 (51%)]	Loss: 218.355026
[2022-10-20 01:00:56] PRINT Train Epoch: 3 [32000/60000 (53%)]	Loss: 210.536362
[2022-10-20 01:00:56] PRINT Train Epoch: 3 [33280/60000 (55%)]	Loss: 209.254990
[2022-10-20 01:00:56] PRINT Train Epoch: 3 [34560/60000 (58%)]	Loss: 213.653122
[2022-10-20 01:00:57] PRINT Train Epoch: 3 [35840/60000 (60%)]	Loss: 206.627258
[2022-10-20 01:00:57] PRINT Train Epoch: 3 [37120/60000 (62%)]	Loss: 209.741501
[2022-10-20 01:00:57] PRINT Train Epoch: 3 [38400/60000 (64%)]	Loss: 207.784164
[2022-10-20 01:00:58] PRINT Train Epoch: 3 [39680/60000 (66%)]	Loss: 205.273026
[2022-10-20 01:00:58] PRINT Train Epoch: 3 [40960/60000 (68%)]	Loss: 208.169220
[2022-10-20 01:00:58] PRINT Train Epoch: 3 [42240/60000 (70%)]	Loss: 207.429535
[2022-10-20 01:00:58] PRINT Train Epoch: 3 [43520/60000 (72%)]	Loss: 209.954208
[2022-10-20 01:00:59] PRINT Train Epoch: 3 [44800/60000 (75%)]	Loss: 199.391830
[2022-10-20 01:00:59] PRINT Train Epoch: 3 [46080/60000 (77%)]	Loss: 206.037369
[2022-10-20 01:00:59] PRINT Train Epoch: 3 [47360/60000 (79%)]	Loss: 205.975372
[2022-10-20 01:01:00] PRINT Train Epoch: 3 [48640/60000 (81%)]	Loss: 207.685257
[2022-10-20 01:01:00] PRINT Train Epoch: 3 [49920/60000 (83%)]	Loss: 208.578995
[2022-10-20 01:01:00] PRINT Train Epoch: 3 [51200/60000 (85%)]	Loss: 208.220978
[2022-10-20 01:01:01] PRINT Train Epoch: 3 [52480/60000 (87%)]	Loss: 217.109314
[2022-10-20 01:01:01] PRINT Train Epoch: 3 [53760/60000 (90%)]	Loss: 209.883804
[2022-10-20 01:01:01] PRINT Train Epoch: 3 [55040/60000 (92%)]	Loss: 213.511734
[2022-10-20 01:01:02] PRINT Train Epoch: 3 [56320/60000 (94%)]	Loss: 209.060806
[2022-10-20 01:01:02] PRINT Train Epoch: 3 [57600/60000 (96%)]	Loss: 210.153870
[2022-10-20 01:01:02] PRINT Train Epoch: 3 [58880/60000 (98%)]	Loss: 204.810760
[2022-10-20 01:01:03] PRINT ====> Epoch: 3 Average loss: 209.4994
[2022-10-20 01:01:05] PRINT ====> Test set loss: 209.4050
[2022-10-20 01:01:05] PRINT Train Epoch: 4 [0/60000 (0%)]	Loss: 204.776138
[2022-10-20 01:01:06] PRINT Train Epoch: 4 [1280/60000 (2%)]	Loss: 211.095306
[2022-10-20 01:01:06] PRINT Train Epoch: 4 [2560/60000 (4%)]	Loss: 207.446548
[2022-10-20 01:01:06] PRINT Train Epoch: 4 [3840/60000 (6%)]	Loss: 204.969116
[2022-10-20 01:01:07] PRINT Train Epoch: 4 [5120/60000 (9%)]	Loss: 205.168488
[2022-10-20 01:01:07] PRINT Train Epoch: 4 [6400/60000 (11%)]	Loss: 207.157379
[2022-10-20 01:01:07] PRINT Train Epoch: 4 [7680/60000 (13%)]	Loss: 211.083801
[2022-10-20 01:01:07] PRINT Train Epoch: 4 [8960/60000 (15%)]	Loss: 213.439499
[2022-10-20 01:01:08] PRINT Train Epoch: 4 [10240/60000 (17%)]	Loss: 209.415833
[2022-10-20 01:01:08] PRINT Train Epoch: 4 [11520/60000 (19%)]	Loss: 210.643845
[2022-10-20 01:01:08] PRINT Train Epoch: 4 [12800/60000 (21%)]	Loss: 205.734589
[2022-10-20 01:01:09] PRINT Train Epoch: 4 [14080/60000 (23%)]	Loss: 203.859055
[2022-10-20 01:01:09] PRINT Train Epoch: 4 [15360/60000 (26%)]	Loss: 213.645859
[2022-10-20 01:01:09] PRINT Train Epoch: 4 [16640/60000 (28%)]	Loss: 214.142975
[2022-10-20 01:01:10] PRINT Train Epoch: 4 [17920/60000 (30%)]	Loss: 200.292587
[2022-10-20 01:01:10] PRINT Train Epoch: 4 [19200/60000 (32%)]	Loss: 213.735657
[2022-10-20 01:01:10] PRINT Train Epoch: 4 [20480/60000 (34%)]	Loss: 205.328796
[2022-10-20 01:01:11] PRINT Train Epoch: 4 [21760/60000 (36%)]	Loss: 206.418991
[2022-10-20 01:01:11] PRINT Train Epoch: 4 [23040/60000 (38%)]	Loss: 207.365036
[2022-10-20 01:01:11] PRINT Train Epoch: 4 [24320/60000 (41%)]	Loss: 212.901642
[2022-10-20 01:01:11] PRINT Train Epoch: 4 [25600/60000 (43%)]	Loss: 204.239075
[2022-10-20 01:01:12] PRINT Train Epoch: 4 [26880/60000 (45%)]	Loss: 207.239944
[2022-10-20 01:01:12] PRINT Train Epoch: 4 [28160/60000 (47%)]	Loss: 206.966034
[2022-10-20 01:01:12] PRINT Train Epoch: 4 [29440/60000 (49%)]	Loss: 220.914307
[2022-10-20 01:01:13] PRINT Train Epoch: 4 [30720/60000 (51%)]	Loss: 210.759872
[2022-10-20 01:01:13] PRINT Train Epoch: 4 [32000/60000 (53%)]	Loss: 205.448425
[2022-10-20 01:01:13] PRINT Train Epoch: 4 [33280/60000 (55%)]	Loss: 208.206512
[2022-10-20 01:01:14] PRINT Train Epoch: 4 [34560/60000 (58%)]	Loss: 211.432144
[2022-10-20 01:01:14] PRINT Train Epoch: 4 [35840/60000 (60%)]	Loss: 214.444183
[2022-10-20 01:01:14] PRINT Train Epoch: 4 [37120/60000 (62%)]	Loss: 207.915573
[2022-10-20 01:01:15] PRINT Train Epoch: 4 [38400/60000 (64%)]	Loss: 201.298523
[2022-10-20 01:01:15] PRINT Train Epoch: 4 [39680/60000 (66%)]	Loss: 207.242004
[2022-10-20 01:01:15] PRINT Train Epoch: 4 [40960/60000 (68%)]	Loss: 202.755020
[2022-10-20 01:01:15] PRINT Train Epoch: 4 [42240/60000 (70%)]	Loss: 215.459595
[2022-10-20 01:01:16] PRINT Train Epoch: 4 [43520/60000 (72%)]	Loss: 208.034729
[2022-10-20 01:01:16] PRINT Train Epoch: 4 [44800/60000 (75%)]	Loss: 215.145981
[2022-10-20 01:01:16] PRINT Train Epoch: 4 [46080/60000 (77%)]	Loss: 207.040253
[2022-10-20 01:01:17] PRINT Train Epoch: 4 [47360/60000 (79%)]	Loss: 212.117157
[2022-10-20 01:01:17] PRINT Train Epoch: 4 [48640/60000 (81%)]	Loss: 208.398621
[2022-10-20 01:01:17] PRINT Train Epoch: 4 [49920/60000 (83%)]	Loss: 212.333496
[2022-10-20 01:01:18] PRINT Train Epoch: 4 [51200/60000 (85%)]	Loss: 208.669327
[2022-10-20 01:01:18] PRINT Train Epoch: 4 [52480/60000 (87%)]	Loss: 205.050003
[2022-10-20 01:01:18] PRINT Train Epoch: 4 [53760/60000 (90%)]	Loss: 207.524200
[2022-10-20 01:01:19] PRINT Train Epoch: 4 [55040/60000 (92%)]	Loss: 207.891251
[2022-10-20 01:01:19] PRINT Train Epoch: 4 [56320/60000 (94%)]	Loss: 206.274490
[2022-10-20 01:01:19] PRINT Train Epoch: 4 [57600/60000 (96%)]	Loss: 208.629669
[2022-10-20 01:01:19] PRINT Train Epoch: 4 [58880/60000 (98%)]	Loss: 214.344193
[2022-10-20 01:01:20] PRINT ====> Epoch: 4 Average loss: 209.0591
[2022-10-20 01:01:22] PRINT ====> Test set loss: 208.6288
[2022-10-20 01:01:23] PRINT Train Epoch: 5 [0/60000 (0%)]	Loss: 217.383209
[2022-10-20 01:01:23] PRINT Train Epoch: 5 [1280/60000 (2%)]	Loss: 203.211243
[2022-10-20 01:01:23] PRINT Train Epoch: 5 [2560/60000 (4%)]	Loss: 200.745621
[2022-10-20 01:01:23] PRINT Train Epoch: 5 [3840/60000 (6%)]	Loss: 203.198288
[2022-10-20 01:01:24] PRINT Train Epoch: 5 [5120/60000 (9%)]	Loss: 210.348450
[2022-10-20 01:01:24] PRINT Train Epoch: 5 [6400/60000 (11%)]	Loss: 210.839630
[2022-10-20 01:01:24] PRINT Train Epoch: 5 [7680/60000 (13%)]	Loss: 208.874573
[2022-10-20 01:01:25] PRINT Train Epoch: 5 [8960/60000 (15%)]	Loss: 209.862488
[2022-10-20 01:01:25] PRINT Train Epoch: 5 [10240/60000 (17%)]	Loss: 210.744827
[2022-10-20 01:01:25] PRINT Train Epoch: 5 [11520/60000 (19%)]	Loss: 207.542572
[2022-10-20 01:01:26] PRINT Train Epoch: 5 [12800/60000 (21%)]	Loss: 215.712570
[2022-10-20 01:01:26] PRINT Train Epoch: 5 [14080/60000 (23%)]	Loss: 205.740387
[2022-10-20 01:01:26] PRINT Train Epoch: 5 [15360/60000 (26%)]	Loss: 212.295288
[2022-10-20 01:01:27] PRINT Train Epoch: 5 [16640/60000 (28%)]	Loss: 210.264984
[2022-10-20 01:01:27] PRINT Train Epoch: 5 [17920/60000 (30%)]	Loss: 198.758392
[2022-10-20 01:01:27] PRINT Train Epoch: 5 [19200/60000 (32%)]	Loss: 215.775970
[2022-10-20 01:01:28] PRINT Train Epoch: 5 [20480/60000 (34%)]	Loss: 221.428574
[2022-10-20 01:01:28] PRINT Train Epoch: 5 [21760/60000 (36%)]	Loss: 206.115784
[2022-10-20 01:01:28] PRINT Train Epoch: 5 [23040/60000 (38%)]	Loss: 202.638718
[2022-10-20 01:01:28] PRINT Train Epoch: 5 [24320/60000 (41%)]	Loss: 204.181351
[2022-10-20 01:01:29] PRINT Train Epoch: 5 [25600/60000 (43%)]	Loss: 210.658554
[2022-10-20 01:01:29] PRINT Train Epoch: 5 [26880/60000 (45%)]	Loss: 211.334686
[2022-10-20 01:01:29] PRINT Train Epoch: 5 [28160/60000 (47%)]	Loss: 206.434830
[2022-10-20 01:01:30] PRINT Train Epoch: 5 [29440/60000 (49%)]	Loss: 213.049179
[2022-10-20 01:01:30] PRINT Train Epoch: 5 [30720/60000 (51%)]	Loss: 202.000961
[2022-10-20 01:01:30] PRINT Train Epoch: 5 [32000/60000 (53%)]	Loss: 212.946609
[2022-10-20 01:01:31] PRINT Train Epoch: 5 [33280/60000 (55%)]	Loss: 211.681458
[2022-10-20 01:01:31] PRINT Train Epoch: 5 [34560/60000 (58%)]	Loss: 213.314209
[2022-10-20 01:01:31] PRINT Train Epoch: 5 [35840/60000 (60%)]	Loss: 212.062820
[2022-10-20 01:01:32] PRINT Train Epoch: 5 [37120/60000 (62%)]	Loss: 212.054657
[2022-10-20 01:01:32] PRINT Train Epoch: 5 [38400/60000 (64%)]	Loss: 202.163010
[2022-10-20 01:01:32] PRINT Train Epoch: 5 [39680/60000 (66%)]	Loss: 205.416260
[2022-10-20 01:01:33] PRINT Train Epoch: 5 [40960/60000 (68%)]	Loss: 207.245468
[2022-10-20 01:01:33] PRINT Train Epoch: 5 [42240/60000 (70%)]	Loss: 217.800232
[2022-10-20 01:01:33] PRINT Train Epoch: 5 [43520/60000 (72%)]	Loss: 208.457825
[2022-10-20 01:01:33] PRINT Train Epoch: 5 [44800/60000 (75%)]	Loss: 203.960403
[2022-10-20 01:01:34] PRINT Train Epoch: 5 [46080/60000 (77%)]	Loss: 206.972214
[2022-10-20 01:01:34] PRINT Train Epoch: 5 [47360/60000 (79%)]	Loss: 211.062637
[2022-10-20 01:01:34] PRINT Train Epoch: 5 [48640/60000 (81%)]	Loss: 208.114700
[2022-10-20 01:01:35] PRINT Train Epoch: 5 [49920/60000 (83%)]	Loss: 213.215057
[2022-10-20 01:01:35] PRINT Train Epoch: 5 [51200/60000 (85%)]	Loss: 213.143311
[2022-10-20 01:01:35] PRINT Train Epoch: 5 [52480/60000 (87%)]	Loss: 211.538971
[2022-10-20 01:01:36] PRINT Train Epoch: 5 [53760/60000 (90%)]	Loss: 214.016617
[2022-10-20 01:01:36] PRINT Train Epoch: 5 [55040/60000 (92%)]	Loss: 207.587509
[2022-10-20 01:01:36] PRINT Train Epoch: 5 [56320/60000 (94%)]	Loss: 209.884171
[2022-10-20 01:01:37] PRINT Train Epoch: 5 [57600/60000 (96%)]	Loss: 215.859436
[2022-10-20 01:01:37] PRINT Train Epoch: 5 [58880/60000 (98%)]	Loss: 209.543900
[2022-10-20 01:01:37] PRINT ====> Epoch: 5 Average loss: 209.2554
[2022-10-20 01:01:40] PRINT ====> Test set loss: 209.5644
[2022-10-20 01:01:40] PRINT Train Epoch: 6 [0/60000 (0%)]	Loss: 210.137283
[2022-10-20 01:01:40] PRINT Train Epoch: 6 [1280/60000 (2%)]	Loss: 218.197006
[2022-10-20 01:01:41] PRINT Train Epoch: 6 [2560/60000 (4%)]	Loss: 208.385040
[2022-10-20 01:01:41] PRINT Train Epoch: 6 [3840/60000 (6%)]	Loss: 210.702805
[2022-10-20 01:01:41] PRINT Train Epoch: 6 [5120/60000 (9%)]	Loss: 210.804062
[2022-10-20 01:01:41] PRINT Train Epoch: 6 [6400/60000 (11%)]	Loss: 208.924164
[2022-10-20 01:01:42] PRINT Train Epoch: 6 [7680/60000 (13%)]	Loss: 210.988815
[2022-10-20 01:01:42] PRINT Train Epoch: 6 [8960/60000 (15%)]	Loss: 211.147537
[2022-10-20 01:01:42] PRINT Train Epoch: 6 [10240/60000 (17%)]	Loss: 208.414719
[2022-10-20 01:01:43] PRINT Train Epoch: 6 [11520/60000 (19%)]	Loss: 209.769974
[2022-10-20 01:01:43] PRINT Train Epoch: 6 [12800/60000 (21%)]	Loss: 208.805359
[2022-10-20 01:01:43] PRINT Train Epoch: 6 [14080/60000 (23%)]	Loss: 202.234955
[2022-10-20 01:01:44] PRINT Train Epoch: 6 [15360/60000 (26%)]	Loss: 208.805328
[2022-10-20 01:01:44] PRINT Train Epoch: 6 [16640/60000 (28%)]	Loss: 209.228638
[2022-10-20 01:01:44] PRINT Train Epoch: 6 [17920/60000 (30%)]	Loss: 212.621750
[2022-10-20 01:01:45] PRINT Train Epoch: 6 [19200/60000 (32%)]	Loss: 213.966766
[2022-10-20 01:01:45] PRINT Train Epoch: 6 [20480/60000 (34%)]	Loss: 218.982864
[2022-10-20 01:01:45] PRINT Train Epoch: 6 [21760/60000 (36%)]	Loss: 209.362549
[2022-10-20 01:01:45] PRINT Train Epoch: 6 [23040/60000 (38%)]	Loss: 210.117920
[2022-10-20 01:01:46] PRINT Train Epoch: 6 [24320/60000 (41%)]	Loss: 204.981552
[2022-10-20 01:01:46] PRINT Train Epoch: 6 [25600/60000 (43%)]	Loss: 206.356171
[2022-10-20 01:01:46] PRINT Train Epoch: 6 [26880/60000 (45%)]	Loss: 205.879471
[2022-10-20 01:01:47] PRINT Train Epoch: 6 [28160/60000 (47%)]	Loss: 204.497894
[2022-10-20 01:01:47] PRINT Train Epoch: 6 [29440/60000 (49%)]	Loss: 212.829865
[2022-10-20 01:01:47] PRINT Train Epoch: 6 [30720/60000 (51%)]	Loss: 209.917572
[2022-10-20 01:01:48] PRINT Train Epoch: 6 [32000/60000 (53%)]	Loss: 213.769653
[2022-10-20 01:01:48] PRINT Train Epoch: 6 [33280/60000 (55%)]	Loss: 214.881012
[2022-10-20 01:01:48] PRINT Train Epoch: 6 [34560/60000 (58%)]	Loss: 208.891235
[2022-10-20 01:01:49] PRINT Train Epoch: 6 [35840/60000 (60%)]	Loss: 208.950119
[2022-10-20 01:01:49] PRINT Train Epoch: 6 [37120/60000 (62%)]	Loss: 204.993881
[2022-10-20 01:01:49] PRINT Train Epoch: 6 [38400/60000 (64%)]	Loss: 211.955460
[2022-10-20 01:01:49] PRINT Train Epoch: 6 [39680/60000 (66%)]	Loss: 206.250748
[2022-10-20 01:01:50] PRINT Train Epoch: 6 [40960/60000 (68%)]	Loss: 214.802246
[2022-10-20 01:01:50] PRINT Train Epoch: 6 [42240/60000 (70%)]	Loss: 208.864655
[2022-10-20 01:01:50] PRINT Train Epoch: 6 [43520/60000 (72%)]	Loss: 207.671005
[2022-10-20 01:01:51] PRINT Train Epoch: 6 [44800/60000 (75%)]	Loss: 205.218811
[2022-10-20 01:01:51] PRINT Train Epoch: 6 [46080/60000 (77%)]	Loss: 206.215134
[2022-10-20 01:01:51] PRINT Train Epoch: 6 [47360/60000 (79%)]	Loss: 209.929474
[2022-10-20 01:01:52] PRINT Train Epoch: 6 [48640/60000 (81%)]	Loss: 205.984375
[2022-10-20 01:01:52] PRINT Train Epoch: 6 [49920/60000 (83%)]	Loss: 208.194977
[2022-10-20 01:01:52] PRINT Train Epoch: 6 [51200/60000 (85%)]	Loss: 209.898239
[2022-10-20 01:01:52] PRINT Train Epoch: 6 [52480/60000 (87%)]	Loss: 207.815704
[2022-10-20 01:01:53] PRINT Train Epoch: 6 [53760/60000 (90%)]	Loss: 212.516830
[2022-10-20 01:01:53] PRINT Train Epoch: 6 [55040/60000 (92%)]	Loss: 212.752151
[2022-10-20 01:01:53] PRINT Train Epoch: 6 [56320/60000 (94%)]	Loss: 208.594040
[2022-10-20 01:01:54] PRINT Train Epoch: 6 [57600/60000 (96%)]	Loss: 207.335617
[2022-10-20 01:01:54] PRINT Train Epoch: 6 [58880/60000 (98%)]	Loss: 205.564850
[2022-10-20 01:01:54] PRINT ====> Epoch: 6 Average loss: 209.8524
[2022-10-20 01:01:57] PRINT ====> Test set loss: 209.6615
[2022-10-20 01:01:57] PRINT Train Epoch: 7 [0/60000 (0%)]	Loss: 210.355042
[2022-10-20 01:01:57] PRINT Train Epoch: 7 [1280/60000 (2%)]	Loss: 207.003830
[2022-10-20 01:01:58] PRINT Train Epoch: 7 [2560/60000 (4%)]	Loss: 211.701889
[2022-10-20 01:01:58] PRINT Train Epoch: 7 [3840/60000 (6%)]	Loss: 205.120560
[2022-10-20 01:01:58] PRINT Train Epoch: 7 [5120/60000 (9%)]	Loss: 209.864426
[2022-10-20 01:01:59] PRINT Train Epoch: 7 [6400/60000 (11%)]	Loss: 212.852768
[2022-10-20 01:01:59] PRINT Train Epoch: 7 [7680/60000 (13%)]	Loss: 214.577087
[2022-10-20 01:01:59] PRINT Train Epoch: 7 [8960/60000 (15%)]	Loss: 203.361816
[2022-10-20 01:02:00] PRINT Train Epoch: 7 [10240/60000 (17%)]	Loss: 214.784805
[2022-10-20 01:02:00] PRINT Train Epoch: 7 [11520/60000 (19%)]	Loss: 219.771759
[2022-10-20 01:02:00] PRINT Train Epoch: 7 [12800/60000 (21%)]	Loss: 210.170029
[2022-10-20 01:02:00] PRINT Train Epoch: 7 [14080/60000 (23%)]	Loss: 213.121841
[2022-10-20 01:02:01] PRINT Train Epoch: 7 [15360/60000 (26%)]	Loss: 205.903732
[2022-10-20 01:02:01] PRINT Train Epoch: 7 [16640/60000 (28%)]	Loss: 204.444580
[2022-10-20 01:02:01] PRINT Train Epoch: 7 [17920/60000 (30%)]	Loss: 207.602951
[2022-10-20 01:02:02] PRINT Train Epoch: 7 [19200/60000 (32%)]	Loss: 214.171997
[2022-10-20 01:02:02] PRINT Train Epoch: 7 [20480/60000 (34%)]	Loss: 210.700211
[2022-10-20 01:02:02] PRINT Train Epoch: 7 [21760/60000 (36%)]	Loss: 211.048233
[2022-10-20 01:02:03] PRINT Train Epoch: 7 [23040/60000 (38%)]	Loss: 204.330704
[2022-10-20 01:02:03] PRINT Train Epoch: 7 [24320/60000 (41%)]	Loss: 211.311096
[2022-10-20 01:02:03] PRINT Train Epoch: 7 [25600/60000 (43%)]	Loss: 213.826843
[2022-10-20 01:02:04] PRINT Train Epoch: 7 [26880/60000 (45%)]	Loss: 217.824234
[2022-10-20 01:02:04] PRINT Train Epoch: 7 [28160/60000 (47%)]	Loss: 213.104706
[2022-10-20 01:02:04] PRINT Train Epoch: 7 [29440/60000 (49%)]	Loss: 213.857071
[2022-10-20 01:02:05] PRINT Train Epoch: 7 [30720/60000 (51%)]	Loss: 204.012772
[2022-10-20 01:02:05] PRINT Train Epoch: 7 [32000/60000 (53%)]	Loss: 214.208679
[2022-10-20 01:02:05] PRINT Train Epoch: 7 [33280/60000 (55%)]	Loss: 212.812820
[2022-10-20 01:02:06] PRINT Train Epoch: 7 [34560/60000 (58%)]	Loss: 213.881149
[2022-10-20 01:02:06] PRINT Train Epoch: 7 [35840/60000 (60%)]	Loss: 210.230865
[2022-10-20 01:02:06] PRINT Train Epoch: 7 [37120/60000 (62%)]	Loss: 213.088257
[2022-10-20 01:02:07] PRINT Train Epoch: 7 [38400/60000 (64%)]	Loss: 207.349579
[2022-10-20 01:02:07] PRINT Train Epoch: 7 [39680/60000 (66%)]	Loss: 205.360672
[2022-10-20 01:02:07] PRINT Train Epoch: 7 [40960/60000 (68%)]	Loss: 205.454239
[2022-10-20 01:02:08] PRINT Train Epoch: 7 [42240/60000 (70%)]	Loss: 213.275711
[2022-10-20 01:02:08] PRINT Train Epoch: 7 [43520/60000 (72%)]	Loss: 207.927353
[2022-10-20 01:02:08] PRINT Train Epoch: 7 [44800/60000 (75%)]	Loss: 209.483719
[2022-10-20 01:02:08] PRINT Train Epoch: 7 [46080/60000 (77%)]	Loss: 207.987259
[2022-10-20 01:02:09] PRINT Train Epoch: 7 [47360/60000 (79%)]	Loss: 215.704910
[2022-10-20 01:02:09] PRINT Train Epoch: 7 [48640/60000 (81%)]	Loss: 204.695282
[2022-10-20 01:02:09] PRINT Train Epoch: 7 [49920/60000 (83%)]	Loss: 205.423309
[2022-10-20 01:02:10] PRINT Train Epoch: 7 [51200/60000 (85%)]	Loss: 209.082382
[2022-10-20 01:02:10] PRINT Train Epoch: 7 [52480/60000 (87%)]	Loss: 205.285721
[2022-10-20 01:02:10] PRINT Train Epoch: 7 [53760/60000 (90%)]	Loss: 210.254715
[2022-10-20 01:02:11] PRINT Train Epoch: 7 [55040/60000 (92%)]	Loss: 208.386200
[2022-10-20 01:02:11] PRINT Train Epoch: 7 [56320/60000 (94%)]	Loss: 206.898636
[2022-10-20 01:02:11] PRINT Train Epoch: 7 [57600/60000 (96%)]	Loss: 209.969070
[2022-10-20 01:02:12] PRINT Train Epoch: 7 [58880/60000 (98%)]	Loss: 212.695816
[2022-10-20 01:02:12] PRINT ====> Epoch: 7 Average loss: 210.0841
[2022-10-20 01:02:15] PRINT ====> Test set loss: 209.4660
[2022-10-20 01:02:15] PRINT Train Epoch: 8 [0/60000 (0%)]	Loss: 212.196442
[2022-10-20 01:02:15] PRINT Train Epoch: 8 [1280/60000 (2%)]	Loss: 208.946747
[2022-10-20 01:02:15] PRINT Train Epoch: 8 [2560/60000 (4%)]	Loss: 210.351624
[2022-10-20 01:02:16] PRINT Train Epoch: 8 [3840/60000 (6%)]	Loss: 207.995987
[2022-10-20 01:02:16] PRINT Train Epoch: 8 [5120/60000 (9%)]	Loss: 205.564377
[2022-10-20 01:02:16] PRINT Train Epoch: 8 [6400/60000 (11%)]	Loss: 208.480240
[2022-10-20 01:02:17] PRINT Train Epoch: 8 [7680/60000 (13%)]	Loss: 210.634842
[2022-10-20 01:02:17] PRINT Train Epoch: 8 [8960/60000 (15%)]	Loss: 213.282211
[2022-10-20 01:02:17] PRINT Train Epoch: 8 [10240/60000 (17%)]	Loss: 205.634933
[2022-10-20 01:02:17] PRINT Train Epoch: 8 [11520/60000 (19%)]	Loss: 219.985733
[2022-10-20 01:02:18] PRINT Train Epoch: 8 [12800/60000 (21%)]	Loss: 215.603012
[2022-10-20 01:02:18] PRINT Train Epoch: 8 [14080/60000 (23%)]	Loss: 212.256958
[2022-10-20 01:02:18] PRINT Train Epoch: 8 [15360/60000 (26%)]	Loss: 204.910187
[2022-10-20 01:02:19] PRINT Train Epoch: 8 [16640/60000 (28%)]	Loss: 214.332047
[2022-10-20 01:02:19] PRINT Train Epoch: 8 [17920/60000 (30%)]	Loss: 212.579010
[2022-10-20 01:02:19] PRINT Train Epoch: 8 [19200/60000 (32%)]	Loss: 209.779877
[2022-10-20 01:02:20] PRINT Train Epoch: 8 [20480/60000 (34%)]	Loss: 211.235504
[2022-10-20 01:02:20] PRINT Train Epoch: 8 [21760/60000 (36%)]	Loss: 214.348587
[2022-10-20 01:02:20] PRINT Train Epoch: 8 [23040/60000 (38%)]	Loss: 212.408401
[2022-10-20 01:02:21] PRINT Train Epoch: 8 [24320/60000 (41%)]	Loss: 208.807159
[2022-10-20 01:02:21] PRINT Train Epoch: 8 [25600/60000 (43%)]	Loss: 214.987610
[2022-10-20 01:02:21] PRINT Train Epoch: 8 [26880/60000 (45%)]	Loss: 212.879013
[2022-10-20 01:02:21] PRINT Train Epoch: 8 [28160/60000 (47%)]	Loss: 211.629852
[2022-10-20 01:02:22] PRINT Train Epoch: 8 [29440/60000 (49%)]	Loss: 213.981918
[2022-10-20 01:02:22] PRINT Train Epoch: 8 [30720/60000 (51%)]	Loss: 214.473419
[2022-10-20 01:02:22] PRINT Train Epoch: 8 [32000/60000 (53%)]	Loss: 207.417084
[2022-10-20 01:02:23] PRINT Train Epoch: 8 [33280/60000 (55%)]	Loss: 211.780136
[2022-10-20 01:02:23] PRINT Train Epoch: 8 [34560/60000 (58%)]	Loss: 209.491730
[2022-10-20 01:02:23] PRINT Train Epoch: 8 [35840/60000 (60%)]	Loss: 211.442261
[2022-10-20 01:02:24] PRINT Train Epoch: 8 [37120/60000 (62%)]	Loss: 214.928314
[2022-10-20 01:02:24] PRINT Train Epoch: 8 [38400/60000 (64%)]	Loss: 208.233231
[2022-10-20 01:02:24] PRINT Train Epoch: 8 [39680/60000 (66%)]	Loss: 212.529388
[2022-10-20 01:02:25] PRINT Train Epoch: 8 [40960/60000 (68%)]	Loss: 208.744400
[2022-10-20 01:02:25] PRINT Train Epoch: 8 [42240/60000 (70%)]	Loss: 210.097290
[2022-10-20 01:02:25] PRINT Train Epoch: 8 [43520/60000 (72%)]	Loss: 209.322540
[2022-10-20 01:02:26] PRINT Train Epoch: 8 [44800/60000 (75%)]	Loss: 211.076874
[2022-10-20 01:02:26] PRINT Train Epoch: 8 [46080/60000 (77%)]	Loss: 210.691864
[2022-10-20 01:02:26] PRINT Train Epoch: 8 [47360/60000 (79%)]	Loss: 213.213898
[2022-10-20 01:02:26] PRINT Train Epoch: 8 [48640/60000 (81%)]	Loss: 213.994415
[2022-10-20 01:02:27] PRINT Train Epoch: 8 [49920/60000 (83%)]	Loss: 197.538834
[2022-10-20 01:02:27] PRINT Train Epoch: 8 [51200/60000 (85%)]	Loss: 218.788055
[2022-10-20 01:02:27] PRINT Train Epoch: 8 [52480/60000 (87%)]	Loss: 214.503571
[2022-10-20 01:02:28] PRINT Train Epoch: 8 [53760/60000 (90%)]	Loss: 211.226242
[2022-10-20 01:02:28] PRINT Train Epoch: 8 [55040/60000 (92%)]	Loss: 208.451797
[2022-10-20 01:02:28] PRINT Train Epoch: 8 [56320/60000 (94%)]	Loss: 216.934586
[2022-10-20 01:02:29] PRINT Train Epoch: 8 [57600/60000 (96%)]	Loss: 211.950043
[2022-10-20 01:02:29] PRINT Train Epoch: 8 [58880/60000 (98%)]	Loss: 203.747086
[2022-10-20 01:02:29] PRINT ====> Epoch: 8 Average loss: 210.8257
[2022-10-20 01:02:32] PRINT ====> Test set loss: 210.4471
[2022-10-20 01:02:32] PRINT Train Epoch: 9 [0/60000 (0%)]	Loss: 201.949875
[2022-10-20 01:02:32] PRINT Train Epoch: 9 [1280/60000 (2%)]	Loss: 206.327698
[2022-10-20 01:02:32] PRINT Train Epoch: 9 [2560/60000 (4%)]	Loss: 214.474289
[2022-10-20 01:02:33] PRINT Train Epoch: 9 [3840/60000 (6%)]	Loss: 214.703156
[2022-10-20 01:02:33] PRINT Train Epoch: 9 [5120/60000 (9%)]	Loss: 218.274368
[2022-10-20 01:02:33] PRINT Train Epoch: 9 [6400/60000 (11%)]	Loss: 208.675964
[2022-10-20 01:02:34] PRINT Train Epoch: 9 [7680/60000 (13%)]	Loss: 206.973831
[2022-10-20 01:02:34] PRINT Train Epoch: 9 [8960/60000 (15%)]	Loss: 211.143036
[2022-10-20 01:02:34] PRINT Train Epoch: 9 [10240/60000 (17%)]	Loss: 211.247009
[2022-10-20 01:02:35] PRINT Train Epoch: 9 [11520/60000 (19%)]	Loss: 206.403702
[2022-10-20 01:02:35] PRINT Train Epoch: 9 [12800/60000 (21%)]	Loss: 208.190765
[2022-10-20 01:02:35] PRINT Train Epoch: 9 [14080/60000 (23%)]	Loss: 214.421448
[2022-10-20 01:02:36] PRINT Train Epoch: 9 [15360/60000 (26%)]	Loss: 209.604507
[2022-10-20 01:02:36] PRINT Train Epoch: 9 [16640/60000 (28%)]	Loss: 211.058197
[2022-10-20 01:02:36] PRINT Train Epoch: 9 [17920/60000 (30%)]	Loss: 213.533691
[2022-10-20 01:02:37] PRINT Train Epoch: 9 [19200/60000 (32%)]	Loss: 216.232346
[2022-10-20 01:02:37] PRINT Train Epoch: 9 [20480/60000 (34%)]	Loss: 223.186661
[2022-10-20 01:02:37] PRINT Train Epoch: 9 [21760/60000 (36%)]	Loss: 217.037292
[2022-10-20 01:02:38] PRINT Train Epoch: 9 [23040/60000 (38%)]	Loss: 217.255432
[2022-10-20 01:02:38] PRINT Train Epoch: 9 [24320/60000 (41%)]	Loss: 212.048248
[2022-10-20 01:02:38] PRINT Train Epoch: 9 [25600/60000 (43%)]	Loss: 213.447357
[2022-10-20 01:02:38] PRINT Train Epoch: 9 [26880/60000 (45%)]	Loss: 218.230637
[2022-10-20 01:02:39] PRINT Train Epoch: 9 [28160/60000 (47%)]	Loss: 214.216354
[2022-10-20 01:02:39] PRINT Train Epoch: 9 [29440/60000 (49%)]	Loss: 209.869690
[2022-10-20 01:02:39] PRINT Train Epoch: 9 [30720/60000 (51%)]	Loss: 210.919693
[2022-10-20 01:02:40] PRINT Train Epoch: 9 [32000/60000 (53%)]	Loss: 209.195007
[2022-10-20 01:02:40] PRINT Train Epoch: 9 [33280/60000 (55%)]	Loss: 208.074829
[2022-10-20 01:02:40] PRINT Train Epoch: 9 [34560/60000 (58%)]	Loss: 210.100586
[2022-10-20 01:02:41] PRINT Train Epoch: 9 [35840/60000 (60%)]	Loss: 218.647034
[2022-10-20 01:02:41] PRINT Train Epoch: 9 [37120/60000 (62%)]	Loss: 212.591217
[2022-10-20 01:02:41] PRINT Train Epoch: 9 [38400/60000 (64%)]	Loss: 219.050186
[2022-10-20 01:02:42] PRINT Train Epoch: 9 [39680/60000 (66%)]	Loss: 218.377914
[2022-10-20 01:02:42] PRINT Train Epoch: 9 [40960/60000 (68%)]	Loss: 207.414703
[2022-10-20 01:02:42] PRINT Train Epoch: 9 [42240/60000 (70%)]	Loss: 212.484589
[2022-10-20 01:02:43] PRINT Train Epoch: 9 [43520/60000 (72%)]	Loss: 199.855835
[2022-10-20 01:02:43] PRINT Train Epoch: 9 [44800/60000 (75%)]	Loss: 211.846848
[2022-10-20 01:02:43] PRINT Train Epoch: 9 [46080/60000 (77%)]	Loss: 206.875549
[2022-10-20 01:02:43] PRINT Train Epoch: 9 [47360/60000 (79%)]	Loss: 206.794998
[2022-10-20 01:02:44] PRINT Train Epoch: 9 [48640/60000 (81%)]	Loss: 213.161606
[2022-10-20 01:02:44] PRINT Train Epoch: 9 [49920/60000 (83%)]	Loss: 209.124008
[2022-10-20 01:02:44] PRINT Train Epoch: 9 [51200/60000 (85%)]	Loss: 213.444366
[2022-10-20 01:02:45] PRINT Train Epoch: 9 [52480/60000 (87%)]	Loss: 206.409470
[2022-10-20 01:02:45] PRINT Train Epoch: 9 [53760/60000 (90%)]	Loss: 211.115753
[2022-10-20 01:02:45] PRINT Train Epoch: 9 [55040/60000 (92%)]	Loss: 205.853546
[2022-10-20 01:02:46] PRINT Train Epoch: 9 [56320/60000 (94%)]	Loss: 206.589966
[2022-10-20 01:02:46] PRINT Train Epoch: 9 [57600/60000 (96%)]	Loss: 202.942825
[2022-10-20 01:02:46] PRINT Train Epoch: 9 [58880/60000 (98%)]	Loss: 216.804703
[2022-10-20 01:02:47] PRINT ====> Epoch: 9 Average loss: 211.4295
[2022-10-20 01:02:49] PRINT ====> Test set loss: 211.4753
[2022-10-20 01:02:49] PRINT Train Epoch: 10 [0/60000 (0%)]	Loss: 206.614868
[2022-10-20 01:02:50] PRINT Train Epoch: 10 [1280/60000 (2%)]	Loss: 208.020752
[2022-10-20 01:02:50] PRINT Train Epoch: 10 [2560/60000 (4%)]	Loss: 207.243637
[2022-10-20 01:02:50] PRINT Train Epoch: 10 [3840/60000 (6%)]	Loss: 212.324799
[2022-10-20 01:02:51] PRINT Train Epoch: 10 [5120/60000 (9%)]	Loss: 211.299408
[2022-10-20 01:02:51] PRINT Train Epoch: 10 [6400/60000 (11%)]	Loss: 218.237701
[2022-10-20 01:02:51] PRINT Train Epoch: 10 [7680/60000 (13%)]	Loss: 215.336807
[2022-10-20 01:02:51] PRINT Train Epoch: 10 [8960/60000 (15%)]	Loss: 206.377304
[2022-10-20 01:02:52] PRINT Train Epoch: 10 [10240/60000 (17%)]	Loss: 206.875122
[2022-10-20 01:02:52] PRINT Train Epoch: 10 [11520/60000 (19%)]	Loss: 209.641327
[2022-10-20 01:02:52] PRINT Train Epoch: 10 [12800/60000 (21%)]	Loss: 217.338776
[2022-10-20 01:02:53] PRINT Train Epoch: 10 [14080/60000 (23%)]	Loss: 205.054810
[2022-10-20 01:02:53] PRINT Train Epoch: 10 [15360/60000 (26%)]	Loss: 214.904221
[2022-10-20 01:02:53] PRINT Train Epoch: 10 [16640/60000 (28%)]	Loss: 208.163651
[2022-10-20 01:02:54] PRINT Train Epoch: 10 [17920/60000 (30%)]	Loss: 211.451431
[2022-10-20 01:02:54] PRINT Train Epoch: 10 [19200/60000 (32%)]	Loss: 213.219208
[2022-10-20 01:02:54] PRINT Train Epoch: 10 [20480/60000 (34%)]	Loss: 202.059677
[2022-10-20 01:02:55] PRINT Train Epoch: 10 [21760/60000 (36%)]	Loss: 213.577179
[2022-10-20 01:02:55] PRINT Train Epoch: 10 [23040/60000 (38%)]	Loss: 210.636230
[2022-10-20 01:02:55] PRINT Train Epoch: 10 [24320/60000 (41%)]	Loss: 214.360397
[2022-10-20 01:02:56] PRINT Train Epoch: 10 [25600/60000 (43%)]	Loss: 218.579605
[2022-10-20 01:02:56] PRINT Train Epoch: 10 [26880/60000 (45%)]	Loss: 205.903107
[2022-10-20 01:02:56] PRINT Train Epoch: 10 [28160/60000 (47%)]	Loss: 217.578064
[2022-10-20 01:02:57] PRINT Train Epoch: 10 [29440/60000 (49%)]	Loss: 212.400940
[2022-10-20 01:02:57] PRINT Train Epoch: 10 [30720/60000 (51%)]	Loss: 209.835526
[2022-10-20 01:02:57] PRINT Train Epoch: 10 [32000/60000 (53%)]	Loss: 212.798782
[2022-10-20 01:02:58] PRINT Train Epoch: 10 [33280/60000 (55%)]	Loss: 213.210312
[2022-10-20 01:02:58] PRINT Train Epoch: 10 [34560/60000 (58%)]	Loss: 217.471680
[2022-10-20 01:02:58] PRINT Train Epoch: 10 [35840/60000 (60%)]	Loss: 214.794540
[2022-10-20 01:02:58] PRINT Train Epoch: 10 [37120/60000 (62%)]	Loss: 206.914261
[2022-10-20 01:02:59] PRINT Train Epoch: 10 [38400/60000 (64%)]	Loss: 209.502426
[2022-10-20 01:02:59] PRINT Train Epoch: 10 [39680/60000 (66%)]	Loss: 211.116592
[2022-10-20 01:02:59] PRINT Train Epoch: 10 [40960/60000 (68%)]	Loss: 205.486084
[2022-10-20 01:03:00] PRINT Train Epoch: 10 [42240/60000 (70%)]	Loss: 211.476959
[2022-10-20 01:03:00] PRINT Train Epoch: 10 [43520/60000 (72%)]	Loss: 211.154816
[2022-10-20 01:03:00] PRINT Train Epoch: 10 [44800/60000 (75%)]	Loss: 214.980148
[2022-10-20 01:03:01] PRINT Train Epoch: 10 [46080/60000 (77%)]	Loss: 212.755524
[2022-10-20 01:03:01] PRINT Train Epoch: 10 [47360/60000 (79%)]	Loss: 210.214554
[2022-10-20 01:03:01] PRINT Train Epoch: 10 [48640/60000 (81%)]	Loss: 211.695602
[2022-10-20 01:03:02] PRINT Train Epoch: 10 [49920/60000 (83%)]	Loss: 211.831909
[2022-10-20 01:03:02] PRINT Train Epoch: 10 [51200/60000 (85%)]	Loss: 209.066010
[2022-10-20 01:03:02] PRINT Train Epoch: 10 [52480/60000 (87%)]	Loss: 204.648132
[2022-10-20 01:03:03] PRINT Train Epoch: 10 [53760/60000 (90%)]	Loss: 208.362274
[2022-10-20 01:03:03] PRINT Train Epoch: 10 [55040/60000 (92%)]	Loss: 211.560730
[2022-10-20 01:03:03] PRINT Train Epoch: 10 [56320/60000 (94%)]	Loss: 208.198898
[2022-10-20 01:03:03] PRINT Train Epoch: 10 [57600/60000 (96%)]	Loss: 203.882751
[2022-10-20 01:03:04] PRINT Train Epoch: 10 [58880/60000 (98%)]	Loss: 208.417908
[2022-10-20 01:03:04] PRINT ====> Epoch: 10 Average loss: 210.9433
[2022-10-20 01:03:07] PRINT ====> Test set loss: 210.1366
