[2022-10-20 01:17:59] PRINT {'features1': 600, 'features2': 40, 'lr': 0.009397878234136098, 'epsilon': 1e-06, 'TRIAL_BUDGET': 2}
[2022-10-20 01:17:59] PRINT Using cuda device
[2022-10-20 01:18:01] PRINT Train Epoch: 1 [0/60000 (0%)]	Loss: 548.666504
[2022-10-20 01:18:01] PRINT Train Epoch: 1 [1280/60000 (2%)]	Loss: 213.806335
[2022-10-20 01:18:01] PRINT Train Epoch: 1 [2560/60000 (4%)]	Loss: 213.657684
[2022-10-20 01:18:01] PRINT Train Epoch: 1 [3840/60000 (6%)]	Loss: 200.253372
[2022-10-20 01:18:01] PRINT Train Epoch: 1 [5120/60000 (9%)]	Loss: 194.239670
[2022-10-20 01:18:01] PRINT Train Epoch: 1 [6400/60000 (11%)]	Loss: 191.280869
[2022-10-20 01:18:01] PRINT Train Epoch: 1 [7680/60000 (13%)]	Loss: 195.998276
[2022-10-20 01:18:01] PRINT Train Epoch: 1 [8960/60000 (15%)]	Loss: 187.855438
[2022-10-20 01:18:01] PRINT Train Epoch: 1 [10240/60000 (17%)]	Loss: 186.892761
[2022-10-20 01:18:01] PRINT Train Epoch: 1 [11520/60000 (19%)]	Loss: 184.493378
[2022-10-20 01:18:01] PRINT Train Epoch: 1 [12800/60000 (21%)]	Loss: 172.513184
[2022-10-20 01:18:02] PRINT Train Epoch: 1 [14080/60000 (23%)]	Loss: 170.620789
[2022-10-20 01:18:02] PRINT Train Epoch: 1 [15360/60000 (26%)]	Loss: 169.418228
[2022-10-20 01:18:02] PRINT Train Epoch: 1 [16640/60000 (28%)]	Loss: 166.183655
[2022-10-20 01:18:02] PRINT Train Epoch: 1 [17920/60000 (30%)]	Loss: 165.445267
[2022-10-20 01:18:02] PRINT Train Epoch: 1 [19200/60000 (32%)]	Loss: 174.928040
[2022-10-20 01:18:02] PRINT Train Epoch: 1 [20480/60000 (34%)]	Loss: 160.599899
[2022-10-20 01:18:02] PRINT Train Epoch: 1 [21760/60000 (36%)]	Loss: 166.442871
[2022-10-20 01:18:02] PRINT Train Epoch: 1 [23040/60000 (38%)]	Loss: 158.253632
[2022-10-20 01:18:02] PRINT Train Epoch: 1 [24320/60000 (41%)]	Loss: 159.137253
[2022-10-20 01:18:02] PRINT Train Epoch: 1 [25600/60000 (43%)]	Loss: 160.088577
[2022-10-20 01:18:02] PRINT Train Epoch: 1 [26880/60000 (45%)]	Loss: 159.088638
[2022-10-20 01:18:03] PRINT Train Epoch: 1 [28160/60000 (47%)]	Loss: 156.651230
[2022-10-20 01:18:03] PRINT Train Epoch: 1 [29440/60000 (49%)]	Loss: 155.782822
[2022-10-20 01:18:03] PRINT Train Epoch: 1 [30720/60000 (51%)]	Loss: 152.110413
[2022-10-20 01:18:03] PRINT Train Epoch: 1 [32000/60000 (53%)]	Loss: 155.500366
[2022-10-20 01:18:03] PRINT Train Epoch: 1 [33280/60000 (55%)]	Loss: 149.512894
[2022-10-20 01:18:03] PRINT Train Epoch: 1 [34560/60000 (58%)]	Loss: 150.050522
[2022-10-20 01:18:03] PRINT Train Epoch: 1 [35840/60000 (60%)]	Loss: 148.342468
[2022-10-20 01:18:03] PRINT Train Epoch: 1 [37120/60000 (62%)]	Loss: 144.080933
[2022-10-20 01:18:03] PRINT Train Epoch: 1 [38400/60000 (64%)]	Loss: 149.156113
[2022-10-20 01:18:03] PRINT Train Epoch: 1 [39680/60000 (66%)]	Loss: 147.080032
[2022-10-20 01:18:03] PRINT Train Epoch: 1 [40960/60000 (68%)]	Loss: 143.438171
[2022-10-20 01:18:03] PRINT Train Epoch: 1 [42240/60000 (70%)]	Loss: 149.350021
[2022-10-20 01:18:04] PRINT Train Epoch: 1 [43520/60000 (72%)]	Loss: 140.364746
[2022-10-20 01:18:04] PRINT Train Epoch: 1 [44800/60000 (75%)]	Loss: 138.914612
[2022-10-20 01:18:04] PRINT Train Epoch: 1 [46080/60000 (77%)]	Loss: 146.139038
[2022-10-20 01:18:04] PRINT Train Epoch: 1 [47360/60000 (79%)]	Loss: 144.264862
[2022-10-20 01:18:04] PRINT Train Epoch: 1 [48640/60000 (81%)]	Loss: 144.587509
[2022-10-20 01:18:04] PRINT Train Epoch: 1 [49920/60000 (83%)]	Loss: 140.707504
[2022-10-20 01:18:04] PRINT Train Epoch: 1 [51200/60000 (85%)]	Loss: 137.045715
[2022-10-20 01:18:04] PRINT Train Epoch: 1 [52480/60000 (87%)]	Loss: 142.205887
[2022-10-20 01:18:04] PRINT Train Epoch: 1 [53760/60000 (90%)]	Loss: 147.429199
[2022-10-20 01:18:04] PRINT Train Epoch: 1 [55040/60000 (92%)]	Loss: 141.229324
[2022-10-20 01:18:04] PRINT Train Epoch: 1 [56320/60000 (94%)]	Loss: 135.561310
[2022-10-20 01:18:04] PRINT Train Epoch: 1 [57600/60000 (96%)]	Loss: 140.633438
[2022-10-20 01:18:05] PRINT Train Epoch: 1 [58880/60000 (98%)]	Loss: 144.379547
[2022-10-20 01:18:05] PRINT ====> Epoch: 1 Average loss: 162.2400
[2022-10-20 01:18:05] PRINT ====> Test set loss: 139.7367
[2022-10-20 01:18:05] PRINT Train Epoch: 2 [0/60000 (0%)]	Loss: 143.817322
[2022-10-20 01:18:05] PRINT Train Epoch: 2 [1280/60000 (2%)]	Loss: 139.131027
[2022-10-20 01:18:06] PRINT Train Epoch: 2 [2560/60000 (4%)]	Loss: 135.486542
[2022-10-20 01:18:06] PRINT Train Epoch: 2 [3840/60000 (6%)]	Loss: 134.745758
[2022-10-20 01:18:06] PRINT Train Epoch: 2 [5120/60000 (9%)]	Loss: 140.748581
[2022-10-20 01:18:06] PRINT Train Epoch: 2 [6400/60000 (11%)]	Loss: 142.170792
[2022-10-20 01:18:06] PRINT Train Epoch: 2 [7680/60000 (13%)]	Loss: 146.918427
[2022-10-20 01:18:06] PRINT Train Epoch: 2 [8960/60000 (15%)]	Loss: 139.320465
[2022-10-20 01:18:06] PRINT Train Epoch: 2 [10240/60000 (17%)]	Loss: 139.001495
[2022-10-20 01:18:06] PRINT Train Epoch: 2 [11520/60000 (19%)]	Loss: 141.555237
[2022-10-20 01:18:06] PRINT Train Epoch: 2 [12800/60000 (21%)]	Loss: 134.663254
[2022-10-20 01:18:06] PRINT Train Epoch: 2 [14080/60000 (23%)]	Loss: 146.109406
[2022-10-20 01:18:06] PRINT Train Epoch: 2 [15360/60000 (26%)]	Loss: 134.906326
[2022-10-20 01:18:07] PRINT Train Epoch: 2 [16640/60000 (28%)]	Loss: 137.926788
[2022-10-20 01:18:07] PRINT Train Epoch: 2 [17920/60000 (30%)]	Loss: 139.200378
[2022-10-20 01:18:07] PRINT Train Epoch: 2 [19200/60000 (32%)]	Loss: 131.114685
[2022-10-20 01:18:07] PRINT Train Epoch: 2 [20480/60000 (34%)]	Loss: 134.118835
[2022-10-20 01:18:07] PRINT Train Epoch: 2 [21760/60000 (36%)]	Loss: 137.835663
[2022-10-20 01:18:07] PRINT Train Epoch: 2 [23040/60000 (38%)]	Loss: 135.807648
[2022-10-20 01:18:07] PRINT Train Epoch: 2 [24320/60000 (41%)]	Loss: 137.320816
[2022-10-20 01:18:07] PRINT Train Epoch: 2 [25600/60000 (43%)]	Loss: 137.299164
[2022-10-20 01:18:07] PRINT Train Epoch: 2 [26880/60000 (45%)]	Loss: 140.589233
[2022-10-20 01:18:07] PRINT Train Epoch: 2 [28160/60000 (47%)]	Loss: 139.761887
[2022-10-20 01:18:07] PRINT Train Epoch: 2 [29440/60000 (49%)]	Loss: 142.529877
[2022-10-20 01:18:07] PRINT Train Epoch: 2 [30720/60000 (51%)]	Loss: 136.469666
[2022-10-20 01:18:08] PRINT Train Epoch: 2 [32000/60000 (53%)]	Loss: 133.062119
[2022-10-20 01:18:08] PRINT Train Epoch: 2 [33280/60000 (55%)]	Loss: 137.440247
[2022-10-20 01:18:08] PRINT Train Epoch: 2 [34560/60000 (58%)]	Loss: 130.197647
[2022-10-20 01:18:08] PRINT Train Epoch: 2 [35840/60000 (60%)]	Loss: 129.050064
[2022-10-20 01:18:08] PRINT Train Epoch: 2 [37120/60000 (62%)]	Loss: 137.937286
[2022-10-20 01:18:08] PRINT Train Epoch: 2 [38400/60000 (64%)]	Loss: 136.704559
[2022-10-20 01:18:08] PRINT Train Epoch: 2 [39680/60000 (66%)]	Loss: 135.070190
[2022-10-20 01:18:08] PRINT Train Epoch: 2 [40960/60000 (68%)]	Loss: 132.575195
[2022-10-20 01:18:08] PRINT Train Epoch: 2 [42240/60000 (70%)]	Loss: 139.813629
[2022-10-20 01:18:08] PRINT Train Epoch: 2 [43520/60000 (72%)]	Loss: 141.275452
[2022-10-20 01:18:08] PRINT Train Epoch: 2 [44800/60000 (75%)]	Loss: 138.064392
[2022-10-20 01:18:09] PRINT Train Epoch: 2 [46080/60000 (77%)]	Loss: 133.240707
[2022-10-20 01:18:09] PRINT Train Epoch: 2 [47360/60000 (79%)]	Loss: 133.153534
[2022-10-20 01:18:09] PRINT Train Epoch: 2 [48640/60000 (81%)]	Loss: 137.128006
[2022-10-20 01:18:09] PRINT Train Epoch: 2 [49920/60000 (83%)]	Loss: 136.871582
[2022-10-20 01:18:09] PRINT Train Epoch: 2 [51200/60000 (85%)]	Loss: 138.318771
[2022-10-20 01:18:09] PRINT Train Epoch: 2 [52480/60000 (87%)]	Loss: 136.096664
[2022-10-20 01:18:09] PRINT Train Epoch: 2 [53760/60000 (90%)]	Loss: 142.337723
[2022-10-20 01:18:09] PRINT Train Epoch: 2 [55040/60000 (92%)]	Loss: 135.794128
[2022-10-20 01:18:09] PRINT Train Epoch: 2 [56320/60000 (94%)]	Loss: 138.919769
[2022-10-20 01:18:09] PRINT Train Epoch: 2 [57600/60000 (96%)]	Loss: 138.063324
[2022-10-20 01:18:09] PRINT Train Epoch: 2 [58880/60000 (98%)]	Loss: 138.657166
[2022-10-20 01:18:10] PRINT ====> Epoch: 2 Average loss: 138.0673
[2022-10-20 01:18:10] PRINT ====> Test set loss: 136.2183
[2022-10-20 01:18:10] PRINT Train Epoch: 3 [0/60000 (0%)]	Loss: 130.840912
[2022-10-20 01:18:10] PRINT Train Epoch: 3 [1280/60000 (2%)]	Loss: 140.983017
[2022-10-20 01:18:10] PRINT Train Epoch: 3 [2560/60000 (4%)]	Loss: 130.147583
[2022-10-20 01:18:11] PRINT Train Epoch: 3 [3840/60000 (6%)]	Loss: 137.216187
[2022-10-20 01:18:11] PRINT Train Epoch: 3 [5120/60000 (9%)]	Loss: 139.489639
[2022-10-20 01:18:11] PRINT Train Epoch: 3 [6400/60000 (11%)]	Loss: 137.470276
[2022-10-20 01:18:11] PRINT Train Epoch: 3 [7680/60000 (13%)]	Loss: 131.849457
[2022-10-20 01:18:11] PRINT Train Epoch: 3 [8960/60000 (15%)]	Loss: 130.484009
[2022-10-20 01:18:11] PRINT Train Epoch: 3 [10240/60000 (17%)]	Loss: 139.090973
[2022-10-20 01:18:11] PRINT Train Epoch: 3 [11520/60000 (19%)]	Loss: 133.232239
[2022-10-20 01:18:11] PRINT Train Epoch: 3 [12800/60000 (21%)]	Loss: 128.201172
[2022-10-20 01:18:11] PRINT Train Epoch: 3 [14080/60000 (23%)]	Loss: 140.419083
[2022-10-20 01:18:11] PRINT Train Epoch: 3 [15360/60000 (26%)]	Loss: 133.296539
[2022-10-20 01:18:11] PRINT Train Epoch: 3 [16640/60000 (28%)]	Loss: 135.786713
[2022-10-20 01:18:11] PRINT Train Epoch: 3 [17920/60000 (30%)]	Loss: 142.286102
[2022-10-20 01:18:12] PRINT Train Epoch: 3 [19200/60000 (32%)]	Loss: 135.050461
[2022-10-20 01:18:12] PRINT Train Epoch: 3 [20480/60000 (34%)]	Loss: 132.309219
[2022-10-20 01:18:12] PRINT Train Epoch: 3 [21760/60000 (36%)]	Loss: 139.316345
[2022-10-20 01:18:12] PRINT Train Epoch: 3 [23040/60000 (38%)]	Loss: 132.056778
[2022-10-20 01:18:12] PRINT Train Epoch: 3 [24320/60000 (41%)]	Loss: 136.826340
[2022-10-20 01:18:12] PRINT Train Epoch: 3 [25600/60000 (43%)]	Loss: 139.780121
[2022-10-20 01:18:12] PRINT Train Epoch: 3 [26880/60000 (45%)]	Loss: 135.302704
[2022-10-20 01:18:12] PRINT Train Epoch: 3 [28160/60000 (47%)]	Loss: 144.440735
[2022-10-20 01:18:12] PRINT Train Epoch: 3 [29440/60000 (49%)]	Loss: 128.075104
[2022-10-20 01:18:12] PRINT Train Epoch: 3 [30720/60000 (51%)]	Loss: 131.159393
[2022-10-20 01:18:12] PRINT Train Epoch: 3 [32000/60000 (53%)]	Loss: 135.850189
[2022-10-20 01:18:13] PRINT Train Epoch: 3 [33280/60000 (55%)]	Loss: 135.289322
[2022-10-20 01:18:13] PRINT Train Epoch: 3 [34560/60000 (58%)]	Loss: 136.449066
[2022-10-20 01:18:13] PRINT Train Epoch: 3 [35840/60000 (60%)]	Loss: 140.556274
[2022-10-20 01:18:13] PRINT Train Epoch: 3 [37120/60000 (62%)]	Loss: 127.812775
[2022-10-20 01:18:13] PRINT Train Epoch: 3 [38400/60000 (64%)]	Loss: 136.026062
[2022-10-20 01:18:13] PRINT Train Epoch: 3 [39680/60000 (66%)]	Loss: 128.427246
[2022-10-20 01:18:13] PRINT Train Epoch: 3 [40960/60000 (68%)]	Loss: 135.843719
[2022-10-20 01:18:13] PRINT Train Epoch: 3 [42240/60000 (70%)]	Loss: 139.802414
[2022-10-20 01:18:13] PRINT Train Epoch: 3 [43520/60000 (72%)]	Loss: 135.620544
[2022-10-20 01:18:13] PRINT Train Epoch: 3 [44800/60000 (75%)]	Loss: 137.040039
[2022-10-20 01:18:13] PRINT Train Epoch: 3 [46080/60000 (77%)]	Loss: 134.942520
[2022-10-20 01:18:13] PRINT Train Epoch: 3 [47360/60000 (79%)]	Loss: 134.949524
[2022-10-20 01:18:14] PRINT Train Epoch: 3 [48640/60000 (81%)]	Loss: 136.182755
[2022-10-20 01:18:14] PRINT Train Epoch: 3 [49920/60000 (83%)]	Loss: 135.989944
[2022-10-20 01:18:14] PRINT Train Epoch: 3 [51200/60000 (85%)]	Loss: 136.608459
[2022-10-20 01:18:14] PRINT Train Epoch: 3 [52480/60000 (87%)]	Loss: 134.500107
[2022-10-20 01:18:14] PRINT Train Epoch: 3 [53760/60000 (90%)]	Loss: 136.535995
[2022-10-20 01:18:14] PRINT Train Epoch: 3 [55040/60000 (92%)]	Loss: 128.773636
[2022-10-20 01:18:14] PRINT Train Epoch: 3 [56320/60000 (94%)]	Loss: 137.979111
[2022-10-20 01:18:14] PRINT Train Epoch: 3 [57600/60000 (96%)]	Loss: 132.910767
[2022-10-20 01:18:14] PRINT Train Epoch: 3 [58880/60000 (98%)]	Loss: 134.171356
[2022-10-20 01:18:14] PRINT ====> Epoch: 3 Average loss: 135.5693
[2022-10-20 01:18:15] PRINT ====> Test set loss: 135.4103
[2022-10-20 01:18:15] PRINT Train Epoch: 4 [0/60000 (0%)]	Loss: 125.302658
[2022-10-20 01:18:15] PRINT Train Epoch: 4 [1280/60000 (2%)]	Loss: 132.243637
[2022-10-20 01:18:15] PRINT Train Epoch: 4 [2560/60000 (4%)]	Loss: 135.587982
[2022-10-20 01:18:15] PRINT Train Epoch: 4 [3840/60000 (6%)]	Loss: 135.930603
[2022-10-20 01:18:15] PRINT Train Epoch: 4 [5120/60000 (9%)]	Loss: 130.852386
[2022-10-20 01:18:16] PRINT Train Epoch: 4 [6400/60000 (11%)]	Loss: 136.939651
[2022-10-20 01:18:16] PRINT Train Epoch: 4 [7680/60000 (13%)]	Loss: 136.053558
[2022-10-20 01:18:16] PRINT Train Epoch: 4 [8960/60000 (15%)]	Loss: 130.196625
[2022-10-20 01:18:16] PRINT Train Epoch: 4 [10240/60000 (17%)]	Loss: 138.061661
[2022-10-20 01:18:16] PRINT Train Epoch: 4 [11520/60000 (19%)]	Loss: 129.757385
[2022-10-20 01:18:16] PRINT Train Epoch: 4 [12800/60000 (21%)]	Loss: 135.815918
[2022-10-20 01:18:16] PRINT Train Epoch: 4 [14080/60000 (23%)]	Loss: 128.377029
[2022-10-20 01:18:16] PRINT Train Epoch: 4 [15360/60000 (26%)]	Loss: 139.912476
[2022-10-20 01:18:16] PRINT Train Epoch: 4 [16640/60000 (28%)]	Loss: 127.711899
[2022-10-20 01:18:16] PRINT Train Epoch: 4 [17920/60000 (30%)]	Loss: 136.537216
[2022-10-20 01:18:16] PRINT Train Epoch: 4 [19200/60000 (32%)]	Loss: 135.426697
[2022-10-20 01:18:17] PRINT Train Epoch: 4 [20480/60000 (34%)]	Loss: 134.081100
[2022-10-20 01:18:17] PRINT Train Epoch: 4 [21760/60000 (36%)]	Loss: 132.212631
[2022-10-20 01:18:17] PRINT Train Epoch: 4 [23040/60000 (38%)]	Loss: 140.257248
[2022-10-20 01:18:17] PRINT Train Epoch: 4 [24320/60000 (41%)]	Loss: 131.048096
[2022-10-20 01:18:17] PRINT Train Epoch: 4 [25600/60000 (43%)]	Loss: 135.194153
[2022-10-20 01:18:17] PRINT Train Epoch: 4 [26880/60000 (45%)]	Loss: 135.356171
[2022-10-20 01:18:17] PRINT Train Epoch: 4 [28160/60000 (47%)]	Loss: 134.147125
[2022-10-20 01:18:17] PRINT Train Epoch: 4 [29440/60000 (49%)]	Loss: 135.578278
[2022-10-20 01:18:17] PRINT Train Epoch: 4 [30720/60000 (51%)]	Loss: 143.403214
[2022-10-20 01:18:17] PRINT Train Epoch: 4 [32000/60000 (53%)]	Loss: 133.755890
[2022-10-20 01:18:17] PRINT Train Epoch: 4 [33280/60000 (55%)]	Loss: 135.823395
[2022-10-20 01:18:18] PRINT Train Epoch: 4 [34560/60000 (58%)]	Loss: 120.055534
[2022-10-20 01:18:18] PRINT Train Epoch: 4 [35840/60000 (60%)]	Loss: 130.410843
[2022-10-20 01:18:18] PRINT Train Epoch: 4 [37120/60000 (62%)]	Loss: 137.304657
[2022-10-20 01:18:18] PRINT Train Epoch: 4 [38400/60000 (64%)]	Loss: 139.807739
[2022-10-20 01:18:18] PRINT Train Epoch: 4 [39680/60000 (66%)]	Loss: 125.775681
[2022-10-20 01:18:18] PRINT Train Epoch: 4 [40960/60000 (68%)]	Loss: 139.050964
[2022-10-20 01:18:18] PRINT Train Epoch: 4 [42240/60000 (70%)]	Loss: 128.698242
[2022-10-20 01:18:18] PRINT Train Epoch: 4 [43520/60000 (72%)]	Loss: 137.827988
[2022-10-20 01:18:18] PRINT Train Epoch: 4 [44800/60000 (75%)]	Loss: 135.736862
[2022-10-20 01:18:18] PRINT Train Epoch: 4 [46080/60000 (77%)]	Loss: 133.820068
[2022-10-20 01:18:18] PRINT Train Epoch: 4 [47360/60000 (79%)]	Loss: 132.792282
[2022-10-20 01:18:19] PRINT Train Epoch: 4 [48640/60000 (81%)]	Loss: 132.388687
[2022-10-20 01:18:19] PRINT Train Epoch: 4 [49920/60000 (83%)]	Loss: 131.613205
[2022-10-20 01:18:19] PRINT Train Epoch: 4 [51200/60000 (85%)]	Loss: 135.352631
[2022-10-20 01:18:19] PRINT Train Epoch: 4 [52480/60000 (87%)]	Loss: 140.496780
[2022-10-20 01:18:19] PRINT Train Epoch: 4 [53760/60000 (90%)]	Loss: 131.319763
[2022-10-20 01:18:19] PRINT Train Epoch: 4 [55040/60000 (92%)]	Loss: 131.008041
[2022-10-20 01:18:19] PRINT Train Epoch: 4 [56320/60000 (94%)]	Loss: 132.404358
[2022-10-20 01:18:19] PRINT Train Epoch: 4 [57600/60000 (96%)]	Loss: 133.757538
[2022-10-20 01:18:19] PRINT Train Epoch: 4 [58880/60000 (98%)]	Loss: 134.565048
[2022-10-20 01:18:19] PRINT ====> Epoch: 4 Average loss: 134.5006
[2022-10-20 01:18:20] PRINT ====> Test set loss: 134.5324
[2022-10-20 01:18:20] PRINT Train Epoch: 5 [0/60000 (0%)]	Loss: 130.736725
[2022-10-20 01:18:20] PRINT Train Epoch: 5 [1280/60000 (2%)]	Loss: 133.281433
[2022-10-20 01:18:20] PRINT Train Epoch: 5 [2560/60000 (4%)]	Loss: 132.262589
[2022-10-20 01:18:20] PRINT Train Epoch: 5 [3840/60000 (6%)]	Loss: 138.789001
[2022-10-20 01:18:20] PRINT Train Epoch: 5 [5120/60000 (9%)]	Loss: 139.178131
[2022-10-20 01:18:21] PRINT Train Epoch: 5 [6400/60000 (11%)]	Loss: 136.033768
[2022-10-20 01:18:21] PRINT Train Epoch: 5 [7680/60000 (13%)]	Loss: 138.184753
[2022-10-20 01:18:21] PRINT Train Epoch: 5 [8960/60000 (15%)]	Loss: 131.396545
[2022-10-20 01:18:21] PRINT Train Epoch: 5 [10240/60000 (17%)]	Loss: 133.982758
[2022-10-20 01:18:21] PRINT Train Epoch: 5 [11520/60000 (19%)]	Loss: 132.785141
[2022-10-20 01:18:21] PRINT Train Epoch: 5 [12800/60000 (21%)]	Loss: 127.136353
[2022-10-20 01:18:21] PRINT Train Epoch: 5 [14080/60000 (23%)]	Loss: 135.711960
[2022-10-20 01:18:21] PRINT Train Epoch: 5 [15360/60000 (26%)]	Loss: 130.763763
[2022-10-20 01:18:21] PRINT Train Epoch: 5 [16640/60000 (28%)]	Loss: 141.121277
[2022-10-20 01:18:21] PRINT Train Epoch: 5 [17920/60000 (30%)]	Loss: 133.944855
[2022-10-20 01:18:21] PRINT Train Epoch: 5 [19200/60000 (32%)]	Loss: 142.981369
[2022-10-20 01:18:22] PRINT Train Epoch: 5 [20480/60000 (34%)]	Loss: 134.247299
[2022-10-20 01:18:22] PRINT Train Epoch: 5 [21760/60000 (36%)]	Loss: 133.479614
[2022-10-20 01:18:22] PRINT Train Epoch: 5 [23040/60000 (38%)]	Loss: 137.302429
[2022-10-20 01:18:22] PRINT Train Epoch: 5 [24320/60000 (41%)]	Loss: 132.755173
[2022-10-20 01:18:22] PRINT Train Epoch: 5 [25600/60000 (43%)]	Loss: 131.382645
[2022-10-20 01:18:22] PRINT Train Epoch: 5 [26880/60000 (45%)]	Loss: 134.584473
[2022-10-20 01:18:22] PRINT Train Epoch: 5 [28160/60000 (47%)]	Loss: 133.463593
[2022-10-20 01:18:22] PRINT Train Epoch: 5 [29440/60000 (49%)]	Loss: 134.589218
[2022-10-20 01:18:22] PRINT Train Epoch: 5 [30720/60000 (51%)]	Loss: 128.285110
[2022-10-20 01:18:22] PRINT Train Epoch: 5 [32000/60000 (53%)]	Loss: 129.665771
[2022-10-20 01:18:22] PRINT Train Epoch: 5 [33280/60000 (55%)]	Loss: 132.745132
[2022-10-20 01:18:23] PRINT Train Epoch: 5 [34560/60000 (58%)]	Loss: 131.550644
[2022-10-20 01:18:23] PRINT Train Epoch: 5 [35840/60000 (60%)]	Loss: 134.724869
[2022-10-20 01:18:23] PRINT Train Epoch: 5 [37120/60000 (62%)]	Loss: 135.081360
[2022-10-20 01:18:23] PRINT Train Epoch: 5 [38400/60000 (64%)]	Loss: 128.930054
[2022-10-20 01:18:23] PRINT Train Epoch: 5 [39680/60000 (66%)]	Loss: 134.928146
[2022-10-20 01:18:23] PRINT Train Epoch: 5 [40960/60000 (68%)]	Loss: 136.594360
[2022-10-20 01:18:23] PRINT Train Epoch: 5 [42240/60000 (70%)]	Loss: 132.718674
[2022-10-20 01:18:23] PRINT Train Epoch: 5 [43520/60000 (72%)]	Loss: 136.095551
[2022-10-20 01:18:23] PRINT Train Epoch: 5 [44800/60000 (75%)]	Loss: 137.869125
[2022-10-20 01:18:23] PRINT Train Epoch: 5 [46080/60000 (77%)]	Loss: 131.759827
[2022-10-20 01:18:24] PRINT Train Epoch: 5 [47360/60000 (79%)]	Loss: 127.261795
[2022-10-20 01:18:24] PRINT Train Epoch: 5 [48640/60000 (81%)]	Loss: 135.667023
[2022-10-20 01:18:24] PRINT Train Epoch: 5 [49920/60000 (83%)]	Loss: 127.770691
[2022-10-20 01:18:24] PRINT Train Epoch: 5 [51200/60000 (85%)]	Loss: 131.137115
[2022-10-20 01:18:24] PRINT Train Epoch: 5 [52480/60000 (87%)]	Loss: 130.356796
[2022-10-20 01:18:24] PRINT Train Epoch: 5 [53760/60000 (90%)]	Loss: 131.159210
[2022-10-20 01:18:24] PRINT Train Epoch: 5 [55040/60000 (92%)]	Loss: 140.225067
[2022-10-20 01:18:24] PRINT Train Epoch: 5 [56320/60000 (94%)]	Loss: 139.516861
[2022-10-20 01:18:24] PRINT Train Epoch: 5 [57600/60000 (96%)]	Loss: 132.047379
[2022-10-20 01:18:24] PRINT Train Epoch: 5 [58880/60000 (98%)]	Loss: 134.469666
[2022-10-20 01:18:24] PRINT ====> Epoch: 5 Average loss: 133.9794
[2022-10-20 01:18:25] PRINT ====> Test set loss: 132.9513
[2022-10-20 01:18:25] PRINT Train Epoch: 6 [0/60000 (0%)]	Loss: 138.072327
[2022-10-20 01:18:25] PRINT Train Epoch: 6 [1280/60000 (2%)]	Loss: 133.098755
[2022-10-20 01:18:25] PRINT Train Epoch: 6 [2560/60000 (4%)]	Loss: 136.361374
[2022-10-20 01:18:25] PRINT Train Epoch: 6 [3840/60000 (6%)]	Loss: 126.621834
[2022-10-20 01:18:26] PRINT Train Epoch: 6 [5120/60000 (9%)]	Loss: 133.685211
[2022-10-20 01:18:26] PRINT Train Epoch: 6 [6400/60000 (11%)]	Loss: 135.790436
[2022-10-20 01:18:26] PRINT Train Epoch: 6 [7680/60000 (13%)]	Loss: 129.744080
[2022-10-20 01:18:26] PRINT Train Epoch: 6 [8960/60000 (15%)]	Loss: 138.718155
[2022-10-20 01:18:26] PRINT Train Epoch: 6 [10240/60000 (17%)]	Loss: 134.153503
[2022-10-20 01:18:26] PRINT Train Epoch: 6 [11520/60000 (19%)]	Loss: 135.266479
[2022-10-20 01:18:26] PRINT Train Epoch: 6 [12800/60000 (21%)]	Loss: 133.012115
[2022-10-20 01:18:26] PRINT Train Epoch: 6 [14080/60000 (23%)]	Loss: 132.982986
[2022-10-20 01:18:26] PRINT Train Epoch: 6 [15360/60000 (26%)]	Loss: 131.502869
[2022-10-20 01:18:26] PRINT Train Epoch: 6 [16640/60000 (28%)]	Loss: 139.396805
[2022-10-20 01:18:26] PRINT Train Epoch: 6 [17920/60000 (30%)]	Loss: 141.831955
[2022-10-20 01:18:27] PRINT Train Epoch: 6 [19200/60000 (32%)]	Loss: 132.845917
[2022-10-20 01:18:27] PRINT Train Epoch: 6 [20480/60000 (34%)]	Loss: 131.741211
[2022-10-20 01:18:27] PRINT Train Epoch: 6 [21760/60000 (36%)]	Loss: 134.955444
[2022-10-20 01:18:27] PRINT Train Epoch: 6 [23040/60000 (38%)]	Loss: 129.822495
[2022-10-20 01:18:27] PRINT Train Epoch: 6 [24320/60000 (41%)]	Loss: 126.919334
[2022-10-20 01:18:27] PRINT Train Epoch: 6 [25600/60000 (43%)]	Loss: 125.350983
[2022-10-20 01:18:27] PRINT Train Epoch: 6 [26880/60000 (45%)]	Loss: 129.752426
[2022-10-20 01:18:27] PRINT Train Epoch: 6 [28160/60000 (47%)]	Loss: 133.505157
[2022-10-20 01:18:27] PRINT Train Epoch: 6 [29440/60000 (49%)]	Loss: 137.560455
[2022-10-20 01:18:27] PRINT Train Epoch: 6 [30720/60000 (51%)]	Loss: 129.591629
[2022-10-20 01:18:27] PRINT Train Epoch: 6 [32000/60000 (53%)]	Loss: 142.404449
[2022-10-20 01:18:28] PRINT Train Epoch: 6 [33280/60000 (55%)]	Loss: 140.754425
[2022-10-20 01:18:28] PRINT Train Epoch: 6 [34560/60000 (58%)]	Loss: 138.127594
[2022-10-20 01:18:28] PRINT Train Epoch: 6 [35840/60000 (60%)]	Loss: 138.408432
[2022-10-20 01:18:28] PRINT Train Epoch: 6 [37120/60000 (62%)]	Loss: 125.854965
[2022-10-20 01:18:28] PRINT Train Epoch: 6 [38400/60000 (64%)]	Loss: 138.095062
[2022-10-20 01:18:28] PRINT Train Epoch: 6 [39680/60000 (66%)]	Loss: 137.637787
[2022-10-20 01:18:28] PRINT Train Epoch: 6 [40960/60000 (68%)]	Loss: 131.128815
[2022-10-20 01:18:28] PRINT Train Epoch: 6 [42240/60000 (70%)]	Loss: 131.415192
[2022-10-20 01:18:28] PRINT Train Epoch: 6 [43520/60000 (72%)]	Loss: 134.659348
[2022-10-20 01:18:28] PRINT Train Epoch: 6 [44800/60000 (75%)]	Loss: 134.464813
[2022-10-20 01:18:28] PRINT Train Epoch: 6 [46080/60000 (77%)]	Loss: 140.157089
[2022-10-20 01:18:29] PRINT Train Epoch: 6 [47360/60000 (79%)]	Loss: 128.954956
[2022-10-20 01:18:29] PRINT Train Epoch: 6 [48640/60000 (81%)]	Loss: 137.565262
[2022-10-20 01:18:29] PRINT Train Epoch: 6 [49920/60000 (83%)]	Loss: 132.114014
[2022-10-20 01:18:29] PRINT Train Epoch: 6 [51200/60000 (85%)]	Loss: 134.844559
[2022-10-20 01:18:29] PRINT Train Epoch: 6 [52480/60000 (87%)]	Loss: 136.559418
[2022-10-20 01:18:29] PRINT Train Epoch: 6 [53760/60000 (90%)]	Loss: 131.915771
[2022-10-20 01:18:29] PRINT Train Epoch: 6 [55040/60000 (92%)]	Loss: 137.327576
[2022-10-20 01:18:29] PRINT Train Epoch: 6 [56320/60000 (94%)]	Loss: 135.703476
[2022-10-20 01:18:29] PRINT Train Epoch: 6 [57600/60000 (96%)]	Loss: 142.221237
[2022-10-20 01:18:29] PRINT Train Epoch: 6 [58880/60000 (98%)]	Loss: 129.118225
[2022-10-20 01:18:29] PRINT ====> Epoch: 6 Average loss: 133.3480
[2022-10-20 01:18:30] PRINT ====> Test set loss: 132.3940
[2022-10-20 01:18:30] PRINT Train Epoch: 7 [0/60000 (0%)]	Loss: 140.647873
[2022-10-20 01:18:30] PRINT Train Epoch: 7 [1280/60000 (2%)]	Loss: 138.823196
[2022-10-20 01:18:30] PRINT Train Epoch: 7 [2560/60000 (4%)]	Loss: 134.249542
[2022-10-20 01:18:30] PRINT Train Epoch: 7 [3840/60000 (6%)]	Loss: 135.616638
[2022-10-20 01:18:31] PRINT Train Epoch: 7 [5120/60000 (9%)]	Loss: 132.922806
[2022-10-20 01:18:31] PRINT Train Epoch: 7 [6400/60000 (11%)]	Loss: 136.957550
[2022-10-20 01:18:31] PRINT Train Epoch: 7 [7680/60000 (13%)]	Loss: 143.121475
[2022-10-20 01:18:31] PRINT Train Epoch: 7 [8960/60000 (15%)]	Loss: 133.243576
[2022-10-20 01:18:31] PRINT Train Epoch: 7 [10240/60000 (17%)]	Loss: 129.953827
[2022-10-20 01:18:31] PRINT Train Epoch: 7 [11520/60000 (19%)]	Loss: 134.644653
[2022-10-20 01:18:31] PRINT Train Epoch: 7 [12800/60000 (21%)]	Loss: 134.063812
[2022-10-20 01:18:31] PRINT Train Epoch: 7 [14080/60000 (23%)]	Loss: 133.900177
[2022-10-20 01:18:31] PRINT Train Epoch: 7 [15360/60000 (26%)]	Loss: 134.253937
[2022-10-20 01:18:31] PRINT Train Epoch: 7 [16640/60000 (28%)]	Loss: 128.447403
[2022-10-20 01:18:31] PRINT Train Epoch: 7 [17920/60000 (30%)]	Loss: 133.834625
[2022-10-20 01:18:31] PRINT Train Epoch: 7 [19200/60000 (32%)]	Loss: 132.454666
[2022-10-20 01:18:32] PRINT Train Epoch: 7 [20480/60000 (34%)]	Loss: 132.899612
[2022-10-20 01:18:32] PRINT Train Epoch: 7 [21760/60000 (36%)]	Loss: 125.208397
[2022-10-20 01:18:32] PRINT Train Epoch: 7 [23040/60000 (38%)]	Loss: 133.486877
[2022-10-20 01:18:32] PRINT Train Epoch: 7 [24320/60000 (41%)]	Loss: 135.976303
[2022-10-20 01:18:32] PRINT Train Epoch: 7 [25600/60000 (43%)]	Loss: 131.480850
[2022-10-20 01:18:32] PRINT Train Epoch: 7 [26880/60000 (45%)]	Loss: 135.431458
[2022-10-20 01:18:32] PRINT Train Epoch: 7 [28160/60000 (47%)]	Loss: 133.229126
[2022-10-20 01:18:32] PRINT Train Epoch: 7 [29440/60000 (49%)]	Loss: 136.778625
[2022-10-20 01:18:32] PRINT Train Epoch: 7 [30720/60000 (51%)]	Loss: 133.045563
[2022-10-20 01:18:32] PRINT Train Epoch: 7 [32000/60000 (53%)]	Loss: 141.819061
[2022-10-20 01:18:32] PRINT Train Epoch: 7 [33280/60000 (55%)]	Loss: 129.578491
[2022-10-20 01:18:32] PRINT Train Epoch: 7 [34560/60000 (58%)]	Loss: 134.168167
[2022-10-20 01:18:33] PRINT Train Epoch: 7 [35840/60000 (60%)]	Loss: 130.362686
[2022-10-20 01:18:33] PRINT Train Epoch: 7 [37120/60000 (62%)]	Loss: 135.073776
[2022-10-20 01:18:33] PRINT Train Epoch: 7 [38400/60000 (64%)]	Loss: 134.833969
[2022-10-20 01:18:33] PRINT Train Epoch: 7 [39680/60000 (66%)]	Loss: 131.155273
[2022-10-20 01:18:33] PRINT Train Epoch: 7 [40960/60000 (68%)]	Loss: 129.845245
[2022-10-20 01:18:33] PRINT Train Epoch: 7 [42240/60000 (70%)]	Loss: 127.246819
[2022-10-20 01:18:33] PRINT Train Epoch: 7 [43520/60000 (72%)]	Loss: 141.647095
[2022-10-20 01:18:33] PRINT Train Epoch: 7 [44800/60000 (75%)]	Loss: 137.159500
[2022-10-20 01:18:33] PRINT Train Epoch: 7 [46080/60000 (77%)]	Loss: 132.161591
[2022-10-20 01:18:33] PRINT Train Epoch: 7 [47360/60000 (79%)]	Loss: 127.603477
[2022-10-20 01:18:33] PRINT Train Epoch: 7 [48640/60000 (81%)]	Loss: 139.600693
[2022-10-20 01:18:33] PRINT Train Epoch: 7 [49920/60000 (83%)]	Loss: 132.169998
[2022-10-20 01:18:33] PRINT Train Epoch: 7 [51200/60000 (85%)]	Loss: 133.379150
[2022-10-20 01:18:34] PRINT Train Epoch: 7 [52480/60000 (87%)]	Loss: 133.781876
[2022-10-20 01:18:34] PRINT Train Epoch: 7 [53760/60000 (90%)]	Loss: 134.865906
[2022-10-20 01:18:34] PRINT Train Epoch: 7 [55040/60000 (92%)]	Loss: 140.301468
[2022-10-20 01:18:34] PRINT Train Epoch: 7 [56320/60000 (94%)]	Loss: 133.151093
[2022-10-20 01:18:34] PRINT Train Epoch: 7 [57600/60000 (96%)]	Loss: 128.580933
[2022-10-20 01:18:34] PRINT Train Epoch: 7 [58880/60000 (98%)]	Loss: 127.857040
[2022-10-20 01:18:34] PRINT ====> Epoch: 7 Average loss: 133.0033
[2022-10-20 01:18:35] PRINT ====> Test set loss: 132.9820
[2022-10-20 01:18:35] PRINT Train Epoch: 8 [0/60000 (0%)]	Loss: 131.572708
[2022-10-20 01:18:35] PRINT Train Epoch: 8 [1280/60000 (2%)]	Loss: 127.316910
[2022-10-20 01:18:35] PRINT Train Epoch: 8 [2560/60000 (4%)]	Loss: 132.559586
[2022-10-20 01:18:35] PRINT Train Epoch: 8 [3840/60000 (6%)]	Loss: 125.145660
[2022-10-20 01:18:35] PRINT Train Epoch: 8 [5120/60000 (9%)]	Loss: 131.692139
[2022-10-20 01:18:35] PRINT Train Epoch: 8 [6400/60000 (11%)]	Loss: 135.018753
[2022-10-20 01:18:35] PRINT Train Epoch: 8 [7680/60000 (13%)]	Loss: 136.019211
[2022-10-20 01:18:35] PRINT Train Epoch: 8 [8960/60000 (15%)]	Loss: 130.878052
[2022-10-20 01:18:36] PRINT Train Epoch: 8 [10240/60000 (17%)]	Loss: 136.815231
[2022-10-20 01:18:36] PRINT Train Epoch: 8 [11520/60000 (19%)]	Loss: 126.163445
[2022-10-20 01:18:36] PRINT Train Epoch: 8 [12800/60000 (21%)]	Loss: 135.034943
[2022-10-20 01:18:36] PRINT Train Epoch: 8 [14080/60000 (23%)]	Loss: 136.380081
[2022-10-20 01:18:36] PRINT Train Epoch: 8 [15360/60000 (26%)]	Loss: 129.532913
[2022-10-20 01:18:36] PRINT Train Epoch: 8 [16640/60000 (28%)]	Loss: 137.003494
[2022-10-20 01:18:36] PRINT Train Epoch: 8 [17920/60000 (30%)]	Loss: 129.038742
[2022-10-20 01:18:36] PRINT Train Epoch: 8 [19200/60000 (32%)]	Loss: 133.330490
[2022-10-20 01:18:36] PRINT Train Epoch: 8 [20480/60000 (34%)]	Loss: 129.105789
[2022-10-20 01:18:36] PRINT Train Epoch: 8 [21760/60000 (36%)]	Loss: 136.309021
[2022-10-20 01:18:36] PRINT Train Epoch: 8 [23040/60000 (38%)]	Loss: 128.197784
[2022-10-20 01:18:36] PRINT Train Epoch: 8 [24320/60000 (41%)]	Loss: 130.092010
[2022-10-20 01:18:37] PRINT Train Epoch: 8 [25600/60000 (43%)]	Loss: 132.894012
[2022-10-20 01:18:37] PRINT Train Epoch: 8 [26880/60000 (45%)]	Loss: 139.315186
[2022-10-20 01:18:37] PRINT Train Epoch: 8 [28160/60000 (47%)]	Loss: 131.819977
[2022-10-20 01:18:37] PRINT Train Epoch: 8 [29440/60000 (49%)]	Loss: 128.998352
[2022-10-20 01:18:37] PRINT Train Epoch: 8 [30720/60000 (51%)]	Loss: 137.651825
[2022-10-20 01:18:37] PRINT Train Epoch: 8 [32000/60000 (53%)]	Loss: 132.020584
[2022-10-20 01:18:37] PRINT Train Epoch: 8 [33280/60000 (55%)]	Loss: 132.308289
[2022-10-20 01:18:37] PRINT Train Epoch: 8 [34560/60000 (58%)]	Loss: 136.307251
[2022-10-20 01:18:37] PRINT Train Epoch: 8 [35840/60000 (60%)]	Loss: 133.847961
[2022-10-20 01:18:37] PRINT Train Epoch: 8 [37120/60000 (62%)]	Loss: 134.242065
[2022-10-20 01:18:37] PRINT Train Epoch: 8 [38400/60000 (64%)]	Loss: 127.935623
[2022-10-20 01:18:38] PRINT Train Epoch: 8 [39680/60000 (66%)]	Loss: 132.020813
[2022-10-20 01:18:38] PRINT Train Epoch: 8 [40960/60000 (68%)]	Loss: 135.533356
[2022-10-20 01:18:38] PRINT Train Epoch: 8 [42240/60000 (70%)]	Loss: 132.470978
[2022-10-20 01:18:38] PRINT Train Epoch: 8 [43520/60000 (72%)]	Loss: 131.212509
[2022-10-20 01:18:38] PRINT Train Epoch: 8 [44800/60000 (75%)]	Loss: 134.142807
[2022-10-20 01:18:38] PRINT Train Epoch: 8 [46080/60000 (77%)]	Loss: 134.227249
[2022-10-20 01:18:38] PRINT Train Epoch: 8 [47360/60000 (79%)]	Loss: 132.776505
[2022-10-20 01:18:38] PRINT Train Epoch: 8 [48640/60000 (81%)]	Loss: 132.492416
[2022-10-20 01:18:38] PRINT Train Epoch: 8 [49920/60000 (83%)]	Loss: 133.837006
[2022-10-20 01:18:38] PRINT Train Epoch: 8 [51200/60000 (85%)]	Loss: 129.288712
[2022-10-20 01:18:38] PRINT Train Epoch: 8 [52480/60000 (87%)]	Loss: 126.084770
[2022-10-20 01:18:39] PRINT Train Epoch: 8 [53760/60000 (90%)]	Loss: 131.624405
[2022-10-20 01:18:39] PRINT Train Epoch: 8 [55040/60000 (92%)]	Loss: 134.283783
[2022-10-20 01:18:39] PRINT Train Epoch: 8 [56320/60000 (94%)]	Loss: 132.900787
[2022-10-20 01:18:39] PRINT Train Epoch: 8 [57600/60000 (96%)]	Loss: 136.053162
[2022-10-20 01:18:39] PRINT Train Epoch: 8 [58880/60000 (98%)]	Loss: 134.661331
[2022-10-20 01:18:39] PRINT ====> Epoch: 8 Average loss: 132.8297
[2022-10-20 01:18:40] PRINT ====> Test set loss: 131.8485
[2022-10-20 01:18:40] PRINT Train Epoch: 9 [0/60000 (0%)]	Loss: 129.017197
[2022-10-20 01:18:40] PRINT Train Epoch: 9 [1280/60000 (2%)]	Loss: 132.020187
[2022-10-20 01:18:40] PRINT Train Epoch: 9 [2560/60000 (4%)]	Loss: 133.565094
[2022-10-20 01:18:40] PRINT Train Epoch: 9 [3840/60000 (6%)]	Loss: 136.448837
[2022-10-20 01:18:40] PRINT Train Epoch: 9 [5120/60000 (9%)]	Loss: 124.878181
[2022-10-20 01:18:40] PRINT Train Epoch: 9 [6400/60000 (11%)]	Loss: 137.552872
[2022-10-20 01:18:40] PRINT Train Epoch: 9 [7680/60000 (13%)]	Loss: 129.870789
[2022-10-20 01:18:40] PRINT Train Epoch: 9 [8960/60000 (15%)]	Loss: 125.315605
[2022-10-20 01:18:41] PRINT Train Epoch: 9 [10240/60000 (17%)]	Loss: 131.850250
[2022-10-20 01:18:41] PRINT Train Epoch: 9 [11520/60000 (19%)]	Loss: 138.880356
[2022-10-20 01:18:41] PRINT Train Epoch: 9 [12800/60000 (21%)]	Loss: 132.706345
[2022-10-20 01:18:41] PRINT Train Epoch: 9 [14080/60000 (23%)]	Loss: 135.221405
[2022-10-20 01:18:41] PRINT Train Epoch: 9 [15360/60000 (26%)]	Loss: 137.365707
[2022-10-20 01:18:41] PRINT Train Epoch: 9 [16640/60000 (28%)]	Loss: 135.873123
[2022-10-20 01:18:41] PRINT Train Epoch: 9 [17920/60000 (30%)]	Loss: 133.539764
[2022-10-20 01:18:41] PRINT Train Epoch: 9 [19200/60000 (32%)]	Loss: 135.058258
[2022-10-20 01:18:41] PRINT Train Epoch: 9 [20480/60000 (34%)]	Loss: 137.657639
[2022-10-20 01:18:41] PRINT Train Epoch: 9 [21760/60000 (36%)]	Loss: 129.454712
[2022-10-20 01:18:41] PRINT Train Epoch: 9 [23040/60000 (38%)]	Loss: 133.959473
[2022-10-20 01:18:42] PRINT Train Epoch: 9 [24320/60000 (41%)]	Loss: 130.897156
[2022-10-20 01:18:42] PRINT Train Epoch: 9 [25600/60000 (43%)]	Loss: 133.385284
[2022-10-20 01:18:42] PRINT Train Epoch: 9 [26880/60000 (45%)]	Loss: 141.654526
[2022-10-20 01:18:42] PRINT Train Epoch: 9 [28160/60000 (47%)]	Loss: 123.887459
[2022-10-20 01:18:42] PRINT Train Epoch: 9 [29440/60000 (49%)]	Loss: 126.812744
[2022-10-20 01:18:42] PRINT Train Epoch: 9 [30720/60000 (51%)]	Loss: 132.669891
[2022-10-20 01:18:42] PRINT Train Epoch: 9 [32000/60000 (53%)]	Loss: 135.285339
[2022-10-20 01:18:42] PRINT Train Epoch: 9 [33280/60000 (55%)]	Loss: 135.353333
[2022-10-20 01:18:42] PRINT Train Epoch: 9 [34560/60000 (58%)]	Loss: 131.786209
[2022-10-20 01:18:42] PRINT Train Epoch: 9 [35840/60000 (60%)]	Loss: 137.446945
[2022-10-20 01:18:42] PRINT Train Epoch: 9 [37120/60000 (62%)]	Loss: 125.698135
[2022-10-20 01:18:43] PRINT Train Epoch: 9 [38400/60000 (64%)]	Loss: 134.189178
[2022-10-20 01:18:43] PRINT Train Epoch: 9 [39680/60000 (66%)]	Loss: 132.283463
[2022-10-20 01:18:43] PRINT Train Epoch: 9 [40960/60000 (68%)]	Loss: 135.842300
[2022-10-20 01:18:43] PRINT Train Epoch: 9 [42240/60000 (70%)]	Loss: 128.844818
[2022-10-20 01:18:43] PRINT Train Epoch: 9 [43520/60000 (72%)]	Loss: 133.144836
[2022-10-20 01:18:43] PRINT Train Epoch: 9 [44800/60000 (75%)]	Loss: 129.261383
[2022-10-20 01:18:43] PRINT Train Epoch: 9 [46080/60000 (77%)]	Loss: 133.475586
[2022-10-20 01:18:43] PRINT Train Epoch: 9 [47360/60000 (79%)]	Loss: 134.605759
[2022-10-20 01:18:43] PRINT Train Epoch: 9 [48640/60000 (81%)]	Loss: 130.241348
[2022-10-20 01:18:43] PRINT Train Epoch: 9 [49920/60000 (83%)]	Loss: 131.578613
[2022-10-20 01:18:43] PRINT Train Epoch: 9 [51200/60000 (85%)]	Loss: 133.736160
[2022-10-20 01:18:44] PRINT Train Epoch: 9 [52480/60000 (87%)]	Loss: 137.663666
[2022-10-20 01:18:44] PRINT Train Epoch: 9 [53760/60000 (90%)]	Loss: 135.538116
[2022-10-20 01:18:44] PRINT Train Epoch: 9 [55040/60000 (92%)]	Loss: 136.358932
[2022-10-20 01:18:44] PRINT Train Epoch: 9 [56320/60000 (94%)]	Loss: 130.197693
[2022-10-20 01:18:44] PRINT Train Epoch: 9 [57600/60000 (96%)]	Loss: 133.103897
[2022-10-20 01:18:44] PRINT Train Epoch: 9 [58880/60000 (98%)]	Loss: 138.949646
[2022-10-20 01:18:44] PRINT ====> Epoch: 9 Average loss: 132.7833
[2022-10-20 01:18:45] PRINT ====> Test set loss: 131.2789
[2022-10-20 01:18:45] PRINT Train Epoch: 10 [0/60000 (0%)]	Loss: 131.762482
[2022-10-20 01:18:45] PRINT Train Epoch: 10 [1280/60000 (2%)]	Loss: 136.230591
[2022-10-20 01:18:45] PRINT Train Epoch: 10 [2560/60000 (4%)]	Loss: 130.371552
[2022-10-20 01:18:45] PRINT Train Epoch: 10 [3840/60000 (6%)]	Loss: 141.713715
[2022-10-20 01:18:45] PRINT Train Epoch: 10 [5120/60000 (9%)]	Loss: 131.738297
[2022-10-20 01:18:45] PRINT Train Epoch: 10 [6400/60000 (11%)]	Loss: 133.092789
[2022-10-20 01:18:45] PRINT Train Epoch: 10 [7680/60000 (13%)]	Loss: 128.162964
[2022-10-20 01:18:45] PRINT Train Epoch: 10 [8960/60000 (15%)]	Loss: 137.023056
[2022-10-20 01:18:46] PRINT Train Epoch: 10 [10240/60000 (17%)]	Loss: 131.421539
[2022-10-20 01:18:46] PRINT Train Epoch: 10 [11520/60000 (19%)]	Loss: 135.849457
[2022-10-20 01:18:46] PRINT Train Epoch: 10 [12800/60000 (21%)]	Loss: 130.599518
[2022-10-20 01:18:46] PRINT Train Epoch: 10 [14080/60000 (23%)]	Loss: 138.811523
[2022-10-20 01:18:46] PRINT Train Epoch: 10 [15360/60000 (26%)]	Loss: 128.561874
[2022-10-20 01:18:46] PRINT Train Epoch: 10 [16640/60000 (28%)]	Loss: 135.508301
[2022-10-20 01:18:46] PRINT Train Epoch: 10 [17920/60000 (30%)]	Loss: 131.893112
[2022-10-20 01:18:46] PRINT Train Epoch: 10 [19200/60000 (32%)]	Loss: 131.292969
[2022-10-20 01:18:46] PRINT Train Epoch: 10 [20480/60000 (34%)]	Loss: 131.308563
[2022-10-20 01:18:46] PRINT Train Epoch: 10 [21760/60000 (36%)]	Loss: 129.912216
[2022-10-20 01:18:46] PRINT Train Epoch: 10 [23040/60000 (38%)]	Loss: 133.099503
[2022-10-20 01:18:47] PRINT Train Epoch: 10 [24320/60000 (41%)]	Loss: 137.763763
[2022-10-20 01:18:47] PRINT Train Epoch: 10 [25600/60000 (43%)]	Loss: 139.901093
[2022-10-20 01:18:47] PRINT Train Epoch: 10 [26880/60000 (45%)]	Loss: 132.988754
[2022-10-20 01:18:47] PRINT Train Epoch: 10 [28160/60000 (47%)]	Loss: 127.282593
[2022-10-20 01:18:47] PRINT Train Epoch: 10 [29440/60000 (49%)]	Loss: 123.010323
[2022-10-20 01:18:47] PRINT Train Epoch: 10 [30720/60000 (51%)]	Loss: 128.609985
[2022-10-20 01:18:47] PRINT Train Epoch: 10 [32000/60000 (53%)]	Loss: 130.744202
[2022-10-20 01:18:47] PRINT Train Epoch: 10 [33280/60000 (55%)]	Loss: 131.749542
[2022-10-20 01:18:47] PRINT Train Epoch: 10 [34560/60000 (58%)]	Loss: 134.653595
[2022-10-20 01:18:47] PRINT Train Epoch: 10 [35840/60000 (60%)]	Loss: 132.064896
[2022-10-20 01:18:47] PRINT Train Epoch: 10 [37120/60000 (62%)]	Loss: 132.007553
[2022-10-20 01:18:48] PRINT Train Epoch: 10 [38400/60000 (64%)]	Loss: 125.049728
[2022-10-20 01:18:48] PRINT Train Epoch: 10 [39680/60000 (66%)]	Loss: 133.957733
[2022-10-20 01:18:48] PRINT Train Epoch: 10 [40960/60000 (68%)]	Loss: 130.087479
[2022-10-20 01:18:48] PRINT Train Epoch: 10 [42240/60000 (70%)]	Loss: 129.021408
[2022-10-20 01:18:48] PRINT Train Epoch: 10 [43520/60000 (72%)]	Loss: 137.068329
[2022-10-20 01:18:48] PRINT Train Epoch: 10 [44800/60000 (75%)]	Loss: 135.482086
[2022-10-20 01:18:48] PRINT Train Epoch: 10 [46080/60000 (77%)]	Loss: 126.512665
[2022-10-20 01:18:48] PRINT Train Epoch: 10 [47360/60000 (79%)]	Loss: 137.750534
[2022-10-20 01:18:48] PRINT Train Epoch: 10 [48640/60000 (81%)]	Loss: 132.677948
[2022-10-20 01:18:48] PRINT Train Epoch: 10 [49920/60000 (83%)]	Loss: 130.983719
[2022-10-20 01:18:48] PRINT Train Epoch: 10 [51200/60000 (85%)]	Loss: 128.977646
[2022-10-20 01:18:48] PRINT Train Epoch: 10 [52480/60000 (87%)]	Loss: 131.494995
[2022-10-20 01:18:49] PRINT Train Epoch: 10 [53760/60000 (90%)]	Loss: 132.957138
[2022-10-20 01:18:49] PRINT Train Epoch: 10 [55040/60000 (92%)]	Loss: 135.883621
[2022-10-20 01:18:49] PRINT Train Epoch: 10 [56320/60000 (94%)]	Loss: 132.578522
[2022-10-20 01:18:49] PRINT Train Epoch: 10 [57600/60000 (96%)]	Loss: 124.924675
[2022-10-20 01:18:49] PRINT Train Epoch: 10 [58880/60000 (98%)]	Loss: 129.315765
[2022-10-20 01:18:49] PRINT ====> Epoch: 10 Average loss: 132.3451
[2022-10-20 01:18:50] PRINT ====> Test set loss: 131.6763
