[2022-10-20 01:32:24] PRINT {'features1': 600, 'features2': 30, 'lr': 0.09712506280817317, 'epsilon': 1e-06}
[2022-10-20 01:32:25] PRINT Using cuda device
[2022-10-20 01:32:26] PRINT Train Epoch: 1 [0/60000 (0%)]	Loss: 547.314331
[2022-10-20 01:32:26] PRINT Train Epoch: 1 [1280/60000 (2%)]	Loss: 6336.400391
[2022-10-20 01:32:26] PRINT Train Epoch: 1 [2560/60000 (4%)]	Loss: 356.440002
[2022-10-20 01:32:26] PRINT Train Epoch: 1 [3840/60000 (6%)]	Loss: 345.471252
[2022-10-20 01:32:27] PRINT Train Epoch: 1 [5120/60000 (9%)]	Loss: 307.769775
[2022-10-20 01:32:27] PRINT Train Epoch: 1 [6400/60000 (11%)]	Loss: 266.703949
[2022-10-20 01:32:27] PRINT Train Epoch: 1 [7680/60000 (13%)]	Loss: 252.024979
[2022-10-20 01:32:27] PRINT Train Epoch: 1 [8960/60000 (15%)]	Loss: 236.044083
[2022-10-20 01:32:27] PRINT Train Epoch: 1 [10240/60000 (17%)]	Loss: 235.808945
[2022-10-20 01:32:27] PRINT Train Epoch: 1 [11520/60000 (19%)]	Loss: 238.422211
[2022-10-20 01:32:27] PRINT Train Epoch: 1 [12800/60000 (21%)]	Loss: 235.645203
[2022-10-20 01:32:27] PRINT Train Epoch: 1 [14080/60000 (23%)]	Loss: 232.829208
[2022-10-20 01:32:27] PRINT Train Epoch: 1 [15360/60000 (26%)]	Loss: 229.137604
[2022-10-20 01:32:27] PRINT Train Epoch: 1 [16640/60000 (28%)]	Loss: 240.184418
[2022-10-20 01:32:27] PRINT Train Epoch: 1 [17920/60000 (30%)]	Loss: 234.500320
[2022-10-20 01:32:27] PRINT Train Epoch: 1 [19200/60000 (32%)]	Loss: 233.284668
[2022-10-20 01:32:28] PRINT Train Epoch: 1 [20480/60000 (34%)]	Loss: 243.773804
[2022-10-20 01:32:28] PRINT Train Epoch: 1 [21760/60000 (36%)]	Loss: 230.578430
[2022-10-20 01:32:28] PRINT Train Epoch: 1 [23040/60000 (38%)]	Loss: 230.364288
[2022-10-20 01:32:28] PRINT Train Epoch: 1 [24320/60000 (41%)]	Loss: 231.035599
[2022-10-20 01:32:28] PRINT Train Epoch: 1 [25600/60000 (43%)]	Loss: 241.261185
[2022-10-20 01:32:28] PRINT Train Epoch: 1 [26880/60000 (45%)]	Loss: 228.159714
[2022-10-20 01:32:28] PRINT Train Epoch: 1 [28160/60000 (47%)]	Loss: 234.933228
[2022-10-20 01:32:28] PRINT Train Epoch: 1 [29440/60000 (49%)]	Loss: 226.888046
[2022-10-20 01:32:28] PRINT Train Epoch: 1 [30720/60000 (51%)]	Loss: 243.157715
[2022-10-20 01:32:28] PRINT Train Epoch: 1 [32000/60000 (53%)]	Loss: 238.211334
[2022-10-20 01:32:28] PRINT Train Epoch: 1 [33280/60000 (55%)]	Loss: 244.145203
[2022-10-20 01:32:29] PRINT Train Epoch: 1 [34560/60000 (58%)]	Loss: 233.036438
[2022-10-20 01:32:29] PRINT Train Epoch: 1 [35840/60000 (60%)]	Loss: 230.198059
[2022-10-20 01:32:29] PRINT Train Epoch: 1 [37120/60000 (62%)]	Loss: 227.173630
[2022-10-20 01:32:29] PRINT Train Epoch: 1 [38400/60000 (64%)]	Loss: 233.675446
[2022-10-20 01:32:29] PRINT Train Epoch: 1 [39680/60000 (66%)]	Loss: 236.384979
[2022-10-20 01:32:29] PRINT Train Epoch: 1 [40960/60000 (68%)]	Loss: 231.247299
[2022-10-20 01:32:29] PRINT Train Epoch: 1 [42240/60000 (70%)]	Loss: 232.010773
[2022-10-20 01:32:29] PRINT Train Epoch: 1 [43520/60000 (72%)]	Loss: 239.283432
[2022-10-20 01:32:29] PRINT Train Epoch: 1 [44800/60000 (75%)]	Loss: 238.434448
[2022-10-20 01:32:29] PRINT Train Epoch: 1 [46080/60000 (77%)]	Loss: 234.492615
[2022-10-20 01:32:29] PRINT Train Epoch: 1 [47360/60000 (79%)]	Loss: 233.806335
[2022-10-20 01:32:30] PRINT Train Epoch: 1 [48640/60000 (81%)]	Loss: 237.956406
[2022-10-20 01:32:30] PRINT Train Epoch: 1 [49920/60000 (83%)]	Loss: 238.620224
[2022-10-20 01:32:30] PRINT Train Epoch: 1 [51200/60000 (85%)]	Loss: 228.911575
[2022-10-20 01:32:30] PRINT Train Epoch: 1 [52480/60000 (87%)]	Loss: 240.323822
[2022-10-20 01:32:30] PRINT Train Epoch: 1 [53760/60000 (90%)]	Loss: 234.528732
[2022-10-20 01:32:30] PRINT Train Epoch: 1 [55040/60000 (92%)]	Loss: 228.197662
[2022-10-20 01:32:30] PRINT Train Epoch: 1 [56320/60000 (94%)]	Loss: 229.147369
[2022-10-20 01:32:30] PRINT Train Epoch: 1 [57600/60000 (96%)]	Loss: 236.999207
[2022-10-20 01:32:30] PRINT Train Epoch: 1 [58880/60000 (98%)]	Loss: 230.995804
[2022-10-20 01:32:30] PRINT ====> Epoch: 1 Average loss: 5647205212.4538
[2022-10-20 01:32:31] PRINT ====> Test set loss: 233.7268
[2022-10-20 01:32:31] PRINT Train Epoch: 2 [0/60000 (0%)]	Loss: 230.729492
[2022-10-20 01:32:31] PRINT Train Epoch: 2 [1280/60000 (2%)]	Loss: 231.280319
[2022-10-20 01:32:31] PRINT Train Epoch: 2 [2560/60000 (4%)]	Loss: 240.827194
[2022-10-20 01:32:31] PRINT Train Epoch: 2 [3840/60000 (6%)]	Loss: 242.909882
[2022-10-20 01:32:31] PRINT Train Epoch: 2 [5120/60000 (9%)]	Loss: 236.028259
[2022-10-20 01:32:32] PRINT Train Epoch: 2 [6400/60000 (11%)]	Loss: 255.115860
[2022-10-20 01:32:32] PRINT Train Epoch: 2 [7680/60000 (13%)]	Loss: 232.072525
[2022-10-20 01:32:32] PRINT Train Epoch: 2 [8960/60000 (15%)]	Loss: 234.401291
[2022-10-20 01:32:32] PRINT Train Epoch: 2 [10240/60000 (17%)]	Loss: 235.691681
[2022-10-20 01:32:32] PRINT Train Epoch: 2 [11520/60000 (19%)]	Loss: 233.658356
[2022-10-20 01:32:32] PRINT Train Epoch: 2 [12800/60000 (21%)]	Loss: 240.764954
[2022-10-20 01:32:32] PRINT Train Epoch: 2 [14080/60000 (23%)]	Loss: 227.913239
[2022-10-20 01:32:32] PRINT Train Epoch: 2 [15360/60000 (26%)]	Loss: 233.053833
[2022-10-20 01:32:32] PRINT Train Epoch: 2 [16640/60000 (28%)]	Loss: 234.330704
[2022-10-20 01:32:32] PRINT Train Epoch: 2 [17920/60000 (30%)]	Loss: 226.936401
[2022-10-20 01:32:32] PRINT Train Epoch: 2 [19200/60000 (32%)]	Loss: 234.356003
[2022-10-20 01:32:33] PRINT Train Epoch: 2 [20480/60000 (34%)]	Loss: 235.676407
[2022-10-20 01:32:33] PRINT Train Epoch: 2 [21760/60000 (36%)]	Loss: 254.913513
[2022-10-20 01:32:33] PRINT Train Epoch: 2 [23040/60000 (38%)]	Loss: 237.819778
[2022-10-20 01:32:33] PRINT Train Epoch: 2 [24320/60000 (41%)]	Loss: 235.956390
[2022-10-20 01:32:33] PRINT Train Epoch: 2 [25600/60000 (43%)]	Loss: 234.549911
[2022-10-20 01:32:33] PRINT Train Epoch: 2 [26880/60000 (45%)]	Loss: 233.636292
[2022-10-20 01:32:33] PRINT Train Epoch: 2 [28160/60000 (47%)]	Loss: 235.936356
[2022-10-20 01:32:33] PRINT Train Epoch: 2 [29440/60000 (49%)]	Loss: 236.868011
[2022-10-20 01:32:33] PRINT Train Epoch: 2 [30720/60000 (51%)]	Loss: 236.191406
[2022-10-20 01:32:33] PRINT Train Epoch: 2 [32000/60000 (53%)]	Loss: 230.539459
[2022-10-20 01:32:33] PRINT Train Epoch: 2 [33280/60000 (55%)]	Loss: 237.408051
[2022-10-20 01:32:33] PRINT Train Epoch: 2 [34560/60000 (58%)]	Loss: 231.746704
[2022-10-20 01:32:34] PRINT Train Epoch: 2 [35840/60000 (60%)]	Loss: 237.522644
[2022-10-20 01:32:34] PRINT Train Epoch: 2 [37120/60000 (62%)]	Loss: 253.405167
[2022-10-20 01:32:34] PRINT Train Epoch: 2 [38400/60000 (64%)]	Loss: 239.176285
[2022-10-20 01:32:34] PRINT Train Epoch: 2 [39680/60000 (66%)]	Loss: 268.175293
[2022-10-20 01:32:34] PRINT Train Epoch: 2 [40960/60000 (68%)]	Loss: 241.635681
[2022-10-20 01:32:34] PRINT Train Epoch: 2 [42240/60000 (70%)]	Loss: 266.590576
[2022-10-20 01:32:34] PRINT Train Epoch: 2 [43520/60000 (72%)]	Loss: 309.940369
[2022-10-20 01:32:34] PRINT Train Epoch: 2 [44800/60000 (75%)]	Loss: 250.331024
[2022-10-20 01:32:34] PRINT Train Epoch: 2 [46080/60000 (77%)]	Loss: 242.089386
[2022-10-20 01:32:34] PRINT Train Epoch: 2 [47360/60000 (79%)]	Loss: 239.855392
[2022-10-20 01:32:34] PRINT Train Epoch: 2 [48640/60000 (81%)]	Loss: 236.180740
[2022-10-20 01:32:35] PRINT Train Epoch: 2 [49920/60000 (83%)]	Loss: 235.690979
[2022-10-20 01:32:35] PRINT Train Epoch: 2 [51200/60000 (85%)]	Loss: 228.170776
[2022-10-20 01:32:35] PRINT Train Epoch: 2 [52480/60000 (87%)]	Loss: 237.797974
[2022-10-20 01:32:35] PRINT Train Epoch: 2 [53760/60000 (90%)]	Loss: 239.320084
[2022-10-20 01:32:35] PRINT Train Epoch: 2 [55040/60000 (92%)]	Loss: 258.518677
[2022-10-20 01:32:35] PRINT Train Epoch: 2 [56320/60000 (94%)]	Loss: 242.860596
[2022-10-20 01:32:35] PRINT Train Epoch: 2 [57600/60000 (96%)]	Loss: 243.255554
[2022-10-20 01:32:35] PRINT Train Epoch: 2 [58880/60000 (98%)]	Loss: 251.358139
[2022-10-20 01:32:35] PRINT ====> Epoch: 2 Average loss: 256.4407
[2022-10-20 01:32:36] PRINT ====> Test set loss: 236.1313
[2022-10-20 01:32:36] PRINT Train Epoch: 3 [0/60000 (0%)]	Loss: 234.388641
[2022-10-20 01:32:36] PRINT Train Epoch: 3 [1280/60000 (2%)]	Loss: 242.783554
[2022-10-20 01:32:36] PRINT Train Epoch: 3 [2560/60000 (4%)]	Loss: 239.930786
[2022-10-20 01:32:36] PRINT Train Epoch: 3 [3840/60000 (6%)]	Loss: 234.660522
[2022-10-20 01:32:36] PRINT Train Epoch: 3 [5120/60000 (9%)]	Loss: 238.593536
[2022-10-20 01:32:37] PRINT Train Epoch: 3 [6400/60000 (11%)]	Loss: 240.195984
[2022-10-20 01:32:37] PRINT Train Epoch: 3 [7680/60000 (13%)]	Loss: 234.920898
[2022-10-20 01:32:37] PRINT Train Epoch: 3 [8960/60000 (15%)]	Loss: 239.525238
[2022-10-20 01:32:37] PRINT Train Epoch: 3 [10240/60000 (17%)]	Loss: 232.677917
[2022-10-20 01:32:37] PRINT Train Epoch: 3 [11520/60000 (19%)]	Loss: 238.020477
[2022-10-20 01:32:37] PRINT Train Epoch: 3 [12800/60000 (21%)]	Loss: 235.224640
[2022-10-20 01:32:37] PRINT Train Epoch: 3 [14080/60000 (23%)]	Loss: 232.753586
[2022-10-20 01:32:37] PRINT Train Epoch: 3 [15360/60000 (26%)]	Loss: 235.988144
[2022-10-20 01:32:37] PRINT Train Epoch: 3 [16640/60000 (28%)]	Loss: 224.811188
[2022-10-20 01:32:37] PRINT Train Epoch: 3 [17920/60000 (30%)]	Loss: 224.714935
[2022-10-20 01:32:37] PRINT Train Epoch: 3 [19200/60000 (32%)]	Loss: 235.995087
[2022-10-20 01:32:37] PRINT Train Epoch: 3 [20480/60000 (34%)]	Loss: 235.727356
[2022-10-20 01:32:38] PRINT Train Epoch: 3 [21760/60000 (36%)]	Loss: 230.790344
[2022-10-20 01:32:38] PRINT Train Epoch: 3 [23040/60000 (38%)]	Loss: 232.435165
[2022-10-20 01:32:38] PRINT Train Epoch: 3 [24320/60000 (41%)]	Loss: 234.869980
[2022-10-20 01:32:38] PRINT Train Epoch: 3 [25600/60000 (43%)]	Loss: 240.616119
[2022-10-20 01:32:38] PRINT Train Epoch: 3 [26880/60000 (45%)]	Loss: 234.877914
[2022-10-20 01:32:38] PRINT Train Epoch: 3 [28160/60000 (47%)]	Loss: 231.155060
[2022-10-20 01:32:38] PRINT Train Epoch: 3 [29440/60000 (49%)]	Loss: 228.676819
[2022-10-20 01:32:38] PRINT Train Epoch: 3 [30720/60000 (51%)]	Loss: 235.658661
[2022-10-20 01:32:38] PRINT Train Epoch: 3 [32000/60000 (53%)]	Loss: 230.084229
[2022-10-20 01:32:38] PRINT Train Epoch: 3 [33280/60000 (55%)]	Loss: 233.066498
[2022-10-20 01:32:38] PRINT Train Epoch: 3 [34560/60000 (58%)]	Loss: 234.600052
[2022-10-20 01:32:39] PRINT Train Epoch: 3 [35840/60000 (60%)]	Loss: 235.149841
[2022-10-20 01:32:39] PRINT Train Epoch: 3 [37120/60000 (62%)]	Loss: 239.052536
[2022-10-20 01:32:39] PRINT Train Epoch: 3 [38400/60000 (64%)]	Loss: 237.220459
[2022-10-20 01:32:39] PRINT Train Epoch: 3 [39680/60000 (66%)]	Loss: 224.610992
[2022-10-20 01:32:39] PRINT Train Epoch: 3 [40960/60000 (68%)]	Loss: 231.017227
[2022-10-20 01:32:39] PRINT Train Epoch: 3 [42240/60000 (70%)]	Loss: 230.786850
[2022-10-20 01:32:39] PRINT Train Epoch: 3 [43520/60000 (72%)]	Loss: 229.425781
[2022-10-20 01:32:39] PRINT Train Epoch: 3 [44800/60000 (75%)]	Loss: 228.269119
[2022-10-20 01:32:39] PRINT Train Epoch: 3 [46080/60000 (77%)]	Loss: 231.590561
[2022-10-20 01:32:39] PRINT Train Epoch: 3 [47360/60000 (79%)]	Loss: 235.144836
[2022-10-20 01:32:39] PRINT Train Epoch: 3 [48640/60000 (81%)]	Loss: 228.409546
[2022-10-20 01:32:40] PRINT Train Epoch: 3 [49920/60000 (83%)]	Loss: 234.856293
[2022-10-20 01:32:40] PRINT Train Epoch: 3 [51200/60000 (85%)]	Loss: 238.708374
[2022-10-20 01:32:40] PRINT Train Epoch: 3 [52480/60000 (87%)]	Loss: 235.320953
[2022-10-20 01:32:40] PRINT Train Epoch: 3 [53760/60000 (90%)]	Loss: 229.437836
[2022-10-20 01:32:40] PRINT Train Epoch: 3 [55040/60000 (92%)]	Loss: 237.910690
[2022-10-20 01:32:40] PRINT Train Epoch: 3 [56320/60000 (94%)]	Loss: 234.386551
[2022-10-20 01:32:40] PRINT Train Epoch: 3 [57600/60000 (96%)]	Loss: 229.076950
[2022-10-20 01:32:40] PRINT Train Epoch: 3 [58880/60000 (98%)]	Loss: 236.925247
[2022-10-20 01:32:40] PRINT ====> Epoch: 3 Average loss: 349.8629
[2022-10-20 01:32:41] PRINT ====> Test set loss: 233.9817
[2022-10-20 01:32:41] PRINT Train Epoch: 4 [0/60000 (0%)]	Loss: 233.881592
[2022-10-20 01:32:41] PRINT Train Epoch: 4 [1280/60000 (2%)]	Loss: 232.709122
[2022-10-20 01:32:41] PRINT Train Epoch: 4 [2560/60000 (4%)]	Loss: 238.589294
[2022-10-20 01:32:41] PRINT Train Epoch: 4 [3840/60000 (6%)]	Loss: 239.232544
[2022-10-20 01:32:41] PRINT Train Epoch: 4 [5120/60000 (9%)]	Loss: 231.650085
[2022-10-20 01:32:41] PRINT Train Epoch: 4 [6400/60000 (11%)]	Loss: 222.498138
[2022-10-20 01:32:42] PRINT Train Epoch: 4 [7680/60000 (13%)]	Loss: 234.669800
[2022-10-20 01:32:42] PRINT Train Epoch: 4 [8960/60000 (15%)]	Loss: 229.494598
[2022-10-20 01:32:42] PRINT Train Epoch: 4 [10240/60000 (17%)]	Loss: 227.469482
[2022-10-20 01:32:42] PRINT Train Epoch: 4 [11520/60000 (19%)]	Loss: 251.281128
[2022-10-20 01:32:42] PRINT Train Epoch: 4 [12800/60000 (21%)]	Loss: 238.219635
[2022-10-20 01:32:42] PRINT Train Epoch: 4 [14080/60000 (23%)]	Loss: 250.519302
[2022-10-20 01:32:42] PRINT Train Epoch: 4 [15360/60000 (26%)]	Loss: 246.435577
[2022-10-20 01:32:42] PRINT Train Epoch: 4 [16640/60000 (28%)]	Loss: 247.913727
[2022-10-20 01:32:42] PRINT Train Epoch: 4 [17920/60000 (30%)]	Loss: 235.167786
[2022-10-20 01:32:42] PRINT Train Epoch: 4 [19200/60000 (32%)]	Loss: 248.378128
[2022-10-20 01:32:42] PRINT Train Epoch: 4 [20480/60000 (34%)]	Loss: 241.119904
[2022-10-20 01:32:43] PRINT Train Epoch: 4 [21760/60000 (36%)]	Loss: 236.158813
[2022-10-20 01:32:43] PRINT Train Epoch: 4 [23040/60000 (38%)]	Loss: 238.560364
[2022-10-20 01:32:43] PRINT Train Epoch: 4 [24320/60000 (41%)]	Loss: 229.906616
[2022-10-20 01:32:43] PRINT Train Epoch: 4 [25600/60000 (43%)]	Loss: 232.388840
[2022-10-20 01:32:43] PRINT Train Epoch: 4 [26880/60000 (45%)]	Loss: 229.625229
[2022-10-20 01:32:43] PRINT Train Epoch: 4 [28160/60000 (47%)]	Loss: 235.509476
[2022-10-20 01:32:43] PRINT Train Epoch: 4 [29440/60000 (49%)]	Loss: 228.864594
[2022-10-20 01:32:43] PRINT Train Epoch: 4 [30720/60000 (51%)]	Loss: 234.029800
[2022-10-20 01:32:43] PRINT Train Epoch: 4 [32000/60000 (53%)]	Loss: 239.019623
[2022-10-20 01:32:43] PRINT Train Epoch: 4 [33280/60000 (55%)]	Loss: 238.382690
[2022-10-20 01:32:43] PRINT Train Epoch: 4 [34560/60000 (58%)]	Loss: 234.027771
[2022-10-20 01:32:44] PRINT Train Epoch: 4 [35840/60000 (60%)]	Loss: 230.936783
[2022-10-20 01:32:44] PRINT Train Epoch: 4 [37120/60000 (62%)]	Loss: 235.932465
[2022-10-20 01:32:44] PRINT Train Epoch: 4 [38400/60000 (64%)]	Loss: 238.310120
[2022-10-20 01:32:44] PRINT Train Epoch: 4 [39680/60000 (66%)]	Loss: 235.031921
[2022-10-20 01:32:44] PRINT Train Epoch: 4 [40960/60000 (68%)]	Loss: 235.101883
[2022-10-20 01:32:44] PRINT Train Epoch: 4 [42240/60000 (70%)]	Loss: 240.433701
[2022-10-20 01:32:44] PRINT Train Epoch: 4 [43520/60000 (72%)]	Loss: 277.761871
[2022-10-20 01:32:44] PRINT Train Epoch: 4 [44800/60000 (75%)]	Loss: 572.816895
[2022-10-20 01:32:44] PRINT Train Epoch: 4 [46080/60000 (77%)]	Loss: 254.245087
[2022-10-20 01:32:44] PRINT Train Epoch: 4 [47360/60000 (79%)]	Loss: 367.863892
[2022-10-20 01:32:45] PRINT Train Epoch: 4 [48640/60000 (81%)]	Loss: 286.492920
[2022-10-20 01:32:45] PRINT Train Epoch: 4 [49920/60000 (83%)]	Loss: 254.861603
[2022-10-20 01:32:45] PRINT Train Epoch: 4 [51200/60000 (85%)]	Loss: 313.878296
[2022-10-20 01:32:45] PRINT Train Epoch: 4 [52480/60000 (87%)]	Loss: 235.139954
[2022-10-20 01:32:45] PRINT Train Epoch: 4 [53760/60000 (90%)]	Loss: 283.490601
[2022-10-20 01:32:45] PRINT Train Epoch: 4 [55040/60000 (92%)]	Loss: 248.489777
[2022-10-20 01:32:45] PRINT Train Epoch: 4 [56320/60000 (94%)]	Loss: 302.694122
[2022-10-20 01:32:45] PRINT Train Epoch: 4 [57600/60000 (96%)]	Loss: 640.361206
[2022-10-20 01:32:45] PRINT Train Epoch: 4 [58880/60000 (98%)]	Loss: 289.694092
[2022-10-20 01:32:45] PRINT ====> Epoch: 4 Average loss: 266.1852
[2022-10-20 01:32:46] PRINT ====> Test set loss: 818.6752
[2022-10-20 01:32:46] PRINT Train Epoch: 5 [0/60000 (0%)]	Loss: 801.078857
[2022-10-20 01:32:46] PRINT Train Epoch: 5 [1280/60000 (2%)]	Loss: 2014.498169
[2022-10-20 01:32:46] PRINT Train Epoch: 5 [2560/60000 (4%)]	Loss: 1440.546143
[2022-10-20 01:32:46] PRINT Train Epoch: 5 [3840/60000 (6%)]	Loss: 693.194763
[2022-10-20 01:32:46] PRINT Train Epoch: 5 [5120/60000 (9%)]	Loss: 372.911560
[2022-10-20 01:32:46] PRINT Train Epoch: 5 [6400/60000 (11%)]	Loss: 332.996643
[2022-10-20 01:32:47] PRINT Train Epoch: 5 [7680/60000 (13%)]	Loss: 333.943481
[2022-10-20 01:32:47] PRINT Train Epoch: 5 [8960/60000 (15%)]	Loss: 284.771271
[2022-10-20 01:32:47] PRINT Train Epoch: 5 [10240/60000 (17%)]	Loss: 253.116440
[2022-10-20 01:32:47] PRINT Train Epoch: 5 [11520/60000 (19%)]	Loss: 243.651855
[2022-10-20 01:32:47] PRINT Train Epoch: 5 [12800/60000 (21%)]	Loss: 237.484802
[2022-10-20 01:32:47] PRINT Train Epoch: 5 [14080/60000 (23%)]	Loss: 229.829895
[2022-10-20 01:32:47] PRINT Train Epoch: 5 [15360/60000 (26%)]	Loss: 247.913666
[2022-10-20 01:32:47] PRINT Train Epoch: 5 [16640/60000 (28%)]	Loss: 248.170959
[2022-10-20 01:32:47] PRINT Train Epoch: 5 [17920/60000 (30%)]	Loss: 237.294983
[2022-10-20 01:32:47] PRINT Train Epoch: 5 [19200/60000 (32%)]	Loss: 229.284653
[2022-10-20 01:32:47] PRINT Train Epoch: 5 [20480/60000 (34%)]	Loss: 242.116760
[2022-10-20 01:32:48] PRINT Train Epoch: 5 [21760/60000 (36%)]	Loss: 231.287827
[2022-10-20 01:32:48] PRINT Train Epoch: 5 [23040/60000 (38%)]	Loss: 238.273499
[2022-10-20 01:32:48] PRINT Train Epoch: 5 [24320/60000 (41%)]	Loss: 232.033966
[2022-10-20 01:32:48] PRINT Train Epoch: 5 [25600/60000 (43%)]	Loss: 235.251923
[2022-10-20 01:32:48] PRINT Train Epoch: 5 [26880/60000 (45%)]	Loss: 238.457703
[2022-10-20 01:32:48] PRINT Train Epoch: 5 [28160/60000 (47%)]	Loss: 235.178650
[2022-10-20 01:32:48] PRINT Train Epoch: 5 [29440/60000 (49%)]	Loss: 229.753784
[2022-10-20 01:32:48] PRINT Train Epoch: 5 [30720/60000 (51%)]	Loss: 225.876129
[2022-10-20 01:32:48] PRINT Train Epoch: 5 [32000/60000 (53%)]	Loss: 242.425217
[2022-10-20 01:32:48] PRINT Train Epoch: 5 [33280/60000 (55%)]	Loss: 242.191391
[2022-10-20 01:32:48] PRINT Train Epoch: 5 [34560/60000 (58%)]	Loss: 235.232162
[2022-10-20 01:32:49] PRINT Train Epoch: 5 [35840/60000 (60%)]	Loss: 233.356262
[2022-10-20 01:32:49] PRINT Train Epoch: 5 [37120/60000 (62%)]	Loss: 241.443542
[2022-10-20 01:32:49] PRINT Train Epoch: 5 [38400/60000 (64%)]	Loss: 232.528244
[2022-10-20 01:32:49] PRINT Train Epoch: 5 [39680/60000 (66%)]	Loss: 228.557938
[2022-10-20 01:32:49] PRINT Train Epoch: 5 [40960/60000 (68%)]	Loss: 232.611176
[2022-10-20 01:32:49] PRINT Train Epoch: 5 [42240/60000 (70%)]	Loss: 238.444733
[2022-10-20 01:32:49] PRINT Train Epoch: 5 [43520/60000 (72%)]	Loss: 231.963776
[2022-10-20 01:32:49] PRINT Train Epoch: 5 [44800/60000 (75%)]	Loss: 238.358948
[2022-10-20 01:32:49] PRINT Train Epoch: 5 [46080/60000 (77%)]	Loss: 238.465210
[2022-10-20 01:32:49] PRINT Train Epoch: 5 [47360/60000 (79%)]	Loss: 237.986740
[2022-10-20 01:32:49] PRINT Train Epoch: 5 [48640/60000 (81%)]	Loss: 225.047821
[2022-10-20 01:32:50] PRINT Train Epoch: 5 [49920/60000 (83%)]	Loss: 235.405441
[2022-10-20 01:32:50] PRINT Train Epoch: 5 [51200/60000 (85%)]	Loss: 237.481445
[2022-10-20 01:32:50] PRINT Train Epoch: 5 [52480/60000 (87%)]	Loss: 239.894562
[2022-10-20 01:32:50] PRINT Train Epoch: 5 [53760/60000 (90%)]	Loss: 237.298340
[2022-10-20 01:32:50] PRINT Train Epoch: 5 [55040/60000 (92%)]	Loss: 242.512512
[2022-10-20 01:32:50] PRINT Train Epoch: 5 [56320/60000 (94%)]	Loss: 228.667343
[2022-10-20 01:32:50] PRINT Train Epoch: 5 [57600/60000 (96%)]	Loss: 238.331726
[2022-10-20 01:32:50] PRINT Train Epoch: 5 [58880/60000 (98%)]	Loss: 236.455582
[2022-10-20 01:32:50] PRINT ====> Epoch: 5 Average loss: 329.0739
[2022-10-20 01:32:51] PRINT ====> Test set loss: 234.5035
[2022-10-20 01:32:51] PRINT Train Epoch: 6 [0/60000 (0%)]	Loss: 233.495071
[2022-10-20 01:32:51] PRINT Train Epoch: 6 [1280/60000 (2%)]	Loss: 233.365540
[2022-10-20 01:32:51] PRINT Train Epoch: 6 [2560/60000 (4%)]	Loss: 230.992630
[2022-10-20 01:32:51] PRINT Train Epoch: 6 [3840/60000 (6%)]	Loss: 228.384079
[2022-10-20 01:32:51] PRINT Train Epoch: 6 [5120/60000 (9%)]	Loss: 223.369949
[2022-10-20 01:32:51] PRINT Train Epoch: 6 [6400/60000 (11%)]	Loss: 235.235657
[2022-10-20 01:32:52] PRINT Train Epoch: 6 [7680/60000 (13%)]	Loss: 246.301453
[2022-10-20 01:32:52] PRINT Train Epoch: 6 [8960/60000 (15%)]	Loss: 228.178558
[2022-10-20 01:32:52] PRINT Train Epoch: 6 [10240/60000 (17%)]	Loss: 238.623230
[2022-10-20 01:32:52] PRINT Train Epoch: 6 [11520/60000 (19%)]	Loss: 232.833847
[2022-10-20 01:32:52] PRINT Train Epoch: 6 [12800/60000 (21%)]	Loss: 234.762848
[2022-10-20 01:32:52] PRINT Train Epoch: 6 [14080/60000 (23%)]	Loss: 229.532700
[2022-10-20 01:32:52] PRINT Train Epoch: 6 [15360/60000 (26%)]	Loss: 242.402191
[2022-10-20 01:32:52] PRINT Train Epoch: 6 [16640/60000 (28%)]	Loss: 237.306168
[2022-10-20 01:32:52] PRINT Train Epoch: 6 [17920/60000 (30%)]	Loss: 228.017929
[2022-10-20 01:32:52] PRINT Train Epoch: 6 [19200/60000 (32%)]	Loss: 241.435593
[2022-10-20 01:32:52] PRINT Train Epoch: 6 [20480/60000 (34%)]	Loss: 233.683868
[2022-10-20 01:32:53] PRINT Train Epoch: 6 [21760/60000 (36%)]	Loss: 235.622192
[2022-10-20 01:32:53] PRINT Train Epoch: 6 [23040/60000 (38%)]	Loss: 229.372894
[2022-10-20 01:32:53] PRINT Train Epoch: 6 [24320/60000 (41%)]	Loss: 239.229874
[2022-10-20 01:32:53] PRINT Train Epoch: 6 [25600/60000 (43%)]	Loss: 238.212814
[2022-10-20 01:32:53] PRINT Train Epoch: 6 [26880/60000 (45%)]	Loss: 230.065475
[2022-10-20 01:32:53] PRINT Train Epoch: 6 [28160/60000 (47%)]	Loss: 230.245819
[2022-10-20 01:32:53] PRINT Train Epoch: 6 [29440/60000 (49%)]	Loss: 234.423798
[2022-10-20 01:32:53] PRINT Train Epoch: 6 [30720/60000 (51%)]	Loss: 233.486404
[2022-10-20 01:32:53] PRINT Train Epoch: 6 [32000/60000 (53%)]	Loss: 234.320923
[2022-10-20 01:32:53] PRINT Train Epoch: 6 [33280/60000 (55%)]	Loss: 234.406021
[2022-10-20 01:32:53] PRINT Train Epoch: 6 [34560/60000 (58%)]	Loss: 238.272690
[2022-10-20 01:32:53] PRINT Train Epoch: 6 [35840/60000 (60%)]	Loss: 232.652405
[2022-10-20 01:32:54] PRINT Train Epoch: 6 [37120/60000 (62%)]	Loss: 236.213287
[2022-10-20 01:32:54] PRINT Train Epoch: 6 [38400/60000 (64%)]	Loss: 228.277588
[2022-10-20 01:32:54] PRINT Train Epoch: 6 [39680/60000 (66%)]	Loss: 233.559677
[2022-10-20 01:32:54] PRINT Train Epoch: 6 [40960/60000 (68%)]	Loss: 235.047333
[2022-10-20 01:32:54] PRINT Train Epoch: 6 [42240/60000 (70%)]	Loss: 234.394791
[2022-10-20 01:32:54] PRINT Train Epoch: 6 [43520/60000 (72%)]	Loss: 240.093933
[2022-10-20 01:32:54] PRINT Train Epoch: 6 [44800/60000 (75%)]	Loss: 230.231812
[2022-10-20 01:32:54] PRINT Train Epoch: 6 [46080/60000 (77%)]	Loss: 241.603363
[2022-10-20 01:32:54] PRINT Train Epoch: 6 [47360/60000 (79%)]	Loss: 235.380493
[2022-10-20 01:32:54] PRINT Train Epoch: 6 [48640/60000 (81%)]	Loss: 238.854736
[2022-10-20 01:32:55] PRINT Train Epoch: 6 [49920/60000 (83%)]	Loss: 238.883804
[2022-10-20 01:32:55] PRINT Train Epoch: 6 [51200/60000 (85%)]	Loss: 240.132233
[2022-10-20 01:32:55] PRINT Train Epoch: 6 [52480/60000 (87%)]	Loss: 235.127930
[2022-10-20 01:32:55] PRINT Train Epoch: 6 [53760/60000 (90%)]	Loss: 231.584991
[2022-10-20 01:32:55] PRINT Train Epoch: 6 [55040/60000 (92%)]	Loss: 237.746552
[2022-10-20 01:32:55] PRINT Train Epoch: 6 [56320/60000 (94%)]	Loss: 236.510681
[2022-10-20 01:32:55] PRINT Train Epoch: 6 [57600/60000 (96%)]	Loss: 231.720703
[2022-10-20 01:32:55] PRINT Train Epoch: 6 [58880/60000 (98%)]	Loss: 233.427383
[2022-10-20 01:32:55] PRINT ====> Epoch: 6 Average loss: 234.8682
[2022-10-20 01:32:56] PRINT ====> Test set loss: 233.4329
[2022-10-20 01:32:56] PRINT Train Epoch: 7 [0/60000 (0%)]	Loss: 232.361938
[2022-10-20 01:32:56] PRINT Train Epoch: 7 [1280/60000 (2%)]	Loss: 236.106705
[2022-10-20 01:32:56] PRINT Train Epoch: 7 [2560/60000 (4%)]	Loss: 236.575089
[2022-10-20 01:32:56] PRINT Train Epoch: 7 [3840/60000 (6%)]	Loss: 230.655853
[2022-10-20 01:32:56] PRINT Train Epoch: 7 [5120/60000 (9%)]	Loss: 233.811310
[2022-10-20 01:32:56] PRINT Train Epoch: 7 [6400/60000 (11%)]	Loss: 234.700409
[2022-10-20 01:32:57] PRINT Train Epoch: 7 [7680/60000 (13%)]	Loss: 234.295441
[2022-10-20 01:32:57] PRINT Train Epoch: 7 [8960/60000 (15%)]	Loss: 227.052979
[2022-10-20 01:32:57] PRINT Train Epoch: 7 [10240/60000 (17%)]	Loss: 238.216980
[2022-10-20 01:32:57] PRINT Train Epoch: 7 [11520/60000 (19%)]	Loss: 236.247437
[2022-10-20 01:32:57] PRINT Train Epoch: 7 [12800/60000 (21%)]	Loss: 240.803467
[2022-10-20 01:32:57] PRINT Train Epoch: 7 [14080/60000 (23%)]	Loss: 231.513214
[2022-10-20 01:32:57] PRINT Train Epoch: 7 [15360/60000 (26%)]	Loss: 237.017227
[2022-10-20 01:32:57] PRINT Train Epoch: 7 [16640/60000 (28%)]	Loss: 235.752609
[2022-10-20 01:32:57] PRINT Train Epoch: 7 [17920/60000 (30%)]	Loss: 244.327164
[2022-10-20 01:32:57] PRINT Train Epoch: 7 [19200/60000 (32%)]	Loss: 237.315430
[2022-10-20 01:32:57] PRINT Train Epoch: 7 [20480/60000 (34%)]	Loss: 231.402725
[2022-10-20 01:32:58] PRINT Train Epoch: 7 [21760/60000 (36%)]	Loss: 231.531647
[2022-10-20 01:32:58] PRINT Train Epoch: 7 [23040/60000 (38%)]	Loss: 237.626083
[2022-10-20 01:32:58] PRINT Train Epoch: 7 [24320/60000 (41%)]	Loss: 229.989655
[2022-10-20 01:32:58] PRINT Train Epoch: 7 [25600/60000 (43%)]	Loss: 224.023193
[2022-10-20 01:32:58] PRINT Train Epoch: 7 [26880/60000 (45%)]	Loss: 235.191422
[2022-10-20 01:32:58] PRINT Train Epoch: 7 [28160/60000 (47%)]	Loss: 240.281631
[2022-10-20 01:32:58] PRINT Train Epoch: 7 [29440/60000 (49%)]	Loss: 236.739899
[2022-10-20 01:32:58] PRINT Train Epoch: 7 [30720/60000 (51%)]	Loss: 234.878693
[2022-10-20 01:32:58] PRINT Train Epoch: 7 [32000/60000 (53%)]	Loss: 236.579681
[2022-10-20 01:32:58] PRINT Train Epoch: 7 [33280/60000 (55%)]	Loss: 226.275879
[2022-10-20 01:32:59] PRINT Train Epoch: 7 [34560/60000 (58%)]	Loss: 234.979980
[2022-10-20 01:32:59] PRINT Train Epoch: 7 [35840/60000 (60%)]	Loss: 231.779297
[2022-10-20 01:32:59] PRINT Train Epoch: 7 [37120/60000 (62%)]	Loss: 237.089600
[2022-10-20 01:32:59] PRINT Train Epoch: 7 [38400/60000 (64%)]	Loss: 237.207092
[2022-10-20 01:32:59] PRINT Train Epoch: 7 [39680/60000 (66%)]	Loss: 235.428131
[2022-10-20 01:32:59] PRINT Train Epoch: 7 [40960/60000 (68%)]	Loss: 230.513382
[2022-10-20 01:32:59] PRINT Train Epoch: 7 [42240/60000 (70%)]	Loss: 241.668564
[2022-10-20 01:32:59] PRINT Train Epoch: 7 [43520/60000 (72%)]	Loss: 238.531158
[2022-10-20 01:32:59] PRINT Train Epoch: 7 [44800/60000 (75%)]	Loss: 239.077728
[2022-10-20 01:32:59] PRINT Train Epoch: 7 [46080/60000 (77%)]	Loss: 235.578537
[2022-10-20 01:32:59] PRINT Train Epoch: 7 [47360/60000 (79%)]	Loss: 230.688141
[2022-10-20 01:33:00] PRINT Train Epoch: 7 [48640/60000 (81%)]	Loss: 231.040512
[2022-10-20 01:33:00] PRINT Train Epoch: 7 [49920/60000 (83%)]	Loss: 233.981400
[2022-10-20 01:33:00] PRINT Train Epoch: 7 [51200/60000 (85%)]	Loss: 240.364136
[2022-10-20 01:33:00] PRINT Train Epoch: 7 [52480/60000 (87%)]	Loss: 234.764465
[2022-10-20 01:33:00] PRINT Train Epoch: 7 [53760/60000 (90%)]	Loss: 234.768539
[2022-10-20 01:33:00] PRINT Train Epoch: 7 [55040/60000 (92%)]	Loss: 236.558472
[2022-10-20 01:33:00] PRINT Train Epoch: 7 [56320/60000 (94%)]	Loss: 230.642044
[2022-10-20 01:33:00] PRINT Train Epoch: 7 [57600/60000 (96%)]	Loss: 233.276016
[2022-10-20 01:33:00] PRINT Train Epoch: 7 [58880/60000 (98%)]	Loss: 233.879517
[2022-10-20 01:33:00] PRINT ====> Epoch: 7 Average loss: 234.3242
[2022-10-20 01:33:01] PRINT ====> Test set loss: 235.7225
[2022-10-20 01:33:01] PRINT Train Epoch: 8 [0/60000 (0%)]	Loss: 237.540192
[2022-10-20 01:33:01] PRINT Train Epoch: 8 [1280/60000 (2%)]	Loss: 229.746307
[2022-10-20 01:33:01] PRINT Train Epoch: 8 [2560/60000 (4%)]	Loss: 230.753174
[2022-10-20 01:33:01] PRINT Train Epoch: 8 [3840/60000 (6%)]	Loss: 232.209488
[2022-10-20 01:33:01] PRINT Train Epoch: 8 [5120/60000 (9%)]	Loss: 224.610672
[2022-10-20 01:33:02] PRINT Train Epoch: 8 [6400/60000 (11%)]	Loss: 235.353729
[2022-10-20 01:33:02] PRINT Train Epoch: 8 [7680/60000 (13%)]	Loss: 235.464294
[2022-10-20 01:33:02] PRINT Train Epoch: 8 [8960/60000 (15%)]	Loss: 233.786972
[2022-10-20 01:33:02] PRINT Train Epoch: 8 [10240/60000 (17%)]	Loss: 235.817261
[2022-10-20 01:33:02] PRINT Train Epoch: 8 [11520/60000 (19%)]	Loss: 244.592957
[2022-10-20 01:33:02] PRINT Train Epoch: 8 [12800/60000 (21%)]	Loss: 234.076553
[2022-10-20 01:33:02] PRINT Train Epoch: 8 [14080/60000 (23%)]	Loss: 237.685532
[2022-10-20 01:33:02] PRINT Train Epoch: 8 [15360/60000 (26%)]	Loss: 243.280853
[2022-10-20 01:33:02] PRINT Train Epoch: 8 [16640/60000 (28%)]	Loss: 234.105850
[2022-10-20 01:33:02] PRINT Train Epoch: 8 [17920/60000 (30%)]	Loss: 233.920486
[2022-10-20 01:33:02] PRINT Train Epoch: 8 [19200/60000 (32%)]	Loss: 233.687317
[2022-10-20 01:33:03] PRINT Train Epoch: 8 [20480/60000 (34%)]	Loss: 230.900848
[2022-10-20 01:33:03] PRINT Train Epoch: 8 [21760/60000 (36%)]	Loss: 235.605667
[2022-10-20 01:33:03] PRINT Train Epoch: 8 [23040/60000 (38%)]	Loss: 237.650772
[2022-10-20 01:33:03] PRINT Train Epoch: 8 [24320/60000 (41%)]	Loss: 234.570969
[2022-10-20 01:33:03] PRINT Train Epoch: 8 [25600/60000 (43%)]	Loss: 235.609726
[2022-10-20 01:33:03] PRINT Train Epoch: 8 [26880/60000 (45%)]	Loss: 241.009338
[2022-10-20 01:33:03] PRINT Train Epoch: 8 [28160/60000 (47%)]	Loss: 246.223312
[2022-10-20 01:33:03] PRINT Train Epoch: 8 [29440/60000 (49%)]	Loss: 246.032043
[2022-10-20 01:33:03] PRINT Train Epoch: 8 [30720/60000 (51%)]	Loss: 233.968506
[2022-10-20 01:33:03] PRINT Train Epoch: 8 [32000/60000 (53%)]	Loss: 244.112366
[2022-10-20 01:33:03] PRINT Train Epoch: 8 [33280/60000 (55%)]	Loss: 236.405334
[2022-10-20 01:33:04] PRINT Train Epoch: 8 [34560/60000 (58%)]	Loss: 240.302780
[2022-10-20 01:33:04] PRINT Train Epoch: 8 [35840/60000 (60%)]	Loss: 234.189133
[2022-10-20 01:33:04] PRINT Train Epoch: 8 [37120/60000 (62%)]	Loss: 239.327591
[2022-10-20 01:33:04] PRINT Train Epoch: 8 [38400/60000 (64%)]	Loss: 230.381348
[2022-10-20 01:33:04] PRINT Train Epoch: 8 [39680/60000 (66%)]	Loss: 229.861038
[2022-10-20 01:33:04] PRINT Train Epoch: 8 [40960/60000 (68%)]	Loss: 230.232391
[2022-10-20 01:33:04] PRINT Train Epoch: 8 [42240/60000 (70%)]	Loss: 245.649872
[2022-10-20 01:33:04] PRINT Train Epoch: 8 [43520/60000 (72%)]	Loss: 234.685104
[2022-10-20 01:33:04] PRINT Train Epoch: 8 [44800/60000 (75%)]	Loss: 234.318787
[2022-10-20 01:33:04] PRINT Train Epoch: 8 [46080/60000 (77%)]	Loss: 234.207962
[2022-10-20 01:33:04] PRINT Train Epoch: 8 [47360/60000 (79%)]	Loss: 235.374847
[2022-10-20 01:33:05] PRINT Train Epoch: 8 [48640/60000 (81%)]	Loss: 239.007416
[2022-10-20 01:33:05] PRINT Train Epoch: 8 [49920/60000 (83%)]	Loss: 233.502777
[2022-10-20 01:33:05] PRINT Train Epoch: 8 [51200/60000 (85%)]	Loss: 235.034210
[2022-10-20 01:33:05] PRINT Train Epoch: 8 [52480/60000 (87%)]	Loss: 239.350967
[2022-10-20 01:33:05] PRINT Train Epoch: 8 [53760/60000 (90%)]	Loss: 239.907654
[2022-10-20 01:33:05] PRINT Train Epoch: 8 [55040/60000 (92%)]	Loss: 229.796310
[2022-10-20 01:33:05] PRINT Train Epoch: 8 [56320/60000 (94%)]	Loss: 237.335510
[2022-10-20 01:33:05] PRINT Train Epoch: 8 [57600/60000 (96%)]	Loss: 237.576752
[2022-10-20 01:33:05] PRINT Train Epoch: 8 [58880/60000 (98%)]	Loss: 239.027237
[2022-10-20 01:33:05] PRINT ====> Epoch: 8 Average loss: 235.3989
[2022-10-20 01:33:06] PRINT ====> Test set loss: 236.0475
[2022-10-20 01:33:06] PRINT Train Epoch: 9 [0/60000 (0%)]	Loss: 241.572159
[2022-10-20 01:33:06] PRINT Train Epoch: 9 [1280/60000 (2%)]	Loss: 234.242599
[2022-10-20 01:33:06] PRINT Train Epoch: 9 [2560/60000 (4%)]	Loss: 231.306549
[2022-10-20 01:33:06] PRINT Train Epoch: 9 [3840/60000 (6%)]	Loss: 234.244965
[2022-10-20 01:33:07] PRINT Train Epoch: 9 [5120/60000 (9%)]	Loss: 237.775909
[2022-10-20 01:33:07] PRINT Train Epoch: 9 [6400/60000 (11%)]	Loss: 227.300293
[2022-10-20 01:33:07] PRINT Train Epoch: 9 [7680/60000 (13%)]	Loss: 227.116196
[2022-10-20 01:33:07] PRINT Train Epoch: 9 [8960/60000 (15%)]	Loss: 238.250122
[2022-10-20 01:33:07] PRINT Train Epoch: 9 [10240/60000 (17%)]	Loss: 229.717331
[2022-10-20 01:33:07] PRINT Train Epoch: 9 [11520/60000 (19%)]	Loss: 232.016357
[2022-10-20 01:33:07] PRINT Train Epoch: 9 [12800/60000 (21%)]	Loss: 229.067001
[2022-10-20 01:33:07] PRINT Train Epoch: 9 [14080/60000 (23%)]	Loss: 238.019440
[2022-10-20 01:33:07] PRINT Train Epoch: 9 [15360/60000 (26%)]	Loss: 230.239655
[2022-10-20 01:33:07] PRINT Train Epoch: 9 [16640/60000 (28%)]	Loss: 233.748489
[2022-10-20 01:33:07] PRINT Train Epoch: 9 [17920/60000 (30%)]	Loss: 233.842117
[2022-10-20 01:33:08] PRINT Train Epoch: 9 [19200/60000 (32%)]	Loss: 234.435211
[2022-10-20 01:33:08] PRINT Train Epoch: 9 [20480/60000 (34%)]	Loss: 231.956207
[2022-10-20 01:33:08] PRINT Train Epoch: 9 [21760/60000 (36%)]	Loss: 233.930161
[2022-10-20 01:33:08] PRINT Train Epoch: 9 [23040/60000 (38%)]	Loss: 236.695221
[2022-10-20 01:33:08] PRINT Train Epoch: 9 [24320/60000 (41%)]	Loss: 237.216217
[2022-10-20 01:33:08] PRINT Train Epoch: 9 [25600/60000 (43%)]	Loss: 229.075989
[2022-10-20 01:33:08] PRINT Train Epoch: 9 [26880/60000 (45%)]	Loss: 236.850922
[2022-10-20 01:33:08] PRINT Train Epoch: 9 [28160/60000 (47%)]	Loss: 233.467102
[2022-10-20 01:33:08] PRINT Train Epoch: 9 [29440/60000 (49%)]	Loss: 223.338074
[2022-10-20 01:33:08] PRINT Train Epoch: 9 [30720/60000 (51%)]	Loss: 233.813568
[2022-10-20 01:33:08] PRINT Train Epoch: 9 [32000/60000 (53%)]	Loss: 231.308960
[2022-10-20 01:33:08] PRINT Train Epoch: 9 [33280/60000 (55%)]	Loss: 235.415070
[2022-10-20 01:33:09] PRINT Train Epoch: 9 [34560/60000 (58%)]	Loss: 228.204071
[2022-10-20 01:33:09] PRINT Train Epoch: 9 [35840/60000 (60%)]	Loss: 232.153824
[2022-10-20 01:33:09] PRINT Train Epoch: 9 [37120/60000 (62%)]	Loss: 235.682144
[2022-10-20 01:33:09] PRINT Train Epoch: 9 [38400/60000 (64%)]	Loss: 241.451767
[2022-10-20 01:33:09] PRINT Train Epoch: 9 [39680/60000 (66%)]	Loss: 229.980621
[2022-10-20 01:33:09] PRINT Train Epoch: 9 [40960/60000 (68%)]	Loss: 240.594589
[2022-10-20 01:33:09] PRINT Train Epoch: 9 [42240/60000 (70%)]	Loss: 239.467606
[2022-10-20 01:33:09] PRINT Train Epoch: 9 [43520/60000 (72%)]	Loss: 254.105377
[2022-10-20 01:33:09] PRINT Train Epoch: 9 [44800/60000 (75%)]	Loss: 233.959473
[2022-10-20 01:33:09] PRINT Train Epoch: 9 [46080/60000 (77%)]	Loss: 235.190048
[2022-10-20 01:33:09] PRINT Train Epoch: 9 [47360/60000 (79%)]	Loss: 227.764053
[2022-10-20 01:33:10] PRINT Train Epoch: 9 [48640/60000 (81%)]	Loss: 233.892105
[2022-10-20 01:33:10] PRINT Train Epoch: 9 [49920/60000 (83%)]	Loss: 234.752457
[2022-10-20 01:33:10] PRINT Train Epoch: 9 [51200/60000 (85%)]	Loss: 232.830292
[2022-10-20 01:33:10] PRINT Train Epoch: 9 [52480/60000 (87%)]	Loss: 231.097778
[2022-10-20 01:33:10] PRINT Train Epoch: 9 [53760/60000 (90%)]	Loss: 276.412354
[2022-10-20 01:33:10] PRINT Train Epoch: 9 [55040/60000 (92%)]	Loss: 253.147095
[2022-10-20 01:33:10] PRINT Train Epoch: 9 [56320/60000 (94%)]	Loss: 256.690369
[2022-10-20 01:33:10] PRINT Train Epoch: 9 [57600/60000 (96%)]	Loss: 272.444214
[2022-10-20 01:33:10] PRINT Train Epoch: 9 [58880/60000 (98%)]	Loss: 242.241089
[2022-10-20 01:33:10] PRINT ====> Epoch: 9 Average loss: 237.4868
[2022-10-20 01:33:11] PRINT ====> Test set loss: 243.5717
[2022-10-20 01:33:11] PRINT Train Epoch: 10 [0/60000 (0%)]	Loss: 244.853607
[2022-10-20 01:33:11] PRINT Train Epoch: 10 [1280/60000 (2%)]	Loss: 239.497772
[2022-10-20 01:33:11] PRINT Train Epoch: 10 [2560/60000 (4%)]	Loss: 366.677002
[2022-10-20 01:33:11] PRINT Train Epoch: 10 [3840/60000 (6%)]	Loss: 592.462891
[2022-10-20 01:33:12] PRINT Train Epoch: 10 [5120/60000 (9%)]	Loss: 295.582703
[2022-10-20 01:33:12] PRINT Train Epoch: 10 [6400/60000 (11%)]	Loss: 279.674042
[2022-10-20 01:33:12] PRINT Train Epoch: 10 [7680/60000 (13%)]	Loss: 702.899536
[2022-10-20 01:33:12] PRINT Train Epoch: 10 [8960/60000 (15%)]	Loss: 460.270142
[2022-10-20 01:33:12] PRINT Train Epoch: 10 [10240/60000 (17%)]	Loss: 276.603027
[2022-10-20 01:33:12] PRINT Train Epoch: 10 [11520/60000 (19%)]	Loss: 251.823608
[2022-10-20 01:33:12] PRINT Train Epoch: 10 [12800/60000 (21%)]	Loss: 1536.424194
[2022-10-20 01:33:12] PRINT Train Epoch: 10 [14080/60000 (23%)]	Loss: 820.202698
[2022-10-20 01:33:12] PRINT Train Epoch: 10 [15360/60000 (26%)]	Loss: 760.062500
[2022-10-20 01:33:12] PRINT Train Epoch: 10 [16640/60000 (28%)]	Loss: 576.886841
[2022-10-20 01:33:12] PRINT Train Epoch: 10 [17920/60000 (30%)]	Loss: 436.380585
[2022-10-20 01:33:13] PRINT Train Epoch: 10 [19200/60000 (32%)]	Loss: 431.335236
[2022-10-20 01:33:13] PRINT Train Epoch: 10 [20480/60000 (34%)]	Loss: 447.913269
[2022-10-20 01:33:13] PRINT Train Epoch: 10 [21760/60000 (36%)]	Loss: 385.868134
[2022-10-20 01:33:13] PRINT Train Epoch: 10 [23040/60000 (38%)]	Loss: 408.788788
[2022-10-20 01:33:13] PRINT Train Epoch: 10 [24320/60000 (41%)]	Loss: 383.100891
[2022-10-20 01:33:13] PRINT Train Epoch: 10 [25600/60000 (43%)]	Loss: 382.962250
[2022-10-20 01:33:13] PRINT Train Epoch: 10 [26880/60000 (45%)]	Loss: 387.293030
[2022-10-20 01:33:13] PRINT Train Epoch: 10 [28160/60000 (47%)]	Loss: 379.813721
[2022-10-20 01:33:13] PRINT Train Epoch: 10 [29440/60000 (49%)]	Loss: 393.374634
[2022-10-20 01:33:13] PRINT Train Epoch: 10 [30720/60000 (51%)]	Loss: 394.512756
[2022-10-20 01:33:13] PRINT Train Epoch: 10 [32000/60000 (53%)]	Loss: 366.893127
[2022-10-20 01:33:13] PRINT Train Epoch: 10 [33280/60000 (55%)]	Loss: 368.519928
[2022-10-20 01:33:14] PRINT Train Epoch: 10 [34560/60000 (58%)]	Loss: 383.195496
[2022-10-20 01:33:14] PRINT Train Epoch: 10 [35840/60000 (60%)]	Loss: 376.231903
[2022-10-20 01:33:14] PRINT Train Epoch: 10 [37120/60000 (62%)]	Loss: 385.859039
[2022-10-20 01:33:14] PRINT Train Epoch: 10 [38400/60000 (64%)]	Loss: 386.070221
[2022-10-20 01:33:14] PRINT Train Epoch: 10 [39680/60000 (66%)]	Loss: 379.319763
[2022-10-20 01:33:14] PRINT Train Epoch: 10 [40960/60000 (68%)]	Loss: 384.385986
[2022-10-20 01:33:14] PRINT Train Epoch: 10 [42240/60000 (70%)]	Loss: 386.811035
[2022-10-20 01:33:14] PRINT Train Epoch: 10 [43520/60000 (72%)]	Loss: 370.890808
[2022-10-20 01:33:14] PRINT Train Epoch: 10 [44800/60000 (75%)]	Loss: 385.934784
[2022-10-20 01:33:14] PRINT Train Epoch: 10 [46080/60000 (77%)]	Loss: 362.923065
[2022-10-20 01:33:14] PRINT Train Epoch: 10 [47360/60000 (79%)]	Loss: 373.905579
[2022-10-20 01:33:15] PRINT Train Epoch: 10 [48640/60000 (81%)]	Loss: 356.732849
[2022-10-20 01:33:15] PRINT Train Epoch: 10 [49920/60000 (83%)]	Loss: 398.974792
[2022-10-20 01:33:15] PRINT Train Epoch: 10 [51200/60000 (85%)]	Loss: 383.148468
[2022-10-20 01:33:15] PRINT Train Epoch: 10 [52480/60000 (87%)]	Loss: 386.379425
[2022-10-20 01:33:15] PRINT Train Epoch: 10 [53760/60000 (90%)]	Loss: 380.200043
[2022-10-20 01:33:15] PRINT Train Epoch: 10 [55040/60000 (92%)]	Loss: 366.587494
[2022-10-20 01:33:15] PRINT Train Epoch: 10 [56320/60000 (94%)]	Loss: 377.833923
[2022-10-20 01:33:15] PRINT Train Epoch: 10 [57600/60000 (96%)]	Loss: 376.101471
[2022-10-20 01:33:15] PRINT Train Epoch: 10 [58880/60000 (98%)]	Loss: 397.126282
[2022-10-20 01:33:15] PRINT ====> Epoch: 10 Average loss: 417.3103
[2022-10-20 01:33:16] PRINT ====> Test set loss: 386.8149
