[2022-10-20 01:33:29] PRINT {'features1': 500, 'features2': 10, 'lr': 0.003037283535203924, 'epsilon': 1e-07}
[2022-10-20 01:33:30] PRINT Using cuda device
[2022-10-20 01:33:31] PRINT Train Epoch: 1 [0/60000 (0%)]	Loss: 550.097473
[2022-10-20 01:33:31] PRINT Train Epoch: 1 [1280/60000 (2%)]	Loss: 226.913910
[2022-10-20 01:33:31] PRINT Train Epoch: 1 [2560/60000 (4%)]	Loss: 207.345947
[2022-10-20 01:33:31] PRINT Train Epoch: 1 [3840/60000 (6%)]	Loss: 192.845627
[2022-10-20 01:33:32] PRINT Train Epoch: 1 [5120/60000 (9%)]	Loss: 187.873825
[2022-10-20 01:33:32] PRINT Train Epoch: 1 [6400/60000 (11%)]	Loss: 184.170578
[2022-10-20 01:33:32] PRINT Train Epoch: 1 [7680/60000 (13%)]	Loss: 171.359039
[2022-10-20 01:33:32] PRINT Train Epoch: 1 [8960/60000 (15%)]	Loss: 155.770416
[2022-10-20 01:33:32] PRINT Train Epoch: 1 [10240/60000 (17%)]	Loss: 151.925018
[2022-10-20 01:33:32] PRINT Train Epoch: 1 [11520/60000 (19%)]	Loss: 150.090912
[2022-10-20 01:33:32] PRINT Train Epoch: 1 [12800/60000 (21%)]	Loss: 149.748291
[2022-10-20 01:33:32] PRINT Train Epoch: 1 [14080/60000 (23%)]	Loss: 144.231277
[2022-10-20 01:33:32] PRINT Train Epoch: 1 [15360/60000 (26%)]	Loss: 138.620453
[2022-10-20 01:33:32] PRINT Train Epoch: 1 [16640/60000 (28%)]	Loss: 139.890656
[2022-10-20 01:33:32] PRINT Train Epoch: 1 [17920/60000 (30%)]	Loss: 139.156189
[2022-10-20 01:33:32] PRINT Train Epoch: 1 [19200/60000 (32%)]	Loss: 138.245361
[2022-10-20 01:33:33] PRINT Train Epoch: 1 [20480/60000 (34%)]	Loss: 136.957153
[2022-10-20 01:33:33] PRINT Train Epoch: 1 [21760/60000 (36%)]	Loss: 134.665131
[2022-10-20 01:33:33] PRINT Train Epoch: 1 [23040/60000 (38%)]	Loss: 133.937012
[2022-10-20 01:33:33] PRINT Train Epoch: 1 [24320/60000 (41%)]	Loss: 134.965820
[2022-10-20 01:33:33] PRINT Train Epoch: 1 [25600/60000 (43%)]	Loss: 132.832703
[2022-10-20 01:33:33] PRINT Train Epoch: 1 [26880/60000 (45%)]	Loss: 128.988052
[2022-10-20 01:33:33] PRINT Train Epoch: 1 [28160/60000 (47%)]	Loss: 133.699234
[2022-10-20 01:33:33] PRINT Train Epoch: 1 [29440/60000 (49%)]	Loss: 128.681107
[2022-10-20 01:33:33] PRINT Train Epoch: 1 [30720/60000 (51%)]	Loss: 126.041718
[2022-10-20 01:33:33] PRINT Train Epoch: 1 [32000/60000 (53%)]	Loss: 128.588943
[2022-10-20 01:33:33] PRINT Train Epoch: 1 [33280/60000 (55%)]	Loss: 123.344376
[2022-10-20 01:33:34] PRINT Train Epoch: 1 [34560/60000 (58%)]	Loss: 127.110031
[2022-10-20 01:33:34] PRINT Train Epoch: 1 [35840/60000 (60%)]	Loss: 121.437424
[2022-10-20 01:33:34] PRINT Train Epoch: 1 [37120/60000 (62%)]	Loss: 126.710175
[2022-10-20 01:33:34] PRINT Train Epoch: 1 [38400/60000 (64%)]	Loss: 126.975266
[2022-10-20 01:33:34] PRINT Train Epoch: 1 [39680/60000 (66%)]	Loss: 127.574524
[2022-10-20 01:33:34] PRINT Train Epoch: 1 [40960/60000 (68%)]	Loss: 125.216034
[2022-10-20 01:33:34] PRINT Train Epoch: 1 [42240/60000 (70%)]	Loss: 117.243500
[2022-10-20 01:33:34] PRINT Train Epoch: 1 [43520/60000 (72%)]	Loss: 130.811310
[2022-10-20 01:33:34] PRINT Train Epoch: 1 [44800/60000 (75%)]	Loss: 127.421402
[2022-10-20 01:33:34] PRINT Train Epoch: 1 [46080/60000 (77%)]	Loss: 122.518715
[2022-10-20 01:33:34] PRINT Train Epoch: 1 [47360/60000 (79%)]	Loss: 121.164993
[2022-10-20 01:33:35] PRINT Train Epoch: 1 [48640/60000 (81%)]	Loss: 129.342300
[2022-10-20 01:33:35] PRINT Train Epoch: 1 [49920/60000 (83%)]	Loss: 123.345703
[2022-10-20 01:33:35] PRINT Train Epoch: 1 [51200/60000 (85%)]	Loss: 125.523392
[2022-10-20 01:33:35] PRINT Train Epoch: 1 [52480/60000 (87%)]	Loss: 123.880257
[2022-10-20 01:33:35] PRINT Train Epoch: 1 [53760/60000 (90%)]	Loss: 117.759293
[2022-10-20 01:33:35] PRINT Train Epoch: 1 [55040/60000 (92%)]	Loss: 122.380379
[2022-10-20 01:33:35] PRINT Train Epoch: 1 [56320/60000 (94%)]	Loss: 125.539902
[2022-10-20 01:33:35] PRINT Train Epoch: 1 [57600/60000 (96%)]	Loss: 117.711044
[2022-10-20 01:33:35] PRINT Train Epoch: 1 [58880/60000 (98%)]	Loss: 120.751083
[2022-10-20 01:33:35] PRINT ====> Epoch: 1 Average loss: 141.4729
[2022-10-20 01:33:36] PRINT ====> Test set loss: 119.8127
[2022-10-20 01:33:36] PRINT Train Epoch: 2 [0/60000 (0%)]	Loss: 124.812164
[2022-10-20 01:33:36] PRINT Train Epoch: 2 [1280/60000 (2%)]	Loss: 119.437775
[2022-10-20 01:33:36] PRINT Train Epoch: 2 [2560/60000 (4%)]	Loss: 123.249161
[2022-10-20 01:33:36] PRINT Train Epoch: 2 [3840/60000 (6%)]	Loss: 114.487076
[2022-10-20 01:33:36] PRINT Train Epoch: 2 [5120/60000 (9%)]	Loss: 124.996140
[2022-10-20 01:33:37] PRINT Train Epoch: 2 [6400/60000 (11%)]	Loss: 119.586914
[2022-10-20 01:33:37] PRINT Train Epoch: 2 [7680/60000 (13%)]	Loss: 114.867874
[2022-10-20 01:33:37] PRINT Train Epoch: 2 [8960/60000 (15%)]	Loss: 118.372986
[2022-10-20 01:33:37] PRINT Train Epoch: 2 [10240/60000 (17%)]	Loss: 115.178139
[2022-10-20 01:33:37] PRINT Train Epoch: 2 [11520/60000 (19%)]	Loss: 117.973938
[2022-10-20 01:33:37] PRINT Train Epoch: 2 [12800/60000 (21%)]	Loss: 116.885025
[2022-10-20 01:33:37] PRINT Train Epoch: 2 [14080/60000 (23%)]	Loss: 114.604599
[2022-10-20 01:33:37] PRINT Train Epoch: 2 [15360/60000 (26%)]	Loss: 117.182564
[2022-10-20 01:33:37] PRINT Train Epoch: 2 [16640/60000 (28%)]	Loss: 122.680542
[2022-10-20 01:33:37] PRINT Train Epoch: 2 [17920/60000 (30%)]	Loss: 119.811157
[2022-10-20 01:33:38] PRINT Train Epoch: 2 [19200/60000 (32%)]	Loss: 114.016289
[2022-10-20 01:33:38] PRINT Train Epoch: 2 [20480/60000 (34%)]	Loss: 117.813782
[2022-10-20 01:33:38] PRINT Train Epoch: 2 [21760/60000 (36%)]	Loss: 117.713020
[2022-10-20 01:33:38] PRINT Train Epoch: 2 [23040/60000 (38%)]	Loss: 120.695374
[2022-10-20 01:33:38] PRINT Train Epoch: 2 [24320/60000 (41%)]	Loss: 118.284500
[2022-10-20 01:33:38] PRINT Train Epoch: 2 [25600/60000 (43%)]	Loss: 115.978600
[2022-10-20 01:33:38] PRINT Train Epoch: 2 [26880/60000 (45%)]	Loss: 115.504929
[2022-10-20 01:33:38] PRINT Train Epoch: 2 [28160/60000 (47%)]	Loss: 115.562027
[2022-10-20 01:33:38] PRINT Train Epoch: 2 [29440/60000 (49%)]	Loss: 118.837029
[2022-10-20 01:33:38] PRINT Train Epoch: 2 [30720/60000 (51%)]	Loss: 115.358482
[2022-10-20 01:33:38] PRINT Train Epoch: 2 [32000/60000 (53%)]	Loss: 117.938362
[2022-10-20 01:33:39] PRINT Train Epoch: 2 [33280/60000 (55%)]	Loss: 121.630440
[2022-10-20 01:33:39] PRINT Train Epoch: 2 [34560/60000 (58%)]	Loss: 117.052673
[2022-10-20 01:33:39] PRINT Train Epoch: 2 [35840/60000 (60%)]	Loss: 119.289055
[2022-10-20 01:33:39] PRINT Train Epoch: 2 [37120/60000 (62%)]	Loss: 121.788925
[2022-10-20 01:33:39] PRINT Train Epoch: 2 [38400/60000 (64%)]	Loss: 114.489815
[2022-10-20 01:33:39] PRINT Train Epoch: 2 [39680/60000 (66%)]	Loss: 116.878845
[2022-10-20 01:33:39] PRINT Train Epoch: 2 [40960/60000 (68%)]	Loss: 115.885948
[2022-10-20 01:33:39] PRINT Train Epoch: 2 [42240/60000 (70%)]	Loss: 119.332291
[2022-10-20 01:33:39] PRINT Train Epoch: 2 [43520/60000 (72%)]	Loss: 121.578003
[2022-10-20 01:33:39] PRINT Train Epoch: 2 [44800/60000 (75%)]	Loss: 115.907272
[2022-10-20 01:33:39] PRINT Train Epoch: 2 [46080/60000 (77%)]	Loss: 114.856804
[2022-10-20 01:33:40] PRINT Train Epoch: 2 [47360/60000 (79%)]	Loss: 116.100830
[2022-10-20 01:33:40] PRINT Train Epoch: 2 [48640/60000 (81%)]	Loss: 115.806938
[2022-10-20 01:33:40] PRINT Train Epoch: 2 [49920/60000 (83%)]	Loss: 116.041351
[2022-10-20 01:33:40] PRINT Train Epoch: 2 [51200/60000 (85%)]	Loss: 111.613754
[2022-10-20 01:33:40] PRINT Train Epoch: 2 [52480/60000 (87%)]	Loss: 120.120117
[2022-10-20 01:33:40] PRINT Train Epoch: 2 [53760/60000 (90%)]	Loss: 115.346367
[2022-10-20 01:33:40] PRINT Train Epoch: 2 [55040/60000 (92%)]	Loss: 120.776588
[2022-10-20 01:33:40] PRINT Train Epoch: 2 [56320/60000 (94%)]	Loss: 112.977402
[2022-10-20 01:33:40] PRINT Train Epoch: 2 [57600/60000 (96%)]	Loss: 114.886528
[2022-10-20 01:33:40] PRINT Train Epoch: 2 [58880/60000 (98%)]	Loss: 116.850197
[2022-10-20 01:33:40] PRINT ====> Epoch: 2 Average loss: 117.7377
[2022-10-20 01:33:41] PRINT ====> Test set loss: 114.9794
[2022-10-20 01:33:41] PRINT Train Epoch: 3 [0/60000 (0%)]	Loss: 109.023438
[2022-10-20 01:33:41] PRINT Train Epoch: 3 [1280/60000 (2%)]	Loss: 121.873932
[2022-10-20 01:33:41] PRINT Train Epoch: 3 [2560/60000 (4%)]	Loss: 119.596481
[2022-10-20 01:33:41] PRINT Train Epoch: 3 [3840/60000 (6%)]	Loss: 118.835396
[2022-10-20 01:33:41] PRINT Train Epoch: 3 [5120/60000 (9%)]	Loss: 112.484283
[2022-10-20 01:33:42] PRINT Train Epoch: 3 [6400/60000 (11%)]	Loss: 113.497940
[2022-10-20 01:33:42] PRINT Train Epoch: 3 [7680/60000 (13%)]	Loss: 112.822083
[2022-10-20 01:33:42] PRINT Train Epoch: 3 [8960/60000 (15%)]	Loss: 115.393524
[2022-10-20 01:33:42] PRINT Train Epoch: 3 [10240/60000 (17%)]	Loss: 113.154320
[2022-10-20 01:33:42] PRINT Train Epoch: 3 [11520/60000 (19%)]	Loss: 110.173660
[2022-10-20 01:33:42] PRINT Train Epoch: 3 [12800/60000 (21%)]	Loss: 113.037102
[2022-10-20 01:33:42] PRINT Train Epoch: 3 [14080/60000 (23%)]	Loss: 113.514236
[2022-10-20 01:33:42] PRINT Train Epoch: 3 [15360/60000 (26%)]	Loss: 112.832855
[2022-10-20 01:33:42] PRINT Train Epoch: 3 [16640/60000 (28%)]	Loss: 115.139893
[2022-10-20 01:33:42] PRINT Train Epoch: 3 [17920/60000 (30%)]	Loss: 116.215561
[2022-10-20 01:33:42] PRINT Train Epoch: 3 [19200/60000 (32%)]	Loss: 113.867889
[2022-10-20 01:33:43] PRINT Train Epoch: 3 [20480/60000 (34%)]	Loss: 113.694580
[2022-10-20 01:33:43] PRINT Train Epoch: 3 [21760/60000 (36%)]	Loss: 116.540581
[2022-10-20 01:33:43] PRINT Train Epoch: 3 [23040/60000 (38%)]	Loss: 118.333862
[2022-10-20 01:33:43] PRINT Train Epoch: 3 [24320/60000 (41%)]	Loss: 121.063408
[2022-10-20 01:33:43] PRINT Train Epoch: 3 [25600/60000 (43%)]	Loss: 110.932732
[2022-10-20 01:33:43] PRINT Train Epoch: 3 [26880/60000 (45%)]	Loss: 114.714081
[2022-10-20 01:33:43] PRINT Train Epoch: 3 [28160/60000 (47%)]	Loss: 114.340118
[2022-10-20 01:33:43] PRINT Train Epoch: 3 [29440/60000 (49%)]	Loss: 114.334793
[2022-10-20 01:33:43] PRINT Train Epoch: 3 [30720/60000 (51%)]	Loss: 116.281570
[2022-10-20 01:33:43] PRINT Train Epoch: 3 [32000/60000 (53%)]	Loss: 115.473846
[2022-10-20 01:33:43] PRINT Train Epoch: 3 [33280/60000 (55%)]	Loss: 114.967461
[2022-10-20 01:33:44] PRINT Train Epoch: 3 [34560/60000 (58%)]	Loss: 111.341934
[2022-10-20 01:33:44] PRINT Train Epoch: 3 [35840/60000 (60%)]	Loss: 115.359749
[2022-10-20 01:33:44] PRINT Train Epoch: 3 [37120/60000 (62%)]	Loss: 117.286087
[2022-10-20 01:33:44] PRINT Train Epoch: 3 [38400/60000 (64%)]	Loss: 111.291115
[2022-10-20 01:33:44] PRINT Train Epoch: 3 [39680/60000 (66%)]	Loss: 111.426338
[2022-10-20 01:33:44] PRINT Train Epoch: 3 [40960/60000 (68%)]	Loss: 114.443604
[2022-10-20 01:33:44] PRINT Train Epoch: 3 [42240/60000 (70%)]	Loss: 111.769051
[2022-10-20 01:33:44] PRINT Train Epoch: 3 [43520/60000 (72%)]	Loss: 113.700729
[2022-10-20 01:33:44] PRINT Train Epoch: 3 [44800/60000 (75%)]	Loss: 118.124069
[2022-10-20 01:33:44] PRINT Train Epoch: 3 [46080/60000 (77%)]	Loss: 112.669189
[2022-10-20 01:33:44] PRINT Train Epoch: 3 [47360/60000 (79%)]	Loss: 113.202271
[2022-10-20 01:33:45] PRINT Train Epoch: 3 [48640/60000 (81%)]	Loss: 112.510834
[2022-10-20 01:33:45] PRINT Train Epoch: 3 [49920/60000 (83%)]	Loss: 113.009087
[2022-10-20 01:33:45] PRINT Train Epoch: 3 [51200/60000 (85%)]	Loss: 114.035286
[2022-10-20 01:33:45] PRINT Train Epoch: 3 [52480/60000 (87%)]	Loss: 115.549820
[2022-10-20 01:33:45] PRINT Train Epoch: 3 [53760/60000 (90%)]	Loss: 119.465408
[2022-10-20 01:33:45] PRINT Train Epoch: 3 [55040/60000 (92%)]	Loss: 114.574203
[2022-10-20 01:33:45] PRINT Train Epoch: 3 [56320/60000 (94%)]	Loss: 118.401123
[2022-10-20 01:33:45] PRINT Train Epoch: 3 [57600/60000 (96%)]	Loss: 114.563911
[2022-10-20 01:33:45] PRINT Train Epoch: 3 [58880/60000 (98%)]	Loss: 118.436890
[2022-10-20 01:33:45] PRINT ====> Epoch: 3 Average loss: 114.5900
[2022-10-20 01:33:46] PRINT ====> Test set loss: 112.8068
[2022-10-20 01:33:46] PRINT Train Epoch: 4 [0/60000 (0%)]	Loss: 110.652969
[2022-10-20 01:33:46] PRINT Train Epoch: 4 [1280/60000 (2%)]	Loss: 115.956711
[2022-10-20 01:33:46] PRINT Train Epoch: 4 [2560/60000 (4%)]	Loss: 109.038467
[2022-10-20 01:33:46] PRINT Train Epoch: 4 [3840/60000 (6%)]	Loss: 114.523903
[2022-10-20 01:33:46] PRINT Train Epoch: 4 [5120/60000 (9%)]	Loss: 113.907166
[2022-10-20 01:33:47] PRINT Train Epoch: 4 [6400/60000 (11%)]	Loss: 116.230682
[2022-10-20 01:33:47] PRINT Train Epoch: 4 [7680/60000 (13%)]	Loss: 113.195808
[2022-10-20 01:33:47] PRINT Train Epoch: 4 [8960/60000 (15%)]	Loss: 113.151321
[2022-10-20 01:33:47] PRINT Train Epoch: 4 [10240/60000 (17%)]	Loss: 111.970650
[2022-10-20 01:33:47] PRINT Train Epoch: 4 [11520/60000 (19%)]	Loss: 110.136780
[2022-10-20 01:33:47] PRINT Train Epoch: 4 [12800/60000 (21%)]	Loss: 115.110603
[2022-10-20 01:33:47] PRINT Train Epoch: 4 [14080/60000 (23%)]	Loss: 103.922089
[2022-10-20 01:33:47] PRINT Train Epoch: 4 [15360/60000 (26%)]	Loss: 111.348694
[2022-10-20 01:33:47] PRINT Train Epoch: 4 [16640/60000 (28%)]	Loss: 116.178795
[2022-10-20 01:33:47] PRINT Train Epoch: 4 [17920/60000 (30%)]	Loss: 107.810905
[2022-10-20 01:33:47] PRINT Train Epoch: 4 [19200/60000 (32%)]	Loss: 120.643478
[2022-10-20 01:33:47] PRINT Train Epoch: 4 [20480/60000 (34%)]	Loss: 114.430923
[2022-10-20 01:33:48] PRINT Train Epoch: 4 [21760/60000 (36%)]	Loss: 114.531418
[2022-10-20 01:33:48] PRINT Train Epoch: 4 [23040/60000 (38%)]	Loss: 115.091949
[2022-10-20 01:33:48] PRINT Train Epoch: 4 [24320/60000 (41%)]	Loss: 113.799469
[2022-10-20 01:33:48] PRINT Train Epoch: 4 [25600/60000 (43%)]	Loss: 108.078728
[2022-10-20 01:33:48] PRINT Train Epoch: 4 [26880/60000 (45%)]	Loss: 112.428131
[2022-10-20 01:33:48] PRINT Train Epoch: 4 [28160/60000 (47%)]	Loss: 117.064331
[2022-10-20 01:33:48] PRINT Train Epoch: 4 [29440/60000 (49%)]	Loss: 112.247757
[2022-10-20 01:33:48] PRINT Train Epoch: 4 [30720/60000 (51%)]	Loss: 115.947083
[2022-10-20 01:33:48] PRINT Train Epoch: 4 [32000/60000 (53%)]	Loss: 115.518692
[2022-10-20 01:33:48] PRINT Train Epoch: 4 [33280/60000 (55%)]	Loss: 107.116608
[2022-10-20 01:33:48] PRINT Train Epoch: 4 [34560/60000 (58%)]	Loss: 118.406761
[2022-10-20 01:33:49] PRINT Train Epoch: 4 [35840/60000 (60%)]	Loss: 115.224030
[2022-10-20 01:33:49] PRINT Train Epoch: 4 [37120/60000 (62%)]	Loss: 114.102242
[2022-10-20 01:33:49] PRINT Train Epoch: 4 [38400/60000 (64%)]	Loss: 107.853165
[2022-10-20 01:33:49] PRINT Train Epoch: 4 [39680/60000 (66%)]	Loss: 112.645035
[2022-10-20 01:33:49] PRINT Train Epoch: 4 [40960/60000 (68%)]	Loss: 113.045021
[2022-10-20 01:33:49] PRINT Train Epoch: 4 [42240/60000 (70%)]	Loss: 115.430214
[2022-10-20 01:33:49] PRINT Train Epoch: 4 [43520/60000 (72%)]	Loss: 109.401306
[2022-10-20 01:33:49] PRINT Train Epoch: 4 [44800/60000 (75%)]	Loss: 113.992096
[2022-10-20 01:33:49] PRINT Train Epoch: 4 [46080/60000 (77%)]	Loss: 112.577560
[2022-10-20 01:33:49] PRINT Train Epoch: 4 [47360/60000 (79%)]	Loss: 115.817726
[2022-10-20 01:33:49] PRINT Train Epoch: 4 [48640/60000 (81%)]	Loss: 115.427856
[2022-10-20 01:33:50] PRINT Train Epoch: 4 [49920/60000 (83%)]	Loss: 115.296570
[2022-10-20 01:33:50] PRINT Train Epoch: 4 [51200/60000 (85%)]	Loss: 116.479370
[2022-10-20 01:33:50] PRINT Train Epoch: 4 [52480/60000 (87%)]	Loss: 110.210953
[2022-10-20 01:33:50] PRINT Train Epoch: 4 [53760/60000 (90%)]	Loss: 113.750481
[2022-10-20 01:33:50] PRINT Train Epoch: 4 [55040/60000 (92%)]	Loss: 113.964584
[2022-10-20 01:33:50] PRINT Train Epoch: 4 [56320/60000 (94%)]	Loss: 111.417923
[2022-10-20 01:33:50] PRINT Train Epoch: 4 [57600/60000 (96%)]	Loss: 113.077614
[2022-10-20 01:33:50] PRINT Train Epoch: 4 [58880/60000 (98%)]	Loss: 113.601898
[2022-10-20 01:33:50] PRINT ====> Epoch: 4 Average loss: 112.7284
[2022-10-20 01:33:51] PRINT ====> Test set loss: 111.8444
[2022-10-20 01:33:51] PRINT Train Epoch: 5 [0/60000 (0%)]	Loss: 108.901421
[2022-10-20 01:33:51] PRINT Train Epoch: 5 [1280/60000 (2%)]	Loss: 116.260361
[2022-10-20 01:33:51] PRINT Train Epoch: 5 [2560/60000 (4%)]	Loss: 114.660889
[2022-10-20 01:33:51] PRINT Train Epoch: 5 [3840/60000 (6%)]	Loss: 114.287170
[2022-10-20 01:33:51] PRINT Train Epoch: 5 [5120/60000 (9%)]	Loss: 112.541275
[2022-10-20 01:33:51] PRINT Train Epoch: 5 [6400/60000 (11%)]	Loss: 112.191902
[2022-10-20 01:33:51] PRINT Train Epoch: 5 [7680/60000 (13%)]	Loss: 109.326462
[2022-10-20 01:33:52] PRINT Train Epoch: 5 [8960/60000 (15%)]	Loss: 114.359116
[2022-10-20 01:33:52] PRINT Train Epoch: 5 [10240/60000 (17%)]	Loss: 113.533272
[2022-10-20 01:33:52] PRINT Train Epoch: 5 [11520/60000 (19%)]	Loss: 108.702850
[2022-10-20 01:33:52] PRINT Train Epoch: 5 [12800/60000 (21%)]	Loss: 115.442062
[2022-10-20 01:33:52] PRINT Train Epoch: 5 [14080/60000 (23%)]	Loss: 108.979370
[2022-10-20 01:33:52] PRINT Train Epoch: 5 [15360/60000 (26%)]	Loss: 115.890091
[2022-10-20 01:33:52] PRINT Train Epoch: 5 [16640/60000 (28%)]	Loss: 111.778549
[2022-10-20 01:33:52] PRINT Train Epoch: 5 [17920/60000 (30%)]	Loss: 114.570297
[2022-10-20 01:33:52] PRINT Train Epoch: 5 [19200/60000 (32%)]	Loss: 109.706985
[2022-10-20 01:33:52] PRINT Train Epoch: 5 [20480/60000 (34%)]	Loss: 111.252594
[2022-10-20 01:33:52] PRINT Train Epoch: 5 [21760/60000 (36%)]	Loss: 114.443962
[2022-10-20 01:33:53] PRINT Train Epoch: 5 [23040/60000 (38%)]	Loss: 110.027138
[2022-10-20 01:33:53] PRINT Train Epoch: 5 [24320/60000 (41%)]	Loss: 110.836319
[2022-10-20 01:33:53] PRINT Train Epoch: 5 [25600/60000 (43%)]	Loss: 111.738037
[2022-10-20 01:33:53] PRINT Train Epoch: 5 [26880/60000 (45%)]	Loss: 110.916016
[2022-10-20 01:33:53] PRINT Train Epoch: 5 [28160/60000 (47%)]	Loss: 112.395111
[2022-10-20 01:33:53] PRINT Train Epoch: 5 [29440/60000 (49%)]	Loss: 115.629440
[2022-10-20 01:33:53] PRINT Train Epoch: 5 [30720/60000 (51%)]	Loss: 110.148308
[2022-10-20 01:33:53] PRINT Train Epoch: 5 [32000/60000 (53%)]	Loss: 113.188950
[2022-10-20 01:33:53] PRINT Train Epoch: 5 [33280/60000 (55%)]	Loss: 115.681480
[2022-10-20 01:33:53] PRINT Train Epoch: 5 [34560/60000 (58%)]	Loss: 113.984535
[2022-10-20 01:33:54] PRINT Train Epoch: 5 [35840/60000 (60%)]	Loss: 113.155113
[2022-10-20 01:33:54] PRINT Train Epoch: 5 [37120/60000 (62%)]	Loss: 112.431946
[2022-10-20 01:33:54] PRINT Train Epoch: 5 [38400/60000 (64%)]	Loss: 112.434952
[2022-10-20 01:33:54] PRINT Train Epoch: 5 [39680/60000 (66%)]	Loss: 110.368698
[2022-10-20 01:33:54] PRINT Train Epoch: 5 [40960/60000 (68%)]	Loss: 110.972519
[2022-10-20 01:33:54] PRINT Train Epoch: 5 [42240/60000 (70%)]	Loss: 112.922585
[2022-10-20 01:33:54] PRINT Train Epoch: 5 [43520/60000 (72%)]	Loss: 111.834824
[2022-10-20 01:33:54] PRINT Train Epoch: 5 [44800/60000 (75%)]	Loss: 110.396301
[2022-10-20 01:33:54] PRINT Train Epoch: 5 [46080/60000 (77%)]	Loss: 105.964966
[2022-10-20 01:33:54] PRINT Train Epoch: 5 [47360/60000 (79%)]	Loss: 110.184410
[2022-10-20 01:33:54] PRINT Train Epoch: 5 [48640/60000 (81%)]	Loss: 110.124115
[2022-10-20 01:33:55] PRINT Train Epoch: 5 [49920/60000 (83%)]	Loss: 113.126106
[2022-10-20 01:33:55] PRINT Train Epoch: 5 [51200/60000 (85%)]	Loss: 112.099281
[2022-10-20 01:33:55] PRINT Train Epoch: 5 [52480/60000 (87%)]	Loss: 112.689041
[2022-10-20 01:33:55] PRINT Train Epoch: 5 [53760/60000 (90%)]	Loss: 108.178680
[2022-10-20 01:33:55] PRINT Train Epoch: 5 [55040/60000 (92%)]	Loss: 109.011307
[2022-10-20 01:33:55] PRINT Train Epoch: 5 [56320/60000 (94%)]	Loss: 114.416344
[2022-10-20 01:33:55] PRINT Train Epoch: 5 [57600/60000 (96%)]	Loss: 115.707550
[2022-10-20 01:33:55] PRINT Train Epoch: 5 [58880/60000 (98%)]	Loss: 110.942612
[2022-10-20 01:33:55] PRINT ====> Epoch: 5 Average loss: 111.5474
[2022-10-20 01:33:56] PRINT ====> Test set loss: 110.6878
[2022-10-20 01:33:56] PRINT Train Epoch: 6 [0/60000 (0%)]	Loss: 108.595505
[2022-10-20 01:33:56] PRINT Train Epoch: 6 [1280/60000 (2%)]	Loss: 111.565186
[2022-10-20 01:33:56] PRINT Train Epoch: 6 [2560/60000 (4%)]	Loss: 111.547806
[2022-10-20 01:33:56] PRINT Train Epoch: 6 [3840/60000 (6%)]	Loss: 118.332993
[2022-10-20 01:33:56] PRINT Train Epoch: 6 [5120/60000 (9%)]	Loss: 106.440681
[2022-10-20 01:33:56] PRINT Train Epoch: 6 [6400/60000 (11%)]	Loss: 111.115448
[2022-10-20 01:33:57] PRINT Train Epoch: 6 [7680/60000 (13%)]	Loss: 110.755211
[2022-10-20 01:33:57] PRINT Train Epoch: 6 [8960/60000 (15%)]	Loss: 109.403625
[2022-10-20 01:33:57] PRINT Train Epoch: 6 [10240/60000 (17%)]	Loss: 109.188461
[2022-10-20 01:33:57] PRINT Train Epoch: 6 [11520/60000 (19%)]	Loss: 109.877312
[2022-10-20 01:33:57] PRINT Train Epoch: 6 [12800/60000 (21%)]	Loss: 113.499893
[2022-10-20 01:33:57] PRINT Train Epoch: 6 [14080/60000 (23%)]	Loss: 115.169800
[2022-10-20 01:33:57] PRINT Train Epoch: 6 [15360/60000 (26%)]	Loss: 111.096313
[2022-10-20 01:33:57] PRINT Train Epoch: 6 [16640/60000 (28%)]	Loss: 110.769882
[2022-10-20 01:33:57] PRINT Train Epoch: 6 [17920/60000 (30%)]	Loss: 106.934372
[2022-10-20 01:33:57] PRINT Train Epoch: 6 [19200/60000 (32%)]	Loss: 110.533737
[2022-10-20 01:33:57] PRINT Train Epoch: 6 [20480/60000 (34%)]	Loss: 110.473991
[2022-10-20 01:33:57] PRINT Train Epoch: 6 [21760/60000 (36%)]	Loss: 108.572876
[2022-10-20 01:33:58] PRINT Train Epoch: 6 [23040/60000 (38%)]	Loss: 111.406258
[2022-10-20 01:33:58] PRINT Train Epoch: 6 [24320/60000 (41%)]	Loss: 109.857201
[2022-10-20 01:33:58] PRINT Train Epoch: 6 [25600/60000 (43%)]	Loss: 113.404495
[2022-10-20 01:33:58] PRINT Train Epoch: 6 [26880/60000 (45%)]	Loss: 113.320343
[2022-10-20 01:33:58] PRINT Train Epoch: 6 [28160/60000 (47%)]	Loss: 107.499779
[2022-10-20 01:33:58] PRINT Train Epoch: 6 [29440/60000 (49%)]	Loss: 109.470573
[2022-10-20 01:33:58] PRINT Train Epoch: 6 [30720/60000 (51%)]	Loss: 108.372040
[2022-10-20 01:33:58] PRINT Train Epoch: 6 [32000/60000 (53%)]	Loss: 110.661667
[2022-10-20 01:33:58] PRINT Train Epoch: 6 [33280/60000 (55%)]	Loss: 114.455635
[2022-10-20 01:33:58] PRINT Train Epoch: 6 [34560/60000 (58%)]	Loss: 108.909332
[2022-10-20 01:33:59] PRINT Train Epoch: 6 [35840/60000 (60%)]	Loss: 107.966949
[2022-10-20 01:33:59] PRINT Train Epoch: 6 [37120/60000 (62%)]	Loss: 112.659912
[2022-10-20 01:33:59] PRINT Train Epoch: 6 [38400/60000 (64%)]	Loss: 118.212158
[2022-10-20 01:33:59] PRINT Train Epoch: 6 [39680/60000 (66%)]	Loss: 113.155243
[2022-10-20 01:33:59] PRINT Train Epoch: 6 [40960/60000 (68%)]	Loss: 111.371521
[2022-10-20 01:33:59] PRINT Train Epoch: 6 [42240/60000 (70%)]	Loss: 109.108681
[2022-10-20 01:33:59] PRINT Train Epoch: 6 [43520/60000 (72%)]	Loss: 112.880829
[2022-10-20 01:33:59] PRINT Train Epoch: 6 [44800/60000 (75%)]	Loss: 107.756378
[2022-10-20 01:33:59] PRINT Train Epoch: 6 [46080/60000 (77%)]	Loss: 110.256409
[2022-10-20 01:33:59] PRINT Train Epoch: 6 [47360/60000 (79%)]	Loss: 109.924255
[2022-10-20 01:33:59] PRINT Train Epoch: 6 [48640/60000 (81%)]	Loss: 107.783051
[2022-10-20 01:34:00] PRINT Train Epoch: 6 [49920/60000 (83%)]	Loss: 107.544846
[2022-10-20 01:34:00] PRINT Train Epoch: 6 [51200/60000 (85%)]	Loss: 112.976929
[2022-10-20 01:34:00] PRINT Train Epoch: 6 [52480/60000 (87%)]	Loss: 108.174774
[2022-10-20 01:34:00] PRINT Train Epoch: 6 [53760/60000 (90%)]	Loss: 113.011261
[2022-10-20 01:34:00] PRINT Train Epoch: 6 [55040/60000 (92%)]	Loss: 111.911736
[2022-10-20 01:34:00] PRINT Train Epoch: 6 [56320/60000 (94%)]	Loss: 107.720070
[2022-10-20 01:34:00] PRINT Train Epoch: 6 [57600/60000 (96%)]	Loss: 113.263428
[2022-10-20 01:34:00] PRINT Train Epoch: 6 [58880/60000 (98%)]	Loss: 111.137665
[2022-10-20 01:34:00] PRINT ====> Epoch: 6 Average loss: 110.7102
[2022-10-20 01:34:01] PRINT ====> Test set loss: 109.9231
[2022-10-20 01:34:01] PRINT Train Epoch: 7 [0/60000 (0%)]	Loss: 112.943390
[2022-10-20 01:34:01] PRINT Train Epoch: 7 [1280/60000 (2%)]	Loss: 109.382507
[2022-10-20 01:34:01] PRINT Train Epoch: 7 [2560/60000 (4%)]	Loss: 107.068436
[2022-10-20 01:34:01] PRINT Train Epoch: 7 [3840/60000 (6%)]	Loss: 107.771072
[2022-10-20 01:34:01] PRINT Train Epoch: 7 [5120/60000 (9%)]	Loss: 110.253098
[2022-10-20 01:34:01] PRINT Train Epoch: 7 [6400/60000 (11%)]	Loss: 108.090271
[2022-10-20 01:34:02] PRINT Train Epoch: 7 [7680/60000 (13%)]	Loss: 113.628204
[2022-10-20 01:34:02] PRINT Train Epoch: 7 [8960/60000 (15%)]	Loss: 118.539986
[2022-10-20 01:34:02] PRINT Train Epoch: 7 [10240/60000 (17%)]	Loss: 112.796188
[2022-10-20 01:34:02] PRINT Train Epoch: 7 [11520/60000 (19%)]	Loss: 114.164192
[2022-10-20 01:34:02] PRINT Train Epoch: 7 [12800/60000 (21%)]	Loss: 113.962761
[2022-10-20 01:34:02] PRINT Train Epoch: 7 [14080/60000 (23%)]	Loss: 112.495422
[2022-10-20 01:34:02] PRINT Train Epoch: 7 [15360/60000 (26%)]	Loss: 107.469376
[2022-10-20 01:34:02] PRINT Train Epoch: 7 [16640/60000 (28%)]	Loss: 112.796616
[2022-10-20 01:34:02] PRINT Train Epoch: 7 [17920/60000 (30%)]	Loss: 111.691498
[2022-10-20 01:34:02] PRINT Train Epoch: 7 [19200/60000 (32%)]	Loss: 121.389481
[2022-10-20 01:34:02] PRINT Train Epoch: 7 [20480/60000 (34%)]	Loss: 114.502777
[2022-10-20 01:34:03] PRINT Train Epoch: 7 [21760/60000 (36%)]	Loss: 111.462387
[2022-10-20 01:34:03] PRINT Train Epoch: 7 [23040/60000 (38%)]	Loss: 104.227959
[2022-10-20 01:34:03] PRINT Train Epoch: 7 [24320/60000 (41%)]	Loss: 108.928513
[2022-10-20 01:34:03] PRINT Train Epoch: 7 [25600/60000 (43%)]	Loss: 109.749077
[2022-10-20 01:34:03] PRINT Train Epoch: 7 [26880/60000 (45%)]	Loss: 114.350433
[2022-10-20 01:34:03] PRINT Train Epoch: 7 [28160/60000 (47%)]	Loss: 111.800919
[2022-10-20 01:34:03] PRINT Train Epoch: 7 [29440/60000 (49%)]	Loss: 112.300560
[2022-10-20 01:34:03] PRINT Train Epoch: 7 [30720/60000 (51%)]	Loss: 104.316841
[2022-10-20 01:34:03] PRINT Train Epoch: 7 [32000/60000 (53%)]	Loss: 115.151138
[2022-10-20 01:34:03] PRINT Train Epoch: 7 [33280/60000 (55%)]	Loss: 116.402512
[2022-10-20 01:34:03] PRINT Train Epoch: 7 [34560/60000 (58%)]	Loss: 106.791351
[2022-10-20 01:34:04] PRINT Train Epoch: 7 [35840/60000 (60%)]	Loss: 110.485512
[2022-10-20 01:34:04] PRINT Train Epoch: 7 [37120/60000 (62%)]	Loss: 111.680664
[2022-10-20 01:34:04] PRINT Train Epoch: 7 [38400/60000 (64%)]	Loss: 107.281776
[2022-10-20 01:34:04] PRINT Train Epoch: 7 [39680/60000 (66%)]	Loss: 107.885712
[2022-10-20 01:34:04] PRINT Train Epoch: 7 [40960/60000 (68%)]	Loss: 105.163345
[2022-10-20 01:34:04] PRINT Train Epoch: 7 [42240/60000 (70%)]	Loss: 113.970222
[2022-10-20 01:34:04] PRINT Train Epoch: 7 [43520/60000 (72%)]	Loss: 110.458206
[2022-10-20 01:34:04] PRINT Train Epoch: 7 [44800/60000 (75%)]	Loss: 103.123207
[2022-10-20 01:34:04] PRINT Train Epoch: 7 [46080/60000 (77%)]	Loss: 110.431908
[2022-10-20 01:34:04] PRINT Train Epoch: 7 [47360/60000 (79%)]	Loss: 111.680885
[2022-10-20 01:34:04] PRINT Train Epoch: 7 [48640/60000 (81%)]	Loss: 109.634644
[2022-10-20 01:34:04] PRINT Train Epoch: 7 [49920/60000 (83%)]	Loss: 110.903839
[2022-10-20 01:34:05] PRINT Train Epoch: 7 [51200/60000 (85%)]	Loss: 114.725426
[2022-10-20 01:34:05] PRINT Train Epoch: 7 [52480/60000 (87%)]	Loss: 114.212265
[2022-10-20 01:34:05] PRINT Train Epoch: 7 [53760/60000 (90%)]	Loss: 108.888290
[2022-10-20 01:34:05] PRINT Train Epoch: 7 [55040/60000 (92%)]	Loss: 110.693375
[2022-10-20 01:34:05] PRINT Train Epoch: 7 [56320/60000 (94%)]	Loss: 109.256462
[2022-10-20 01:34:05] PRINT Train Epoch: 7 [57600/60000 (96%)]	Loss: 109.068817
[2022-10-20 01:34:05] PRINT Train Epoch: 7 [58880/60000 (98%)]	Loss: 109.188110
[2022-10-20 01:34:05] PRINT ====> Epoch: 7 Average loss: 110.0155
[2022-10-20 01:34:06] PRINT ====> Test set loss: 109.5308
[2022-10-20 01:34:06] PRINT Train Epoch: 8 [0/60000 (0%)]	Loss: 106.707596
[2022-10-20 01:34:06] PRINT Train Epoch: 8 [1280/60000 (2%)]	Loss: 111.150177
[2022-10-20 01:34:06] PRINT Train Epoch: 8 [2560/60000 (4%)]	Loss: 111.076462
[2022-10-20 01:34:06] PRINT Train Epoch: 8 [3840/60000 (6%)]	Loss: 106.335266
[2022-10-20 01:34:06] PRINT Train Epoch: 8 [5120/60000 (9%)]	Loss: 110.983109
[2022-10-20 01:34:06] PRINT Train Epoch: 8 [6400/60000 (11%)]	Loss: 108.669800
[2022-10-20 01:34:07] PRINT Train Epoch: 8 [7680/60000 (13%)]	Loss: 109.818573
[2022-10-20 01:34:07] PRINT Train Epoch: 8 [8960/60000 (15%)]	Loss: 110.967293
[2022-10-20 01:34:07] PRINT Train Epoch: 8 [10240/60000 (17%)]	Loss: 115.602776
[2022-10-20 01:34:07] PRINT Train Epoch: 8 [11520/60000 (19%)]	Loss: 109.047638
[2022-10-20 01:34:07] PRINT Train Epoch: 8 [12800/60000 (21%)]	Loss: 107.104164
[2022-10-20 01:34:07] PRINT Train Epoch: 8 [14080/60000 (23%)]	Loss: 110.290611
[2022-10-20 01:34:07] PRINT Train Epoch: 8 [15360/60000 (26%)]	Loss: 109.254776
[2022-10-20 01:34:07] PRINT Train Epoch: 8 [16640/60000 (28%)]	Loss: 109.852890
[2022-10-20 01:34:07] PRINT Train Epoch: 8 [17920/60000 (30%)]	Loss: 109.332603
[2022-10-20 01:34:07] PRINT Train Epoch: 8 [19200/60000 (32%)]	Loss: 110.211960
[2022-10-20 01:34:07] PRINT Train Epoch: 8 [20480/60000 (34%)]	Loss: 109.544113
[2022-10-20 01:34:07] PRINT Train Epoch: 8 [21760/60000 (36%)]	Loss: 111.113861
[2022-10-20 01:34:08] PRINT Train Epoch: 8 [23040/60000 (38%)]	Loss: 105.579498
[2022-10-20 01:34:08] PRINT Train Epoch: 8 [24320/60000 (41%)]	Loss: 112.101112
[2022-10-20 01:34:08] PRINT Train Epoch: 8 [25600/60000 (43%)]	Loss: 108.448853
[2022-10-20 01:34:08] PRINT Train Epoch: 8 [26880/60000 (45%)]	Loss: 106.280777
[2022-10-20 01:34:08] PRINT Train Epoch: 8 [28160/60000 (47%)]	Loss: 106.834061
[2022-10-20 01:34:08] PRINT Train Epoch: 8 [29440/60000 (49%)]	Loss: 111.385269
[2022-10-20 01:34:08] PRINT Train Epoch: 8 [30720/60000 (51%)]	Loss: 111.533524
[2022-10-20 01:34:08] PRINT Train Epoch: 8 [32000/60000 (53%)]	Loss: 113.410843
[2022-10-20 01:34:08] PRINT Train Epoch: 8 [33280/60000 (55%)]	Loss: 111.628891
[2022-10-20 01:34:08] PRINT Train Epoch: 8 [34560/60000 (58%)]	Loss: 107.187271
[2022-10-20 01:34:08] PRINT Train Epoch: 8 [35840/60000 (60%)]	Loss: 109.438156
[2022-10-20 01:34:09] PRINT Train Epoch: 8 [37120/60000 (62%)]	Loss: 109.445442
[2022-10-20 01:34:09] PRINT Train Epoch: 8 [38400/60000 (64%)]	Loss: 106.744904
[2022-10-20 01:34:09] PRINT Train Epoch: 8 [39680/60000 (66%)]	Loss: 114.923294
[2022-10-20 01:34:09] PRINT Train Epoch: 8 [40960/60000 (68%)]	Loss: 105.860229
[2022-10-20 01:34:09] PRINT Train Epoch: 8 [42240/60000 (70%)]	Loss: 112.109360
[2022-10-20 01:34:09] PRINT Train Epoch: 8 [43520/60000 (72%)]	Loss: 106.523834
[2022-10-20 01:34:09] PRINT Train Epoch: 8 [44800/60000 (75%)]	Loss: 108.396484
[2022-10-20 01:34:09] PRINT Train Epoch: 8 [46080/60000 (77%)]	Loss: 113.065544
[2022-10-20 01:34:09] PRINT Train Epoch: 8 [47360/60000 (79%)]	Loss: 108.990173
[2022-10-20 01:34:09] PRINT Train Epoch: 8 [48640/60000 (81%)]	Loss: 106.136703
[2022-10-20 01:34:09] PRINT Train Epoch: 8 [49920/60000 (83%)]	Loss: 110.448112
[2022-10-20 01:34:10] PRINT Train Epoch: 8 [51200/60000 (85%)]	Loss: 109.729233
[2022-10-20 01:34:10] PRINT Train Epoch: 8 [52480/60000 (87%)]	Loss: 110.498093
[2022-10-20 01:34:10] PRINT Train Epoch: 8 [53760/60000 (90%)]	Loss: 110.396835
[2022-10-20 01:34:10] PRINT Train Epoch: 8 [55040/60000 (92%)]	Loss: 108.655594
[2022-10-20 01:34:10] PRINT Train Epoch: 8 [56320/60000 (94%)]	Loss: 108.246834
[2022-10-20 01:34:10] PRINT Train Epoch: 8 [57600/60000 (96%)]	Loss: 108.623116
[2022-10-20 01:34:10] PRINT Train Epoch: 8 [58880/60000 (98%)]	Loss: 105.476631
[2022-10-20 01:34:10] PRINT ====> Epoch: 8 Average loss: 109.4093
[2022-10-20 01:34:11] PRINT ====> Test set loss: 109.1589
[2022-10-20 01:34:11] PRINT Train Epoch: 9 [0/60000 (0%)]	Loss: 107.577240
[2022-10-20 01:34:11] PRINT Train Epoch: 9 [1280/60000 (2%)]	Loss: 109.027992
[2022-10-20 01:34:11] PRINT Train Epoch: 9 [2560/60000 (4%)]	Loss: 110.618195
[2022-10-20 01:34:11] PRINT Train Epoch: 9 [3840/60000 (6%)]	Loss: 109.961548
[2022-10-20 01:34:11] PRINT Train Epoch: 9 [5120/60000 (9%)]	Loss: 113.205719
[2022-10-20 01:34:11] PRINT Train Epoch: 9 [6400/60000 (11%)]	Loss: 111.652306
[2022-10-20 01:34:12] PRINT Train Epoch: 9 [7680/60000 (13%)]	Loss: 107.544342
[2022-10-20 01:34:12] PRINT Train Epoch: 9 [8960/60000 (15%)]	Loss: 111.851227
[2022-10-20 01:34:12] PRINT Train Epoch: 9 [10240/60000 (17%)]	Loss: 105.157814
[2022-10-20 01:34:12] PRINT Train Epoch: 9 [11520/60000 (19%)]	Loss: 109.249977
[2022-10-20 01:34:12] PRINT Train Epoch: 9 [12800/60000 (21%)]	Loss: 112.015213
[2022-10-20 01:34:12] PRINT Train Epoch: 9 [14080/60000 (23%)]	Loss: 114.520927
[2022-10-20 01:34:12] PRINT Train Epoch: 9 [15360/60000 (26%)]	Loss: 109.397797
[2022-10-20 01:34:12] PRINT Train Epoch: 9 [16640/60000 (28%)]	Loss: 106.113159
[2022-10-20 01:34:12] PRINT Train Epoch: 9 [17920/60000 (30%)]	Loss: 106.532578
[2022-10-20 01:34:12] PRINT Train Epoch: 9 [19200/60000 (32%)]	Loss: 107.475746
[2022-10-20 01:34:12] PRINT Train Epoch: 9 [20480/60000 (34%)]	Loss: 108.922745
[2022-10-20 01:34:13] PRINT Train Epoch: 9 [21760/60000 (36%)]	Loss: 109.562805
[2022-10-20 01:34:13] PRINT Train Epoch: 9 [23040/60000 (38%)]	Loss: 111.898148
[2022-10-20 01:34:13] PRINT Train Epoch: 9 [24320/60000 (41%)]	Loss: 107.942383
[2022-10-20 01:34:13] PRINT Train Epoch: 9 [25600/60000 (43%)]	Loss: 108.122498
[2022-10-20 01:34:13] PRINT Train Epoch: 9 [26880/60000 (45%)]	Loss: 107.703934
[2022-10-20 01:34:13] PRINT Train Epoch: 9 [28160/60000 (47%)]	Loss: 111.196075
[2022-10-20 01:34:13] PRINT Train Epoch: 9 [29440/60000 (49%)]	Loss: 108.452965
[2022-10-20 01:34:13] PRINT Train Epoch: 9 [30720/60000 (51%)]	Loss: 106.916245
[2022-10-20 01:34:13] PRINT Train Epoch: 9 [32000/60000 (53%)]	Loss: 105.147858
[2022-10-20 01:34:13] PRINT Train Epoch: 9 [33280/60000 (55%)]	Loss: 108.695816
[2022-10-20 01:34:13] PRINT Train Epoch: 9 [34560/60000 (58%)]	Loss: 112.415726
[2022-10-20 01:34:14] PRINT Train Epoch: 9 [35840/60000 (60%)]	Loss: 108.364250
[2022-10-20 01:34:14] PRINT Train Epoch: 9 [37120/60000 (62%)]	Loss: 109.620071
[2022-10-20 01:34:14] PRINT Train Epoch: 9 [38400/60000 (64%)]	Loss: 104.930954
[2022-10-20 01:34:14] PRINT Train Epoch: 9 [39680/60000 (66%)]	Loss: 108.127525
[2022-10-20 01:34:14] PRINT Train Epoch: 9 [40960/60000 (68%)]	Loss: 110.711510
[2022-10-20 01:34:14] PRINT Train Epoch: 9 [42240/60000 (70%)]	Loss: 109.815231
[2022-10-20 01:34:14] PRINT Train Epoch: 9 [43520/60000 (72%)]	Loss: 113.314445
[2022-10-20 01:34:14] PRINT Train Epoch: 9 [44800/60000 (75%)]	Loss: 112.324409
[2022-10-20 01:34:14] PRINT Train Epoch: 9 [46080/60000 (77%)]	Loss: 109.790649
[2022-10-20 01:34:14] PRINT Train Epoch: 9 [47360/60000 (79%)]	Loss: 108.470001
[2022-10-20 01:34:14] PRINT Train Epoch: 9 [48640/60000 (81%)]	Loss: 111.440865
[2022-10-20 01:34:15] PRINT Train Epoch: 9 [49920/60000 (83%)]	Loss: 104.383865
[2022-10-20 01:34:15] PRINT Train Epoch: 9 [51200/60000 (85%)]	Loss: 103.690414
[2022-10-20 01:34:15] PRINT Train Epoch: 9 [52480/60000 (87%)]	Loss: 107.844742
[2022-10-20 01:34:15] PRINT Train Epoch: 9 [53760/60000 (90%)]	Loss: 110.538254
[2022-10-20 01:34:15] PRINT Train Epoch: 9 [55040/60000 (92%)]	Loss: 109.937706
[2022-10-20 01:34:15] PRINT Train Epoch: 9 [56320/60000 (94%)]	Loss: 107.481560
[2022-10-20 01:34:15] PRINT Train Epoch: 9 [57600/60000 (96%)]	Loss: 111.996140
[2022-10-20 01:34:15] PRINT Train Epoch: 9 [58880/60000 (98%)]	Loss: 105.511101
[2022-10-20 01:34:15] PRINT ====> Epoch: 9 Average loss: 108.9116
[2022-10-20 01:34:16] PRINT ====> Test set loss: 108.7960
[2022-10-20 01:34:16] PRINT Train Epoch: 10 [0/60000 (0%)]	Loss: 107.483994
[2022-10-20 01:34:16] PRINT Train Epoch: 10 [1280/60000 (2%)]	Loss: 106.880005
[2022-10-20 01:34:16] PRINT Train Epoch: 10 [2560/60000 (4%)]	Loss: 110.970055
[2022-10-20 01:34:16] PRINT Train Epoch: 10 [3840/60000 (6%)]	Loss: 108.359329
[2022-10-20 01:34:16] PRINT Train Epoch: 10 [5120/60000 (9%)]	Loss: 108.940651
[2022-10-20 01:34:16] PRINT Train Epoch: 10 [6400/60000 (11%)]	Loss: 109.089661
[2022-10-20 01:34:16] PRINT Train Epoch: 10 [7680/60000 (13%)]	Loss: 107.257896
[2022-10-20 01:34:17] PRINT Train Epoch: 10 [8960/60000 (15%)]	Loss: 114.827110
[2022-10-20 01:34:17] PRINT Train Epoch: 10 [10240/60000 (17%)]	Loss: 111.875519
[2022-10-20 01:34:17] PRINT Train Epoch: 10 [11520/60000 (19%)]	Loss: 110.602180
[2022-10-20 01:34:17] PRINT Train Epoch: 10 [12800/60000 (21%)]	Loss: 106.969521
[2022-10-20 01:34:17] PRINT Train Epoch: 10 [14080/60000 (23%)]	Loss: 110.370987
[2022-10-20 01:34:17] PRINT Train Epoch: 10 [15360/60000 (26%)]	Loss: 111.257118
[2022-10-20 01:34:17] PRINT Train Epoch: 10 [16640/60000 (28%)]	Loss: 107.033127
[2022-10-20 01:34:17] PRINT Train Epoch: 10 [17920/60000 (30%)]	Loss: 110.526016
[2022-10-20 01:34:17] PRINT Train Epoch: 10 [19200/60000 (32%)]	Loss: 112.783447
[2022-10-20 01:34:17] PRINT Train Epoch: 10 [20480/60000 (34%)]	Loss: 108.060478
[2022-10-20 01:34:17] PRINT Train Epoch: 10 [21760/60000 (36%)]	Loss: 106.761436
[2022-10-20 01:34:18] PRINT Train Epoch: 10 [23040/60000 (38%)]	Loss: 108.812836
[2022-10-20 01:34:18] PRINT Train Epoch: 10 [24320/60000 (41%)]	Loss: 108.358932
[2022-10-20 01:34:18] PRINT Train Epoch: 10 [25600/60000 (43%)]	Loss: 109.220711
[2022-10-20 01:34:18] PRINT Train Epoch: 10 [26880/60000 (45%)]	Loss: 110.710114
[2022-10-20 01:34:18] PRINT Train Epoch: 10 [28160/60000 (47%)]	Loss: 107.550743
[2022-10-20 01:34:18] PRINT Train Epoch: 10 [29440/60000 (49%)]	Loss: 109.591713
[2022-10-20 01:34:18] PRINT Train Epoch: 10 [30720/60000 (51%)]	Loss: 108.476456
[2022-10-20 01:34:18] PRINT Train Epoch: 10 [32000/60000 (53%)]	Loss: 109.505318
[2022-10-20 01:34:18] PRINT Train Epoch: 10 [33280/60000 (55%)]	Loss: 112.357483
[2022-10-20 01:34:18] PRINT Train Epoch: 10 [34560/60000 (58%)]	Loss: 107.703094
[2022-10-20 01:34:18] PRINT Train Epoch: 10 [35840/60000 (60%)]	Loss: 103.349075
[2022-10-20 01:34:19] PRINT Train Epoch: 10 [37120/60000 (62%)]	Loss: 110.722565
[2022-10-20 01:34:19] PRINT Train Epoch: 10 [38400/60000 (64%)]	Loss: 108.135635
[2022-10-20 01:34:19] PRINT Train Epoch: 10 [39680/60000 (66%)]	Loss: 109.477516
[2022-10-20 01:34:19] PRINT Train Epoch: 10 [40960/60000 (68%)]	Loss: 110.402237
[2022-10-20 01:34:19] PRINT Train Epoch: 10 [42240/60000 (70%)]	Loss: 102.817024
[2022-10-20 01:34:19] PRINT Train Epoch: 10 [43520/60000 (72%)]	Loss: 112.691467
[2022-10-20 01:34:19] PRINT Train Epoch: 10 [44800/60000 (75%)]	Loss: 111.076401
[2022-10-20 01:34:19] PRINT Train Epoch: 10 [46080/60000 (77%)]	Loss: 108.783707
[2022-10-20 01:34:19] PRINT Train Epoch: 10 [47360/60000 (79%)]	Loss: 104.871719
[2022-10-20 01:34:19] PRINT Train Epoch: 10 [48640/60000 (81%)]	Loss: 109.033356
[2022-10-20 01:34:19] PRINT Train Epoch: 10 [49920/60000 (83%)]	Loss: 107.875801
[2022-10-20 01:34:19] PRINT Train Epoch: 10 [51200/60000 (85%)]	Loss: 106.282326
[2022-10-20 01:34:20] PRINT Train Epoch: 10 [52480/60000 (87%)]	Loss: 108.423439
[2022-10-20 01:34:20] PRINT Train Epoch: 10 [53760/60000 (90%)]	Loss: 104.776131
[2022-10-20 01:34:20] PRINT Train Epoch: 10 [55040/60000 (92%)]	Loss: 105.783081
[2022-10-20 01:34:20] PRINT Train Epoch: 10 [56320/60000 (94%)]	Loss: 115.988564
[2022-10-20 01:34:20] PRINT Train Epoch: 10 [57600/60000 (96%)]	Loss: 106.469727
[2022-10-20 01:34:20] PRINT Train Epoch: 10 [58880/60000 (98%)]	Loss: 114.005142
[2022-10-20 01:34:20] PRINT ====> Epoch: 10 Average loss: 108.5112
[2022-10-20 01:34:21] PRINT ====> Test set loss: 108.4925
