[2022-10-20 01:13:39] PRINT {'features1': 300, 'features2': 30, 'lr': 0.00022489628458010545, 'epsilon': 1e-07, 'TRIAL_BUDGET': 2}
[2022-10-20 01:13:39] PRINT Using cuda device
[2022-10-20 01:13:41] PRINT Train Epoch: 1 [0/60000 (0%)]	Loss: 550.495728
[2022-10-20 01:13:41] PRINT Train Epoch: 1 [1280/60000 (2%)]	Loss: 504.977631
[2022-10-20 01:13:41] PRINT Train Epoch: 1 [2560/60000 (4%)]	Loss: 450.930267
[2022-10-20 01:13:41] PRINT Train Epoch: 1 [3840/60000 (6%)]	Loss: 383.253967
[2022-10-20 01:13:41] PRINT Train Epoch: 1 [5120/60000 (9%)]	Loss: 328.173126
[2022-10-20 01:13:41] PRINT Train Epoch: 1 [6400/60000 (11%)]	Loss: 285.133026
[2022-10-20 01:13:41] PRINT Train Epoch: 1 [7680/60000 (13%)]	Loss: 264.735077
[2022-10-20 01:13:41] PRINT Train Epoch: 1 [8960/60000 (15%)]	Loss: 256.491608
[2022-10-20 01:13:41] PRINT Train Epoch: 1 [10240/60000 (17%)]	Loss: 238.567215
[2022-10-20 01:13:41] PRINT Train Epoch: 1 [11520/60000 (19%)]	Loss: 245.417297
[2022-10-20 01:13:41] PRINT Train Epoch: 1 [12800/60000 (21%)]	Loss: 237.849503
[2022-10-20 01:13:42] PRINT Train Epoch: 1 [14080/60000 (23%)]	Loss: 229.040482
[2022-10-20 01:13:42] PRINT Train Epoch: 1 [15360/60000 (26%)]	Loss: 228.443298
[2022-10-20 01:13:42] PRINT Train Epoch: 1 [16640/60000 (28%)]	Loss: 226.874298
[2022-10-20 01:13:42] PRINT Train Epoch: 1 [17920/60000 (30%)]	Loss: 223.125504
[2022-10-20 01:13:42] PRINT Train Epoch: 1 [19200/60000 (32%)]	Loss: 222.067886
[2022-10-20 01:13:42] PRINT Train Epoch: 1 [20480/60000 (34%)]	Loss: 227.734451
[2022-10-20 01:13:42] PRINT Train Epoch: 1 [21760/60000 (36%)]	Loss: 219.188812
[2022-10-20 01:13:42] PRINT Train Epoch: 1 [23040/60000 (38%)]	Loss: 219.641602
[2022-10-20 01:13:42] PRINT Train Epoch: 1 [24320/60000 (41%)]	Loss: 226.566467
[2022-10-20 01:13:42] PRINT Train Epoch: 1 [25600/60000 (43%)]	Loss: 215.695496
[2022-10-20 01:13:42] PRINT Train Epoch: 1 [26880/60000 (45%)]	Loss: 216.091263
[2022-10-20 01:13:43] PRINT Train Epoch: 1 [28160/60000 (47%)]	Loss: 209.747696
[2022-10-20 01:13:43] PRINT Train Epoch: 1 [29440/60000 (49%)]	Loss: 204.696426
[2022-10-20 01:13:43] PRINT Train Epoch: 1 [30720/60000 (51%)]	Loss: 210.377762
[2022-10-20 01:13:43] PRINT Train Epoch: 1 [32000/60000 (53%)]	Loss: 202.578751
[2022-10-20 01:13:43] PRINT Train Epoch: 1 [33280/60000 (55%)]	Loss: 200.576981
[2022-10-20 01:13:43] PRINT Train Epoch: 1 [34560/60000 (58%)]	Loss: 196.461868
[2022-10-20 01:13:43] PRINT Train Epoch: 1 [35840/60000 (60%)]	Loss: 202.502548
[2022-10-20 01:13:43] PRINT Train Epoch: 1 [37120/60000 (62%)]	Loss: 197.359085
[2022-10-20 01:13:43] PRINT Train Epoch: 1 [38400/60000 (64%)]	Loss: 191.339142
[2022-10-20 01:13:43] PRINT Train Epoch: 1 [39680/60000 (66%)]	Loss: 188.702301
[2022-10-20 01:13:43] PRINT Train Epoch: 1 [40960/60000 (68%)]	Loss: 190.704544
[2022-10-20 01:13:44] PRINT Train Epoch: 1 [42240/60000 (70%)]	Loss: 190.309998
[2022-10-20 01:13:44] PRINT Train Epoch: 1 [43520/60000 (72%)]	Loss: 188.924103
[2022-10-20 01:13:44] PRINT Train Epoch: 1 [44800/60000 (75%)]	Loss: 183.543365
[2022-10-20 01:13:44] PRINT Train Epoch: 1 [46080/60000 (77%)]	Loss: 193.155853
[2022-10-20 01:13:44] PRINT Train Epoch: 1 [47360/60000 (79%)]	Loss: 178.787506
[2022-10-20 01:13:44] PRINT Train Epoch: 1 [48640/60000 (81%)]	Loss: 184.560730
[2022-10-20 01:13:44] PRINT Train Epoch: 1 [49920/60000 (83%)]	Loss: 180.179810
[2022-10-20 01:13:44] PRINT Train Epoch: 1 [51200/60000 (85%)]	Loss: 183.239182
[2022-10-20 01:13:44] PRINT Train Epoch: 1 [52480/60000 (87%)]	Loss: 167.351456
[2022-10-20 01:13:44] PRINT Train Epoch: 1 [53760/60000 (90%)]	Loss: 179.151855
[2022-10-20 01:13:44] PRINT Train Epoch: 1 [55040/60000 (92%)]	Loss: 169.661880
[2022-10-20 01:13:44] PRINT Train Epoch: 1 [56320/60000 (94%)]	Loss: 175.699203
[2022-10-20 01:13:45] PRINT Train Epoch: 1 [57600/60000 (96%)]	Loss: 176.481049
[2022-10-20 01:13:45] PRINT Train Epoch: 1 [58880/60000 (98%)]	Loss: 174.177383
[2022-10-20 01:13:45] PRINT ====> Epoch: 1 Average loss: 228.7199
[2022-10-20 01:13:45] PRINT ====> Test set loss: 171.6706
[2022-10-20 01:13:45] PRINT Train Epoch: 2 [0/60000 (0%)]	Loss: 174.419235
[2022-10-20 01:13:46] PRINT Train Epoch: 2 [1280/60000 (2%)]	Loss: 175.909073
[2022-10-20 01:13:46] PRINT Train Epoch: 2 [2560/60000 (4%)]	Loss: 171.245270
[2022-10-20 01:13:46] PRINT Train Epoch: 2 [3840/60000 (6%)]	Loss: 172.771072
[2022-10-20 01:13:46] PRINT Train Epoch: 2 [5120/60000 (9%)]	Loss: 167.167389
[2022-10-20 01:13:46] PRINT Train Epoch: 2 [6400/60000 (11%)]	Loss: 175.949265
[2022-10-20 01:13:46] PRINT Train Epoch: 2 [7680/60000 (13%)]	Loss: 165.994278
[2022-10-20 01:13:46] PRINT Train Epoch: 2 [8960/60000 (15%)]	Loss: 168.564636
[2022-10-20 01:13:46] PRINT Train Epoch: 2 [10240/60000 (17%)]	Loss: 168.146225
[2022-10-20 01:13:46] PRINT Train Epoch: 2 [11520/60000 (19%)]	Loss: 164.022675
[2022-10-20 01:13:46] PRINT Train Epoch: 2 [12800/60000 (21%)]	Loss: 163.678787
[2022-10-20 01:13:46] PRINT Train Epoch: 2 [14080/60000 (23%)]	Loss: 159.576202
[2022-10-20 01:13:47] PRINT Train Epoch: 2 [15360/60000 (26%)]	Loss: 175.181427
[2022-10-20 01:13:47] PRINT Train Epoch: 2 [16640/60000 (28%)]	Loss: 162.591217
[2022-10-20 01:13:47] PRINT Train Epoch: 2 [17920/60000 (30%)]	Loss: 161.463898
[2022-10-20 01:13:47] PRINT Train Epoch: 2 [19200/60000 (32%)]	Loss: 162.840088
[2022-10-20 01:13:47] PRINT Train Epoch: 2 [20480/60000 (34%)]	Loss: 166.716339
[2022-10-20 01:13:47] PRINT Train Epoch: 2 [21760/60000 (36%)]	Loss: 158.851105
[2022-10-20 01:13:47] PRINT Train Epoch: 2 [23040/60000 (38%)]	Loss: 158.113617
[2022-10-20 01:13:47] PRINT Train Epoch: 2 [24320/60000 (41%)]	Loss: 167.185944
[2022-10-20 01:13:47] PRINT Train Epoch: 2 [25600/60000 (43%)]	Loss: 159.681015
[2022-10-20 01:13:47] PRINT Train Epoch: 2 [26880/60000 (45%)]	Loss: 156.956619
[2022-10-20 01:13:47] PRINT Train Epoch: 2 [28160/60000 (47%)]	Loss: 153.510681
[2022-10-20 01:13:47] PRINT Train Epoch: 2 [29440/60000 (49%)]	Loss: 158.824646
[2022-10-20 01:13:48] PRINT Train Epoch: 2 [30720/60000 (51%)]	Loss: 161.959656
[2022-10-20 01:13:48] PRINT Train Epoch: 2 [32000/60000 (53%)]	Loss: 158.012299
[2022-10-20 01:13:48] PRINT Train Epoch: 2 [33280/60000 (55%)]	Loss: 157.205139
[2022-10-20 01:13:48] PRINT Train Epoch: 2 [34560/60000 (58%)]	Loss: 158.714706
[2022-10-20 01:13:48] PRINT Train Epoch: 2 [35840/60000 (60%)]	Loss: 151.867767
[2022-10-20 01:13:48] PRINT Train Epoch: 2 [37120/60000 (62%)]	Loss: 154.063736
[2022-10-20 01:13:48] PRINT Train Epoch: 2 [38400/60000 (64%)]	Loss: 161.138885
[2022-10-20 01:13:48] PRINT Train Epoch: 2 [39680/60000 (66%)]	Loss: 155.981674
[2022-10-20 01:13:48] PRINT Train Epoch: 2 [40960/60000 (68%)]	Loss: 156.158722
[2022-10-20 01:13:48] PRINT Train Epoch: 2 [42240/60000 (70%)]	Loss: 156.224625
[2022-10-20 01:13:48] PRINT Train Epoch: 2 [43520/60000 (72%)]	Loss: 158.518188
[2022-10-20 01:13:49] PRINT Train Epoch: 2 [44800/60000 (75%)]	Loss: 153.521072
[2022-10-20 01:13:49] PRINT Train Epoch: 2 [46080/60000 (77%)]	Loss: 154.613312
[2022-10-20 01:13:49] PRINT Train Epoch: 2 [47360/60000 (79%)]	Loss: 150.170135
[2022-10-20 01:13:49] PRINT Train Epoch: 2 [48640/60000 (81%)]	Loss: 156.706268
[2022-10-20 01:13:49] PRINT Train Epoch: 2 [49920/60000 (83%)]	Loss: 153.790039
[2022-10-20 01:13:49] PRINT Train Epoch: 2 [51200/60000 (85%)]	Loss: 151.291306
[2022-10-20 01:13:49] PRINT Train Epoch: 2 [52480/60000 (87%)]	Loss: 152.368790
[2022-10-20 01:13:49] PRINT Train Epoch: 2 [53760/60000 (90%)]	Loss: 145.571411
[2022-10-20 01:13:49] PRINT Train Epoch: 2 [55040/60000 (92%)]	Loss: 148.274734
[2022-10-20 01:13:49] PRINT Train Epoch: 2 [56320/60000 (94%)]	Loss: 150.511246
[2022-10-20 01:13:49] PRINT Train Epoch: 2 [57600/60000 (96%)]	Loss: 153.282898
[2022-10-20 01:13:50] PRINT Train Epoch: 2 [58880/60000 (98%)]	Loss: 155.932159
[2022-10-20 01:13:50] PRINT ====> Epoch: 2 Average loss: 160.1777
[2022-10-20 01:13:50] PRINT ====> Test set loss: 148.9144
[2022-10-20 01:13:50] PRINT Train Epoch: 3 [0/60000 (0%)]	Loss: 142.751953
[2022-10-20 01:13:50] PRINT Train Epoch: 3 [1280/60000 (2%)]	Loss: 144.855026
[2022-10-20 01:13:51] PRINT Train Epoch: 3 [2560/60000 (4%)]	Loss: 147.994797
[2022-10-20 01:13:51] PRINT Train Epoch: 3 [3840/60000 (6%)]	Loss: 146.845490
[2022-10-20 01:13:51] PRINT Train Epoch: 3 [5120/60000 (9%)]	Loss: 151.185242
[2022-10-20 01:13:51] PRINT Train Epoch: 3 [6400/60000 (11%)]	Loss: 145.040039
[2022-10-20 01:13:51] PRINT Train Epoch: 3 [7680/60000 (13%)]	Loss: 149.148071
[2022-10-20 01:13:51] PRINT Train Epoch: 3 [8960/60000 (15%)]	Loss: 146.563904
[2022-10-20 01:13:51] PRINT Train Epoch: 3 [10240/60000 (17%)]	Loss: 146.173676
[2022-10-20 01:13:51] PRINT Train Epoch: 3 [11520/60000 (19%)]	Loss: 145.721710
[2022-10-20 01:13:51] PRINT Train Epoch: 3 [12800/60000 (21%)]	Loss: 146.944122
[2022-10-20 01:13:51] PRINT Train Epoch: 3 [14080/60000 (23%)]	Loss: 146.790787
[2022-10-20 01:13:51] PRINT Train Epoch: 3 [15360/60000 (26%)]	Loss: 145.292725
[2022-10-20 01:13:52] PRINT Train Epoch: 3 [16640/60000 (28%)]	Loss: 143.529434
[2022-10-20 01:13:52] PRINT Train Epoch: 3 [17920/60000 (30%)]	Loss: 147.738251
[2022-10-20 01:13:52] PRINT Train Epoch: 3 [19200/60000 (32%)]	Loss: 147.402786
[2022-10-20 01:13:52] PRINT Train Epoch: 3 [20480/60000 (34%)]	Loss: 147.281967
[2022-10-20 01:13:52] PRINT Train Epoch: 3 [21760/60000 (36%)]	Loss: 148.703369
[2022-10-20 01:13:52] PRINT Train Epoch: 3 [23040/60000 (38%)]	Loss: 139.437927
[2022-10-20 01:13:52] PRINT Train Epoch: 3 [24320/60000 (41%)]	Loss: 148.986649
[2022-10-20 01:13:52] PRINT Train Epoch: 3 [25600/60000 (43%)]	Loss: 137.341431
[2022-10-20 01:13:52] PRINT Train Epoch: 3 [26880/60000 (45%)]	Loss: 142.110977
[2022-10-20 01:13:52] PRINT Train Epoch: 3 [28160/60000 (47%)]	Loss: 139.414383
[2022-10-20 01:13:52] PRINT Train Epoch: 3 [29440/60000 (49%)]	Loss: 142.501114
[2022-10-20 01:13:53] PRINT Train Epoch: 3 [30720/60000 (51%)]	Loss: 141.270630
[2022-10-20 01:13:53] PRINT Train Epoch: 3 [32000/60000 (53%)]	Loss: 140.233139
[2022-10-20 01:13:53] PRINT Train Epoch: 3 [33280/60000 (55%)]	Loss: 144.392212
[2022-10-20 01:13:53] PRINT Train Epoch: 3 [34560/60000 (58%)]	Loss: 138.781113
[2022-10-20 01:13:53] PRINT Train Epoch: 3 [35840/60000 (60%)]	Loss: 137.501831
[2022-10-20 01:13:53] PRINT Train Epoch: 3 [37120/60000 (62%)]	Loss: 145.783997
[2022-10-20 01:13:53] PRINT Train Epoch: 3 [38400/60000 (64%)]	Loss: 142.622025
[2022-10-20 01:13:53] PRINT Train Epoch: 3 [39680/60000 (66%)]	Loss: 136.514267
[2022-10-20 01:13:53] PRINT Train Epoch: 3 [40960/60000 (68%)]	Loss: 145.054062
[2022-10-20 01:13:53] PRINT Train Epoch: 3 [42240/60000 (70%)]	Loss: 140.388947
[2022-10-20 01:13:54] PRINT Train Epoch: 3 [43520/60000 (72%)]	Loss: 137.633698
[2022-10-20 01:13:54] PRINT Train Epoch: 3 [44800/60000 (75%)]	Loss: 143.104553
[2022-10-20 01:13:54] PRINT Train Epoch: 3 [46080/60000 (77%)]	Loss: 138.952423
[2022-10-20 01:13:54] PRINT Train Epoch: 3 [47360/60000 (79%)]	Loss: 143.822113
[2022-10-20 01:13:54] PRINT Train Epoch: 3 [48640/60000 (81%)]	Loss: 140.906708
[2022-10-20 01:13:54] PRINT Train Epoch: 3 [49920/60000 (83%)]	Loss: 145.956497
[2022-10-20 01:13:54] PRINT Train Epoch: 3 [51200/60000 (85%)]	Loss: 141.122147
[2022-10-20 01:13:54] PRINT Train Epoch: 3 [52480/60000 (87%)]	Loss: 139.551849
[2022-10-20 01:13:54] PRINT Train Epoch: 3 [53760/60000 (90%)]	Loss: 142.508102
[2022-10-20 01:13:54] PRINT Train Epoch: 3 [55040/60000 (92%)]	Loss: 141.188934
[2022-10-20 01:13:54] PRINT Train Epoch: 3 [56320/60000 (94%)]	Loss: 134.937958
[2022-10-20 01:13:55] PRINT Train Epoch: 3 [57600/60000 (96%)]	Loss: 142.621536
[2022-10-20 01:13:55] PRINT Train Epoch: 3 [58880/60000 (98%)]	Loss: 136.345337
[2022-10-20 01:13:55] PRINT ====> Epoch: 3 Average loss: 143.7013
[2022-10-20 01:13:55] PRINT ====> Test set loss: 137.1116
[2022-10-20 01:13:55] PRINT Train Epoch: 4 [0/60000 (0%)]	Loss: 139.919556
[2022-10-20 01:13:56] PRINT Train Epoch: 4 [1280/60000 (2%)]	Loss: 138.922089
[2022-10-20 01:13:56] PRINT Train Epoch: 4 [2560/60000 (4%)]	Loss: 135.828506
[2022-10-20 01:13:56] PRINT Train Epoch: 4 [3840/60000 (6%)]	Loss: 134.481720
[2022-10-20 01:13:56] PRINT Train Epoch: 4 [5120/60000 (9%)]	Loss: 137.603577
[2022-10-20 01:13:56] PRINT Train Epoch: 4 [6400/60000 (11%)]	Loss: 139.781174
[2022-10-20 01:13:56] PRINT Train Epoch: 4 [7680/60000 (13%)]	Loss: 133.328995
[2022-10-20 01:13:56] PRINT Train Epoch: 4 [8960/60000 (15%)]	Loss: 135.566940
[2022-10-20 01:13:56] PRINT Train Epoch: 4 [10240/60000 (17%)]	Loss: 134.935638
[2022-10-20 01:13:56] PRINT Train Epoch: 4 [11520/60000 (19%)]	Loss: 141.101471
[2022-10-20 01:13:56] PRINT Train Epoch: 4 [12800/60000 (21%)]	Loss: 136.483948
[2022-10-20 01:13:56] PRINT Train Epoch: 4 [14080/60000 (23%)]	Loss: 133.677780
[2022-10-20 01:13:57] PRINT Train Epoch: 4 [15360/60000 (26%)]	Loss: 140.425476
[2022-10-20 01:13:57] PRINT Train Epoch: 4 [16640/60000 (28%)]	Loss: 135.586304
[2022-10-20 01:13:57] PRINT Train Epoch: 4 [17920/60000 (30%)]	Loss: 130.302719
[2022-10-20 01:13:57] PRINT Train Epoch: 4 [19200/60000 (32%)]	Loss: 134.207031
[2022-10-20 01:13:57] PRINT Train Epoch: 4 [20480/60000 (34%)]	Loss: 135.699554
[2022-10-20 01:13:57] PRINT Train Epoch: 4 [21760/60000 (36%)]	Loss: 136.578827
[2022-10-20 01:13:57] PRINT Train Epoch: 4 [23040/60000 (38%)]	Loss: 137.628693
[2022-10-20 01:13:57] PRINT Train Epoch: 4 [24320/60000 (41%)]	Loss: 132.233261
[2022-10-20 01:13:57] PRINT Train Epoch: 4 [25600/60000 (43%)]	Loss: 129.517197
[2022-10-20 01:13:57] PRINT Train Epoch: 4 [26880/60000 (45%)]	Loss: 134.117462
[2022-10-20 01:13:57] PRINT Train Epoch: 4 [28160/60000 (47%)]	Loss: 136.303162
[2022-10-20 01:13:57] PRINT Train Epoch: 4 [29440/60000 (49%)]	Loss: 134.896347
[2022-10-20 01:13:58] PRINT Train Epoch: 4 [30720/60000 (51%)]	Loss: 134.548569
[2022-10-20 01:13:58] PRINT Train Epoch: 4 [32000/60000 (53%)]	Loss: 134.944397
[2022-10-20 01:13:58] PRINT Train Epoch: 4 [33280/60000 (55%)]	Loss: 134.095261
[2022-10-20 01:13:58] PRINT Train Epoch: 4 [34560/60000 (58%)]	Loss: 132.407867
[2022-10-20 01:13:58] PRINT Train Epoch: 4 [35840/60000 (60%)]	Loss: 134.202286
[2022-10-20 01:13:58] PRINT Train Epoch: 4 [37120/60000 (62%)]	Loss: 133.283371
[2022-10-20 01:13:58] PRINT Train Epoch: 4 [38400/60000 (64%)]	Loss: 135.382782
[2022-10-20 01:13:58] PRINT Train Epoch: 4 [39680/60000 (66%)]	Loss: 132.891541
[2022-10-20 01:13:58] PRINT Train Epoch: 4 [40960/60000 (68%)]	Loss: 133.132233
[2022-10-20 01:13:58] PRINT Train Epoch: 4 [42240/60000 (70%)]	Loss: 135.028900
[2022-10-20 01:13:59] PRINT Train Epoch: 4 [43520/60000 (72%)]	Loss: 131.317307
[2022-10-20 01:13:59] PRINT Train Epoch: 4 [44800/60000 (75%)]	Loss: 130.304413
[2022-10-20 01:13:59] PRINT Train Epoch: 4 [46080/60000 (77%)]	Loss: 138.207138
[2022-10-20 01:13:59] PRINT Train Epoch: 4 [47360/60000 (79%)]	Loss: 131.095612
[2022-10-20 01:13:59] PRINT Train Epoch: 4 [48640/60000 (81%)]	Loss: 134.733719
[2022-10-20 01:13:59] PRINT Train Epoch: 4 [49920/60000 (83%)]	Loss: 133.926620
[2022-10-20 01:13:59] PRINT Train Epoch: 4 [51200/60000 (85%)]	Loss: 131.117218
[2022-10-20 01:13:59] PRINT Train Epoch: 4 [52480/60000 (87%)]	Loss: 131.121765
[2022-10-20 01:13:59] PRINT Train Epoch: 4 [53760/60000 (90%)]	Loss: 130.929871
[2022-10-20 01:13:59] PRINT Train Epoch: 4 [55040/60000 (92%)]	Loss: 131.650879
[2022-10-20 01:13:59] PRINT Train Epoch: 4 [56320/60000 (94%)]	Loss: 132.688232
[2022-10-20 01:14:00] PRINT Train Epoch: 4 [57600/60000 (96%)]	Loss: 131.637970
[2022-10-20 01:14:00] PRINT Train Epoch: 4 [58880/60000 (98%)]	Loss: 133.160034
[2022-10-20 01:14:00] PRINT ====> Epoch: 4 Average loss: 134.6749
[2022-10-20 01:14:00] PRINT ====> Test set loss: 130.3987
[2022-10-20 01:14:00] PRINT Train Epoch: 5 [0/60000 (0%)]	Loss: 130.624268
[2022-10-20 01:14:01] PRINT Train Epoch: 5 [1280/60000 (2%)]	Loss: 128.328888
[2022-10-20 01:14:01] PRINT Train Epoch: 5 [2560/60000 (4%)]	Loss: 130.061310
[2022-10-20 01:14:01] PRINT Train Epoch: 5 [3840/60000 (6%)]	Loss: 127.135468
[2022-10-20 01:14:01] PRINT Train Epoch: 5 [5120/60000 (9%)]	Loss: 132.255005
[2022-10-20 01:14:01] PRINT Train Epoch: 5 [6400/60000 (11%)]	Loss: 129.541214
[2022-10-20 01:14:01] PRINT Train Epoch: 5 [7680/60000 (13%)]	Loss: 129.198196
[2022-10-20 01:14:01] PRINT Train Epoch: 5 [8960/60000 (15%)]	Loss: 133.057480
[2022-10-20 01:14:01] PRINT Train Epoch: 5 [10240/60000 (17%)]	Loss: 130.054184
[2022-10-20 01:14:01] PRINT Train Epoch: 5 [11520/60000 (19%)]	Loss: 135.289948
[2022-10-20 01:14:01] PRINT Train Epoch: 5 [12800/60000 (21%)]	Loss: 129.786530
[2022-10-20 01:14:01] PRINT Train Epoch: 5 [14080/60000 (23%)]	Loss: 128.919205
[2022-10-20 01:14:02] PRINT Train Epoch: 5 [15360/60000 (26%)]	Loss: 128.655457
[2022-10-20 01:14:02] PRINT Train Epoch: 5 [16640/60000 (28%)]	Loss: 129.184937
[2022-10-20 01:14:02] PRINT Train Epoch: 5 [17920/60000 (30%)]	Loss: 131.188446
[2022-10-20 01:14:02] PRINT Train Epoch: 5 [19200/60000 (32%)]	Loss: 129.720917
[2022-10-20 01:14:02] PRINT Train Epoch: 5 [20480/60000 (34%)]	Loss: 133.395279
[2022-10-20 01:14:02] PRINT Train Epoch: 5 [21760/60000 (36%)]	Loss: 133.016510
[2022-10-20 01:14:02] PRINT Train Epoch: 5 [23040/60000 (38%)]	Loss: 132.429138
[2022-10-20 01:14:02] PRINT Train Epoch: 5 [24320/60000 (41%)]	Loss: 134.379227
[2022-10-20 01:14:02] PRINT Train Epoch: 5 [25600/60000 (43%)]	Loss: 133.795410
[2022-10-20 01:14:02] PRINT Train Epoch: 5 [26880/60000 (45%)]	Loss: 124.774864
[2022-10-20 01:14:02] PRINT Train Epoch: 5 [28160/60000 (47%)]	Loss: 130.491272
[2022-10-20 01:14:03] PRINT Train Epoch: 5 [29440/60000 (49%)]	Loss: 127.248260
[2022-10-20 01:14:03] PRINT Train Epoch: 5 [30720/60000 (51%)]	Loss: 127.730324
[2022-10-20 01:14:03] PRINT Train Epoch: 5 [32000/60000 (53%)]	Loss: 131.457062
[2022-10-20 01:14:03] PRINT Train Epoch: 5 [33280/60000 (55%)]	Loss: 126.886292
[2022-10-20 01:14:03] PRINT Train Epoch: 5 [34560/60000 (58%)]	Loss: 125.446350
[2022-10-20 01:14:03] PRINT Train Epoch: 5 [35840/60000 (60%)]	Loss: 133.690598
[2022-10-20 01:14:03] PRINT Train Epoch: 5 [37120/60000 (62%)]	Loss: 130.296051
[2022-10-20 01:14:03] PRINT Train Epoch: 5 [38400/60000 (64%)]	Loss: 125.308060
[2022-10-20 01:14:03] PRINT Train Epoch: 5 [39680/60000 (66%)]	Loss: 132.395538
[2022-10-20 01:14:03] PRINT Train Epoch: 5 [40960/60000 (68%)]	Loss: 125.655334
[2022-10-20 01:14:03] PRINT Train Epoch: 5 [42240/60000 (70%)]	Loss: 130.682434
[2022-10-20 01:14:04] PRINT Train Epoch: 5 [43520/60000 (72%)]	Loss: 128.481552
[2022-10-20 01:14:04] PRINT Train Epoch: 5 [44800/60000 (75%)]	Loss: 131.259460
[2022-10-20 01:14:04] PRINT Train Epoch: 5 [46080/60000 (77%)]	Loss: 125.557846
[2022-10-20 01:14:04] PRINT Train Epoch: 5 [47360/60000 (79%)]	Loss: 127.062614
[2022-10-20 01:14:04] PRINT Train Epoch: 5 [48640/60000 (81%)]	Loss: 125.639877
[2022-10-20 01:14:04] PRINT Train Epoch: 5 [49920/60000 (83%)]	Loss: 134.431183
[2022-10-20 01:14:04] PRINT Train Epoch: 5 [51200/60000 (85%)]	Loss: 129.923477
[2022-10-20 01:14:04] PRINT Train Epoch: 5 [52480/60000 (87%)]	Loss: 130.072952
[2022-10-20 01:14:04] PRINT Train Epoch: 5 [53760/60000 (90%)]	Loss: 127.649879
[2022-10-20 01:14:04] PRINT Train Epoch: 5 [55040/60000 (92%)]	Loss: 122.423508
[2022-10-20 01:14:04] PRINT Train Epoch: 5 [56320/60000 (94%)]	Loss: 126.642365
[2022-10-20 01:14:05] PRINT Train Epoch: 5 [57600/60000 (96%)]	Loss: 127.517967
[2022-10-20 01:14:05] PRINT Train Epoch: 5 [58880/60000 (98%)]	Loss: 128.569992
[2022-10-20 01:14:05] PRINT ====> Epoch: 5 Average loss: 128.9898
[2022-10-20 01:14:05] PRINT ====> Test set loss: 125.6987
[2022-10-20 01:14:05] PRINT Train Epoch: 6 [0/60000 (0%)]	Loss: 128.598679
[2022-10-20 01:14:06] PRINT Train Epoch: 6 [1280/60000 (2%)]	Loss: 126.321266
[2022-10-20 01:14:06] PRINT Train Epoch: 6 [2560/60000 (4%)]	Loss: 128.292862
[2022-10-20 01:14:06] PRINT Train Epoch: 6 [3840/60000 (6%)]	Loss: 129.133041
[2022-10-20 01:14:06] PRINT Train Epoch: 6 [5120/60000 (9%)]	Loss: 129.366165
[2022-10-20 01:14:06] PRINT Train Epoch: 6 [6400/60000 (11%)]	Loss: 125.658737
[2022-10-20 01:14:06] PRINT Train Epoch: 6 [7680/60000 (13%)]	Loss: 126.358368
[2022-10-20 01:14:06] PRINT Train Epoch: 6 [8960/60000 (15%)]	Loss: 125.025017
[2022-10-20 01:14:06] PRINT Train Epoch: 6 [10240/60000 (17%)]	Loss: 129.048553
[2022-10-20 01:14:06] PRINT Train Epoch: 6 [11520/60000 (19%)]	Loss: 125.504028
[2022-10-20 01:14:06] PRINT Train Epoch: 6 [12800/60000 (21%)]	Loss: 122.889297
[2022-10-20 01:14:06] PRINT Train Epoch: 6 [14080/60000 (23%)]	Loss: 129.444595
[2022-10-20 01:14:07] PRINT Train Epoch: 6 [15360/60000 (26%)]	Loss: 125.097305
[2022-10-20 01:14:07] PRINT Train Epoch: 6 [16640/60000 (28%)]	Loss: 123.668762
[2022-10-20 01:14:07] PRINT Train Epoch: 6 [17920/60000 (30%)]	Loss: 128.312088
[2022-10-20 01:14:07] PRINT Train Epoch: 6 [19200/60000 (32%)]	Loss: 120.877304
[2022-10-20 01:14:07] PRINT Train Epoch: 6 [20480/60000 (34%)]	Loss: 126.747253
[2022-10-20 01:14:07] PRINT Train Epoch: 6 [21760/60000 (36%)]	Loss: 124.466209
[2022-10-20 01:14:07] PRINT Train Epoch: 6 [23040/60000 (38%)]	Loss: 122.607109
[2022-10-20 01:14:07] PRINT Train Epoch: 6 [24320/60000 (41%)]	Loss: 123.543762
[2022-10-20 01:14:07] PRINT Train Epoch: 6 [25600/60000 (43%)]	Loss: 120.415169
[2022-10-20 01:14:07] PRINT Train Epoch: 6 [26880/60000 (45%)]	Loss: 124.969696
[2022-10-20 01:14:07] PRINT Train Epoch: 6 [28160/60000 (47%)]	Loss: 126.174355
[2022-10-20 01:14:08] PRINT Train Epoch: 6 [29440/60000 (49%)]	Loss: 126.658157
[2022-10-20 01:14:08] PRINT Train Epoch: 6 [30720/60000 (51%)]	Loss: 129.117493
[2022-10-20 01:14:08] PRINT Train Epoch: 6 [32000/60000 (53%)]	Loss: 127.923210
[2022-10-20 01:14:08] PRINT Train Epoch: 6 [33280/60000 (55%)]	Loss: 124.989464
[2022-10-20 01:14:08] PRINT Train Epoch: 6 [34560/60000 (58%)]	Loss: 124.974472
[2022-10-20 01:14:08] PRINT Train Epoch: 6 [35840/60000 (60%)]	Loss: 120.213974
[2022-10-20 01:14:08] PRINT Train Epoch: 6 [37120/60000 (62%)]	Loss: 127.803238
[2022-10-20 01:14:08] PRINT Train Epoch: 6 [38400/60000 (64%)]	Loss: 127.588486
[2022-10-20 01:14:08] PRINT Train Epoch: 6 [39680/60000 (66%)]	Loss: 124.718613
[2022-10-20 01:14:08] PRINT Train Epoch: 6 [40960/60000 (68%)]	Loss: 124.305069
[2022-10-20 01:14:08] PRINT Train Epoch: 6 [42240/60000 (70%)]	Loss: 129.046799
[2022-10-20 01:14:09] PRINT Train Epoch: 6 [43520/60000 (72%)]	Loss: 130.224609
[2022-10-20 01:14:09] PRINT Train Epoch: 6 [44800/60000 (75%)]	Loss: 125.296974
[2022-10-20 01:14:09] PRINT Train Epoch: 6 [46080/60000 (77%)]	Loss: 121.750458
[2022-10-20 01:14:09] PRINT Train Epoch: 6 [47360/60000 (79%)]	Loss: 124.807549
[2022-10-20 01:14:09] PRINT Train Epoch: 6 [48640/60000 (81%)]	Loss: 125.542526
[2022-10-20 01:14:09] PRINT Train Epoch: 6 [49920/60000 (83%)]	Loss: 126.115173
[2022-10-20 01:14:09] PRINT Train Epoch: 6 [51200/60000 (85%)]	Loss: 123.691978
[2022-10-20 01:14:09] PRINT Train Epoch: 6 [52480/60000 (87%)]	Loss: 119.880615
[2022-10-20 01:14:09] PRINT Train Epoch: 6 [53760/60000 (90%)]	Loss: 127.003548
[2022-10-20 01:14:09] PRINT Train Epoch: 6 [55040/60000 (92%)]	Loss: 128.652512
[2022-10-20 01:14:09] PRINT Train Epoch: 6 [56320/60000 (94%)]	Loss: 125.253983
[2022-10-20 01:14:10] PRINT Train Epoch: 6 [57600/60000 (96%)]	Loss: 122.787003
[2022-10-20 01:14:10] PRINT Train Epoch: 6 [58880/60000 (98%)]	Loss: 124.728004
[2022-10-20 01:14:10] PRINT ====> Epoch: 6 Average loss: 125.0230
[2022-10-20 01:14:10] PRINT ====> Test set loss: 122.2658
[2022-10-20 01:14:10] PRINT Train Epoch: 7 [0/60000 (0%)]	Loss: 119.217575
[2022-10-20 01:14:11] PRINT Train Epoch: 7 [1280/60000 (2%)]	Loss: 122.517532
[2022-10-20 01:14:11] PRINT Train Epoch: 7 [2560/60000 (4%)]	Loss: 124.367020
[2022-10-20 01:14:11] PRINT Train Epoch: 7 [3840/60000 (6%)]	Loss: 127.056808
[2022-10-20 01:14:11] PRINT Train Epoch: 7 [5120/60000 (9%)]	Loss: 124.404236
[2022-10-20 01:14:11] PRINT Train Epoch: 7 [6400/60000 (11%)]	Loss: 127.096397
[2022-10-20 01:14:11] PRINT Train Epoch: 7 [7680/60000 (13%)]	Loss: 118.766701
[2022-10-20 01:14:11] PRINT Train Epoch: 7 [8960/60000 (15%)]	Loss: 123.280533
[2022-10-20 01:14:11] PRINT Train Epoch: 7 [10240/60000 (17%)]	Loss: 120.177521
[2022-10-20 01:14:11] PRINT Train Epoch: 7 [11520/60000 (19%)]	Loss: 124.129738
[2022-10-20 01:14:11] PRINT Train Epoch: 7 [12800/60000 (21%)]	Loss: 116.877945
[2022-10-20 01:14:11] PRINT Train Epoch: 7 [14080/60000 (23%)]	Loss: 115.138138
[2022-10-20 01:14:11] PRINT Train Epoch: 7 [15360/60000 (26%)]	Loss: 123.228882
[2022-10-20 01:14:12] PRINT Train Epoch: 7 [16640/60000 (28%)]	Loss: 124.199829
[2022-10-20 01:14:12] PRINT Train Epoch: 7 [17920/60000 (30%)]	Loss: 117.782967
[2022-10-20 01:14:12] PRINT Train Epoch: 7 [19200/60000 (32%)]	Loss: 124.293488
[2022-10-20 01:14:12] PRINT Train Epoch: 7 [20480/60000 (34%)]	Loss: 123.345139
[2022-10-20 01:14:12] PRINT Train Epoch: 7 [21760/60000 (36%)]	Loss: 122.400208
[2022-10-20 01:14:12] PRINT Train Epoch: 7 [23040/60000 (38%)]	Loss: 117.722672
[2022-10-20 01:14:12] PRINT Train Epoch: 7 [24320/60000 (41%)]	Loss: 122.019806
[2022-10-20 01:14:12] PRINT Train Epoch: 7 [25600/60000 (43%)]	Loss: 118.043198
[2022-10-20 01:14:12] PRINT Train Epoch: 7 [26880/60000 (45%)]	Loss: 124.464424
[2022-10-20 01:14:12] PRINT Train Epoch: 7 [28160/60000 (47%)]	Loss: 122.100433
[2022-10-20 01:14:12] PRINT Train Epoch: 7 [29440/60000 (49%)]	Loss: 121.491173
[2022-10-20 01:14:13] PRINT Train Epoch: 7 [30720/60000 (51%)]	Loss: 117.005798
[2022-10-20 01:14:13] PRINT Train Epoch: 7 [32000/60000 (53%)]	Loss: 122.686050
[2022-10-20 01:14:13] PRINT Train Epoch: 7 [33280/60000 (55%)]	Loss: 121.883316
[2022-10-20 01:14:13] PRINT Train Epoch: 7 [34560/60000 (58%)]	Loss: 126.322060
[2022-10-20 01:14:13] PRINT Train Epoch: 7 [35840/60000 (60%)]	Loss: 122.834961
[2022-10-20 01:14:13] PRINT Train Epoch: 7 [37120/60000 (62%)]	Loss: 119.541763
[2022-10-20 01:14:13] PRINT Train Epoch: 7 [38400/60000 (64%)]	Loss: 124.981491
[2022-10-20 01:14:13] PRINT Train Epoch: 7 [39680/60000 (66%)]	Loss: 115.886887
[2022-10-20 01:14:13] PRINT Train Epoch: 7 [40960/60000 (68%)]	Loss: 125.321884
[2022-10-20 01:14:13] PRINT Train Epoch: 7 [42240/60000 (70%)]	Loss: 121.853348
[2022-10-20 01:14:14] PRINT Train Epoch: 7 [43520/60000 (72%)]	Loss: 120.500999
[2022-10-20 01:14:14] PRINT Train Epoch: 7 [44800/60000 (75%)]	Loss: 121.051163
[2022-10-20 01:14:14] PRINT Train Epoch: 7 [46080/60000 (77%)]	Loss: 127.326591
[2022-10-20 01:14:14] PRINT Train Epoch: 7 [47360/60000 (79%)]	Loss: 124.153046
[2022-10-20 01:14:14] PRINT Train Epoch: 7 [48640/60000 (81%)]	Loss: 122.641273
[2022-10-20 01:14:14] PRINT Train Epoch: 7 [49920/60000 (83%)]	Loss: 118.704956
[2022-10-20 01:14:14] PRINT Train Epoch: 7 [51200/60000 (85%)]	Loss: 117.666458
[2022-10-20 01:14:14] PRINT Train Epoch: 7 [52480/60000 (87%)]	Loss: 122.915825
[2022-10-20 01:14:14] PRINT Train Epoch: 7 [53760/60000 (90%)]	Loss: 121.869865
[2022-10-20 01:14:14] PRINT Train Epoch: 7 [55040/60000 (92%)]	Loss: 124.324486
[2022-10-20 01:14:14] PRINT Train Epoch: 7 [56320/60000 (94%)]	Loss: 119.753326
[2022-10-20 01:14:15] PRINT Train Epoch: 7 [57600/60000 (96%)]	Loss: 118.941727
[2022-10-20 01:14:15] PRINT Train Epoch: 7 [58880/60000 (98%)]	Loss: 116.252625
[2022-10-20 01:14:15] PRINT ====> Epoch: 7 Average loss: 121.9326
[2022-10-20 01:14:15] PRINT ====> Test set loss: 119.5655
[2022-10-20 01:14:15] PRINT Train Epoch: 8 [0/60000 (0%)]	Loss: 116.850731
[2022-10-20 01:14:16] PRINT Train Epoch: 8 [1280/60000 (2%)]	Loss: 119.715179
[2022-10-20 01:14:16] PRINT Train Epoch: 8 [2560/60000 (4%)]	Loss: 122.030991
[2022-10-20 01:14:16] PRINT Train Epoch: 8 [3840/60000 (6%)]	Loss: 122.754524
[2022-10-20 01:14:16] PRINT Train Epoch: 8 [5120/60000 (9%)]	Loss: 122.468781
[2022-10-20 01:14:16] PRINT Train Epoch: 8 [6400/60000 (11%)]	Loss: 118.347534
[2022-10-20 01:14:16] PRINT Train Epoch: 8 [7680/60000 (13%)]	Loss: 119.034798
[2022-10-20 01:14:16] PRINT Train Epoch: 8 [8960/60000 (15%)]	Loss: 118.855530
[2022-10-20 01:14:16] PRINT Train Epoch: 8 [10240/60000 (17%)]	Loss: 120.113174
[2022-10-20 01:14:16] PRINT Train Epoch: 8 [11520/60000 (19%)]	Loss: 122.077110
[2022-10-20 01:14:16] PRINT Train Epoch: 8 [12800/60000 (21%)]	Loss: 121.549644
[2022-10-20 01:14:16] PRINT Train Epoch: 8 [14080/60000 (23%)]	Loss: 115.742264
[2022-10-20 01:14:17] PRINT Train Epoch: 8 [15360/60000 (26%)]	Loss: 122.760208
[2022-10-20 01:14:17] PRINT Train Epoch: 8 [16640/60000 (28%)]	Loss: 123.635895
[2022-10-20 01:14:17] PRINT Train Epoch: 8 [17920/60000 (30%)]	Loss: 118.260521
[2022-10-20 01:14:17] PRINT Train Epoch: 8 [19200/60000 (32%)]	Loss: 119.499931
[2022-10-20 01:14:17] PRINT Train Epoch: 8 [20480/60000 (34%)]	Loss: 125.497528
[2022-10-20 01:14:17] PRINT Train Epoch: 8 [21760/60000 (36%)]	Loss: 118.249420
[2022-10-20 01:14:17] PRINT Train Epoch: 8 [23040/60000 (38%)]	Loss: 122.996735
[2022-10-20 01:14:17] PRINT Train Epoch: 8 [24320/60000 (41%)]	Loss: 120.822449
[2022-10-20 01:14:17] PRINT Train Epoch: 8 [25600/60000 (43%)]	Loss: 119.888763
[2022-10-20 01:14:17] PRINT Train Epoch: 8 [26880/60000 (45%)]	Loss: 119.780991
[2022-10-20 01:14:17] PRINT Train Epoch: 8 [28160/60000 (47%)]	Loss: 116.955002
[2022-10-20 01:14:18] PRINT Train Epoch: 8 [29440/60000 (49%)]	Loss: 115.297318
[2022-10-20 01:14:18] PRINT Train Epoch: 8 [30720/60000 (51%)]	Loss: 125.713013
[2022-10-20 01:14:18] PRINT Train Epoch: 8 [32000/60000 (53%)]	Loss: 120.231422
[2022-10-20 01:14:18] PRINT Train Epoch: 8 [33280/60000 (55%)]	Loss: 114.875198
[2022-10-20 01:14:18] PRINT Train Epoch: 8 [34560/60000 (58%)]	Loss: 122.380188
[2022-10-20 01:14:18] PRINT Train Epoch: 8 [35840/60000 (60%)]	Loss: 124.026146
[2022-10-20 01:14:18] PRINT Train Epoch: 8 [37120/60000 (62%)]	Loss: 122.927414
[2022-10-20 01:14:18] PRINT Train Epoch: 8 [38400/60000 (64%)]	Loss: 116.216141
[2022-10-20 01:14:18] PRINT Train Epoch: 8 [39680/60000 (66%)]	Loss: 118.623756
[2022-10-20 01:14:18] PRINT Train Epoch: 8 [40960/60000 (68%)]	Loss: 126.985252
[2022-10-20 01:14:18] PRINT Train Epoch: 8 [42240/60000 (70%)]	Loss: 117.701050
[2022-10-20 01:14:19] PRINT Train Epoch: 8 [43520/60000 (72%)]	Loss: 113.503532
[2022-10-20 01:14:19] PRINT Train Epoch: 8 [44800/60000 (75%)]	Loss: 118.128532
[2022-10-20 01:14:19] PRINT Train Epoch: 8 [46080/60000 (77%)]	Loss: 118.785492
[2022-10-20 01:14:19] PRINT Train Epoch: 8 [47360/60000 (79%)]	Loss: 119.359039
[2022-10-20 01:14:19] PRINT Train Epoch: 8 [48640/60000 (81%)]	Loss: 119.253883
[2022-10-20 01:14:19] PRINT Train Epoch: 8 [49920/60000 (83%)]	Loss: 116.482750
[2022-10-20 01:14:19] PRINT Train Epoch: 8 [51200/60000 (85%)]	Loss: 117.276245
[2022-10-20 01:14:19] PRINT Train Epoch: 8 [52480/60000 (87%)]	Loss: 119.514816
[2022-10-20 01:14:19] PRINT Train Epoch: 8 [53760/60000 (90%)]	Loss: 121.321167
[2022-10-20 01:14:19] PRINT Train Epoch: 8 [55040/60000 (92%)]	Loss: 121.255264
[2022-10-20 01:14:19] PRINT Train Epoch: 8 [56320/60000 (94%)]	Loss: 117.613449
[2022-10-20 01:14:20] PRINT Train Epoch: 8 [57600/60000 (96%)]	Loss: 116.308105
[2022-10-20 01:14:20] PRINT Train Epoch: 8 [58880/60000 (98%)]	Loss: 116.507591
[2022-10-20 01:14:20] PRINT ====> Epoch: 8 Average loss: 119.5911
[2022-10-20 01:14:20] PRINT ====> Test set loss: 117.3843
[2022-10-20 01:14:20] PRINT Train Epoch: 9 [0/60000 (0%)]	Loss: 116.736404
[2022-10-20 01:14:21] PRINT Train Epoch: 9 [1280/60000 (2%)]	Loss: 119.703163
[2022-10-20 01:14:21] PRINT Train Epoch: 9 [2560/60000 (4%)]	Loss: 119.575600
[2022-10-20 01:14:21] PRINT Train Epoch: 9 [3840/60000 (6%)]	Loss: 119.541740
[2022-10-20 01:14:21] PRINT Train Epoch: 9 [5120/60000 (9%)]	Loss: 117.687912
[2022-10-20 01:14:21] PRINT Train Epoch: 9 [6400/60000 (11%)]	Loss: 122.595108
[2022-10-20 01:14:21] PRINT Train Epoch: 9 [7680/60000 (13%)]	Loss: 121.280083
[2022-10-20 01:14:21] PRINT Train Epoch: 9 [8960/60000 (15%)]	Loss: 117.537292
[2022-10-20 01:14:21] PRINT Train Epoch: 9 [10240/60000 (17%)]	Loss: 120.001648
[2022-10-20 01:14:21] PRINT Train Epoch: 9 [11520/60000 (19%)]	Loss: 119.697006
[2022-10-20 01:14:21] PRINT Train Epoch: 9 [12800/60000 (21%)]	Loss: 118.435287
[2022-10-20 01:14:21] PRINT Train Epoch: 9 [14080/60000 (23%)]	Loss: 119.929520
[2022-10-20 01:14:22] PRINT Train Epoch: 9 [15360/60000 (26%)]	Loss: 118.474350
[2022-10-20 01:14:22] PRINT Train Epoch: 9 [16640/60000 (28%)]	Loss: 116.610291
[2022-10-20 01:14:22] PRINT Train Epoch: 9 [17920/60000 (30%)]	Loss: 114.908173
[2022-10-20 01:14:22] PRINT Train Epoch: 9 [19200/60000 (32%)]	Loss: 113.248360
[2022-10-20 01:14:22] PRINT Train Epoch: 9 [20480/60000 (34%)]	Loss: 115.422211
[2022-10-20 01:14:22] PRINT Train Epoch: 9 [21760/60000 (36%)]	Loss: 114.621384
[2022-10-20 01:14:22] PRINT Train Epoch: 9 [23040/60000 (38%)]	Loss: 122.624458
[2022-10-20 01:14:22] PRINT Train Epoch: 9 [24320/60000 (41%)]	Loss: 124.178299
[2022-10-20 01:14:22] PRINT Train Epoch: 9 [25600/60000 (43%)]	Loss: 119.419678
[2022-10-20 01:14:22] PRINT Train Epoch: 9 [26880/60000 (45%)]	Loss: 116.389915
[2022-10-20 01:14:22] PRINT Train Epoch: 9 [28160/60000 (47%)]	Loss: 121.434425
[2022-10-20 01:14:23] PRINT Train Epoch: 9 [29440/60000 (49%)]	Loss: 115.591255
[2022-10-20 01:14:23] PRINT Train Epoch: 9 [30720/60000 (51%)]	Loss: 116.951111
[2022-10-20 01:14:23] PRINT Train Epoch: 9 [32000/60000 (53%)]	Loss: 112.146927
[2022-10-20 01:14:23] PRINT Train Epoch: 9 [33280/60000 (55%)]	Loss: 117.332329
[2022-10-20 01:14:23] PRINT Train Epoch: 9 [34560/60000 (58%)]	Loss: 116.434547
[2022-10-20 01:14:23] PRINT Train Epoch: 9 [35840/60000 (60%)]	Loss: 120.390060
[2022-10-20 01:14:23] PRINT Train Epoch: 9 [37120/60000 (62%)]	Loss: 118.856583
[2022-10-20 01:14:23] PRINT Train Epoch: 9 [38400/60000 (64%)]	Loss: 120.515457
[2022-10-20 01:14:23] PRINT Train Epoch: 9 [39680/60000 (66%)]	Loss: 119.014297
[2022-10-20 01:14:23] PRINT Train Epoch: 9 [40960/60000 (68%)]	Loss: 115.697510
[2022-10-20 01:14:23] PRINT Train Epoch: 9 [42240/60000 (70%)]	Loss: 115.171227
[2022-10-20 01:14:24] PRINT Train Epoch: 9 [43520/60000 (72%)]	Loss: 117.875519
[2022-10-20 01:14:24] PRINT Train Epoch: 9 [44800/60000 (75%)]	Loss: 119.459221
[2022-10-20 01:14:24] PRINT Train Epoch: 9 [46080/60000 (77%)]	Loss: 117.609955
[2022-10-20 01:14:24] PRINT Train Epoch: 9 [47360/60000 (79%)]	Loss: 116.645355
[2022-10-20 01:14:24] PRINT Train Epoch: 9 [48640/60000 (81%)]	Loss: 119.851700
[2022-10-20 01:14:24] PRINT Train Epoch: 9 [49920/60000 (83%)]	Loss: 115.529037
[2022-10-20 01:14:24] PRINT Train Epoch: 9 [51200/60000 (85%)]	Loss: 115.071640
[2022-10-20 01:14:24] PRINT Train Epoch: 9 [52480/60000 (87%)]	Loss: 117.661705
[2022-10-20 01:14:24] PRINT Train Epoch: 9 [53760/60000 (90%)]	Loss: 120.723541
[2022-10-20 01:14:24] PRINT Train Epoch: 9 [55040/60000 (92%)]	Loss: 122.753784
[2022-10-20 01:14:24] PRINT Train Epoch: 9 [56320/60000 (94%)]	Loss: 119.681038
[2022-10-20 01:14:25] PRINT Train Epoch: 9 [57600/60000 (96%)]	Loss: 117.438103
[2022-10-20 01:14:25] PRINT Train Epoch: 9 [58880/60000 (98%)]	Loss: 113.804169
[2022-10-20 01:14:25] PRINT ====> Epoch: 9 Average loss: 117.6274
[2022-10-20 01:14:26] PRINT ====> Test set loss: 115.8507
[2022-10-20 01:14:26] PRINT Train Epoch: 10 [0/60000 (0%)]	Loss: 115.755013
[2022-10-20 01:14:26] PRINT Train Epoch: 10 [1280/60000 (2%)]	Loss: 122.447922
[2022-10-20 01:14:26] PRINT Train Epoch: 10 [2560/60000 (4%)]	Loss: 114.099045
[2022-10-20 01:14:26] PRINT Train Epoch: 10 [3840/60000 (6%)]	Loss: 120.564392
[2022-10-20 01:14:26] PRINT Train Epoch: 10 [5120/60000 (9%)]	Loss: 119.267776
[2022-10-20 01:14:26] PRINT Train Epoch: 10 [6400/60000 (11%)]	Loss: 114.066406
[2022-10-20 01:14:26] PRINT Train Epoch: 10 [7680/60000 (13%)]	Loss: 118.779251
[2022-10-20 01:14:26] PRINT Train Epoch: 10 [8960/60000 (15%)]	Loss: 113.983917
[2022-10-20 01:14:26] PRINT Train Epoch: 10 [10240/60000 (17%)]	Loss: 117.279442
[2022-10-20 01:14:26] PRINT Train Epoch: 10 [11520/60000 (19%)]	Loss: 112.448662
[2022-10-20 01:14:26] PRINT Train Epoch: 10 [12800/60000 (21%)]	Loss: 113.340622
[2022-10-20 01:14:27] PRINT Train Epoch: 10 [14080/60000 (23%)]	Loss: 114.225296
[2022-10-20 01:14:27] PRINT Train Epoch: 10 [15360/60000 (26%)]	Loss: 116.982697
[2022-10-20 01:14:27] PRINT Train Epoch: 10 [16640/60000 (28%)]	Loss: 120.083565
[2022-10-20 01:14:27] PRINT Train Epoch: 10 [17920/60000 (30%)]	Loss: 111.562630
[2022-10-20 01:14:27] PRINT Train Epoch: 10 [19200/60000 (32%)]	Loss: 120.850868
[2022-10-20 01:14:27] PRINT Train Epoch: 10 [20480/60000 (34%)]	Loss: 116.869759
[2022-10-20 01:14:27] PRINT Train Epoch: 10 [21760/60000 (36%)]	Loss: 116.355301
[2022-10-20 01:14:27] PRINT Train Epoch: 10 [23040/60000 (38%)]	Loss: 120.711441
[2022-10-20 01:14:27] PRINT Train Epoch: 10 [24320/60000 (41%)]	Loss: 122.233429
[2022-10-20 01:14:27] PRINT Train Epoch: 10 [25600/60000 (43%)]	Loss: 118.607910
[2022-10-20 01:14:27] PRINT Train Epoch: 10 [26880/60000 (45%)]	Loss: 119.891769
[2022-10-20 01:14:28] PRINT Train Epoch: 10 [28160/60000 (47%)]	Loss: 117.188255
[2022-10-20 01:14:28] PRINT Train Epoch: 10 [29440/60000 (49%)]	Loss: 111.881630
[2022-10-20 01:14:28] PRINT Train Epoch: 10 [30720/60000 (51%)]	Loss: 115.520493
[2022-10-20 01:14:28] PRINT Train Epoch: 10 [32000/60000 (53%)]	Loss: 115.599380
[2022-10-20 01:14:28] PRINT Train Epoch: 10 [33280/60000 (55%)]	Loss: 113.430801
[2022-10-20 01:14:28] PRINT Train Epoch: 10 [34560/60000 (58%)]	Loss: 119.886871
[2022-10-20 01:14:28] PRINT Train Epoch: 10 [35840/60000 (60%)]	Loss: 115.777321
[2022-10-20 01:14:28] PRINT Train Epoch: 10 [37120/60000 (62%)]	Loss: 115.109917
[2022-10-20 01:14:28] PRINT Train Epoch: 10 [38400/60000 (64%)]	Loss: 116.211121
[2022-10-20 01:14:28] PRINT Train Epoch: 10 [39680/60000 (66%)]	Loss: 117.583252
[2022-10-20 01:14:28] PRINT Train Epoch: 10 [40960/60000 (68%)]	Loss: 113.912872
[2022-10-20 01:14:29] PRINT Train Epoch: 10 [42240/60000 (70%)]	Loss: 114.193161
[2022-10-20 01:14:29] PRINT Train Epoch: 10 [43520/60000 (72%)]	Loss: 116.780609
[2022-10-20 01:14:29] PRINT Train Epoch: 10 [44800/60000 (75%)]	Loss: 115.790131
[2022-10-20 01:14:29] PRINT Train Epoch: 10 [46080/60000 (77%)]	Loss: 117.765114
[2022-10-20 01:14:29] PRINT Train Epoch: 10 [47360/60000 (79%)]	Loss: 115.245964
[2022-10-20 01:14:29] PRINT Train Epoch: 10 [48640/60000 (81%)]	Loss: 117.701225
[2022-10-20 01:14:29] PRINT Train Epoch: 10 [49920/60000 (83%)]	Loss: 115.372200
[2022-10-20 01:14:29] PRINT Train Epoch: 10 [51200/60000 (85%)]	Loss: 117.207306
[2022-10-20 01:14:29] PRINT Train Epoch: 10 [52480/60000 (87%)]	Loss: 116.824570
[2022-10-20 01:14:29] PRINT Train Epoch: 10 [53760/60000 (90%)]	Loss: 118.248093
[2022-10-20 01:14:29] PRINT Train Epoch: 10 [55040/60000 (92%)]	Loss: 118.473335
[2022-10-20 01:14:30] PRINT Train Epoch: 10 [56320/60000 (94%)]	Loss: 114.406982
[2022-10-20 01:14:30] PRINT Train Epoch: 10 [57600/60000 (96%)]	Loss: 112.989754
[2022-10-20 01:14:30] PRINT Train Epoch: 10 [58880/60000 (98%)]	Loss: 113.720123
[2022-10-20 01:14:30] PRINT ====> Epoch: 10 Average loss: 116.0220
[2022-10-20 01:14:31] PRINT ====> Test set loss: 114.3197
