[2022-10-19 23:33:41] PRINT {'features1': 300, 'features2': 40, 'lr': 0.007712242909145127, 'epsilon': 1e-07}
[2022-10-19 23:33:41] PRINT Using cuda device
[2022-10-19 23:33:43] PRINT Train Epoch: 1 [0/60000 (0%)]	Loss: 550.627625
[2022-10-19 23:33:43] PRINT Train Epoch: 1 [1280/60000 (2%)]	Loss: 216.473923
[2022-10-19 23:33:43] PRINT Train Epoch: 1 [2560/60000 (4%)]	Loss: 210.114471
[2022-10-19 23:33:43] PRINT Train Epoch: 1 [3840/60000 (6%)]	Loss: 203.898544
[2022-10-19 23:33:43] PRINT Train Epoch: 1 [5120/60000 (9%)]	Loss: 199.446854
[2022-10-19 23:33:43] PRINT Train Epoch: 1 [6400/60000 (11%)]	Loss: 194.723038
[2022-10-19 23:33:44] PRINT Train Epoch: 1 [7680/60000 (13%)]	Loss: 188.971664
[2022-10-19 23:33:44] PRINT Train Epoch: 1 [8960/60000 (15%)]	Loss: 188.061096
[2022-10-19 23:33:44] PRINT Train Epoch: 1 [10240/60000 (17%)]	Loss: 178.539246
[2022-10-19 23:33:44] PRINT Train Epoch: 1 [11520/60000 (19%)]	Loss: 176.957382
[2022-10-19 23:33:44] PRINT Train Epoch: 1 [12800/60000 (21%)]	Loss: 178.199234
[2022-10-19 23:33:44] PRINT Train Epoch: 1 [14080/60000 (23%)]	Loss: 166.222412
[2022-10-19 23:33:44] PRINT Train Epoch: 1 [15360/60000 (26%)]	Loss: 162.109238
[2022-10-19 23:33:44] PRINT Train Epoch: 1 [16640/60000 (28%)]	Loss: 164.930771
[2022-10-19 23:33:44] PRINT Train Epoch: 1 [17920/60000 (30%)]	Loss: 153.480576
[2022-10-19 23:33:45] PRINT Train Epoch: 1 [19200/60000 (32%)]	Loss: 143.280487
[2022-10-19 23:33:45] PRINT Train Epoch: 1 [20480/60000 (34%)]	Loss: 150.388443
[2022-10-19 23:33:45] PRINT Train Epoch: 1 [21760/60000 (36%)]	Loss: 149.772079
[2022-10-19 23:33:45] PRINT Train Epoch: 1 [23040/60000 (38%)]	Loss: 152.143265
[2022-10-19 23:33:45] PRINT Train Epoch: 1 [24320/60000 (41%)]	Loss: 146.797806
[2022-10-19 23:33:45] PRINT Train Epoch: 1 [25600/60000 (43%)]	Loss: 147.206131
[2022-10-19 23:33:45] PRINT Train Epoch: 1 [26880/60000 (45%)]	Loss: 138.660980
[2022-10-19 23:33:45] PRINT Train Epoch: 1 [28160/60000 (47%)]	Loss: 134.735001
[2022-10-19 23:33:45] PRINT Train Epoch: 1 [29440/60000 (49%)]	Loss: 145.932770
[2022-10-19 23:33:46] PRINT Train Epoch: 1 [30720/60000 (51%)]	Loss: 140.598160
[2022-10-19 23:33:46] PRINT Train Epoch: 1 [32000/60000 (53%)]	Loss: 133.722427
[2022-10-19 23:33:46] PRINT Train Epoch: 1 [33280/60000 (55%)]	Loss: 134.867996
[2022-10-19 23:33:46] PRINT Train Epoch: 1 [34560/60000 (58%)]	Loss: 135.882065
[2022-10-19 23:33:46] PRINT Train Epoch: 1 [35840/60000 (60%)]	Loss: 125.584740
[2022-10-19 23:33:46] PRINT Train Epoch: 1 [37120/60000 (62%)]	Loss: 137.617004
[2022-10-19 23:33:46] PRINT Train Epoch: 1 [38400/60000 (64%)]	Loss: 135.476624
[2022-10-19 23:33:46] PRINT Train Epoch: 1 [39680/60000 (66%)]	Loss: 132.570511
[2022-10-19 23:33:46] PRINT Train Epoch: 1 [40960/60000 (68%)]	Loss: 137.141052
[2022-10-19 23:33:47] PRINT Train Epoch: 1 [42240/60000 (70%)]	Loss: 128.429184
[2022-10-19 23:33:47] PRINT Train Epoch: 1 [43520/60000 (72%)]	Loss: 131.759048
[2022-10-19 23:33:47] PRINT Train Epoch: 1 [44800/60000 (75%)]	Loss: 132.737305
[2022-10-19 23:33:47] PRINT Train Epoch: 1 [46080/60000 (77%)]	Loss: 134.794739
[2022-10-19 23:33:47] PRINT Train Epoch: 1 [47360/60000 (79%)]	Loss: 127.760078
[2022-10-19 23:33:47] PRINT Train Epoch: 1 [48640/60000 (81%)]	Loss: 126.835083
[2022-10-19 23:33:47] PRINT Train Epoch: 1 [49920/60000 (83%)]	Loss: 131.344788
[2022-10-19 23:33:47] PRINT Train Epoch: 1 [51200/60000 (85%)]	Loss: 127.853477
[2022-10-19 23:33:47] PRINT Train Epoch: 1 [52480/60000 (87%)]	Loss: 129.587692
[2022-10-19 23:33:47] PRINT Train Epoch: 1 [53760/60000 (90%)]	Loss: 125.891586
[2022-10-19 23:33:48] PRINT Train Epoch: 1 [55040/60000 (92%)]	Loss: 129.950638
[2022-10-19 23:33:48] PRINT Train Epoch: 1 [56320/60000 (94%)]	Loss: 124.376816
[2022-10-19 23:33:48] PRINT Train Epoch: 1 [57600/60000 (96%)]	Loss: 123.004440
[2022-10-19 23:33:48] PRINT Train Epoch: 1 [58880/60000 (98%)]	Loss: 125.266640
[2022-10-19 23:33:48] PRINT ====> Epoch: 1 Average loss: 151.7601
[2022-10-19 23:33:49] PRINT ====> Test set loss: 125.2022
[2022-10-19 23:33:49] PRINT Train Epoch: 2 [0/60000 (0%)]	Loss: 125.764557
[2022-10-19 23:33:49] PRINT Train Epoch: 2 [1280/60000 (2%)]	Loss: 125.066345
[2022-10-19 23:33:49] PRINT Train Epoch: 2 [2560/60000 (4%)]	Loss: 125.482040
[2022-10-19 23:33:49] PRINT Train Epoch: 2 [3840/60000 (6%)]	Loss: 120.824257
[2022-10-19 23:33:49] PRINT Train Epoch: 2 [5120/60000 (9%)]	Loss: 120.901657
[2022-10-19 23:33:49] PRINT Train Epoch: 2 [6400/60000 (11%)]	Loss: 119.081902
[2022-10-19 23:33:50] PRINT Train Epoch: 2 [7680/60000 (13%)]	Loss: 120.116310
[2022-10-19 23:33:50] PRINT Train Epoch: 2 [8960/60000 (15%)]	Loss: 116.576355
[2022-10-19 23:33:50] PRINT Train Epoch: 2 [10240/60000 (17%)]	Loss: 116.211784
[2022-10-19 23:33:50] PRINT Train Epoch: 2 [11520/60000 (19%)]	Loss: 123.235374
[2022-10-19 23:33:50] PRINT Train Epoch: 2 [12800/60000 (21%)]	Loss: 120.885742
[2022-10-19 23:33:50] PRINT Train Epoch: 2 [14080/60000 (23%)]	Loss: 125.135536
[2022-10-19 23:33:50] PRINT Train Epoch: 2 [15360/60000 (26%)]	Loss: 121.648132
[2022-10-19 23:33:50] PRINT Train Epoch: 2 [16640/60000 (28%)]	Loss: 123.790657
[2022-10-19 23:33:50] PRINT Train Epoch: 2 [17920/60000 (30%)]	Loss: 124.732010
[2022-10-19 23:33:50] PRINT Train Epoch: 2 [19200/60000 (32%)]	Loss: 122.462852
[2022-10-19 23:33:51] PRINT Train Epoch: 2 [20480/60000 (34%)]	Loss: 120.801392
[2022-10-19 23:33:51] PRINT Train Epoch: 2 [21760/60000 (36%)]	Loss: 118.842583
[2022-10-19 23:33:51] PRINT Train Epoch: 2 [23040/60000 (38%)]	Loss: 115.404907
[2022-10-19 23:33:51] PRINT Train Epoch: 2 [24320/60000 (41%)]	Loss: 118.968658
[2022-10-19 23:33:51] PRINT Train Epoch: 2 [25600/60000 (43%)]	Loss: 120.447884
[2022-10-19 23:33:51] PRINT Train Epoch: 2 [26880/60000 (45%)]	Loss: 119.307770
[2022-10-19 23:33:51] PRINT Train Epoch: 2 [28160/60000 (47%)]	Loss: 117.410805
[2022-10-19 23:33:51] PRINT Train Epoch: 2 [29440/60000 (49%)]	Loss: 116.903671
[2022-10-19 23:33:51] PRINT Train Epoch: 2 [30720/60000 (51%)]	Loss: 120.930275
[2022-10-19 23:33:51] PRINT Train Epoch: 2 [32000/60000 (53%)]	Loss: 116.761444
[2022-10-19 23:33:52] PRINT Train Epoch: 2 [33280/60000 (55%)]	Loss: 116.537613
[2022-10-19 23:33:52] PRINT Train Epoch: 2 [34560/60000 (58%)]	Loss: 114.569092
[2022-10-19 23:33:52] PRINT Train Epoch: 2 [35840/60000 (60%)]	Loss: 121.751862
[2022-10-19 23:33:52] PRINT Train Epoch: 2 [37120/60000 (62%)]	Loss: 120.011269
[2022-10-19 23:33:52] PRINT Train Epoch: 2 [38400/60000 (64%)]	Loss: 119.492416
[2022-10-19 23:33:52] PRINT Train Epoch: 2 [39680/60000 (66%)]	Loss: 116.191437
[2022-10-19 23:33:52] PRINT Train Epoch: 2 [40960/60000 (68%)]	Loss: 120.219727
[2022-10-19 23:33:52] PRINT Train Epoch: 2 [42240/60000 (70%)]	Loss: 121.892387
[2022-10-19 23:33:52] PRINT Train Epoch: 2 [43520/60000 (72%)]	Loss: 123.281448
[2022-10-19 23:33:53] PRINT Train Epoch: 2 [44800/60000 (75%)]	Loss: 115.147949
[2022-10-19 23:33:53] PRINT Train Epoch: 2 [46080/60000 (77%)]	Loss: 121.707771
[2022-10-19 23:33:53] PRINT Train Epoch: 2 [47360/60000 (79%)]	Loss: 121.344398
[2022-10-19 23:33:53] PRINT Train Epoch: 2 [48640/60000 (81%)]	Loss: 118.644997
[2022-10-19 23:33:53] PRINT Train Epoch: 2 [49920/60000 (83%)]	Loss: 116.855072
[2022-10-19 23:33:53] PRINT Train Epoch: 2 [51200/60000 (85%)]	Loss: 119.943146
[2022-10-19 23:33:53] PRINT Train Epoch: 2 [52480/60000 (87%)]	Loss: 117.072723
[2022-10-19 23:33:53] PRINT Train Epoch: 2 [53760/60000 (90%)]	Loss: 120.784386
[2022-10-19 23:33:53] PRINT Train Epoch: 2 [55040/60000 (92%)]	Loss: 118.316116
[2022-10-19 23:33:53] PRINT Train Epoch: 2 [56320/60000 (94%)]	Loss: 120.098351
[2022-10-19 23:33:54] PRINT Train Epoch: 2 [57600/60000 (96%)]	Loss: 118.450760
[2022-10-19 23:33:54] PRINT Train Epoch: 2 [58880/60000 (98%)]	Loss: 118.267204
[2022-10-19 23:33:54] PRINT ====> Epoch: 2 Average loss: 120.1953
[2022-10-19 23:33:55] PRINT ====> Test set loss: 116.6260
[2022-10-19 23:33:55] PRINT Train Epoch: 3 [0/60000 (0%)]	Loss: 120.446487
[2022-10-19 23:33:55] PRINT Train Epoch: 3 [1280/60000 (2%)]	Loss: 113.157745
[2022-10-19 23:33:55] PRINT Train Epoch: 3 [2560/60000 (4%)]	Loss: 114.929024
[2022-10-19 23:33:55] PRINT Train Epoch: 3 [3840/60000 (6%)]	Loss: 121.254433
[2022-10-19 23:33:55] PRINT Train Epoch: 3 [5120/60000 (9%)]	Loss: 114.602203
[2022-10-19 23:33:55] PRINT Train Epoch: 3 [6400/60000 (11%)]	Loss: 116.410736
[2022-10-19 23:33:55] PRINT Train Epoch: 3 [7680/60000 (13%)]	Loss: 118.003487
[2022-10-19 23:33:55] PRINT Train Epoch: 3 [8960/60000 (15%)]	Loss: 118.337677
[2022-10-19 23:33:56] PRINT Train Epoch: 3 [10240/60000 (17%)]	Loss: 119.445389
[2022-10-19 23:33:56] PRINT Train Epoch: 3 [11520/60000 (19%)]	Loss: 116.773018
[2022-10-19 23:33:56] PRINT Train Epoch: 3 [12800/60000 (21%)]	Loss: 114.956833
[2022-10-19 23:33:56] PRINT Train Epoch: 3 [14080/60000 (23%)]	Loss: 119.058243
[2022-10-19 23:33:56] PRINT Train Epoch: 3 [15360/60000 (26%)]	Loss: 120.914528
[2022-10-19 23:33:56] PRINT Train Epoch: 3 [16640/60000 (28%)]	Loss: 111.680084
[2022-10-19 23:33:56] PRINT Train Epoch: 3 [17920/60000 (30%)]	Loss: 115.632446
[2022-10-19 23:33:56] PRINT Train Epoch: 3 [19200/60000 (32%)]	Loss: 120.596848
[2022-10-19 23:33:56] PRINT Train Epoch: 3 [20480/60000 (34%)]	Loss: 118.050140
[2022-10-19 23:33:56] PRINT Train Epoch: 3 [21760/60000 (36%)]	Loss: 118.960693
[2022-10-19 23:33:57] PRINT Train Epoch: 3 [23040/60000 (38%)]	Loss: 119.091492
[2022-10-19 23:33:57] PRINT Train Epoch: 3 [24320/60000 (41%)]	Loss: 122.848801
[2022-10-19 23:33:57] PRINT Train Epoch: 3 [25600/60000 (43%)]	Loss: 117.170647
[2022-10-19 23:33:57] PRINT Train Epoch: 3 [26880/60000 (45%)]	Loss: 118.104553
[2022-10-19 23:33:57] PRINT Train Epoch: 3 [28160/60000 (47%)]	Loss: 116.227875
[2022-10-19 23:33:57] PRINT Train Epoch: 3 [29440/60000 (49%)]	Loss: 113.252655
[2022-10-19 23:33:57] PRINT Train Epoch: 3 [30720/60000 (51%)]	Loss: 115.451309
[2022-10-19 23:33:57] PRINT Train Epoch: 3 [32000/60000 (53%)]	Loss: 111.571404
[2022-10-19 23:33:57] PRINT Train Epoch: 3 [33280/60000 (55%)]	Loss: 116.193802
[2022-10-19 23:33:58] PRINT Train Epoch: 3 [34560/60000 (58%)]	Loss: 113.719498
[2022-10-19 23:33:58] PRINT Train Epoch: 3 [35840/60000 (60%)]	Loss: 114.089890
[2022-10-19 23:33:58] PRINT Train Epoch: 3 [37120/60000 (62%)]	Loss: 117.438118
[2022-10-19 23:33:58] PRINT Train Epoch: 3 [38400/60000 (64%)]	Loss: 115.031525
[2022-10-19 23:33:58] PRINT Train Epoch: 3 [39680/60000 (66%)]	Loss: 118.730446
[2022-10-19 23:33:58] PRINT Train Epoch: 3 [40960/60000 (68%)]	Loss: 116.046097
[2022-10-19 23:33:58] PRINT Train Epoch: 3 [42240/60000 (70%)]	Loss: 114.202400
[2022-10-19 23:33:58] PRINT Train Epoch: 3 [43520/60000 (72%)]	Loss: 123.913849
[2022-10-19 23:33:58] PRINT Train Epoch: 3 [44800/60000 (75%)]	Loss: 119.045609
[2022-10-19 23:33:59] PRINT Train Epoch: 3 [46080/60000 (77%)]	Loss: 110.115807
[2022-10-19 23:33:59] PRINT Train Epoch: 3 [47360/60000 (79%)]	Loss: 117.365646
[2022-10-19 23:33:59] PRINT Train Epoch: 3 [48640/60000 (81%)]	Loss: 111.933838
[2022-10-19 23:33:59] PRINT Train Epoch: 3 [49920/60000 (83%)]	Loss: 116.174438
[2022-10-19 23:33:59] PRINT Train Epoch: 3 [51200/60000 (85%)]	Loss: 113.548645
[2022-10-19 23:33:59] PRINT Train Epoch: 3 [52480/60000 (87%)]	Loss: 113.588837
[2022-10-19 23:33:59] PRINT Train Epoch: 3 [53760/60000 (90%)]	Loss: 118.151169
[2022-10-19 23:33:59] PRINT Train Epoch: 3 [55040/60000 (92%)]	Loss: 118.553879
[2022-10-19 23:33:59] PRINT Train Epoch: 3 [56320/60000 (94%)]	Loss: 117.750839
[2022-10-19 23:33:59] PRINT Train Epoch: 3 [57600/60000 (96%)]	Loss: 110.557343
[2022-10-19 23:34:00] PRINT Train Epoch: 3 [58880/60000 (98%)]	Loss: 117.354446
[2022-10-19 23:34:00] PRINT ====> Epoch: 3 Average loss: 116.5587
[2022-10-19 23:34:01] PRINT ====> Test set loss: 115.8834
[2022-10-19 23:34:01] PRINT Train Epoch: 4 [0/60000 (0%)]	Loss: 113.378128
[2022-10-19 23:34:01] PRINT Train Epoch: 4 [1280/60000 (2%)]	Loss: 111.993973
[2022-10-19 23:34:01] PRINT Train Epoch: 4 [2560/60000 (4%)]	Loss: 114.439117
[2022-10-19 23:34:01] PRINT Train Epoch: 4 [3840/60000 (6%)]	Loss: 116.615173
[2022-10-19 23:34:01] PRINT Train Epoch: 4 [5120/60000 (9%)]	Loss: 113.075554
[2022-10-19 23:34:01] PRINT Train Epoch: 4 [6400/60000 (11%)]	Loss: 110.617241
[2022-10-19 23:34:01] PRINT Train Epoch: 4 [7680/60000 (13%)]	Loss: 120.558533
[2022-10-19 23:34:01] PRINT Train Epoch: 4 [8960/60000 (15%)]	Loss: 112.856567
[2022-10-19 23:34:02] PRINT Train Epoch: 4 [10240/60000 (17%)]	Loss: 118.000854
[2022-10-19 23:34:02] PRINT Train Epoch: 4 [11520/60000 (19%)]	Loss: 111.665298
[2022-10-19 23:34:02] PRINT Train Epoch: 4 [12800/60000 (21%)]	Loss: 115.805832
[2022-10-19 23:34:02] PRINT Train Epoch: 4 [14080/60000 (23%)]	Loss: 116.275871
[2022-10-19 23:34:02] PRINT Train Epoch: 4 [15360/60000 (26%)]	Loss: 119.234573
[2022-10-19 23:34:02] PRINT Train Epoch: 4 [16640/60000 (28%)]	Loss: 113.528549
[2022-10-19 23:34:02] PRINT Train Epoch: 4 [17920/60000 (30%)]	Loss: 115.674225
[2022-10-19 23:34:02] PRINT Train Epoch: 4 [19200/60000 (32%)]	Loss: 118.872299
[2022-10-19 23:34:02] PRINT Train Epoch: 4 [20480/60000 (34%)]	Loss: 118.864441
[2022-10-19 23:34:02] PRINT Train Epoch: 4 [21760/60000 (36%)]	Loss: 114.562378
[2022-10-19 23:34:03] PRINT Train Epoch: 4 [23040/60000 (38%)]	Loss: 116.895126
[2022-10-19 23:34:03] PRINT Train Epoch: 4 [24320/60000 (41%)]	Loss: 113.837799
[2022-10-19 23:34:03] PRINT Train Epoch: 4 [25600/60000 (43%)]	Loss: 115.120369
[2022-10-19 23:34:03] PRINT Train Epoch: 4 [26880/60000 (45%)]	Loss: 115.991364
[2022-10-19 23:34:03] PRINT Train Epoch: 4 [28160/60000 (47%)]	Loss: 116.184479
[2022-10-19 23:34:03] PRINT Train Epoch: 4 [29440/60000 (49%)]	Loss: 116.097069
[2022-10-19 23:34:03] PRINT Train Epoch: 4 [30720/60000 (51%)]	Loss: 115.328087
[2022-10-19 23:34:03] PRINT Train Epoch: 4 [32000/60000 (53%)]	Loss: 118.158257
[2022-10-19 23:34:03] PRINT Train Epoch: 4 [33280/60000 (55%)]	Loss: 114.439598
[2022-10-19 23:34:04] PRINT Train Epoch: 4 [34560/60000 (58%)]	Loss: 115.549599
[2022-10-19 23:34:04] PRINT Train Epoch: 4 [35840/60000 (60%)]	Loss: 117.203323
[2022-10-19 23:34:04] PRINT Train Epoch: 4 [37120/60000 (62%)]	Loss: 110.291855
[2022-10-19 23:34:04] PRINT Train Epoch: 4 [38400/60000 (64%)]	Loss: 119.196457
[2022-10-19 23:34:04] PRINT Train Epoch: 4 [39680/60000 (66%)]	Loss: 118.340843
[2022-10-19 23:34:04] PRINT Train Epoch: 4 [40960/60000 (68%)]	Loss: 111.810303
[2022-10-19 23:34:04] PRINT Train Epoch: 4 [42240/60000 (70%)]	Loss: 117.344353
[2022-10-19 23:34:04] PRINT Train Epoch: 4 [43520/60000 (72%)]	Loss: 112.169090
[2022-10-19 23:34:04] PRINT Train Epoch: 4 [44800/60000 (75%)]	Loss: 118.583221
[2022-10-19 23:34:04] PRINT Train Epoch: 4 [46080/60000 (77%)]	Loss: 115.499954
[2022-10-19 23:34:05] PRINT Train Epoch: 4 [47360/60000 (79%)]	Loss: 115.852371
[2022-10-19 23:34:05] PRINT Train Epoch: 4 [48640/60000 (81%)]	Loss: 117.452179
[2022-10-19 23:34:05] PRINT Train Epoch: 4 [49920/60000 (83%)]	Loss: 121.261688
[2022-10-19 23:34:05] PRINT Train Epoch: 4 [51200/60000 (85%)]	Loss: 119.276627
[2022-10-19 23:34:05] PRINT Train Epoch: 4 [52480/60000 (87%)]	Loss: 115.612747
[2022-10-19 23:34:05] PRINT Train Epoch: 4 [53760/60000 (90%)]	Loss: 113.186241
[2022-10-19 23:34:05] PRINT Train Epoch: 4 [55040/60000 (92%)]	Loss: 116.406052
[2022-10-19 23:34:05] PRINT Train Epoch: 4 [56320/60000 (94%)]	Loss: 115.192024
[2022-10-19 23:34:05] PRINT Train Epoch: 4 [57600/60000 (96%)]	Loss: 114.191612
[2022-10-19 23:34:06] PRINT Train Epoch: 4 [58880/60000 (98%)]	Loss: 115.613235
[2022-10-19 23:34:06] PRINT ====> Epoch: 4 Average loss: 115.2537
[2022-10-19 23:34:07] PRINT ====> Test set loss: 114.9463
[2022-10-19 23:34:07] PRINT Train Epoch: 5 [0/60000 (0%)]	Loss: 112.751404
[2022-10-19 23:34:07] PRINT Train Epoch: 5 [1280/60000 (2%)]	Loss: 112.864525
[2022-10-19 23:34:07] PRINT Train Epoch: 5 [2560/60000 (4%)]	Loss: 111.035660
[2022-10-19 23:34:07] PRINT Train Epoch: 5 [3840/60000 (6%)]	Loss: 116.677773
[2022-10-19 23:34:07] PRINT Train Epoch: 5 [5120/60000 (9%)]	Loss: 117.970108
[2022-10-19 23:34:07] PRINT Train Epoch: 5 [6400/60000 (11%)]	Loss: 112.266479
[2022-10-19 23:34:07] PRINT Train Epoch: 5 [7680/60000 (13%)]	Loss: 116.444824
[2022-10-19 23:34:07] PRINT Train Epoch: 5 [8960/60000 (15%)]	Loss: 113.632385
[2022-10-19 23:34:07] PRINT Train Epoch: 5 [10240/60000 (17%)]	Loss: 115.094696
[2022-10-19 23:34:08] PRINT Train Epoch: 5 [11520/60000 (19%)]	Loss: 118.783195
[2022-10-19 23:34:08] PRINT Train Epoch: 5 [12800/60000 (21%)]	Loss: 117.086075
[2022-10-19 23:34:08] PRINT Train Epoch: 5 [14080/60000 (23%)]	Loss: 114.738129
[2022-10-19 23:34:08] PRINT Train Epoch: 5 [15360/60000 (26%)]	Loss: 120.009865
[2022-10-19 23:34:08] PRINT Train Epoch: 5 [16640/60000 (28%)]	Loss: 117.921043
[2022-10-19 23:34:08] PRINT Train Epoch: 5 [17920/60000 (30%)]	Loss: 112.222618
[2022-10-19 23:34:08] PRINT Train Epoch: 5 [19200/60000 (32%)]	Loss: 113.805969
[2022-10-19 23:34:08] PRINT Train Epoch: 5 [20480/60000 (34%)]	Loss: 114.248917
[2022-10-19 23:34:08] PRINT Train Epoch: 5 [21760/60000 (36%)]	Loss: 113.166374
[2022-10-19 23:34:09] PRINT Train Epoch: 5 [23040/60000 (38%)]	Loss: 113.181168
[2022-10-19 23:34:09] PRINT Train Epoch: 5 [24320/60000 (41%)]	Loss: 112.471893
[2022-10-19 23:34:09] PRINT Train Epoch: 5 [25600/60000 (43%)]	Loss: 113.284309
[2022-10-19 23:34:09] PRINT Train Epoch: 5 [26880/60000 (45%)]	Loss: 114.546051
[2022-10-19 23:34:09] PRINT Train Epoch: 5 [28160/60000 (47%)]	Loss: 115.125397
[2022-10-19 23:34:09] PRINT Train Epoch: 5 [29440/60000 (49%)]	Loss: 111.903946
[2022-10-19 23:34:09] PRINT Train Epoch: 5 [30720/60000 (51%)]	Loss: 115.565773
[2022-10-19 23:34:09] PRINT Train Epoch: 5 [32000/60000 (53%)]	Loss: 119.740067
[2022-10-19 23:34:09] PRINT Train Epoch: 5 [33280/60000 (55%)]	Loss: 117.006920
[2022-10-19 23:34:09] PRINT Train Epoch: 5 [34560/60000 (58%)]	Loss: 113.903656
[2022-10-19 23:34:10] PRINT Train Epoch: 5 [35840/60000 (60%)]	Loss: 111.939354
[2022-10-19 23:34:10] PRINT Train Epoch: 5 [37120/60000 (62%)]	Loss: 115.963898
[2022-10-19 23:34:10] PRINT Train Epoch: 5 [38400/60000 (64%)]	Loss: 113.804642
[2022-10-19 23:34:10] PRINT Train Epoch: 5 [39680/60000 (66%)]	Loss: 114.047485
[2022-10-19 23:34:10] PRINT Train Epoch: 5 [40960/60000 (68%)]	Loss: 116.040695
[2022-10-19 23:34:10] PRINT Train Epoch: 5 [42240/60000 (70%)]	Loss: 113.059875
[2022-10-19 23:34:10] PRINT Train Epoch: 5 [43520/60000 (72%)]	Loss: 115.449379
[2022-10-19 23:34:10] PRINT Train Epoch: 5 [44800/60000 (75%)]	Loss: 113.361488
[2022-10-19 23:34:10] PRINT Train Epoch: 5 [46080/60000 (77%)]	Loss: 117.238754
[2022-10-19 23:34:11] PRINT Train Epoch: 5 [47360/60000 (79%)]	Loss: 116.368713
[2022-10-19 23:34:11] PRINT Train Epoch: 5 [48640/60000 (81%)]	Loss: 117.976151
[2022-10-19 23:34:11] PRINT Train Epoch: 5 [49920/60000 (83%)]	Loss: 112.856750
[2022-10-19 23:34:11] PRINT Train Epoch: 5 [51200/60000 (85%)]	Loss: 117.347176
[2022-10-19 23:34:11] PRINT Train Epoch: 5 [52480/60000 (87%)]	Loss: 115.246498
[2022-10-19 23:34:11] PRINT Train Epoch: 5 [53760/60000 (90%)]	Loss: 118.584885
[2022-10-19 23:34:11] PRINT Train Epoch: 5 [55040/60000 (92%)]	Loss: 117.067940
[2022-10-19 23:34:11] PRINT Train Epoch: 5 [56320/60000 (94%)]	Loss: 116.421844
[2022-10-19 23:34:11] PRINT Train Epoch: 5 [57600/60000 (96%)]	Loss: 108.039154
[2022-10-19 23:34:11] PRINT Train Epoch: 5 [58880/60000 (98%)]	Loss: 112.194237
[2022-10-19 23:34:12] PRINT ====> Epoch: 5 Average loss: 114.2716
[2022-10-19 23:34:12] PRINT ====> Test set loss: 112.9314
[2022-10-19 23:34:13] PRINT Train Epoch: 6 [0/60000 (0%)]	Loss: 107.718277
[2022-10-19 23:34:13] PRINT Train Epoch: 6 [1280/60000 (2%)]	Loss: 117.266151
[2022-10-19 23:34:13] PRINT Train Epoch: 6 [2560/60000 (4%)]	Loss: 113.431793
[2022-10-19 23:34:13] PRINT Train Epoch: 6 [3840/60000 (6%)]	Loss: 112.194771
[2022-10-19 23:34:13] PRINT Train Epoch: 6 [5120/60000 (9%)]	Loss: 113.653534
[2022-10-19 23:34:13] PRINT Train Epoch: 6 [6400/60000 (11%)]	Loss: 111.667305
[2022-10-19 23:34:13] PRINT Train Epoch: 6 [7680/60000 (13%)]	Loss: 116.378754
[2022-10-19 23:34:13] PRINT Train Epoch: 6 [8960/60000 (15%)]	Loss: 115.208374
[2022-10-19 23:34:13] PRINT Train Epoch: 6 [10240/60000 (17%)]	Loss: 114.680206
[2022-10-19 23:34:13] PRINT Train Epoch: 6 [11520/60000 (19%)]	Loss: 112.206863
[2022-10-19 23:34:14] PRINT Train Epoch: 6 [12800/60000 (21%)]	Loss: 118.386734
[2022-10-19 23:34:14] PRINT Train Epoch: 6 [14080/60000 (23%)]	Loss: 113.341354
[2022-10-19 23:34:14] PRINT Train Epoch: 6 [15360/60000 (26%)]	Loss: 111.186218
[2022-10-19 23:34:14] PRINT Train Epoch: 6 [16640/60000 (28%)]	Loss: 109.739227
[2022-10-19 23:34:14] PRINT Train Epoch: 6 [17920/60000 (30%)]	Loss: 118.509521
[2022-10-19 23:34:14] PRINT Train Epoch: 6 [19200/60000 (32%)]	Loss: 117.922485
[2022-10-19 23:34:14] PRINT Train Epoch: 6 [20480/60000 (34%)]	Loss: 112.360138
[2022-10-19 23:34:14] PRINT Train Epoch: 6 [21760/60000 (36%)]	Loss: 115.429230
[2022-10-19 23:34:14] PRINT Train Epoch: 6 [23040/60000 (38%)]	Loss: 113.629456
[2022-10-19 23:34:15] PRINT Train Epoch: 6 [24320/60000 (41%)]	Loss: 114.082520
[2022-10-19 23:34:15] PRINT Train Epoch: 6 [25600/60000 (43%)]	Loss: 119.199989
[2022-10-19 23:34:15] PRINT Train Epoch: 6 [26880/60000 (45%)]	Loss: 115.380402
[2022-10-19 23:34:15] PRINT Train Epoch: 6 [28160/60000 (47%)]	Loss: 116.770851
[2022-10-19 23:34:15] PRINT Train Epoch: 6 [29440/60000 (49%)]	Loss: 112.149170
[2022-10-19 23:34:15] PRINT Train Epoch: 6 [30720/60000 (51%)]	Loss: 113.563324
[2022-10-19 23:34:15] PRINT Train Epoch: 6 [32000/60000 (53%)]	Loss: 114.631882
[2022-10-19 23:34:15] PRINT Train Epoch: 6 [33280/60000 (55%)]	Loss: 112.541046
[2022-10-19 23:34:15] PRINT Train Epoch: 6 [34560/60000 (58%)]	Loss: 105.889984
[2022-10-19 23:34:15] PRINT Train Epoch: 6 [35840/60000 (60%)]	Loss: 112.404373
[2022-10-19 23:34:16] PRINT Train Epoch: 6 [37120/60000 (62%)]	Loss: 111.868912
[2022-10-19 23:34:16] PRINT Train Epoch: 6 [38400/60000 (64%)]	Loss: 110.564621
[2022-10-19 23:34:16] PRINT Train Epoch: 6 [39680/60000 (66%)]	Loss: 112.822029
[2022-10-19 23:34:16] PRINT Train Epoch: 6 [40960/60000 (68%)]	Loss: 110.190567
[2022-10-19 23:34:16] PRINT Train Epoch: 6 [42240/60000 (70%)]	Loss: 115.519081
[2022-10-19 23:34:16] PRINT Train Epoch: 6 [43520/60000 (72%)]	Loss: 119.274399
[2022-10-19 23:34:16] PRINT Train Epoch: 6 [44800/60000 (75%)]	Loss: 118.030350
[2022-10-19 23:34:16] PRINT Train Epoch: 6 [46080/60000 (77%)]	Loss: 116.537132
[2022-10-19 23:34:16] PRINT Train Epoch: 6 [47360/60000 (79%)]	Loss: 114.334915
[2022-10-19 23:34:17] PRINT Train Epoch: 6 [48640/60000 (81%)]	Loss: 113.060501
[2022-10-19 23:34:17] PRINT Train Epoch: 6 [49920/60000 (83%)]	Loss: 112.790146
[2022-10-19 23:34:17] PRINT Train Epoch: 6 [51200/60000 (85%)]	Loss: 111.021515
[2022-10-19 23:34:17] PRINT Train Epoch: 6 [52480/60000 (87%)]	Loss: 110.884132
[2022-10-19 23:34:17] PRINT Train Epoch: 6 [53760/60000 (90%)]	Loss: 113.845078
[2022-10-19 23:34:17] PRINT Train Epoch: 6 [55040/60000 (92%)]	Loss: 112.274551
[2022-10-19 23:34:17] PRINT Train Epoch: 6 [56320/60000 (94%)]	Loss: 113.523743
[2022-10-19 23:34:17] PRINT Train Epoch: 6 [57600/60000 (96%)]	Loss: 109.912788
[2022-10-19 23:34:17] PRINT Train Epoch: 6 [58880/60000 (98%)]	Loss: 112.140190
[2022-10-19 23:34:18] PRINT ====> Epoch: 6 Average loss: 113.6457
[2022-10-19 23:34:18] PRINT ====> Test set loss: 113.3060
[2022-10-19 23:34:18] PRINT Train Epoch: 7 [0/60000 (0%)]	Loss: 112.688339
[2022-10-19 23:34:19] PRINT Train Epoch: 7 [1280/60000 (2%)]	Loss: 114.815865
[2022-10-19 23:34:19] PRINT Train Epoch: 7 [2560/60000 (4%)]	Loss: 113.726410
[2022-10-19 23:34:19] PRINT Train Epoch: 7 [3840/60000 (6%)]	Loss: 116.219711
[2022-10-19 23:34:19] PRINT Train Epoch: 7 [5120/60000 (9%)]	Loss: 113.885292
[2022-10-19 23:34:19] PRINT Train Epoch: 7 [6400/60000 (11%)]	Loss: 111.377480
[2022-10-19 23:34:19] PRINT Train Epoch: 7 [7680/60000 (13%)]	Loss: 111.311874
[2022-10-19 23:34:19] PRINT Train Epoch: 7 [8960/60000 (15%)]	Loss: 113.480843
[2022-10-19 23:34:19] PRINT Train Epoch: 7 [10240/60000 (17%)]	Loss: 108.213097
[2022-10-19 23:34:19] PRINT Train Epoch: 7 [11520/60000 (19%)]	Loss: 115.298683
[2022-10-19 23:34:19] PRINT Train Epoch: 7 [12800/60000 (21%)]	Loss: 113.390114
[2022-10-19 23:34:20] PRINT Train Epoch: 7 [14080/60000 (23%)]	Loss: 112.996689
[2022-10-19 23:34:20] PRINT Train Epoch: 7 [15360/60000 (26%)]	Loss: 113.017731
[2022-10-19 23:34:20] PRINT Train Epoch: 7 [16640/60000 (28%)]	Loss: 114.422836
[2022-10-19 23:34:20] PRINT Train Epoch: 7 [17920/60000 (30%)]	Loss: 112.693604
[2022-10-19 23:34:20] PRINT Train Epoch: 7 [19200/60000 (32%)]	Loss: 113.931732
[2022-10-19 23:34:20] PRINT Train Epoch: 7 [20480/60000 (34%)]	Loss: 111.565308
[2022-10-19 23:34:20] PRINT Train Epoch: 7 [21760/60000 (36%)]	Loss: 110.965706
[2022-10-19 23:34:20] PRINT Train Epoch: 7 [23040/60000 (38%)]	Loss: 114.133476
[2022-10-19 23:34:20] PRINT Train Epoch: 7 [24320/60000 (41%)]	Loss: 116.191475
[2022-10-19 23:34:21] PRINT Train Epoch: 7 [25600/60000 (43%)]	Loss: 117.246040
[2022-10-19 23:34:21] PRINT Train Epoch: 7 [26880/60000 (45%)]	Loss: 112.490341
[2022-10-19 23:34:21] PRINT Train Epoch: 7 [28160/60000 (47%)]	Loss: 113.314674
[2022-10-19 23:34:21] PRINT Train Epoch: 7 [29440/60000 (49%)]	Loss: 113.795532
[2022-10-19 23:34:21] PRINT Train Epoch: 7 [30720/60000 (51%)]	Loss: 109.761734
[2022-10-19 23:34:21] PRINT Train Epoch: 7 [32000/60000 (53%)]	Loss: 113.781670
[2022-10-19 23:34:21] PRINT Train Epoch: 7 [33280/60000 (55%)]	Loss: 112.242691
[2022-10-19 23:34:21] PRINT Train Epoch: 7 [34560/60000 (58%)]	Loss: 109.873245
[2022-10-19 23:34:21] PRINT Train Epoch: 7 [35840/60000 (60%)]	Loss: 113.476471
[2022-10-19 23:34:21] PRINT Train Epoch: 7 [37120/60000 (62%)]	Loss: 110.537964
[2022-10-19 23:34:22] PRINT Train Epoch: 7 [38400/60000 (64%)]	Loss: 116.424240
[2022-10-19 23:34:22] PRINT Train Epoch: 7 [39680/60000 (66%)]	Loss: 113.464439
[2022-10-19 23:34:22] PRINT Train Epoch: 7 [40960/60000 (68%)]	Loss: 110.607483
[2022-10-19 23:34:22] PRINT Train Epoch: 7 [42240/60000 (70%)]	Loss: 113.798187
[2022-10-19 23:34:22] PRINT Train Epoch: 7 [43520/60000 (72%)]	Loss: 116.782722
[2022-10-19 23:34:22] PRINT Train Epoch: 7 [44800/60000 (75%)]	Loss: 115.538628
[2022-10-19 23:34:22] PRINT Train Epoch: 7 [46080/60000 (77%)]	Loss: 111.529160
[2022-10-19 23:34:22] PRINT Train Epoch: 7 [47360/60000 (79%)]	Loss: 116.459404
[2022-10-19 23:34:22] PRINT Train Epoch: 7 [48640/60000 (81%)]	Loss: 109.604477
[2022-10-19 23:34:23] PRINT Train Epoch: 7 [49920/60000 (83%)]	Loss: 111.322418
[2022-10-19 23:34:23] PRINT Train Epoch: 7 [51200/60000 (85%)]	Loss: 111.150024
[2022-10-19 23:34:23] PRINT Train Epoch: 7 [52480/60000 (87%)]	Loss: 110.819496
[2022-10-19 23:34:23] PRINT Train Epoch: 7 [53760/60000 (90%)]	Loss: 113.364334
[2022-10-19 23:34:23] PRINT Train Epoch: 7 [55040/60000 (92%)]	Loss: 118.142349
[2022-10-19 23:34:23] PRINT Train Epoch: 7 [56320/60000 (94%)]	Loss: 116.090813
[2022-10-19 23:34:23] PRINT Train Epoch: 7 [57600/60000 (96%)]	Loss: 111.300430
[2022-10-19 23:34:23] PRINT Train Epoch: 7 [58880/60000 (98%)]	Loss: 112.797813
[2022-10-19 23:34:23] PRINT ====> Epoch: 7 Average loss: 113.3319
[2022-10-19 23:34:24] PRINT ====> Test set loss: 113.0095
[2022-10-19 23:34:24] PRINT Train Epoch: 8 [0/60000 (0%)]	Loss: 114.494644
[2022-10-19 23:34:24] PRINT Train Epoch: 8 [1280/60000 (2%)]	Loss: 111.230598
[2022-10-19 23:34:25] PRINT Train Epoch: 8 [2560/60000 (4%)]	Loss: 112.518036
[2022-10-19 23:34:25] PRINT Train Epoch: 8 [3840/60000 (6%)]	Loss: 109.629272
[2022-10-19 23:34:25] PRINT Train Epoch: 8 [5120/60000 (9%)]	Loss: 110.613068
[2022-10-19 23:34:25] PRINT Train Epoch: 8 [6400/60000 (11%)]	Loss: 109.176613
[2022-10-19 23:34:25] PRINT Train Epoch: 8 [7680/60000 (13%)]	Loss: 110.619354
[2022-10-19 23:34:25] PRINT Train Epoch: 8 [8960/60000 (15%)]	Loss: 115.962448
[2022-10-19 23:34:25] PRINT Train Epoch: 8 [10240/60000 (17%)]	Loss: 113.638550
[2022-10-19 23:34:25] PRINT Train Epoch: 8 [11520/60000 (19%)]	Loss: 113.403618
[2022-10-19 23:34:25] PRINT Train Epoch: 8 [12800/60000 (21%)]	Loss: 106.557968
[2022-10-19 23:34:26] PRINT Train Epoch: 8 [14080/60000 (23%)]	Loss: 113.417656
[2022-10-19 23:34:26] PRINT Train Epoch: 8 [15360/60000 (26%)]	Loss: 119.013039
[2022-10-19 23:34:26] PRINT Train Epoch: 8 [16640/60000 (28%)]	Loss: 110.326187
[2022-10-19 23:34:26] PRINT Train Epoch: 8 [17920/60000 (30%)]	Loss: 115.245735
[2022-10-19 23:34:26] PRINT Train Epoch: 8 [19200/60000 (32%)]	Loss: 109.353416
[2022-10-19 23:34:26] PRINT Train Epoch: 8 [20480/60000 (34%)]	Loss: 108.616631
[2022-10-19 23:34:26] PRINT Train Epoch: 8 [21760/60000 (36%)]	Loss: 111.500061
[2022-10-19 23:34:26] PRINT Train Epoch: 8 [23040/60000 (38%)]	Loss: 112.794083
[2022-10-19 23:34:26] PRINT Train Epoch: 8 [24320/60000 (41%)]	Loss: 113.316399
[2022-10-19 23:34:27] PRINT Train Epoch: 8 [25600/60000 (43%)]	Loss: 112.902916
[2022-10-19 23:34:27] PRINT Train Epoch: 8 [26880/60000 (45%)]	Loss: 111.325867
[2022-10-19 23:34:27] PRINT Train Epoch: 8 [28160/60000 (47%)]	Loss: 111.713356
[2022-10-19 23:34:27] PRINT Train Epoch: 8 [29440/60000 (49%)]	Loss: 111.155464
[2022-10-19 23:34:27] PRINT Train Epoch: 8 [30720/60000 (51%)]	Loss: 113.406212
[2022-10-19 23:34:27] PRINT Train Epoch: 8 [32000/60000 (53%)]	Loss: 118.230431
[2022-10-19 23:34:27] PRINT Train Epoch: 8 [33280/60000 (55%)]	Loss: 113.699829
[2022-10-19 23:34:27] PRINT Train Epoch: 8 [34560/60000 (58%)]	Loss: 110.962051
[2022-10-19 23:34:27] PRINT Train Epoch: 8 [35840/60000 (60%)]	Loss: 112.387520
[2022-10-19 23:34:27] PRINT Train Epoch: 8 [37120/60000 (62%)]	Loss: 112.035988
[2022-10-19 23:34:28] PRINT Train Epoch: 8 [38400/60000 (64%)]	Loss: 107.518417
[2022-10-19 23:34:28] PRINT Train Epoch: 8 [39680/60000 (66%)]	Loss: 109.367798
[2022-10-19 23:34:28] PRINT Train Epoch: 8 [40960/60000 (68%)]	Loss: 112.204269
[2022-10-19 23:34:28] PRINT Train Epoch: 8 [42240/60000 (70%)]	Loss: 116.725616
[2022-10-19 23:34:28] PRINT Train Epoch: 8 [43520/60000 (72%)]	Loss: 109.189636
[2022-10-19 23:34:28] PRINT Train Epoch: 8 [44800/60000 (75%)]	Loss: 110.910179
[2022-10-19 23:34:28] PRINT Train Epoch: 8 [46080/60000 (77%)]	Loss: 112.359871
[2022-10-19 23:34:28] PRINT Train Epoch: 8 [47360/60000 (79%)]	Loss: 113.230530
[2022-10-19 23:34:28] PRINT Train Epoch: 8 [48640/60000 (81%)]	Loss: 109.569199
[2022-10-19 23:34:29] PRINT Train Epoch: 8 [49920/60000 (83%)]	Loss: 108.633743
[2022-10-19 23:34:29] PRINT Train Epoch: 8 [51200/60000 (85%)]	Loss: 115.144150
[2022-10-19 23:34:29] PRINT Train Epoch: 8 [52480/60000 (87%)]	Loss: 114.857040
[2022-10-19 23:34:29] PRINT Train Epoch: 8 [53760/60000 (90%)]	Loss: 111.470818
[2022-10-19 23:34:29] PRINT Train Epoch: 8 [55040/60000 (92%)]	Loss: 118.128082
[2022-10-19 23:34:29] PRINT Train Epoch: 8 [56320/60000 (94%)]	Loss: 112.773613
[2022-10-19 23:34:29] PRINT Train Epoch: 8 [57600/60000 (96%)]	Loss: 114.073105
[2022-10-19 23:34:29] PRINT Train Epoch: 8 [58880/60000 (98%)]	Loss: 110.383286
[2022-10-19 23:34:29] PRINT ====> Epoch: 8 Average loss: 112.7298
[2022-10-19 23:34:30] PRINT ====> Test set loss: 112.3528
[2022-10-19 23:34:30] PRINT Train Epoch: 9 [0/60000 (0%)]	Loss: 114.811592
[2022-10-19 23:34:30] PRINT Train Epoch: 9 [1280/60000 (2%)]	Loss: 111.967186
[2022-10-19 23:34:31] PRINT Train Epoch: 9 [2560/60000 (4%)]	Loss: 113.369019
[2022-10-19 23:34:31] PRINT Train Epoch: 9 [3840/60000 (6%)]	Loss: 111.598991
[2022-10-19 23:34:31] PRINT Train Epoch: 9 [5120/60000 (9%)]	Loss: 113.038834
[2022-10-19 23:34:31] PRINT Train Epoch: 9 [6400/60000 (11%)]	Loss: 111.547531
[2022-10-19 23:34:31] PRINT Train Epoch: 9 [7680/60000 (13%)]	Loss: 112.981781
[2022-10-19 23:34:31] PRINT Train Epoch: 9 [8960/60000 (15%)]	Loss: 110.248917
[2022-10-19 23:34:31] PRINT Train Epoch: 9 [10240/60000 (17%)]	Loss: 112.508461
[2022-10-19 23:34:31] PRINT Train Epoch: 9 [11520/60000 (19%)]	Loss: 113.069199
[2022-10-19 23:34:31] PRINT Train Epoch: 9 [12800/60000 (21%)]	Loss: 111.987206
[2022-10-19 23:34:31] PRINT Train Epoch: 9 [14080/60000 (23%)]	Loss: 108.915909
[2022-10-19 23:34:32] PRINT Train Epoch: 9 [15360/60000 (26%)]	Loss: 113.360527
[2022-10-19 23:34:32] PRINT Train Epoch: 9 [16640/60000 (28%)]	Loss: 109.839424
[2022-10-19 23:34:32] PRINT Train Epoch: 9 [17920/60000 (30%)]	Loss: 110.344223
[2022-10-19 23:34:32] PRINT Train Epoch: 9 [19200/60000 (32%)]	Loss: 115.695763
[2022-10-19 23:34:32] PRINT Train Epoch: 9 [20480/60000 (34%)]	Loss: 117.086731
[2022-10-19 23:34:32] PRINT Train Epoch: 9 [21760/60000 (36%)]	Loss: 116.709717
[2022-10-19 23:34:32] PRINT Train Epoch: 9 [23040/60000 (38%)]	Loss: 112.850937
[2022-10-19 23:34:32] PRINT Train Epoch: 9 [24320/60000 (41%)]	Loss: 114.319855
[2022-10-19 23:34:32] PRINT Train Epoch: 9 [25600/60000 (43%)]	Loss: 117.362457
[2022-10-19 23:34:33] PRINT Train Epoch: 9 [26880/60000 (45%)]	Loss: 108.098907
[2022-10-19 23:34:33] PRINT Train Epoch: 9 [28160/60000 (47%)]	Loss: 114.072113
[2022-10-19 23:34:33] PRINT Train Epoch: 9 [29440/60000 (49%)]	Loss: 117.754730
[2022-10-19 23:34:33] PRINT Train Epoch: 9 [30720/60000 (51%)]	Loss: 114.742493
[2022-10-19 23:34:33] PRINT Train Epoch: 9 [32000/60000 (53%)]	Loss: 109.982971
[2022-10-19 23:34:33] PRINT Train Epoch: 9 [33280/60000 (55%)]	Loss: 108.144325
[2022-10-19 23:34:33] PRINT Train Epoch: 9 [34560/60000 (58%)]	Loss: 109.828239
[2022-10-19 23:34:33] PRINT Train Epoch: 9 [35840/60000 (60%)]	Loss: 113.373276
[2022-10-19 23:34:33] PRINT Train Epoch: 9 [37120/60000 (62%)]	Loss: 114.623108
[2022-10-19 23:34:33] PRINT Train Epoch: 9 [38400/60000 (64%)]	Loss: 109.185944
[2022-10-19 23:34:34] PRINT Train Epoch: 9 [39680/60000 (66%)]	Loss: 113.532501
[2022-10-19 23:34:34] PRINT Train Epoch: 9 [40960/60000 (68%)]	Loss: 110.072495
[2022-10-19 23:34:34] PRINT Train Epoch: 9 [42240/60000 (70%)]	Loss: 112.159821
[2022-10-19 23:34:34] PRINT Train Epoch: 9 [43520/60000 (72%)]	Loss: 112.991745
[2022-10-19 23:34:34] PRINT Train Epoch: 9 [44800/60000 (75%)]	Loss: 114.850563
[2022-10-19 23:34:34] PRINT Train Epoch: 9 [46080/60000 (77%)]	Loss: 113.139343
[2022-10-19 23:34:34] PRINT Train Epoch: 9 [47360/60000 (79%)]	Loss: 117.553955
[2022-10-19 23:34:34] PRINT Train Epoch: 9 [48640/60000 (81%)]	Loss: 117.329803
[2022-10-19 23:34:34] PRINT Train Epoch: 9 [49920/60000 (83%)]	Loss: 117.393303
[2022-10-19 23:34:35] PRINT Train Epoch: 9 [51200/60000 (85%)]	Loss: 112.598145
[2022-10-19 23:34:35] PRINT Train Epoch: 9 [52480/60000 (87%)]	Loss: 113.965164
[2022-10-19 23:34:35] PRINT Train Epoch: 9 [53760/60000 (90%)]	Loss: 116.052750
[2022-10-19 23:34:35] PRINT Train Epoch: 9 [55040/60000 (92%)]	Loss: 117.031509
[2022-10-19 23:34:35] PRINT Train Epoch: 9 [56320/60000 (94%)]	Loss: 111.646118
[2022-10-19 23:34:35] PRINT Train Epoch: 9 [57600/60000 (96%)]	Loss: 110.465096
[2022-10-19 23:34:35] PRINT Train Epoch: 9 [58880/60000 (98%)]	Loss: 111.538437
[2022-10-19 23:34:35] PRINT ====> Epoch: 9 Average loss: 112.5298
[2022-10-19 23:34:36] PRINT ====> Test set loss: 112.8785
[2022-10-19 23:34:36] PRINT Train Epoch: 10 [0/60000 (0%)]	Loss: 114.102127
[2022-10-19 23:34:36] PRINT Train Epoch: 10 [1280/60000 (2%)]	Loss: 111.260544
[2022-10-19 23:34:36] PRINT Train Epoch: 10 [2560/60000 (4%)]	Loss: 111.768562
[2022-10-19 23:34:37] PRINT Train Epoch: 10 [3840/60000 (6%)]	Loss: 113.467278
[2022-10-19 23:34:37] PRINT Train Epoch: 10 [5120/60000 (9%)]	Loss: 107.794304
[2022-10-19 23:34:37] PRINT Train Epoch: 10 [6400/60000 (11%)]	Loss: 117.033424
[2022-10-19 23:34:37] PRINT Train Epoch: 10 [7680/60000 (13%)]	Loss: 110.403015
[2022-10-19 23:34:37] PRINT Train Epoch: 10 [8960/60000 (15%)]	Loss: 106.143707
[2022-10-19 23:34:37] PRINT Train Epoch: 10 [10240/60000 (17%)]	Loss: 110.575562
[2022-10-19 23:34:37] PRINT Train Epoch: 10 [11520/60000 (19%)]	Loss: 111.049858
[2022-10-19 23:34:37] PRINT Train Epoch: 10 [12800/60000 (21%)]	Loss: 112.708054
[2022-10-19 23:34:37] PRINT Train Epoch: 10 [14080/60000 (23%)]	Loss: 112.113045
[2022-10-19 23:34:38] PRINT Train Epoch: 10 [15360/60000 (26%)]	Loss: 114.140030
[2022-10-19 23:34:38] PRINT Train Epoch: 10 [16640/60000 (28%)]	Loss: 113.109390
[2022-10-19 23:34:38] PRINT Train Epoch: 10 [17920/60000 (30%)]	Loss: 111.830017
[2022-10-19 23:34:38] PRINT Train Epoch: 10 [19200/60000 (32%)]	Loss: 112.271240
[2022-10-19 23:34:38] PRINT Train Epoch: 10 [20480/60000 (34%)]	Loss: 107.206116
[2022-10-19 23:34:38] PRINT Train Epoch: 10 [21760/60000 (36%)]	Loss: 113.925751
[2022-10-19 23:34:38] PRINT Train Epoch: 10 [23040/60000 (38%)]	Loss: 109.235016
[2022-10-19 23:34:38] PRINT Train Epoch: 10 [24320/60000 (41%)]	Loss: 109.537949
[2022-10-19 23:34:38] PRINT Train Epoch: 10 [25600/60000 (43%)]	Loss: 115.312225
[2022-10-19 23:34:38] PRINT Train Epoch: 10 [26880/60000 (45%)]	Loss: 109.911163
[2022-10-19 23:34:39] PRINT Train Epoch: 10 [28160/60000 (47%)]	Loss: 109.275070
[2022-10-19 23:34:39] PRINT Train Epoch: 10 [29440/60000 (49%)]	Loss: 108.982361
[2022-10-19 23:34:39] PRINT Train Epoch: 10 [30720/60000 (51%)]	Loss: 110.341896
[2022-10-19 23:34:39] PRINT Train Epoch: 10 [32000/60000 (53%)]	Loss: 111.309799
[2022-10-19 23:34:39] PRINT Train Epoch: 10 [33280/60000 (55%)]	Loss: 112.879204
[2022-10-19 23:34:39] PRINT Train Epoch: 10 [34560/60000 (58%)]	Loss: 116.902046
[2022-10-19 23:34:39] PRINT Train Epoch: 10 [35840/60000 (60%)]	Loss: 110.886444
[2022-10-19 23:34:39] PRINT Train Epoch: 10 [37120/60000 (62%)]	Loss: 112.223106
[2022-10-19 23:34:39] PRINT Train Epoch: 10 [38400/60000 (64%)]	Loss: 114.727783
[2022-10-19 23:34:40] PRINT Train Epoch: 10 [39680/60000 (66%)]	Loss: 113.874100
[2022-10-19 23:34:40] PRINT Train Epoch: 10 [40960/60000 (68%)]	Loss: 117.803825
[2022-10-19 23:34:40] PRINT Train Epoch: 10 [42240/60000 (70%)]	Loss: 108.213852
[2022-10-19 23:34:40] PRINT Train Epoch: 10 [43520/60000 (72%)]	Loss: 111.732178
[2022-10-19 23:34:40] PRINT Train Epoch: 10 [44800/60000 (75%)]	Loss: 114.842422
[2022-10-19 23:34:40] PRINT Train Epoch: 10 [46080/60000 (77%)]	Loss: 111.911293
[2022-10-19 23:34:40] PRINT Train Epoch: 10 [47360/60000 (79%)]	Loss: 113.071884
[2022-10-19 23:34:40] PRINT Train Epoch: 10 [48640/60000 (81%)]	Loss: 109.526260
[2022-10-19 23:34:40] PRINT Train Epoch: 10 [49920/60000 (83%)]	Loss: 113.544212
[2022-10-19 23:34:41] PRINT Train Epoch: 10 [51200/60000 (85%)]	Loss: 107.285103
[2022-10-19 23:34:41] PRINT Train Epoch: 10 [52480/60000 (87%)]	Loss: 111.957108
[2022-10-19 23:34:41] PRINT Train Epoch: 10 [53760/60000 (90%)]	Loss: 115.208481
[2022-10-19 23:34:41] PRINT Train Epoch: 10 [55040/60000 (92%)]	Loss: 109.325531
[2022-10-19 23:34:41] PRINT Train Epoch: 10 [56320/60000 (94%)]	Loss: 112.126343
[2022-10-19 23:34:41] PRINT Train Epoch: 10 [57600/60000 (96%)]	Loss: 113.474190
[2022-10-19 23:34:41] PRINT Train Epoch: 10 [58880/60000 (98%)]	Loss: 110.279449
[2022-10-19 23:34:41] PRINT ====> Epoch: 10 Average loss: 112.2845
[2022-10-19 23:34:42] PRINT ====> Test set loss: 112.2915
