[2022-10-20 01:10:24] PRINT {'features1': 600, 'features2': 20, 'lr': 0.0010414871006816581, 'epsilon': 1e-06, 'TRIAL_BUDGET': 2}
[2022-10-20 01:10:24] PRINT Using cuda device
[2022-10-20 01:10:25] PRINT Train Epoch: 1 [0/60000 (0%)]	Loss: 546.558472
[2022-10-20 01:10:25] PRINT Train Epoch: 1 [1280/60000 (2%)]	Loss: 269.507324
[2022-10-20 01:10:25] PRINT Train Epoch: 1 [2560/60000 (4%)]	Loss: 227.205948
[2022-10-20 01:10:26] PRINT Train Epoch: 1 [3840/60000 (6%)]	Loss: 214.055084
[2022-10-20 01:10:26] PRINT Train Epoch: 1 [5120/60000 (9%)]	Loss: 198.969879
[2022-10-20 01:10:26] PRINT Train Epoch: 1 [6400/60000 (11%)]	Loss: 198.395721
[2022-10-20 01:10:26] PRINT Train Epoch: 1 [7680/60000 (13%)]	Loss: 197.476334
[2022-10-20 01:10:26] PRINT Train Epoch: 1 [8960/60000 (15%)]	Loss: 188.637970
[2022-10-20 01:10:26] PRINT Train Epoch: 1 [10240/60000 (17%)]	Loss: 176.536758
[2022-10-20 01:10:26] PRINT Train Epoch: 1 [11520/60000 (19%)]	Loss: 172.788742
[2022-10-20 01:10:26] PRINT Train Epoch: 1 [12800/60000 (21%)]	Loss: 162.829361
[2022-10-20 01:10:26] PRINT Train Epoch: 1 [14080/60000 (23%)]	Loss: 168.871552
[2022-10-20 01:10:26] PRINT Train Epoch: 1 [15360/60000 (26%)]	Loss: 166.015915
[2022-10-20 01:10:26] PRINT Train Epoch: 1 [16640/60000 (28%)]	Loss: 162.776474
[2022-10-20 01:10:26] PRINT Train Epoch: 1 [17920/60000 (30%)]	Loss: 156.969406
[2022-10-20 01:10:27] PRINT Train Epoch: 1 [19200/60000 (32%)]	Loss: 153.496094
[2022-10-20 01:10:27] PRINT Train Epoch: 1 [20480/60000 (34%)]	Loss: 156.625946
[2022-10-20 01:10:27] PRINT Train Epoch: 1 [21760/60000 (36%)]	Loss: 154.567810
[2022-10-20 01:10:27] PRINT Train Epoch: 1 [23040/60000 (38%)]	Loss: 150.745117
[2022-10-20 01:10:27] PRINT Train Epoch: 1 [24320/60000 (41%)]	Loss: 146.390259
[2022-10-20 01:10:27] PRINT Train Epoch: 1 [25600/60000 (43%)]	Loss: 145.453613
[2022-10-20 01:10:27] PRINT Train Epoch: 1 [26880/60000 (45%)]	Loss: 146.473862
[2022-10-20 01:10:27] PRINT Train Epoch: 1 [28160/60000 (47%)]	Loss: 141.978699
[2022-10-20 01:10:27] PRINT Train Epoch: 1 [29440/60000 (49%)]	Loss: 142.164062
[2022-10-20 01:10:27] PRINT Train Epoch: 1 [30720/60000 (51%)]	Loss: 140.667572
[2022-10-20 01:10:27] PRINT Train Epoch: 1 [32000/60000 (53%)]	Loss: 140.765839
[2022-10-20 01:10:28] PRINT Train Epoch: 1 [33280/60000 (55%)]	Loss: 139.360229
[2022-10-20 01:10:28] PRINT Train Epoch: 1 [34560/60000 (58%)]	Loss: 134.921356
[2022-10-20 01:10:28] PRINT Train Epoch: 1 [35840/60000 (60%)]	Loss: 136.807922
[2022-10-20 01:10:28] PRINT Train Epoch: 1 [37120/60000 (62%)]	Loss: 132.361115
[2022-10-20 01:10:28] PRINT Train Epoch: 1 [38400/60000 (64%)]	Loss: 128.548660
[2022-10-20 01:10:28] PRINT Train Epoch: 1 [39680/60000 (66%)]	Loss: 129.438461
[2022-10-20 01:10:28] PRINT Train Epoch: 1 [40960/60000 (68%)]	Loss: 132.218872
[2022-10-20 01:10:28] PRINT Train Epoch: 1 [42240/60000 (70%)]	Loss: 131.842087
[2022-10-20 01:10:28] PRINT Train Epoch: 1 [43520/60000 (72%)]	Loss: 131.536499
[2022-10-20 01:10:28] PRINT Train Epoch: 1 [44800/60000 (75%)]	Loss: 125.924362
[2022-10-20 01:10:28] PRINT Train Epoch: 1 [46080/60000 (77%)]	Loss: 130.475708
[2022-10-20 01:10:29] PRINT Train Epoch: 1 [47360/60000 (79%)]	Loss: 125.488609
[2022-10-20 01:10:29] PRINT Train Epoch: 1 [48640/60000 (81%)]	Loss: 126.145172
[2022-10-20 01:10:29] PRINT Train Epoch: 1 [49920/60000 (83%)]	Loss: 123.852684
[2022-10-20 01:10:29] PRINT Train Epoch: 1 [51200/60000 (85%)]	Loss: 125.287842
[2022-10-20 01:10:29] PRINT Train Epoch: 1 [52480/60000 (87%)]	Loss: 124.452484
[2022-10-20 01:10:29] PRINT Train Epoch: 1 [53760/60000 (90%)]	Loss: 124.453415
[2022-10-20 01:10:29] PRINT Train Epoch: 1 [55040/60000 (92%)]	Loss: 125.181580
[2022-10-20 01:10:29] PRINT Train Epoch: 1 [56320/60000 (94%)]	Loss: 121.136047
[2022-10-20 01:10:29] PRINT Train Epoch: 1 [57600/60000 (96%)]	Loss: 124.084373
[2022-10-20 01:10:29] PRINT Train Epoch: 1 [58880/60000 (98%)]	Loss: 126.433350
[2022-10-20 01:10:29] PRINT ====> Epoch: 1 Average loss: 155.4101
[2022-10-20 01:10:30] PRINT ====> Test set loss: 121.8212
[2022-10-20 01:10:30] PRINT Train Epoch: 2 [0/60000 (0%)]	Loss: 128.358994
[2022-10-20 01:10:30] PRINT Train Epoch: 2 [1280/60000 (2%)]	Loss: 118.151260
[2022-10-20 01:10:30] PRINT Train Epoch: 2 [2560/60000 (4%)]	Loss: 128.508255
[2022-10-20 01:10:30] PRINT Train Epoch: 2 [3840/60000 (6%)]	Loss: 118.458694
[2022-10-20 01:10:31] PRINT Train Epoch: 2 [5120/60000 (9%)]	Loss: 121.907227
[2022-10-20 01:10:31] PRINT Train Epoch: 2 [6400/60000 (11%)]	Loss: 122.173088
[2022-10-20 01:10:31] PRINT Train Epoch: 2 [7680/60000 (13%)]	Loss: 119.062042
[2022-10-20 01:10:31] PRINT Train Epoch: 2 [8960/60000 (15%)]	Loss: 119.315292
[2022-10-20 01:10:31] PRINT Train Epoch: 2 [10240/60000 (17%)]	Loss: 120.982819
[2022-10-20 01:10:31] PRINT Train Epoch: 2 [11520/60000 (19%)]	Loss: 119.687790
[2022-10-20 01:10:31] PRINT Train Epoch: 2 [12800/60000 (21%)]	Loss: 111.954773
[2022-10-20 01:10:31] PRINT Train Epoch: 2 [14080/60000 (23%)]	Loss: 115.587463
[2022-10-20 01:10:31] PRINT Train Epoch: 2 [15360/60000 (26%)]	Loss: 122.833015
[2022-10-20 01:10:31] PRINT Train Epoch: 2 [16640/60000 (28%)]	Loss: 117.254791
[2022-10-20 01:10:31] PRINT Train Epoch: 2 [17920/60000 (30%)]	Loss: 118.773712
[2022-10-20 01:10:32] PRINT Train Epoch: 2 [19200/60000 (32%)]	Loss: 121.678757
[2022-10-20 01:10:32] PRINT Train Epoch: 2 [20480/60000 (34%)]	Loss: 118.368652
[2022-10-20 01:10:32] PRINT Train Epoch: 2 [21760/60000 (36%)]	Loss: 112.772148
[2022-10-20 01:10:32] PRINT Train Epoch: 2 [23040/60000 (38%)]	Loss: 121.229897
[2022-10-20 01:10:32] PRINT Train Epoch: 2 [24320/60000 (41%)]	Loss: 116.465622
[2022-10-20 01:10:32] PRINT Train Epoch: 2 [25600/60000 (43%)]	Loss: 116.263397
[2022-10-20 01:10:32] PRINT Train Epoch: 2 [26880/60000 (45%)]	Loss: 114.344429
[2022-10-20 01:10:32] PRINT Train Epoch: 2 [28160/60000 (47%)]	Loss: 117.841003
[2022-10-20 01:10:32] PRINT Train Epoch: 2 [29440/60000 (49%)]	Loss: 118.953232
[2022-10-20 01:10:32] PRINT Train Epoch: 2 [30720/60000 (51%)]	Loss: 113.927612
[2022-10-20 01:10:32] PRINT Train Epoch: 2 [32000/60000 (53%)]	Loss: 118.584824
[2022-10-20 01:10:32] PRINT Train Epoch: 2 [33280/60000 (55%)]	Loss: 119.273514
[2022-10-20 01:10:33] PRINT Train Epoch: 2 [34560/60000 (58%)]	Loss: 122.527054
[2022-10-20 01:10:33] PRINT Train Epoch: 2 [35840/60000 (60%)]	Loss: 117.789062
[2022-10-20 01:10:33] PRINT Train Epoch: 2 [37120/60000 (62%)]	Loss: 115.151093
[2022-10-20 01:10:33] PRINT Train Epoch: 2 [38400/60000 (64%)]	Loss: 113.520348
[2022-10-20 01:10:33] PRINT Train Epoch: 2 [39680/60000 (66%)]	Loss: 110.053413
[2022-10-20 01:10:33] PRINT Train Epoch: 2 [40960/60000 (68%)]	Loss: 116.479462
[2022-10-20 01:10:33] PRINT Train Epoch: 2 [42240/60000 (70%)]	Loss: 115.337341
[2022-10-20 01:10:33] PRINT Train Epoch: 2 [43520/60000 (72%)]	Loss: 114.286804
[2022-10-20 01:10:33] PRINT Train Epoch: 2 [44800/60000 (75%)]	Loss: 117.530594
[2022-10-20 01:10:33] PRINT Train Epoch: 2 [46080/60000 (77%)]	Loss: 113.276962
[2022-10-20 01:10:33] PRINT Train Epoch: 2 [47360/60000 (79%)]	Loss: 113.487411
[2022-10-20 01:10:34] PRINT Train Epoch: 2 [48640/60000 (81%)]	Loss: 118.121246
[2022-10-20 01:10:34] PRINT Train Epoch: 2 [49920/60000 (83%)]	Loss: 115.423454
[2022-10-20 01:10:34] PRINT Train Epoch: 2 [51200/60000 (85%)]	Loss: 115.478958
[2022-10-20 01:10:34] PRINT Train Epoch: 2 [52480/60000 (87%)]	Loss: 114.604263
[2022-10-20 01:10:34] PRINT Train Epoch: 2 [53760/60000 (90%)]	Loss: 117.105072
[2022-10-20 01:10:34] PRINT Train Epoch: 2 [55040/60000 (92%)]	Loss: 112.279343
[2022-10-20 01:10:34] PRINT Train Epoch: 2 [56320/60000 (94%)]	Loss: 114.347954
[2022-10-20 01:10:34] PRINT Train Epoch: 2 [57600/60000 (96%)]	Loss: 111.788925
[2022-10-20 01:10:34] PRINT Train Epoch: 2 [58880/60000 (98%)]	Loss: 110.539604
[2022-10-20 01:10:34] PRINT ====> Epoch: 2 Average loss: 117.2254
[2022-10-20 01:10:35] PRINT ====> Test set loss: 112.5701
[2022-10-20 01:10:35] PRINT Train Epoch: 3 [0/60000 (0%)]	Loss: 111.862595
[2022-10-20 01:10:35] PRINT Train Epoch: 3 [1280/60000 (2%)]	Loss: 114.577896
[2022-10-20 01:10:35] PRINT Train Epoch: 3 [2560/60000 (4%)]	Loss: 119.452820
[2022-10-20 01:10:35] PRINT Train Epoch: 3 [3840/60000 (6%)]	Loss: 112.459366
[2022-10-20 01:10:35] PRINT Train Epoch: 3 [5120/60000 (9%)]	Loss: 112.911407
[2022-10-20 01:10:36] PRINT Train Epoch: 3 [6400/60000 (11%)]	Loss: 114.883209
[2022-10-20 01:10:36] PRINT Train Epoch: 3 [7680/60000 (13%)]	Loss: 115.676949
[2022-10-20 01:10:36] PRINT Train Epoch: 3 [8960/60000 (15%)]	Loss: 112.017944
[2022-10-20 01:10:36] PRINT Train Epoch: 3 [10240/60000 (17%)]	Loss: 117.319344
[2022-10-20 01:10:36] PRINT Train Epoch: 3 [11520/60000 (19%)]	Loss: 110.867325
[2022-10-20 01:10:36] PRINT Train Epoch: 3 [12800/60000 (21%)]	Loss: 112.396645
[2022-10-20 01:10:36] PRINT Train Epoch: 3 [14080/60000 (23%)]	Loss: 109.825287
[2022-10-20 01:10:36] PRINT Train Epoch: 3 [15360/60000 (26%)]	Loss: 115.088745
[2022-10-20 01:10:36] PRINT Train Epoch: 3 [16640/60000 (28%)]	Loss: 113.870987
[2022-10-20 01:10:36] PRINT Train Epoch: 3 [17920/60000 (30%)]	Loss: 104.072220
[2022-10-20 01:10:36] PRINT Train Epoch: 3 [19200/60000 (32%)]	Loss: 112.891800
[2022-10-20 01:10:36] PRINT Train Epoch: 3 [20480/60000 (34%)]	Loss: 110.703491
[2022-10-20 01:10:37] PRINT Train Epoch: 3 [21760/60000 (36%)]	Loss: 113.794037
[2022-10-20 01:10:37] PRINT Train Epoch: 3 [23040/60000 (38%)]	Loss: 112.493126
[2022-10-20 01:10:37] PRINT Train Epoch: 3 [24320/60000 (41%)]	Loss: 114.774094
[2022-10-20 01:10:37] PRINT Train Epoch: 3 [25600/60000 (43%)]	Loss: 112.931114
[2022-10-20 01:10:37] PRINT Train Epoch: 3 [26880/60000 (45%)]	Loss: 111.540482
[2022-10-20 01:10:37] PRINT Train Epoch: 3 [28160/60000 (47%)]	Loss: 106.709465
[2022-10-20 01:10:37] PRINT Train Epoch: 3 [29440/60000 (49%)]	Loss: 112.704018
[2022-10-20 01:10:37] PRINT Train Epoch: 3 [30720/60000 (51%)]	Loss: 112.551239
[2022-10-20 01:10:37] PRINT Train Epoch: 3 [32000/60000 (53%)]	Loss: 109.433189
[2022-10-20 01:10:37] PRINT Train Epoch: 3 [33280/60000 (55%)]	Loss: 113.264496
[2022-10-20 01:10:37] PRINT Train Epoch: 3 [34560/60000 (58%)]	Loss: 116.186821
[2022-10-20 01:10:38] PRINT Train Epoch: 3 [35840/60000 (60%)]	Loss: 106.526016
[2022-10-20 01:10:38] PRINT Train Epoch: 3 [37120/60000 (62%)]	Loss: 109.716675
[2022-10-20 01:10:38] PRINT Train Epoch: 3 [38400/60000 (64%)]	Loss: 111.896996
[2022-10-20 01:10:38] PRINT Train Epoch: 3 [39680/60000 (66%)]	Loss: 110.654472
[2022-10-20 01:10:38] PRINT Train Epoch: 3 [40960/60000 (68%)]	Loss: 110.355438
[2022-10-20 01:10:38] PRINT Train Epoch: 3 [42240/60000 (70%)]	Loss: 112.367706
[2022-10-20 01:10:38] PRINT Train Epoch: 3 [43520/60000 (72%)]	Loss: 108.816734
[2022-10-20 01:10:38] PRINT Train Epoch: 3 [44800/60000 (75%)]	Loss: 107.579086
[2022-10-20 01:10:38] PRINT Train Epoch: 3 [46080/60000 (77%)]	Loss: 114.764236
[2022-10-20 01:10:38] PRINT Train Epoch: 3 [47360/60000 (79%)]	Loss: 111.585930
[2022-10-20 01:10:38] PRINT Train Epoch: 3 [48640/60000 (81%)]	Loss: 111.615837
[2022-10-20 01:10:39] PRINT Train Epoch: 3 [49920/60000 (83%)]	Loss: 106.387756
[2022-10-20 01:10:39] PRINT Train Epoch: 3 [51200/60000 (85%)]	Loss: 112.724937
[2022-10-20 01:10:39] PRINT Train Epoch: 3 [52480/60000 (87%)]	Loss: 112.580696
[2022-10-20 01:10:39] PRINT Train Epoch: 3 [53760/60000 (90%)]	Loss: 110.171692
[2022-10-20 01:10:39] PRINT Train Epoch: 3 [55040/60000 (92%)]	Loss: 114.031807
[2022-10-20 01:10:39] PRINT Train Epoch: 3 [56320/60000 (94%)]	Loss: 111.455917
[2022-10-20 01:10:39] PRINT Train Epoch: 3 [57600/60000 (96%)]	Loss: 108.951965
[2022-10-20 01:10:39] PRINT Train Epoch: 3 [58880/60000 (98%)]	Loss: 108.259735
[2022-10-20 01:10:39] PRINT ====> Epoch: 3 Average loss: 111.7585
[2022-10-20 01:10:40] PRINT ====> Test set loss: 109.5094
[2022-10-20 01:10:40] PRINT Train Epoch: 4 [0/60000 (0%)]	Loss: 107.768204
[2022-10-20 01:10:40] PRINT Train Epoch: 4 [1280/60000 (2%)]	Loss: 110.511856
[2022-10-20 01:10:40] PRINT Train Epoch: 4 [2560/60000 (4%)]	Loss: 111.499512
[2022-10-20 01:10:40] PRINT Train Epoch: 4 [3840/60000 (6%)]	Loss: 112.129639
[2022-10-20 01:10:40] PRINT Train Epoch: 4 [5120/60000 (9%)]	Loss: 111.615974
[2022-10-20 01:10:40] PRINT Train Epoch: 4 [6400/60000 (11%)]	Loss: 108.428787
[2022-10-20 01:10:41] PRINT Train Epoch: 4 [7680/60000 (13%)]	Loss: 113.133095
[2022-10-20 01:10:41] PRINT Train Epoch: 4 [8960/60000 (15%)]	Loss: 107.293304
[2022-10-20 01:10:41] PRINT Train Epoch: 4 [10240/60000 (17%)]	Loss: 110.732941
[2022-10-20 01:10:41] PRINT Train Epoch: 4 [11520/60000 (19%)]	Loss: 106.919479
[2022-10-20 01:10:41] PRINT Train Epoch: 4 [12800/60000 (21%)]	Loss: 114.185242
[2022-10-20 01:10:41] PRINT Train Epoch: 4 [14080/60000 (23%)]	Loss: 106.556595
[2022-10-20 01:10:41] PRINT Train Epoch: 4 [15360/60000 (26%)]	Loss: 112.568558
[2022-10-20 01:10:41] PRINT Train Epoch: 4 [16640/60000 (28%)]	Loss: 107.660980
[2022-10-20 01:10:41] PRINT Train Epoch: 4 [17920/60000 (30%)]	Loss: 106.396767
[2022-10-20 01:10:41] PRINT Train Epoch: 4 [19200/60000 (32%)]	Loss: 109.210556
[2022-10-20 01:10:41] PRINT Train Epoch: 4 [20480/60000 (34%)]	Loss: 107.666382
[2022-10-20 01:10:41] PRINT Train Epoch: 4 [21760/60000 (36%)]	Loss: 110.707062
[2022-10-20 01:10:42] PRINT Train Epoch: 4 [23040/60000 (38%)]	Loss: 106.124931
[2022-10-20 01:10:42] PRINT Train Epoch: 4 [24320/60000 (41%)]	Loss: 112.836845
[2022-10-20 01:10:42] PRINT Train Epoch: 4 [25600/60000 (43%)]	Loss: 111.575790
[2022-10-20 01:10:42] PRINT Train Epoch: 4 [26880/60000 (45%)]	Loss: 106.835464
[2022-10-20 01:10:42] PRINT Train Epoch: 4 [28160/60000 (47%)]	Loss: 108.233093
[2022-10-20 01:10:42] PRINT Train Epoch: 4 [29440/60000 (49%)]	Loss: 109.229797
[2022-10-20 01:10:42] PRINT Train Epoch: 4 [30720/60000 (51%)]	Loss: 108.199310
[2022-10-20 01:10:42] PRINT Train Epoch: 4 [32000/60000 (53%)]	Loss: 110.734970
[2022-10-20 01:10:42] PRINT Train Epoch: 4 [33280/60000 (55%)]	Loss: 110.091721
[2022-10-20 01:10:42] PRINT Train Epoch: 4 [34560/60000 (58%)]	Loss: 106.640327
[2022-10-20 01:10:42] PRINT Train Epoch: 4 [35840/60000 (60%)]	Loss: 107.822296
[2022-10-20 01:10:43] PRINT Train Epoch: 4 [37120/60000 (62%)]	Loss: 108.672485
[2022-10-20 01:10:43] PRINT Train Epoch: 4 [38400/60000 (64%)]	Loss: 110.598457
[2022-10-20 01:10:43] PRINT Train Epoch: 4 [39680/60000 (66%)]	Loss: 109.806091
[2022-10-20 01:10:43] PRINT Train Epoch: 4 [40960/60000 (68%)]	Loss: 110.834595
[2022-10-20 01:10:43] PRINT Train Epoch: 4 [42240/60000 (70%)]	Loss: 106.651566
[2022-10-20 01:10:43] PRINT Train Epoch: 4 [43520/60000 (72%)]	Loss: 107.806946
[2022-10-20 01:10:43] PRINT Train Epoch: 4 [44800/60000 (75%)]	Loss: 108.826042
[2022-10-20 01:10:43] PRINT Train Epoch: 4 [46080/60000 (77%)]	Loss: 112.688675
[2022-10-20 01:10:43] PRINT Train Epoch: 4 [47360/60000 (79%)]	Loss: 107.792999
[2022-10-20 01:10:43] PRINT Train Epoch: 4 [48640/60000 (81%)]	Loss: 108.362213
[2022-10-20 01:10:43] PRINT Train Epoch: 4 [49920/60000 (83%)]	Loss: 111.433632
[2022-10-20 01:10:44] PRINT Train Epoch: 4 [51200/60000 (85%)]	Loss: 110.007339
[2022-10-20 01:10:44] PRINT Train Epoch: 4 [52480/60000 (87%)]	Loss: 113.244202
[2022-10-20 01:10:44] PRINT Train Epoch: 4 [53760/60000 (90%)]	Loss: 110.907478
[2022-10-20 01:10:44] PRINT Train Epoch: 4 [55040/60000 (92%)]	Loss: 112.018127
[2022-10-20 01:10:44] PRINT Train Epoch: 4 [56320/60000 (94%)]	Loss: 106.177551
[2022-10-20 01:10:44] PRINT Train Epoch: 4 [57600/60000 (96%)]	Loss: 106.411247
[2022-10-20 01:10:44] PRINT Train Epoch: 4 [58880/60000 (98%)]	Loss: 107.648994
[2022-10-20 01:10:44] PRINT ====> Epoch: 4 Average loss: 109.4754
[2022-10-20 01:10:45] PRINT ====> Test set loss: 108.1340
[2022-10-20 01:10:45] PRINT Train Epoch: 5 [0/60000 (0%)]	Loss: 106.627579
[2022-10-20 01:10:45] PRINT Train Epoch: 5 [1280/60000 (2%)]	Loss: 107.862221
[2022-10-20 01:10:45] PRINT Train Epoch: 5 [2560/60000 (4%)]	Loss: 111.867149
[2022-10-20 01:10:45] PRINT Train Epoch: 5 [3840/60000 (6%)]	Loss: 106.537857
[2022-10-20 01:10:45] PRINT Train Epoch: 5 [5120/60000 (9%)]	Loss: 111.343941
[2022-10-20 01:10:45] PRINT Train Epoch: 5 [6400/60000 (11%)]	Loss: 109.079033
[2022-10-20 01:10:45] PRINT Train Epoch: 5 [7680/60000 (13%)]	Loss: 108.904190
[2022-10-20 01:10:46] PRINT Train Epoch: 5 [8960/60000 (15%)]	Loss: 110.916321
[2022-10-20 01:10:46] PRINT Train Epoch: 5 [10240/60000 (17%)]	Loss: 107.781555
[2022-10-20 01:10:46] PRINT Train Epoch: 5 [11520/60000 (19%)]	Loss: 106.741745
[2022-10-20 01:10:46] PRINT Train Epoch: 5 [12800/60000 (21%)]	Loss: 102.621048
[2022-10-20 01:10:46] PRINT Train Epoch: 5 [14080/60000 (23%)]	Loss: 111.946106
[2022-10-20 01:10:46] PRINT Train Epoch: 5 [15360/60000 (26%)]	Loss: 106.718124
[2022-10-20 01:10:46] PRINT Train Epoch: 5 [16640/60000 (28%)]	Loss: 106.343147
[2022-10-20 01:10:46] PRINT Train Epoch: 5 [17920/60000 (30%)]	Loss: 106.358673
[2022-10-20 01:10:46] PRINT Train Epoch: 5 [19200/60000 (32%)]	Loss: 110.133163
[2022-10-20 01:10:46] PRINT Train Epoch: 5 [20480/60000 (34%)]	Loss: 106.952515
[2022-10-20 01:10:46] PRINT Train Epoch: 5 [21760/60000 (36%)]	Loss: 110.189583
[2022-10-20 01:10:47] PRINT Train Epoch: 5 [23040/60000 (38%)]	Loss: 109.130768
[2022-10-20 01:10:47] PRINT Train Epoch: 5 [24320/60000 (41%)]	Loss: 109.687973
[2022-10-20 01:10:47] PRINT Train Epoch: 5 [25600/60000 (43%)]	Loss: 106.669952
[2022-10-20 01:10:47] PRINT Train Epoch: 5 [26880/60000 (45%)]	Loss: 108.071320
[2022-10-20 01:10:47] PRINT Train Epoch: 5 [28160/60000 (47%)]	Loss: 108.186737
[2022-10-20 01:10:47] PRINT Train Epoch: 5 [29440/60000 (49%)]	Loss: 108.262093
[2022-10-20 01:10:47] PRINT Train Epoch: 5 [30720/60000 (51%)]	Loss: 105.854980
[2022-10-20 01:10:47] PRINT Train Epoch: 5 [32000/60000 (53%)]	Loss: 110.072769
[2022-10-20 01:10:47] PRINT Train Epoch: 5 [33280/60000 (55%)]	Loss: 111.251732
[2022-10-20 01:10:47] PRINT Train Epoch: 5 [34560/60000 (58%)]	Loss: 106.699493
[2022-10-20 01:10:47] PRINT Train Epoch: 5 [35840/60000 (60%)]	Loss: 109.354393
[2022-10-20 01:10:48] PRINT Train Epoch: 5 [37120/60000 (62%)]	Loss: 105.336426
[2022-10-20 01:10:48] PRINT Train Epoch: 5 [38400/60000 (64%)]	Loss: 106.661407
[2022-10-20 01:10:48] PRINT Train Epoch: 5 [39680/60000 (66%)]	Loss: 104.184097
[2022-10-20 01:10:48] PRINT Train Epoch: 5 [40960/60000 (68%)]	Loss: 111.354752
[2022-10-20 01:10:48] PRINT Train Epoch: 5 [42240/60000 (70%)]	Loss: 110.254456
[2022-10-20 01:10:48] PRINT Train Epoch: 5 [43520/60000 (72%)]	Loss: 104.965775
[2022-10-20 01:10:48] PRINT Train Epoch: 5 [44800/60000 (75%)]	Loss: 107.507607
[2022-10-20 01:10:48] PRINT Train Epoch: 5 [46080/60000 (77%)]	Loss: 106.541649
[2022-10-20 01:10:48] PRINT Train Epoch: 5 [47360/60000 (79%)]	Loss: 108.697052
[2022-10-20 01:10:48] PRINT Train Epoch: 5 [48640/60000 (81%)]	Loss: 104.978516
[2022-10-20 01:10:48] PRINT Train Epoch: 5 [49920/60000 (83%)]	Loss: 108.999802
[2022-10-20 01:10:49] PRINT Train Epoch: 5 [51200/60000 (85%)]	Loss: 109.319992
[2022-10-20 01:10:49] PRINT Train Epoch: 5 [52480/60000 (87%)]	Loss: 105.097870
[2022-10-20 01:10:49] PRINT Train Epoch: 5 [53760/60000 (90%)]	Loss: 107.413315
[2022-10-20 01:10:49] PRINT Train Epoch: 5 [55040/60000 (92%)]	Loss: 109.499390
[2022-10-20 01:10:49] PRINT Train Epoch: 5 [56320/60000 (94%)]	Loss: 108.306358
[2022-10-20 01:10:49] PRINT Train Epoch: 5 [57600/60000 (96%)]	Loss: 106.755600
[2022-10-20 01:10:49] PRINT Train Epoch: 5 [58880/60000 (98%)]	Loss: 110.590523
[2022-10-20 01:10:49] PRINT ====> Epoch: 5 Average loss: 108.0637
[2022-10-20 01:10:50] PRINT ====> Test set loss: 106.8623
[2022-10-20 01:10:50] PRINT Train Epoch: 6 [0/60000 (0%)]	Loss: 106.773392
[2022-10-20 01:10:50] PRINT Train Epoch: 6 [1280/60000 (2%)]	Loss: 104.990723
[2022-10-20 01:10:50] PRINT Train Epoch: 6 [2560/60000 (4%)]	Loss: 110.975777
[2022-10-20 01:10:50] PRINT Train Epoch: 6 [3840/60000 (6%)]	Loss: 107.386871
[2022-10-20 01:10:50] PRINT Train Epoch: 6 [5120/60000 (9%)]	Loss: 107.309296
[2022-10-20 01:10:50] PRINT Train Epoch: 6 [6400/60000 (11%)]	Loss: 108.364502
[2022-10-20 01:10:50] PRINT Train Epoch: 6 [7680/60000 (13%)]	Loss: 108.998734
[2022-10-20 01:10:51] PRINT Train Epoch: 6 [8960/60000 (15%)]	Loss: 107.970543
[2022-10-20 01:10:51] PRINT Train Epoch: 6 [10240/60000 (17%)]	Loss: 106.876907
[2022-10-20 01:10:51] PRINT Train Epoch: 6 [11520/60000 (19%)]	Loss: 106.853287
[2022-10-20 01:10:51] PRINT Train Epoch: 6 [12800/60000 (21%)]	Loss: 106.203133
[2022-10-20 01:10:51] PRINT Train Epoch: 6 [14080/60000 (23%)]	Loss: 105.633926
[2022-10-20 01:10:51] PRINT Train Epoch: 6 [15360/60000 (26%)]	Loss: 108.430038
[2022-10-20 01:10:51] PRINT Train Epoch: 6 [16640/60000 (28%)]	Loss: 104.115150
[2022-10-20 01:10:51] PRINT Train Epoch: 6 [17920/60000 (30%)]	Loss: 111.558640
[2022-10-20 01:10:51] PRINT Train Epoch: 6 [19200/60000 (32%)]	Loss: 109.081810
[2022-10-20 01:10:51] PRINT Train Epoch: 6 [20480/60000 (34%)]	Loss: 106.257248
[2022-10-20 01:10:51] PRINT Train Epoch: 6 [21760/60000 (36%)]	Loss: 108.790634
[2022-10-20 01:10:51] PRINT Train Epoch: 6 [23040/60000 (38%)]	Loss: 103.932953
[2022-10-20 01:10:52] PRINT Train Epoch: 6 [24320/60000 (41%)]	Loss: 105.836014
[2022-10-20 01:10:52] PRINT Train Epoch: 6 [25600/60000 (43%)]	Loss: 106.477310
[2022-10-20 01:10:52] PRINT Train Epoch: 6 [26880/60000 (45%)]	Loss: 105.730911
[2022-10-20 01:10:52] PRINT Train Epoch: 6 [28160/60000 (47%)]	Loss: 108.017593
[2022-10-20 01:10:52] PRINT Train Epoch: 6 [29440/60000 (49%)]	Loss: 110.040619
[2022-10-20 01:10:52] PRINT Train Epoch: 6 [30720/60000 (51%)]	Loss: 106.209946
[2022-10-20 01:10:52] PRINT Train Epoch: 6 [32000/60000 (53%)]	Loss: 106.932693
[2022-10-20 01:10:52] PRINT Train Epoch: 6 [33280/60000 (55%)]	Loss: 106.758759
[2022-10-20 01:10:52] PRINT Train Epoch: 6 [34560/60000 (58%)]	Loss: 104.939148
[2022-10-20 01:10:52] PRINT Train Epoch: 6 [35840/60000 (60%)]	Loss: 103.476791
[2022-10-20 01:10:52] PRINT Train Epoch: 6 [37120/60000 (62%)]	Loss: 107.020737
[2022-10-20 01:10:53] PRINT Train Epoch: 6 [38400/60000 (64%)]	Loss: 109.019775
[2022-10-20 01:10:53] PRINT Train Epoch: 6 [39680/60000 (66%)]	Loss: 105.984070
[2022-10-20 01:10:53] PRINT Train Epoch: 6 [40960/60000 (68%)]	Loss: 109.245735
[2022-10-20 01:10:53] PRINT Train Epoch: 6 [42240/60000 (70%)]	Loss: 105.113617
[2022-10-20 01:10:53] PRINT Train Epoch: 6 [43520/60000 (72%)]	Loss: 105.562889
[2022-10-20 01:10:53] PRINT Train Epoch: 6 [44800/60000 (75%)]	Loss: 108.763779
[2022-10-20 01:10:53] PRINT Train Epoch: 6 [46080/60000 (77%)]	Loss: 105.916443
[2022-10-20 01:10:53] PRINT Train Epoch: 6 [47360/60000 (79%)]	Loss: 112.889275
[2022-10-20 01:10:53] PRINT Train Epoch: 6 [48640/60000 (81%)]	Loss: 106.808861
[2022-10-20 01:10:53] PRINT Train Epoch: 6 [49920/60000 (83%)]	Loss: 106.120232
[2022-10-20 01:10:53] PRINT Train Epoch: 6 [51200/60000 (85%)]	Loss: 106.630791
[2022-10-20 01:10:54] PRINT Train Epoch: 6 [52480/60000 (87%)]	Loss: 107.683914
[2022-10-20 01:10:54] PRINT Train Epoch: 6 [53760/60000 (90%)]	Loss: 107.051041
[2022-10-20 01:10:54] PRINT Train Epoch: 6 [55040/60000 (92%)]	Loss: 105.132416
[2022-10-20 01:10:54] PRINT Train Epoch: 6 [56320/60000 (94%)]	Loss: 106.091354
[2022-10-20 01:10:54] PRINT Train Epoch: 6 [57600/60000 (96%)]	Loss: 106.535843
[2022-10-20 01:10:54] PRINT Train Epoch: 6 [58880/60000 (98%)]	Loss: 106.577927
[2022-10-20 01:10:54] PRINT ====> Epoch: 6 Average loss: 107.1556
[2022-10-20 01:10:55] PRINT ====> Test set loss: 106.2457
[2022-10-20 01:10:55] PRINT Train Epoch: 7 [0/60000 (0%)]	Loss: 106.446976
[2022-10-20 01:10:55] PRINT Train Epoch: 7 [1280/60000 (2%)]	Loss: 109.681931
[2022-10-20 01:10:55] PRINT Train Epoch: 7 [2560/60000 (4%)]	Loss: 106.698074
[2022-10-20 01:10:55] PRINT Train Epoch: 7 [3840/60000 (6%)]	Loss: 107.945518
[2022-10-20 01:10:55] PRINT Train Epoch: 7 [5120/60000 (9%)]	Loss: 104.085342
[2022-10-20 01:10:55] PRINT Train Epoch: 7 [6400/60000 (11%)]	Loss: 111.254196
[2022-10-20 01:10:55] PRINT Train Epoch: 7 [7680/60000 (13%)]	Loss: 104.177460
[2022-10-20 01:10:55] PRINT Train Epoch: 7 [8960/60000 (15%)]	Loss: 107.564789
[2022-10-20 01:10:56] PRINT Train Epoch: 7 [10240/60000 (17%)]	Loss: 110.177666
[2022-10-20 01:10:56] PRINT Train Epoch: 7 [11520/60000 (19%)]	Loss: 104.246384
[2022-10-20 01:10:56] PRINT Train Epoch: 7 [12800/60000 (21%)]	Loss: 104.694702
[2022-10-20 01:10:56] PRINT Train Epoch: 7 [14080/60000 (23%)]	Loss: 104.809807
[2022-10-20 01:10:56] PRINT Train Epoch: 7 [15360/60000 (26%)]	Loss: 106.962090
[2022-10-20 01:10:56] PRINT Train Epoch: 7 [16640/60000 (28%)]	Loss: 105.237930
[2022-10-20 01:10:56] PRINT Train Epoch: 7 [17920/60000 (30%)]	Loss: 104.893417
[2022-10-20 01:10:56] PRINT Train Epoch: 7 [19200/60000 (32%)]	Loss: 105.383476
[2022-10-20 01:10:56] PRINT Train Epoch: 7 [20480/60000 (34%)]	Loss: 107.361282
[2022-10-20 01:10:56] PRINT Train Epoch: 7 [21760/60000 (36%)]	Loss: 107.682983
[2022-10-20 01:10:56] PRINT Train Epoch: 7 [23040/60000 (38%)]	Loss: 106.182411
[2022-10-20 01:10:56] PRINT Train Epoch: 7 [24320/60000 (41%)]	Loss: 104.850159
[2022-10-20 01:10:57] PRINT Train Epoch: 7 [25600/60000 (43%)]	Loss: 109.619606
[2022-10-20 01:10:57] PRINT Train Epoch: 7 [26880/60000 (45%)]	Loss: 108.518837
[2022-10-20 01:10:57] PRINT Train Epoch: 7 [28160/60000 (47%)]	Loss: 106.602493
[2022-10-20 01:10:57] PRINT Train Epoch: 7 [29440/60000 (49%)]	Loss: 103.194702
[2022-10-20 01:10:57] PRINT Train Epoch: 7 [30720/60000 (51%)]	Loss: 106.105972
[2022-10-20 01:10:57] PRINT Train Epoch: 7 [32000/60000 (53%)]	Loss: 103.676285
[2022-10-20 01:10:57] PRINT Train Epoch: 7 [33280/60000 (55%)]	Loss: 104.208931
[2022-10-20 01:10:57] PRINT Train Epoch: 7 [34560/60000 (58%)]	Loss: 109.618721
[2022-10-20 01:10:57] PRINT Train Epoch: 7 [35840/60000 (60%)]	Loss: 107.448486
[2022-10-20 01:10:57] PRINT Train Epoch: 7 [37120/60000 (62%)]	Loss: 108.733398
[2022-10-20 01:10:57] PRINT Train Epoch: 7 [38400/60000 (64%)]	Loss: 106.868370
[2022-10-20 01:10:57] PRINT Train Epoch: 7 [39680/60000 (66%)]	Loss: 105.215645
[2022-10-20 01:10:58] PRINT Train Epoch: 7 [40960/60000 (68%)]	Loss: 107.598618
[2022-10-20 01:10:58] PRINT Train Epoch: 7 [42240/60000 (70%)]	Loss: 107.257507
[2022-10-20 01:10:58] PRINT Train Epoch: 7 [43520/60000 (72%)]	Loss: 105.228973
[2022-10-20 01:10:58] PRINT Train Epoch: 7 [44800/60000 (75%)]	Loss: 104.076340
[2022-10-20 01:10:58] PRINT Train Epoch: 7 [46080/60000 (77%)]	Loss: 106.822876
[2022-10-20 01:10:58] PRINT Train Epoch: 7 [47360/60000 (79%)]	Loss: 106.273514
[2022-10-20 01:10:58] PRINT Train Epoch: 7 [48640/60000 (81%)]	Loss: 104.363678
[2022-10-20 01:10:58] PRINT Train Epoch: 7 [49920/60000 (83%)]	Loss: 106.647575
[2022-10-20 01:10:58] PRINT Train Epoch: 7 [51200/60000 (85%)]	Loss: 107.236633
[2022-10-20 01:10:58] PRINT Train Epoch: 7 [52480/60000 (87%)]	Loss: 107.112259
[2022-10-20 01:10:58] PRINT Train Epoch: 7 [53760/60000 (90%)]	Loss: 100.761894
[2022-10-20 01:10:58] PRINT Train Epoch: 7 [55040/60000 (92%)]	Loss: 105.497627
[2022-10-20 01:10:58] PRINT Train Epoch: 7 [56320/60000 (94%)]	Loss: 108.066544
[2022-10-20 01:10:59] PRINT Train Epoch: 7 [57600/60000 (96%)]	Loss: 110.231491
[2022-10-20 01:10:59] PRINT Train Epoch: 7 [58880/60000 (98%)]	Loss: 100.321777
[2022-10-20 01:10:59] PRINT ====> Epoch: 7 Average loss: 106.4400
[2022-10-20 01:10:59] PRINT ====> Test set loss: 105.8393
[2022-10-20 01:10:59] PRINT Train Epoch: 8 [0/60000 (0%)]	Loss: 107.512840
[2022-10-20 01:11:00] PRINT Train Epoch: 8 [1280/60000 (2%)]	Loss: 104.306595
[2022-10-20 01:11:00] PRINT Train Epoch: 8 [2560/60000 (4%)]	Loss: 104.335312
[2022-10-20 01:11:00] PRINT Train Epoch: 8 [3840/60000 (6%)]	Loss: 103.597473
[2022-10-20 01:11:00] PRINT Train Epoch: 8 [5120/60000 (9%)]	Loss: 106.603630
[2022-10-20 01:11:00] PRINT Train Epoch: 8 [6400/60000 (11%)]	Loss: 110.831467
[2022-10-20 01:11:00] PRINT Train Epoch: 8 [7680/60000 (13%)]	Loss: 107.079880
[2022-10-20 01:11:00] PRINT Train Epoch: 8 [8960/60000 (15%)]	Loss: 111.935272
[2022-10-20 01:11:00] PRINT Train Epoch: 8 [10240/60000 (17%)]	Loss: 104.045120
[2022-10-20 01:11:00] PRINT Train Epoch: 8 [11520/60000 (19%)]	Loss: 104.663284
[2022-10-20 01:11:00] PRINT Train Epoch: 8 [12800/60000 (21%)]	Loss: 104.917038
[2022-10-20 01:11:00] PRINT Train Epoch: 8 [14080/60000 (23%)]	Loss: 107.090919
[2022-10-20 01:11:01] PRINT Train Epoch: 8 [15360/60000 (26%)]	Loss: 105.200668
[2022-10-20 01:11:01] PRINT Train Epoch: 8 [16640/60000 (28%)]	Loss: 104.471107
[2022-10-20 01:11:01] PRINT Train Epoch: 8 [17920/60000 (30%)]	Loss: 104.476120
[2022-10-20 01:11:01] PRINT Train Epoch: 8 [19200/60000 (32%)]	Loss: 107.894325
[2022-10-20 01:11:01] PRINT Train Epoch: 8 [20480/60000 (34%)]	Loss: 102.966812
[2022-10-20 01:11:01] PRINT Train Epoch: 8 [21760/60000 (36%)]	Loss: 106.465103
[2022-10-20 01:11:01] PRINT Train Epoch: 8 [23040/60000 (38%)]	Loss: 104.980698
[2022-10-20 01:11:01] PRINT Train Epoch: 8 [24320/60000 (41%)]	Loss: 108.250526
[2022-10-20 01:11:01] PRINT Train Epoch: 8 [25600/60000 (43%)]	Loss: 108.593765
[2022-10-20 01:11:01] PRINT Train Epoch: 8 [26880/60000 (45%)]	Loss: 107.469238
[2022-10-20 01:11:01] PRINT Train Epoch: 8 [28160/60000 (47%)]	Loss: 102.017838
[2022-10-20 01:11:02] PRINT Train Epoch: 8 [29440/60000 (49%)]	Loss: 110.457748
[2022-10-20 01:11:02] PRINT Train Epoch: 8 [30720/60000 (51%)]	Loss: 105.171944
[2022-10-20 01:11:02] PRINT Train Epoch: 8 [32000/60000 (53%)]	Loss: 102.719925
[2022-10-20 01:11:02] PRINT Train Epoch: 8 [33280/60000 (55%)]	Loss: 103.244797
[2022-10-20 01:11:02] PRINT Train Epoch: 8 [34560/60000 (58%)]	Loss: 106.696381
[2022-10-20 01:11:02] PRINT Train Epoch: 8 [35840/60000 (60%)]	Loss: 106.067284
[2022-10-20 01:11:02] PRINT Train Epoch: 8 [37120/60000 (62%)]	Loss: 107.002533
[2022-10-20 01:11:02] PRINT Train Epoch: 8 [38400/60000 (64%)]	Loss: 107.396729
[2022-10-20 01:11:02] PRINT Train Epoch: 8 [39680/60000 (66%)]	Loss: 104.370422
[2022-10-20 01:11:02] PRINT Train Epoch: 8 [40960/60000 (68%)]	Loss: 107.090050
[2022-10-20 01:11:02] PRINT Train Epoch: 8 [42240/60000 (70%)]	Loss: 104.947868
[2022-10-20 01:11:02] PRINT Train Epoch: 8 [43520/60000 (72%)]	Loss: 104.712090
[2022-10-20 01:11:03] PRINT Train Epoch: 8 [44800/60000 (75%)]	Loss: 110.655235
[2022-10-20 01:11:03] PRINT Train Epoch: 8 [46080/60000 (77%)]	Loss: 106.421768
[2022-10-20 01:11:03] PRINT Train Epoch: 8 [47360/60000 (79%)]	Loss: 106.102188
[2022-10-20 01:11:03] PRINT Train Epoch: 8 [48640/60000 (81%)]	Loss: 102.870071
[2022-10-20 01:11:03] PRINT Train Epoch: 8 [49920/60000 (83%)]	Loss: 104.004311
[2022-10-20 01:11:03] PRINT Train Epoch: 8 [51200/60000 (85%)]	Loss: 104.079361
[2022-10-20 01:11:03] PRINT Train Epoch: 8 [52480/60000 (87%)]	Loss: 103.284225
[2022-10-20 01:11:03] PRINT Train Epoch: 8 [53760/60000 (90%)]	Loss: 108.724182
[2022-10-20 01:11:03] PRINT Train Epoch: 8 [55040/60000 (92%)]	Loss: 105.772202
[2022-10-20 01:11:03] PRINT Train Epoch: 8 [56320/60000 (94%)]	Loss: 106.938034
[2022-10-20 01:11:03] PRINT Train Epoch: 8 [57600/60000 (96%)]	Loss: 105.549644
[2022-10-20 01:11:04] PRINT Train Epoch: 8 [58880/60000 (98%)]	Loss: 104.977928
[2022-10-20 01:11:04] PRINT ====> Epoch: 8 Average loss: 105.9049
[2022-10-20 01:11:04] PRINT ====> Test set loss: 105.1062
[2022-10-20 01:11:04] PRINT Train Epoch: 9 [0/60000 (0%)]	Loss: 102.765335
[2022-10-20 01:11:04] PRINT Train Epoch: 9 [1280/60000 (2%)]	Loss: 105.966560
[2022-10-20 01:11:05] PRINT Train Epoch: 9 [2560/60000 (4%)]	Loss: 103.731018
[2022-10-20 01:11:05] PRINT Train Epoch: 9 [3840/60000 (6%)]	Loss: 107.431839
[2022-10-20 01:11:05] PRINT Train Epoch: 9 [5120/60000 (9%)]	Loss: 101.984276
[2022-10-20 01:11:05] PRINT Train Epoch: 9 [6400/60000 (11%)]	Loss: 103.979706
[2022-10-20 01:11:05] PRINT Train Epoch: 9 [7680/60000 (13%)]	Loss: 109.688065
[2022-10-20 01:11:05] PRINT Train Epoch: 9 [8960/60000 (15%)]	Loss: 106.328705
[2022-10-20 01:11:05] PRINT Train Epoch: 9 [10240/60000 (17%)]	Loss: 106.235001
[2022-10-20 01:11:05] PRINT Train Epoch: 9 [11520/60000 (19%)]	Loss: 106.448036
[2022-10-20 01:11:05] PRINT Train Epoch: 9 [12800/60000 (21%)]	Loss: 102.616608
[2022-10-20 01:11:05] PRINT Train Epoch: 9 [14080/60000 (23%)]	Loss: 104.355911
[2022-10-20 01:11:05] PRINT Train Epoch: 9 [15360/60000 (26%)]	Loss: 103.398544
[2022-10-20 01:11:05] PRINT Train Epoch: 9 [16640/60000 (28%)]	Loss: 106.617401
[2022-10-20 01:11:06] PRINT Train Epoch: 9 [17920/60000 (30%)]	Loss: 104.546371
[2022-10-20 01:11:06] PRINT Train Epoch: 9 [19200/60000 (32%)]	Loss: 107.723465
[2022-10-20 01:11:06] PRINT Train Epoch: 9 [20480/60000 (34%)]	Loss: 104.903580
[2022-10-20 01:11:06] PRINT Train Epoch: 9 [21760/60000 (36%)]	Loss: 109.992493
[2022-10-20 01:11:06] PRINT Train Epoch: 9 [23040/60000 (38%)]	Loss: 107.070023
[2022-10-20 01:11:06] PRINT Train Epoch: 9 [24320/60000 (41%)]	Loss: 108.726547
[2022-10-20 01:11:06] PRINT Train Epoch: 9 [25600/60000 (43%)]	Loss: 104.776634
[2022-10-20 01:11:06] PRINT Train Epoch: 9 [26880/60000 (45%)]	Loss: 103.472130
[2022-10-20 01:11:06] PRINT Train Epoch: 9 [28160/60000 (47%)]	Loss: 105.816681
[2022-10-20 01:11:06] PRINT Train Epoch: 9 [29440/60000 (49%)]	Loss: 104.113876
[2022-10-20 01:11:06] PRINT Train Epoch: 9 [30720/60000 (51%)]	Loss: 106.929070
[2022-10-20 01:11:07] PRINT Train Epoch: 9 [32000/60000 (53%)]	Loss: 105.047874
[2022-10-20 01:11:07] PRINT Train Epoch: 9 [33280/60000 (55%)]	Loss: 103.804604
[2022-10-20 01:11:07] PRINT Train Epoch: 9 [34560/60000 (58%)]	Loss: 106.279327
[2022-10-20 01:11:07] PRINT Train Epoch: 9 [35840/60000 (60%)]	Loss: 104.777756
[2022-10-20 01:11:07] PRINT Train Epoch: 9 [37120/60000 (62%)]	Loss: 106.207047
[2022-10-20 01:11:07] PRINT Train Epoch: 9 [38400/60000 (64%)]	Loss: 105.101532
[2022-10-20 01:11:07] PRINT Train Epoch: 9 [39680/60000 (66%)]	Loss: 108.713402
[2022-10-20 01:11:07] PRINT Train Epoch: 9 [40960/60000 (68%)]	Loss: 108.744537
[2022-10-20 01:11:07] PRINT Train Epoch: 9 [42240/60000 (70%)]	Loss: 107.153549
[2022-10-20 01:11:07] PRINT Train Epoch: 9 [43520/60000 (72%)]	Loss: 105.813019
[2022-10-20 01:11:07] PRINT Train Epoch: 9 [44800/60000 (75%)]	Loss: 105.395264
[2022-10-20 01:11:08] PRINT Train Epoch: 9 [46080/60000 (77%)]	Loss: 103.372543
[2022-10-20 01:11:08] PRINT Train Epoch: 9 [47360/60000 (79%)]	Loss: 107.058014
[2022-10-20 01:11:08] PRINT Train Epoch: 9 [48640/60000 (81%)]	Loss: 105.545807
[2022-10-20 01:11:08] PRINT Train Epoch: 9 [49920/60000 (83%)]	Loss: 107.039001
[2022-10-20 01:11:08] PRINT Train Epoch: 9 [51200/60000 (85%)]	Loss: 103.952431
[2022-10-20 01:11:08] PRINT Train Epoch: 9 [52480/60000 (87%)]	Loss: 104.628281
[2022-10-20 01:11:08] PRINT Train Epoch: 9 [53760/60000 (90%)]	Loss: 103.883606
[2022-10-20 01:11:08] PRINT Train Epoch: 9 [55040/60000 (92%)]	Loss: 106.883392
[2022-10-20 01:11:08] PRINT Train Epoch: 9 [56320/60000 (94%)]	Loss: 104.318970
[2022-10-20 01:11:08] PRINT Train Epoch: 9 [57600/60000 (96%)]	Loss: 103.581596
[2022-10-20 01:11:08] PRINT Train Epoch: 9 [58880/60000 (98%)]	Loss: 108.446556
[2022-10-20 01:11:08] PRINT ====> Epoch: 9 Average loss: 105.4660
[2022-10-20 01:11:09] PRINT ====> Test set loss: 104.7053
[2022-10-20 01:11:09] PRINT Train Epoch: 10 [0/60000 (0%)]	Loss: 98.940231
[2022-10-20 01:11:09] PRINT Train Epoch: 10 [1280/60000 (2%)]	Loss: 105.519089
[2022-10-20 01:11:09] PRINT Train Epoch: 10 [2560/60000 (4%)]	Loss: 105.543182
[2022-10-20 01:11:09] PRINT Train Epoch: 10 [3840/60000 (6%)]	Loss: 99.267807
[2022-10-20 01:11:10] PRINT Train Epoch: 10 [5120/60000 (9%)]	Loss: 107.419159
[2022-10-20 01:11:10] PRINT Train Epoch: 10 [6400/60000 (11%)]	Loss: 103.908531
[2022-10-20 01:11:10] PRINT Train Epoch: 10 [7680/60000 (13%)]	Loss: 106.991043
[2022-10-20 01:11:10] PRINT Train Epoch: 10 [8960/60000 (15%)]	Loss: 102.305237
[2022-10-20 01:11:10] PRINT Train Epoch: 10 [10240/60000 (17%)]	Loss: 104.427490
[2022-10-20 01:11:10] PRINT Train Epoch: 10 [11520/60000 (19%)]	Loss: 107.979034
[2022-10-20 01:11:10] PRINT Train Epoch: 10 [12800/60000 (21%)]	Loss: 104.378540
[2022-10-20 01:11:10] PRINT Train Epoch: 10 [14080/60000 (23%)]	Loss: 103.773499
[2022-10-20 01:11:10] PRINT Train Epoch: 10 [15360/60000 (26%)]	Loss: 102.562286
[2022-10-20 01:11:10] PRINT Train Epoch: 10 [16640/60000 (28%)]	Loss: 106.351578
[2022-10-20 01:11:10] PRINT Train Epoch: 10 [17920/60000 (30%)]	Loss: 102.963074
[2022-10-20 01:11:11] PRINT Train Epoch: 10 [19200/60000 (32%)]	Loss: 108.944855
[2022-10-20 01:11:11] PRINT Train Epoch: 10 [20480/60000 (34%)]	Loss: 99.893768
[2022-10-20 01:11:11] PRINT Train Epoch: 10 [21760/60000 (36%)]	Loss: 103.585289
[2022-10-20 01:11:11] PRINT Train Epoch: 10 [23040/60000 (38%)]	Loss: 106.296310
[2022-10-20 01:11:11] PRINT Train Epoch: 10 [24320/60000 (41%)]	Loss: 103.233238
[2022-10-20 01:11:11] PRINT Train Epoch: 10 [25600/60000 (43%)]	Loss: 109.506210
[2022-10-20 01:11:11] PRINT Train Epoch: 10 [26880/60000 (45%)]	Loss: 103.485161
[2022-10-20 01:11:11] PRINT Train Epoch: 10 [28160/60000 (47%)]	Loss: 106.168793
[2022-10-20 01:11:11] PRINT Train Epoch: 10 [29440/60000 (49%)]	Loss: 106.146912
[2022-10-20 01:11:11] PRINT Train Epoch: 10 [30720/60000 (51%)]	Loss: 106.767204
[2022-10-20 01:11:11] PRINT Train Epoch: 10 [32000/60000 (53%)]	Loss: 102.713737
[2022-10-20 01:11:11] PRINT Train Epoch: 10 [33280/60000 (55%)]	Loss: 106.926674
[2022-10-20 01:11:12] PRINT Train Epoch: 10 [34560/60000 (58%)]	Loss: 109.270294
[2022-10-20 01:11:12] PRINT Train Epoch: 10 [35840/60000 (60%)]	Loss: 108.857529
[2022-10-20 01:11:12] PRINT Train Epoch: 10 [37120/60000 (62%)]	Loss: 103.640167
[2022-10-20 01:11:12] PRINT Train Epoch: 10 [38400/60000 (64%)]	Loss: 106.114136
[2022-10-20 01:11:12] PRINT Train Epoch: 10 [39680/60000 (66%)]	Loss: 108.015060
[2022-10-20 01:11:12] PRINT Train Epoch: 10 [40960/60000 (68%)]	Loss: 104.895096
[2022-10-20 01:11:12] PRINT Train Epoch: 10 [42240/60000 (70%)]	Loss: 105.395370
[2022-10-20 01:11:12] PRINT Train Epoch: 10 [43520/60000 (72%)]	Loss: 102.231934
[2022-10-20 01:11:12] PRINT Train Epoch: 10 [44800/60000 (75%)]	Loss: 100.845207
[2022-10-20 01:11:12] PRINT Train Epoch: 10 [46080/60000 (77%)]	Loss: 105.331276
[2022-10-20 01:11:12] PRINT Train Epoch: 10 [47360/60000 (79%)]	Loss: 102.871262
[2022-10-20 01:11:12] PRINT Train Epoch: 10 [48640/60000 (81%)]	Loss: 105.428215
[2022-10-20 01:11:13] PRINT Train Epoch: 10 [49920/60000 (83%)]	Loss: 107.365570
[2022-10-20 01:11:13] PRINT Train Epoch: 10 [51200/60000 (85%)]	Loss: 103.837204
[2022-10-20 01:11:13] PRINT Train Epoch: 10 [52480/60000 (87%)]	Loss: 107.695335
[2022-10-20 01:11:13] PRINT Train Epoch: 10 [53760/60000 (90%)]	Loss: 102.658821
[2022-10-20 01:11:13] PRINT Train Epoch: 10 [55040/60000 (92%)]	Loss: 105.241226
[2022-10-20 01:11:13] PRINT Train Epoch: 10 [56320/60000 (94%)]	Loss: 107.192223
[2022-10-20 01:11:13] PRINT Train Epoch: 10 [57600/60000 (96%)]	Loss: 106.868423
[2022-10-20 01:11:13] PRINT Train Epoch: 10 [58880/60000 (98%)]	Loss: 105.325897
[2022-10-20 01:11:13] PRINT ====> Epoch: 10 Average loss: 105.1250
[2022-10-20 01:11:14] PRINT ====> Test set loss: 104.6369
