[2022-10-20 01:25:54] PRINT {'features1': 600, 'features2': 40, 'lr': 0.006161154236151945, 'epsilon': 1e-06}
[2022-10-20 01:25:55] PRINT Using cuda device
[2022-10-20 01:25:56] PRINT Train Epoch: 1 [0/60000 (0%)]	Loss: 548.666504
[2022-10-20 01:25:56] PRINT Train Epoch: 1 [1280/60000 (2%)]	Loss: 208.025284
[2022-10-20 01:25:56] PRINT Train Epoch: 1 [2560/60000 (4%)]	Loss: 215.794434
[2022-10-20 01:25:56] PRINT Train Epoch: 1 [3840/60000 (6%)]	Loss: 201.485474
[2022-10-20 01:25:56] PRINT Train Epoch: 1 [5120/60000 (9%)]	Loss: 195.302048
[2022-10-20 01:25:56] PRINT Train Epoch: 1 [6400/60000 (11%)]	Loss: 191.204865
[2022-10-20 01:25:56] PRINT Train Epoch: 1 [7680/60000 (13%)]	Loss: 193.353775
[2022-10-20 01:25:56] PRINT Train Epoch: 1 [8960/60000 (15%)]	Loss: 186.558777
[2022-10-20 01:25:57] PRINT Train Epoch: 1 [10240/60000 (17%)]	Loss: 181.901779
[2022-10-20 01:25:57] PRINT Train Epoch: 1 [11520/60000 (19%)]	Loss: 178.577118
[2022-10-20 01:25:57] PRINT Train Epoch: 1 [12800/60000 (21%)]	Loss: 162.058578
[2022-10-20 01:25:57] PRINT Train Epoch: 1 [14080/60000 (23%)]	Loss: 162.908081
[2022-10-20 01:25:57] PRINT Train Epoch: 1 [15360/60000 (26%)]	Loss: 161.100296
[2022-10-20 01:25:57] PRINT Train Epoch: 1 [16640/60000 (28%)]	Loss: 156.700180
[2022-10-20 01:25:57] PRINT Train Epoch: 1 [17920/60000 (30%)]	Loss: 154.877686
[2022-10-20 01:25:57] PRINT Train Epoch: 1 [19200/60000 (32%)]	Loss: 161.699310
[2022-10-20 01:25:57] PRINT Train Epoch: 1 [20480/60000 (34%)]	Loss: 145.585617
[2022-10-20 01:25:57] PRINT Train Epoch: 1 [21760/60000 (36%)]	Loss: 150.258545
[2022-10-20 01:25:57] PRINT Train Epoch: 1 [23040/60000 (38%)]	Loss: 141.263107
[2022-10-20 01:25:57] PRINT Train Epoch: 1 [24320/60000 (41%)]	Loss: 142.392120
[2022-10-20 01:25:57] PRINT Train Epoch: 1 [25600/60000 (43%)]	Loss: 143.719238
[2022-10-20 01:25:58] PRINT Train Epoch: 1 [26880/60000 (45%)]	Loss: 141.930969
[2022-10-20 01:25:58] PRINT Train Epoch: 1 [28160/60000 (47%)]	Loss: 139.282425
[2022-10-20 01:25:58] PRINT Train Epoch: 1 [29440/60000 (49%)]	Loss: 139.946945
[2022-10-20 01:25:58] PRINT Train Epoch: 1 [30720/60000 (51%)]	Loss: 135.294952
[2022-10-20 01:25:58] PRINT Train Epoch: 1 [32000/60000 (53%)]	Loss: 136.479340
[2022-10-20 01:25:58] PRINT Train Epoch: 1 [33280/60000 (55%)]	Loss: 131.284790
[2022-10-20 01:25:58] PRINT Train Epoch: 1 [34560/60000 (58%)]	Loss: 131.293686
[2022-10-20 01:25:58] PRINT Train Epoch: 1 [35840/60000 (60%)]	Loss: 130.338531
[2022-10-20 01:25:58] PRINT Train Epoch: 1 [37120/60000 (62%)]	Loss: 126.079170
[2022-10-20 01:25:58] PRINT Train Epoch: 1 [38400/60000 (64%)]	Loss: 130.412216
[2022-10-20 01:25:58] PRINT Train Epoch: 1 [39680/60000 (66%)]	Loss: 127.998978
[2022-10-20 01:25:58] PRINT Train Epoch: 1 [40960/60000 (68%)]	Loss: 125.139977
[2022-10-20 01:25:59] PRINT Train Epoch: 1 [42240/60000 (70%)]	Loss: 130.239990
[2022-10-20 01:25:59] PRINT Train Epoch: 1 [43520/60000 (72%)]	Loss: 124.279564
[2022-10-20 01:25:59] PRINT Train Epoch: 1 [44800/60000 (75%)]	Loss: 122.474579
[2022-10-20 01:25:59] PRINT Train Epoch: 1 [46080/60000 (77%)]	Loss: 128.686829
[2022-10-20 01:25:59] PRINT Train Epoch: 1 [47360/60000 (79%)]	Loss: 128.271118
[2022-10-20 01:25:59] PRINT Train Epoch: 1 [48640/60000 (81%)]	Loss: 127.591583
[2022-10-20 01:25:59] PRINT Train Epoch: 1 [49920/60000 (83%)]	Loss: 124.552277
[2022-10-20 01:25:59] PRINT Train Epoch: 1 [51200/60000 (85%)]	Loss: 118.855309
[2022-10-20 01:25:59] PRINT Train Epoch: 1 [52480/60000 (87%)]	Loss: 123.529922
[2022-10-20 01:25:59] PRINT Train Epoch: 1 [53760/60000 (90%)]	Loss: 127.949364
[2022-10-20 01:25:59] PRINT Train Epoch: 1 [55040/60000 (92%)]	Loss: 126.889038
[2022-10-20 01:25:59] PRINT Train Epoch: 1 [56320/60000 (94%)]	Loss: 120.215744
[2022-10-20 01:25:59] PRINT Train Epoch: 1 [57600/60000 (96%)]	Loss: 124.273819
[2022-10-20 01:26:00] PRINT Train Epoch: 1 [58880/60000 (98%)]	Loss: 123.969742
[2022-10-20 01:26:00] PRINT ====> Epoch: 1 Average loss: 148.8371
[2022-10-20 01:26:00] PRINT ====> Test set loss: 121.7433
[2022-10-20 01:26:00] PRINT Train Epoch: 2 [0/60000 (0%)]	Loss: 124.997787
[2022-10-20 01:26:00] PRINT Train Epoch: 2 [1280/60000 (2%)]	Loss: 120.439117
[2022-10-20 01:26:01] PRINT Train Epoch: 2 [2560/60000 (4%)]	Loss: 118.294922
[2022-10-20 01:26:01] PRINT Train Epoch: 2 [3840/60000 (6%)]	Loss: 116.601730
[2022-10-20 01:26:01] PRINT Train Epoch: 2 [5120/60000 (9%)]	Loss: 122.799126
[2022-10-20 01:26:01] PRINT Train Epoch: 2 [6400/60000 (11%)]	Loss: 121.776672
[2022-10-20 01:26:01] PRINT Train Epoch: 2 [7680/60000 (13%)]	Loss: 126.628265
[2022-10-20 01:26:01] PRINT Train Epoch: 2 [8960/60000 (15%)]	Loss: 118.677628
[2022-10-20 01:26:01] PRINT Train Epoch: 2 [10240/60000 (17%)]	Loss: 119.162842
[2022-10-20 01:26:01] PRINT Train Epoch: 2 [11520/60000 (19%)]	Loss: 122.305115
[2022-10-20 01:26:01] PRINT Train Epoch: 2 [12800/60000 (21%)]	Loss: 120.413773
[2022-10-20 01:26:01] PRINT Train Epoch: 2 [14080/60000 (23%)]	Loss: 123.634552
[2022-10-20 01:26:01] PRINT Train Epoch: 2 [15360/60000 (26%)]	Loss: 118.697189
[2022-10-20 01:26:01] PRINT Train Epoch: 2 [16640/60000 (28%)]	Loss: 119.454414
[2022-10-20 01:26:02] PRINT Train Epoch: 2 [17920/60000 (30%)]	Loss: 123.576691
[2022-10-20 01:26:02] PRINT Train Epoch: 2 [19200/60000 (32%)]	Loss: 114.335266
[2022-10-20 01:26:02] PRINT Train Epoch: 2 [20480/60000 (34%)]	Loss: 117.087112
[2022-10-20 01:26:02] PRINT Train Epoch: 2 [21760/60000 (36%)]	Loss: 118.379852
[2022-10-20 01:26:02] PRINT Train Epoch: 2 [23040/60000 (38%)]	Loss: 118.480751
[2022-10-20 01:26:02] PRINT Train Epoch: 2 [24320/60000 (41%)]	Loss: 119.053780
[2022-10-20 01:26:02] PRINT Train Epoch: 2 [25600/60000 (43%)]	Loss: 116.933838
[2022-10-20 01:26:02] PRINT Train Epoch: 2 [26880/60000 (45%)]	Loss: 121.682381
[2022-10-20 01:26:02] PRINT Train Epoch: 2 [28160/60000 (47%)]	Loss: 119.724564
[2022-10-20 01:26:02] PRINT Train Epoch: 2 [29440/60000 (49%)]	Loss: 119.885780
[2022-10-20 01:26:02] PRINT Train Epoch: 2 [30720/60000 (51%)]	Loss: 117.759384
[2022-10-20 01:26:02] PRINT Train Epoch: 2 [32000/60000 (53%)]	Loss: 115.456085
[2022-10-20 01:26:03] PRINT Train Epoch: 2 [33280/60000 (55%)]	Loss: 117.352798
[2022-10-20 01:26:03] PRINT Train Epoch: 2 [34560/60000 (58%)]	Loss: 112.317688
[2022-10-20 01:26:03] PRINT Train Epoch: 2 [35840/60000 (60%)]	Loss: 110.616974
[2022-10-20 01:26:03] PRINT Train Epoch: 2 [37120/60000 (62%)]	Loss: 116.660622
[2022-10-20 01:26:03] PRINT Train Epoch: 2 [38400/60000 (64%)]	Loss: 117.575211
[2022-10-20 01:26:03] PRINT Train Epoch: 2 [39680/60000 (66%)]	Loss: 115.960526
[2022-10-20 01:26:03] PRINT Train Epoch: 2 [40960/60000 (68%)]	Loss: 112.195305
[2022-10-20 01:26:03] PRINT Train Epoch: 2 [42240/60000 (70%)]	Loss: 117.874207
[2022-10-20 01:26:03] PRINT Train Epoch: 2 [43520/60000 (72%)]	Loss: 120.105171
[2022-10-20 01:26:03] PRINT Train Epoch: 2 [44800/60000 (75%)]	Loss: 116.185661
[2022-10-20 01:26:03] PRINT Train Epoch: 2 [46080/60000 (77%)]	Loss: 113.168488
[2022-10-20 01:26:04] PRINT Train Epoch: 2 [47360/60000 (79%)]	Loss: 114.998955
[2022-10-20 01:26:04] PRINT Train Epoch: 2 [48640/60000 (81%)]	Loss: 114.845085
[2022-10-20 01:26:04] PRINT Train Epoch: 2 [49920/60000 (83%)]	Loss: 116.057060
[2022-10-20 01:26:04] PRINT Train Epoch: 2 [51200/60000 (85%)]	Loss: 116.655243
[2022-10-20 01:26:04] PRINT Train Epoch: 2 [52480/60000 (87%)]	Loss: 117.862442
[2022-10-20 01:26:04] PRINT Train Epoch: 2 [53760/60000 (90%)]	Loss: 121.089104
[2022-10-20 01:26:04] PRINT Train Epoch: 2 [55040/60000 (92%)]	Loss: 115.557671
[2022-10-20 01:26:04] PRINT Train Epoch: 2 [56320/60000 (94%)]	Loss: 118.699173
[2022-10-20 01:26:04] PRINT Train Epoch: 2 [57600/60000 (96%)]	Loss: 119.052254
[2022-10-20 01:26:04] PRINT Train Epoch: 2 [58880/60000 (98%)]	Loss: 115.361633
[2022-10-20 01:26:04] PRINT ====> Epoch: 2 Average loss: 118.2257
[2022-10-20 01:26:05] PRINT ====> Test set loss: 115.2339
[2022-10-20 01:26:05] PRINT Train Epoch: 3 [0/60000 (0%)]	Loss: 110.993820
[2022-10-20 01:26:05] PRINT Train Epoch: 3 [1280/60000 (2%)]	Loss: 119.563370
[2022-10-20 01:26:05] PRINT Train Epoch: 3 [2560/60000 (4%)]	Loss: 112.509659
[2022-10-20 01:26:05] PRINT Train Epoch: 3 [3840/60000 (6%)]	Loss: 116.190628
[2022-10-20 01:26:06] PRINT Train Epoch: 3 [5120/60000 (9%)]	Loss: 117.073326
[2022-10-20 01:26:06] PRINT Train Epoch: 3 [6400/60000 (11%)]	Loss: 117.228630
[2022-10-20 01:26:06] PRINT Train Epoch: 3 [7680/60000 (13%)]	Loss: 114.145782
[2022-10-20 01:26:06] PRINT Train Epoch: 3 [8960/60000 (15%)]	Loss: 110.932281
[2022-10-20 01:26:06] PRINT Train Epoch: 3 [10240/60000 (17%)]	Loss: 115.599670
[2022-10-20 01:26:06] PRINT Train Epoch: 3 [11520/60000 (19%)]	Loss: 112.330429
[2022-10-20 01:26:06] PRINT Train Epoch: 3 [12800/60000 (21%)]	Loss: 110.400375
[2022-10-20 01:26:06] PRINT Train Epoch: 3 [14080/60000 (23%)]	Loss: 115.756134
[2022-10-20 01:26:06] PRINT Train Epoch: 3 [15360/60000 (26%)]	Loss: 114.604919
[2022-10-20 01:26:06] PRINT Train Epoch: 3 [16640/60000 (28%)]	Loss: 116.376556
[2022-10-20 01:26:06] PRINT Train Epoch: 3 [17920/60000 (30%)]	Loss: 118.217751
[2022-10-20 01:26:06] PRINT Train Epoch: 3 [19200/60000 (32%)]	Loss: 112.093254
[2022-10-20 01:26:06] PRINT Train Epoch: 3 [20480/60000 (34%)]	Loss: 111.512100
[2022-10-20 01:26:07] PRINT Train Epoch: 3 [21760/60000 (36%)]	Loss: 118.243408
[2022-10-20 01:26:07] PRINT Train Epoch: 3 [23040/60000 (38%)]	Loss: 109.117615
[2022-10-20 01:26:07] PRINT Train Epoch: 3 [24320/60000 (41%)]	Loss: 114.037659
[2022-10-20 01:26:07] PRINT Train Epoch: 3 [25600/60000 (43%)]	Loss: 117.033829
[2022-10-20 01:26:07] PRINT Train Epoch: 3 [26880/60000 (45%)]	Loss: 113.167160
[2022-10-20 01:26:07] PRINT Train Epoch: 3 [28160/60000 (47%)]	Loss: 120.485626
[2022-10-20 01:26:07] PRINT Train Epoch: 3 [29440/60000 (49%)]	Loss: 109.708923
[2022-10-20 01:26:07] PRINT Train Epoch: 3 [30720/60000 (51%)]	Loss: 111.631462
[2022-10-20 01:26:07] PRINT Train Epoch: 3 [32000/60000 (53%)]	Loss: 114.957588
[2022-10-20 01:26:07] PRINT Train Epoch: 3 [33280/60000 (55%)]	Loss: 114.904175
[2022-10-20 01:26:07] PRINT Train Epoch: 3 [34560/60000 (58%)]	Loss: 115.146118
[2022-10-20 01:26:07] PRINT Train Epoch: 3 [35840/60000 (60%)]	Loss: 115.073357
[2022-10-20 01:26:07] PRINT Train Epoch: 3 [37120/60000 (62%)]	Loss: 109.040359
[2022-10-20 01:26:08] PRINT Train Epoch: 3 [38400/60000 (64%)]	Loss: 113.116867
[2022-10-20 01:26:08] PRINT Train Epoch: 3 [39680/60000 (66%)]	Loss: 109.994217
[2022-10-20 01:26:08] PRINT Train Epoch: 3 [40960/60000 (68%)]	Loss: 112.547981
[2022-10-20 01:26:08] PRINT Train Epoch: 3 [42240/60000 (70%)]	Loss: 116.963852
[2022-10-20 01:26:08] PRINT Train Epoch: 3 [43520/60000 (72%)]	Loss: 115.583511
[2022-10-20 01:26:08] PRINT Train Epoch: 3 [44800/60000 (75%)]	Loss: 114.594574
[2022-10-20 01:26:08] PRINT Train Epoch: 3 [46080/60000 (77%)]	Loss: 112.046280
[2022-10-20 01:26:08] PRINT Train Epoch: 3 [47360/60000 (79%)]	Loss: 115.020973
[2022-10-20 01:26:08] PRINT Train Epoch: 3 [48640/60000 (81%)]	Loss: 113.947800
[2022-10-20 01:26:08] PRINT Train Epoch: 3 [49920/60000 (83%)]	Loss: 112.699959
[2022-10-20 01:26:08] PRINT Train Epoch: 3 [51200/60000 (85%)]	Loss: 113.518112
[2022-10-20 01:26:09] PRINT Train Epoch: 3 [52480/60000 (87%)]	Loss: 110.808952
[2022-10-20 01:26:09] PRINT Train Epoch: 3 [53760/60000 (90%)]	Loss: 112.907448
[2022-10-20 01:26:09] PRINT Train Epoch: 3 [55040/60000 (92%)]	Loss: 109.928528
[2022-10-20 01:26:09] PRINT Train Epoch: 3 [56320/60000 (94%)]	Loss: 116.399132
[2022-10-20 01:26:09] PRINT Train Epoch: 3 [57600/60000 (96%)]	Loss: 113.035904
[2022-10-20 01:26:09] PRINT Train Epoch: 3 [58880/60000 (98%)]	Loss: 110.077133
[2022-10-20 01:26:09] PRINT ====> Epoch: 3 Average loss: 114.4292
[2022-10-20 01:26:10] PRINT ====> Test set loss: 113.6520
[2022-10-20 01:26:10] PRINT Train Epoch: 4 [0/60000 (0%)]	Loss: 107.341812
[2022-10-20 01:26:10] PRINT Train Epoch: 4 [1280/60000 (2%)]	Loss: 111.006516
[2022-10-20 01:26:10] PRINT Train Epoch: 4 [2560/60000 (4%)]	Loss: 112.961281
[2022-10-20 01:26:10] PRINT Train Epoch: 4 [3840/60000 (6%)]	Loss: 116.074402
[2022-10-20 01:26:10] PRINT Train Epoch: 4 [5120/60000 (9%)]	Loss: 109.652191
[2022-10-20 01:26:10] PRINT Train Epoch: 4 [6400/60000 (11%)]	Loss: 114.484818
[2022-10-20 01:26:10] PRINT Train Epoch: 4 [7680/60000 (13%)]	Loss: 114.770561
[2022-10-20 01:26:10] PRINT Train Epoch: 4 [8960/60000 (15%)]	Loss: 110.401016
[2022-10-20 01:26:10] PRINT Train Epoch: 4 [10240/60000 (17%)]	Loss: 115.939888
[2022-10-20 01:26:11] PRINT Train Epoch: 4 [11520/60000 (19%)]	Loss: 108.452759
[2022-10-20 01:26:11] PRINT Train Epoch: 4 [12800/60000 (21%)]	Loss: 115.352219
[2022-10-20 01:26:11] PRINT Train Epoch: 4 [14080/60000 (23%)]	Loss: 106.250351
[2022-10-20 01:26:11] PRINT Train Epoch: 4 [15360/60000 (26%)]	Loss: 119.180176
[2022-10-20 01:26:11] PRINT Train Epoch: 4 [16640/60000 (28%)]	Loss: 108.741699
[2022-10-20 01:26:11] PRINT Train Epoch: 4 [17920/60000 (30%)]	Loss: 113.827293
[2022-10-20 01:26:11] PRINT Train Epoch: 4 [19200/60000 (32%)]	Loss: 114.195908
[2022-10-20 01:26:11] PRINT Train Epoch: 4 [20480/60000 (34%)]	Loss: 111.329697
[2022-10-20 01:26:11] PRINT Train Epoch: 4 [21760/60000 (36%)]	Loss: 110.381241
[2022-10-20 01:26:11] PRINT Train Epoch: 4 [23040/60000 (38%)]	Loss: 117.077835
[2022-10-20 01:26:11] PRINT Train Epoch: 4 [24320/60000 (41%)]	Loss: 111.777817
[2022-10-20 01:26:12] PRINT Train Epoch: 4 [25600/60000 (43%)]	Loss: 113.457924
[2022-10-20 01:26:12] PRINT Train Epoch: 4 [26880/60000 (45%)]	Loss: 111.453629
[2022-10-20 01:26:12] PRINT Train Epoch: 4 [28160/60000 (47%)]	Loss: 111.757828
[2022-10-20 01:26:12] PRINT Train Epoch: 4 [29440/60000 (49%)]	Loss: 110.334358
[2022-10-20 01:26:12] PRINT Train Epoch: 4 [30720/60000 (51%)]	Loss: 117.020462
[2022-10-20 01:26:12] PRINT Train Epoch: 4 [32000/60000 (53%)]	Loss: 113.100967
[2022-10-20 01:26:12] PRINT Train Epoch: 4 [33280/60000 (55%)]	Loss: 113.493835
[2022-10-20 01:26:12] PRINT Train Epoch: 4 [34560/60000 (58%)]	Loss: 104.171059
[2022-10-20 01:26:12] PRINT Train Epoch: 4 [35840/60000 (60%)]	Loss: 110.772682
[2022-10-20 01:26:12] PRINT Train Epoch: 4 [37120/60000 (62%)]	Loss: 115.241852
[2022-10-20 01:26:12] PRINT Train Epoch: 4 [38400/60000 (64%)]	Loss: 118.972778
[2022-10-20 01:26:13] PRINT Train Epoch: 4 [39680/60000 (66%)]	Loss: 109.028030
[2022-10-20 01:26:13] PRINT Train Epoch: 4 [40960/60000 (68%)]	Loss: 115.122940
[2022-10-20 01:26:13] PRINT Train Epoch: 4 [42240/60000 (70%)]	Loss: 109.890739
[2022-10-20 01:26:13] PRINT Train Epoch: 4 [43520/60000 (72%)]	Loss: 117.892952
[2022-10-20 01:26:13] PRINT Train Epoch: 4 [44800/60000 (75%)]	Loss: 114.922546
[2022-10-20 01:26:13] PRINT Train Epoch: 4 [46080/60000 (77%)]	Loss: 112.614235
[2022-10-20 01:26:13] PRINT Train Epoch: 4 [47360/60000 (79%)]	Loss: 111.450836
[2022-10-20 01:26:13] PRINT Train Epoch: 4 [48640/60000 (81%)]	Loss: 110.962357
[2022-10-20 01:26:13] PRINT Train Epoch: 4 [49920/60000 (83%)]	Loss: 110.764465
[2022-10-20 01:26:13] PRINT Train Epoch: 4 [51200/60000 (85%)]	Loss: 114.522072
[2022-10-20 01:26:13] PRINT Train Epoch: 4 [52480/60000 (87%)]	Loss: 118.024414
[2022-10-20 01:26:14] PRINT Train Epoch: 4 [53760/60000 (90%)]	Loss: 110.143608
[2022-10-20 01:26:14] PRINT Train Epoch: 4 [55040/60000 (92%)]	Loss: 109.737686
[2022-10-20 01:26:14] PRINT Train Epoch: 4 [56320/60000 (94%)]	Loss: 112.895935
[2022-10-20 01:26:14] PRINT Train Epoch: 4 [57600/60000 (96%)]	Loss: 110.888062
[2022-10-20 01:26:14] PRINT Train Epoch: 4 [58880/60000 (98%)]	Loss: 112.578857
[2022-10-20 01:26:14] PRINT ====> Epoch: 4 Average loss: 112.8663
[2022-10-20 01:26:15] PRINT ====> Test set loss: 112.0605
[2022-10-20 01:26:15] PRINT Train Epoch: 5 [0/60000 (0%)]	Loss: 110.611397
[2022-10-20 01:26:15] PRINT Train Epoch: 5 [1280/60000 (2%)]	Loss: 110.849762
[2022-10-20 01:26:15] PRINT Train Epoch: 5 [2560/60000 (4%)]	Loss: 109.652008
[2022-10-20 01:26:15] PRINT Train Epoch: 5 [3840/60000 (6%)]	Loss: 113.885628
[2022-10-20 01:26:15] PRINT Train Epoch: 5 [5120/60000 (9%)]	Loss: 113.524979
[2022-10-20 01:26:15] PRINT Train Epoch: 5 [6400/60000 (11%)]	Loss: 110.118164
[2022-10-20 01:26:15] PRINT Train Epoch: 5 [7680/60000 (13%)]	Loss: 112.096329
[2022-10-20 01:26:15] PRINT Train Epoch: 5 [8960/60000 (15%)]	Loss: 111.355469
[2022-10-20 01:26:15] PRINT Train Epoch: 5 [10240/60000 (17%)]	Loss: 111.968185
[2022-10-20 01:26:16] PRINT Train Epoch: 5 [11520/60000 (19%)]	Loss: 110.488373
[2022-10-20 01:26:16] PRINT Train Epoch: 5 [12800/60000 (21%)]	Loss: 105.267563
[2022-10-20 01:26:16] PRINT Train Epoch: 5 [14080/60000 (23%)]	Loss: 113.012657
[2022-10-20 01:26:16] PRINT Train Epoch: 5 [15360/60000 (26%)]	Loss: 112.279709
[2022-10-20 01:26:16] PRINT Train Epoch: 5 [16640/60000 (28%)]	Loss: 115.342590
[2022-10-20 01:26:16] PRINT Train Epoch: 5 [17920/60000 (30%)]	Loss: 113.394012
[2022-10-20 01:26:16] PRINT Train Epoch: 5 [19200/60000 (32%)]	Loss: 117.573837
[2022-10-20 01:26:16] PRINT Train Epoch: 5 [20480/60000 (34%)]	Loss: 110.559769
[2022-10-20 01:26:16] PRINT Train Epoch: 5 [21760/60000 (36%)]	Loss: 112.880180
[2022-10-20 01:26:16] PRINT Train Epoch: 5 [23040/60000 (38%)]	Loss: 115.196335
[2022-10-20 01:26:16] PRINT Train Epoch: 5 [24320/60000 (41%)]	Loss: 111.376122
[2022-10-20 01:26:17] PRINT Train Epoch: 5 [25600/60000 (43%)]	Loss: 109.655739
[2022-10-20 01:26:17] PRINT Train Epoch: 5 [26880/60000 (45%)]	Loss: 109.356743
[2022-10-20 01:26:17] PRINT Train Epoch: 5 [28160/60000 (47%)]	Loss: 111.122215
[2022-10-20 01:26:17] PRINT Train Epoch: 5 [29440/60000 (49%)]	Loss: 112.794739
[2022-10-20 01:26:17] PRINT Train Epoch: 5 [30720/60000 (51%)]	Loss: 108.476303
[2022-10-20 01:26:17] PRINT Train Epoch: 5 [32000/60000 (53%)]	Loss: 107.619324
[2022-10-20 01:26:17] PRINT Train Epoch: 5 [33280/60000 (55%)]	Loss: 112.563179
[2022-10-20 01:26:17] PRINT Train Epoch: 5 [34560/60000 (58%)]	Loss: 112.358154
[2022-10-20 01:26:17] PRINT Train Epoch: 5 [35840/60000 (60%)]	Loss: 113.965797
[2022-10-20 01:26:17] PRINT Train Epoch: 5 [37120/60000 (62%)]	Loss: 114.589195
[2022-10-20 01:26:17] PRINT Train Epoch: 5 [38400/60000 (64%)]	Loss: 108.557625
[2022-10-20 01:26:18] PRINT Train Epoch: 5 [39680/60000 (66%)]	Loss: 112.243858
[2022-10-20 01:26:18] PRINT Train Epoch: 5 [40960/60000 (68%)]	Loss: 114.364525
[2022-10-20 01:26:18] PRINT Train Epoch: 5 [42240/60000 (70%)]	Loss: 111.415390
[2022-10-20 01:26:18] PRINT Train Epoch: 5 [43520/60000 (72%)]	Loss: 114.383865
[2022-10-20 01:26:18] PRINT Train Epoch: 5 [44800/60000 (75%)]	Loss: 115.337433
[2022-10-20 01:26:18] PRINT Train Epoch: 5 [46080/60000 (77%)]	Loss: 108.468704
[2022-10-20 01:26:18] PRINT Train Epoch: 5 [47360/60000 (79%)]	Loss: 106.748802
[2022-10-20 01:26:18] PRINT Train Epoch: 5 [48640/60000 (81%)]	Loss: 112.367035
[2022-10-20 01:26:18] PRINT Train Epoch: 5 [49920/60000 (83%)]	Loss: 109.523354
[2022-10-20 01:26:18] PRINT Train Epoch: 5 [51200/60000 (85%)]	Loss: 110.465408
[2022-10-20 01:26:18] PRINT Train Epoch: 5 [52480/60000 (87%)]	Loss: 110.783463
[2022-10-20 01:26:18] PRINT Train Epoch: 5 [53760/60000 (90%)]	Loss: 110.063805
[2022-10-20 01:26:19] PRINT Train Epoch: 5 [55040/60000 (92%)]	Loss: 116.382263
[2022-10-20 01:26:19] PRINT Train Epoch: 5 [56320/60000 (94%)]	Loss: 115.441513
[2022-10-20 01:26:19] PRINT Train Epoch: 5 [57600/60000 (96%)]	Loss: 110.365112
[2022-10-20 01:26:19] PRINT Train Epoch: 5 [58880/60000 (98%)]	Loss: 112.693855
[2022-10-20 01:26:19] PRINT ====> Epoch: 5 Average loss: 111.6228
[2022-10-20 01:26:20] PRINT ====> Test set loss: 111.0790
[2022-10-20 01:26:20] PRINT Train Epoch: 6 [0/60000 (0%)]	Loss: 114.607147
[2022-10-20 01:26:20] PRINT Train Epoch: 6 [1280/60000 (2%)]	Loss: 109.702499
[2022-10-20 01:26:20] PRINT Train Epoch: 6 [2560/60000 (4%)]	Loss: 111.633102
[2022-10-20 01:26:20] PRINT Train Epoch: 6 [3840/60000 (6%)]	Loss: 108.175171
[2022-10-20 01:26:20] PRINT Train Epoch: 6 [5120/60000 (9%)]	Loss: 113.215828
[2022-10-20 01:26:20] PRINT Train Epoch: 6 [6400/60000 (11%)]	Loss: 112.368210
[2022-10-20 01:26:20] PRINT Train Epoch: 6 [7680/60000 (13%)]	Loss: 109.738228
[2022-10-20 01:26:20] PRINT Train Epoch: 6 [8960/60000 (15%)]	Loss: 114.296082
[2022-10-20 01:26:20] PRINT Train Epoch: 6 [10240/60000 (17%)]	Loss: 110.179268
[2022-10-20 01:26:20] PRINT Train Epoch: 6 [11520/60000 (19%)]	Loss: 112.581833
[2022-10-20 01:26:21] PRINT Train Epoch: 6 [12800/60000 (21%)]	Loss: 111.660233
[2022-10-20 01:26:21] PRINT Train Epoch: 6 [14080/60000 (23%)]	Loss: 111.222885
[2022-10-20 01:26:21] PRINT Train Epoch: 6 [15360/60000 (26%)]	Loss: 110.761147
[2022-10-20 01:26:21] PRINT Train Epoch: 6 [16640/60000 (28%)]	Loss: 116.829468
[2022-10-20 01:26:21] PRINT Train Epoch: 6 [17920/60000 (30%)]	Loss: 115.667526
[2022-10-20 01:26:21] PRINT Train Epoch: 6 [19200/60000 (32%)]	Loss: 110.762093
[2022-10-20 01:26:21] PRINT Train Epoch: 6 [20480/60000 (34%)]	Loss: 109.351318
[2022-10-20 01:26:21] PRINT Train Epoch: 6 [21760/60000 (36%)]	Loss: 112.602837
[2022-10-20 01:26:21] PRINT Train Epoch: 6 [23040/60000 (38%)]	Loss: 108.206917
[2022-10-20 01:26:21] PRINT Train Epoch: 6 [24320/60000 (41%)]	Loss: 106.756165
[2022-10-20 01:26:21] PRINT Train Epoch: 6 [25600/60000 (43%)]	Loss: 105.375916
[2022-10-20 01:26:22] PRINT Train Epoch: 6 [26880/60000 (45%)]	Loss: 109.014297
[2022-10-20 01:26:22] PRINT Train Epoch: 6 [28160/60000 (47%)]	Loss: 114.534355
[2022-10-20 01:26:22] PRINT Train Epoch: 6 [29440/60000 (49%)]	Loss: 112.151398
[2022-10-20 01:26:22] PRINT Train Epoch: 6 [30720/60000 (51%)]	Loss: 109.419579
[2022-10-20 01:26:22] PRINT Train Epoch: 6 [32000/60000 (53%)]	Loss: 116.912636
[2022-10-20 01:26:22] PRINT Train Epoch: 6 [33280/60000 (55%)]	Loss: 116.322891
[2022-10-20 01:26:22] PRINT Train Epoch: 6 [34560/60000 (58%)]	Loss: 115.045143
[2022-10-20 01:26:22] PRINT Train Epoch: 6 [35840/60000 (60%)]	Loss: 114.365021
[2022-10-20 01:26:22] PRINT Train Epoch: 6 [37120/60000 (62%)]	Loss: 106.307266
[2022-10-20 01:26:22] PRINT Train Epoch: 6 [38400/60000 (64%)]	Loss: 110.653732
[2022-10-20 01:26:22] PRINT Train Epoch: 6 [39680/60000 (66%)]	Loss: 114.506516
[2022-10-20 01:26:23] PRINT Train Epoch: 6 [40960/60000 (68%)]	Loss: 110.385414
[2022-10-20 01:26:23] PRINT Train Epoch: 6 [42240/60000 (70%)]	Loss: 109.563049
[2022-10-20 01:26:23] PRINT Train Epoch: 6 [43520/60000 (72%)]	Loss: 110.536453
[2022-10-20 01:26:23] PRINT Train Epoch: 6 [44800/60000 (75%)]	Loss: 112.799263
[2022-10-20 01:26:23] PRINT Train Epoch: 6 [46080/60000 (77%)]	Loss: 112.849464
[2022-10-20 01:26:23] PRINT Train Epoch: 6 [47360/60000 (79%)]	Loss: 107.746017
[2022-10-20 01:26:23] PRINT Train Epoch: 6 [48640/60000 (81%)]	Loss: 111.307167
[2022-10-20 01:26:23] PRINT Train Epoch: 6 [49920/60000 (83%)]	Loss: 111.320885
[2022-10-20 01:26:23] PRINT Train Epoch: 6 [51200/60000 (85%)]	Loss: 111.580513
[2022-10-20 01:26:23] PRINT Train Epoch: 6 [52480/60000 (87%)]	Loss: 109.655235
[2022-10-20 01:26:23] PRINT Train Epoch: 6 [53760/60000 (90%)]	Loss: 110.866028
[2022-10-20 01:26:23] PRINT Train Epoch: 6 [55040/60000 (92%)]	Loss: 114.360413
[2022-10-20 01:26:24] PRINT Train Epoch: 6 [56320/60000 (94%)]	Loss: 112.294525
[2022-10-20 01:26:24] PRINT Train Epoch: 6 [57600/60000 (96%)]	Loss: 117.343628
[2022-10-20 01:26:24] PRINT Train Epoch: 6 [58880/60000 (98%)]	Loss: 109.452553
[2022-10-20 01:26:24] PRINT ====> Epoch: 6 Average loss: 110.8584
[2022-10-20 01:26:24] PRINT ====> Test set loss: 109.9935
[2022-10-20 01:26:25] PRINT Train Epoch: 7 [0/60000 (0%)]	Loss: 112.753754
[2022-10-20 01:26:25] PRINT Train Epoch: 7 [1280/60000 (2%)]	Loss: 113.998169
[2022-10-20 01:26:25] PRINT Train Epoch: 7 [2560/60000 (4%)]	Loss: 111.161133
[2022-10-20 01:26:25] PRINT Train Epoch: 7 [3840/60000 (6%)]	Loss: 112.101189
[2022-10-20 01:26:25] PRINT Train Epoch: 7 [5120/60000 (9%)]	Loss: 108.762146
[2022-10-20 01:26:25] PRINT Train Epoch: 7 [6400/60000 (11%)]	Loss: 113.853661
[2022-10-20 01:26:25] PRINT Train Epoch: 7 [7680/60000 (13%)]	Loss: 118.867142
[2022-10-20 01:26:25] PRINT Train Epoch: 7 [8960/60000 (15%)]	Loss: 112.106102
[2022-10-20 01:26:25] PRINT Train Epoch: 7 [10240/60000 (17%)]	Loss: 108.923218
[2022-10-20 01:26:25] PRINT Train Epoch: 7 [11520/60000 (19%)]	Loss: 112.560318
[2022-10-20 01:26:25] PRINT Train Epoch: 7 [12800/60000 (21%)]	Loss: 111.592758
[2022-10-20 01:26:25] PRINT Train Epoch: 7 [14080/60000 (23%)]	Loss: 111.417816
[2022-10-20 01:26:26] PRINT Train Epoch: 7 [15360/60000 (26%)]	Loss: 108.226784
[2022-10-20 01:26:26] PRINT Train Epoch: 7 [16640/60000 (28%)]	Loss: 107.059402
[2022-10-20 01:26:26] PRINT Train Epoch: 7 [17920/60000 (30%)]	Loss: 109.883980
[2022-10-20 01:26:26] PRINT Train Epoch: 7 [19200/60000 (32%)]	Loss: 110.168152
[2022-10-20 01:26:26] PRINT Train Epoch: 7 [20480/60000 (34%)]	Loss: 111.217880
[2022-10-20 01:26:26] PRINT Train Epoch: 7 [21760/60000 (36%)]	Loss: 106.123444
[2022-10-20 01:26:26] PRINT Train Epoch: 7 [23040/60000 (38%)]	Loss: 111.065811
[2022-10-20 01:26:26] PRINT Train Epoch: 7 [24320/60000 (41%)]	Loss: 115.315094
[2022-10-20 01:26:26] PRINT Train Epoch: 7 [25600/60000 (43%)]	Loss: 111.209503
[2022-10-20 01:26:26] PRINT Train Epoch: 7 [26880/60000 (45%)]	Loss: 112.503952
[2022-10-20 01:26:26] PRINT Train Epoch: 7 [28160/60000 (47%)]	Loss: 109.322815
[2022-10-20 01:26:27] PRINT Train Epoch: 7 [29440/60000 (49%)]	Loss: 112.324455
[2022-10-20 01:26:27] PRINT Train Epoch: 7 [30720/60000 (51%)]	Loss: 111.313438
[2022-10-20 01:26:27] PRINT Train Epoch: 7 [32000/60000 (53%)]	Loss: 114.559753
[2022-10-20 01:26:27] PRINT Train Epoch: 7 [33280/60000 (55%)]	Loss: 107.403366
[2022-10-20 01:26:27] PRINT Train Epoch: 7 [34560/60000 (58%)]	Loss: 112.414711
[2022-10-20 01:26:27] PRINT Train Epoch: 7 [35840/60000 (60%)]	Loss: 107.831451
[2022-10-20 01:26:27] PRINT Train Epoch: 7 [37120/60000 (62%)]	Loss: 111.041519
[2022-10-20 01:26:27] PRINT Train Epoch: 7 [38400/60000 (64%)]	Loss: 112.545273
[2022-10-20 01:26:27] PRINT Train Epoch: 7 [39680/60000 (66%)]	Loss: 109.026855
[2022-10-20 01:26:27] PRINT Train Epoch: 7 [40960/60000 (68%)]	Loss: 107.569351
[2022-10-20 01:26:27] PRINT Train Epoch: 7 [42240/60000 (70%)]	Loss: 110.028061
[2022-10-20 01:26:27] PRINT Train Epoch: 7 [43520/60000 (72%)]	Loss: 114.159454
[2022-10-20 01:26:28] PRINT Train Epoch: 7 [44800/60000 (75%)]	Loss: 114.388954
[2022-10-20 01:26:28] PRINT Train Epoch: 7 [46080/60000 (77%)]	Loss: 110.080032
[2022-10-20 01:26:28] PRINT Train Epoch: 7 [47360/60000 (79%)]	Loss: 107.738800
[2022-10-20 01:26:28] PRINT Train Epoch: 7 [48640/60000 (81%)]	Loss: 115.405228
[2022-10-20 01:26:28] PRINT Train Epoch: 7 [49920/60000 (83%)]	Loss: 110.470108
[2022-10-20 01:26:28] PRINT Train Epoch: 7 [51200/60000 (85%)]	Loss: 110.473885
[2022-10-20 01:26:28] PRINT Train Epoch: 7 [52480/60000 (87%)]	Loss: 111.751610
[2022-10-20 01:26:28] PRINT Train Epoch: 7 [53760/60000 (90%)]	Loss: 111.814499
[2022-10-20 01:26:28] PRINT Train Epoch: 7 [55040/60000 (92%)]	Loss: 116.608994
[2022-10-20 01:26:28] PRINT Train Epoch: 7 [56320/60000 (94%)]	Loss: 113.153763
[2022-10-20 01:26:28] PRINT Train Epoch: 7 [57600/60000 (96%)]	Loss: 107.300705
[2022-10-20 01:26:28] PRINT Train Epoch: 7 [58880/60000 (98%)]	Loss: 106.344368
[2022-10-20 01:26:29] PRINT ====> Epoch: 7 Average loss: 110.5523
[2022-10-20 01:26:29] PRINT ====> Test set loss: 109.9122
[2022-10-20 01:26:29] PRINT Train Epoch: 8 [0/60000 (0%)]	Loss: 107.164780
[2022-10-20 01:26:29] PRINT Train Epoch: 8 [1280/60000 (2%)]	Loss: 105.770142
[2022-10-20 01:26:29] PRINT Train Epoch: 8 [2560/60000 (4%)]	Loss: 107.845642
[2022-10-20 01:26:30] PRINT Train Epoch: 8 [3840/60000 (6%)]	Loss: 105.096001
[2022-10-20 01:26:30] PRINT Train Epoch: 8 [5120/60000 (9%)]	Loss: 109.247238
[2022-10-20 01:26:30] PRINT Train Epoch: 8 [6400/60000 (11%)]	Loss: 112.064774
[2022-10-20 01:26:30] PRINT Train Epoch: 8 [7680/60000 (13%)]	Loss: 109.720772
[2022-10-20 01:26:30] PRINT Train Epoch: 8 [8960/60000 (15%)]	Loss: 108.402672
[2022-10-20 01:26:30] PRINT Train Epoch: 8 [10240/60000 (17%)]	Loss: 114.032471
[2022-10-20 01:26:30] PRINT Train Epoch: 8 [11520/60000 (19%)]	Loss: 105.602966
[2022-10-20 01:26:30] PRINT Train Epoch: 8 [12800/60000 (21%)]	Loss: 110.273666
[2022-10-20 01:26:30] PRINT Train Epoch: 8 [14080/60000 (23%)]	Loss: 114.120056
[2022-10-20 01:26:30] PRINT Train Epoch: 8 [15360/60000 (26%)]	Loss: 108.111717
[2022-10-20 01:26:30] PRINT Train Epoch: 8 [16640/60000 (28%)]	Loss: 110.853516
[2022-10-20 01:26:31] PRINT Train Epoch: 8 [17920/60000 (30%)]	Loss: 108.808655
[2022-10-20 01:26:31] PRINT Train Epoch: 8 [19200/60000 (32%)]	Loss: 111.259178
[2022-10-20 01:26:31] PRINT Train Epoch: 8 [20480/60000 (34%)]	Loss: 107.943375
[2022-10-20 01:26:31] PRINT Train Epoch: 8 [21760/60000 (36%)]	Loss: 113.661057
[2022-10-20 01:26:31] PRINT Train Epoch: 8 [23040/60000 (38%)]	Loss: 108.009125
[2022-10-20 01:26:31] PRINT Train Epoch: 8 [24320/60000 (41%)]	Loss: 109.068390
[2022-10-20 01:26:31] PRINT Train Epoch: 8 [25600/60000 (43%)]	Loss: 109.208374
[2022-10-20 01:26:31] PRINT Train Epoch: 8 [26880/60000 (45%)]	Loss: 111.752769
[2022-10-20 01:26:31] PRINT Train Epoch: 8 [28160/60000 (47%)]	Loss: 109.408424
[2022-10-20 01:26:31] PRINT Train Epoch: 8 [29440/60000 (49%)]	Loss: 108.987450
[2022-10-20 01:26:31] PRINT Train Epoch: 8 [30720/60000 (51%)]	Loss: 111.672386
[2022-10-20 01:26:32] PRINT Train Epoch: 8 [32000/60000 (53%)]	Loss: 110.191208
[2022-10-20 01:26:32] PRINT Train Epoch: 8 [33280/60000 (55%)]	Loss: 110.979851
[2022-10-20 01:26:32] PRINT Train Epoch: 8 [34560/60000 (58%)]	Loss: 114.626022
[2022-10-20 01:26:32] PRINT Train Epoch: 8 [35840/60000 (60%)]	Loss: 109.018280
[2022-10-20 01:26:32] PRINT Train Epoch: 8 [37120/60000 (62%)]	Loss: 111.005936
[2022-10-20 01:26:32] PRINT Train Epoch: 8 [38400/60000 (64%)]	Loss: 107.734894
[2022-10-20 01:26:32] PRINT Train Epoch: 8 [39680/60000 (66%)]	Loss: 111.422501
[2022-10-20 01:26:32] PRINT Train Epoch: 8 [40960/60000 (68%)]	Loss: 110.560020
[2022-10-20 01:26:32] PRINT Train Epoch: 8 [42240/60000 (70%)]	Loss: 108.563347
[2022-10-20 01:26:32] PRINT Train Epoch: 8 [43520/60000 (72%)]	Loss: 107.472488
[2022-10-20 01:26:32] PRINT Train Epoch: 8 [44800/60000 (75%)]	Loss: 111.147766
[2022-10-20 01:26:33] PRINT Train Epoch: 8 [46080/60000 (77%)]	Loss: 111.543770
[2022-10-20 01:26:33] PRINT Train Epoch: 8 [47360/60000 (79%)]	Loss: 109.712509
[2022-10-20 01:26:33] PRINT Train Epoch: 8 [48640/60000 (81%)]	Loss: 108.373688
[2022-10-20 01:26:33] PRINT Train Epoch: 8 [49920/60000 (83%)]	Loss: 110.876236
[2022-10-20 01:26:33] PRINT Train Epoch: 8 [51200/60000 (85%)]	Loss: 108.337929
[2022-10-20 01:26:33] PRINT Train Epoch: 8 [52480/60000 (87%)]	Loss: 106.956009
[2022-10-20 01:26:33] PRINT Train Epoch: 8 [53760/60000 (90%)]	Loss: 108.621719
[2022-10-20 01:26:33] PRINT Train Epoch: 8 [55040/60000 (92%)]	Loss: 111.839615
[2022-10-20 01:26:33] PRINT Train Epoch: 8 [56320/60000 (94%)]	Loss: 111.266418
[2022-10-20 01:26:33] PRINT Train Epoch: 8 [57600/60000 (96%)]	Loss: 112.024872
[2022-10-20 01:26:33] PRINT Train Epoch: 8 [58880/60000 (98%)]	Loss: 113.366539
[2022-10-20 01:26:33] PRINT ====> Epoch: 8 Average loss: 109.9740
[2022-10-20 01:26:34] PRINT ====> Test set loss: 109.9025
[2022-10-20 01:26:34] PRINT Train Epoch: 9 [0/60000 (0%)]	Loss: 107.083725
[2022-10-20 01:26:34] PRINT Train Epoch: 9 [1280/60000 (2%)]	Loss: 106.385834
[2022-10-20 01:26:34] PRINT Train Epoch: 9 [2560/60000 (4%)]	Loss: 109.625755
[2022-10-20 01:26:35] PRINT Train Epoch: 9 [3840/60000 (6%)]	Loss: 109.210976
[2022-10-20 01:26:35] PRINT Train Epoch: 9 [5120/60000 (9%)]	Loss: 105.390244
[2022-10-20 01:26:35] PRINT Train Epoch: 9 [6400/60000 (11%)]	Loss: 113.856384
[2022-10-20 01:26:35] PRINT Train Epoch: 9 [7680/60000 (13%)]	Loss: 109.855087
[2022-10-20 01:26:35] PRINT Train Epoch: 9 [8960/60000 (15%)]	Loss: 103.693108
[2022-10-20 01:26:35] PRINT Train Epoch: 9 [10240/60000 (17%)]	Loss: 109.243301
[2022-10-20 01:26:35] PRINT Train Epoch: 9 [11520/60000 (19%)]	Loss: 115.047600
[2022-10-20 01:26:35] PRINT Train Epoch: 9 [12800/60000 (21%)]	Loss: 110.257812
[2022-10-20 01:26:35] PRINT Train Epoch: 9 [14080/60000 (23%)]	Loss: 112.149536
[2022-10-20 01:26:35] PRINT Train Epoch: 9 [15360/60000 (26%)]	Loss: 112.202576
[2022-10-20 01:26:35] PRINT Train Epoch: 9 [16640/60000 (28%)]	Loss: 112.495789
[2022-10-20 01:26:36] PRINT Train Epoch: 9 [17920/60000 (30%)]	Loss: 110.187218
[2022-10-20 01:26:36] PRINT Train Epoch: 9 [19200/60000 (32%)]	Loss: 113.303040
[2022-10-20 01:26:36] PRINT Train Epoch: 9 [20480/60000 (34%)]	Loss: 111.837959
[2022-10-20 01:26:36] PRINT Train Epoch: 9 [21760/60000 (36%)]	Loss: 106.398743
[2022-10-20 01:26:36] PRINT Train Epoch: 9 [23040/60000 (38%)]	Loss: 112.422760
[2022-10-20 01:26:36] PRINT Train Epoch: 9 [24320/60000 (41%)]	Loss: 109.650887
[2022-10-20 01:26:36] PRINT Train Epoch: 9 [25600/60000 (43%)]	Loss: 110.714073
[2022-10-20 01:26:36] PRINT Train Epoch: 9 [26880/60000 (45%)]	Loss: 113.458008
[2022-10-20 01:26:36] PRINT Train Epoch: 9 [28160/60000 (47%)]	Loss: 104.216553
[2022-10-20 01:26:36] PRINT Train Epoch: 9 [29440/60000 (49%)]	Loss: 105.969330
[2022-10-20 01:26:36] PRINT Train Epoch: 9 [30720/60000 (51%)]	Loss: 107.991257
[2022-10-20 01:26:36] PRINT Train Epoch: 9 [32000/60000 (53%)]	Loss: 111.306870
[2022-10-20 01:26:37] PRINT Train Epoch: 9 [33280/60000 (55%)]	Loss: 112.301880
[2022-10-20 01:26:37] PRINT Train Epoch: 9 [34560/60000 (58%)]	Loss: 108.578987
[2022-10-20 01:26:37] PRINT Train Epoch: 9 [35840/60000 (60%)]	Loss: 112.176926
[2022-10-20 01:26:37] PRINT Train Epoch: 9 [37120/60000 (62%)]	Loss: 105.812302
[2022-10-20 01:26:37] PRINT Train Epoch: 9 [38400/60000 (64%)]	Loss: 110.178696
[2022-10-20 01:26:37] PRINT Train Epoch: 9 [39680/60000 (66%)]	Loss: 109.652077
[2022-10-20 01:26:37] PRINT Train Epoch: 9 [40960/60000 (68%)]	Loss: 112.729523
[2022-10-20 01:26:37] PRINT Train Epoch: 9 [42240/60000 (70%)]	Loss: 107.079819
[2022-10-20 01:26:37] PRINT Train Epoch: 9 [43520/60000 (72%)]	Loss: 107.710480
[2022-10-20 01:26:37] PRINT Train Epoch: 9 [44800/60000 (75%)]	Loss: 109.383179
[2022-10-20 01:26:37] PRINT Train Epoch: 9 [46080/60000 (77%)]	Loss: 111.975586
[2022-10-20 01:26:38] PRINT Train Epoch: 9 [47360/60000 (79%)]	Loss: 111.471664
[2022-10-20 01:26:38] PRINT Train Epoch: 9 [48640/60000 (81%)]	Loss: 107.722702
[2022-10-20 01:26:38] PRINT Train Epoch: 9 [49920/60000 (83%)]	Loss: 108.896736
[2022-10-20 01:26:38] PRINT Train Epoch: 9 [51200/60000 (85%)]	Loss: 110.922668
[2022-10-20 01:26:38] PRINT Train Epoch: 9 [52480/60000 (87%)]	Loss: 114.652786
[2022-10-20 01:26:38] PRINT Train Epoch: 9 [53760/60000 (90%)]	Loss: 113.791077
[2022-10-20 01:26:38] PRINT Train Epoch: 9 [55040/60000 (92%)]	Loss: 112.103317
[2022-10-20 01:26:38] PRINT Train Epoch: 9 [56320/60000 (94%)]	Loss: 109.274811
[2022-10-20 01:26:38] PRINT Train Epoch: 9 [57600/60000 (96%)]	Loss: 110.096504
[2022-10-20 01:26:38] PRINT Train Epoch: 9 [58880/60000 (98%)]	Loss: 115.207062
[2022-10-20 01:26:38] PRINT ====> Epoch: 9 Average loss: 109.7487
[2022-10-20 01:26:39] PRINT ====> Test set loss: 109.2978
[2022-10-20 01:26:39] PRINT Train Epoch: 10 [0/60000 (0%)]	Loss: 109.318031
[2022-10-20 01:26:39] PRINT Train Epoch: 10 [1280/60000 (2%)]	Loss: 109.993279
[2022-10-20 01:26:39] PRINT Train Epoch: 10 [2560/60000 (4%)]	Loss: 106.266266
[2022-10-20 01:26:39] PRINT Train Epoch: 10 [3840/60000 (6%)]	Loss: 111.974319
[2022-10-20 01:26:40] PRINT Train Epoch: 10 [5120/60000 (9%)]	Loss: 107.586624
[2022-10-20 01:26:40] PRINT Train Epoch: 10 [6400/60000 (11%)]	Loss: 111.101913
[2022-10-20 01:26:40] PRINT Train Epoch: 10 [7680/60000 (13%)]	Loss: 108.024796
[2022-10-20 01:26:40] PRINT Train Epoch: 10 [8960/60000 (15%)]	Loss: 115.130646
[2022-10-20 01:26:40] PRINT Train Epoch: 10 [10240/60000 (17%)]	Loss: 107.741287
[2022-10-20 01:26:40] PRINT Train Epoch: 10 [11520/60000 (19%)]	Loss: 111.063446
[2022-10-20 01:26:40] PRINT Train Epoch: 10 [12800/60000 (21%)]	Loss: 108.067184
[2022-10-20 01:26:40] PRINT Train Epoch: 10 [14080/60000 (23%)]	Loss: 113.450317
[2022-10-20 01:26:40] PRINT Train Epoch: 10 [15360/60000 (26%)]	Loss: 106.306831
[2022-10-20 01:26:40] PRINT Train Epoch: 10 [16640/60000 (28%)]	Loss: 113.382797
[2022-10-20 01:26:40] PRINT Train Epoch: 10 [17920/60000 (30%)]	Loss: 106.527519
[2022-10-20 01:26:41] PRINT Train Epoch: 10 [19200/60000 (32%)]	Loss: 109.362709
[2022-10-20 01:26:41] PRINT Train Epoch: 10 [20480/60000 (34%)]	Loss: 107.019043
[2022-10-20 01:26:41] PRINT Train Epoch: 10 [21760/60000 (36%)]	Loss: 107.087105
[2022-10-20 01:26:41] PRINT Train Epoch: 10 [23040/60000 (38%)]	Loss: 106.962631
[2022-10-20 01:26:41] PRINT Train Epoch: 10 [24320/60000 (41%)]	Loss: 114.133095
[2022-10-20 01:26:41] PRINT Train Epoch: 10 [25600/60000 (43%)]	Loss: 113.461563
[2022-10-20 01:26:41] PRINT Train Epoch: 10 [26880/60000 (45%)]	Loss: 110.854996
[2022-10-20 01:26:41] PRINT Train Epoch: 10 [28160/60000 (47%)]	Loss: 104.442551
[2022-10-20 01:26:41] PRINT Train Epoch: 10 [29440/60000 (49%)]	Loss: 104.028381
[2022-10-20 01:26:41] PRINT Train Epoch: 10 [30720/60000 (51%)]	Loss: 104.778824
[2022-10-20 01:26:41] PRINT Train Epoch: 10 [32000/60000 (53%)]	Loss: 108.073471
[2022-10-20 01:26:41] PRINT Train Epoch: 10 [33280/60000 (55%)]	Loss: 109.641464
[2022-10-20 01:26:42] PRINT Train Epoch: 10 [34560/60000 (58%)]	Loss: 110.413704
[2022-10-20 01:26:42] PRINT Train Epoch: 10 [35840/60000 (60%)]	Loss: 108.706230
[2022-10-20 01:26:42] PRINT Train Epoch: 10 [37120/60000 (62%)]	Loss: 109.435593
[2022-10-20 01:26:42] PRINT Train Epoch: 10 [38400/60000 (64%)]	Loss: 104.941948
[2022-10-20 01:26:42] PRINT Train Epoch: 10 [39680/60000 (66%)]	Loss: 113.098686
[2022-10-20 01:26:42] PRINT Train Epoch: 10 [40960/60000 (68%)]	Loss: 109.743652
[2022-10-20 01:26:42] PRINT Train Epoch: 10 [42240/60000 (70%)]	Loss: 105.845993
[2022-10-20 01:26:42] PRINT Train Epoch: 10 [43520/60000 (72%)]	Loss: 112.382095
[2022-10-20 01:26:42] PRINT Train Epoch: 10 [44800/60000 (75%)]	Loss: 111.350006
[2022-10-20 01:26:42] PRINT Train Epoch: 10 [46080/60000 (77%)]	Loss: 106.537277
[2022-10-20 01:26:42] PRINT Train Epoch: 10 [47360/60000 (79%)]	Loss: 112.847847
[2022-10-20 01:26:43] PRINT Train Epoch: 10 [48640/60000 (81%)]	Loss: 108.480309
[2022-10-20 01:26:43] PRINT Train Epoch: 10 [49920/60000 (83%)]	Loss: 109.121971
[2022-10-20 01:26:43] PRINT Train Epoch: 10 [51200/60000 (85%)]	Loss: 105.573799
[2022-10-20 01:26:43] PRINT Train Epoch: 10 [52480/60000 (87%)]	Loss: 109.916611
[2022-10-20 01:26:43] PRINT Train Epoch: 10 [53760/60000 (90%)]	Loss: 111.133804
[2022-10-20 01:26:43] PRINT Train Epoch: 10 [55040/60000 (92%)]	Loss: 111.673241
[2022-10-20 01:26:43] PRINT Train Epoch: 10 [56320/60000 (94%)]	Loss: 109.760986
[2022-10-20 01:26:43] PRINT Train Epoch: 10 [57600/60000 (96%)]	Loss: 103.880783
[2022-10-20 01:26:43] PRINT Train Epoch: 10 [58880/60000 (98%)]	Loss: 109.084587
[2022-10-20 01:26:43] PRINT ====> Epoch: 10 Average loss: 109.4154
[2022-10-20 01:26:44] PRINT ====> Test set loss: 109.7490
