[2022-10-20 01:14:44] PRINT {'features1': 400, 'features2': 30, 'lr': 0.06153759083710094, 'epsilon': 1e-06, 'TRIAL_BUDGET': 2}
[2022-10-20 01:14:44] PRINT Using cuda device
[2022-10-20 01:14:46] PRINT Train Epoch: 1 [0/60000 (0%)]	Loss: 548.482178
[2022-10-20 01:14:46] PRINT Train Epoch: 1 [1280/60000 (2%)]	Loss: 307.767639
[2022-10-20 01:14:46] PRINT Train Epoch: 1 [2560/60000 (4%)]	Loss: 262.249268
[2022-10-20 01:14:46] PRINT Train Epoch: 1 [3840/60000 (6%)]	Loss: 238.606567
[2022-10-20 01:14:46] PRINT Train Epoch: 1 [5120/60000 (9%)]	Loss: 224.708054
[2022-10-20 01:14:46] PRINT Train Epoch: 1 [6400/60000 (11%)]	Loss: 221.776886
[2022-10-20 01:14:46] PRINT Train Epoch: 1 [7680/60000 (13%)]	Loss: 213.210297
[2022-10-20 01:14:46] PRINT Train Epoch: 1 [8960/60000 (15%)]	Loss: 214.906586
[2022-10-20 01:14:46] PRINT Train Epoch: 1 [10240/60000 (17%)]	Loss: 209.621719
[2022-10-20 01:14:46] PRINT Train Epoch: 1 [11520/60000 (19%)]	Loss: 213.908524
[2022-10-20 01:14:46] PRINT Train Epoch: 1 [12800/60000 (21%)]	Loss: 214.510529
[2022-10-20 01:14:47] PRINT Train Epoch: 1 [14080/60000 (23%)]	Loss: 212.576065
[2022-10-20 01:14:47] PRINT Train Epoch: 1 [15360/60000 (26%)]	Loss: 214.944901
[2022-10-20 01:14:47] PRINT Train Epoch: 1 [16640/60000 (28%)]	Loss: 207.750351
[2022-10-20 01:14:47] PRINT Train Epoch: 1 [17920/60000 (30%)]	Loss: 223.473251
[2022-10-20 01:14:47] PRINT Train Epoch: 1 [19200/60000 (32%)]	Loss: 218.713928
[2022-10-20 01:14:47] PRINT Train Epoch: 1 [20480/60000 (34%)]	Loss: 212.359283
[2022-10-20 01:14:47] PRINT Train Epoch: 1 [21760/60000 (36%)]	Loss: 214.771393
[2022-10-20 01:14:47] PRINT Train Epoch: 1 [23040/60000 (38%)]	Loss: 212.384171
[2022-10-20 01:14:47] PRINT Train Epoch: 1 [24320/60000 (41%)]	Loss: 213.192642
[2022-10-20 01:14:47] PRINT Train Epoch: 1 [25600/60000 (43%)]	Loss: 219.716507
[2022-10-20 01:14:47] PRINT Train Epoch: 1 [26880/60000 (45%)]	Loss: 209.676086
[2022-10-20 01:14:48] PRINT Train Epoch: 1 [28160/60000 (47%)]	Loss: 214.739655
[2022-10-20 01:14:48] PRINT Train Epoch: 1 [29440/60000 (49%)]	Loss: 218.124237
[2022-10-20 01:14:48] PRINT Train Epoch: 1 [30720/60000 (51%)]	Loss: 214.359573
[2022-10-20 01:14:48] PRINT Train Epoch: 1 [32000/60000 (53%)]	Loss: 209.700394
[2022-10-20 01:14:48] PRINT Train Epoch: 1 [33280/60000 (55%)]	Loss: 212.795776
[2022-10-20 01:14:48] PRINT Train Epoch: 1 [34560/60000 (58%)]	Loss: 205.827728
[2022-10-20 01:14:48] PRINT Train Epoch: 1 [35840/60000 (60%)]	Loss: 212.134338
[2022-10-20 01:14:48] PRINT Train Epoch: 1 [37120/60000 (62%)]	Loss: 210.580856
[2022-10-20 01:14:48] PRINT Train Epoch: 1 [38400/60000 (64%)]	Loss: 206.363602
[2022-10-20 01:14:48] PRINT Train Epoch: 1 [39680/60000 (66%)]	Loss: 213.462646
[2022-10-20 01:14:48] PRINT Train Epoch: 1 [40960/60000 (68%)]	Loss: 222.203995
[2022-10-20 01:14:49] PRINT Train Epoch: 1 [42240/60000 (70%)]	Loss: 215.688049
[2022-10-20 01:14:49] PRINT Train Epoch: 1 [43520/60000 (72%)]	Loss: 218.516525
[2022-10-20 01:14:49] PRINT Train Epoch: 1 [44800/60000 (75%)]	Loss: 208.778687
[2022-10-20 01:14:49] PRINT Train Epoch: 1 [46080/60000 (77%)]	Loss: 214.056900
[2022-10-20 01:14:49] PRINT Train Epoch: 1 [47360/60000 (79%)]	Loss: 205.180710
[2022-10-20 01:14:49] PRINT Train Epoch: 1 [48640/60000 (81%)]	Loss: 211.386810
[2022-10-20 01:14:49] PRINT Train Epoch: 1 [49920/60000 (83%)]	Loss: 220.763962
[2022-10-20 01:14:49] PRINT Train Epoch: 1 [51200/60000 (85%)]	Loss: 212.875977
[2022-10-20 01:14:49] PRINT Train Epoch: 1 [52480/60000 (87%)]	Loss: 206.582092
[2022-10-20 01:14:49] PRINT Train Epoch: 1 [53760/60000 (90%)]	Loss: 219.948456
[2022-10-20 01:14:49] PRINT Train Epoch: 1 [55040/60000 (92%)]	Loss: 213.298523
[2022-10-20 01:14:50] PRINT Train Epoch: 1 [56320/60000 (94%)]	Loss: 204.101440
[2022-10-20 01:14:50] PRINT Train Epoch: 1 [57600/60000 (96%)]	Loss: 209.041779
[2022-10-20 01:14:50] PRINT Train Epoch: 1 [58880/60000 (98%)]	Loss: 217.574554
[2022-10-20 01:14:50] PRINT ====> Epoch: 1 Average loss: 338.8682
[2022-10-20 01:14:50] PRINT ====> Test set loss: 211.2739
[2022-10-20 01:14:51] PRINT Train Epoch: 2 [0/60000 (0%)]	Loss: 210.909882
[2022-10-20 01:14:51] PRINT Train Epoch: 2 [1280/60000 (2%)]	Loss: 213.286591
[2022-10-20 01:14:51] PRINT Train Epoch: 2 [2560/60000 (4%)]	Loss: 216.869736
[2022-10-20 01:14:51] PRINT Train Epoch: 2 [3840/60000 (6%)]	Loss: 210.976257
[2022-10-20 01:14:51] PRINT Train Epoch: 2 [5120/60000 (9%)]	Loss: 213.241684
[2022-10-20 01:14:51] PRINT Train Epoch: 2 [6400/60000 (11%)]	Loss: 207.494064
[2022-10-20 01:14:51] PRINT Train Epoch: 2 [7680/60000 (13%)]	Loss: 205.696136
[2022-10-20 01:14:51] PRINT Train Epoch: 2 [8960/60000 (15%)]	Loss: 214.006317
[2022-10-20 01:14:51] PRINT Train Epoch: 2 [10240/60000 (17%)]	Loss: 209.907272
[2022-10-20 01:14:51] PRINT Train Epoch: 2 [11520/60000 (19%)]	Loss: 206.871674
[2022-10-20 01:14:51] PRINT Train Epoch: 2 [12800/60000 (21%)]	Loss: 209.725830
[2022-10-20 01:14:51] PRINT Train Epoch: 2 [14080/60000 (23%)]	Loss: 206.241089
[2022-10-20 01:14:52] PRINT Train Epoch: 2 [15360/60000 (26%)]	Loss: 211.731659
[2022-10-20 01:14:52] PRINT Train Epoch: 2 [16640/60000 (28%)]	Loss: 208.010803
[2022-10-20 01:14:52] PRINT Train Epoch: 2 [17920/60000 (30%)]	Loss: 204.866074
[2022-10-20 01:14:52] PRINT Train Epoch: 2 [19200/60000 (32%)]	Loss: 202.134964
[2022-10-20 01:14:52] PRINT Train Epoch: 2 [20480/60000 (34%)]	Loss: 220.383377
[2022-10-20 01:14:52] PRINT Train Epoch: 2 [21760/60000 (36%)]	Loss: 211.714645
[2022-10-20 01:14:52] PRINT Train Epoch: 2 [23040/60000 (38%)]	Loss: 212.000092
[2022-10-20 01:14:52] PRINT Train Epoch: 2 [24320/60000 (41%)]	Loss: 208.629929
[2022-10-20 01:14:52] PRINT Train Epoch: 2 [25600/60000 (43%)]	Loss: 210.590775
[2022-10-20 01:14:52] PRINT Train Epoch: 2 [26880/60000 (45%)]	Loss: 211.618759
[2022-10-20 01:14:52] PRINT Train Epoch: 2 [28160/60000 (47%)]	Loss: 208.359497
[2022-10-20 01:14:52] PRINT Train Epoch: 2 [29440/60000 (49%)]	Loss: 211.620529
[2022-10-20 01:14:53] PRINT Train Epoch: 2 [30720/60000 (51%)]	Loss: 211.956146
[2022-10-20 01:14:53] PRINT Train Epoch: 2 [32000/60000 (53%)]	Loss: 219.645157
[2022-10-20 01:14:53] PRINT Train Epoch: 2 [33280/60000 (55%)]	Loss: 209.998444
[2022-10-20 01:14:53] PRINT Train Epoch: 2 [34560/60000 (58%)]	Loss: 213.613464
[2022-10-20 01:14:53] PRINT Train Epoch: 2 [35840/60000 (60%)]	Loss: 217.267914
[2022-10-20 01:14:53] PRINT Train Epoch: 2 [37120/60000 (62%)]	Loss: 204.407730
[2022-10-20 01:14:53] PRINT Train Epoch: 2 [38400/60000 (64%)]	Loss: 215.435257
[2022-10-20 01:14:53] PRINT Train Epoch: 2 [39680/60000 (66%)]	Loss: 215.223145
[2022-10-20 01:14:53] PRINT Train Epoch: 2 [40960/60000 (68%)]	Loss: 208.601883
[2022-10-20 01:14:53] PRINT Train Epoch: 2 [42240/60000 (70%)]	Loss: 212.429855
[2022-10-20 01:14:53] PRINT Train Epoch: 2 [43520/60000 (72%)]	Loss: 204.034729
[2022-10-20 01:14:54] PRINT Train Epoch: 2 [44800/60000 (75%)]	Loss: 211.023468
[2022-10-20 01:14:54] PRINT Train Epoch: 2 [46080/60000 (77%)]	Loss: 211.310883
[2022-10-20 01:14:54] PRINT Train Epoch: 2 [47360/60000 (79%)]	Loss: 210.707260
[2022-10-20 01:14:54] PRINT Train Epoch: 2 [48640/60000 (81%)]	Loss: 211.138535
[2022-10-20 01:14:54] PRINT Train Epoch: 2 [49920/60000 (83%)]	Loss: 206.947098
[2022-10-20 01:14:54] PRINT Train Epoch: 2 [51200/60000 (85%)]	Loss: 206.580490
[2022-10-20 01:14:54] PRINT Train Epoch: 2 [52480/60000 (87%)]	Loss: 210.617691
[2022-10-20 01:14:54] PRINT Train Epoch: 2 [53760/60000 (90%)]	Loss: 210.035538
[2022-10-20 01:14:54] PRINT Train Epoch: 2 [55040/60000 (92%)]	Loss: 208.854416
[2022-10-20 01:14:54] PRINT Train Epoch: 2 [56320/60000 (94%)]	Loss: 206.969467
[2022-10-20 01:14:54] PRINT Train Epoch: 2 [57600/60000 (96%)]	Loss: 201.948105
[2022-10-20 01:14:55] PRINT Train Epoch: 2 [58880/60000 (98%)]	Loss: 209.974731
[2022-10-20 01:14:55] PRINT ====> Epoch: 2 Average loss: 210.1308
[2022-10-20 01:14:55] PRINT ====> Test set loss: 208.6579
[2022-10-20 01:14:55] PRINT Train Epoch: 3 [0/60000 (0%)]	Loss: 217.854004
[2022-10-20 01:14:55] PRINT Train Epoch: 3 [1280/60000 (2%)]	Loss: 212.915268
[2022-10-20 01:14:55] PRINT Train Epoch: 3 [2560/60000 (4%)]	Loss: 204.239929
[2022-10-20 01:14:56] PRINT Train Epoch: 3 [3840/60000 (6%)]	Loss: 207.031143
[2022-10-20 01:14:56] PRINT Train Epoch: 3 [5120/60000 (9%)]	Loss: 204.502899
[2022-10-20 01:14:56] PRINT Train Epoch: 3 [6400/60000 (11%)]	Loss: 209.583130
[2022-10-20 01:14:56] PRINT Train Epoch: 3 [7680/60000 (13%)]	Loss: 212.111526
[2022-10-20 01:14:56] PRINT Train Epoch: 3 [8960/60000 (15%)]	Loss: 212.703842
[2022-10-20 01:14:56] PRINT Train Epoch: 3 [10240/60000 (17%)]	Loss: 209.619843
[2022-10-20 01:14:56] PRINT Train Epoch: 3 [11520/60000 (19%)]	Loss: 213.196289
[2022-10-20 01:14:56] PRINT Train Epoch: 3 [12800/60000 (21%)]	Loss: 206.073578
[2022-10-20 01:14:56] PRINT Train Epoch: 3 [14080/60000 (23%)]	Loss: 216.892609
[2022-10-20 01:14:56] PRINT Train Epoch: 3 [15360/60000 (26%)]	Loss: 208.108856
[2022-10-20 01:14:56] PRINT Train Epoch: 3 [16640/60000 (28%)]	Loss: 207.361710
[2022-10-20 01:14:57] PRINT Train Epoch: 3 [17920/60000 (30%)]	Loss: 212.321808
[2022-10-20 01:14:57] PRINT Train Epoch: 3 [19200/60000 (32%)]	Loss: 203.853561
[2022-10-20 01:14:57] PRINT Train Epoch: 3 [20480/60000 (34%)]	Loss: 209.515228
[2022-10-20 01:14:57] PRINT Train Epoch: 3 [21760/60000 (36%)]	Loss: 209.055435
[2022-10-20 01:14:57] PRINT Train Epoch: 3 [23040/60000 (38%)]	Loss: 210.213974
[2022-10-20 01:14:57] PRINT Train Epoch: 3 [24320/60000 (41%)]	Loss: 209.292358
[2022-10-20 01:14:57] PRINT Train Epoch: 3 [25600/60000 (43%)]	Loss: 206.355667
[2022-10-20 01:14:57] PRINT Train Epoch: 3 [26880/60000 (45%)]	Loss: 210.624680
[2022-10-20 01:14:57] PRINT Train Epoch: 3 [28160/60000 (47%)]	Loss: 212.499191
[2022-10-20 01:14:57] PRINT Train Epoch: 3 [29440/60000 (49%)]	Loss: 216.895355
[2022-10-20 01:14:57] PRINT Train Epoch: 3 [30720/60000 (51%)]	Loss: 224.074875
[2022-10-20 01:14:57] PRINT Train Epoch: 3 [32000/60000 (53%)]	Loss: 205.794449
[2022-10-20 01:14:58] PRINT Train Epoch: 3 [33280/60000 (55%)]	Loss: 212.484299
[2022-10-20 01:14:58] PRINT Train Epoch: 3 [34560/60000 (58%)]	Loss: 202.728851
[2022-10-20 01:14:58] PRINT Train Epoch: 3 [35840/60000 (60%)]	Loss: 216.053207
[2022-10-20 01:14:58] PRINT Train Epoch: 3 [37120/60000 (62%)]	Loss: 206.089005
[2022-10-20 01:14:58] PRINT Train Epoch: 3 [38400/60000 (64%)]	Loss: 202.356689
[2022-10-20 01:14:58] PRINT Train Epoch: 3 [39680/60000 (66%)]	Loss: 204.301575
[2022-10-20 01:14:58] PRINT Train Epoch: 3 [40960/60000 (68%)]	Loss: 208.631317
[2022-10-20 01:14:58] PRINT Train Epoch: 3 [42240/60000 (70%)]	Loss: 207.114761
[2022-10-20 01:14:58] PRINT Train Epoch: 3 [43520/60000 (72%)]	Loss: 210.167068
[2022-10-20 01:14:58] PRINT Train Epoch: 3 [44800/60000 (75%)]	Loss: 208.131363
[2022-10-20 01:14:58] PRINT Train Epoch: 3 [46080/60000 (77%)]	Loss: 205.686905
[2022-10-20 01:14:58] PRINT Train Epoch: 3 [47360/60000 (79%)]	Loss: 209.380142
[2022-10-20 01:14:59] PRINT Train Epoch: 3 [48640/60000 (81%)]	Loss: 207.037140
[2022-10-20 01:14:59] PRINT Train Epoch: 3 [49920/60000 (83%)]	Loss: 207.028809
[2022-10-20 01:14:59] PRINT Train Epoch: 3 [51200/60000 (85%)]	Loss: 213.883850
[2022-10-20 01:14:59] PRINT Train Epoch: 3 [52480/60000 (87%)]	Loss: 212.300797
[2022-10-20 01:14:59] PRINT Train Epoch: 3 [53760/60000 (90%)]	Loss: 202.730240
[2022-10-20 01:14:59] PRINT Train Epoch: 3 [55040/60000 (92%)]	Loss: 207.131012
[2022-10-20 01:14:59] PRINT Train Epoch: 3 [56320/60000 (94%)]	Loss: 202.766495
[2022-10-20 01:14:59] PRINT Train Epoch: 3 [57600/60000 (96%)]	Loss: 203.198822
[2022-10-20 01:14:59] PRINT Train Epoch: 3 [58880/60000 (98%)]	Loss: 214.872223
[2022-10-20 01:14:59] PRINT ====> Epoch: 3 Average loss: 208.7049
[2022-10-20 01:15:00] PRINT ====> Test set loss: 208.6427
[2022-10-20 01:15:00] PRINT Train Epoch: 4 [0/60000 (0%)]	Loss: 205.557449
[2022-10-20 01:15:00] PRINT Train Epoch: 4 [1280/60000 (2%)]	Loss: 204.393799
[2022-10-20 01:15:00] PRINT Train Epoch: 4 [2560/60000 (4%)]	Loss: 200.622955
[2022-10-20 01:15:00] PRINT Train Epoch: 4 [3840/60000 (6%)]	Loss: 198.668671
[2022-10-20 01:15:00] PRINT Train Epoch: 4 [5120/60000 (9%)]	Loss: 211.098145
[2022-10-20 01:15:01] PRINT Train Epoch: 4 [6400/60000 (11%)]	Loss: 210.001556
[2022-10-20 01:15:01] PRINT Train Epoch: 4 [7680/60000 (13%)]	Loss: 204.631027
[2022-10-20 01:15:01] PRINT Train Epoch: 4 [8960/60000 (15%)]	Loss: 206.757233
[2022-10-20 01:15:01] PRINT Train Epoch: 4 [10240/60000 (17%)]	Loss: 208.815140
[2022-10-20 01:15:01] PRINT Train Epoch: 4 [11520/60000 (19%)]	Loss: 215.267014
[2022-10-20 01:15:01] PRINT Train Epoch: 4 [12800/60000 (21%)]	Loss: 206.386520
[2022-10-20 01:15:01] PRINT Train Epoch: 4 [14080/60000 (23%)]	Loss: 205.528549
[2022-10-20 01:15:01] PRINT Train Epoch: 4 [15360/60000 (26%)]	Loss: 211.488739
[2022-10-20 01:15:01] PRINT Train Epoch: 4 [16640/60000 (28%)]	Loss: 210.995102
[2022-10-20 01:15:01] PRINT Train Epoch: 4 [17920/60000 (30%)]	Loss: 207.257019
[2022-10-20 01:15:01] PRINT Train Epoch: 4 [19200/60000 (32%)]	Loss: 206.858856
[2022-10-20 01:15:01] PRINT Train Epoch: 4 [20480/60000 (34%)]	Loss: 216.432526
[2022-10-20 01:15:02] PRINT Train Epoch: 4 [21760/60000 (36%)]	Loss: 215.683838
[2022-10-20 01:15:02] PRINT Train Epoch: 4 [23040/60000 (38%)]	Loss: 208.683121
[2022-10-20 01:15:02] PRINT Train Epoch: 4 [24320/60000 (41%)]	Loss: 209.832138
[2022-10-20 01:15:02] PRINT Train Epoch: 4 [25600/60000 (43%)]	Loss: 208.662994
[2022-10-20 01:15:02] PRINT Train Epoch: 4 [26880/60000 (45%)]	Loss: 211.085846
[2022-10-20 01:15:02] PRINT Train Epoch: 4 [28160/60000 (47%)]	Loss: 214.085403
[2022-10-20 01:15:02] PRINT Train Epoch: 4 [29440/60000 (49%)]	Loss: 205.716888
[2022-10-20 01:15:02] PRINT Train Epoch: 4 [30720/60000 (51%)]	Loss: 203.867035
[2022-10-20 01:15:02] PRINT Train Epoch: 4 [32000/60000 (53%)]	Loss: 209.196777
[2022-10-20 01:15:02] PRINT Train Epoch: 4 [33280/60000 (55%)]	Loss: 212.512939
[2022-10-20 01:15:02] PRINT Train Epoch: 4 [34560/60000 (58%)]	Loss: 206.153992
[2022-10-20 01:15:03] PRINT Train Epoch: 4 [35840/60000 (60%)]	Loss: 211.473969
[2022-10-20 01:15:03] PRINT Train Epoch: 4 [37120/60000 (62%)]	Loss: 200.705719
[2022-10-20 01:15:03] PRINT Train Epoch: 4 [38400/60000 (64%)]	Loss: 204.789169
[2022-10-20 01:15:03] PRINT Train Epoch: 4 [39680/60000 (66%)]	Loss: 207.006790
[2022-10-20 01:15:03] PRINT Train Epoch: 4 [40960/60000 (68%)]	Loss: 202.463593
[2022-10-20 01:15:03] PRINT Train Epoch: 4 [42240/60000 (70%)]	Loss: 211.514679
[2022-10-20 01:15:03] PRINT Train Epoch: 4 [43520/60000 (72%)]	Loss: 210.930283
[2022-10-20 01:15:03] PRINT Train Epoch: 4 [44800/60000 (75%)]	Loss: 213.848450
[2022-10-20 01:15:03] PRINT Train Epoch: 4 [46080/60000 (77%)]	Loss: 206.923431
[2022-10-20 01:15:03] PRINT Train Epoch: 4 [47360/60000 (79%)]	Loss: 205.421600
[2022-10-20 01:15:03] PRINT Train Epoch: 4 [48640/60000 (81%)]	Loss: 202.567245
[2022-10-20 01:15:03] PRINT Train Epoch: 4 [49920/60000 (83%)]	Loss: 206.677322
[2022-10-20 01:15:04] PRINT Train Epoch: 4 [51200/60000 (85%)]	Loss: 211.122971
[2022-10-20 01:15:04] PRINT Train Epoch: 4 [52480/60000 (87%)]	Loss: 199.243973
[2022-10-20 01:15:04] PRINT Train Epoch: 4 [53760/60000 (90%)]	Loss: 209.646179
[2022-10-20 01:15:04] PRINT Train Epoch: 4 [55040/60000 (92%)]	Loss: 212.752838
[2022-10-20 01:15:04] PRINT Train Epoch: 4 [56320/60000 (94%)]	Loss: 207.252914
[2022-10-20 01:15:04] PRINT Train Epoch: 4 [57600/60000 (96%)]	Loss: 210.707855
[2022-10-20 01:15:04] PRINT Train Epoch: 4 [58880/60000 (98%)]	Loss: 212.908768
[2022-10-20 01:15:04] PRINT ====> Epoch: 4 Average loss: 208.5110
[2022-10-20 01:15:05] PRINT ====> Test set loss: 208.6631
[2022-10-20 01:15:05] PRINT Train Epoch: 5 [0/60000 (0%)]	Loss: 215.300858
[2022-10-20 01:15:05] PRINT Train Epoch: 5 [1280/60000 (2%)]	Loss: 200.874161
[2022-10-20 01:15:05] PRINT Train Epoch: 5 [2560/60000 (4%)]	Loss: 211.143234
[2022-10-20 01:15:05] PRINT Train Epoch: 5 [3840/60000 (6%)]	Loss: 202.212296
[2022-10-20 01:15:05] PRINT Train Epoch: 5 [5120/60000 (9%)]	Loss: 204.041840
[2022-10-20 01:15:05] PRINT Train Epoch: 5 [6400/60000 (11%)]	Loss: 209.407898
[2022-10-20 01:15:05] PRINT Train Epoch: 5 [7680/60000 (13%)]	Loss: 213.203400
[2022-10-20 01:15:06] PRINT Train Epoch: 5 [8960/60000 (15%)]	Loss: 209.096710
[2022-10-20 01:15:06] PRINT Train Epoch: 5 [10240/60000 (17%)]	Loss: 208.930023
[2022-10-20 01:15:06] PRINT Train Epoch: 5 [11520/60000 (19%)]	Loss: 213.057526
[2022-10-20 01:15:06] PRINT Train Epoch: 5 [12800/60000 (21%)]	Loss: 214.387222
[2022-10-20 01:15:06] PRINT Train Epoch: 5 [14080/60000 (23%)]	Loss: 208.041443
[2022-10-20 01:15:06] PRINT Train Epoch: 5 [15360/60000 (26%)]	Loss: 208.091248
[2022-10-20 01:15:06] PRINT Train Epoch: 5 [16640/60000 (28%)]	Loss: 210.081573
[2022-10-20 01:15:06] PRINT Train Epoch: 5 [17920/60000 (30%)]	Loss: 209.767441
[2022-10-20 01:15:06] PRINT Train Epoch: 5 [19200/60000 (32%)]	Loss: 207.505386
[2022-10-20 01:15:06] PRINT Train Epoch: 5 [20480/60000 (34%)]	Loss: 212.119583
[2022-10-20 01:15:06] PRINT Train Epoch: 5 [21760/60000 (36%)]	Loss: 206.218704
[2022-10-20 01:15:07] PRINT Train Epoch: 5 [23040/60000 (38%)]	Loss: 203.257217
[2022-10-20 01:15:07] PRINT Train Epoch: 5 [24320/60000 (41%)]	Loss: 206.658508
[2022-10-20 01:15:07] PRINT Train Epoch: 5 [25600/60000 (43%)]	Loss: 208.134186
[2022-10-20 01:15:07] PRINT Train Epoch: 5 [26880/60000 (45%)]	Loss: 209.826309
[2022-10-20 01:15:07] PRINT Train Epoch: 5 [28160/60000 (47%)]	Loss: 210.669830
[2022-10-20 01:15:07] PRINT Train Epoch: 5 [29440/60000 (49%)]	Loss: 213.427551
[2022-10-20 01:15:07] PRINT Train Epoch: 5 [30720/60000 (51%)]	Loss: 206.302628
[2022-10-20 01:15:07] PRINT Train Epoch: 5 [32000/60000 (53%)]	Loss: 208.365784
[2022-10-20 01:15:07] PRINT Train Epoch: 5 [33280/60000 (55%)]	Loss: 210.484863
[2022-10-20 01:15:07] PRINT Train Epoch: 5 [34560/60000 (58%)]	Loss: 208.879517
[2022-10-20 01:15:07] PRINT Train Epoch: 5 [35840/60000 (60%)]	Loss: 207.466431
[2022-10-20 01:15:07] PRINT Train Epoch: 5 [37120/60000 (62%)]	Loss: 211.147812
[2022-10-20 01:15:08] PRINT Train Epoch: 5 [38400/60000 (64%)]	Loss: 206.900009
[2022-10-20 01:15:08] PRINT Train Epoch: 5 [39680/60000 (66%)]	Loss: 207.983856
[2022-10-20 01:15:08] PRINT Train Epoch: 5 [40960/60000 (68%)]	Loss: 212.920822
[2022-10-20 01:15:08] PRINT Train Epoch: 5 [42240/60000 (70%)]	Loss: 209.424438
[2022-10-20 01:15:08] PRINT Train Epoch: 5 [43520/60000 (72%)]	Loss: 206.562881
[2022-10-20 01:15:08] PRINT Train Epoch: 5 [44800/60000 (75%)]	Loss: 206.562729
[2022-10-20 01:15:08] PRINT Train Epoch: 5 [46080/60000 (77%)]	Loss: 210.175919
[2022-10-20 01:15:08] PRINT Train Epoch: 5 [47360/60000 (79%)]	Loss: 217.411789
[2022-10-20 01:15:08] PRINT Train Epoch: 5 [48640/60000 (81%)]	Loss: 214.664948
[2022-10-20 01:15:08] PRINT Train Epoch: 5 [49920/60000 (83%)]	Loss: 212.902954
[2022-10-20 01:15:08] PRINT Train Epoch: 5 [51200/60000 (85%)]	Loss: 203.445068
[2022-10-20 01:15:09] PRINT Train Epoch: 5 [52480/60000 (87%)]	Loss: 214.122467
[2022-10-20 01:15:09] PRINT Train Epoch: 5 [53760/60000 (90%)]	Loss: 204.128937
[2022-10-20 01:15:09] PRINT Train Epoch: 5 [55040/60000 (92%)]	Loss: 210.687683
[2022-10-20 01:15:09] PRINT Train Epoch: 5 [56320/60000 (94%)]	Loss: 199.034286
[2022-10-20 01:15:09] PRINT Train Epoch: 5 [57600/60000 (96%)]	Loss: 202.285934
[2022-10-20 01:15:09] PRINT Train Epoch: 5 [58880/60000 (98%)]	Loss: 209.736145
[2022-10-20 01:15:09] PRINT ====> Epoch: 5 Average loss: 208.6683
[2022-10-20 01:15:10] PRINT ====> Test set loss: 209.0600
[2022-10-20 01:15:10] PRINT Train Epoch: 6 [0/60000 (0%)]	Loss: 204.924423
[2022-10-20 01:15:10] PRINT Train Epoch: 6 [1280/60000 (2%)]	Loss: 212.234955
[2022-10-20 01:15:10] PRINT Train Epoch: 6 [2560/60000 (4%)]	Loss: 209.220184
[2022-10-20 01:15:10] PRINT Train Epoch: 6 [3840/60000 (6%)]	Loss: 205.794128
[2022-10-20 01:15:10] PRINT Train Epoch: 6 [5120/60000 (9%)]	Loss: 207.485458
[2022-10-20 01:15:10] PRINT Train Epoch: 6 [6400/60000 (11%)]	Loss: 210.267883
[2022-10-20 01:15:10] PRINT Train Epoch: 6 [7680/60000 (13%)]	Loss: 206.952438
[2022-10-20 01:15:10] PRINT Train Epoch: 6 [8960/60000 (15%)]	Loss: 206.163162
[2022-10-20 01:15:11] PRINT Train Epoch: 6 [10240/60000 (17%)]	Loss: 215.244675
[2022-10-20 01:15:11] PRINT Train Epoch: 6 [11520/60000 (19%)]	Loss: 211.453873
[2022-10-20 01:15:11] PRINT Train Epoch: 6 [12800/60000 (21%)]	Loss: 202.677124
[2022-10-20 01:15:11] PRINT Train Epoch: 6 [14080/60000 (23%)]	Loss: 206.283829
[2022-10-20 01:15:11] PRINT Train Epoch: 6 [15360/60000 (26%)]	Loss: 207.082977
[2022-10-20 01:15:11] PRINT Train Epoch: 6 [16640/60000 (28%)]	Loss: 205.171585
[2022-10-20 01:15:11] PRINT Train Epoch: 6 [17920/60000 (30%)]	Loss: 207.686142
[2022-10-20 01:15:11] PRINT Train Epoch: 6 [19200/60000 (32%)]	Loss: 207.233749
[2022-10-20 01:15:11] PRINT Train Epoch: 6 [20480/60000 (34%)]	Loss: 208.309860
[2022-10-20 01:15:11] PRINT Train Epoch: 6 [21760/60000 (36%)]	Loss: 213.330627
[2022-10-20 01:15:11] PRINT Train Epoch: 6 [23040/60000 (38%)]	Loss: 202.970200
[2022-10-20 01:15:11] PRINT Train Epoch: 6 [24320/60000 (41%)]	Loss: 212.412079
[2022-10-20 01:15:12] PRINT Train Epoch: 6 [25600/60000 (43%)]	Loss: 203.267258
[2022-10-20 01:15:12] PRINT Train Epoch: 6 [26880/60000 (45%)]	Loss: 211.029709
[2022-10-20 01:15:12] PRINT Train Epoch: 6 [28160/60000 (47%)]	Loss: 206.653625
[2022-10-20 01:15:12] PRINT Train Epoch: 6 [29440/60000 (49%)]	Loss: 216.157852
[2022-10-20 01:15:12] PRINT Train Epoch: 6 [30720/60000 (51%)]	Loss: 201.594620
[2022-10-20 01:15:12] PRINT Train Epoch: 6 [32000/60000 (53%)]	Loss: 206.999863
[2022-10-20 01:15:12] PRINT Train Epoch: 6 [33280/60000 (55%)]	Loss: 210.130585
[2022-10-20 01:15:12] PRINT Train Epoch: 6 [34560/60000 (58%)]	Loss: 201.091461
[2022-10-20 01:15:12] PRINT Train Epoch: 6 [35840/60000 (60%)]	Loss: 204.285995
[2022-10-20 01:15:12] PRINT Train Epoch: 6 [37120/60000 (62%)]	Loss: 210.836975
[2022-10-20 01:15:12] PRINT Train Epoch: 6 [38400/60000 (64%)]	Loss: 203.635635
[2022-10-20 01:15:13] PRINT Train Epoch: 6 [39680/60000 (66%)]	Loss: 209.156799
[2022-10-20 01:15:13] PRINT Train Epoch: 6 [40960/60000 (68%)]	Loss: 209.864273
[2022-10-20 01:15:13] PRINT Train Epoch: 6 [42240/60000 (70%)]	Loss: 212.906494
[2022-10-20 01:15:13] PRINT Train Epoch: 6 [43520/60000 (72%)]	Loss: 210.008331
[2022-10-20 01:15:13] PRINT Train Epoch: 6 [44800/60000 (75%)]	Loss: 210.465714
[2022-10-20 01:15:13] PRINT Train Epoch: 6 [46080/60000 (77%)]	Loss: 202.137222
[2022-10-20 01:15:13] PRINT Train Epoch: 6 [47360/60000 (79%)]	Loss: 210.746216
[2022-10-20 01:15:13] PRINT Train Epoch: 6 [48640/60000 (81%)]	Loss: 213.269562
[2022-10-20 01:15:13] PRINT Train Epoch: 6 [49920/60000 (83%)]	Loss: 205.654907
[2022-10-20 01:15:13] PRINT Train Epoch: 6 [51200/60000 (85%)]	Loss: 211.170944
[2022-10-20 01:15:13] PRINT Train Epoch: 6 [52480/60000 (87%)]	Loss: 205.623077
[2022-10-20 01:15:13] PRINT Train Epoch: 6 [53760/60000 (90%)]	Loss: 205.455765
[2022-10-20 01:15:14] PRINT Train Epoch: 6 [55040/60000 (92%)]	Loss: 206.829346
[2022-10-20 01:15:14] PRINT Train Epoch: 6 [56320/60000 (94%)]	Loss: 214.279236
[2022-10-20 01:15:14] PRINT Train Epoch: 6 [57600/60000 (96%)]	Loss: 200.671387
[2022-10-20 01:15:14] PRINT Train Epoch: 6 [58880/60000 (98%)]	Loss: 213.429138
[2022-10-20 01:15:14] PRINT ====> Epoch: 6 Average loss: 208.8495
[2022-10-20 01:15:15] PRINT ====> Test set loss: 209.0283
[2022-10-20 01:15:15] PRINT Train Epoch: 7 [0/60000 (0%)]	Loss: 209.565079
[2022-10-20 01:15:15] PRINT Train Epoch: 7 [1280/60000 (2%)]	Loss: 211.303741
[2022-10-20 01:15:15] PRINT Train Epoch: 7 [2560/60000 (4%)]	Loss: 207.938171
[2022-10-20 01:15:15] PRINT Train Epoch: 7 [3840/60000 (6%)]	Loss: 213.301376
[2022-10-20 01:15:15] PRINT Train Epoch: 7 [5120/60000 (9%)]	Loss: 208.088181
[2022-10-20 01:15:15] PRINT Train Epoch: 7 [6400/60000 (11%)]	Loss: 216.222839
[2022-10-20 01:15:15] PRINT Train Epoch: 7 [7680/60000 (13%)]	Loss: 206.300690
[2022-10-20 01:15:15] PRINT Train Epoch: 7 [8960/60000 (15%)]	Loss: 213.243591
[2022-10-20 01:15:15] PRINT Train Epoch: 7 [10240/60000 (17%)]	Loss: 206.797928
[2022-10-20 01:15:16] PRINT Train Epoch: 7 [11520/60000 (19%)]	Loss: 213.156464
[2022-10-20 01:15:16] PRINT Train Epoch: 7 [12800/60000 (21%)]	Loss: 214.350235
[2022-10-20 01:15:16] PRINT Train Epoch: 7 [14080/60000 (23%)]	Loss: 204.887924
[2022-10-20 01:15:16] PRINT Train Epoch: 7 [15360/60000 (26%)]	Loss: 208.133881
[2022-10-20 01:15:16] PRINT Train Epoch: 7 [16640/60000 (28%)]	Loss: 219.623260
[2022-10-20 01:15:16] PRINT Train Epoch: 7 [17920/60000 (30%)]	Loss: 208.668884
[2022-10-20 01:15:16] PRINT Train Epoch: 7 [19200/60000 (32%)]	Loss: 209.049301
[2022-10-20 01:15:16] PRINT Train Epoch: 7 [20480/60000 (34%)]	Loss: 214.383423
[2022-10-20 01:15:16] PRINT Train Epoch: 7 [21760/60000 (36%)]	Loss: 209.517303
[2022-10-20 01:15:16] PRINT Train Epoch: 7 [23040/60000 (38%)]	Loss: 211.558441
[2022-10-20 01:15:16] PRINT Train Epoch: 7 [24320/60000 (41%)]	Loss: 206.892136
[2022-10-20 01:15:16] PRINT Train Epoch: 7 [25600/60000 (43%)]	Loss: 208.857315
[2022-10-20 01:15:17] PRINT Train Epoch: 7 [26880/60000 (45%)]	Loss: 201.933258
[2022-10-20 01:15:17] PRINT Train Epoch: 7 [28160/60000 (47%)]	Loss: 205.826462
[2022-10-20 01:15:17] PRINT Train Epoch: 7 [29440/60000 (49%)]	Loss: 214.300430
[2022-10-20 01:15:17] PRINT Train Epoch: 7 [30720/60000 (51%)]	Loss: 207.221771
[2022-10-20 01:15:17] PRINT Train Epoch: 7 [32000/60000 (53%)]	Loss: 209.421722
[2022-10-20 01:15:17] PRINT Train Epoch: 7 [33280/60000 (55%)]	Loss: 207.342331
[2022-10-20 01:15:17] PRINT Train Epoch: 7 [34560/60000 (58%)]	Loss: 208.624222
[2022-10-20 01:15:17] PRINT Train Epoch: 7 [35840/60000 (60%)]	Loss: 212.285095
[2022-10-20 01:15:17] PRINT Train Epoch: 7 [37120/60000 (62%)]	Loss: 210.462891
[2022-10-20 01:15:17] PRINT Train Epoch: 7 [38400/60000 (64%)]	Loss: 214.540634
[2022-10-20 01:15:17] PRINT Train Epoch: 7 [39680/60000 (66%)]	Loss: 212.925293
[2022-10-20 01:15:18] PRINT Train Epoch: 7 [40960/60000 (68%)]	Loss: 209.700684
[2022-10-20 01:15:18] PRINT Train Epoch: 7 [42240/60000 (70%)]	Loss: 210.276535
[2022-10-20 01:15:18] PRINT Train Epoch: 7 [43520/60000 (72%)]	Loss: 216.614777
[2022-10-20 01:15:18] PRINT Train Epoch: 7 [44800/60000 (75%)]	Loss: 205.379227
[2022-10-20 01:15:18] PRINT Train Epoch: 7 [46080/60000 (77%)]	Loss: 213.768158
[2022-10-20 01:15:18] PRINT Train Epoch: 7 [47360/60000 (79%)]	Loss: 215.445984
[2022-10-20 01:15:18] PRINT Train Epoch: 7 [48640/60000 (81%)]	Loss: 201.057068
[2022-10-20 01:15:18] PRINT Train Epoch: 7 [49920/60000 (83%)]	Loss: 205.496506
[2022-10-20 01:15:18] PRINT Train Epoch: 7 [51200/60000 (85%)]	Loss: 205.399139
[2022-10-20 01:15:18] PRINT Train Epoch: 7 [52480/60000 (87%)]	Loss: 203.374680
[2022-10-20 01:15:18] PRINT Train Epoch: 7 [53760/60000 (90%)]	Loss: 209.190628
[2022-10-20 01:15:18] PRINT Train Epoch: 7 [55040/60000 (92%)]	Loss: 210.104141
[2022-10-20 01:15:19] PRINT Train Epoch: 7 [56320/60000 (94%)]	Loss: 210.977737
[2022-10-20 01:15:19] PRINT Train Epoch: 7 [57600/60000 (96%)]	Loss: 212.212280
[2022-10-20 01:15:19] PRINT Train Epoch: 7 [58880/60000 (98%)]	Loss: 210.141632
[2022-10-20 01:15:19] PRINT ====> Epoch: 7 Average loss: 209.0915
[2022-10-20 01:15:20] PRINT ====> Test set loss: 208.6618
[2022-10-20 01:15:20] PRINT Train Epoch: 8 [0/60000 (0%)]	Loss: 199.303818
[2022-10-20 01:15:20] PRINT Train Epoch: 8 [1280/60000 (2%)]	Loss: 207.446335
[2022-10-20 01:15:20] PRINT Train Epoch: 8 [2560/60000 (4%)]	Loss: 203.144470
[2022-10-20 01:15:20] PRINT Train Epoch: 8 [3840/60000 (6%)]	Loss: 207.577530
[2022-10-20 01:15:20] PRINT Train Epoch: 8 [5120/60000 (9%)]	Loss: 207.777069
[2022-10-20 01:15:20] PRINT Train Epoch: 8 [6400/60000 (11%)]	Loss: 206.718903
[2022-10-20 01:15:20] PRINT Train Epoch: 8 [7680/60000 (13%)]	Loss: 211.019455
[2022-10-20 01:15:20] PRINT Train Epoch: 8 [8960/60000 (15%)]	Loss: 221.375351
[2022-10-20 01:15:20] PRINT Train Epoch: 8 [10240/60000 (17%)]	Loss: 203.761276
[2022-10-20 01:15:20] PRINT Train Epoch: 8 [11520/60000 (19%)]	Loss: 212.106277
[2022-10-20 01:15:20] PRINT Train Epoch: 8 [12800/60000 (21%)]	Loss: 208.035553
[2022-10-20 01:15:20] PRINT Train Epoch: 8 [14080/60000 (23%)]	Loss: 201.692871
[2022-10-20 01:15:21] PRINT Train Epoch: 8 [15360/60000 (26%)]	Loss: 211.215118
[2022-10-20 01:15:21] PRINT Train Epoch: 8 [16640/60000 (28%)]	Loss: 208.106812
[2022-10-20 01:15:21] PRINT Train Epoch: 8 [17920/60000 (30%)]	Loss: 221.869812
[2022-10-20 01:15:21] PRINT Train Epoch: 8 [19200/60000 (32%)]	Loss: 208.969772
[2022-10-20 01:15:21] PRINT Train Epoch: 8 [20480/60000 (34%)]	Loss: 210.697357
[2022-10-20 01:15:21] PRINT Train Epoch: 8 [21760/60000 (36%)]	Loss: 217.934174
[2022-10-20 01:15:21] PRINT Train Epoch: 8 [23040/60000 (38%)]	Loss: 204.754410
[2022-10-20 01:15:21] PRINT Train Epoch: 8 [24320/60000 (41%)]	Loss: 217.007431
[2022-10-20 01:15:21] PRINT Train Epoch: 8 [25600/60000 (43%)]	Loss: 207.356583
[2022-10-20 01:15:21] PRINT Train Epoch: 8 [26880/60000 (45%)]	Loss: 205.651886
[2022-10-20 01:15:21] PRINT Train Epoch: 8 [28160/60000 (47%)]	Loss: 211.771957
[2022-10-20 01:15:22] PRINT Train Epoch: 8 [29440/60000 (49%)]	Loss: 209.891174
[2022-10-20 01:15:22] PRINT Train Epoch: 8 [30720/60000 (51%)]	Loss: 218.125870
[2022-10-20 01:15:22] PRINT Train Epoch: 8 [32000/60000 (53%)]	Loss: 205.188950
[2022-10-20 01:15:22] PRINT Train Epoch: 8 [33280/60000 (55%)]	Loss: 201.023254
[2022-10-20 01:15:22] PRINT Train Epoch: 8 [34560/60000 (58%)]	Loss: 200.127945
[2022-10-20 01:15:22] PRINT Train Epoch: 8 [35840/60000 (60%)]	Loss: 212.514465
[2022-10-20 01:15:22] PRINT Train Epoch: 8 [37120/60000 (62%)]	Loss: 211.763199
[2022-10-20 01:15:22] PRINT Train Epoch: 8 [38400/60000 (64%)]	Loss: 210.792053
[2022-10-20 01:15:22] PRINT Train Epoch: 8 [39680/60000 (66%)]	Loss: 211.588989
[2022-10-20 01:15:22] PRINT Train Epoch: 8 [40960/60000 (68%)]	Loss: 206.563583
[2022-10-20 01:15:22] PRINT Train Epoch: 8 [42240/60000 (70%)]	Loss: 206.701096
[2022-10-20 01:15:23] PRINT Train Epoch: 8 [43520/60000 (72%)]	Loss: 209.385696
[2022-10-20 01:15:23] PRINT Train Epoch: 8 [44800/60000 (75%)]	Loss: 203.591034
[2022-10-20 01:15:23] PRINT Train Epoch: 8 [46080/60000 (77%)]	Loss: 210.501678
[2022-10-20 01:15:23] PRINT Train Epoch: 8 [47360/60000 (79%)]	Loss: 205.989075
[2022-10-20 01:15:23] PRINT Train Epoch: 8 [48640/60000 (81%)]	Loss: 209.090988
[2022-10-20 01:15:23] PRINT Train Epoch: 8 [49920/60000 (83%)]	Loss: 207.218201
[2022-10-20 01:15:23] PRINT Train Epoch: 8 [51200/60000 (85%)]	Loss: 208.558258
[2022-10-20 01:15:23] PRINT Train Epoch: 8 [52480/60000 (87%)]	Loss: 205.536957
[2022-10-20 01:15:23] PRINT Train Epoch: 8 [53760/60000 (90%)]	Loss: 212.784546
[2022-10-20 01:15:23] PRINT Train Epoch: 8 [55040/60000 (92%)]	Loss: 208.510666
[2022-10-20 01:15:23] PRINT Train Epoch: 8 [56320/60000 (94%)]	Loss: 207.618393
[2022-10-20 01:15:23] PRINT Train Epoch: 8 [57600/60000 (96%)]	Loss: 206.971344
[2022-10-20 01:15:24] PRINT Train Epoch: 8 [58880/60000 (98%)]	Loss: 210.966858
[2022-10-20 01:15:24] PRINT ====> Epoch: 8 Average loss: 209.0925
[2022-10-20 01:15:24] PRINT ====> Test set loss: 208.4264
[2022-10-20 01:15:24] PRINT Train Epoch: 9 [0/60000 (0%)]	Loss: 205.460114
[2022-10-20 01:15:24] PRINT Train Epoch: 9 [1280/60000 (2%)]	Loss: 211.577103
[2022-10-20 01:15:25] PRINT Train Epoch: 9 [2560/60000 (4%)]	Loss: 212.065399
[2022-10-20 01:15:25] PRINT Train Epoch: 9 [3840/60000 (6%)]	Loss: 208.025818
[2022-10-20 01:15:25] PRINT Train Epoch: 9 [5120/60000 (9%)]	Loss: 206.395615
[2022-10-20 01:15:25] PRINT Train Epoch: 9 [6400/60000 (11%)]	Loss: 202.381317
[2022-10-20 01:15:25] PRINT Train Epoch: 9 [7680/60000 (13%)]	Loss: 204.033112
[2022-10-20 01:15:25] PRINT Train Epoch: 9 [8960/60000 (15%)]	Loss: 205.736862
[2022-10-20 01:15:25] PRINT Train Epoch: 9 [10240/60000 (17%)]	Loss: 209.522644
[2022-10-20 01:15:25] PRINT Train Epoch: 9 [11520/60000 (19%)]	Loss: 213.610001
[2022-10-20 01:15:25] PRINT Train Epoch: 9 [12800/60000 (21%)]	Loss: 214.658325
[2022-10-20 01:15:25] PRINT Train Epoch: 9 [14080/60000 (23%)]	Loss: 215.726395
[2022-10-20 01:15:25] PRINT Train Epoch: 9 [15360/60000 (26%)]	Loss: 211.628616
[2022-10-20 01:15:25] PRINT Train Epoch: 9 [16640/60000 (28%)]	Loss: 206.222397
[2022-10-20 01:15:26] PRINT Train Epoch: 9 [17920/60000 (30%)]	Loss: 208.700638
[2022-10-20 01:15:26] PRINT Train Epoch: 9 [19200/60000 (32%)]	Loss: 204.752899
[2022-10-20 01:15:26] PRINT Train Epoch: 9 [20480/60000 (34%)]	Loss: 211.405945
[2022-10-20 01:15:26] PRINT Train Epoch: 9 [21760/60000 (36%)]	Loss: 219.820618
[2022-10-20 01:15:26] PRINT Train Epoch: 9 [23040/60000 (38%)]	Loss: 202.263245
[2022-10-20 01:15:26] PRINT Train Epoch: 9 [24320/60000 (41%)]	Loss: 206.234314
[2022-10-20 01:15:26] PRINT Train Epoch: 9 [25600/60000 (43%)]	Loss: 220.080750
[2022-10-20 01:15:26] PRINT Train Epoch: 9 [26880/60000 (45%)]	Loss: 206.734177
[2022-10-20 01:15:26] PRINT Train Epoch: 9 [28160/60000 (47%)]	Loss: 204.747086
[2022-10-20 01:15:26] PRINT Train Epoch: 9 [29440/60000 (49%)]	Loss: 207.557755
[2022-10-20 01:15:26] PRINT Train Epoch: 9 [30720/60000 (51%)]	Loss: 206.229492
[2022-10-20 01:15:27] PRINT Train Epoch: 9 [32000/60000 (53%)]	Loss: 206.480637
[2022-10-20 01:15:27] PRINT Train Epoch: 9 [33280/60000 (55%)]	Loss: 219.344879
[2022-10-20 01:15:27] PRINT Train Epoch: 9 [34560/60000 (58%)]	Loss: 206.397934
[2022-10-20 01:15:27] PRINT Train Epoch: 9 [35840/60000 (60%)]	Loss: 203.087753
[2022-10-20 01:15:27] PRINT Train Epoch: 9 [37120/60000 (62%)]	Loss: 202.294373
[2022-10-20 01:15:27] PRINT Train Epoch: 9 [38400/60000 (64%)]	Loss: 210.240845
[2022-10-20 01:15:27] PRINT Train Epoch: 9 [39680/60000 (66%)]	Loss: 210.782303
[2022-10-20 01:15:27] PRINT Train Epoch: 9 [40960/60000 (68%)]	Loss: 210.043564
[2022-10-20 01:15:27] PRINT Train Epoch: 9 [42240/60000 (70%)]	Loss: 207.845444
[2022-10-20 01:15:27] PRINT Train Epoch: 9 [43520/60000 (72%)]	Loss: 215.869858
[2022-10-20 01:15:27] PRINT Train Epoch: 9 [44800/60000 (75%)]	Loss: 208.184479
[2022-10-20 01:15:28] PRINT Train Epoch: 9 [46080/60000 (77%)]	Loss: 215.108749
[2022-10-20 01:15:28] PRINT Train Epoch: 9 [47360/60000 (79%)]	Loss: 210.770996
[2022-10-20 01:15:28] PRINT Train Epoch: 9 [48640/60000 (81%)]	Loss: 212.377960
[2022-10-20 01:15:28] PRINT Train Epoch: 9 [49920/60000 (83%)]	Loss: 213.897629
[2022-10-20 01:15:28] PRINT Train Epoch: 9 [51200/60000 (85%)]	Loss: 207.084839
[2022-10-20 01:15:28] PRINT Train Epoch: 9 [52480/60000 (87%)]	Loss: 210.951950
[2022-10-20 01:15:28] PRINT Train Epoch: 9 [53760/60000 (90%)]	Loss: 205.552322
[2022-10-20 01:15:28] PRINT Train Epoch: 9 [55040/60000 (92%)]	Loss: 211.264740
[2022-10-20 01:15:28] PRINT Train Epoch: 9 [56320/60000 (94%)]	Loss: 212.875626
[2022-10-20 01:15:28] PRINT Train Epoch: 9 [57600/60000 (96%)]	Loss: 214.465347
[2022-10-20 01:15:28] PRINT Train Epoch: 9 [58880/60000 (98%)]	Loss: 204.402298
[2022-10-20 01:15:28] PRINT ====> Epoch: 9 Average loss: 209.0199
[2022-10-20 01:15:29] PRINT ====> Test set loss: 207.8432
[2022-10-20 01:15:29] PRINT Train Epoch: 10 [0/60000 (0%)]	Loss: 203.883881
[2022-10-20 01:15:29] PRINT Train Epoch: 10 [1280/60000 (2%)]	Loss: 212.094925
[2022-10-20 01:15:29] PRINT Train Epoch: 10 [2560/60000 (4%)]	Loss: 205.979614
[2022-10-20 01:15:30] PRINT Train Epoch: 10 [3840/60000 (6%)]	Loss: 206.179031
[2022-10-20 01:15:30] PRINT Train Epoch: 10 [5120/60000 (9%)]	Loss: 200.809479
[2022-10-20 01:15:30] PRINT Train Epoch: 10 [6400/60000 (11%)]	Loss: 197.140427
[2022-10-20 01:15:30] PRINT Train Epoch: 10 [7680/60000 (13%)]	Loss: 206.788956
[2022-10-20 01:15:30] PRINT Train Epoch: 10 [8960/60000 (15%)]	Loss: 206.734543
[2022-10-20 01:15:30] PRINT Train Epoch: 10 [10240/60000 (17%)]	Loss: 205.904388
[2022-10-20 01:15:30] PRINT Train Epoch: 10 [11520/60000 (19%)]	Loss: 205.024353
[2022-10-20 01:15:30] PRINT Train Epoch: 10 [12800/60000 (21%)]	Loss: 208.921524
[2022-10-20 01:15:30] PRINT Train Epoch: 10 [14080/60000 (23%)]	Loss: 214.204254
[2022-10-20 01:15:30] PRINT Train Epoch: 10 [15360/60000 (26%)]	Loss: 210.537094
[2022-10-20 01:15:30] PRINT Train Epoch: 10 [16640/60000 (28%)]	Loss: 214.938614
[2022-10-20 01:15:30] PRINT Train Epoch: 10 [17920/60000 (30%)]	Loss: 212.637283
[2022-10-20 01:15:31] PRINT Train Epoch: 10 [19200/60000 (32%)]	Loss: 207.244049
[2022-10-20 01:15:31] PRINT Train Epoch: 10 [20480/60000 (34%)]	Loss: 214.031296
[2022-10-20 01:15:31] PRINT Train Epoch: 10 [21760/60000 (36%)]	Loss: 205.580063
[2022-10-20 01:15:31] PRINT Train Epoch: 10 [23040/60000 (38%)]	Loss: 197.348541
[2022-10-20 01:15:31] PRINT Train Epoch: 10 [24320/60000 (41%)]	Loss: 208.792252
[2022-10-20 01:15:31] PRINT Train Epoch: 10 [25600/60000 (43%)]	Loss: 203.853561
[2022-10-20 01:15:31] PRINT Train Epoch: 10 [26880/60000 (45%)]	Loss: 213.564285
[2022-10-20 01:15:31] PRINT Train Epoch: 10 [28160/60000 (47%)]	Loss: 203.775558
[2022-10-20 01:15:31] PRINT Train Epoch: 10 [29440/60000 (49%)]	Loss: 204.812790
[2022-10-20 01:15:31] PRINT Train Epoch: 10 [30720/60000 (51%)]	Loss: 204.837250
[2022-10-20 01:15:31] PRINT Train Epoch: 10 [32000/60000 (53%)]	Loss: 202.801758
[2022-10-20 01:15:31] PRINT Train Epoch: 10 [33280/60000 (55%)]	Loss: 209.252716
[2022-10-20 01:15:32] PRINT Train Epoch: 10 [34560/60000 (58%)]	Loss: 201.835495
[2022-10-20 01:15:32] PRINT Train Epoch: 10 [35840/60000 (60%)]	Loss: 206.526947
[2022-10-20 01:15:32] PRINT Train Epoch: 10 [37120/60000 (62%)]	Loss: 208.542938
[2022-10-20 01:15:32] PRINT Train Epoch: 10 [38400/60000 (64%)]	Loss: 209.710037
[2022-10-20 01:15:32] PRINT Train Epoch: 10 [39680/60000 (66%)]	Loss: 210.011520
[2022-10-20 01:15:32] PRINT Train Epoch: 10 [40960/60000 (68%)]	Loss: 209.545792
[2022-10-20 01:15:32] PRINT Train Epoch: 10 [42240/60000 (70%)]	Loss: 208.619507
[2022-10-20 01:15:32] PRINT Train Epoch: 10 [43520/60000 (72%)]	Loss: 211.922287
[2022-10-20 01:15:32] PRINT Train Epoch: 10 [44800/60000 (75%)]	Loss: 213.493835
[2022-10-20 01:15:32] PRINT Train Epoch: 10 [46080/60000 (77%)]	Loss: 212.115433
[2022-10-20 01:15:32] PRINT Train Epoch: 10 [47360/60000 (79%)]	Loss: 205.882339
[2022-10-20 01:15:32] PRINT Train Epoch: 10 [48640/60000 (81%)]	Loss: 208.390732
[2022-10-20 01:15:33] PRINT Train Epoch: 10 [49920/60000 (83%)]	Loss: 214.434723
[2022-10-20 01:15:33] PRINT Train Epoch: 10 [51200/60000 (85%)]	Loss: 212.784531
[2022-10-20 01:15:33] PRINT Train Epoch: 10 [52480/60000 (87%)]	Loss: 204.871521
[2022-10-20 01:15:33] PRINT Train Epoch: 10 [53760/60000 (90%)]	Loss: 212.675705
[2022-10-20 01:15:33] PRINT Train Epoch: 10 [55040/60000 (92%)]	Loss: 200.618561
[2022-10-20 01:15:33] PRINT Train Epoch: 10 [56320/60000 (94%)]	Loss: 206.641510
[2022-10-20 01:15:33] PRINT Train Epoch: 10 [57600/60000 (96%)]	Loss: 217.551971
[2022-10-20 01:15:33] PRINT Train Epoch: 10 [58880/60000 (98%)]	Loss: 211.603973
[2022-10-20 01:15:33] PRINT ====> Epoch: 10 Average loss: 208.6128
[2022-10-20 01:15:34] PRINT ====> Test set loss: 209.1197
