[2022-10-19 23:32:26] PRINT {'features1': 600, 'features2': 10, 'lr': 0.01264974157068499, 'epsilon': 1e-06}
[2022-10-19 23:32:27] PRINT Using cuda device
[2022-10-19 23:32:28] PRINT Train Epoch: 1 [0/60000 (0%)]	Loss: 547.453735
[2022-10-19 23:32:28] PRINT Train Epoch: 1 [1280/60000 (2%)]	Loss: 214.993576
[2022-10-19 23:32:28] PRINT Train Epoch: 1 [2560/60000 (4%)]	Loss: 211.749451
[2022-10-19 23:32:28] PRINT Train Epoch: 1 [3840/60000 (6%)]	Loss: 189.347916
[2022-10-19 23:32:28] PRINT Train Epoch: 1 [5120/60000 (9%)]	Loss: 187.505569
[2022-10-19 23:32:29] PRINT Train Epoch: 1 [6400/60000 (11%)]	Loss: 178.215958
[2022-10-19 23:32:29] PRINT Train Epoch: 1 [7680/60000 (13%)]	Loss: 170.910934
[2022-10-19 23:32:29] PRINT Train Epoch: 1 [8960/60000 (15%)]	Loss: 176.914001
[2022-10-19 23:32:29] PRINT Train Epoch: 1 [10240/60000 (17%)]	Loss: 160.863205
[2022-10-19 23:32:29] PRINT Train Epoch: 1 [11520/60000 (19%)]	Loss: 163.347504
[2022-10-19 23:32:29] PRINT Train Epoch: 1 [12800/60000 (21%)]	Loss: 150.539734
[2022-10-19 23:32:29] PRINT Train Epoch: 1 [14080/60000 (23%)]	Loss: 156.318466
[2022-10-19 23:32:29] PRINT Train Epoch: 1 [15360/60000 (26%)]	Loss: 156.999344
[2022-10-19 23:32:29] PRINT Train Epoch: 1 [16640/60000 (28%)]	Loss: 155.228409
[2022-10-19 23:32:29] PRINT Train Epoch: 1 [17920/60000 (30%)]	Loss: 152.063049
[2022-10-19 23:32:30] PRINT Train Epoch: 1 [19200/60000 (32%)]	Loss: 148.304688
[2022-10-19 23:32:30] PRINT Train Epoch: 1 [20480/60000 (34%)]	Loss: 148.808960
[2022-10-19 23:32:30] PRINT Train Epoch: 1 [21760/60000 (36%)]	Loss: 147.844925
[2022-10-19 23:32:30] PRINT Train Epoch: 1 [23040/60000 (38%)]	Loss: 140.865326
[2022-10-19 23:32:30] PRINT Train Epoch: 1 [24320/60000 (41%)]	Loss: 149.361694
[2022-10-19 23:32:30] PRINT Train Epoch: 1 [25600/60000 (43%)]	Loss: 139.197296
[2022-10-19 23:32:30] PRINT Train Epoch: 1 [26880/60000 (45%)]	Loss: 145.071411
[2022-10-19 23:32:30] PRINT Train Epoch: 1 [28160/60000 (47%)]	Loss: 134.575592
[2022-10-19 23:32:30] PRINT Train Epoch: 1 [29440/60000 (49%)]	Loss: 143.410767
[2022-10-19 23:32:30] PRINT Train Epoch: 1 [30720/60000 (51%)]	Loss: 138.927505
[2022-10-19 23:32:31] PRINT Train Epoch: 1 [32000/60000 (53%)]	Loss: 132.038956
[2022-10-19 23:32:31] PRINT Train Epoch: 1 [33280/60000 (55%)]	Loss: 143.272888
[2022-10-19 23:32:31] PRINT Train Epoch: 1 [34560/60000 (58%)]	Loss: 144.103851
[2022-10-19 23:32:31] PRINT Train Epoch: 1 [35840/60000 (60%)]	Loss: 139.687820
[2022-10-19 23:32:31] PRINT Train Epoch: 1 [37120/60000 (62%)]	Loss: 135.814270
[2022-10-19 23:32:31] PRINT Train Epoch: 1 [38400/60000 (64%)]	Loss: 138.566849
[2022-10-19 23:32:31] PRINT Train Epoch: 1 [39680/60000 (66%)]	Loss: 139.374817
[2022-10-19 23:32:31] PRINT Train Epoch: 1 [40960/60000 (68%)]	Loss: 137.960327
[2022-10-19 23:32:31] PRINT Train Epoch: 1 [42240/60000 (70%)]	Loss: 132.760666
[2022-10-19 23:32:32] PRINT Train Epoch: 1 [43520/60000 (72%)]	Loss: 135.392151
[2022-10-19 23:32:32] PRINT Train Epoch: 1 [44800/60000 (75%)]	Loss: 143.051865
[2022-10-19 23:32:32] PRINT Train Epoch: 1 [46080/60000 (77%)]	Loss: 136.569260
[2022-10-19 23:32:32] PRINT Train Epoch: 1 [47360/60000 (79%)]	Loss: 134.348038
[2022-10-19 23:32:32] PRINT Train Epoch: 1 [48640/60000 (81%)]	Loss: 136.229767
[2022-10-19 23:32:32] PRINT Train Epoch: 1 [49920/60000 (83%)]	Loss: 134.953323
[2022-10-19 23:32:32] PRINT Train Epoch: 1 [51200/60000 (85%)]	Loss: 134.458435
[2022-10-19 23:32:32] PRINT Train Epoch: 1 [52480/60000 (87%)]	Loss: 130.117386
[2022-10-19 23:32:32] PRINT Train Epoch: 1 [53760/60000 (90%)]	Loss: 131.915771
[2022-10-19 23:32:32] PRINT Train Epoch: 1 [55040/60000 (92%)]	Loss: 135.351410
[2022-10-19 23:32:33] PRINT Train Epoch: 1 [56320/60000 (94%)]	Loss: 140.220444
[2022-10-19 23:32:33] PRINT Train Epoch: 1 [57600/60000 (96%)]	Loss: 135.700211
[2022-10-19 23:32:33] PRINT Train Epoch: 1 [58880/60000 (98%)]	Loss: 135.206833
[2022-10-19 23:32:33] PRINT ====> Epoch: 1 Average loss: 151.8210
[2022-10-19 23:32:34] PRINT ====> Test set loss: 133.2176
[2022-10-19 23:32:34] PRINT Train Epoch: 2 [0/60000 (0%)]	Loss: 137.217911
[2022-10-19 23:32:34] PRINT Train Epoch: 2 [1280/60000 (2%)]	Loss: 128.153336
[2022-10-19 23:32:34] PRINT Train Epoch: 2 [2560/60000 (4%)]	Loss: 130.270920
[2022-10-19 23:32:34] PRINT Train Epoch: 2 [3840/60000 (6%)]	Loss: 136.136871
[2022-10-19 23:32:34] PRINT Train Epoch: 2 [5120/60000 (9%)]	Loss: 129.795425
[2022-10-19 23:32:34] PRINT Train Epoch: 2 [6400/60000 (11%)]	Loss: 135.009659
[2022-10-19 23:32:34] PRINT Train Epoch: 2 [7680/60000 (13%)]	Loss: 130.701782
[2022-10-19 23:32:35] PRINT Train Epoch: 2 [8960/60000 (15%)]	Loss: 132.176300
[2022-10-19 23:32:35] PRINT Train Epoch: 2 [10240/60000 (17%)]	Loss: 132.506134
[2022-10-19 23:32:35] PRINT Train Epoch: 2 [11520/60000 (19%)]	Loss: 124.427513
[2022-10-19 23:32:35] PRINT Train Epoch: 2 [12800/60000 (21%)]	Loss: 134.874054
[2022-10-19 23:32:35] PRINT Train Epoch: 2 [14080/60000 (23%)]	Loss: 130.881287
[2022-10-19 23:32:35] PRINT Train Epoch: 2 [15360/60000 (26%)]	Loss: 130.138550
[2022-10-19 23:32:35] PRINT Train Epoch: 2 [16640/60000 (28%)]	Loss: 131.851974
[2022-10-19 23:32:35] PRINT Train Epoch: 2 [17920/60000 (30%)]	Loss: 134.457443
[2022-10-19 23:32:35] PRINT Train Epoch: 2 [19200/60000 (32%)]	Loss: 137.649780
[2022-10-19 23:32:36] PRINT Train Epoch: 2 [20480/60000 (34%)]	Loss: 132.798935
[2022-10-19 23:32:36] PRINT Train Epoch: 2 [21760/60000 (36%)]	Loss: 134.435608
[2022-10-19 23:32:36] PRINT Train Epoch: 2 [23040/60000 (38%)]	Loss: 132.307846
[2022-10-19 23:32:36] PRINT Train Epoch: 2 [24320/60000 (41%)]	Loss: 138.123779
[2022-10-19 23:32:36] PRINT Train Epoch: 2 [25600/60000 (43%)]	Loss: 134.720810
[2022-10-19 23:32:36] PRINT Train Epoch: 2 [26880/60000 (45%)]	Loss: 126.306557
[2022-10-19 23:32:36] PRINT Train Epoch: 2 [28160/60000 (47%)]	Loss: 130.418365
[2022-10-19 23:32:36] PRINT Train Epoch: 2 [29440/60000 (49%)]	Loss: 131.149200
[2022-10-19 23:32:36] PRINT Train Epoch: 2 [30720/60000 (51%)]	Loss: 130.952225
[2022-10-19 23:32:36] PRINT Train Epoch: 2 [32000/60000 (53%)]	Loss: 136.925934
[2022-10-19 23:32:37] PRINT Train Epoch: 2 [33280/60000 (55%)]	Loss: 128.996246
[2022-10-19 23:32:37] PRINT Train Epoch: 2 [34560/60000 (58%)]	Loss: 129.931824
[2022-10-19 23:32:37] PRINT Train Epoch: 2 [35840/60000 (60%)]	Loss: 135.199722
[2022-10-19 23:32:37] PRINT Train Epoch: 2 [37120/60000 (62%)]	Loss: 130.846191
[2022-10-19 23:32:37] PRINT Train Epoch: 2 [38400/60000 (64%)]	Loss: 135.962662
[2022-10-19 23:32:37] PRINT Train Epoch: 2 [39680/60000 (66%)]	Loss: 125.975716
[2022-10-19 23:32:37] PRINT Train Epoch: 2 [40960/60000 (68%)]	Loss: 124.022980
[2022-10-19 23:32:37] PRINT Train Epoch: 2 [42240/60000 (70%)]	Loss: 133.814697
[2022-10-19 23:32:37] PRINT Train Epoch: 2 [43520/60000 (72%)]	Loss: 127.824173
[2022-10-19 23:32:38] PRINT Train Epoch: 2 [44800/60000 (75%)]	Loss: 131.234985
[2022-10-19 23:32:38] PRINT Train Epoch: 2 [46080/60000 (77%)]	Loss: 133.192154
[2022-10-19 23:32:38] PRINT Train Epoch: 2 [47360/60000 (79%)]	Loss: 130.085510
[2022-10-19 23:32:38] PRINT Train Epoch: 2 [48640/60000 (81%)]	Loss: 131.483398
[2022-10-19 23:32:38] PRINT Train Epoch: 2 [49920/60000 (83%)]	Loss: 125.064285
[2022-10-19 23:32:38] PRINT Train Epoch: 2 [51200/60000 (85%)]	Loss: 127.771217
[2022-10-19 23:32:38] PRINT Train Epoch: 2 [52480/60000 (87%)]	Loss: 132.320755
[2022-10-19 23:32:38] PRINT Train Epoch: 2 [53760/60000 (90%)]	Loss: 128.808777
[2022-10-19 23:32:38] PRINT Train Epoch: 2 [55040/60000 (92%)]	Loss: 132.545380
[2022-10-19 23:32:38] PRINT Train Epoch: 2 [56320/60000 (94%)]	Loss: 136.538483
[2022-10-19 23:32:39] PRINT Train Epoch: 2 [57600/60000 (96%)]	Loss: 131.727615
[2022-10-19 23:32:39] PRINT Train Epoch: 2 [58880/60000 (98%)]	Loss: 134.750076
[2022-10-19 23:32:39] PRINT ====> Epoch: 2 Average loss: 131.5934
[2022-10-19 23:32:40] PRINT ====> Test set loss: 129.6508
[2022-10-19 23:32:40] PRINT Train Epoch: 3 [0/60000 (0%)]	Loss: 128.958359
[2022-10-19 23:32:40] PRINT Train Epoch: 3 [1280/60000 (2%)]	Loss: 130.455078
[2022-10-19 23:32:40] PRINT Train Epoch: 3 [2560/60000 (4%)]	Loss: 139.893112
[2022-10-19 23:32:40] PRINT Train Epoch: 3 [3840/60000 (6%)]	Loss: 133.623917
[2022-10-19 23:32:40] PRINT Train Epoch: 3 [5120/60000 (9%)]	Loss: 128.043274
[2022-10-19 23:32:40] PRINT Train Epoch: 3 [6400/60000 (11%)]	Loss: 128.986557
[2022-10-19 23:32:40] PRINT Train Epoch: 3 [7680/60000 (13%)]	Loss: 129.644394
[2022-10-19 23:32:40] PRINT Train Epoch: 3 [8960/60000 (15%)]	Loss: 129.315338
[2022-10-19 23:32:41] PRINT Train Epoch: 3 [10240/60000 (17%)]	Loss: 125.574707
[2022-10-19 23:32:41] PRINT Train Epoch: 3 [11520/60000 (19%)]	Loss: 119.578117
[2022-10-19 23:32:41] PRINT Train Epoch: 3 [12800/60000 (21%)]	Loss: 132.226974
[2022-10-19 23:32:41] PRINT Train Epoch: 3 [14080/60000 (23%)]	Loss: 128.229950
[2022-10-19 23:32:41] PRINT Train Epoch: 3 [15360/60000 (26%)]	Loss: 128.561539
[2022-10-19 23:32:41] PRINT Train Epoch: 3 [16640/60000 (28%)]	Loss: 130.068222
[2022-10-19 23:32:41] PRINT Train Epoch: 3 [17920/60000 (30%)]	Loss: 121.776260
[2022-10-19 23:32:41] PRINT Train Epoch: 3 [19200/60000 (32%)]	Loss: 129.019501
[2022-10-19 23:32:41] PRINT Train Epoch: 3 [20480/60000 (34%)]	Loss: 130.348221
[2022-10-19 23:32:41] PRINT Train Epoch: 3 [21760/60000 (36%)]	Loss: 131.187469
[2022-10-19 23:32:42] PRINT Train Epoch: 3 [23040/60000 (38%)]	Loss: 132.823242
[2022-10-19 23:32:42] PRINT Train Epoch: 3 [24320/60000 (41%)]	Loss: 135.083801
[2022-10-19 23:32:42] PRINT Train Epoch: 3 [25600/60000 (43%)]	Loss: 131.910110
[2022-10-19 23:32:42] PRINT Train Epoch: 3 [26880/60000 (45%)]	Loss: 131.292725
[2022-10-19 23:32:42] PRINT Train Epoch: 3 [28160/60000 (47%)]	Loss: 131.063538
[2022-10-19 23:32:42] PRINT Train Epoch: 3 [29440/60000 (49%)]	Loss: 137.258682
[2022-10-19 23:32:42] PRINT Train Epoch: 3 [30720/60000 (51%)]	Loss: 128.530914
[2022-10-19 23:32:42] PRINT Train Epoch: 3 [32000/60000 (53%)]	Loss: 125.950577
[2022-10-19 23:32:42] PRINT Train Epoch: 3 [33280/60000 (55%)]	Loss: 125.157387
[2022-10-19 23:32:42] PRINT Train Epoch: 3 [34560/60000 (58%)]	Loss: 128.612534
[2022-10-19 23:32:43] PRINT Train Epoch: 3 [35840/60000 (60%)]	Loss: 123.365234
[2022-10-19 23:32:43] PRINT Train Epoch: 3 [37120/60000 (62%)]	Loss: 131.901917
[2022-10-19 23:32:43] PRINT Train Epoch: 3 [38400/60000 (64%)]	Loss: 125.995743
[2022-10-19 23:32:43] PRINT Train Epoch: 3 [39680/60000 (66%)]	Loss: 128.380402
[2022-10-19 23:32:43] PRINT Train Epoch: 3 [40960/60000 (68%)]	Loss: 132.004883
[2022-10-19 23:32:43] PRINT Train Epoch: 3 [42240/60000 (70%)]	Loss: 127.877380
[2022-10-19 23:32:43] PRINT Train Epoch: 3 [43520/60000 (72%)]	Loss: 127.491791
[2022-10-19 23:32:43] PRINT Train Epoch: 3 [44800/60000 (75%)]	Loss: 126.197693
[2022-10-19 23:32:43] PRINT Train Epoch: 3 [46080/60000 (77%)]	Loss: 132.685425
[2022-10-19 23:32:43] PRINT Train Epoch: 3 [47360/60000 (79%)]	Loss: 129.204453
[2022-10-19 23:32:44] PRINT Train Epoch: 3 [48640/60000 (81%)]	Loss: 131.775436
[2022-10-19 23:32:44] PRINT Train Epoch: 3 [49920/60000 (83%)]	Loss: 128.977371
[2022-10-19 23:32:44] PRINT Train Epoch: 3 [51200/60000 (85%)]	Loss: 130.535019
[2022-10-19 23:32:44] PRINT Train Epoch: 3 [52480/60000 (87%)]	Loss: 134.645447
[2022-10-19 23:32:44] PRINT Train Epoch: 3 [53760/60000 (90%)]	Loss: 126.963989
[2022-10-19 23:32:44] PRINT Train Epoch: 3 [55040/60000 (92%)]	Loss: 128.176193
[2022-10-19 23:32:44] PRINT Train Epoch: 3 [56320/60000 (94%)]	Loss: 132.666534
[2022-10-19 23:32:44] PRINT Train Epoch: 3 [57600/60000 (96%)]	Loss: 132.604172
[2022-10-19 23:32:44] PRINT Train Epoch: 3 [58880/60000 (98%)]	Loss: 129.349182
[2022-10-19 23:32:44] PRINT ====> Epoch: 3 Average loss: 129.4609
[2022-10-19 23:32:45] PRINT ====> Test set loss: 127.7875
[2022-10-19 23:32:45] PRINT Train Epoch: 4 [0/60000 (0%)]	Loss: 123.250023
[2022-10-19 23:32:46] PRINT Train Epoch: 4 [1280/60000 (2%)]	Loss: 131.563660
[2022-10-19 23:32:46] PRINT Train Epoch: 4 [2560/60000 (4%)]	Loss: 130.989166
[2022-10-19 23:32:46] PRINT Train Epoch: 4 [3840/60000 (6%)]	Loss: 124.740677
[2022-10-19 23:32:46] PRINT Train Epoch: 4 [5120/60000 (9%)]	Loss: 127.329796
[2022-10-19 23:32:46] PRINT Train Epoch: 4 [6400/60000 (11%)]	Loss: 126.386292
[2022-10-19 23:32:46] PRINT Train Epoch: 4 [7680/60000 (13%)]	Loss: 125.541389
[2022-10-19 23:32:46] PRINT Train Epoch: 4 [8960/60000 (15%)]	Loss: 129.177185
[2022-10-19 23:32:46] PRINT Train Epoch: 4 [10240/60000 (17%)]	Loss: 131.549835
[2022-10-19 23:32:46] PRINT Train Epoch: 4 [11520/60000 (19%)]	Loss: 131.057190
[2022-10-19 23:32:46] PRINT Train Epoch: 4 [12800/60000 (21%)]	Loss: 133.380493
[2022-10-19 23:32:47] PRINT Train Epoch: 4 [14080/60000 (23%)]	Loss: 131.247772
[2022-10-19 23:32:47] PRINT Train Epoch: 4 [15360/60000 (26%)]	Loss: 128.358795
[2022-10-19 23:32:47] PRINT Train Epoch: 4 [16640/60000 (28%)]	Loss: 128.367584
[2022-10-19 23:32:47] PRINT Train Epoch: 4 [17920/60000 (30%)]	Loss: 127.875572
[2022-10-19 23:32:47] PRINT Train Epoch: 4 [19200/60000 (32%)]	Loss: 126.190201
[2022-10-19 23:32:47] PRINT Train Epoch: 4 [20480/60000 (34%)]	Loss: 130.119720
[2022-10-19 23:32:47] PRINT Train Epoch: 4 [21760/60000 (36%)]	Loss: 123.892128
[2022-10-19 23:32:47] PRINT Train Epoch: 4 [23040/60000 (38%)]	Loss: 127.026306
[2022-10-19 23:32:47] PRINT Train Epoch: 4 [24320/60000 (41%)]	Loss: 132.599991
[2022-10-19 23:32:47] PRINT Train Epoch: 4 [25600/60000 (43%)]	Loss: 127.293472
[2022-10-19 23:32:48] PRINT Train Epoch: 4 [26880/60000 (45%)]	Loss: 131.108078
[2022-10-19 23:32:48] PRINT Train Epoch: 4 [28160/60000 (47%)]	Loss: 126.734772
[2022-10-19 23:32:48] PRINT Train Epoch: 4 [29440/60000 (49%)]	Loss: 129.843582
[2022-10-19 23:32:48] PRINT Train Epoch: 4 [30720/60000 (51%)]	Loss: 130.323380
[2022-10-19 23:32:48] PRINT Train Epoch: 4 [32000/60000 (53%)]	Loss: 132.589767
[2022-10-19 23:32:48] PRINT Train Epoch: 4 [33280/60000 (55%)]	Loss: 128.284698
[2022-10-19 23:32:48] PRINT Train Epoch: 4 [34560/60000 (58%)]	Loss: 130.913300
[2022-10-19 23:32:48] PRINT Train Epoch: 4 [35840/60000 (60%)]	Loss: 132.131302
[2022-10-19 23:32:48] PRINT Train Epoch: 4 [37120/60000 (62%)]	Loss: 128.498947
[2022-10-19 23:32:49] PRINT Train Epoch: 4 [38400/60000 (64%)]	Loss: 127.254578
[2022-10-19 23:32:49] PRINT Train Epoch: 4 [39680/60000 (66%)]	Loss: 133.895599
[2022-10-19 23:32:49] PRINT Train Epoch: 4 [40960/60000 (68%)]	Loss: 124.464783
[2022-10-19 23:32:49] PRINT Train Epoch: 4 [42240/60000 (70%)]	Loss: 125.883316
[2022-10-19 23:32:49] PRINT Train Epoch: 4 [43520/60000 (72%)]	Loss: 122.034889
[2022-10-19 23:32:49] PRINT Train Epoch: 4 [44800/60000 (75%)]	Loss: 126.712631
[2022-10-19 23:32:49] PRINT Train Epoch: 4 [46080/60000 (77%)]	Loss: 127.546799
[2022-10-19 23:32:49] PRINT Train Epoch: 4 [47360/60000 (79%)]	Loss: 128.503937
[2022-10-19 23:32:49] PRINT Train Epoch: 4 [48640/60000 (81%)]	Loss: 132.125412
[2022-10-19 23:32:49] PRINT Train Epoch: 4 [49920/60000 (83%)]	Loss: 132.138962
[2022-10-19 23:32:50] PRINT Train Epoch: 4 [51200/60000 (85%)]	Loss: 130.695984
[2022-10-19 23:32:50] PRINT Train Epoch: 4 [52480/60000 (87%)]	Loss: 135.529755
[2022-10-19 23:32:50] PRINT Train Epoch: 4 [53760/60000 (90%)]	Loss: 134.498444
[2022-10-19 23:32:50] PRINT Train Epoch: 4 [55040/60000 (92%)]	Loss: 124.047668
[2022-10-19 23:32:50] PRINT Train Epoch: 4 [56320/60000 (94%)]	Loss: 122.386368
[2022-10-19 23:32:50] PRINT Train Epoch: 4 [57600/60000 (96%)]	Loss: 130.718399
[2022-10-19 23:32:50] PRINT Train Epoch: 4 [58880/60000 (98%)]	Loss: 132.562668
[2022-10-19 23:32:50] PRINT ====> Epoch: 4 Average loss: 128.5585
[2022-10-19 23:32:51] PRINT ====> Test set loss: 127.7726
[2022-10-19 23:32:51] PRINT Train Epoch: 5 [0/60000 (0%)]	Loss: 130.359329
[2022-10-19 23:32:51] PRINT Train Epoch: 5 [1280/60000 (2%)]	Loss: 128.143143
[2022-10-19 23:32:51] PRINT Train Epoch: 5 [2560/60000 (4%)]	Loss: 126.336487
[2022-10-19 23:32:52] PRINT Train Epoch: 5 [3840/60000 (6%)]	Loss: 137.731201
[2022-10-19 23:32:52] PRINT Train Epoch: 5 [5120/60000 (9%)]	Loss: 132.972809
[2022-10-19 23:32:52] PRINT Train Epoch: 5 [6400/60000 (11%)]	Loss: 128.401749
[2022-10-19 23:32:52] PRINT Train Epoch: 5 [7680/60000 (13%)]	Loss: 126.056458
[2022-10-19 23:32:52] PRINT Train Epoch: 5 [8960/60000 (15%)]	Loss: 133.757080
[2022-10-19 23:32:52] PRINT Train Epoch: 5 [10240/60000 (17%)]	Loss: 128.817963
[2022-10-19 23:32:52] PRINT Train Epoch: 5 [11520/60000 (19%)]	Loss: 128.759857
[2022-10-19 23:32:52] PRINT Train Epoch: 5 [12800/60000 (21%)]	Loss: 126.520370
[2022-10-19 23:32:52] PRINT Train Epoch: 5 [14080/60000 (23%)]	Loss: 132.396820
[2022-10-19 23:32:52] PRINT Train Epoch: 5 [15360/60000 (26%)]	Loss: 126.493073
[2022-10-19 23:32:53] PRINT Train Epoch: 5 [16640/60000 (28%)]	Loss: 126.129539
[2022-10-19 23:32:53] PRINT Train Epoch: 5 [17920/60000 (30%)]	Loss: 122.956627
[2022-10-19 23:32:53] PRINT Train Epoch: 5 [19200/60000 (32%)]	Loss: 124.993156
[2022-10-19 23:32:53] PRINT Train Epoch: 5 [20480/60000 (34%)]	Loss: 125.754044
[2022-10-19 23:32:53] PRINT Train Epoch: 5 [21760/60000 (36%)]	Loss: 128.317322
[2022-10-19 23:32:53] PRINT Train Epoch: 5 [23040/60000 (38%)]	Loss: 127.574661
[2022-10-19 23:32:53] PRINT Train Epoch: 5 [24320/60000 (41%)]	Loss: 128.506042
[2022-10-19 23:32:53] PRINT Train Epoch: 5 [25600/60000 (43%)]	Loss: 125.168297
[2022-10-19 23:32:53] PRINT Train Epoch: 5 [26880/60000 (45%)]	Loss: 125.112526
[2022-10-19 23:32:53] PRINT Train Epoch: 5 [28160/60000 (47%)]	Loss: 127.768188
[2022-10-19 23:32:54] PRINT Train Epoch: 5 [29440/60000 (49%)]	Loss: 128.331482
[2022-10-19 23:32:54] PRINT Train Epoch: 5 [30720/60000 (51%)]	Loss: 128.017105
[2022-10-19 23:32:54] PRINT Train Epoch: 5 [32000/60000 (53%)]	Loss: 129.697784
[2022-10-19 23:32:54] PRINT Train Epoch: 5 [33280/60000 (55%)]	Loss: 131.915283
[2022-10-19 23:32:54] PRINT Train Epoch: 5 [34560/60000 (58%)]	Loss: 125.928459
[2022-10-19 23:32:54] PRINT Train Epoch: 5 [35840/60000 (60%)]	Loss: 130.462646
[2022-10-19 23:32:54] PRINT Train Epoch: 5 [37120/60000 (62%)]	Loss: 128.795059
[2022-10-19 23:32:54] PRINT Train Epoch: 5 [38400/60000 (64%)]	Loss: 128.980774
[2022-10-19 23:32:54] PRINT Train Epoch: 5 [39680/60000 (66%)]	Loss: 129.173096
[2022-10-19 23:32:54] PRINT Train Epoch: 5 [40960/60000 (68%)]	Loss: 128.613541
[2022-10-19 23:32:55] PRINT Train Epoch: 5 [42240/60000 (70%)]	Loss: 127.439072
[2022-10-19 23:32:55] PRINT Train Epoch: 5 [43520/60000 (72%)]	Loss: 122.627258
[2022-10-19 23:32:55] PRINT Train Epoch: 5 [44800/60000 (75%)]	Loss: 120.003418
[2022-10-19 23:32:55] PRINT Train Epoch: 5 [46080/60000 (77%)]	Loss: 132.034653
[2022-10-19 23:32:55] PRINT Train Epoch: 5 [47360/60000 (79%)]	Loss: 119.065315
[2022-10-19 23:32:55] PRINT Train Epoch: 5 [48640/60000 (81%)]	Loss: 130.707001
[2022-10-19 23:32:55] PRINT Train Epoch: 5 [49920/60000 (83%)]	Loss: 127.887276
[2022-10-19 23:32:55] PRINT Train Epoch: 5 [51200/60000 (85%)]	Loss: 128.489212
[2022-10-19 23:32:55] PRINT Train Epoch: 5 [52480/60000 (87%)]	Loss: 126.464600
[2022-10-19 23:32:56] PRINT Train Epoch: 5 [53760/60000 (90%)]	Loss: 130.870010
[2022-10-19 23:32:56] PRINT Train Epoch: 5 [55040/60000 (92%)]	Loss: 129.454697
[2022-10-19 23:32:56] PRINT Train Epoch: 5 [56320/60000 (94%)]	Loss: 123.445038
[2022-10-19 23:32:56] PRINT Train Epoch: 5 [57600/60000 (96%)]	Loss: 128.472595
[2022-10-19 23:32:56] PRINT Train Epoch: 5 [58880/60000 (98%)]	Loss: 129.750427
[2022-10-19 23:32:56] PRINT ====> Epoch: 5 Average loss: 127.6168
[2022-10-19 23:32:57] PRINT ====> Test set loss: 128.9299
[2022-10-19 23:32:57] PRINT Train Epoch: 6 [0/60000 (0%)]	Loss: 128.321732
[2022-10-19 23:32:57] PRINT Train Epoch: 6 [1280/60000 (2%)]	Loss: 131.726135
[2022-10-19 23:32:57] PRINT Train Epoch: 6 [2560/60000 (4%)]	Loss: 138.480667
[2022-10-19 23:32:57] PRINT Train Epoch: 6 [3840/60000 (6%)]	Loss: 124.111290
[2022-10-19 23:32:57] PRINT Train Epoch: 6 [5120/60000 (9%)]	Loss: 123.396179
[2022-10-19 23:32:57] PRINT Train Epoch: 6 [6400/60000 (11%)]	Loss: 123.358437
[2022-10-19 23:32:58] PRINT Train Epoch: 6 [7680/60000 (13%)]	Loss: 125.832283
[2022-10-19 23:32:58] PRINT Train Epoch: 6 [8960/60000 (15%)]	Loss: 127.397522
[2022-10-19 23:32:58] PRINT Train Epoch: 6 [10240/60000 (17%)]	Loss: 129.171967
[2022-10-19 23:32:58] PRINT Train Epoch: 6 [11520/60000 (19%)]	Loss: 124.374161
[2022-10-19 23:32:58] PRINT Train Epoch: 6 [12800/60000 (21%)]	Loss: 124.204506
[2022-10-19 23:32:58] PRINT Train Epoch: 6 [14080/60000 (23%)]	Loss: 125.510620
[2022-10-19 23:32:58] PRINT Train Epoch: 6 [15360/60000 (26%)]	Loss: 133.188400
[2022-10-19 23:32:58] PRINT Train Epoch: 6 [16640/60000 (28%)]	Loss: 129.473328
[2022-10-19 23:32:58] PRINT Train Epoch: 6 [17920/60000 (30%)]	Loss: 122.933990
[2022-10-19 23:32:58] PRINT Train Epoch: 6 [19200/60000 (32%)]	Loss: 133.225723
[2022-10-19 23:32:59] PRINT Train Epoch: 6 [20480/60000 (34%)]	Loss: 120.151337
[2022-10-19 23:32:59] PRINT Train Epoch: 6 [21760/60000 (36%)]	Loss: 128.261215
[2022-10-19 23:32:59] PRINT Train Epoch: 6 [23040/60000 (38%)]	Loss: 126.696823
[2022-10-19 23:32:59] PRINT Train Epoch: 6 [24320/60000 (41%)]	Loss: 126.409332
[2022-10-19 23:32:59] PRINT Train Epoch: 6 [25600/60000 (43%)]	Loss: 123.440636
[2022-10-19 23:32:59] PRINT Train Epoch: 6 [26880/60000 (45%)]	Loss: 129.608246
[2022-10-19 23:32:59] PRINT Train Epoch: 6 [28160/60000 (47%)]	Loss: 128.567993
[2022-10-19 23:32:59] PRINT Train Epoch: 6 [29440/60000 (49%)]	Loss: 126.182129
[2022-10-19 23:32:59] PRINT Train Epoch: 6 [30720/60000 (51%)]	Loss: 131.723892
[2022-10-19 23:33:00] PRINT Train Epoch: 6 [32000/60000 (53%)]	Loss: 128.550827
[2022-10-19 23:33:00] PRINT Train Epoch: 6 [33280/60000 (55%)]	Loss: 129.496292
[2022-10-19 23:33:00] PRINT Train Epoch: 6 [34560/60000 (58%)]	Loss: 125.079956
[2022-10-19 23:33:00] PRINT Train Epoch: 6 [35840/60000 (60%)]	Loss: 124.360588
[2022-10-19 23:33:00] PRINT Train Epoch: 6 [37120/60000 (62%)]	Loss: 127.529480
[2022-10-19 23:33:00] PRINT Train Epoch: 6 [38400/60000 (64%)]	Loss: 125.013275
[2022-10-19 23:33:00] PRINT Train Epoch: 6 [39680/60000 (66%)]	Loss: 128.582611
[2022-10-19 23:33:00] PRINT Train Epoch: 6 [40960/60000 (68%)]	Loss: 129.754639
[2022-10-19 23:33:00] PRINT Train Epoch: 6 [42240/60000 (70%)]	Loss: 124.977310
[2022-10-19 23:33:00] PRINT Train Epoch: 6 [43520/60000 (72%)]	Loss: 126.526802
[2022-10-19 23:33:01] PRINT Train Epoch: 6 [44800/60000 (75%)]	Loss: 133.670898
[2022-10-19 23:33:01] PRINT Train Epoch: 6 [46080/60000 (77%)]	Loss: 130.622925
[2022-10-19 23:33:01] PRINT Train Epoch: 6 [47360/60000 (79%)]	Loss: 123.627655
[2022-10-19 23:33:01] PRINT Train Epoch: 6 [48640/60000 (81%)]	Loss: 122.406746
[2022-10-19 23:33:01] PRINT Train Epoch: 6 [49920/60000 (83%)]	Loss: 120.596794
[2022-10-19 23:33:01] PRINT Train Epoch: 6 [51200/60000 (85%)]	Loss: 127.353241
[2022-10-19 23:33:01] PRINT Train Epoch: 6 [52480/60000 (87%)]	Loss: 123.187614
[2022-10-19 23:33:01] PRINT Train Epoch: 6 [53760/60000 (90%)]	Loss: 130.498627
[2022-10-19 23:33:01] PRINT Train Epoch: 6 [55040/60000 (92%)]	Loss: 128.973892
[2022-10-19 23:33:02] PRINT Train Epoch: 6 [56320/60000 (94%)]	Loss: 128.739349
[2022-10-19 23:33:02] PRINT Train Epoch: 6 [57600/60000 (96%)]	Loss: 125.239166
[2022-10-19 23:33:02] PRINT Train Epoch: 6 [58880/60000 (98%)]	Loss: 129.730713
[2022-10-19 23:33:02] PRINT ====> Epoch: 6 Average loss: 127.2188
[2022-10-19 23:33:03] PRINT ====> Test set loss: 128.3159
[2022-10-19 23:33:03] PRINT Train Epoch: 7 [0/60000 (0%)]	Loss: 125.185112
[2022-10-19 23:33:03] PRINT Train Epoch: 7 [1280/60000 (2%)]	Loss: 123.897202
[2022-10-19 23:33:03] PRINT Train Epoch: 7 [2560/60000 (4%)]	Loss: 123.053551
[2022-10-19 23:33:03] PRINT Train Epoch: 7 [3840/60000 (6%)]	Loss: 127.959122
[2022-10-19 23:33:03] PRINT Train Epoch: 7 [5120/60000 (9%)]	Loss: 131.322067
[2022-10-19 23:33:03] PRINT Train Epoch: 7 [6400/60000 (11%)]	Loss: 129.315002
[2022-10-19 23:33:03] PRINT Train Epoch: 7 [7680/60000 (13%)]	Loss: 125.710648
[2022-10-19 23:33:03] PRINT Train Epoch: 7 [8960/60000 (15%)]	Loss: 129.941254
[2022-10-19 23:33:04] PRINT Train Epoch: 7 [10240/60000 (17%)]	Loss: 123.554611
[2022-10-19 23:33:04] PRINT Train Epoch: 7 [11520/60000 (19%)]	Loss: 124.591568
[2022-10-19 23:33:04] PRINT Train Epoch: 7 [12800/60000 (21%)]	Loss: 127.661522
[2022-10-19 23:33:04] PRINT Train Epoch: 7 [14080/60000 (23%)]	Loss: 132.889023
[2022-10-19 23:33:04] PRINT Train Epoch: 7 [15360/60000 (26%)]	Loss: 121.210663
[2022-10-19 23:33:04] PRINT Train Epoch: 7 [16640/60000 (28%)]	Loss: 131.593292
[2022-10-19 23:33:04] PRINT Train Epoch: 7 [17920/60000 (30%)]	Loss: 126.587402
[2022-10-19 23:33:04] PRINT Train Epoch: 7 [19200/60000 (32%)]	Loss: 118.015160
[2022-10-19 23:33:04] PRINT Train Epoch: 7 [20480/60000 (34%)]	Loss: 128.785675
[2022-10-19 23:33:04] PRINT Train Epoch: 7 [21760/60000 (36%)]	Loss: 126.154762
[2022-10-19 23:33:05] PRINT Train Epoch: 7 [23040/60000 (38%)]	Loss: 125.389732
[2022-10-19 23:33:05] PRINT Train Epoch: 7 [24320/60000 (41%)]	Loss: 124.570236
[2022-10-19 23:33:05] PRINT Train Epoch: 7 [25600/60000 (43%)]	Loss: 124.736786
[2022-10-19 23:33:05] PRINT Train Epoch: 7 [26880/60000 (45%)]	Loss: 126.293312
[2022-10-19 23:33:05] PRINT Train Epoch: 7 [28160/60000 (47%)]	Loss: 124.136429
[2022-10-19 23:33:05] PRINT Train Epoch: 7 [29440/60000 (49%)]	Loss: 131.851456
[2022-10-19 23:33:05] PRINT Train Epoch: 7 [30720/60000 (51%)]	Loss: 131.248901
[2022-10-19 23:33:05] PRINT Train Epoch: 7 [32000/60000 (53%)]	Loss: 124.284561
[2022-10-19 23:33:05] PRINT Train Epoch: 7 [33280/60000 (55%)]	Loss: 129.399887
[2022-10-19 23:33:06] PRINT Train Epoch: 7 [34560/60000 (58%)]	Loss: 130.661453
[2022-10-19 23:33:06] PRINT Train Epoch: 7 [35840/60000 (60%)]	Loss: 121.784805
[2022-10-19 23:33:06] PRINT Train Epoch: 7 [37120/60000 (62%)]	Loss: 128.200226
[2022-10-19 23:33:06] PRINT Train Epoch: 7 [38400/60000 (64%)]	Loss: 124.785362
[2022-10-19 23:33:06] PRINT Train Epoch: 7 [39680/60000 (66%)]	Loss: 125.042900
[2022-10-19 23:33:06] PRINT Train Epoch: 7 [40960/60000 (68%)]	Loss: 124.535370
[2022-10-19 23:33:06] PRINT Train Epoch: 7 [42240/60000 (70%)]	Loss: 125.309357
[2022-10-19 23:33:06] PRINT Train Epoch: 7 [43520/60000 (72%)]	Loss: 123.921799
[2022-10-19 23:33:06] PRINT Train Epoch: 7 [44800/60000 (75%)]	Loss: 123.913620
[2022-10-19 23:33:06] PRINT Train Epoch: 7 [46080/60000 (77%)]	Loss: 131.550735
[2022-10-19 23:33:07] PRINT Train Epoch: 7 [47360/60000 (79%)]	Loss: 123.339935
[2022-10-19 23:33:07] PRINT Train Epoch: 7 [48640/60000 (81%)]	Loss: 122.731903
[2022-10-19 23:33:07] PRINT Train Epoch: 7 [49920/60000 (83%)]	Loss: 130.780609
[2022-10-19 23:33:07] PRINT Train Epoch: 7 [51200/60000 (85%)]	Loss: 124.077087
[2022-10-19 23:33:07] PRINT Train Epoch: 7 [52480/60000 (87%)]	Loss: 135.154541
[2022-10-19 23:33:07] PRINT Train Epoch: 7 [53760/60000 (90%)]	Loss: 126.428909
[2022-10-19 23:33:07] PRINT Train Epoch: 7 [55040/60000 (92%)]	Loss: 130.536926
[2022-10-19 23:33:07] PRINT Train Epoch: 7 [56320/60000 (94%)]	Loss: 121.650642
[2022-10-19 23:33:07] PRINT Train Epoch: 7 [57600/60000 (96%)]	Loss: 124.564316
[2022-10-19 23:33:07] PRINT Train Epoch: 7 [58880/60000 (98%)]	Loss: 122.651840
[2022-10-19 23:33:08] PRINT ====> Epoch: 7 Average loss: 126.9738
[2022-10-19 23:33:08] PRINT ====> Test set loss: 126.6598
[2022-10-19 23:33:08] PRINT Train Epoch: 8 [0/60000 (0%)]	Loss: 130.925781
[2022-10-19 23:33:09] PRINT Train Epoch: 8 [1280/60000 (2%)]	Loss: 130.463257
[2022-10-19 23:33:09] PRINT Train Epoch: 8 [2560/60000 (4%)]	Loss: 124.867035
[2022-10-19 23:33:09] PRINT Train Epoch: 8 [3840/60000 (6%)]	Loss: 122.546883
[2022-10-19 23:33:09] PRINT Train Epoch: 8 [5120/60000 (9%)]	Loss: 130.844452
[2022-10-19 23:33:09] PRINT Train Epoch: 8 [6400/60000 (11%)]	Loss: 127.054535
[2022-10-19 23:33:09] PRINT Train Epoch: 8 [7680/60000 (13%)]	Loss: 125.091301
[2022-10-19 23:33:09] PRINT Train Epoch: 8 [8960/60000 (15%)]	Loss: 122.086227
[2022-10-19 23:33:09] PRINT Train Epoch: 8 [10240/60000 (17%)]	Loss: 132.776672
[2022-10-19 23:33:09] PRINT Train Epoch: 8 [11520/60000 (19%)]	Loss: 122.701851
[2022-10-19 23:33:09] PRINT Train Epoch: 8 [12800/60000 (21%)]	Loss: 131.136581
[2022-10-19 23:33:10] PRINT Train Epoch: 8 [14080/60000 (23%)]	Loss: 132.630768
[2022-10-19 23:33:10] PRINT Train Epoch: 8 [15360/60000 (26%)]	Loss: 124.813087
[2022-10-19 23:33:10] PRINT Train Epoch: 8 [16640/60000 (28%)]	Loss: 123.918823
[2022-10-19 23:33:10] PRINT Train Epoch: 8 [17920/60000 (30%)]	Loss: 125.609955
[2022-10-19 23:33:10] PRINT Train Epoch: 8 [19200/60000 (32%)]	Loss: 130.307571
[2022-10-19 23:33:10] PRINT Train Epoch: 8 [20480/60000 (34%)]	Loss: 121.750671
[2022-10-19 23:33:10] PRINT Train Epoch: 8 [21760/60000 (36%)]	Loss: 130.712128
[2022-10-19 23:33:10] PRINT Train Epoch: 8 [23040/60000 (38%)]	Loss: 130.985184
[2022-10-19 23:33:10] PRINT Train Epoch: 8 [24320/60000 (41%)]	Loss: 132.650162
[2022-10-19 23:33:10] PRINT Train Epoch: 8 [25600/60000 (43%)]	Loss: 127.391357
[2022-10-19 23:33:11] PRINT Train Epoch: 8 [26880/60000 (45%)]	Loss: 121.744789
[2022-10-19 23:33:11] PRINT Train Epoch: 8 [28160/60000 (47%)]	Loss: 128.095688
[2022-10-19 23:33:11] PRINT Train Epoch: 8 [29440/60000 (49%)]	Loss: 125.589348
[2022-10-19 23:33:11] PRINT Train Epoch: 8 [30720/60000 (51%)]	Loss: 119.412674
[2022-10-19 23:33:11] PRINT Train Epoch: 8 [32000/60000 (53%)]	Loss: 121.932205
[2022-10-19 23:33:11] PRINT Train Epoch: 8 [33280/60000 (55%)]	Loss: 132.761307
[2022-10-19 23:33:11] PRINT Train Epoch: 8 [34560/60000 (58%)]	Loss: 133.420898
[2022-10-19 23:33:11] PRINT Train Epoch: 8 [35840/60000 (60%)]	Loss: 126.913193
[2022-10-19 23:33:11] PRINT Train Epoch: 8 [37120/60000 (62%)]	Loss: 126.109207
[2022-10-19 23:33:11] PRINT Train Epoch: 8 [38400/60000 (64%)]	Loss: 131.222122
[2022-10-19 23:33:12] PRINT Train Epoch: 8 [39680/60000 (66%)]	Loss: 121.471878
[2022-10-19 23:33:12] PRINT Train Epoch: 8 [40960/60000 (68%)]	Loss: 128.097900
[2022-10-19 23:33:12] PRINT Train Epoch: 8 [42240/60000 (70%)]	Loss: 129.970932
[2022-10-19 23:33:12] PRINT Train Epoch: 8 [43520/60000 (72%)]	Loss: 126.065941
[2022-10-19 23:33:12] PRINT Train Epoch: 8 [44800/60000 (75%)]	Loss: 127.057274
[2022-10-19 23:33:12] PRINT Train Epoch: 8 [46080/60000 (77%)]	Loss: 127.332573
[2022-10-19 23:33:12] PRINT Train Epoch: 8 [47360/60000 (79%)]	Loss: 127.418007
[2022-10-19 23:33:12] PRINT Train Epoch: 8 [48640/60000 (81%)]	Loss: 126.274986
[2022-10-19 23:33:12] PRINT Train Epoch: 8 [49920/60000 (83%)]	Loss: 123.752174
[2022-10-19 23:33:13] PRINT Train Epoch: 8 [51200/60000 (85%)]	Loss: 125.539726
[2022-10-19 23:33:13] PRINT Train Epoch: 8 [52480/60000 (87%)]	Loss: 128.381439
[2022-10-19 23:33:13] PRINT Train Epoch: 8 [53760/60000 (90%)]	Loss: 129.265869
[2022-10-19 23:33:13] PRINT Train Epoch: 8 [55040/60000 (92%)]	Loss: 122.237061
[2022-10-19 23:33:13] PRINT Train Epoch: 8 [56320/60000 (94%)]	Loss: 129.711716
[2022-10-19 23:33:13] PRINT Train Epoch: 8 [57600/60000 (96%)]	Loss: 124.569458
[2022-10-19 23:33:13] PRINT Train Epoch: 8 [58880/60000 (98%)]	Loss: 127.199615
[2022-10-19 23:33:13] PRINT ====> Epoch: 8 Average loss: 126.6776
[2022-10-19 23:33:14] PRINT ====> Test set loss: 126.2424
[2022-10-19 23:33:14] PRINT Train Epoch: 9 [0/60000 (0%)]	Loss: 127.201889
[2022-10-19 23:33:14] PRINT Train Epoch: 9 [1280/60000 (2%)]	Loss: 130.859116
[2022-10-19 23:33:14] PRINT Train Epoch: 9 [2560/60000 (4%)]	Loss: 128.808075
[2022-10-19 23:33:14] PRINT Train Epoch: 9 [3840/60000 (6%)]	Loss: 130.533325
[2022-10-19 23:33:15] PRINT Train Epoch: 9 [5120/60000 (9%)]	Loss: 122.635262
[2022-10-19 23:33:15] PRINT Train Epoch: 9 [6400/60000 (11%)]	Loss: 125.422974
[2022-10-19 23:33:15] PRINT Train Epoch: 9 [7680/60000 (13%)]	Loss: 124.235779
[2022-10-19 23:33:15] PRINT Train Epoch: 9 [8960/60000 (15%)]	Loss: 133.299469
[2022-10-19 23:33:15] PRINT Train Epoch: 9 [10240/60000 (17%)]	Loss: 129.141922
[2022-10-19 23:33:15] PRINT Train Epoch: 9 [11520/60000 (19%)]	Loss: 126.288818
[2022-10-19 23:33:15] PRINT Train Epoch: 9 [12800/60000 (21%)]	Loss: 131.428986
[2022-10-19 23:33:15] PRINT Train Epoch: 9 [14080/60000 (23%)]	Loss: 131.960739
[2022-10-19 23:33:15] PRINT Train Epoch: 9 [15360/60000 (26%)]	Loss: 125.051819
[2022-10-19 23:33:15] PRINT Train Epoch: 9 [16640/60000 (28%)]	Loss: 125.601639
[2022-10-19 23:33:16] PRINT Train Epoch: 9 [17920/60000 (30%)]	Loss: 128.184219
[2022-10-19 23:33:16] PRINT Train Epoch: 9 [19200/60000 (32%)]	Loss: 131.708221
[2022-10-19 23:33:16] PRINT Train Epoch: 9 [20480/60000 (34%)]	Loss: 130.072906
[2022-10-19 23:33:16] PRINT Train Epoch: 9 [21760/60000 (36%)]	Loss: 122.835686
[2022-10-19 23:33:16] PRINT Train Epoch: 9 [23040/60000 (38%)]	Loss: 132.779343
[2022-10-19 23:33:16] PRINT Train Epoch: 9 [24320/60000 (41%)]	Loss: 129.595505
[2022-10-19 23:33:16] PRINT Train Epoch: 9 [25600/60000 (43%)]	Loss: 123.178848
[2022-10-19 23:33:16] PRINT Train Epoch: 9 [26880/60000 (45%)]	Loss: 129.336731
[2022-10-19 23:33:16] PRINT Train Epoch: 9 [28160/60000 (47%)]	Loss: 128.096436
[2022-10-19 23:33:16] PRINT Train Epoch: 9 [29440/60000 (49%)]	Loss: 126.303322
[2022-10-19 23:33:17] PRINT Train Epoch: 9 [30720/60000 (51%)]	Loss: 126.913795
[2022-10-19 23:33:17] PRINT Train Epoch: 9 [32000/60000 (53%)]	Loss: 128.912994
[2022-10-19 23:33:17] PRINT Train Epoch: 9 [33280/60000 (55%)]	Loss: 125.175224
[2022-10-19 23:33:17] PRINT Train Epoch: 9 [34560/60000 (58%)]	Loss: 121.589523
[2022-10-19 23:33:17] PRINT Train Epoch: 9 [35840/60000 (60%)]	Loss: 123.299065
[2022-10-19 23:33:17] PRINT Train Epoch: 9 [37120/60000 (62%)]	Loss: 129.865036
[2022-10-19 23:33:17] PRINT Train Epoch: 9 [38400/60000 (64%)]	Loss: 124.485985
[2022-10-19 23:33:17] PRINT Train Epoch: 9 [39680/60000 (66%)]	Loss: 124.256050
[2022-10-19 23:33:17] PRINT Train Epoch: 9 [40960/60000 (68%)]	Loss: 132.647339
[2022-10-19 23:33:17] PRINT Train Epoch: 9 [42240/60000 (70%)]	Loss: 123.722534
[2022-10-19 23:33:18] PRINT Train Epoch: 9 [43520/60000 (72%)]	Loss: 122.893448
[2022-10-19 23:33:18] PRINT Train Epoch: 9 [44800/60000 (75%)]	Loss: 131.469666
[2022-10-19 23:33:18] PRINT Train Epoch: 9 [46080/60000 (77%)]	Loss: 126.935974
[2022-10-19 23:33:18] PRINT Train Epoch: 9 [47360/60000 (79%)]	Loss: 121.985916
[2022-10-19 23:33:18] PRINT Train Epoch: 9 [48640/60000 (81%)]	Loss: 128.935287
[2022-10-19 23:33:18] PRINT Train Epoch: 9 [49920/60000 (83%)]	Loss: 126.263161
[2022-10-19 23:33:18] PRINT Train Epoch: 9 [51200/60000 (85%)]	Loss: 125.909363
[2022-10-19 23:33:18] PRINT Train Epoch: 9 [52480/60000 (87%)]	Loss: 127.860275
[2022-10-19 23:33:18] PRINT Train Epoch: 9 [53760/60000 (90%)]	Loss: 126.773941
[2022-10-19 23:33:18] PRINT Train Epoch: 9 [55040/60000 (92%)]	Loss: 128.368195
[2022-10-19 23:33:19] PRINT Train Epoch: 9 [56320/60000 (94%)]	Loss: 124.654892
[2022-10-19 23:33:19] PRINT Train Epoch: 9 [57600/60000 (96%)]	Loss: 117.501648
[2022-10-19 23:33:19] PRINT Train Epoch: 9 [58880/60000 (98%)]	Loss: 127.090622
[2022-10-19 23:33:19] PRINT ====> Epoch: 9 Average loss: 126.5207
[2022-10-19 23:33:20] PRINT ====> Test set loss: 127.0967
[2022-10-19 23:33:20] PRINT Train Epoch: 10 [0/60000 (0%)]	Loss: 124.971146
[2022-10-19 23:33:20] PRINT Train Epoch: 10 [1280/60000 (2%)]	Loss: 123.362724
[2022-10-19 23:33:20] PRINT Train Epoch: 10 [2560/60000 (4%)]	Loss: 128.486511
[2022-10-19 23:33:20] PRINT Train Epoch: 10 [3840/60000 (6%)]	Loss: 124.302963
[2022-10-19 23:33:20] PRINT Train Epoch: 10 [5120/60000 (9%)]	Loss: 122.022400
[2022-10-19 23:33:20] PRINT Train Epoch: 10 [6400/60000 (11%)]	Loss: 131.381775
[2022-10-19 23:33:20] PRINT Train Epoch: 10 [7680/60000 (13%)]	Loss: 119.421928
[2022-10-19 23:33:20] PRINT Train Epoch: 10 [8960/60000 (15%)]	Loss: 124.500008
[2022-10-19 23:33:21] PRINT Train Epoch: 10 [10240/60000 (17%)]	Loss: 127.571503
[2022-10-19 23:33:21] PRINT Train Epoch: 10 [11520/60000 (19%)]	Loss: 125.378647
[2022-10-19 23:33:21] PRINT Train Epoch: 10 [12800/60000 (21%)]	Loss: 124.353378
[2022-10-19 23:33:21] PRINT Train Epoch: 10 [14080/60000 (23%)]	Loss: 127.386162
[2022-10-19 23:33:21] PRINT Train Epoch: 10 [15360/60000 (26%)]	Loss: 127.075485
[2022-10-19 23:33:21] PRINT Train Epoch: 10 [16640/60000 (28%)]	Loss: 130.068573
[2022-10-19 23:33:21] PRINT Train Epoch: 10 [17920/60000 (30%)]	Loss: 128.141968
[2022-10-19 23:33:21] PRINT Train Epoch: 10 [19200/60000 (32%)]	Loss: 128.841324
[2022-10-19 23:33:21] PRINT Train Epoch: 10 [20480/60000 (34%)]	Loss: 126.831718
[2022-10-19 23:33:21] PRINT Train Epoch: 10 [21760/60000 (36%)]	Loss: 126.400459
[2022-10-19 23:33:22] PRINT Train Epoch: 10 [23040/60000 (38%)]	Loss: 123.802811
[2022-10-19 23:33:22] PRINT Train Epoch: 10 [24320/60000 (41%)]	Loss: 121.589523
[2022-10-19 23:33:22] PRINT Train Epoch: 10 [25600/60000 (43%)]	Loss: 131.044952
[2022-10-19 23:33:22] PRINT Train Epoch: 10 [26880/60000 (45%)]	Loss: 132.524902
[2022-10-19 23:33:22] PRINT Train Epoch: 10 [28160/60000 (47%)]	Loss: 122.350067
[2022-10-19 23:33:22] PRINT Train Epoch: 10 [29440/60000 (49%)]	Loss: 122.212204
[2022-10-19 23:33:22] PRINT Train Epoch: 10 [30720/60000 (51%)]	Loss: 128.995529
[2022-10-19 23:33:22] PRINT Train Epoch: 10 [32000/60000 (53%)]	Loss: 129.830994
[2022-10-19 23:33:22] PRINT Train Epoch: 10 [33280/60000 (55%)]	Loss: 125.361588
[2022-10-19 23:33:23] PRINT Train Epoch: 10 [34560/60000 (58%)]	Loss: 122.313553
[2022-10-19 23:33:23] PRINT Train Epoch: 10 [35840/60000 (60%)]	Loss: 126.746849
[2022-10-19 23:33:23] PRINT Train Epoch: 10 [37120/60000 (62%)]	Loss: 123.400848
[2022-10-19 23:33:23] PRINT Train Epoch: 10 [38400/60000 (64%)]	Loss: 127.267235
[2022-10-19 23:33:23] PRINT Train Epoch: 10 [39680/60000 (66%)]	Loss: 120.366714
[2022-10-19 23:33:23] PRINT Train Epoch: 10 [40960/60000 (68%)]	Loss: 127.079185
[2022-10-19 23:33:23] PRINT Train Epoch: 10 [42240/60000 (70%)]	Loss: 122.890961
[2022-10-19 23:33:23] PRINT Train Epoch: 10 [43520/60000 (72%)]	Loss: 130.218445
[2022-10-19 23:33:23] PRINT Train Epoch: 10 [44800/60000 (75%)]	Loss: 122.976212
[2022-10-19 23:33:23] PRINT Train Epoch: 10 [46080/60000 (77%)]	Loss: 128.560822
[2022-10-19 23:33:24] PRINT Train Epoch: 10 [47360/60000 (79%)]	Loss: 121.296783
[2022-10-19 23:33:24] PRINT Train Epoch: 10 [48640/60000 (81%)]	Loss: 132.358521
[2022-10-19 23:33:24] PRINT Train Epoch: 10 [49920/60000 (83%)]	Loss: 120.662582
[2022-10-19 23:33:24] PRINT Train Epoch: 10 [51200/60000 (85%)]	Loss: 129.156799
[2022-10-19 23:33:24] PRINT Train Epoch: 10 [52480/60000 (87%)]	Loss: 125.935600
[2022-10-19 23:33:24] PRINT Train Epoch: 10 [53760/60000 (90%)]	Loss: 129.490845
[2022-10-19 23:33:24] PRINT Train Epoch: 10 [55040/60000 (92%)]	Loss: 122.536026
[2022-10-19 23:33:24] PRINT Train Epoch: 10 [56320/60000 (94%)]	Loss: 120.674507
[2022-10-19 23:33:24] PRINT Train Epoch: 10 [57600/60000 (96%)]	Loss: 125.899239
[2022-10-19 23:33:24] PRINT Train Epoch: 10 [58880/60000 (98%)]	Loss: 130.988129
[2022-10-19 23:33:25] PRINT ====> Epoch: 10 Average loss: 126.1873
[2022-10-19 23:33:25] PRINT ====> Test set loss: 125.6400
