[2022-10-20 01:34:34] PRINT {'features1': 300, 'features2': 40, 'lr': 0.08627118513240317, 'epsilon': 1e-07}
[2022-10-20 01:34:35] PRINT Using cuda device
[2022-10-20 01:34:36] PRINT Train Epoch: 1 [0/60000 (0%)]	Loss: 550.627625
[2022-10-20 01:34:36] PRINT Train Epoch: 1 [1280/60000 (2%)]	Loss: 311.835297
[2022-10-20 01:34:36] PRINT Train Epoch: 1 [2560/60000 (4%)]	Loss: 234.533188
[2022-10-20 01:34:36] PRINT Train Epoch: 1 [3840/60000 (6%)]	Loss: 227.012573
[2022-10-20 01:34:36] PRINT Train Epoch: 1 [5120/60000 (9%)]	Loss: 226.460220
[2022-10-20 01:34:36] PRINT Train Epoch: 1 [6400/60000 (11%)]	Loss: 224.258392
[2022-10-20 01:34:37] PRINT Train Epoch: 1 [7680/60000 (13%)]	Loss: 224.882645
[2022-10-20 01:34:37] PRINT Train Epoch: 1 [8960/60000 (15%)]	Loss: 223.845642
[2022-10-20 01:34:37] PRINT Train Epoch: 1 [10240/60000 (17%)]	Loss: 218.470886
[2022-10-20 01:34:37] PRINT Train Epoch: 1 [11520/60000 (19%)]	Loss: 217.755219
[2022-10-20 01:34:37] PRINT Train Epoch: 1 [12800/60000 (21%)]	Loss: 223.714722
[2022-10-20 01:34:37] PRINT Train Epoch: 1 [14080/60000 (23%)]	Loss: 218.644928
[2022-10-20 01:34:37] PRINT Train Epoch: 1 [15360/60000 (26%)]	Loss: 215.734589
[2022-10-20 01:34:37] PRINT Train Epoch: 1 [16640/60000 (28%)]	Loss: 223.986511
[2022-10-20 01:34:37] PRINT Train Epoch: 1 [17920/60000 (30%)]	Loss: 208.205048
[2022-10-20 01:34:37] PRINT Train Epoch: 1 [19200/60000 (32%)]	Loss: 205.948669
[2022-10-20 01:34:37] PRINT Train Epoch: 1 [20480/60000 (34%)]	Loss: 207.451340
[2022-10-20 01:34:38] PRINT Train Epoch: 1 [21760/60000 (36%)]	Loss: 219.746780
[2022-10-20 01:34:38] PRINT Train Epoch: 1 [23040/60000 (38%)]	Loss: 216.042847
[2022-10-20 01:34:38] PRINT Train Epoch: 1 [24320/60000 (41%)]	Loss: 220.681381
[2022-10-20 01:34:38] PRINT Train Epoch: 1 [25600/60000 (43%)]	Loss: 220.954773
[2022-10-20 01:34:38] PRINT Train Epoch: 1 [26880/60000 (45%)]	Loss: 212.582428
[2022-10-20 01:34:38] PRINT Train Epoch: 1 [28160/60000 (47%)]	Loss: 210.905701
[2022-10-20 01:34:38] PRINT Train Epoch: 1 [29440/60000 (49%)]	Loss: 220.755447
[2022-10-20 01:34:38] PRINT Train Epoch: 1 [30720/60000 (51%)]	Loss: 217.778275
[2022-10-20 01:34:38] PRINT Train Epoch: 1 [32000/60000 (53%)]	Loss: 205.412735
[2022-10-20 01:34:38] PRINT Train Epoch: 1 [33280/60000 (55%)]	Loss: 207.475555
[2022-10-20 01:34:38] PRINT Train Epoch: 1 [34560/60000 (58%)]	Loss: 216.554611
[2022-10-20 01:34:38] PRINT Train Epoch: 1 [35840/60000 (60%)]	Loss: 199.360977
[2022-10-20 01:34:39] PRINT Train Epoch: 1 [37120/60000 (62%)]	Loss: 220.760300
[2022-10-20 01:34:39] PRINT Train Epoch: 1 [38400/60000 (64%)]	Loss: 211.567123
[2022-10-20 01:34:39] PRINT Train Epoch: 1 [39680/60000 (66%)]	Loss: 212.644653
[2022-10-20 01:34:39] PRINT Train Epoch: 1 [40960/60000 (68%)]	Loss: 220.022995
[2022-10-20 01:34:39] PRINT Train Epoch: 1 [42240/60000 (70%)]	Loss: 209.628845
[2022-10-20 01:34:39] PRINT Train Epoch: 1 [43520/60000 (72%)]	Loss: 210.677353
[2022-10-20 01:34:39] PRINT Train Epoch: 1 [44800/60000 (75%)]	Loss: 218.536957
[2022-10-20 01:34:39] PRINT Train Epoch: 1 [46080/60000 (77%)]	Loss: 220.599838
[2022-10-20 01:34:39] PRINT Train Epoch: 1 [47360/60000 (79%)]	Loss: 210.572876
[2022-10-20 01:34:39] PRINT Train Epoch: 1 [48640/60000 (81%)]	Loss: 215.147568
[2022-10-20 01:34:39] PRINT Train Epoch: 1 [49920/60000 (83%)]	Loss: 213.608932
[2022-10-20 01:34:39] PRINT Train Epoch: 1 [51200/60000 (85%)]	Loss: 212.617310
[2022-10-20 01:34:40] PRINT Train Epoch: 1 [52480/60000 (87%)]	Loss: 218.469727
[2022-10-20 01:34:40] PRINT Train Epoch: 1 [53760/60000 (90%)]	Loss: 206.337738
[2022-10-20 01:34:40] PRINT Train Epoch: 1 [55040/60000 (92%)]	Loss: 218.075104
[2022-10-20 01:34:40] PRINT Train Epoch: 1 [56320/60000 (94%)]	Loss: 211.704056
[2022-10-20 01:34:40] PRINT Train Epoch: 1 [57600/60000 (96%)]	Loss: 212.926895
[2022-10-20 01:34:40] PRINT Train Epoch: 1 [58880/60000 (98%)]	Loss: 210.682709
[2022-10-20 01:34:40] PRINT ====> Epoch: 1 Average loss: 364.9798
[2022-10-20 01:34:41] PRINT ====> Test set loss: 212.3421
[2022-10-20 01:34:41] PRINT Train Epoch: 2 [0/60000 (0%)]	Loss: 204.830505
[2022-10-20 01:34:41] PRINT Train Epoch: 2 [1280/60000 (2%)]	Loss: 208.816025
[2022-10-20 01:34:41] PRINT Train Epoch: 2 [2560/60000 (4%)]	Loss: 217.298279
[2022-10-20 01:34:41] PRINT Train Epoch: 2 [3840/60000 (6%)]	Loss: 206.904373
[2022-10-20 01:34:41] PRINT Train Epoch: 2 [5120/60000 (9%)]	Loss: 210.915344
[2022-10-20 01:34:41] PRINT Train Epoch: 2 [6400/60000 (11%)]	Loss: 208.731308
[2022-10-20 01:34:41] PRINT Train Epoch: 2 [7680/60000 (13%)]	Loss: 215.438782
[2022-10-20 01:34:42] PRINT Train Epoch: 2 [8960/60000 (15%)]	Loss: 205.541107
[2022-10-20 01:34:42] PRINT Train Epoch: 2 [10240/60000 (17%)]	Loss: 212.222473
[2022-10-20 01:34:42] PRINT Train Epoch: 2 [11520/60000 (19%)]	Loss: 209.598129
[2022-10-20 01:34:42] PRINT Train Epoch: 2 [12800/60000 (21%)]	Loss: 207.535339
[2022-10-20 01:34:42] PRINT Train Epoch: 2 [14080/60000 (23%)]	Loss: 209.567169
[2022-10-20 01:34:42] PRINT Train Epoch: 2 [15360/60000 (26%)]	Loss: 213.760880
[2022-10-20 01:34:42] PRINT Train Epoch: 2 [16640/60000 (28%)]	Loss: 209.498138
[2022-10-20 01:34:42] PRINT Train Epoch: 2 [17920/60000 (30%)]	Loss: 210.963287
[2022-10-20 01:34:42] PRINT Train Epoch: 2 [19200/60000 (32%)]	Loss: 213.239700
[2022-10-20 01:34:42] PRINT Train Epoch: 2 [20480/60000 (34%)]	Loss: 209.335236
[2022-10-20 01:34:42] PRINT Train Epoch: 2 [21760/60000 (36%)]	Loss: 209.164764
[2022-10-20 01:34:42] PRINT Train Epoch: 2 [23040/60000 (38%)]	Loss: 238.646576
[2022-10-20 01:34:43] PRINT Train Epoch: 2 [24320/60000 (41%)]	Loss: 209.719696
[2022-10-20 01:34:43] PRINT Train Epoch: 2 [25600/60000 (43%)]	Loss: 216.777603
[2022-10-20 01:34:43] PRINT Train Epoch: 2 [26880/60000 (45%)]	Loss: 219.317886
[2022-10-20 01:34:43] PRINT Train Epoch: 2 [28160/60000 (47%)]	Loss: 207.132187
[2022-10-20 01:34:43] PRINT Train Epoch: 2 [29440/60000 (49%)]	Loss: 208.893936
[2022-10-20 01:34:43] PRINT Train Epoch: 2 [30720/60000 (51%)]	Loss: 210.168304
[2022-10-20 01:34:43] PRINT Train Epoch: 2 [32000/60000 (53%)]	Loss: 207.175018
[2022-10-20 01:34:43] PRINT Train Epoch: 2 [33280/60000 (55%)]	Loss: 207.940308
[2022-10-20 01:34:43] PRINT Train Epoch: 2 [34560/60000 (58%)]	Loss: 205.185822
[2022-10-20 01:34:43] PRINT Train Epoch: 2 [35840/60000 (60%)]	Loss: 215.912109
[2022-10-20 01:34:43] PRINT Train Epoch: 2 [37120/60000 (62%)]	Loss: 211.706650
[2022-10-20 01:34:44] PRINT Train Epoch: 2 [38400/60000 (64%)]	Loss: 208.225967
[2022-10-20 01:34:44] PRINT Train Epoch: 2 [39680/60000 (66%)]	Loss: 213.348160
[2022-10-20 01:34:44] PRINT Train Epoch: 2 [40960/60000 (68%)]	Loss: 210.447113
[2022-10-20 01:34:44] PRINT Train Epoch: 2 [42240/60000 (70%)]	Loss: 214.055374
[2022-10-20 01:34:44] PRINT Train Epoch: 2 [43520/60000 (72%)]	Loss: 213.103149
[2022-10-20 01:34:44] PRINT Train Epoch: 2 [44800/60000 (75%)]	Loss: 211.608353
[2022-10-20 01:34:44] PRINT Train Epoch: 2 [46080/60000 (77%)]	Loss: 212.377426
[2022-10-20 01:34:44] PRINT Train Epoch: 2 [47360/60000 (79%)]	Loss: 217.067886
[2022-10-20 01:34:44] PRINT Train Epoch: 2 [48640/60000 (81%)]	Loss: 209.552643
[2022-10-20 01:34:44] PRINT Train Epoch: 2 [49920/60000 (83%)]	Loss: 205.971832
[2022-10-20 01:34:44] PRINT Train Epoch: 2 [51200/60000 (85%)]	Loss: 210.426697
[2022-10-20 01:34:44] PRINT Train Epoch: 2 [52480/60000 (87%)]	Loss: 208.993622
[2022-10-20 01:34:45] PRINT Train Epoch: 2 [53760/60000 (90%)]	Loss: 214.367767
[2022-10-20 01:34:45] PRINT Train Epoch: 2 [55040/60000 (92%)]	Loss: 214.339813
[2022-10-20 01:34:45] PRINT Train Epoch: 2 [56320/60000 (94%)]	Loss: 210.372513
[2022-10-20 01:34:45] PRINT Train Epoch: 2 [57600/60000 (96%)]	Loss: 210.611038
[2022-10-20 01:34:45] PRINT Train Epoch: 2 [58880/60000 (98%)]	Loss: 212.473724
[2022-10-20 01:34:45] PRINT ====> Epoch: 2 Average loss: 212.0329
[2022-10-20 01:34:46] PRINT ====> Test set loss: 211.1736
[2022-10-20 01:34:46] PRINT Train Epoch: 3 [0/60000 (0%)]	Loss: 212.352448
[2022-10-20 01:34:46] PRINT Train Epoch: 3 [1280/60000 (2%)]	Loss: 204.842804
[2022-10-20 01:34:46] PRINT Train Epoch: 3 [2560/60000 (4%)]	Loss: 213.736069
[2022-10-20 01:34:46] PRINT Train Epoch: 3 [3840/60000 (6%)]	Loss: 219.692963
[2022-10-20 01:34:46] PRINT Train Epoch: 3 [5120/60000 (9%)]	Loss: 203.864365
[2022-10-20 01:34:46] PRINT Train Epoch: 3 [6400/60000 (11%)]	Loss: 218.349823
[2022-10-20 01:34:46] PRINT Train Epoch: 3 [7680/60000 (13%)]	Loss: 211.922333
[2022-10-20 01:34:46] PRINT Train Epoch: 3 [8960/60000 (15%)]	Loss: 207.190857
[2022-10-20 01:34:46] PRINT Train Epoch: 3 [10240/60000 (17%)]	Loss: 208.818802
[2022-10-20 01:34:47] PRINT Train Epoch: 3 [11520/60000 (19%)]	Loss: 207.536484
[2022-10-20 01:34:47] PRINT Train Epoch: 3 [12800/60000 (21%)]	Loss: 204.108932
[2022-10-20 01:34:47] PRINT Train Epoch: 3 [14080/60000 (23%)]	Loss: 210.560822
[2022-10-20 01:34:47] PRINT Train Epoch: 3 [15360/60000 (26%)]	Loss: 209.942047
[2022-10-20 01:34:47] PRINT Train Epoch: 3 [16640/60000 (28%)]	Loss: 203.200409
[2022-10-20 01:34:47] PRINT Train Epoch: 3 [17920/60000 (30%)]	Loss: 211.884705
[2022-10-20 01:34:47] PRINT Train Epoch: 3 [19200/60000 (32%)]	Loss: 214.117859
[2022-10-20 01:34:47] PRINT Train Epoch: 3 [20480/60000 (34%)]	Loss: 214.267944
[2022-10-20 01:34:47] PRINT Train Epoch: 3 [21760/60000 (36%)]	Loss: 209.045944
[2022-10-20 01:34:47] PRINT Train Epoch: 3 [23040/60000 (38%)]	Loss: 219.295837
[2022-10-20 01:34:47] PRINT Train Epoch: 3 [24320/60000 (41%)]	Loss: 211.382828
[2022-10-20 01:34:48] PRINT Train Epoch: 3 [25600/60000 (43%)]	Loss: 214.570450
[2022-10-20 01:34:48] PRINT Train Epoch: 3 [26880/60000 (45%)]	Loss: 213.900208
[2022-10-20 01:34:48] PRINT Train Epoch: 3 [28160/60000 (47%)]	Loss: 207.443115
[2022-10-20 01:34:48] PRINT Train Epoch: 3 [29440/60000 (49%)]	Loss: 207.539383
[2022-10-20 01:34:48] PRINT Train Epoch: 3 [30720/60000 (51%)]	Loss: 209.041183
[2022-10-20 01:34:48] PRINT Train Epoch: 3 [32000/60000 (53%)]	Loss: 204.324005
[2022-10-20 01:34:48] PRINT Train Epoch: 3 [33280/60000 (55%)]	Loss: 208.474869
[2022-10-20 01:34:48] PRINT Train Epoch: 3 [34560/60000 (58%)]	Loss: 204.404099
[2022-10-20 01:34:48] PRINT Train Epoch: 3 [35840/60000 (60%)]	Loss: 209.279770
[2022-10-20 01:34:48] PRINT Train Epoch: 3 [37120/60000 (62%)]	Loss: 210.525299
[2022-10-20 01:34:48] PRINT Train Epoch: 3 [38400/60000 (64%)]	Loss: 209.639481
[2022-10-20 01:34:49] PRINT Train Epoch: 3 [39680/60000 (66%)]	Loss: 215.876663
[2022-10-20 01:34:49] PRINT Train Epoch: 3 [40960/60000 (68%)]	Loss: 208.847473
[2022-10-20 01:34:49] PRINT Train Epoch: 3 [42240/60000 (70%)]	Loss: 208.341904
[2022-10-20 01:34:49] PRINT Train Epoch: 3 [43520/60000 (72%)]	Loss: 220.795959
[2022-10-20 01:34:49] PRINT Train Epoch: 3 [44800/60000 (75%)]	Loss: 216.185989
[2022-10-20 01:34:49] PRINT Train Epoch: 3 [46080/60000 (77%)]	Loss: 203.945480
[2022-10-20 01:34:49] PRINT Train Epoch: 3 [47360/60000 (79%)]	Loss: 210.335587
[2022-10-20 01:34:49] PRINT Train Epoch: 3 [48640/60000 (81%)]	Loss: 206.795822
[2022-10-20 01:34:49] PRINT Train Epoch: 3 [49920/60000 (83%)]	Loss: 212.338776
[2022-10-20 01:34:49] PRINT Train Epoch: 3 [51200/60000 (85%)]	Loss: 204.870499
[2022-10-20 01:34:49] PRINT Train Epoch: 3 [52480/60000 (87%)]	Loss: 207.129761
[2022-10-20 01:34:49] PRINT Train Epoch: 3 [53760/60000 (90%)]	Loss: 213.016754
[2022-10-20 01:34:50] PRINT Train Epoch: 3 [55040/60000 (92%)]	Loss: 212.230988
[2022-10-20 01:34:50] PRINT Train Epoch: 3 [56320/60000 (94%)]	Loss: 216.155136
[2022-10-20 01:34:50] PRINT Train Epoch: 3 [57600/60000 (96%)]	Loss: 203.577805
[2022-10-20 01:34:50] PRINT Train Epoch: 3 [58880/60000 (98%)]	Loss: 211.970978
[2022-10-20 01:34:50] PRINT ====> Epoch: 3 Average loss: 211.0493
[2022-10-20 01:34:51] PRINT ====> Test set loss: 210.1774
[2022-10-20 01:34:51] PRINT Train Epoch: 4 [0/60000 (0%)]	Loss: 207.784302
[2022-10-20 01:34:51] PRINT Train Epoch: 4 [1280/60000 (2%)]	Loss: 206.939789
[2022-10-20 01:34:51] PRINT Train Epoch: 4 [2560/60000 (4%)]	Loss: 205.915115
[2022-10-20 01:34:51] PRINT Train Epoch: 4 [3840/60000 (6%)]	Loss: 207.158798
[2022-10-20 01:34:51] PRINT Train Epoch: 4 [5120/60000 (9%)]	Loss: 209.580612
[2022-10-20 01:34:51] PRINT Train Epoch: 4 [6400/60000 (11%)]	Loss: 205.179932
[2022-10-20 01:34:51] PRINT Train Epoch: 4 [7680/60000 (13%)]	Loss: 211.794495
[2022-10-20 01:34:51] PRINT Train Epoch: 4 [8960/60000 (15%)]	Loss: 211.466156
[2022-10-20 01:34:51] PRINT Train Epoch: 4 [10240/60000 (17%)]	Loss: 214.478119
[2022-10-20 01:34:51] PRINT Train Epoch: 4 [11520/60000 (19%)]	Loss: 211.075760
[2022-10-20 01:34:52] PRINT Train Epoch: 4 [12800/60000 (21%)]	Loss: 213.644882
[2022-10-20 01:34:52] PRINT Train Epoch: 4 [14080/60000 (23%)]	Loss: 209.475906
[2022-10-20 01:34:52] PRINT Train Epoch: 4 [15360/60000 (26%)]	Loss: 218.347260
[2022-10-20 01:34:52] PRINT Train Epoch: 4 [16640/60000 (28%)]	Loss: 210.473389
[2022-10-20 01:34:52] PRINT Train Epoch: 4 [17920/60000 (30%)]	Loss: 213.192444
[2022-10-20 01:34:52] PRINT Train Epoch: 4 [19200/60000 (32%)]	Loss: 210.741943
[2022-10-20 01:34:52] PRINT Train Epoch: 4 [20480/60000 (34%)]	Loss: 213.578644
[2022-10-20 01:34:52] PRINT Train Epoch: 4 [21760/60000 (36%)]	Loss: 208.908218
[2022-10-20 01:34:52] PRINT Train Epoch: 4 [23040/60000 (38%)]	Loss: 210.278290
[2022-10-20 01:34:52] PRINT Train Epoch: 4 [24320/60000 (41%)]	Loss: 205.133453
[2022-10-20 01:34:52] PRINT Train Epoch: 4 [25600/60000 (43%)]	Loss: 206.672302
[2022-10-20 01:34:52] PRINT Train Epoch: 4 [26880/60000 (45%)]	Loss: 213.554810
[2022-10-20 01:34:53] PRINT Train Epoch: 4 [28160/60000 (47%)]	Loss: 209.960175
[2022-10-20 01:34:53] PRINT Train Epoch: 4 [29440/60000 (49%)]	Loss: 211.168716
[2022-10-20 01:34:53] PRINT Train Epoch: 4 [30720/60000 (51%)]	Loss: 210.447174
[2022-10-20 01:34:53] PRINT Train Epoch: 4 [32000/60000 (53%)]	Loss: 215.630814
[2022-10-20 01:34:53] PRINT Train Epoch: 4 [33280/60000 (55%)]	Loss: 216.040878
[2022-10-20 01:34:53] PRINT Train Epoch: 4 [34560/60000 (58%)]	Loss: 211.195023
[2022-10-20 01:34:53] PRINT Train Epoch: 4 [35840/60000 (60%)]	Loss: 212.870041
[2022-10-20 01:34:53] PRINT Train Epoch: 4 [37120/60000 (62%)]	Loss: 204.897018
[2022-10-20 01:34:53] PRINT Train Epoch: 4 [38400/60000 (64%)]	Loss: 217.678604
[2022-10-20 01:34:53] PRINT Train Epoch: 4 [39680/60000 (66%)]	Loss: 214.922455
[2022-10-20 01:34:53] PRINT Train Epoch: 4 [40960/60000 (68%)]	Loss: 205.112991
[2022-10-20 01:34:54] PRINT Train Epoch: 4 [42240/60000 (70%)]	Loss: 210.276657
[2022-10-20 01:34:54] PRINT Train Epoch: 4 [43520/60000 (72%)]	Loss: 205.288986
[2022-10-20 01:34:54] PRINT Train Epoch: 4 [44800/60000 (75%)]	Loss: 215.341812
[2022-10-20 01:34:54] PRINT Train Epoch: 4 [46080/60000 (77%)]	Loss: 212.477158
[2022-10-20 01:34:54] PRINT Train Epoch: 4 [47360/60000 (79%)]	Loss: 208.687531
[2022-10-20 01:34:54] PRINT Train Epoch: 4 [48640/60000 (81%)]	Loss: 215.359177
[2022-10-20 01:34:54] PRINT Train Epoch: 4 [49920/60000 (83%)]	Loss: 218.887665
[2022-10-20 01:34:54] PRINT Train Epoch: 4 [51200/60000 (85%)]	Loss: 220.164551
[2022-10-20 01:34:54] PRINT Train Epoch: 4 [52480/60000 (87%)]	Loss: 210.003525
[2022-10-20 01:34:54] PRINT Train Epoch: 4 [53760/60000 (90%)]	Loss: 212.935730
[2022-10-20 01:34:54] PRINT Train Epoch: 4 [55040/60000 (92%)]	Loss: 209.980148
[2022-10-20 01:34:55] PRINT Train Epoch: 4 [56320/60000 (94%)]	Loss: 209.505692
[2022-10-20 01:34:55] PRINT Train Epoch: 4 [57600/60000 (96%)]	Loss: 211.083252
[2022-10-20 01:34:55] PRINT Train Epoch: 4 [58880/60000 (98%)]	Loss: 216.931961
[2022-10-20 01:34:55] PRINT ====> Epoch: 4 Average loss: 210.4025
[2022-10-20 01:34:56] PRINT ====> Test set loss: 210.2582
[2022-10-20 01:34:56] PRINT Train Epoch: 5 [0/60000 (0%)]	Loss: 215.143829
[2022-10-20 01:34:56] PRINT Train Epoch: 5 [1280/60000 (2%)]	Loss: 210.293671
[2022-10-20 01:34:56] PRINT Train Epoch: 5 [2560/60000 (4%)]	Loss: 209.592041
[2022-10-20 01:34:56] PRINT Train Epoch: 5 [3840/60000 (6%)]	Loss: 213.967712
[2022-10-20 01:34:56] PRINT Train Epoch: 5 [5120/60000 (9%)]	Loss: 215.022644
[2022-10-20 01:34:56] PRINT Train Epoch: 5 [6400/60000 (11%)]	Loss: 208.598953
[2022-10-20 01:34:56] PRINT Train Epoch: 5 [7680/60000 (13%)]	Loss: 215.439026
[2022-10-20 01:34:56] PRINT Train Epoch: 5 [8960/60000 (15%)]	Loss: 209.254669
[2022-10-20 01:34:56] PRINT Train Epoch: 5 [10240/60000 (17%)]	Loss: 212.905777
[2022-10-20 01:34:56] PRINT Train Epoch: 5 [11520/60000 (19%)]	Loss: 216.134964
[2022-10-20 01:34:56] PRINT Train Epoch: 5 [12800/60000 (21%)]	Loss: 213.277542
[2022-10-20 01:34:56] PRINT Train Epoch: 5 [14080/60000 (23%)]	Loss: 208.789398
[2022-10-20 01:34:57] PRINT Train Epoch: 5 [15360/60000 (26%)]	Loss: 215.410294
[2022-10-20 01:34:57] PRINT Train Epoch: 5 [16640/60000 (28%)]	Loss: 216.542801
[2022-10-20 01:34:57] PRINT Train Epoch: 5 [17920/60000 (30%)]	Loss: 207.327118
[2022-10-20 01:34:57] PRINT Train Epoch: 5 [19200/60000 (32%)]	Loss: 204.427765
[2022-10-20 01:34:57] PRINT Train Epoch: 5 [20480/60000 (34%)]	Loss: 206.831039
[2022-10-20 01:34:57] PRINT Train Epoch: 5 [21760/60000 (36%)]	Loss: 211.653000
[2022-10-20 01:34:57] PRINT Train Epoch: 5 [23040/60000 (38%)]	Loss: 210.948639
[2022-10-20 01:34:57] PRINT Train Epoch: 5 [24320/60000 (41%)]	Loss: 209.844391
[2022-10-20 01:34:57] PRINT Train Epoch: 5 [25600/60000 (43%)]	Loss: 210.178146
[2022-10-20 01:34:57] PRINT Train Epoch: 5 [26880/60000 (45%)]	Loss: 210.433899
[2022-10-20 01:34:57] PRINT Train Epoch: 5 [28160/60000 (47%)]	Loss: 207.686462
[2022-10-20 01:34:57] PRINT Train Epoch: 5 [29440/60000 (49%)]	Loss: 211.596237
[2022-10-20 01:34:58] PRINT Train Epoch: 5 [30720/60000 (51%)]	Loss: 206.785614
[2022-10-20 01:34:58] PRINT Train Epoch: 5 [32000/60000 (53%)]	Loss: 212.624725
[2022-10-20 01:34:58] PRINT Train Epoch: 5 [33280/60000 (55%)]	Loss: 209.902405
[2022-10-20 01:34:58] PRINT Train Epoch: 5 [34560/60000 (58%)]	Loss: 206.341736
[2022-10-20 01:34:58] PRINT Train Epoch: 5 [35840/60000 (60%)]	Loss: 212.445312
[2022-10-20 01:34:58] PRINT Train Epoch: 5 [37120/60000 (62%)]	Loss: 204.836456
[2022-10-20 01:34:58] PRINT Train Epoch: 5 [38400/60000 (64%)]	Loss: 208.262238
[2022-10-20 01:34:58] PRINT Train Epoch: 5 [39680/60000 (66%)]	Loss: 208.238312
[2022-10-20 01:34:58] PRINT Train Epoch: 5 [40960/60000 (68%)]	Loss: 213.895569
[2022-10-20 01:34:58] PRINT Train Epoch: 5 [42240/60000 (70%)]	Loss: 209.252304
[2022-10-20 01:34:58] PRINT Train Epoch: 5 [43520/60000 (72%)]	Loss: 209.733261
[2022-10-20 01:34:58] PRINT Train Epoch: 5 [44800/60000 (75%)]	Loss: 212.145721
[2022-10-20 01:34:58] PRINT Train Epoch: 5 [46080/60000 (77%)]	Loss: 215.566742
[2022-10-20 01:34:59] PRINT Train Epoch: 5 [47360/60000 (79%)]	Loss: 208.995178
[2022-10-20 01:34:59] PRINT Train Epoch: 5 [48640/60000 (81%)]	Loss: 213.487381
[2022-10-20 01:34:59] PRINT Train Epoch: 5 [49920/60000 (83%)]	Loss: 210.121124
[2022-10-20 01:34:59] PRINT Train Epoch: 5 [51200/60000 (85%)]	Loss: 210.070297
[2022-10-20 01:34:59] PRINT Train Epoch: 5 [52480/60000 (87%)]	Loss: 213.678497
[2022-10-20 01:34:59] PRINT Train Epoch: 5 [53760/60000 (90%)]	Loss: 211.335648
[2022-10-20 01:34:59] PRINT Train Epoch: 5 [55040/60000 (92%)]	Loss: 217.602829
[2022-10-20 01:34:59] PRINT Train Epoch: 5 [56320/60000 (94%)]	Loss: 212.543228
[2022-10-20 01:34:59] PRINT Train Epoch: 5 [57600/60000 (96%)]	Loss: 203.100800
[2022-10-20 01:34:59] PRINT Train Epoch: 5 [58880/60000 (98%)]	Loss: 209.078171
[2022-10-20 01:34:59] PRINT ====> Epoch: 5 Average loss: 210.0729
[2022-10-20 01:35:00] PRINT ====> Test set loss: 209.6350
[2022-10-20 01:35:00] PRINT Train Epoch: 6 [0/60000 (0%)]	Loss: 202.698090
[2022-10-20 01:35:00] PRINT Train Epoch: 6 [1280/60000 (2%)]	Loss: 215.929962
[2022-10-20 01:35:00] PRINT Train Epoch: 6 [2560/60000 (4%)]	Loss: 205.294632
[2022-10-20 01:35:00] PRINT Train Epoch: 6 [3840/60000 (6%)]	Loss: 203.607605
[2022-10-20 01:35:01] PRINT Train Epoch: 6 [5120/60000 (9%)]	Loss: 210.042755
[2022-10-20 01:35:01] PRINT Train Epoch: 6 [6400/60000 (11%)]	Loss: 209.350891
[2022-10-20 01:35:01] PRINT Train Epoch: 6 [7680/60000 (13%)]	Loss: 220.054489
[2022-10-20 01:35:01] PRINT Train Epoch: 6 [8960/60000 (15%)]	Loss: 206.604431
[2022-10-20 01:35:01] PRINT Train Epoch: 6 [10240/60000 (17%)]	Loss: 210.561157
[2022-10-20 01:35:01] PRINT Train Epoch: 6 [11520/60000 (19%)]	Loss: 206.550522
[2022-10-20 01:35:01] PRINT Train Epoch: 6 [12800/60000 (21%)]	Loss: 213.910843
[2022-10-20 01:35:01] PRINT Train Epoch: 6 [14080/60000 (23%)]	Loss: 210.930359
[2022-10-20 01:35:01] PRINT Train Epoch: 6 [15360/60000 (26%)]	Loss: 202.440613
[2022-10-20 01:35:01] PRINT Train Epoch: 6 [16640/60000 (28%)]	Loss: 209.234741
[2022-10-20 01:35:01] PRINT Train Epoch: 6 [17920/60000 (30%)]	Loss: 217.462357
[2022-10-20 01:35:02] PRINT Train Epoch: 6 [19200/60000 (32%)]	Loss: 213.451065
[2022-10-20 01:35:02] PRINT Train Epoch: 6 [20480/60000 (34%)]	Loss: 208.096756
[2022-10-20 01:35:02] PRINT Train Epoch: 6 [21760/60000 (36%)]	Loss: 210.629944
[2022-10-20 01:35:02] PRINT Train Epoch: 6 [23040/60000 (38%)]	Loss: 203.998764
[2022-10-20 01:35:02] PRINT Train Epoch: 6 [24320/60000 (41%)]	Loss: 210.480972
[2022-10-20 01:35:02] PRINT Train Epoch: 6 [25600/60000 (43%)]	Loss: 213.754562
[2022-10-20 01:35:02] PRINT Train Epoch: 6 [26880/60000 (45%)]	Loss: 210.658936
[2022-10-20 01:35:02] PRINT Train Epoch: 6 [28160/60000 (47%)]	Loss: 215.163712
[2022-10-20 01:35:02] PRINT Train Epoch: 6 [29440/60000 (49%)]	Loss: 215.118088
[2022-10-20 01:35:02] PRINT Train Epoch: 6 [30720/60000 (51%)]	Loss: 207.043747
[2022-10-20 01:35:02] PRINT Train Epoch: 6 [32000/60000 (53%)]	Loss: 206.099075
[2022-10-20 01:35:03] PRINT Train Epoch: 6 [33280/60000 (55%)]	Loss: 212.368668
[2022-10-20 01:35:03] PRINT Train Epoch: 6 [34560/60000 (58%)]	Loss: 203.076462
[2022-10-20 01:35:03] PRINT Train Epoch: 6 [35840/60000 (60%)]	Loss: 205.332275
[2022-10-20 01:35:03] PRINT Train Epoch: 6 [37120/60000 (62%)]	Loss: 209.449677
[2022-10-20 01:35:03] PRINT Train Epoch: 6 [38400/60000 (64%)]	Loss: 211.506012
[2022-10-20 01:35:03] PRINT Train Epoch: 6 [39680/60000 (66%)]	Loss: 210.584351
[2022-10-20 01:35:03] PRINT Train Epoch: 6 [40960/60000 (68%)]	Loss: 207.312805
[2022-10-20 01:35:03] PRINT Train Epoch: 6 [42240/60000 (70%)]	Loss: 210.707458
[2022-10-20 01:35:03] PRINT Train Epoch: 6 [43520/60000 (72%)]	Loss: 216.045898
[2022-10-20 01:35:03] PRINT Train Epoch: 6 [44800/60000 (75%)]	Loss: 210.158279
[2022-10-20 01:35:03] PRINT Train Epoch: 6 [46080/60000 (77%)]	Loss: 209.817902
[2022-10-20 01:35:03] PRINT Train Epoch: 6 [47360/60000 (79%)]	Loss: 208.027023
[2022-10-20 01:35:04] PRINT Train Epoch: 6 [48640/60000 (81%)]	Loss: 209.977631
[2022-10-20 01:35:04] PRINT Train Epoch: 6 [49920/60000 (83%)]	Loss: 208.948898
[2022-10-20 01:35:04] PRINT Train Epoch: 6 [51200/60000 (85%)]	Loss: 202.484283
[2022-10-20 01:35:04] PRINT Train Epoch: 6 [52480/60000 (87%)]	Loss: 202.923187
[2022-10-20 01:35:04] PRINT Train Epoch: 6 [53760/60000 (90%)]	Loss: 207.149780
[2022-10-20 01:35:04] PRINT Train Epoch: 6 [55040/60000 (92%)]	Loss: 200.452911
[2022-10-20 01:35:04] PRINT Train Epoch: 6 [56320/60000 (94%)]	Loss: 207.164734
[2022-10-20 01:35:04] PRINT Train Epoch: 6 [57600/60000 (96%)]	Loss: 204.856110
[2022-10-20 01:35:04] PRINT Train Epoch: 6 [58880/60000 (98%)]	Loss: 202.422638
[2022-10-20 01:35:04] PRINT ====> Epoch: 6 Average loss: 210.0194
[2022-10-20 01:35:05] PRINT ====> Test set loss: 209.3918
[2022-10-20 01:35:05] PRINT Train Epoch: 7 [0/60000 (0%)]	Loss: 207.073624
[2022-10-20 01:35:05] PRINT Train Epoch: 7 [1280/60000 (2%)]	Loss: 204.224274
[2022-10-20 01:35:05] PRINT Train Epoch: 7 [2560/60000 (4%)]	Loss: 212.473953
[2022-10-20 01:35:05] PRINT Train Epoch: 7 [3840/60000 (6%)]	Loss: 219.158691
[2022-10-20 01:35:05] PRINT Train Epoch: 7 [5120/60000 (9%)]	Loss: 207.782089
[2022-10-20 01:35:06] PRINT Train Epoch: 7 [6400/60000 (11%)]	Loss: 206.186600
[2022-10-20 01:35:06] PRINT Train Epoch: 7 [7680/60000 (13%)]	Loss: 203.816010
[2022-10-20 01:35:06] PRINT Train Epoch: 7 [8960/60000 (15%)]	Loss: 216.844498
[2022-10-20 01:35:06] PRINT Train Epoch: 7 [10240/60000 (17%)]	Loss: 201.881561
[2022-10-20 01:35:06] PRINT Train Epoch: 7 [11520/60000 (19%)]	Loss: 210.337753
[2022-10-20 01:35:06] PRINT Train Epoch: 7 [12800/60000 (21%)]	Loss: 206.686447
[2022-10-20 01:35:06] PRINT Train Epoch: 7 [14080/60000 (23%)]	Loss: 208.996536
[2022-10-20 01:35:06] PRINT Train Epoch: 7 [15360/60000 (26%)]	Loss: 204.952759
[2022-10-20 01:35:06] PRINT Train Epoch: 7 [16640/60000 (28%)]	Loss: 210.581039
[2022-10-20 01:35:06] PRINT Train Epoch: 7 [17920/60000 (30%)]	Loss: 208.950790
[2022-10-20 01:35:06] PRINT Train Epoch: 7 [19200/60000 (32%)]	Loss: 208.478806
[2022-10-20 01:35:07] PRINT Train Epoch: 7 [20480/60000 (34%)]	Loss: 210.899704
[2022-10-20 01:35:07] PRINT Train Epoch: 7 [21760/60000 (36%)]	Loss: 216.568115
[2022-10-20 01:35:07] PRINT Train Epoch: 7 [23040/60000 (38%)]	Loss: 206.635910
[2022-10-20 01:35:07] PRINT Train Epoch: 7 [24320/60000 (41%)]	Loss: 215.918777
[2022-10-20 01:35:07] PRINT Train Epoch: 7 [25600/60000 (43%)]	Loss: 214.686203
[2022-10-20 01:35:07] PRINT Train Epoch: 7 [26880/60000 (45%)]	Loss: 206.731979
[2022-10-20 01:35:07] PRINT Train Epoch: 7 [28160/60000 (47%)]	Loss: 209.643982
[2022-10-20 01:35:07] PRINT Train Epoch: 7 [29440/60000 (49%)]	Loss: 208.237045
[2022-10-20 01:35:07] PRINT Train Epoch: 7 [30720/60000 (51%)]	Loss: 204.935745
[2022-10-20 01:35:07] PRINT Train Epoch: 7 [32000/60000 (53%)]	Loss: 213.081253
[2022-10-20 01:35:07] PRINT Train Epoch: 7 [33280/60000 (55%)]	Loss: 208.722702
[2022-10-20 01:35:07] PRINT Train Epoch: 7 [34560/60000 (58%)]	Loss: 203.858887
[2022-10-20 01:35:08] PRINT Train Epoch: 7 [35840/60000 (60%)]	Loss: 217.454010
[2022-10-20 01:35:08] PRINT Train Epoch: 7 [37120/60000 (62%)]	Loss: 206.616409
[2022-10-20 01:35:08] PRINT Train Epoch: 7 [38400/60000 (64%)]	Loss: 210.615143
[2022-10-20 01:35:08] PRINT Train Epoch: 7 [39680/60000 (66%)]	Loss: 215.604263
[2022-10-20 01:35:08] PRINT Train Epoch: 7 [40960/60000 (68%)]	Loss: 211.322754
[2022-10-20 01:35:08] PRINT Train Epoch: 7 [42240/60000 (70%)]	Loss: 206.643829
[2022-10-20 01:35:08] PRINT Train Epoch: 7 [43520/60000 (72%)]	Loss: 210.538803
[2022-10-20 01:35:08] PRINT Train Epoch: 7 [44800/60000 (75%)]	Loss: 211.455948
[2022-10-20 01:35:08] PRINT Train Epoch: 7 [46080/60000 (77%)]	Loss: 209.071716
[2022-10-20 01:35:08] PRINT Train Epoch: 7 [47360/60000 (79%)]	Loss: 211.817505
[2022-10-20 01:35:08] PRINT Train Epoch: 7 [48640/60000 (81%)]	Loss: 208.905334
[2022-10-20 01:35:08] PRINT Train Epoch: 7 [49920/60000 (83%)]	Loss: 208.360199
[2022-10-20 01:35:09] PRINT Train Epoch: 7 [51200/60000 (85%)]	Loss: 211.850906
[2022-10-20 01:35:09] PRINT Train Epoch: 7 [52480/60000 (87%)]	Loss: 210.211853
[2022-10-20 01:35:09] PRINT Train Epoch: 7 [53760/60000 (90%)]	Loss: 208.671036
[2022-10-20 01:35:09] PRINT Train Epoch: 7 [55040/60000 (92%)]	Loss: 211.892105
[2022-10-20 01:35:09] PRINT Train Epoch: 7 [56320/60000 (94%)]	Loss: 215.048630
[2022-10-20 01:35:09] PRINT Train Epoch: 7 [57600/60000 (96%)]	Loss: 213.463242
[2022-10-20 01:35:09] PRINT Train Epoch: 7 [58880/60000 (98%)]	Loss: 214.304962
[2022-10-20 01:35:09] PRINT ====> Epoch: 7 Average loss: 210.1508
[2022-10-20 01:35:10] PRINT ====> Test set loss: 210.2890
[2022-10-20 01:35:10] PRINT Train Epoch: 8 [0/60000 (0%)]	Loss: 206.768356
[2022-10-20 01:35:10] PRINT Train Epoch: 8 [1280/60000 (2%)]	Loss: 202.844925
[2022-10-20 01:35:10] PRINT Train Epoch: 8 [2560/60000 (4%)]	Loss: 211.017883
[2022-10-20 01:35:10] PRINT Train Epoch: 8 [3840/60000 (6%)]	Loss: 205.725357
[2022-10-20 01:35:10] PRINT Train Epoch: 8 [5120/60000 (9%)]	Loss: 210.292450
[2022-10-20 01:35:10] PRINT Train Epoch: 8 [6400/60000 (11%)]	Loss: 210.681519
[2022-10-20 01:35:10] PRINT Train Epoch: 8 [7680/60000 (13%)]	Loss: 207.150986
[2022-10-20 01:35:11] PRINT Train Epoch: 8 [8960/60000 (15%)]	Loss: 219.072739
[2022-10-20 01:35:11] PRINT Train Epoch: 8 [10240/60000 (17%)]	Loss: 217.275665
[2022-10-20 01:35:11] PRINT Train Epoch: 8 [11520/60000 (19%)]	Loss: 215.392456
[2022-10-20 01:35:11] PRINT Train Epoch: 8 [12800/60000 (21%)]	Loss: 208.439651
[2022-10-20 01:35:11] PRINT Train Epoch: 8 [14080/60000 (23%)]	Loss: 206.504623
[2022-10-20 01:35:11] PRINT Train Epoch: 8 [15360/60000 (26%)]	Loss: 213.971375
[2022-10-20 01:35:11] PRINT Train Epoch: 8 [16640/60000 (28%)]	Loss: 206.702057
[2022-10-20 01:35:11] PRINT Train Epoch: 8 [17920/60000 (30%)]	Loss: 213.869308
[2022-10-20 01:35:11] PRINT Train Epoch: 8 [19200/60000 (32%)]	Loss: 208.581985
[2022-10-20 01:35:11] PRINT Train Epoch: 8 [20480/60000 (34%)]	Loss: 201.471649
[2022-10-20 01:35:11] PRINT Train Epoch: 8 [21760/60000 (36%)]	Loss: 212.328476
[2022-10-20 01:35:12] PRINT Train Epoch: 8 [23040/60000 (38%)]	Loss: 207.397766
[2022-10-20 01:35:12] PRINT Train Epoch: 8 [24320/60000 (41%)]	Loss: 209.542435
[2022-10-20 01:35:12] PRINT Train Epoch: 8 [25600/60000 (43%)]	Loss: 212.696060
[2022-10-20 01:35:12] PRINT Train Epoch: 8 [26880/60000 (45%)]	Loss: 204.901138
[2022-10-20 01:35:12] PRINT Train Epoch: 8 [28160/60000 (47%)]	Loss: 211.151154
[2022-10-20 01:35:12] PRINT Train Epoch: 8 [29440/60000 (49%)]	Loss: 208.902634
[2022-10-20 01:35:12] PRINT Train Epoch: 8 [30720/60000 (51%)]	Loss: 206.093658
[2022-10-20 01:35:12] PRINT Train Epoch: 8 [32000/60000 (53%)]	Loss: 216.258820
[2022-10-20 01:35:12] PRINT Train Epoch: 8 [33280/60000 (55%)]	Loss: 208.944824
[2022-10-20 01:35:12] PRINT Train Epoch: 8 [34560/60000 (58%)]	Loss: 208.124512
[2022-10-20 01:35:12] PRINT Train Epoch: 8 [35840/60000 (60%)]	Loss: 216.772461
[2022-10-20 01:35:12] PRINT Train Epoch: 8 [37120/60000 (62%)]	Loss: 214.327682
[2022-10-20 01:35:13] PRINT Train Epoch: 8 [38400/60000 (64%)]	Loss: 211.208252
[2022-10-20 01:35:13] PRINT Train Epoch: 8 [39680/60000 (66%)]	Loss: 208.685318
[2022-10-20 01:35:13] PRINT Train Epoch: 8 [40960/60000 (68%)]	Loss: 205.977676
[2022-10-20 01:35:13] PRINT Train Epoch: 8 [42240/60000 (70%)]	Loss: 210.455704
[2022-10-20 01:35:13] PRINT Train Epoch: 8 [43520/60000 (72%)]	Loss: 209.763535
[2022-10-20 01:35:13] PRINT Train Epoch: 8 [44800/60000 (75%)]	Loss: 204.164505
[2022-10-20 01:35:13] PRINT Train Epoch: 8 [46080/60000 (77%)]	Loss: 210.613922
[2022-10-20 01:35:13] PRINT Train Epoch: 8 [47360/60000 (79%)]	Loss: 212.724869
[2022-10-20 01:35:13] PRINT Train Epoch: 8 [48640/60000 (81%)]	Loss: 210.834534
[2022-10-20 01:35:13] PRINT Train Epoch: 8 [49920/60000 (83%)]	Loss: 199.994965
[2022-10-20 01:35:13] PRINT Train Epoch: 8 [51200/60000 (85%)]	Loss: 210.888458
[2022-10-20 01:35:14] PRINT Train Epoch: 8 [52480/60000 (87%)]	Loss: 216.150864
[2022-10-20 01:35:14] PRINT Train Epoch: 8 [53760/60000 (90%)]	Loss: 208.582413
[2022-10-20 01:35:14] PRINT Train Epoch: 8 [55040/60000 (92%)]	Loss: 219.183731
[2022-10-20 01:35:14] PRINT Train Epoch: 8 [56320/60000 (94%)]	Loss: 213.160812
[2022-10-20 01:35:14] PRINT Train Epoch: 8 [57600/60000 (96%)]	Loss: 211.866974
[2022-10-20 01:35:14] PRINT Train Epoch: 8 [58880/60000 (98%)]	Loss: 206.720276
[2022-10-20 01:35:14] PRINT ====> Epoch: 8 Average loss: 210.3488
[2022-10-20 01:35:15] PRINT ====> Test set loss: 210.0475
[2022-10-20 01:35:15] PRINT Train Epoch: 9 [0/60000 (0%)]	Loss: 216.765488
[2022-10-20 01:35:15] PRINT Train Epoch: 9 [1280/60000 (2%)]	Loss: 207.425201
[2022-10-20 01:35:15] PRINT Train Epoch: 9 [2560/60000 (4%)]	Loss: 208.859604
[2022-10-20 01:35:15] PRINT Train Epoch: 9 [3840/60000 (6%)]	Loss: 216.706741
[2022-10-20 01:35:15] PRINT Train Epoch: 9 [5120/60000 (9%)]	Loss: 209.819611
[2022-10-20 01:35:15] PRINT Train Epoch: 9 [6400/60000 (11%)]	Loss: 206.139404
[2022-10-20 01:35:15] PRINT Train Epoch: 9 [7680/60000 (13%)]	Loss: 204.403229
[2022-10-20 01:35:15] PRINT Train Epoch: 9 [8960/60000 (15%)]	Loss: 208.324829
[2022-10-20 01:35:16] PRINT Train Epoch: 9 [10240/60000 (17%)]	Loss: 207.667816
[2022-10-20 01:35:16] PRINT Train Epoch: 9 [11520/60000 (19%)]	Loss: 216.237549
[2022-10-20 01:35:16] PRINT Train Epoch: 9 [12800/60000 (21%)]	Loss: 211.835953
[2022-10-20 01:35:16] PRINT Train Epoch: 9 [14080/60000 (23%)]	Loss: 212.969788
[2022-10-20 01:35:16] PRINT Train Epoch: 9 [15360/60000 (26%)]	Loss: 213.642487
[2022-10-20 01:35:16] PRINT Train Epoch: 9 [16640/60000 (28%)]	Loss: 205.431366
[2022-10-20 01:35:16] PRINT Train Epoch: 9 [17920/60000 (30%)]	Loss: 206.500046
[2022-10-20 01:35:16] PRINT Train Epoch: 9 [19200/60000 (32%)]	Loss: 212.294937
[2022-10-20 01:35:16] PRINT Train Epoch: 9 [20480/60000 (34%)]	Loss: 217.102234
[2022-10-20 01:35:16] PRINT Train Epoch: 9 [21760/60000 (36%)]	Loss: 213.465866
[2022-10-20 01:35:16] PRINT Train Epoch: 9 [23040/60000 (38%)]	Loss: 211.008286
[2022-10-20 01:35:16] PRINT Train Epoch: 9 [24320/60000 (41%)]	Loss: 216.680115
[2022-10-20 01:35:17] PRINT Train Epoch: 9 [25600/60000 (43%)]	Loss: 213.423889
[2022-10-20 01:35:17] PRINT Train Epoch: 9 [26880/60000 (45%)]	Loss: 202.547623
[2022-10-20 01:35:17] PRINT Train Epoch: 9 [28160/60000 (47%)]	Loss: 208.261337
[2022-10-20 01:35:17] PRINT Train Epoch: 9 [29440/60000 (49%)]	Loss: 214.205460
[2022-10-20 01:35:17] PRINT Train Epoch: 9 [30720/60000 (51%)]	Loss: 213.306961
[2022-10-20 01:35:17] PRINT Train Epoch: 9 [32000/60000 (53%)]	Loss: 205.140015
[2022-10-20 01:35:17] PRINT Train Epoch: 9 [33280/60000 (55%)]	Loss: 205.880508
[2022-10-20 01:35:17] PRINT Train Epoch: 9 [34560/60000 (58%)]	Loss: 211.649261
[2022-10-20 01:35:17] PRINT Train Epoch: 9 [35840/60000 (60%)]	Loss: 214.955658
[2022-10-20 01:35:17] PRINT Train Epoch: 9 [37120/60000 (62%)]	Loss: 220.874649
[2022-10-20 01:35:17] PRINT Train Epoch: 9 [38400/60000 (64%)]	Loss: 212.440491
[2022-10-20 01:35:18] PRINT Train Epoch: 9 [39680/60000 (66%)]	Loss: 211.803070
[2022-10-20 01:35:18] PRINT Train Epoch: 9 [40960/60000 (68%)]	Loss: 204.792892
[2022-10-20 01:35:18] PRINT Train Epoch: 9 [42240/60000 (70%)]	Loss: 203.804062
[2022-10-20 01:35:18] PRINT Train Epoch: 9 [43520/60000 (72%)]	Loss: 212.352112
[2022-10-20 01:35:18] PRINT Train Epoch: 9 [44800/60000 (75%)]	Loss: 209.067627
[2022-10-20 01:35:18] PRINT Train Epoch: 9 [46080/60000 (77%)]	Loss: 208.756287
[2022-10-20 01:35:18] PRINT Train Epoch: 9 [47360/60000 (79%)]	Loss: 218.228867
[2022-10-20 01:35:18] PRINT Train Epoch: 9 [48640/60000 (81%)]	Loss: 217.236389
[2022-10-20 01:35:18] PRINT Train Epoch: 9 [49920/60000 (83%)]	Loss: 210.328674
[2022-10-20 01:35:18] PRINT Train Epoch: 9 [51200/60000 (85%)]	Loss: 208.545013
[2022-10-20 01:35:18] PRINT Train Epoch: 9 [52480/60000 (87%)]	Loss: 210.616516
[2022-10-20 01:35:19] PRINT Train Epoch: 9 [53760/60000 (90%)]	Loss: 214.607178
[2022-10-20 01:35:19] PRINT Train Epoch: 9 [55040/60000 (92%)]	Loss: 208.965576
[2022-10-20 01:35:19] PRINT Train Epoch: 9 [56320/60000 (94%)]	Loss: 215.560562
[2022-10-20 01:35:19] PRINT Train Epoch: 9 [57600/60000 (96%)]	Loss: 207.696838
[2022-10-20 01:35:19] PRINT Train Epoch: 9 [58880/60000 (98%)]	Loss: 208.534103
[2022-10-20 01:35:19] PRINT ====> Epoch: 9 Average loss: 211.0854
[2022-10-20 01:35:20] PRINT ====> Test set loss: 210.7942
[2022-10-20 01:35:20] PRINT Train Epoch: 10 [0/60000 (0%)]	Loss: 213.899353
[2022-10-20 01:35:20] PRINT Train Epoch: 10 [1280/60000 (2%)]	Loss: 212.664291
[2022-10-20 01:35:20] PRINT Train Epoch: 10 [2560/60000 (4%)]	Loss: 212.758148
[2022-10-20 01:35:20] PRINT Train Epoch: 10 [3840/60000 (6%)]	Loss: 219.500473
[2022-10-20 01:35:20] PRINT Train Epoch: 10 [5120/60000 (9%)]	Loss: 206.853455
[2022-10-20 01:35:20] PRINT Train Epoch: 10 [6400/60000 (11%)]	Loss: 216.228317
[2022-10-20 01:35:20] PRINT Train Epoch: 10 [7680/60000 (13%)]	Loss: 210.372330
[2022-10-20 01:35:20] PRINT Train Epoch: 10 [8960/60000 (15%)]	Loss: 206.312531
[2022-10-20 01:35:20] PRINT Train Epoch: 10 [10240/60000 (17%)]	Loss: 204.196838
[2022-10-20 01:35:21] PRINT Train Epoch: 10 [11520/60000 (19%)]	Loss: 212.132553
[2022-10-20 01:35:21] PRINT Train Epoch: 10 [12800/60000 (21%)]	Loss: 205.411285
[2022-10-20 01:35:21] PRINT Train Epoch: 10 [14080/60000 (23%)]	Loss: 216.740601
[2022-10-20 01:35:21] PRINT Train Epoch: 10 [15360/60000 (26%)]	Loss: 216.265564
[2022-10-20 01:35:21] PRINT Train Epoch: 10 [16640/60000 (28%)]	Loss: 211.041336
[2022-10-20 01:35:21] PRINT Train Epoch: 10 [17920/60000 (30%)]	Loss: 212.246796
[2022-10-20 01:35:21] PRINT Train Epoch: 10 [19200/60000 (32%)]	Loss: 212.748734
[2022-10-20 01:35:21] PRINT Train Epoch: 10 [20480/60000 (34%)]	Loss: 207.944153
[2022-10-20 01:35:21] PRINT Train Epoch: 10 [21760/60000 (36%)]	Loss: 209.397919
[2022-10-20 01:35:21] PRINT Train Epoch: 10 [23040/60000 (38%)]	Loss: 204.820007
[2022-10-20 01:35:21] PRINT Train Epoch: 10 [24320/60000 (41%)]	Loss: 213.888550
[2022-10-20 01:35:21] PRINT Train Epoch: 10 [25600/60000 (43%)]	Loss: 211.546692
[2022-10-20 01:35:22] PRINT Train Epoch: 10 [26880/60000 (45%)]	Loss: 209.872482
[2022-10-20 01:35:22] PRINT Train Epoch: 10 [28160/60000 (47%)]	Loss: 204.710129
[2022-10-20 01:35:22] PRINT Train Epoch: 10 [29440/60000 (49%)]	Loss: 210.285858
[2022-10-20 01:35:22] PRINT Train Epoch: 10 [30720/60000 (51%)]	Loss: 206.888000
[2022-10-20 01:35:22] PRINT Train Epoch: 10 [32000/60000 (53%)]	Loss: 212.224716
[2022-10-20 01:35:22] PRINT Train Epoch: 10 [33280/60000 (55%)]	Loss: 209.546005
[2022-10-20 01:35:22] PRINT Train Epoch: 10 [34560/60000 (58%)]	Loss: 216.132843
[2022-10-20 01:35:22] PRINT Train Epoch: 10 [35840/60000 (60%)]	Loss: 211.218826
[2022-10-20 01:35:22] PRINT Train Epoch: 10 [37120/60000 (62%)]	Loss: 207.336349
[2022-10-20 01:35:22] PRINT Train Epoch: 10 [38400/60000 (64%)]	Loss: 211.801102
[2022-10-20 01:35:22] PRINT Train Epoch: 10 [39680/60000 (66%)]	Loss: 213.033096
[2022-10-20 01:35:23] PRINT Train Epoch: 10 [40960/60000 (68%)]	Loss: 219.965698
[2022-10-20 01:35:23] PRINT Train Epoch: 10 [42240/60000 (70%)]	Loss: 207.390121
[2022-10-20 01:35:23] PRINT Train Epoch: 10 [43520/60000 (72%)]	Loss: 211.285950
[2022-10-20 01:35:23] PRINT Train Epoch: 10 [44800/60000 (75%)]	Loss: 206.479355
[2022-10-20 01:35:23] PRINT Train Epoch: 10 [46080/60000 (77%)]	Loss: 210.271011
[2022-10-20 01:35:23] PRINT Train Epoch: 10 [47360/60000 (79%)]	Loss: 209.776001
[2022-10-20 01:35:23] PRINT Train Epoch: 10 [48640/60000 (81%)]	Loss: 212.731308
[2022-10-20 01:35:23] PRINT Train Epoch: 10 [49920/60000 (83%)]	Loss: 211.718018
[2022-10-20 01:35:23] PRINT Train Epoch: 10 [51200/60000 (85%)]	Loss: 201.011688
[2022-10-20 01:35:23] PRINT Train Epoch: 10 [52480/60000 (87%)]	Loss: 208.553772
[2022-10-20 01:35:23] PRINT Train Epoch: 10 [53760/60000 (90%)]	Loss: 210.492950
[2022-10-20 01:35:24] PRINT Train Epoch: 10 [55040/60000 (92%)]	Loss: 201.813507
[2022-10-20 01:35:24] PRINT Train Epoch: 10 [56320/60000 (94%)]	Loss: 209.060699
[2022-10-20 01:35:24] PRINT Train Epoch: 10 [57600/60000 (96%)]	Loss: 216.807571
[2022-10-20 01:35:24] PRINT Train Epoch: 10 [58880/60000 (98%)]	Loss: 203.199478
[2022-10-20 01:35:24] PRINT ====> Epoch: 10 Average loss: 210.7179
[2022-10-20 01:35:25] PRINT ====> Test set loss: 209.8540
