[2022-10-19 23:31:11] PRINT {'features1': 400, 'features2': 30, 'lr': 0.0018795647063953563, 'epsilon': 1e-06}
[2022-10-19 23:31:11] PRINT Using cuda device
[2022-10-19 23:31:13] PRINT Train Epoch: 1 [0/60000 (0%)]	Loss: 548.482178
[2022-10-19 23:31:13] PRINT Train Epoch: 1 [1280/60000 (2%)]	Loss: 241.405411
[2022-10-19 23:31:13] PRINT Train Epoch: 1 [2560/60000 (4%)]	Loss: 223.041946
[2022-10-19 23:31:13] PRINT Train Epoch: 1 [3840/60000 (6%)]	Loss: 209.013245
[2022-10-19 23:31:13] PRINT Train Epoch: 1 [5120/60000 (9%)]	Loss: 206.674820
[2022-10-19 23:31:13] PRINT Train Epoch: 1 [6400/60000 (11%)]	Loss: 202.411972
[2022-10-19 23:31:13] PRINT Train Epoch: 1 [7680/60000 (13%)]	Loss: 192.311859
[2022-10-19 23:31:14] PRINT Train Epoch: 1 [8960/60000 (15%)]	Loss: 186.231003
[2022-10-19 23:31:14] PRINT Train Epoch: 1 [10240/60000 (17%)]	Loss: 178.952698
[2022-10-19 23:31:14] PRINT Train Epoch: 1 [11520/60000 (19%)]	Loss: 174.008926
[2022-10-19 23:31:14] PRINT Train Epoch: 1 [12800/60000 (21%)]	Loss: 165.095398
[2022-10-19 23:31:14] PRINT Train Epoch: 1 [14080/60000 (23%)]	Loss: 164.569748
[2022-10-19 23:31:14] PRINT Train Epoch: 1 [15360/60000 (26%)]	Loss: 163.788803
[2022-10-19 23:31:14] PRINT Train Epoch: 1 [16640/60000 (28%)]	Loss: 157.046799
[2022-10-19 23:31:14] PRINT Train Epoch: 1 [17920/60000 (30%)]	Loss: 155.322830
[2022-10-19 23:31:14] PRINT Train Epoch: 1 [19200/60000 (32%)]	Loss: 157.100143
[2022-10-19 23:31:14] PRINT Train Epoch: 1 [20480/60000 (34%)]	Loss: 149.954056
[2022-10-19 23:31:15] PRINT Train Epoch: 1 [21760/60000 (36%)]	Loss: 155.853851
[2022-10-19 23:31:15] PRINT Train Epoch: 1 [23040/60000 (38%)]	Loss: 146.325867
[2022-10-19 23:31:15] PRINT Train Epoch: 1 [24320/60000 (41%)]	Loss: 149.107483
[2022-10-19 23:31:15] PRINT Train Epoch: 1 [25600/60000 (43%)]	Loss: 149.939087
[2022-10-19 23:31:15] PRINT Train Epoch: 1 [26880/60000 (45%)]	Loss: 147.836411
[2022-10-19 23:31:15] PRINT Train Epoch: 1 [28160/60000 (47%)]	Loss: 148.751694
[2022-10-19 23:31:15] PRINT Train Epoch: 1 [29440/60000 (49%)]	Loss: 143.408218
[2022-10-19 23:31:15] PRINT Train Epoch: 1 [30720/60000 (51%)]	Loss: 141.363434
[2022-10-19 23:31:15] PRINT Train Epoch: 1 [32000/60000 (53%)]	Loss: 140.206909
[2022-10-19 23:31:16] PRINT Train Epoch: 1 [33280/60000 (55%)]	Loss: 139.052216
[2022-10-19 23:31:16] PRINT Train Epoch: 1 [34560/60000 (58%)]	Loss: 131.864883
[2022-10-19 23:31:16] PRINT Train Epoch: 1 [35840/60000 (60%)]	Loss: 131.876175
[2022-10-19 23:31:16] PRINT Train Epoch: 1 [37120/60000 (62%)]	Loss: 136.608978
[2022-10-19 23:31:16] PRINT Train Epoch: 1 [38400/60000 (64%)]	Loss: 131.096664
[2022-10-19 23:31:16] PRINT Train Epoch: 1 [39680/60000 (66%)]	Loss: 135.908173
[2022-10-19 23:31:16] PRINT Train Epoch: 1 [40960/60000 (68%)]	Loss: 134.719818
[2022-10-19 23:31:16] PRINT Train Epoch: 1 [42240/60000 (70%)]	Loss: 132.318604
[2022-10-19 23:31:16] PRINT Train Epoch: 1 [43520/60000 (72%)]	Loss: 138.228958
[2022-10-19 23:31:16] PRINT Train Epoch: 1 [44800/60000 (75%)]	Loss: 130.452423
[2022-10-19 23:31:17] PRINT Train Epoch: 1 [46080/60000 (77%)]	Loss: 131.184143
[2022-10-19 23:31:17] PRINT Train Epoch: 1 [47360/60000 (79%)]	Loss: 124.261032
[2022-10-19 23:31:17] PRINT Train Epoch: 1 [48640/60000 (81%)]	Loss: 123.737495
[2022-10-19 23:31:17] PRINT Train Epoch: 1 [49920/60000 (83%)]	Loss: 129.043518
[2022-10-19 23:31:17] PRINT Train Epoch: 1 [51200/60000 (85%)]	Loss: 128.159424
[2022-10-19 23:31:17] PRINT Train Epoch: 1 [52480/60000 (87%)]	Loss: 126.430618
[2022-10-19 23:31:17] PRINT Train Epoch: 1 [53760/60000 (90%)]	Loss: 129.926071
[2022-10-19 23:31:17] PRINT Train Epoch: 1 [55040/60000 (92%)]	Loss: 125.750381
[2022-10-19 23:31:17] PRINT Train Epoch: 1 [56320/60000 (94%)]	Loss: 120.281204
[2022-10-19 23:31:18] PRINT Train Epoch: 1 [57600/60000 (96%)]	Loss: 121.112885
[2022-10-19 23:31:18] PRINT Train Epoch: 1 [58880/60000 (98%)]	Loss: 126.918747
[2022-10-19 23:31:18] PRINT ====> Epoch: 1 Average loss: 154.9366
[2022-10-19 23:31:19] PRINT ====> Test set loss: 122.8267
[2022-10-19 23:31:19] PRINT Train Epoch: 2 [0/60000 (0%)]	Loss: 118.344757
[2022-10-19 23:31:19] PRINT Train Epoch: 2 [1280/60000 (2%)]	Loss: 122.576996
[2022-10-19 23:31:19] PRINT Train Epoch: 2 [2560/60000 (4%)]	Loss: 122.907913
[2022-10-19 23:31:19] PRINT Train Epoch: 2 [3840/60000 (6%)]	Loss: 120.701431
[2022-10-19 23:31:19] PRINT Train Epoch: 2 [5120/60000 (9%)]	Loss: 122.553284
[2022-10-19 23:31:19] PRINT Train Epoch: 2 [6400/60000 (11%)]	Loss: 122.919861
[2022-10-19 23:31:19] PRINT Train Epoch: 2 [7680/60000 (13%)]	Loss: 118.494308
[2022-10-19 23:31:19] PRINT Train Epoch: 2 [8960/60000 (15%)]	Loss: 124.368790
[2022-10-19 23:31:19] PRINT Train Epoch: 2 [10240/60000 (17%)]	Loss: 122.991531
[2022-10-19 23:31:20] PRINT Train Epoch: 2 [11520/60000 (19%)]	Loss: 118.102043
[2022-10-19 23:31:20] PRINT Train Epoch: 2 [12800/60000 (21%)]	Loss: 117.796570
[2022-10-19 23:31:20] PRINT Train Epoch: 2 [14080/60000 (23%)]	Loss: 119.334572
[2022-10-19 23:31:20] PRINT Train Epoch: 2 [15360/60000 (26%)]	Loss: 117.543297
[2022-10-19 23:31:20] PRINT Train Epoch: 2 [16640/60000 (28%)]	Loss: 120.165497
[2022-10-19 23:31:20] PRINT Train Epoch: 2 [17920/60000 (30%)]	Loss: 118.147354
[2022-10-19 23:31:20] PRINT Train Epoch: 2 [19200/60000 (32%)]	Loss: 117.995384
[2022-10-19 23:31:20] PRINT Train Epoch: 2 [20480/60000 (34%)]	Loss: 125.462868
[2022-10-19 23:31:20] PRINT Train Epoch: 2 [21760/60000 (36%)]	Loss: 121.784164
[2022-10-19 23:31:20] PRINT Train Epoch: 2 [23040/60000 (38%)]	Loss: 120.664948
[2022-10-19 23:31:21] PRINT Train Epoch: 2 [24320/60000 (41%)]	Loss: 119.660522
[2022-10-19 23:31:21] PRINT Train Epoch: 2 [25600/60000 (43%)]	Loss: 116.271423
[2022-10-19 23:31:21] PRINT Train Epoch: 2 [26880/60000 (45%)]	Loss: 118.096962
[2022-10-19 23:31:21] PRINT Train Epoch: 2 [28160/60000 (47%)]	Loss: 116.697975
[2022-10-19 23:31:21] PRINT Train Epoch: 2 [29440/60000 (49%)]	Loss: 123.162018
[2022-10-19 23:31:21] PRINT Train Epoch: 2 [30720/60000 (51%)]	Loss: 120.998985
[2022-10-19 23:31:21] PRINT Train Epoch: 2 [32000/60000 (53%)]	Loss: 124.117203
[2022-10-19 23:31:21] PRINT Train Epoch: 2 [33280/60000 (55%)]	Loss: 117.844078
[2022-10-19 23:31:21] PRINT Train Epoch: 2 [34560/60000 (58%)]	Loss: 118.216331
[2022-10-19 23:31:21] PRINT Train Epoch: 2 [35840/60000 (60%)]	Loss: 118.727531
[2022-10-19 23:31:22] PRINT Train Epoch: 2 [37120/60000 (62%)]	Loss: 113.517944
[2022-10-19 23:31:22] PRINT Train Epoch: 2 [38400/60000 (64%)]	Loss: 115.081688
[2022-10-19 23:31:22] PRINT Train Epoch: 2 [39680/60000 (66%)]	Loss: 116.356148
[2022-10-19 23:31:22] PRINT Train Epoch: 2 [40960/60000 (68%)]	Loss: 117.227989
[2022-10-19 23:31:22] PRINT Train Epoch: 2 [42240/60000 (70%)]	Loss: 115.056702
[2022-10-19 23:31:22] PRINT Train Epoch: 2 [43520/60000 (72%)]	Loss: 114.499840
[2022-10-19 23:31:22] PRINT Train Epoch: 2 [44800/60000 (75%)]	Loss: 113.498421
[2022-10-19 23:31:22] PRINT Train Epoch: 2 [46080/60000 (77%)]	Loss: 114.534973
[2022-10-19 23:31:22] PRINT Train Epoch: 2 [47360/60000 (79%)]	Loss: 115.139481
[2022-10-19 23:31:22] PRINT Train Epoch: 2 [48640/60000 (81%)]	Loss: 115.189087
[2022-10-19 23:31:23] PRINT Train Epoch: 2 [49920/60000 (83%)]	Loss: 114.362282
[2022-10-19 23:31:23] PRINT Train Epoch: 2 [51200/60000 (85%)]	Loss: 111.863022
[2022-10-19 23:31:23] PRINT Train Epoch: 2 [52480/60000 (87%)]	Loss: 115.936836
[2022-10-19 23:31:23] PRINT Train Epoch: 2 [53760/60000 (90%)]	Loss: 115.697823
[2022-10-19 23:31:23] PRINT Train Epoch: 2 [55040/60000 (92%)]	Loss: 110.345657
[2022-10-19 23:31:23] PRINT Train Epoch: 2 [56320/60000 (94%)]	Loss: 113.575119
[2022-10-19 23:31:23] PRINT Train Epoch: 2 [57600/60000 (96%)]	Loss: 112.244736
[2022-10-19 23:31:23] PRINT Train Epoch: 2 [58880/60000 (98%)]	Loss: 118.249115
[2022-10-19 23:31:23] PRINT ====> Epoch: 2 Average loss: 117.8120
[2022-10-19 23:31:24] PRINT ====> Test set loss: 112.5812
[2022-10-19 23:31:24] PRINT Train Epoch: 3 [0/60000 (0%)]	Loss: 114.277809
[2022-10-19 23:31:24] PRINT Train Epoch: 3 [1280/60000 (2%)]	Loss: 116.251877
[2022-10-19 23:31:25] PRINT Train Epoch: 3 [2560/60000 (4%)]	Loss: 113.060661
[2022-10-19 23:31:25] PRINT Train Epoch: 3 [3840/60000 (6%)]	Loss: 115.050766
[2022-10-19 23:31:25] PRINT Train Epoch: 3 [5120/60000 (9%)]	Loss: 111.142975
[2022-10-19 23:31:25] PRINT Train Epoch: 3 [6400/60000 (11%)]	Loss: 110.069580
[2022-10-19 23:31:25] PRINT Train Epoch: 3 [7680/60000 (13%)]	Loss: 114.073502
[2022-10-19 23:31:25] PRINT Train Epoch: 3 [8960/60000 (15%)]	Loss: 114.253975
[2022-10-19 23:31:25] PRINT Train Epoch: 3 [10240/60000 (17%)]	Loss: 115.013840
[2022-10-19 23:31:25] PRINT Train Epoch: 3 [11520/60000 (19%)]	Loss: 115.496613
[2022-10-19 23:31:25] PRINT Train Epoch: 3 [12800/60000 (21%)]	Loss: 112.056839
[2022-10-19 23:31:25] PRINT Train Epoch: 3 [14080/60000 (23%)]	Loss: 118.954811
[2022-10-19 23:31:26] PRINT Train Epoch: 3 [15360/60000 (26%)]	Loss: 113.142624
[2022-10-19 23:31:26] PRINT Train Epoch: 3 [16640/60000 (28%)]	Loss: 112.599197
[2022-10-19 23:31:26] PRINT Train Epoch: 3 [17920/60000 (30%)]	Loss: 117.631844
[2022-10-19 23:31:26] PRINT Train Epoch: 3 [19200/60000 (32%)]	Loss: 107.788284
[2022-10-19 23:31:26] PRINT Train Epoch: 3 [20480/60000 (34%)]	Loss: 113.809692
[2022-10-19 23:31:26] PRINT Train Epoch: 3 [21760/60000 (36%)]	Loss: 110.264542
[2022-10-19 23:31:26] PRINT Train Epoch: 3 [23040/60000 (38%)]	Loss: 111.005280
[2022-10-19 23:31:26] PRINT Train Epoch: 3 [24320/60000 (41%)]	Loss: 111.481575
[2022-10-19 23:31:26] PRINT Train Epoch: 3 [25600/60000 (43%)]	Loss: 113.130127
[2022-10-19 23:31:26] PRINT Train Epoch: 3 [26880/60000 (45%)]	Loss: 112.695030
[2022-10-19 23:31:27] PRINT Train Epoch: 3 [28160/60000 (47%)]	Loss: 114.227867
[2022-10-19 23:31:27] PRINT Train Epoch: 3 [29440/60000 (49%)]	Loss: 114.162437
[2022-10-19 23:31:27] PRINT Train Epoch: 3 [30720/60000 (51%)]	Loss: 119.437592
[2022-10-19 23:31:27] PRINT Train Epoch: 3 [32000/60000 (53%)]	Loss: 112.666885
[2022-10-19 23:31:27] PRINT Train Epoch: 3 [33280/60000 (55%)]	Loss: 113.447815
[2022-10-19 23:31:27] PRINT Train Epoch: 3 [34560/60000 (58%)]	Loss: 109.472374
[2022-10-19 23:31:27] PRINT Train Epoch: 3 [35840/60000 (60%)]	Loss: 115.092644
[2022-10-19 23:31:27] PRINT Train Epoch: 3 [37120/60000 (62%)]	Loss: 109.498505
[2022-10-19 23:31:27] PRINT Train Epoch: 3 [38400/60000 (64%)]	Loss: 109.073105
[2022-10-19 23:31:28] PRINT Train Epoch: 3 [39680/60000 (66%)]	Loss: 112.513412
[2022-10-19 23:31:28] PRINT Train Epoch: 3 [40960/60000 (68%)]	Loss: 115.119301
[2022-10-19 23:31:28] PRINT Train Epoch: 3 [42240/60000 (70%)]	Loss: 111.579025
[2022-10-19 23:31:28] PRINT Train Epoch: 3 [43520/60000 (72%)]	Loss: 110.730469
[2022-10-19 23:31:28] PRINT Train Epoch: 3 [44800/60000 (75%)]	Loss: 113.321640
[2022-10-19 23:31:28] PRINT Train Epoch: 3 [46080/60000 (77%)]	Loss: 110.993759
[2022-10-19 23:31:28] PRINT Train Epoch: 3 [47360/60000 (79%)]	Loss: 111.585327
[2022-10-19 23:31:28] PRINT Train Epoch: 3 [48640/60000 (81%)]	Loss: 108.240997
[2022-10-19 23:31:28] PRINT Train Epoch: 3 [49920/60000 (83%)]	Loss: 113.047394
[2022-10-19 23:31:28] PRINT Train Epoch: 3 [51200/60000 (85%)]	Loss: 112.177307
[2022-10-19 23:31:29] PRINT Train Epoch: 3 [52480/60000 (87%)]	Loss: 109.257713
[2022-10-19 23:31:29] PRINT Train Epoch: 3 [53760/60000 (90%)]	Loss: 110.078262
[2022-10-19 23:31:29] PRINT Train Epoch: 3 [55040/60000 (92%)]	Loss: 106.421951
[2022-10-19 23:31:29] PRINT Train Epoch: 3 [56320/60000 (94%)]	Loss: 105.909058
[2022-10-19 23:31:29] PRINT Train Epoch: 3 [57600/60000 (96%)]	Loss: 107.146515
[2022-10-19 23:31:29] PRINT Train Epoch: 3 [58880/60000 (98%)]	Loss: 111.811386
[2022-10-19 23:31:29] PRINT ====> Epoch: 3 Average loss: 111.9831
[2022-10-19 23:31:30] PRINT ====> Test set loss: 109.3941
[2022-10-19 23:31:30] PRINT Train Epoch: 4 [0/60000 (0%)]	Loss: 110.028549
[2022-10-19 23:31:30] PRINT Train Epoch: 4 [1280/60000 (2%)]	Loss: 109.707497
[2022-10-19 23:31:30] PRINT Train Epoch: 4 [2560/60000 (4%)]	Loss: 105.769226
[2022-10-19 23:31:30] PRINT Train Epoch: 4 [3840/60000 (6%)]	Loss: 107.083511
[2022-10-19 23:31:31] PRINT Train Epoch: 4 [5120/60000 (9%)]	Loss: 109.574753
[2022-10-19 23:31:31] PRINT Train Epoch: 4 [6400/60000 (11%)]	Loss: 111.038086
[2022-10-19 23:31:31] PRINT Train Epoch: 4 [7680/60000 (13%)]	Loss: 107.697800
[2022-10-19 23:31:31] PRINT Train Epoch: 4 [8960/60000 (15%)]	Loss: 107.522926
[2022-10-19 23:31:31] PRINT Train Epoch: 4 [10240/60000 (17%)]	Loss: 108.395432
[2022-10-19 23:31:31] PRINT Train Epoch: 4 [11520/60000 (19%)]	Loss: 115.061798
[2022-10-19 23:31:31] PRINT Train Epoch: 4 [12800/60000 (21%)]	Loss: 109.668243
[2022-10-19 23:31:31] PRINT Train Epoch: 4 [14080/60000 (23%)]	Loss: 109.475861
[2022-10-19 23:31:31] PRINT Train Epoch: 4 [15360/60000 (26%)]	Loss: 108.710342
[2022-10-19 23:31:31] PRINT Train Epoch: 4 [16640/60000 (28%)]	Loss: 111.266609
[2022-10-19 23:31:32] PRINT Train Epoch: 4 [17920/60000 (30%)]	Loss: 107.679764
[2022-10-19 23:31:32] PRINT Train Epoch: 4 [19200/60000 (32%)]	Loss: 110.674149
[2022-10-19 23:31:32] PRINT Train Epoch: 4 [20480/60000 (34%)]	Loss: 114.611969
[2022-10-19 23:31:32] PRINT Train Epoch: 4 [21760/60000 (36%)]	Loss: 112.904335
[2022-10-19 23:31:32] PRINT Train Epoch: 4 [23040/60000 (38%)]	Loss: 107.671013
[2022-10-19 23:31:32] PRINT Train Epoch: 4 [24320/60000 (41%)]	Loss: 108.180756
[2022-10-19 23:31:32] PRINT Train Epoch: 4 [25600/60000 (43%)]	Loss: 111.696793
[2022-10-19 23:31:32] PRINT Train Epoch: 4 [26880/60000 (45%)]	Loss: 108.050751
[2022-10-19 23:31:32] PRINT Train Epoch: 4 [28160/60000 (47%)]	Loss: 109.060364
[2022-10-19 23:31:32] PRINT Train Epoch: 4 [29440/60000 (49%)]	Loss: 108.767258
[2022-10-19 23:31:33] PRINT Train Epoch: 4 [30720/60000 (51%)]	Loss: 107.547798
[2022-10-19 23:31:33] PRINT Train Epoch: 4 [32000/60000 (53%)]	Loss: 111.749496
[2022-10-19 23:31:33] PRINT Train Epoch: 4 [33280/60000 (55%)]	Loss: 108.469833
[2022-10-19 23:31:33] PRINT Train Epoch: 4 [34560/60000 (58%)]	Loss: 107.390114
[2022-10-19 23:31:33] PRINT Train Epoch: 4 [35840/60000 (60%)]	Loss: 112.195160
[2022-10-19 23:31:33] PRINT Train Epoch: 4 [37120/60000 (62%)]	Loss: 106.778183
[2022-10-19 23:31:33] PRINT Train Epoch: 4 [38400/60000 (64%)]	Loss: 108.045471
[2022-10-19 23:31:33] PRINT Train Epoch: 4 [39680/60000 (66%)]	Loss: 111.179062
[2022-10-19 23:31:33] PRINT Train Epoch: 4 [40960/60000 (68%)]	Loss: 107.031158
[2022-10-19 23:31:34] PRINT Train Epoch: 4 [42240/60000 (70%)]	Loss: 110.524796
[2022-10-19 23:31:34] PRINT Train Epoch: 4 [43520/60000 (72%)]	Loss: 110.188957
[2022-10-19 23:31:34] PRINT Train Epoch: 4 [44800/60000 (75%)]	Loss: 110.674942
[2022-10-19 23:31:34] PRINT Train Epoch: 4 [46080/60000 (77%)]	Loss: 108.655258
[2022-10-19 23:31:34] PRINT Train Epoch: 4 [47360/60000 (79%)]	Loss: 111.759216
[2022-10-19 23:31:34] PRINT Train Epoch: 4 [48640/60000 (81%)]	Loss: 103.647064
[2022-10-19 23:31:34] PRINT Train Epoch: 4 [49920/60000 (83%)]	Loss: 106.424759
[2022-10-19 23:31:34] PRINT Train Epoch: 4 [51200/60000 (85%)]	Loss: 112.875549
[2022-10-19 23:31:34] PRINT Train Epoch: 4 [52480/60000 (87%)]	Loss: 104.152069
[2022-10-19 23:31:34] PRINT Train Epoch: 4 [53760/60000 (90%)]	Loss: 111.332840
[2022-10-19 23:31:35] PRINT Train Epoch: 4 [55040/60000 (92%)]	Loss: 108.613190
[2022-10-19 23:31:35] PRINT Train Epoch: 4 [56320/60000 (94%)]	Loss: 109.186127
[2022-10-19 23:31:35] PRINT Train Epoch: 4 [57600/60000 (96%)]	Loss: 110.785156
[2022-10-19 23:31:35] PRINT Train Epoch: 4 [58880/60000 (98%)]	Loss: 112.544083
[2022-10-19 23:31:35] PRINT ====> Epoch: 4 Average loss: 109.5557
[2022-10-19 23:31:36] PRINT ====> Test set loss: 108.3417
[2022-10-19 23:31:36] PRINT Train Epoch: 5 [0/60000 (0%)]	Loss: 112.959183
[2022-10-19 23:31:36] PRINT Train Epoch: 5 [1280/60000 (2%)]	Loss: 106.649559
[2022-10-19 23:31:36] PRINT Train Epoch: 5 [2560/60000 (4%)]	Loss: 110.407524
[2022-10-19 23:31:36] PRINT Train Epoch: 5 [3840/60000 (6%)]	Loss: 106.344635
[2022-10-19 23:31:36] PRINT Train Epoch: 5 [5120/60000 (9%)]	Loss: 108.530319
[2022-10-19 23:31:36] PRINT Train Epoch: 5 [6400/60000 (11%)]	Loss: 106.557762
[2022-10-19 23:31:36] PRINT Train Epoch: 5 [7680/60000 (13%)]	Loss: 106.570160
[2022-10-19 23:31:37] PRINT Train Epoch: 5 [8960/60000 (15%)]	Loss: 109.853622
[2022-10-19 23:31:37] PRINT Train Epoch: 5 [10240/60000 (17%)]	Loss: 107.121666
[2022-10-19 23:31:37] PRINT Train Epoch: 5 [11520/60000 (19%)]	Loss: 110.524513
[2022-10-19 23:31:37] PRINT Train Epoch: 5 [12800/60000 (21%)]	Loss: 110.147415
[2022-10-19 23:31:37] PRINT Train Epoch: 5 [14080/60000 (23%)]	Loss: 109.305176
[2022-10-19 23:31:37] PRINT Train Epoch: 5 [15360/60000 (26%)]	Loss: 106.783661
[2022-10-19 23:31:37] PRINT Train Epoch: 5 [16640/60000 (28%)]	Loss: 109.435944
[2022-10-19 23:31:37] PRINT Train Epoch: 5 [17920/60000 (30%)]	Loss: 108.254936
[2022-10-19 23:31:37] PRINT Train Epoch: 5 [19200/60000 (32%)]	Loss: 107.883194
[2022-10-19 23:31:37] PRINT Train Epoch: 5 [20480/60000 (34%)]	Loss: 108.248474
[2022-10-19 23:31:38] PRINT Train Epoch: 5 [21760/60000 (36%)]	Loss: 107.483330
[2022-10-19 23:31:38] PRINT Train Epoch: 5 [23040/60000 (38%)]	Loss: 104.527473
[2022-10-19 23:31:38] PRINT Train Epoch: 5 [24320/60000 (41%)]	Loss: 106.611191
[2022-10-19 23:31:38] PRINT Train Epoch: 5 [25600/60000 (43%)]	Loss: 109.323174
[2022-10-19 23:31:38] PRINT Train Epoch: 5 [26880/60000 (45%)]	Loss: 108.024734
[2022-10-19 23:31:38] PRINT Train Epoch: 5 [28160/60000 (47%)]	Loss: 109.187508
[2022-10-19 23:31:38] PRINT Train Epoch: 5 [29440/60000 (49%)]	Loss: 110.363304
[2022-10-19 23:31:38] PRINT Train Epoch: 5 [30720/60000 (51%)]	Loss: 106.697495
[2022-10-19 23:31:38] PRINT Train Epoch: 5 [32000/60000 (53%)]	Loss: 110.139267
[2022-10-19 23:31:39] PRINT Train Epoch: 5 [33280/60000 (55%)]	Loss: 107.009216
[2022-10-19 23:31:39] PRINT Train Epoch: 5 [34560/60000 (58%)]	Loss: 111.993912
[2022-10-19 23:31:39] PRINT Train Epoch: 5 [35840/60000 (60%)]	Loss: 108.208488
[2022-10-19 23:31:39] PRINT Train Epoch: 5 [37120/60000 (62%)]	Loss: 107.413490
[2022-10-19 23:31:39] PRINT Train Epoch: 5 [38400/60000 (64%)]	Loss: 105.500450
[2022-10-19 23:31:39] PRINT Train Epoch: 5 [39680/60000 (66%)]	Loss: 107.286407
[2022-10-19 23:31:39] PRINT Train Epoch: 5 [40960/60000 (68%)]	Loss: 109.314781
[2022-10-19 23:31:39] PRINT Train Epoch: 5 [42240/60000 (70%)]	Loss: 105.413940
[2022-10-19 23:31:39] PRINT Train Epoch: 5 [43520/60000 (72%)]	Loss: 105.490265
[2022-10-19 23:31:39] PRINT Train Epoch: 5 [44800/60000 (75%)]	Loss: 105.768311
[2022-10-19 23:31:40] PRINT Train Epoch: 5 [46080/60000 (77%)]	Loss: 106.897293
[2022-10-19 23:31:40] PRINT Train Epoch: 5 [47360/60000 (79%)]	Loss: 109.892914
[2022-10-19 23:31:40] PRINT Train Epoch: 5 [48640/60000 (81%)]	Loss: 111.029427
[2022-10-19 23:31:40] PRINT Train Epoch: 5 [49920/60000 (83%)]	Loss: 108.438370
[2022-10-19 23:31:40] PRINT Train Epoch: 5 [51200/60000 (85%)]	Loss: 106.053879
[2022-10-19 23:31:40] PRINT Train Epoch: 5 [52480/60000 (87%)]	Loss: 110.132706
[2022-10-19 23:31:40] PRINT Train Epoch: 5 [53760/60000 (90%)]	Loss: 109.103180
[2022-10-19 23:31:40] PRINT Train Epoch: 5 [55040/60000 (92%)]	Loss: 107.987434
[2022-10-19 23:31:40] PRINT Train Epoch: 5 [56320/60000 (94%)]	Loss: 104.457581
[2022-10-19 23:31:41] PRINT Train Epoch: 5 [57600/60000 (96%)]	Loss: 103.820618
[2022-10-19 23:31:41] PRINT Train Epoch: 5 [58880/60000 (98%)]	Loss: 108.575058
[2022-10-19 23:31:41] PRINT ====> Epoch: 5 Average loss: 108.3211
[2022-10-19 23:31:42] PRINT ====> Test set loss: 107.2325
[2022-10-19 23:31:42] PRINT Train Epoch: 6 [0/60000 (0%)]	Loss: 104.463074
[2022-10-19 23:31:42] PRINT Train Epoch: 6 [1280/60000 (2%)]	Loss: 112.210587
[2022-10-19 23:31:42] PRINT Train Epoch: 6 [2560/60000 (4%)]	Loss: 109.660919
[2022-10-19 23:31:42] PRINT Train Epoch: 6 [3840/60000 (6%)]	Loss: 106.366531
[2022-10-19 23:31:42] PRINT Train Epoch: 6 [5120/60000 (9%)]	Loss: 107.793671
[2022-10-19 23:31:42] PRINT Train Epoch: 6 [6400/60000 (11%)]	Loss: 111.240692
[2022-10-19 23:31:42] PRINT Train Epoch: 6 [7680/60000 (13%)]	Loss: 105.962097
[2022-10-19 23:31:42] PRINT Train Epoch: 6 [8960/60000 (15%)]	Loss: 107.868538
[2022-10-19 23:31:42] PRINT Train Epoch: 6 [10240/60000 (17%)]	Loss: 112.010773
[2022-10-19 23:31:43] PRINT Train Epoch: 6 [11520/60000 (19%)]	Loss: 109.430984
[2022-10-19 23:31:43] PRINT Train Epoch: 6 [12800/60000 (21%)]	Loss: 102.151230
[2022-10-19 23:31:43] PRINT Train Epoch: 6 [14080/60000 (23%)]	Loss: 107.729630
[2022-10-19 23:31:43] PRINT Train Epoch: 6 [15360/60000 (26%)]	Loss: 107.948746
[2022-10-19 23:31:43] PRINT Train Epoch: 6 [16640/60000 (28%)]	Loss: 106.289062
[2022-10-19 23:31:43] PRINT Train Epoch: 6 [17920/60000 (30%)]	Loss: 106.652199
[2022-10-19 23:31:43] PRINT Train Epoch: 6 [19200/60000 (32%)]	Loss: 107.655258
[2022-10-19 23:31:43] PRINT Train Epoch: 6 [20480/60000 (34%)]	Loss: 108.549988
[2022-10-19 23:31:43] PRINT Train Epoch: 6 [21760/60000 (36%)]	Loss: 108.024765
[2022-10-19 23:31:43] PRINT Train Epoch: 6 [23040/60000 (38%)]	Loss: 105.659729
[2022-10-19 23:31:44] PRINT Train Epoch: 6 [24320/60000 (41%)]	Loss: 107.427940
[2022-10-19 23:31:44] PRINT Train Epoch: 6 [25600/60000 (43%)]	Loss: 104.374992
[2022-10-19 23:31:44] PRINT Train Epoch: 6 [26880/60000 (45%)]	Loss: 108.955307
[2022-10-19 23:31:44] PRINT Train Epoch: 6 [28160/60000 (47%)]	Loss: 104.686211
[2022-10-19 23:31:44] PRINT Train Epoch: 6 [29440/60000 (49%)]	Loss: 109.276825
[2022-10-19 23:31:44] PRINT Train Epoch: 6 [30720/60000 (51%)]	Loss: 104.095520
[2022-10-19 23:31:44] PRINT Train Epoch: 6 [32000/60000 (53%)]	Loss: 104.751884
[2022-10-19 23:31:44] PRINT Train Epoch: 6 [33280/60000 (55%)]	Loss: 107.260361
[2022-10-19 23:31:44] PRINT Train Epoch: 6 [34560/60000 (58%)]	Loss: 104.291321
[2022-10-19 23:31:45] PRINT Train Epoch: 6 [35840/60000 (60%)]	Loss: 105.755630
[2022-10-19 23:31:45] PRINT Train Epoch: 6 [37120/60000 (62%)]	Loss: 107.979965
[2022-10-19 23:31:45] PRINT Train Epoch: 6 [38400/60000 (64%)]	Loss: 105.438736
[2022-10-19 23:31:45] PRINT Train Epoch: 6 [39680/60000 (66%)]	Loss: 106.998291
[2022-10-19 23:31:45] PRINT Train Epoch: 6 [40960/60000 (68%)]	Loss: 107.077560
[2022-10-19 23:31:45] PRINT Train Epoch: 6 [42240/60000 (70%)]	Loss: 110.749260
[2022-10-19 23:31:45] PRINT Train Epoch: 6 [43520/60000 (72%)]	Loss: 106.725029
[2022-10-19 23:31:45] PRINT Train Epoch: 6 [44800/60000 (75%)]	Loss: 108.650894
[2022-10-19 23:31:45] PRINT Train Epoch: 6 [46080/60000 (77%)]	Loss: 104.817848
[2022-10-19 23:31:45] PRINT Train Epoch: 6 [47360/60000 (79%)]	Loss: 106.874741
[2022-10-19 23:31:46] PRINT Train Epoch: 6 [48640/60000 (81%)]	Loss: 110.923523
[2022-10-19 23:31:46] PRINT Train Epoch: 6 [49920/60000 (83%)]	Loss: 106.550728
[2022-10-19 23:31:46] PRINT Train Epoch: 6 [51200/60000 (85%)]	Loss: 106.974953
[2022-10-19 23:31:46] PRINT Train Epoch: 6 [52480/60000 (87%)]	Loss: 106.658684
[2022-10-19 23:31:46] PRINT Train Epoch: 6 [53760/60000 (90%)]	Loss: 105.308800
[2022-10-19 23:31:46] PRINT Train Epoch: 6 [55040/60000 (92%)]	Loss: 107.751297
[2022-10-19 23:31:46] PRINT Train Epoch: 6 [56320/60000 (94%)]	Loss: 112.942451
[2022-10-19 23:31:46] PRINT Train Epoch: 6 [57600/60000 (96%)]	Loss: 102.297935
[2022-10-19 23:31:46] PRINT Train Epoch: 6 [58880/60000 (98%)]	Loss: 109.251549
[2022-10-19 23:31:46] PRINT ====> Epoch: 6 Average loss: 107.5089
[2022-10-19 23:31:47] PRINT ====> Test set loss: 106.7007
[2022-10-19 23:31:47] PRINT Train Epoch: 7 [0/60000 (0%)]	Loss: 107.869614
[2022-10-19 23:31:47] PRINT Train Epoch: 7 [1280/60000 (2%)]	Loss: 112.292404
[2022-10-19 23:31:48] PRINT Train Epoch: 7 [2560/60000 (4%)]	Loss: 106.752090
[2022-10-19 23:31:48] PRINT Train Epoch: 7 [3840/60000 (6%)]	Loss: 110.036430
[2022-10-19 23:31:48] PRINT Train Epoch: 7 [5120/60000 (9%)]	Loss: 106.074203
[2022-10-19 23:31:48] PRINT Train Epoch: 7 [6400/60000 (11%)]	Loss: 109.875931
[2022-10-19 23:31:48] PRINT Train Epoch: 7 [7680/60000 (13%)]	Loss: 106.218430
[2022-10-19 23:31:48] PRINT Train Epoch: 7 [8960/60000 (15%)]	Loss: 110.142250
[2022-10-19 23:31:48] PRINT Train Epoch: 7 [10240/60000 (17%)]	Loss: 103.128174
[2022-10-19 23:31:48] PRINT Train Epoch: 7 [11520/60000 (19%)]	Loss: 111.553528
[2022-10-19 23:31:48] PRINT Train Epoch: 7 [12800/60000 (21%)]	Loss: 105.950226
[2022-10-19 23:31:49] PRINT Train Epoch: 7 [14080/60000 (23%)]	Loss: 105.318810
[2022-10-19 23:31:49] PRINT Train Epoch: 7 [15360/60000 (26%)]	Loss: 104.386032
[2022-10-19 23:31:49] PRINT Train Epoch: 7 [16640/60000 (28%)]	Loss: 109.974854
[2022-10-19 23:31:49] PRINT Train Epoch: 7 [17920/60000 (30%)]	Loss: 108.517624
[2022-10-19 23:31:49] PRINT Train Epoch: 7 [19200/60000 (32%)]	Loss: 105.951134
[2022-10-19 23:31:49] PRINT Train Epoch: 7 [20480/60000 (34%)]	Loss: 107.703964
[2022-10-19 23:31:49] PRINT Train Epoch: 7 [21760/60000 (36%)]	Loss: 105.516678
[2022-10-19 23:31:49] PRINT Train Epoch: 7 [23040/60000 (38%)]	Loss: 108.508080
[2022-10-19 23:31:49] PRINT Train Epoch: 7 [24320/60000 (41%)]	Loss: 104.294525
[2022-10-19 23:31:49] PRINT Train Epoch: 7 [25600/60000 (43%)]	Loss: 108.649635
[2022-10-19 23:31:50] PRINT Train Epoch: 7 [26880/60000 (45%)]	Loss: 102.964157
[2022-10-19 23:31:50] PRINT Train Epoch: 7 [28160/60000 (47%)]	Loss: 107.750702
[2022-10-19 23:31:50] PRINT Train Epoch: 7 [29440/60000 (49%)]	Loss: 111.730057
[2022-10-19 23:31:50] PRINT Train Epoch: 7 [30720/60000 (51%)]	Loss: 104.639442
[2022-10-19 23:31:50] PRINT Train Epoch: 7 [32000/60000 (53%)]	Loss: 103.782539
[2022-10-19 23:31:50] PRINT Train Epoch: 7 [33280/60000 (55%)]	Loss: 107.721909
[2022-10-19 23:31:50] PRINT Train Epoch: 7 [34560/60000 (58%)]	Loss: 105.975372
[2022-10-19 23:31:50] PRINT Train Epoch: 7 [35840/60000 (60%)]	Loss: 110.711723
[2022-10-19 23:31:50] PRINT Train Epoch: 7 [37120/60000 (62%)]	Loss: 108.058029
[2022-10-19 23:31:51] PRINT Train Epoch: 7 [38400/60000 (64%)]	Loss: 112.733215
[2022-10-19 23:31:51] PRINT Train Epoch: 7 [39680/60000 (66%)]	Loss: 106.959373
[2022-10-19 23:31:51] PRINT Train Epoch: 7 [40960/60000 (68%)]	Loss: 105.509018
[2022-10-19 23:31:51] PRINT Train Epoch: 7 [42240/60000 (70%)]	Loss: 106.178673
[2022-10-19 23:31:51] PRINT Train Epoch: 7 [43520/60000 (72%)]	Loss: 110.325974
[2022-10-19 23:31:51] PRINT Train Epoch: 7 [44800/60000 (75%)]	Loss: 107.140671
[2022-10-19 23:31:51] PRINT Train Epoch: 7 [46080/60000 (77%)]	Loss: 106.926178
[2022-10-19 23:31:51] PRINT Train Epoch: 7 [47360/60000 (79%)]	Loss: 108.246437
[2022-10-19 23:31:51] PRINT Train Epoch: 7 [48640/60000 (81%)]	Loss: 103.645927
[2022-10-19 23:31:51] PRINT Train Epoch: 7 [49920/60000 (83%)]	Loss: 104.803299
[2022-10-19 23:31:52] PRINT Train Epoch: 7 [51200/60000 (85%)]	Loss: 106.229248
[2022-10-19 23:31:52] PRINT Train Epoch: 7 [52480/60000 (87%)]	Loss: 103.976410
[2022-10-19 23:31:52] PRINT Train Epoch: 7 [53760/60000 (90%)]	Loss: 104.354309
[2022-10-19 23:31:52] PRINT Train Epoch: 7 [55040/60000 (92%)]	Loss: 108.678230
[2022-10-19 23:31:52] PRINT Train Epoch: 7 [56320/60000 (94%)]	Loss: 108.655502
[2022-10-19 23:31:52] PRINT Train Epoch: 7 [57600/60000 (96%)]	Loss: 107.882393
[2022-10-19 23:31:52] PRINT Train Epoch: 7 [58880/60000 (98%)]	Loss: 103.331085
[2022-10-19 23:31:52] PRINT ====> Epoch: 7 Average loss: 106.9147
[2022-10-19 23:31:53] PRINT ====> Test set loss: 106.0412
[2022-10-19 23:31:53] PRINT Train Epoch: 8 [0/60000 (0%)]	Loss: 104.591751
[2022-10-19 23:31:53] PRINT Train Epoch: 8 [1280/60000 (2%)]	Loss: 104.382271
[2022-10-19 23:31:53] PRINT Train Epoch: 8 [2560/60000 (4%)]	Loss: 102.889786
[2022-10-19 23:31:53] PRINT Train Epoch: 8 [3840/60000 (6%)]	Loss: 103.433098
[2022-10-19 23:31:54] PRINT Train Epoch: 8 [5120/60000 (9%)]	Loss: 103.636795
[2022-10-19 23:31:54] PRINT Train Epoch: 8 [6400/60000 (11%)]	Loss: 106.807655
[2022-10-19 23:31:54] PRINT Train Epoch: 8 [7680/60000 (13%)]	Loss: 106.447357
[2022-10-19 23:31:54] PRINT Train Epoch: 8 [8960/60000 (15%)]	Loss: 115.684509
[2022-10-19 23:31:54] PRINT Train Epoch: 8 [10240/60000 (17%)]	Loss: 103.223648
[2022-10-19 23:31:54] PRINT Train Epoch: 8 [11520/60000 (19%)]	Loss: 107.420731
[2022-10-19 23:31:54] PRINT Train Epoch: 8 [12800/60000 (21%)]	Loss: 106.888138
[2022-10-19 23:31:54] PRINT Train Epoch: 8 [14080/60000 (23%)]	Loss: 102.144463
[2022-10-19 23:31:54] PRINT Train Epoch: 8 [15360/60000 (26%)]	Loss: 110.923599
[2022-10-19 23:31:54] PRINT Train Epoch: 8 [16640/60000 (28%)]	Loss: 104.857430
[2022-10-19 23:31:55] PRINT Train Epoch: 8 [17920/60000 (30%)]	Loss: 107.236023
[2022-10-19 23:31:55] PRINT Train Epoch: 8 [19200/60000 (32%)]	Loss: 103.312256
[2022-10-19 23:31:55] PRINT Train Epoch: 8 [20480/60000 (34%)]	Loss: 105.330833
[2022-10-19 23:31:55] PRINT Train Epoch: 8 [21760/60000 (36%)]	Loss: 110.473427
[2022-10-19 23:31:55] PRINT Train Epoch: 8 [23040/60000 (38%)]	Loss: 105.469391
[2022-10-19 23:31:55] PRINT Train Epoch: 8 [24320/60000 (41%)]	Loss: 111.003876
[2022-10-19 23:31:55] PRINT Train Epoch: 8 [25600/60000 (43%)]	Loss: 105.408302
[2022-10-19 23:31:55] PRINT Train Epoch: 8 [26880/60000 (45%)]	Loss: 104.596771
[2022-10-19 23:31:55] PRINT Train Epoch: 8 [28160/60000 (47%)]	Loss: 106.201202
[2022-10-19 23:31:56] PRINT Train Epoch: 8 [29440/60000 (49%)]	Loss: 108.164993
[2022-10-19 23:31:56] PRINT Train Epoch: 8 [30720/60000 (51%)]	Loss: 110.220810
[2022-10-19 23:31:56] PRINT Train Epoch: 8 [32000/60000 (53%)]	Loss: 104.601402
[2022-10-19 23:31:56] PRINT Train Epoch: 8 [33280/60000 (55%)]	Loss: 102.982483
[2022-10-19 23:31:56] PRINT Train Epoch: 8 [34560/60000 (58%)]	Loss: 103.920792
[2022-10-19 23:31:56] PRINT Train Epoch: 8 [35840/60000 (60%)]	Loss: 107.032631
[2022-10-19 23:31:56] PRINT Train Epoch: 8 [37120/60000 (62%)]	Loss: 107.220779
[2022-10-19 23:31:56] PRINT Train Epoch: 8 [38400/60000 (64%)]	Loss: 103.612289
[2022-10-19 23:31:56] PRINT Train Epoch: 8 [39680/60000 (66%)]	Loss: 112.384117
[2022-10-19 23:31:56] PRINT Train Epoch: 8 [40960/60000 (68%)]	Loss: 105.007477
[2022-10-19 23:31:57] PRINT Train Epoch: 8 [42240/60000 (70%)]	Loss: 104.646393
[2022-10-19 23:31:57] PRINT Train Epoch: 8 [43520/60000 (72%)]	Loss: 107.374069
[2022-10-19 23:31:57] PRINT Train Epoch: 8 [44800/60000 (75%)]	Loss: 106.067169
[2022-10-19 23:31:57] PRINT Train Epoch: 8 [46080/60000 (77%)]	Loss: 105.302719
[2022-10-19 23:31:57] PRINT Train Epoch: 8 [47360/60000 (79%)]	Loss: 107.003281
[2022-10-19 23:31:57] PRINT Train Epoch: 8 [48640/60000 (81%)]	Loss: 106.102547
[2022-10-19 23:31:57] PRINT Train Epoch: 8 [49920/60000 (83%)]	Loss: 104.907921
[2022-10-19 23:31:57] PRINT Train Epoch: 8 [51200/60000 (85%)]	Loss: 106.081802
[2022-10-19 23:31:57] PRINT Train Epoch: 8 [52480/60000 (87%)]	Loss: 104.108170
[2022-10-19 23:31:58] PRINT Train Epoch: 8 [53760/60000 (90%)]	Loss: 108.946335
[2022-10-19 23:31:58] PRINT Train Epoch: 8 [55040/60000 (92%)]	Loss: 103.810333
[2022-10-19 23:31:58] PRINT Train Epoch: 8 [56320/60000 (94%)]	Loss: 109.232986
[2022-10-19 23:31:58] PRINT Train Epoch: 8 [57600/60000 (96%)]	Loss: 106.841095
[2022-10-19 23:31:58] PRINT Train Epoch: 8 [58880/60000 (98%)]	Loss: 111.067657
[2022-10-19 23:31:58] PRINT ====> Epoch: 8 Average loss: 106.4489
[2022-10-19 23:31:59] PRINT ====> Test set loss: 105.6906
[2022-10-19 23:31:59] PRINT Train Epoch: 9 [0/60000 (0%)]	Loss: 107.415604
[2022-10-19 23:31:59] PRINT Train Epoch: 9 [1280/60000 (2%)]	Loss: 106.964943
[2022-10-19 23:31:59] PRINT Train Epoch: 9 [2560/60000 (4%)]	Loss: 109.930374
[2022-10-19 23:31:59] PRINT Train Epoch: 9 [3840/60000 (6%)]	Loss: 106.758347
[2022-10-19 23:31:59] PRINT Train Epoch: 9 [5120/60000 (9%)]	Loss: 103.959084
[2022-10-19 23:31:59] PRINT Train Epoch: 9 [6400/60000 (11%)]	Loss: 102.469833
[2022-10-19 23:32:00] PRINT Train Epoch: 9 [7680/60000 (13%)]	Loss: 102.378326
[2022-10-19 23:32:00] PRINT Train Epoch: 9 [8960/60000 (15%)]	Loss: 104.181740
[2022-10-19 23:32:00] PRINT Train Epoch: 9 [10240/60000 (17%)]	Loss: 107.211334
[2022-10-19 23:32:00] PRINT Train Epoch: 9 [11520/60000 (19%)]	Loss: 107.451248
[2022-10-19 23:32:00] PRINT Train Epoch: 9 [12800/60000 (21%)]	Loss: 106.182640
[2022-10-19 23:32:00] PRINT Train Epoch: 9 [14080/60000 (23%)]	Loss: 108.771378
[2022-10-19 23:32:00] PRINT Train Epoch: 9 [15360/60000 (26%)]	Loss: 108.091644
[2022-10-19 23:32:00] PRINT Train Epoch: 9 [16640/60000 (28%)]	Loss: 106.290955
[2022-10-19 23:32:00] PRINT Train Epoch: 9 [17920/60000 (30%)]	Loss: 104.136368
[2022-10-19 23:32:01] PRINT Train Epoch: 9 [19200/60000 (32%)]	Loss: 100.924156
[2022-10-19 23:32:01] PRINT Train Epoch: 9 [20480/60000 (34%)]	Loss: 105.368713
[2022-10-19 23:32:01] PRINT Train Epoch: 9 [21760/60000 (36%)]	Loss: 110.625488
[2022-10-19 23:32:01] PRINT Train Epoch: 9 [23040/60000 (38%)]	Loss: 104.168556
[2022-10-19 23:32:01] PRINT Train Epoch: 9 [24320/60000 (41%)]	Loss: 103.469109
[2022-10-19 23:32:01] PRINT Train Epoch: 9 [25600/60000 (43%)]	Loss: 108.143677
[2022-10-19 23:32:01] PRINT Train Epoch: 9 [26880/60000 (45%)]	Loss: 107.451569
[2022-10-19 23:32:01] PRINT Train Epoch: 9 [28160/60000 (47%)]	Loss: 104.500999
[2022-10-19 23:32:01] PRINT Train Epoch: 9 [29440/60000 (49%)]	Loss: 107.537880
[2022-10-19 23:32:01] PRINT Train Epoch: 9 [30720/60000 (51%)]	Loss: 103.416382
[2022-10-19 23:32:02] PRINT Train Epoch: 9 [32000/60000 (53%)]	Loss: 105.759285
[2022-10-19 23:32:02] PRINT Train Epoch: 9 [33280/60000 (55%)]	Loss: 106.033386
[2022-10-19 23:32:02] PRINT Train Epoch: 9 [34560/60000 (58%)]	Loss: 108.748657
[2022-10-19 23:32:02] PRINT Train Epoch: 9 [35840/60000 (60%)]	Loss: 102.963287
[2022-10-19 23:32:02] PRINT Train Epoch: 9 [37120/60000 (62%)]	Loss: 102.725029
[2022-10-19 23:32:02] PRINT Train Epoch: 9 [38400/60000 (64%)]	Loss: 106.812592
[2022-10-19 23:32:02] PRINT Train Epoch: 9 [39680/60000 (66%)]	Loss: 108.851883
[2022-10-19 23:32:02] PRINT Train Epoch: 9 [40960/60000 (68%)]	Loss: 106.717964
[2022-10-19 23:32:02] PRINT Train Epoch: 9 [42240/60000 (70%)]	Loss: 105.974442
[2022-10-19 23:32:02] PRINT Train Epoch: 9 [43520/60000 (72%)]	Loss: 109.512650
[2022-10-19 23:32:03] PRINT Train Epoch: 9 [44800/60000 (75%)]	Loss: 106.330688
[2022-10-19 23:32:03] PRINT Train Epoch: 9 [46080/60000 (77%)]	Loss: 107.704735
[2022-10-19 23:32:03] PRINT Train Epoch: 9 [47360/60000 (79%)]	Loss: 110.354034
[2022-10-19 23:32:03] PRINT Train Epoch: 9 [48640/60000 (81%)]	Loss: 106.000488
[2022-10-19 23:32:03] PRINT Train Epoch: 9 [49920/60000 (83%)]	Loss: 106.204796
[2022-10-19 23:32:03] PRINT Train Epoch: 9 [51200/60000 (85%)]	Loss: 106.366058
[2022-10-19 23:32:03] PRINT Train Epoch: 9 [52480/60000 (87%)]	Loss: 103.351959
[2022-10-19 23:32:03] PRINT Train Epoch: 9 [53760/60000 (90%)]	Loss: 107.286606
[2022-10-19 23:32:03] PRINT Train Epoch: 9 [55040/60000 (92%)]	Loss: 106.747864
[2022-10-19 23:32:03] PRINT Train Epoch: 9 [56320/60000 (94%)]	Loss: 110.107269
[2022-10-19 23:32:04] PRINT Train Epoch: 9 [57600/60000 (96%)]	Loss: 110.109200
[2022-10-19 23:32:04] PRINT Train Epoch: 9 [58880/60000 (98%)]	Loss: 104.082123
[2022-10-19 23:32:04] PRINT ====> Epoch: 9 Average loss: 106.0588
[2022-10-19 23:32:05] PRINT ====> Test set loss: 105.5774
[2022-10-19 23:32:05] PRINT Train Epoch: 10 [0/60000 (0%)]	Loss: 105.763641
[2022-10-19 23:32:05] PRINT Train Epoch: 10 [1280/60000 (2%)]	Loss: 104.637672
[2022-10-19 23:32:05] PRINT Train Epoch: 10 [2560/60000 (4%)]	Loss: 105.305336
[2022-10-19 23:32:05] PRINT Train Epoch: 10 [3840/60000 (6%)]	Loss: 104.587494
[2022-10-19 23:32:05] PRINT Train Epoch: 10 [5120/60000 (9%)]	Loss: 102.268936
[2022-10-19 23:32:05] PRINT Train Epoch: 10 [6400/60000 (11%)]	Loss: 97.531540
[2022-10-19 23:32:05] PRINT Train Epoch: 10 [7680/60000 (13%)]	Loss: 106.946136
[2022-10-19 23:32:05] PRINT Train Epoch: 10 [8960/60000 (15%)]	Loss: 107.192505
[2022-10-19 23:32:06] PRINT Train Epoch: 10 [10240/60000 (17%)]	Loss: 105.314987
[2022-10-19 23:32:06] PRINT Train Epoch: 10 [11520/60000 (19%)]	Loss: 106.304108
[2022-10-19 23:32:06] PRINT Train Epoch: 10 [12800/60000 (21%)]	Loss: 106.163055
[2022-10-19 23:32:06] PRINT Train Epoch: 10 [14080/60000 (23%)]	Loss: 106.612427
[2022-10-19 23:32:06] PRINT Train Epoch: 10 [15360/60000 (26%)]	Loss: 106.988495
[2022-10-19 23:32:06] PRINT Train Epoch: 10 [16640/60000 (28%)]	Loss: 105.608490
[2022-10-19 23:32:06] PRINT Train Epoch: 10 [17920/60000 (30%)]	Loss: 105.662254
[2022-10-19 23:32:06] PRINT Train Epoch: 10 [19200/60000 (32%)]	Loss: 104.053009
[2022-10-19 23:32:06] PRINT Train Epoch: 10 [20480/60000 (34%)]	Loss: 107.587341
[2022-10-19 23:32:06] PRINT Train Epoch: 10 [21760/60000 (36%)]	Loss: 107.197296
[2022-10-19 23:32:07] PRINT Train Epoch: 10 [23040/60000 (38%)]	Loss: 100.714767
[2022-10-19 23:32:07] PRINT Train Epoch: 10 [24320/60000 (41%)]	Loss: 104.360649
[2022-10-19 23:32:07] PRINT Train Epoch: 10 [25600/60000 (43%)]	Loss: 102.758873
[2022-10-19 23:32:07] PRINT Train Epoch: 10 [26880/60000 (45%)]	Loss: 108.101227
[2022-10-19 23:32:07] PRINT Train Epoch: 10 [28160/60000 (47%)]	Loss: 103.898560
[2022-10-19 23:32:07] PRINT Train Epoch: 10 [29440/60000 (49%)]	Loss: 102.897781
[2022-10-19 23:32:07] PRINT Train Epoch: 10 [30720/60000 (51%)]	Loss: 100.091461
[2022-10-19 23:32:07] PRINT Train Epoch: 10 [32000/60000 (53%)]	Loss: 103.652039
[2022-10-19 23:32:07] PRINT Train Epoch: 10 [33280/60000 (55%)]	Loss: 108.241608
[2022-10-19 23:32:07] PRINT Train Epoch: 10 [34560/60000 (58%)]	Loss: 101.052849
[2022-10-19 23:32:08] PRINT Train Epoch: 10 [35840/60000 (60%)]	Loss: 104.254776
[2022-10-19 23:32:08] PRINT Train Epoch: 10 [37120/60000 (62%)]	Loss: 105.537758
[2022-10-19 23:32:08] PRINT Train Epoch: 10 [38400/60000 (64%)]	Loss: 105.277374
[2022-10-19 23:32:08] PRINT Train Epoch: 10 [39680/60000 (66%)]	Loss: 107.048004
[2022-10-19 23:32:08] PRINT Train Epoch: 10 [40960/60000 (68%)]	Loss: 104.155815
[2022-10-19 23:32:08] PRINT Train Epoch: 10 [42240/60000 (70%)]	Loss: 101.843384
[2022-10-19 23:32:08] PRINT Train Epoch: 10 [43520/60000 (72%)]	Loss: 104.621071
[2022-10-19 23:32:08] PRINT Train Epoch: 10 [44800/60000 (75%)]	Loss: 110.866837
[2022-10-19 23:32:08] PRINT Train Epoch: 10 [46080/60000 (77%)]	Loss: 106.288094
[2022-10-19 23:32:09] PRINT Train Epoch: 10 [47360/60000 (79%)]	Loss: 106.877586
[2022-10-19 23:32:09] PRINT Train Epoch: 10 [48640/60000 (81%)]	Loss: 104.118301
[2022-10-19 23:32:09] PRINT Train Epoch: 10 [49920/60000 (83%)]	Loss: 111.744232
[2022-10-19 23:32:09] PRINT Train Epoch: 10 [51200/60000 (85%)]	Loss: 108.062424
[2022-10-19 23:32:09] PRINT Train Epoch: 10 [52480/60000 (87%)]	Loss: 104.961823
[2022-10-19 23:32:09] PRINT Train Epoch: 10 [53760/60000 (90%)]	Loss: 107.568207
[2022-10-19 23:32:09] PRINT Train Epoch: 10 [55040/60000 (92%)]	Loss: 106.705162
[2022-10-19 23:32:09] PRINT Train Epoch: 10 [56320/60000 (94%)]	Loss: 104.961487
[2022-10-19 23:32:09] PRINT Train Epoch: 10 [57600/60000 (96%)]	Loss: 109.090080
[2022-10-19 23:32:09] PRINT Train Epoch: 10 [58880/60000 (98%)]	Loss: 108.164177
[2022-10-19 23:32:10] PRINT ====> Epoch: 10 Average loss: 105.6983
[2022-10-19 23:32:10] PRINT ====> Test set loss: 105.1595
