[2022-10-19 23:17:18] PRINT {'features1': 600, 'features2': 20, 'lr': 0.0002907571720337002, 'epsilon': 1e-07}
[2022-10-19 23:17:18] PRINT Using cuda device
[2022-10-19 23:17:19] PRINT Train Epoch: 1 [0/60000 (0%)]	Loss: 546.558472
[2022-10-19 23:17:19] PRINT Train Epoch: 1 [1280/60000 (2%)]	Loss: 429.243500
[2022-10-19 23:17:19] PRINT Train Epoch: 1 [2560/60000 (4%)]	Loss: 315.831055
[2022-10-19 23:17:20] PRINT Train Epoch: 1 [3840/60000 (6%)]	Loss: 266.709869
[2022-10-19 23:17:20] PRINT Train Epoch: 1 [5120/60000 (9%)]	Loss: 235.741730
[2022-10-19 23:17:20] PRINT Train Epoch: 1 [6400/60000 (11%)]	Loss: 228.559082
[2022-10-19 23:17:20] PRINT Train Epoch: 1 [7680/60000 (13%)]	Loss: 231.147232
[2022-10-19 23:17:20] PRINT Train Epoch: 1 [8960/60000 (15%)]	Loss: 222.864120
[2022-10-19 23:17:20] PRINT Train Epoch: 1 [10240/60000 (17%)]	Loss: 218.507492
[2022-10-19 23:17:20] PRINT Train Epoch: 1 [11520/60000 (19%)]	Loss: 212.474655
[2022-10-19 23:17:20] PRINT Train Epoch: 1 [12800/60000 (21%)]	Loss: 205.971420
[2022-10-19 23:17:20] PRINT Train Epoch: 1 [14080/60000 (23%)]	Loss: 215.733749
[2022-10-19 23:17:20] PRINT Train Epoch: 1 [15360/60000 (26%)]	Loss: 211.366913
[2022-10-19 23:17:21] PRINT Train Epoch: 1 [16640/60000 (28%)]	Loss: 211.696274
[2022-10-19 23:17:21] PRINT Train Epoch: 1 [17920/60000 (30%)]	Loss: 202.340652
[2022-10-19 23:17:21] PRINT Train Epoch: 1 [19200/60000 (32%)]	Loss: 195.135452
[2022-10-19 23:17:21] PRINT Train Epoch: 1 [20480/60000 (34%)]	Loss: 194.352692
[2022-10-19 23:17:21] PRINT Train Epoch: 1 [21760/60000 (36%)]	Loss: 194.869064
[2022-10-19 23:17:21] PRINT Train Epoch: 1 [23040/60000 (38%)]	Loss: 188.274475
[2022-10-19 23:17:21] PRINT Train Epoch: 1 [24320/60000 (41%)]	Loss: 183.528198
[2022-10-19 23:17:21] PRINT Train Epoch: 1 [25600/60000 (43%)]	Loss: 183.353043
[2022-10-19 23:17:21] PRINT Train Epoch: 1 [26880/60000 (45%)]	Loss: 181.207672
[2022-10-19 23:17:22] PRINT Train Epoch: 1 [28160/60000 (47%)]	Loss: 177.310547
[2022-10-19 23:17:22] PRINT Train Epoch: 1 [29440/60000 (49%)]	Loss: 175.752151
[2022-10-19 23:17:22] PRINT Train Epoch: 1 [30720/60000 (51%)]	Loss: 171.027206
[2022-10-19 23:17:22] PRINT Train Epoch: 1 [32000/60000 (53%)]	Loss: 175.052658
[2022-10-19 23:17:22] PRINT Train Epoch: 1 [33280/60000 (55%)]	Loss: 172.118774
[2022-10-19 23:17:22] PRINT Train Epoch: 1 [34560/60000 (58%)]	Loss: 165.029160
[2022-10-19 23:17:22] PRINT Train Epoch: 1 [35840/60000 (60%)]	Loss: 167.596863
[2022-10-19 23:17:22] PRINT Train Epoch: 1 [37120/60000 (62%)]	Loss: 165.972443
[2022-10-19 23:17:22] PRINT Train Epoch: 1 [38400/60000 (64%)]	Loss: 159.026901
[2022-10-19 23:17:22] PRINT Train Epoch: 1 [39680/60000 (66%)]	Loss: 158.471283
[2022-10-19 23:17:23] PRINT Train Epoch: 1 [40960/60000 (68%)]	Loss: 160.050583
[2022-10-19 23:17:23] PRINT Train Epoch: 1 [42240/60000 (70%)]	Loss: 161.674179
[2022-10-19 23:17:23] PRINT Train Epoch: 1 [43520/60000 (72%)]	Loss: 161.206604
[2022-10-19 23:17:23] PRINT Train Epoch: 1 [44800/60000 (75%)]	Loss: 155.466064
[2022-10-19 23:17:23] PRINT Train Epoch: 1 [46080/60000 (77%)]	Loss: 160.817337
[2022-10-19 23:17:23] PRINT Train Epoch: 1 [47360/60000 (79%)]	Loss: 152.086685
[2022-10-19 23:17:23] PRINT Train Epoch: 1 [48640/60000 (81%)]	Loss: 153.972443
[2022-10-19 23:17:23] PRINT Train Epoch: 1 [49920/60000 (83%)]	Loss: 152.048676
[2022-10-19 23:17:23] PRINT Train Epoch: 1 [51200/60000 (85%)]	Loss: 154.006531
[2022-10-19 23:17:23] PRINT Train Epoch: 1 [52480/60000 (87%)]	Loss: 151.763702
[2022-10-19 23:17:23] PRINT Train Epoch: 1 [53760/60000 (90%)]	Loss: 150.204941
[2022-10-19 23:17:24] PRINT Train Epoch: 1 [55040/60000 (92%)]	Loss: 153.435730
[2022-10-19 23:17:24] PRINT Train Epoch: 1 [56320/60000 (94%)]	Loss: 146.873169
[2022-10-19 23:17:24] PRINT Train Epoch: 1 [57600/60000 (96%)]	Loss: 150.079941
[2022-10-19 23:17:24] PRINT Train Epoch: 1 [58880/60000 (98%)]	Loss: 152.587021
[2022-10-19 23:17:24] PRINT ====> Epoch: 1 Average loss: 193.6729
[2022-10-19 23:17:25] PRINT ====> Test set loss: 147.5073
[2022-10-19 23:17:25] PRINT Train Epoch: 2 [0/60000 (0%)]	Loss: 156.271317
[2022-10-19 23:17:25] PRINT Train Epoch: 2 [1280/60000 (2%)]	Loss: 142.969604
[2022-10-19 23:17:25] PRINT Train Epoch: 2 [2560/60000 (4%)]	Loss: 155.654892
[2022-10-19 23:17:25] PRINT Train Epoch: 2 [3840/60000 (6%)]	Loss: 142.994125
[2022-10-19 23:17:25] PRINT Train Epoch: 2 [5120/60000 (9%)]	Loss: 143.768692
[2022-10-19 23:17:25] PRINT Train Epoch: 2 [6400/60000 (11%)]	Loss: 145.773224
[2022-10-19 23:17:26] PRINT Train Epoch: 2 [7680/60000 (13%)]	Loss: 141.964905
[2022-10-19 23:17:26] PRINT Train Epoch: 2 [8960/60000 (15%)]	Loss: 141.777054
[2022-10-19 23:17:26] PRINT Train Epoch: 2 [10240/60000 (17%)]	Loss: 142.981339
[2022-10-19 23:17:26] PRINT Train Epoch: 2 [11520/60000 (19%)]	Loss: 143.754349
[2022-10-19 23:17:26] PRINT Train Epoch: 2 [12800/60000 (21%)]	Loss: 132.280518
[2022-10-19 23:17:26] PRINT Train Epoch: 2 [14080/60000 (23%)]	Loss: 137.104019
[2022-10-19 23:17:26] PRINT Train Epoch: 2 [15360/60000 (26%)]	Loss: 144.691559
[2022-10-19 23:17:26] PRINT Train Epoch: 2 [16640/60000 (28%)]	Loss: 137.617325
[2022-10-19 23:17:26] PRINT Train Epoch: 2 [17920/60000 (30%)]	Loss: 138.920898
[2022-10-19 23:17:26] PRINT Train Epoch: 2 [19200/60000 (32%)]	Loss: 142.504745
[2022-10-19 23:17:27] PRINT Train Epoch: 2 [20480/60000 (34%)]	Loss: 138.711792
[2022-10-19 23:17:27] PRINT Train Epoch: 2 [21760/60000 (36%)]	Loss: 131.417099
[2022-10-19 23:17:27] PRINT Train Epoch: 2 [23040/60000 (38%)]	Loss: 141.752472
[2022-10-19 23:17:27] PRINT Train Epoch: 2 [24320/60000 (41%)]	Loss: 136.443069
[2022-10-19 23:17:27] PRINT Train Epoch: 2 [25600/60000 (43%)]	Loss: 135.821915
[2022-10-19 23:17:27] PRINT Train Epoch: 2 [26880/60000 (45%)]	Loss: 134.565796
[2022-10-19 23:17:27] PRINT Train Epoch: 2 [28160/60000 (47%)]	Loss: 136.431976
[2022-10-19 23:17:27] PRINT Train Epoch: 2 [29440/60000 (49%)]	Loss: 138.762360
[2022-10-19 23:17:27] PRINT Train Epoch: 2 [30720/60000 (51%)]	Loss: 133.443024
[2022-10-19 23:17:27] PRINT Train Epoch: 2 [32000/60000 (53%)]	Loss: 138.149841
[2022-10-19 23:17:28] PRINT Train Epoch: 2 [33280/60000 (55%)]	Loss: 138.838181
[2022-10-19 23:17:28] PRINT Train Epoch: 2 [34560/60000 (58%)]	Loss: 142.189224
[2022-10-19 23:17:28] PRINT Train Epoch: 2 [35840/60000 (60%)]	Loss: 137.150589
[2022-10-19 23:17:28] PRINT Train Epoch: 2 [37120/60000 (62%)]	Loss: 133.328262
[2022-10-19 23:17:28] PRINT Train Epoch: 2 [38400/60000 (64%)]	Loss: 131.399628
[2022-10-19 23:17:28] PRINT Train Epoch: 2 [39680/60000 (66%)]	Loss: 127.392532
[2022-10-19 23:17:28] PRINT Train Epoch: 2 [40960/60000 (68%)]	Loss: 134.985229
[2022-10-19 23:17:28] PRINT Train Epoch: 2 [42240/60000 (70%)]	Loss: 131.982437
[2022-10-19 23:17:28] PRINT Train Epoch: 2 [43520/60000 (72%)]	Loss: 131.592926
[2022-10-19 23:17:28] PRINT Train Epoch: 2 [44800/60000 (75%)]	Loss: 135.195984
[2022-10-19 23:17:29] PRINT Train Epoch: 2 [46080/60000 (77%)]	Loss: 129.376556
[2022-10-19 23:17:29] PRINT Train Epoch: 2 [47360/60000 (79%)]	Loss: 129.871567
[2022-10-19 23:17:29] PRINT Train Epoch: 2 [48640/60000 (81%)]	Loss: 134.498184
[2022-10-19 23:17:29] PRINT Train Epoch: 2 [49920/60000 (83%)]	Loss: 131.709244
[2022-10-19 23:17:29] PRINT Train Epoch: 2 [51200/60000 (85%)]	Loss: 132.694519
[2022-10-19 23:17:29] PRINT Train Epoch: 2 [52480/60000 (87%)]	Loss: 131.206116
[2022-10-19 23:17:29] PRINT Train Epoch: 2 [53760/60000 (90%)]	Loss: 132.971024
[2022-10-19 23:17:29] PRINT Train Epoch: 2 [55040/60000 (92%)]	Loss: 127.442955
[2022-10-19 23:17:29] PRINT Train Epoch: 2 [56320/60000 (94%)]	Loss: 129.030380
[2022-10-19 23:17:29] PRINT Train Epoch: 2 [57600/60000 (96%)]	Loss: 125.145157
[2022-10-19 23:17:30] PRINT Train Epoch: 2 [58880/60000 (98%)]	Loss: 126.527283
[2022-10-19 23:17:30] PRINT ====> Epoch: 2 Average loss: 136.6841
[2022-10-19 23:17:31] PRINT ====> Test set loss: 127.2340
[2022-10-19 23:17:31] PRINT Train Epoch: 3 [0/60000 (0%)]	Loss: 126.728897
[2022-10-19 23:17:31] PRINT Train Epoch: 3 [1280/60000 (2%)]	Loss: 129.235367
[2022-10-19 23:17:31] PRINT Train Epoch: 3 [2560/60000 (4%)]	Loss: 134.070435
[2022-10-19 23:17:31] PRINT Train Epoch: 3 [3840/60000 (6%)]	Loss: 127.345657
[2022-10-19 23:17:31] PRINT Train Epoch: 3 [5120/60000 (9%)]	Loss: 127.290031
[2022-10-19 23:17:31] PRINT Train Epoch: 3 [6400/60000 (11%)]	Loss: 128.921860
[2022-10-19 23:17:31] PRINT Train Epoch: 3 [7680/60000 (13%)]	Loss: 131.910324
[2022-10-19 23:17:31] PRINT Train Epoch: 3 [8960/60000 (15%)]	Loss: 124.181351
[2022-10-19 23:17:31] PRINT Train Epoch: 3 [10240/60000 (17%)]	Loss: 132.295868
[2022-10-19 23:17:32] PRINT Train Epoch: 3 [11520/60000 (19%)]	Loss: 123.010544
[2022-10-19 23:17:32] PRINT Train Epoch: 3 [12800/60000 (21%)]	Loss: 127.112793
[2022-10-19 23:17:32] PRINT Train Epoch: 3 [14080/60000 (23%)]	Loss: 123.712151
[2022-10-19 23:17:32] PRINT Train Epoch: 3 [15360/60000 (26%)]	Loss: 127.622055
[2022-10-19 23:17:32] PRINT Train Epoch: 3 [16640/60000 (28%)]	Loss: 126.855003
[2022-10-19 23:17:32] PRINT Train Epoch: 3 [17920/60000 (30%)]	Loss: 115.777359
[2022-10-19 23:17:32] PRINT Train Epoch: 3 [19200/60000 (32%)]	Loss: 124.446800
[2022-10-19 23:17:32] PRINT Train Epoch: 3 [20480/60000 (34%)]	Loss: 123.427185
[2022-10-19 23:17:32] PRINT Train Epoch: 3 [21760/60000 (36%)]	Loss: 126.207832
[2022-10-19 23:17:32] PRINT Train Epoch: 3 [23040/60000 (38%)]	Loss: 124.149872
[2022-10-19 23:17:33] PRINT Train Epoch: 3 [24320/60000 (41%)]	Loss: 127.307014
[2022-10-19 23:17:33] PRINT Train Epoch: 3 [25600/60000 (43%)]	Loss: 125.259918
[2022-10-19 23:17:33] PRINT Train Epoch: 3 [26880/60000 (45%)]	Loss: 124.431496
[2022-10-19 23:17:33] PRINT Train Epoch: 3 [28160/60000 (47%)]	Loss: 117.624969
[2022-10-19 23:17:33] PRINT Train Epoch: 3 [29440/60000 (49%)]	Loss: 124.667114
[2022-10-19 23:17:33] PRINT Train Epoch: 3 [30720/60000 (51%)]	Loss: 124.769409
[2022-10-19 23:17:33] PRINT Train Epoch: 3 [32000/60000 (53%)]	Loss: 120.587715
[2022-10-19 23:17:33] PRINT Train Epoch: 3 [33280/60000 (55%)]	Loss: 124.644302
[2022-10-19 23:17:33] PRINT Train Epoch: 3 [34560/60000 (58%)]	Loss: 127.672714
[2022-10-19 23:17:33] PRINT Train Epoch: 3 [35840/60000 (60%)]	Loss: 115.954254
[2022-10-19 23:17:34] PRINT Train Epoch: 3 [37120/60000 (62%)]	Loss: 120.942719
[2022-10-19 23:17:34] PRINT Train Epoch: 3 [38400/60000 (64%)]	Loss: 123.905701
[2022-10-19 23:17:34] PRINT Train Epoch: 3 [39680/60000 (66%)]	Loss: 122.378334
[2022-10-19 23:17:34] PRINT Train Epoch: 3 [40960/60000 (68%)]	Loss: 121.203720
[2022-10-19 23:17:34] PRINT Train Epoch: 3 [42240/60000 (70%)]	Loss: 122.924751
[2022-10-19 23:17:34] PRINT Train Epoch: 3 [43520/60000 (72%)]	Loss: 118.597397
[2022-10-19 23:17:34] PRINT Train Epoch: 3 [44800/60000 (75%)]	Loss: 117.793457
[2022-10-19 23:17:34] PRINT Train Epoch: 3 [46080/60000 (77%)]	Loss: 125.244370
[2022-10-19 23:17:34] PRINT Train Epoch: 3 [47360/60000 (79%)]	Loss: 122.565788
[2022-10-19 23:17:34] PRINT Train Epoch: 3 [48640/60000 (81%)]	Loss: 122.073242
[2022-10-19 23:17:35] PRINT Train Epoch: 3 [49920/60000 (83%)]	Loss: 116.919724
[2022-10-19 23:17:35] PRINT Train Epoch: 3 [51200/60000 (85%)]	Loss: 123.124252
[2022-10-19 23:17:35] PRINT Train Epoch: 3 [52480/60000 (87%)]	Loss: 122.790649
[2022-10-19 23:17:35] PRINT Train Epoch: 3 [53760/60000 (90%)]	Loss: 119.838181
[2022-10-19 23:17:35] PRINT Train Epoch: 3 [55040/60000 (92%)]	Loss: 125.153458
[2022-10-19 23:17:35] PRINT Train Epoch: 3 [56320/60000 (94%)]	Loss: 121.892120
[2022-10-19 23:17:35] PRINT Train Epoch: 3 [57600/60000 (96%)]	Loss: 119.227776
[2022-10-19 23:17:35] PRINT Train Epoch: 3 [58880/60000 (98%)]	Loss: 117.331596
[2022-10-19 23:17:35] PRINT ====> Epoch: 3 Average loss: 123.7188
[2022-10-19 23:17:36] PRINT ====> Test set loss: 119.0858
[2022-10-19 23:17:36] PRINT Train Epoch: 4 [0/60000 (0%)]	Loss: 117.741119
[2022-10-19 23:17:36] PRINT Train Epoch: 4 [1280/60000 (2%)]	Loss: 120.196823
[2022-10-19 23:17:36] PRINT Train Epoch: 4 [2560/60000 (4%)]	Loss: 121.735611
[2022-10-19 23:17:37] PRINT Train Epoch: 4 [3840/60000 (6%)]	Loss: 122.247681
[2022-10-19 23:17:37] PRINT Train Epoch: 4 [5120/60000 (9%)]	Loss: 120.716621
[2022-10-19 23:17:37] PRINT Train Epoch: 4 [6400/60000 (11%)]	Loss: 117.984985
[2022-10-19 23:17:37] PRINT Train Epoch: 4 [7680/60000 (13%)]	Loss: 123.618210
[2022-10-19 23:17:37] PRINT Train Epoch: 4 [8960/60000 (15%)]	Loss: 115.501617
[2022-10-19 23:17:37] PRINT Train Epoch: 4 [10240/60000 (17%)]	Loss: 120.099892
[2022-10-19 23:17:37] PRINT Train Epoch: 4 [11520/60000 (19%)]	Loss: 115.771095
[2022-10-19 23:17:37] PRINT Train Epoch: 4 [12800/60000 (21%)]	Loss: 123.962746
[2022-10-19 23:17:37] PRINT Train Epoch: 4 [14080/60000 (23%)]	Loss: 115.603714
[2022-10-19 23:17:37] PRINT Train Epoch: 4 [15360/60000 (26%)]	Loss: 121.714172
[2022-10-19 23:17:38] PRINT Train Epoch: 4 [16640/60000 (28%)]	Loss: 115.893478
[2022-10-19 23:17:38] PRINT Train Epoch: 4 [17920/60000 (30%)]	Loss: 116.608620
[2022-10-19 23:17:38] PRINT Train Epoch: 4 [19200/60000 (32%)]	Loss: 118.854965
[2022-10-19 23:17:38] PRINT Train Epoch: 4 [20480/60000 (34%)]	Loss: 116.514297
[2022-10-19 23:17:38] PRINT Train Epoch: 4 [21760/60000 (36%)]	Loss: 119.902679
[2022-10-19 23:17:38] PRINT Train Epoch: 4 [23040/60000 (38%)]	Loss: 113.182083
[2022-10-19 23:17:38] PRINT Train Epoch: 4 [24320/60000 (41%)]	Loss: 121.882767
[2022-10-19 23:17:38] PRINT Train Epoch: 4 [25600/60000 (43%)]	Loss: 119.645798
[2022-10-19 23:17:38] PRINT Train Epoch: 4 [26880/60000 (45%)]	Loss: 115.802231
[2022-10-19 23:17:38] PRINT Train Epoch: 4 [28160/60000 (47%)]	Loss: 117.337288
[2022-10-19 23:17:39] PRINT Train Epoch: 4 [29440/60000 (49%)]	Loss: 116.998184
[2022-10-19 23:17:39] PRINT Train Epoch: 4 [30720/60000 (51%)]	Loss: 116.321915
[2022-10-19 23:17:39] PRINT Train Epoch: 4 [32000/60000 (53%)]	Loss: 119.501160
[2022-10-19 23:17:39] PRINT Train Epoch: 4 [33280/60000 (55%)]	Loss: 118.094131
[2022-10-19 23:17:39] PRINT Train Epoch: 4 [34560/60000 (58%)]	Loss: 114.518509
[2022-10-19 23:17:39] PRINT Train Epoch: 4 [35840/60000 (60%)]	Loss: 116.118622
[2022-10-19 23:17:39] PRINT Train Epoch: 4 [37120/60000 (62%)]	Loss: 116.612419
[2022-10-19 23:17:39] PRINT Train Epoch: 4 [38400/60000 (64%)]	Loss: 118.389542
[2022-10-19 23:17:39] PRINT Train Epoch: 4 [39680/60000 (66%)]	Loss: 118.127365
[2022-10-19 23:17:40] PRINT Train Epoch: 4 [40960/60000 (68%)]	Loss: 118.396179
[2022-10-19 23:17:40] PRINT Train Epoch: 4 [42240/60000 (70%)]	Loss: 114.575882
[2022-10-19 23:17:40] PRINT Train Epoch: 4 [43520/60000 (72%)]	Loss: 115.773766
[2022-10-19 23:17:40] PRINT Train Epoch: 4 [44800/60000 (75%)]	Loss: 116.912895
[2022-10-19 23:17:40] PRINT Train Epoch: 4 [46080/60000 (77%)]	Loss: 119.880188
[2022-10-19 23:17:40] PRINT Train Epoch: 4 [47360/60000 (79%)]	Loss: 116.138985
[2022-10-19 23:17:40] PRINT Train Epoch: 4 [48640/60000 (81%)]	Loss: 115.542336
[2022-10-19 23:17:40] PRINT Train Epoch: 4 [49920/60000 (83%)]	Loss: 120.399391
[2022-10-19 23:17:40] PRINT Train Epoch: 4 [51200/60000 (85%)]	Loss: 118.619247
[2022-10-19 23:17:40] PRINT Train Epoch: 4 [52480/60000 (87%)]	Loss: 122.146400
[2022-10-19 23:17:41] PRINT Train Epoch: 4 [53760/60000 (90%)]	Loss: 119.171593
[2022-10-19 23:17:41] PRINT Train Epoch: 4 [55040/60000 (92%)]	Loss: 121.280754
[2022-10-19 23:17:41] PRINT Train Epoch: 4 [56320/60000 (94%)]	Loss: 114.139130
[2022-10-19 23:17:41] PRINT Train Epoch: 4 [57600/60000 (96%)]	Loss: 113.970596
[2022-10-19 23:17:41] PRINT Train Epoch: 4 [58880/60000 (98%)]	Loss: 115.581207
[2022-10-19 23:17:41] PRINT ====> Epoch: 4 Average loss: 118.0707
[2022-10-19 23:17:42] PRINT ====> Test set loss: 115.2804
[2022-10-19 23:17:42] PRINT Train Epoch: 5 [0/60000 (0%)]	Loss: 113.823395
[2022-10-19 23:17:42] PRINT Train Epoch: 5 [1280/60000 (2%)]	Loss: 115.034569
[2022-10-19 23:17:42] PRINT Train Epoch: 5 [2560/60000 (4%)]	Loss: 119.320831
[2022-10-19 23:17:42] PRINT Train Epoch: 5 [3840/60000 (6%)]	Loss: 114.688179
[2022-10-19 23:17:42] PRINT Train Epoch: 5 [5120/60000 (9%)]	Loss: 119.277161
[2022-10-19 23:17:42] PRINT Train Epoch: 5 [6400/60000 (11%)]	Loss: 116.029343
[2022-10-19 23:17:43] PRINT Train Epoch: 5 [7680/60000 (13%)]	Loss: 117.411560
[2022-10-19 23:17:43] PRINT Train Epoch: 5 [8960/60000 (15%)]	Loss: 118.060715
[2022-10-19 23:17:43] PRINT Train Epoch: 5 [10240/60000 (17%)]	Loss: 115.761955
[2022-10-19 23:17:43] PRINT Train Epoch: 5 [11520/60000 (19%)]	Loss: 114.122627
[2022-10-19 23:17:43] PRINT Train Epoch: 5 [12800/60000 (21%)]	Loss: 109.472977
[2022-10-19 23:17:43] PRINT Train Epoch: 5 [14080/60000 (23%)]	Loss: 119.175568
[2022-10-19 23:17:43] PRINT Train Epoch: 5 [15360/60000 (26%)]	Loss: 113.725891
[2022-10-19 23:17:43] PRINT Train Epoch: 5 [16640/60000 (28%)]	Loss: 113.953926
[2022-10-19 23:17:43] PRINT Train Epoch: 5 [17920/60000 (30%)]	Loss: 114.023560
[2022-10-19 23:17:43] PRINT Train Epoch: 5 [19200/60000 (32%)]	Loss: 117.485138
[2022-10-19 23:17:44] PRINT Train Epoch: 5 [20480/60000 (34%)]	Loss: 112.874207
[2022-10-19 23:17:44] PRINT Train Epoch: 5 [21760/60000 (36%)]	Loss: 117.403137
[2022-10-19 23:17:44] PRINT Train Epoch: 5 [23040/60000 (38%)]	Loss: 116.940117
[2022-10-19 23:17:44] PRINT Train Epoch: 5 [24320/60000 (41%)]	Loss: 116.098358
[2022-10-19 23:17:44] PRINT Train Epoch: 5 [25600/60000 (43%)]	Loss: 113.872139
[2022-10-19 23:17:44] PRINT Train Epoch: 5 [26880/60000 (45%)]	Loss: 115.201813
[2022-10-19 23:17:44] PRINT Train Epoch: 5 [28160/60000 (47%)]	Loss: 114.779427
[2022-10-19 23:17:44] PRINT Train Epoch: 5 [29440/60000 (49%)]	Loss: 114.824417
[2022-10-19 23:17:44] PRINT Train Epoch: 5 [30720/60000 (51%)]	Loss: 111.809891
[2022-10-19 23:17:45] PRINT Train Epoch: 5 [32000/60000 (53%)]	Loss: 117.015396
[2022-10-19 23:17:45] PRINT Train Epoch: 5 [33280/60000 (55%)]	Loss: 118.008583
[2022-10-19 23:17:45] PRINT Train Epoch: 5 [34560/60000 (58%)]	Loss: 112.585587
[2022-10-19 23:17:45] PRINT Train Epoch: 5 [35840/60000 (60%)]	Loss: 116.022255
[2022-10-19 23:17:45] PRINT Train Epoch: 5 [37120/60000 (62%)]	Loss: 111.559120
[2022-10-19 23:17:45] PRINT Train Epoch: 5 [38400/60000 (64%)]	Loss: 113.454308
[2022-10-19 23:17:45] PRINT Train Epoch: 5 [39680/60000 (66%)]	Loss: 110.122101
[2022-10-19 23:17:45] PRINT Train Epoch: 5 [40960/60000 (68%)]	Loss: 117.653366
[2022-10-19 23:17:45] PRINT Train Epoch: 5 [42240/60000 (70%)]	Loss: 115.849205
[2022-10-19 23:17:45] PRINT Train Epoch: 5 [43520/60000 (72%)]	Loss: 112.244499
[2022-10-19 23:17:46] PRINT Train Epoch: 5 [44800/60000 (75%)]	Loss: 114.358040
[2022-10-19 23:17:46] PRINT Train Epoch: 5 [46080/60000 (77%)]	Loss: 113.200623
[2022-10-19 23:17:46] PRINT Train Epoch: 5 [47360/60000 (79%)]	Loss: 115.939774
[2022-10-19 23:17:46] PRINT Train Epoch: 5 [48640/60000 (81%)]	Loss: 111.751396
[2022-10-19 23:17:46] PRINT Train Epoch: 5 [49920/60000 (83%)]	Loss: 116.229355
[2022-10-19 23:17:46] PRINT Train Epoch: 5 [51200/60000 (85%)]	Loss: 115.901497
[2022-10-19 23:17:46] PRINT Train Epoch: 5 [52480/60000 (87%)]	Loss: 110.968063
[2022-10-19 23:17:46] PRINT Train Epoch: 5 [53760/60000 (90%)]	Loss: 114.234375
[2022-10-19 23:17:46] PRINT Train Epoch: 5 [55040/60000 (92%)]	Loss: 115.023178
[2022-10-19 23:17:46] PRINT Train Epoch: 5 [56320/60000 (94%)]	Loss: 113.729897
[2022-10-19 23:17:47] PRINT Train Epoch: 5 [57600/60000 (96%)]	Loss: 112.976425
[2022-10-19 23:17:47] PRINT Train Epoch: 5 [58880/60000 (98%)]	Loss: 117.871094
[2022-10-19 23:17:47] PRINT ====> Epoch: 5 Average loss: 114.9932
[2022-10-19 23:17:48] PRINT ====> Test set loss: 112.9145
[2022-10-19 23:17:48] PRINT Train Epoch: 6 [0/60000 (0%)]	Loss: 113.676598
[2022-10-19 23:17:48] PRINT Train Epoch: 6 [1280/60000 (2%)]	Loss: 111.877502
[2022-10-19 23:17:48] PRINT Train Epoch: 6 [2560/60000 (4%)]	Loss: 117.658295
[2022-10-19 23:17:48] PRINT Train Epoch: 6 [3840/60000 (6%)]	Loss: 113.208969
[2022-10-19 23:17:48] PRINT Train Epoch: 6 [5120/60000 (9%)]	Loss: 114.023132
[2022-10-19 23:17:48] PRINT Train Epoch: 6 [6400/60000 (11%)]	Loss: 114.793121
[2022-10-19 23:17:48] PRINT Train Epoch: 6 [7680/60000 (13%)]	Loss: 115.041077
[2022-10-19 23:17:48] PRINT Train Epoch: 6 [8960/60000 (15%)]	Loss: 114.580490
[2022-10-19 23:17:49] PRINT Train Epoch: 6 [10240/60000 (17%)]	Loss: 112.984932
[2022-10-19 23:17:49] PRINT Train Epoch: 6 [11520/60000 (19%)]	Loss: 112.803024
[2022-10-19 23:17:49] PRINT Train Epoch: 6 [12800/60000 (21%)]	Loss: 112.425262
[2022-10-19 23:17:49] PRINT Train Epoch: 6 [14080/60000 (23%)]	Loss: 111.153282
[2022-10-19 23:17:49] PRINT Train Epoch: 6 [15360/60000 (26%)]	Loss: 115.138535
[2022-10-19 23:17:49] PRINT Train Epoch: 6 [16640/60000 (28%)]	Loss: 110.577820
[2022-10-19 23:17:49] PRINT Train Epoch: 6 [17920/60000 (30%)]	Loss: 117.480453
[2022-10-19 23:17:49] PRINT Train Epoch: 6 [19200/60000 (32%)]	Loss: 115.110016
[2022-10-19 23:17:49] PRINT Train Epoch: 6 [20480/60000 (34%)]	Loss: 111.814644
[2022-10-19 23:17:49] PRINT Train Epoch: 6 [21760/60000 (36%)]	Loss: 113.885849
[2022-10-19 23:17:50] PRINT Train Epoch: 6 [23040/60000 (38%)]	Loss: 109.661606
[2022-10-19 23:17:50] PRINT Train Epoch: 6 [24320/60000 (41%)]	Loss: 111.278030
[2022-10-19 23:17:50] PRINT Train Epoch: 6 [25600/60000 (43%)]	Loss: 112.212006
[2022-10-19 23:17:50] PRINT Train Epoch: 6 [26880/60000 (45%)]	Loss: 110.968346
[2022-10-19 23:17:50] PRINT Train Epoch: 6 [28160/60000 (47%)]	Loss: 113.929924
[2022-10-19 23:17:50] PRINT Train Epoch: 6 [29440/60000 (49%)]	Loss: 117.197380
[2022-10-19 23:17:50] PRINT Train Epoch: 6 [30720/60000 (51%)]	Loss: 111.602867
[2022-10-19 23:17:50] PRINT Train Epoch: 6 [32000/60000 (53%)]	Loss: 111.877769
[2022-10-19 23:17:50] PRINT Train Epoch: 6 [33280/60000 (55%)]	Loss: 112.532471
[2022-10-19 23:17:51] PRINT Train Epoch: 6 [34560/60000 (58%)]	Loss: 110.542526
[2022-10-19 23:17:51] PRINT Train Epoch: 6 [35840/60000 (60%)]	Loss: 108.377907
[2022-10-19 23:17:51] PRINT Train Epoch: 6 [37120/60000 (62%)]	Loss: 112.709991
[2022-10-19 23:17:51] PRINT Train Epoch: 6 [38400/60000 (64%)]	Loss: 114.836990
[2022-10-19 23:17:51] PRINT Train Epoch: 6 [39680/60000 (66%)]	Loss: 111.719818
[2022-10-19 23:17:51] PRINT Train Epoch: 6 [40960/60000 (68%)]	Loss: 115.076912
[2022-10-19 23:17:51] PRINT Train Epoch: 6 [42240/60000 (70%)]	Loss: 110.425323
[2022-10-19 23:17:51] PRINT Train Epoch: 6 [43520/60000 (72%)]	Loss: 110.950790
[2022-10-19 23:17:51] PRINT Train Epoch: 6 [44800/60000 (75%)]	Loss: 114.487015
[2022-10-19 23:17:51] PRINT Train Epoch: 6 [46080/60000 (77%)]	Loss: 111.088669
[2022-10-19 23:17:52] PRINT Train Epoch: 6 [47360/60000 (79%)]	Loss: 119.717865
[2022-10-19 23:17:52] PRINT Train Epoch: 6 [48640/60000 (81%)]	Loss: 112.705109
[2022-10-19 23:17:52] PRINT Train Epoch: 6 [49920/60000 (83%)]	Loss: 110.896423
[2022-10-19 23:17:52] PRINT Train Epoch: 6 [51200/60000 (85%)]	Loss: 111.123962
[2022-10-19 23:17:52] PRINT Train Epoch: 6 [52480/60000 (87%)]	Loss: 112.520096
[2022-10-19 23:17:52] PRINT Train Epoch: 6 [53760/60000 (90%)]	Loss: 113.219658
[2022-10-19 23:17:52] PRINT Train Epoch: 6 [55040/60000 (92%)]	Loss: 110.295631
[2022-10-19 23:17:52] PRINT Train Epoch: 6 [56320/60000 (94%)]	Loss: 111.010162
[2022-10-19 23:17:52] PRINT Train Epoch: 6 [57600/60000 (96%)]	Loss: 111.743271
[2022-10-19 23:17:52] PRINT Train Epoch: 6 [58880/60000 (98%)]	Loss: 112.152496
[2022-10-19 23:17:53] PRINT ====> Epoch: 6 Average loss: 112.9421
[2022-10-19 23:17:53] PRINT ====> Test set loss: 111.1566
[2022-10-19 23:17:53] PRINT Train Epoch: 7 [0/60000 (0%)]	Loss: 110.951836
[2022-10-19 23:17:54] PRINT Train Epoch: 7 [1280/60000 (2%)]	Loss: 115.729202
[2022-10-19 23:17:54] PRINT Train Epoch: 7 [2560/60000 (4%)]	Loss: 112.512939
[2022-10-19 23:17:54] PRINT Train Epoch: 7 [3840/60000 (6%)]	Loss: 112.782333
[2022-10-19 23:17:54] PRINT Train Epoch: 7 [5120/60000 (9%)]	Loss: 109.129494
[2022-10-19 23:17:54] PRINT Train Epoch: 7 [6400/60000 (11%)]	Loss: 116.172462
[2022-10-19 23:17:54] PRINT Train Epoch: 7 [7680/60000 (13%)]	Loss: 109.039558
[2022-10-19 23:17:54] PRINT Train Epoch: 7 [8960/60000 (15%)]	Loss: 112.259644
[2022-10-19 23:17:54] PRINT Train Epoch: 7 [10240/60000 (17%)]	Loss: 116.308327
[2022-10-19 23:17:54] PRINT Train Epoch: 7 [11520/60000 (19%)]	Loss: 108.204124
[2022-10-19 23:17:54] PRINT Train Epoch: 7 [12800/60000 (21%)]	Loss: 109.341972
[2022-10-19 23:17:55] PRINT Train Epoch: 7 [14080/60000 (23%)]	Loss: 110.193222
[2022-10-19 23:17:55] PRINT Train Epoch: 7 [15360/60000 (26%)]	Loss: 112.633026
[2022-10-19 23:17:55] PRINT Train Epoch: 7 [16640/60000 (28%)]	Loss: 110.732956
[2022-10-19 23:17:55] PRINT Train Epoch: 7 [17920/60000 (30%)]	Loss: 110.310776
[2022-10-19 23:17:55] PRINT Train Epoch: 7 [19200/60000 (32%)]	Loss: 111.226425
[2022-10-19 23:17:55] PRINT Train Epoch: 7 [20480/60000 (34%)]	Loss: 113.670364
[2022-10-19 23:17:55] PRINT Train Epoch: 7 [21760/60000 (36%)]	Loss: 112.987579
[2022-10-19 23:17:55] PRINT Train Epoch: 7 [23040/60000 (38%)]	Loss: 110.359581
[2022-10-19 23:17:55] PRINT Train Epoch: 7 [24320/60000 (41%)]	Loss: 110.125504
[2022-10-19 23:17:56] PRINT Train Epoch: 7 [25600/60000 (43%)]	Loss: 115.066368
[2022-10-19 23:17:56] PRINT Train Epoch: 7 [26880/60000 (45%)]	Loss: 113.014420
[2022-10-19 23:17:56] PRINT Train Epoch: 7 [28160/60000 (47%)]	Loss: 110.859970
[2022-10-19 23:17:56] PRINT Train Epoch: 7 [29440/60000 (49%)]	Loss: 108.724518
[2022-10-19 23:17:56] PRINT Train Epoch: 7 [30720/60000 (51%)]	Loss: 111.975769
[2022-10-19 23:17:56] PRINT Train Epoch: 7 [32000/60000 (53%)]	Loss: 107.689331
[2022-10-19 23:17:56] PRINT Train Epoch: 7 [33280/60000 (55%)]	Loss: 108.787567
[2022-10-19 23:17:56] PRINT Train Epoch: 7 [34560/60000 (58%)]	Loss: 114.710548
[2022-10-19 23:17:56] PRINT Train Epoch: 7 [35840/60000 (60%)]	Loss: 112.917908
[2022-10-19 23:17:56] PRINT Train Epoch: 7 [37120/60000 (62%)]	Loss: 113.187492
[2022-10-19 23:17:57] PRINT Train Epoch: 7 [38400/60000 (64%)]	Loss: 111.852737
[2022-10-19 23:17:57] PRINT Train Epoch: 7 [39680/60000 (66%)]	Loss: 110.228645
[2022-10-19 23:17:57] PRINT Train Epoch: 7 [40960/60000 (68%)]	Loss: 111.949738
[2022-10-19 23:17:57] PRINT Train Epoch: 7 [42240/60000 (70%)]	Loss: 111.629868
[2022-10-19 23:17:57] PRINT Train Epoch: 7 [43520/60000 (72%)]	Loss: 110.481201
[2022-10-19 23:17:57] PRINT Train Epoch: 7 [44800/60000 (75%)]	Loss: 109.124573
[2022-10-19 23:17:57] PRINT Train Epoch: 7 [46080/60000 (77%)]	Loss: 112.733467
[2022-10-19 23:17:57] PRINT Train Epoch: 7 [47360/60000 (79%)]	Loss: 110.861877
[2022-10-19 23:17:57] PRINT Train Epoch: 7 [48640/60000 (81%)]	Loss: 109.249413
[2022-10-19 23:17:57] PRINT Train Epoch: 7 [49920/60000 (83%)]	Loss: 111.463058
[2022-10-19 23:17:58] PRINT Train Epoch: 7 [51200/60000 (85%)]	Loss: 111.637344
[2022-10-19 23:17:58] PRINT Train Epoch: 7 [52480/60000 (87%)]	Loss: 111.072899
[2022-10-19 23:17:58] PRINT Train Epoch: 7 [53760/60000 (90%)]	Loss: 104.642517
[2022-10-19 23:17:58] PRINT Train Epoch: 7 [55040/60000 (92%)]	Loss: 110.983490
[2022-10-19 23:17:58] PRINT Train Epoch: 7 [56320/60000 (94%)]	Loss: 112.980789
[2022-10-19 23:17:58] PRINT Train Epoch: 7 [57600/60000 (96%)]	Loss: 115.177460
[2022-10-19 23:17:58] PRINT Train Epoch: 7 [58880/60000 (98%)]	Loss: 104.652283
[2022-10-19 23:17:58] PRINT ====> Epoch: 7 Average loss: 111.3832
[2022-10-19 23:17:59] PRINT ====> Test set loss: 109.8943
[2022-10-19 23:17:59] PRINT Train Epoch: 8 [0/60000 (0%)]	Loss: 111.686508
[2022-10-19 23:17:59] PRINT Train Epoch: 8 [1280/60000 (2%)]	Loss: 108.419144
[2022-10-19 23:17:59] PRINT Train Epoch: 8 [2560/60000 (4%)]	Loss: 109.768326
[2022-10-19 23:18:00] PRINT Train Epoch: 8 [3840/60000 (6%)]	Loss: 108.275711
[2022-10-19 23:18:00] PRINT Train Epoch: 8 [5120/60000 (9%)]	Loss: 110.454185
[2022-10-19 23:18:00] PRINT Train Epoch: 8 [6400/60000 (11%)]	Loss: 115.033676
[2022-10-19 23:18:00] PRINT Train Epoch: 8 [7680/60000 (13%)]	Loss: 111.470711
[2022-10-19 23:18:00] PRINT Train Epoch: 8 [8960/60000 (15%)]	Loss: 116.998009
[2022-10-19 23:18:00] PRINT Train Epoch: 8 [10240/60000 (17%)]	Loss: 108.418411
[2022-10-19 23:18:00] PRINT Train Epoch: 8 [11520/60000 (19%)]	Loss: 108.159531
[2022-10-19 23:18:00] PRINT Train Epoch: 8 [12800/60000 (21%)]	Loss: 109.087646
[2022-10-19 23:18:00] PRINT Train Epoch: 8 [14080/60000 (23%)]	Loss: 112.325134
[2022-10-19 23:18:01] PRINT Train Epoch: 8 [15360/60000 (26%)]	Loss: 108.580154
[2022-10-19 23:18:01] PRINT Train Epoch: 8 [16640/60000 (28%)]	Loss: 109.135658
[2022-10-19 23:18:01] PRINT Train Epoch: 8 [17920/60000 (30%)]	Loss: 107.722473
[2022-10-19 23:18:01] PRINT Train Epoch: 8 [19200/60000 (32%)]	Loss: 113.124283
[2022-10-19 23:18:01] PRINT Train Epoch: 8 [20480/60000 (34%)]	Loss: 107.677200
[2022-10-19 23:18:01] PRINT Train Epoch: 8 [21760/60000 (36%)]	Loss: 110.485115
[2022-10-19 23:18:01] PRINT Train Epoch: 8 [23040/60000 (38%)]	Loss: 109.683388
[2022-10-19 23:18:01] PRINT Train Epoch: 8 [24320/60000 (41%)]	Loss: 113.662384
[2022-10-19 23:18:01] PRINT Train Epoch: 8 [25600/60000 (43%)]	Loss: 112.635094
[2022-10-19 23:18:01] PRINT Train Epoch: 8 [26880/60000 (45%)]	Loss: 112.391876
[2022-10-19 23:18:02] PRINT Train Epoch: 8 [28160/60000 (47%)]	Loss: 105.972168
[2022-10-19 23:18:02] PRINT Train Epoch: 8 [29440/60000 (49%)]	Loss: 116.282097
[2022-10-19 23:18:02] PRINT Train Epoch: 8 [30720/60000 (51%)]	Loss: 109.382584
[2022-10-19 23:18:02] PRINT Train Epoch: 8 [32000/60000 (53%)]	Loss: 107.471619
[2022-10-19 23:18:02] PRINT Train Epoch: 8 [33280/60000 (55%)]	Loss: 106.658569
[2022-10-19 23:18:02] PRINT Train Epoch: 8 [34560/60000 (58%)]	Loss: 111.614029
[2022-10-19 23:18:02] PRINT Train Epoch: 8 [35840/60000 (60%)]	Loss: 109.625427
[2022-10-19 23:18:02] PRINT Train Epoch: 8 [37120/60000 (62%)]	Loss: 111.328728
[2022-10-19 23:18:02] PRINT Train Epoch: 8 [38400/60000 (64%)]	Loss: 111.339470
[2022-10-19 23:18:03] PRINT Train Epoch: 8 [39680/60000 (66%)]	Loss: 108.018372
[2022-10-19 23:18:03] PRINT Train Epoch: 8 [40960/60000 (68%)]	Loss: 110.703850
[2022-10-19 23:18:03] PRINT Train Epoch: 8 [42240/60000 (70%)]	Loss: 109.411697
[2022-10-19 23:18:03] PRINT Train Epoch: 8 [43520/60000 (72%)]	Loss: 108.774918
[2022-10-19 23:18:03] PRINT Train Epoch: 8 [44800/60000 (75%)]	Loss: 114.185341
[2022-10-19 23:18:03] PRINT Train Epoch: 8 [46080/60000 (77%)]	Loss: 110.508682
[2022-10-19 23:18:03] PRINT Train Epoch: 8 [47360/60000 (79%)]	Loss: 109.681000
[2022-10-19 23:18:03] PRINT Train Epoch: 8 [48640/60000 (81%)]	Loss: 106.151878
[2022-10-19 23:18:03] PRINT Train Epoch: 8 [49920/60000 (83%)]	Loss: 108.257233
[2022-10-19 23:18:03] PRINT Train Epoch: 8 [51200/60000 (85%)]	Loss: 108.567841
[2022-10-19 23:18:04] PRINT Train Epoch: 8 [52480/60000 (87%)]	Loss: 107.022202
[2022-10-19 23:18:04] PRINT Train Epoch: 8 [53760/60000 (90%)]	Loss: 113.094162
[2022-10-19 23:18:04] PRINT Train Epoch: 8 [55040/60000 (92%)]	Loss: 111.138596
[2022-10-19 23:18:04] PRINT Train Epoch: 8 [56320/60000 (94%)]	Loss: 110.415314
[2022-10-19 23:18:04] PRINT Train Epoch: 8 [57600/60000 (96%)]	Loss: 108.585930
[2022-10-19 23:18:04] PRINT Train Epoch: 8 [58880/60000 (98%)]	Loss: 109.347305
[2022-10-19 23:18:04] PRINT ====> Epoch: 8 Average loss: 110.1954
[2022-10-19 23:18:05] PRINT ====> Test set loss: 108.9679
[2022-10-19 23:18:05] PRINT Train Epoch: 9 [0/60000 (0%)]	Loss: 106.940010
[2022-10-19 23:18:05] PRINT Train Epoch: 9 [1280/60000 (2%)]	Loss: 110.275993
[2022-10-19 23:18:05] PRINT Train Epoch: 9 [2560/60000 (4%)]	Loss: 108.106323
[2022-10-19 23:18:05] PRINT Train Epoch: 9 [3840/60000 (6%)]	Loss: 112.639687
[2022-10-19 23:18:06] PRINT Train Epoch: 9 [5120/60000 (9%)]	Loss: 105.480141
[2022-10-19 23:18:06] PRINT Train Epoch: 9 [6400/60000 (11%)]	Loss: 107.754044
[2022-10-19 23:18:06] PRINT Train Epoch: 9 [7680/60000 (13%)]	Loss: 113.953667
[2022-10-19 23:18:06] PRINT Train Epoch: 9 [8960/60000 (15%)]	Loss: 110.942299
[2022-10-19 23:18:06] PRINT Train Epoch: 9 [10240/60000 (17%)]	Loss: 109.984077
[2022-10-19 23:18:06] PRINT Train Epoch: 9 [11520/60000 (19%)]	Loss: 109.969627
[2022-10-19 23:18:06] PRINT Train Epoch: 9 [12800/60000 (21%)]	Loss: 106.376358
[2022-10-19 23:18:06] PRINT Train Epoch: 9 [14080/60000 (23%)]	Loss: 108.405266
[2022-10-19 23:18:06] PRINT Train Epoch: 9 [15360/60000 (26%)]	Loss: 107.885864
[2022-10-19 23:18:06] PRINT Train Epoch: 9 [16640/60000 (28%)]	Loss: 110.634644
[2022-10-19 23:18:07] PRINT Train Epoch: 9 [17920/60000 (30%)]	Loss: 108.909668
[2022-10-19 23:18:07] PRINT Train Epoch: 9 [19200/60000 (32%)]	Loss: 111.732010
[2022-10-19 23:18:07] PRINT Train Epoch: 9 [20480/60000 (34%)]	Loss: 107.726440
[2022-10-19 23:18:07] PRINT Train Epoch: 9 [21760/60000 (36%)]	Loss: 113.009346
[2022-10-19 23:18:07] PRINT Train Epoch: 9 [23040/60000 (38%)]	Loss: 110.512100
[2022-10-19 23:18:07] PRINT Train Epoch: 9 [24320/60000 (41%)]	Loss: 112.951775
[2022-10-19 23:18:07] PRINT Train Epoch: 9 [25600/60000 (43%)]	Loss: 108.930710
[2022-10-19 23:18:07] PRINT Train Epoch: 9 [26880/60000 (45%)]	Loss: 106.253784
[2022-10-19 23:18:07] PRINT Train Epoch: 9 [28160/60000 (47%)]	Loss: 109.362228
[2022-10-19 23:18:07] PRINT Train Epoch: 9 [29440/60000 (49%)]	Loss: 107.341370
[2022-10-19 23:18:08] PRINT Train Epoch: 9 [30720/60000 (51%)]	Loss: 110.628647
[2022-10-19 23:18:08] PRINT Train Epoch: 9 [32000/60000 (53%)]	Loss: 108.551971
[2022-10-19 23:18:08] PRINT Train Epoch: 9 [33280/60000 (55%)]	Loss: 107.612350
[2022-10-19 23:18:08] PRINT Train Epoch: 9 [34560/60000 (58%)]	Loss: 110.579483
[2022-10-19 23:18:08] PRINT Train Epoch: 9 [35840/60000 (60%)]	Loss: 107.906647
[2022-10-19 23:18:08] PRINT Train Epoch: 9 [37120/60000 (62%)]	Loss: 109.629326
[2022-10-19 23:18:08] PRINT Train Epoch: 9 [38400/60000 (64%)]	Loss: 108.759171
[2022-10-19 23:18:08] PRINT Train Epoch: 9 [39680/60000 (66%)]	Loss: 112.745712
[2022-10-19 23:18:08] PRINT Train Epoch: 9 [40960/60000 (68%)]	Loss: 113.091202
[2022-10-19 23:18:08] PRINT Train Epoch: 9 [42240/60000 (70%)]	Loss: 111.021271
[2022-10-19 23:18:09] PRINT Train Epoch: 9 [43520/60000 (72%)]	Loss: 108.758209
[2022-10-19 23:18:09] PRINT Train Epoch: 9 [44800/60000 (75%)]	Loss: 109.260567
[2022-10-19 23:18:09] PRINT Train Epoch: 9 [46080/60000 (77%)]	Loss: 105.889763
[2022-10-19 23:18:09] PRINT Train Epoch: 9 [47360/60000 (79%)]	Loss: 110.713760
[2022-10-19 23:18:09] PRINT Train Epoch: 9 [48640/60000 (81%)]	Loss: 109.058907
[2022-10-19 23:18:09] PRINT Train Epoch: 9 [49920/60000 (83%)]	Loss: 110.875298
[2022-10-19 23:18:09] PRINT Train Epoch: 9 [51200/60000 (85%)]	Loss: 107.397644
[2022-10-19 23:18:09] PRINT Train Epoch: 9 [52480/60000 (87%)]	Loss: 109.000427
[2022-10-19 23:18:09] PRINT Train Epoch: 9 [53760/60000 (90%)]	Loss: 106.905647
[2022-10-19 23:18:10] PRINT Train Epoch: 9 [55040/60000 (92%)]	Loss: 111.257751
[2022-10-19 23:18:10] PRINT Train Epoch: 9 [56320/60000 (94%)]	Loss: 107.346184
[2022-10-19 23:18:10] PRINT Train Epoch: 9 [57600/60000 (96%)]	Loss: 108.048569
[2022-10-19 23:18:10] PRINT Train Epoch: 9 [58880/60000 (98%)]	Loss: 112.881218
[2022-10-19 23:18:10] PRINT ====> Epoch: 9 Average loss: 109.2734
[2022-10-19 23:18:11] PRINT ====> Test set loss: 108.0557
[2022-10-19 23:18:11] PRINT Train Epoch: 10 [0/60000 (0%)]	Loss: 102.569412
[2022-10-19 23:18:11] PRINT Train Epoch: 10 [1280/60000 (2%)]	Loss: 108.943016
[2022-10-19 23:18:11] PRINT Train Epoch: 10 [2560/60000 (4%)]	Loss: 109.058708
[2022-10-19 23:18:11] PRINT Train Epoch: 10 [3840/60000 (6%)]	Loss: 102.563004
[2022-10-19 23:18:11] PRINT Train Epoch: 10 [5120/60000 (9%)]	Loss: 110.389938
[2022-10-19 23:18:11] PRINT Train Epoch: 10 [6400/60000 (11%)]	Loss: 108.396973
[2022-10-19 23:18:12] PRINT Train Epoch: 10 [7680/60000 (13%)]	Loss: 111.416267
[2022-10-19 23:18:12] PRINT Train Epoch: 10 [8960/60000 (15%)]	Loss: 105.992386
[2022-10-19 23:18:12] PRINT Train Epoch: 10 [10240/60000 (17%)]	Loss: 107.698196
[2022-10-19 23:18:12] PRINT Train Epoch: 10 [11520/60000 (19%)]	Loss: 112.230042
[2022-10-19 23:18:12] PRINT Train Epoch: 10 [12800/60000 (21%)]	Loss: 107.647758
[2022-10-19 23:18:12] PRINT Train Epoch: 10 [14080/60000 (23%)]	Loss: 108.012009
[2022-10-19 23:18:12] PRINT Train Epoch: 10 [15360/60000 (26%)]	Loss: 106.013268
[2022-10-19 23:18:12] PRINT Train Epoch: 10 [16640/60000 (28%)]	Loss: 109.873520
[2022-10-19 23:18:12] PRINT Train Epoch: 10 [17920/60000 (30%)]	Loss: 106.390808
[2022-10-19 23:18:12] PRINT Train Epoch: 10 [19200/60000 (32%)]	Loss: 111.600723
[2022-10-19 23:18:13] PRINT Train Epoch: 10 [20480/60000 (34%)]	Loss: 104.061256
[2022-10-19 23:18:13] PRINT Train Epoch: 10 [21760/60000 (36%)]	Loss: 107.068130
[2022-10-19 23:18:13] PRINT Train Epoch: 10 [23040/60000 (38%)]	Loss: 110.744629
[2022-10-19 23:18:13] PRINT Train Epoch: 10 [24320/60000 (41%)]	Loss: 107.397629
[2022-10-19 23:18:13] PRINT Train Epoch: 10 [25600/60000 (43%)]	Loss: 113.509918
[2022-10-19 23:18:13] PRINT Train Epoch: 10 [26880/60000 (45%)]	Loss: 106.645859
[2022-10-19 23:18:13] PRINT Train Epoch: 10 [28160/60000 (47%)]	Loss: 109.633896
[2022-10-19 23:18:13] PRINT Train Epoch: 10 [29440/60000 (49%)]	Loss: 110.322250
[2022-10-19 23:18:13] PRINT Train Epoch: 10 [30720/60000 (51%)]	Loss: 109.801865
[2022-10-19 23:18:14] PRINT Train Epoch: 10 [32000/60000 (53%)]	Loss: 105.809258
[2022-10-19 23:18:14] PRINT Train Epoch: 10 [33280/60000 (55%)]	Loss: 110.025719
[2022-10-19 23:18:14] PRINT Train Epoch: 10 [34560/60000 (58%)]	Loss: 111.872528
[2022-10-19 23:18:14] PRINT Train Epoch: 10 [35840/60000 (60%)]	Loss: 111.195305
[2022-10-19 23:18:14] PRINT Train Epoch: 10 [37120/60000 (62%)]	Loss: 107.239151
[2022-10-19 23:18:14] PRINT Train Epoch: 10 [38400/60000 (64%)]	Loss: 109.069435
[2022-10-19 23:18:14] PRINT Train Epoch: 10 [39680/60000 (66%)]	Loss: 112.411270
[2022-10-19 23:18:14] PRINT Train Epoch: 10 [40960/60000 (68%)]	Loss: 107.510780
[2022-10-19 23:18:14] PRINT Train Epoch: 10 [42240/60000 (70%)]	Loss: 108.475319
[2022-10-19 23:18:14] PRINT Train Epoch: 10 [43520/60000 (72%)]	Loss: 105.502678
[2022-10-19 23:18:15] PRINT Train Epoch: 10 [44800/60000 (75%)]	Loss: 103.977600
[2022-10-19 23:18:15] PRINT Train Epoch: 10 [46080/60000 (77%)]	Loss: 107.969376
[2022-10-19 23:18:15] PRINT Train Epoch: 10 [47360/60000 (79%)]	Loss: 106.327942
[2022-10-19 23:18:15] PRINT Train Epoch: 10 [48640/60000 (81%)]	Loss: 109.298203
[2022-10-19 23:18:15] PRINT Train Epoch: 10 [49920/60000 (83%)]	Loss: 112.536797
[2022-10-19 23:18:15] PRINT Train Epoch: 10 [51200/60000 (85%)]	Loss: 106.998917
[2022-10-19 23:18:15] PRINT Train Epoch: 10 [52480/60000 (87%)]	Loss: 110.576340
[2022-10-19 23:18:15] PRINT Train Epoch: 10 [53760/60000 (90%)]	Loss: 105.733917
[2022-10-19 23:18:15] PRINT Train Epoch: 10 [55040/60000 (92%)]	Loss: 108.272255
[2022-10-19 23:18:15] PRINT Train Epoch: 10 [56320/60000 (94%)]	Loss: 110.770370
[2022-10-19 23:18:16] PRINT Train Epoch: 10 [57600/60000 (96%)]	Loss: 110.016113
[2022-10-19 23:18:16] PRINT Train Epoch: 10 [58880/60000 (98%)]	Loss: 108.586182
[2022-10-19 23:18:16] PRINT ====> Epoch: 10 Average loss: 108.5392
[2022-10-19 23:18:17] PRINT ====> Test set loss: 107.4172
