[2022-10-19 23:38:42] PRINT {'features1': 400, 'features2': 10, 'lr': 0.004226196574047986, 'epsilon': 1e-06}
[2022-10-19 23:38:42] PRINT Using cuda device
[2022-10-19 23:38:43] PRINT Train Epoch: 1 [0/60000 (0%)]	Loss: 551.168335
[2022-10-19 23:38:43] PRINT Train Epoch: 1 [1280/60000 (2%)]	Loss: 222.131927
[2022-10-19 23:38:43] PRINT Train Epoch: 1 [2560/60000 (4%)]	Loss: 207.867722
[2022-10-19 23:38:43] PRINT Train Epoch: 1 [3840/60000 (6%)]	Loss: 198.089828
[2022-10-19 23:38:44] PRINT Train Epoch: 1 [5120/60000 (9%)]	Loss: 190.666336
[2022-10-19 23:38:44] PRINT Train Epoch: 1 [6400/60000 (11%)]	Loss: 191.947250
[2022-10-19 23:38:44] PRINT Train Epoch: 1 [7680/60000 (13%)]	Loss: 178.074646
[2022-10-19 23:38:44] PRINT Train Epoch: 1 [8960/60000 (15%)]	Loss: 169.255157
[2022-10-19 23:38:44] PRINT Train Epoch: 1 [10240/60000 (17%)]	Loss: 160.718185
[2022-10-19 23:38:44] PRINT Train Epoch: 1 [11520/60000 (19%)]	Loss: 153.121490
[2022-10-19 23:38:44] PRINT Train Epoch: 1 [12800/60000 (21%)]	Loss: 146.338333
[2022-10-19 23:38:44] PRINT Train Epoch: 1 [14080/60000 (23%)]	Loss: 141.628540
[2022-10-19 23:38:44] PRINT Train Epoch: 1 [15360/60000 (26%)]	Loss: 138.275879
[2022-10-19 23:38:45] PRINT Train Epoch: 1 [16640/60000 (28%)]	Loss: 136.236298
[2022-10-19 23:38:45] PRINT Train Epoch: 1 [17920/60000 (30%)]	Loss: 133.877594
[2022-10-19 23:38:45] PRINT Train Epoch: 1 [19200/60000 (32%)]	Loss: 142.800568
[2022-10-19 23:38:45] PRINT Train Epoch: 1 [20480/60000 (34%)]	Loss: 141.203949
[2022-10-19 23:38:45] PRINT Train Epoch: 1 [21760/60000 (36%)]	Loss: 136.729706
[2022-10-19 23:38:45] PRINT Train Epoch: 1 [23040/60000 (38%)]	Loss: 134.089996
[2022-10-19 23:38:45] PRINT Train Epoch: 1 [24320/60000 (41%)]	Loss: 132.049393
[2022-10-19 23:38:45] PRINT Train Epoch: 1 [25600/60000 (43%)]	Loss: 132.690536
[2022-10-19 23:38:45] PRINT Train Epoch: 1 [26880/60000 (45%)]	Loss: 129.156158
[2022-10-19 23:38:45] PRINT Train Epoch: 1 [28160/60000 (47%)]	Loss: 129.847717
[2022-10-19 23:38:46] PRINT Train Epoch: 1 [29440/60000 (49%)]	Loss: 131.890869
[2022-10-19 23:38:46] PRINT Train Epoch: 1 [30720/60000 (51%)]	Loss: 133.547836
[2022-10-19 23:38:46] PRINT Train Epoch: 1 [32000/60000 (53%)]	Loss: 120.543045
[2022-10-19 23:38:46] PRINT Train Epoch: 1 [33280/60000 (55%)]	Loss: 125.819702
[2022-10-19 23:38:46] PRINT Train Epoch: 1 [34560/60000 (58%)]	Loss: 127.516838
[2022-10-19 23:38:46] PRINT Train Epoch: 1 [35840/60000 (60%)]	Loss: 120.953804
[2022-10-19 23:38:46] PRINT Train Epoch: 1 [37120/60000 (62%)]	Loss: 125.948235
[2022-10-19 23:38:46] PRINT Train Epoch: 1 [38400/60000 (64%)]	Loss: 124.667191
[2022-10-19 23:38:46] PRINT Train Epoch: 1 [39680/60000 (66%)]	Loss: 125.003174
[2022-10-19 23:38:47] PRINT Train Epoch: 1 [40960/60000 (68%)]	Loss: 128.939133
[2022-10-19 23:38:47] PRINT Train Epoch: 1 [42240/60000 (70%)]	Loss: 123.292244
[2022-10-19 23:38:47] PRINT Train Epoch: 1 [43520/60000 (72%)]	Loss: 127.329025
[2022-10-19 23:38:47] PRINT Train Epoch: 1 [44800/60000 (75%)]	Loss: 121.476776
[2022-10-19 23:38:47] PRINT Train Epoch: 1 [46080/60000 (77%)]	Loss: 121.462814
[2022-10-19 23:38:47] PRINT Train Epoch: 1 [47360/60000 (79%)]	Loss: 122.038177
[2022-10-19 23:38:47] PRINT Train Epoch: 1 [48640/60000 (81%)]	Loss: 121.501205
[2022-10-19 23:38:47] PRINT Train Epoch: 1 [49920/60000 (83%)]	Loss: 124.941360
[2022-10-19 23:38:47] PRINT Train Epoch: 1 [51200/60000 (85%)]	Loss: 123.795166
[2022-10-19 23:38:47] PRINT Train Epoch: 1 [52480/60000 (87%)]	Loss: 125.860588
[2022-10-19 23:38:48] PRINT Train Epoch: 1 [53760/60000 (90%)]	Loss: 126.412216
[2022-10-19 23:38:48] PRINT Train Epoch: 1 [55040/60000 (92%)]	Loss: 118.952103
[2022-10-19 23:38:48] PRINT Train Epoch: 1 [56320/60000 (94%)]	Loss: 118.685211
[2022-10-19 23:38:48] PRINT Train Epoch: 1 [57600/60000 (96%)]	Loss: 124.552628
[2022-10-19 23:38:48] PRINT Train Epoch: 1 [58880/60000 (98%)]	Loss: 114.873474
[2022-10-19 23:38:48] PRINT ====> Epoch: 1 Average loss: 142.3610
[2022-10-19 23:38:49] PRINT ====> Test set loss: 119.9166
[2022-10-19 23:38:49] PRINT Train Epoch: 2 [0/60000 (0%)]	Loss: 129.697861
[2022-10-19 23:38:49] PRINT Train Epoch: 2 [1280/60000 (2%)]	Loss: 123.250992
[2022-10-19 23:38:49] PRINT Train Epoch: 2 [2560/60000 (4%)]	Loss: 124.653854
[2022-10-19 23:38:49] PRINT Train Epoch: 2 [3840/60000 (6%)]	Loss: 116.479980
[2022-10-19 23:38:49] PRINT Train Epoch: 2 [5120/60000 (9%)]	Loss: 120.857201
[2022-10-19 23:38:50] PRINT Train Epoch: 2 [6400/60000 (11%)]	Loss: 117.585114
[2022-10-19 23:38:50] PRINT Train Epoch: 2 [7680/60000 (13%)]	Loss: 121.670090
[2022-10-19 23:38:50] PRINT Train Epoch: 2 [8960/60000 (15%)]	Loss: 121.499672
[2022-10-19 23:38:50] PRINT Train Epoch: 2 [10240/60000 (17%)]	Loss: 125.795540
[2022-10-19 23:38:50] PRINT Train Epoch: 2 [11520/60000 (19%)]	Loss: 118.535904
[2022-10-19 23:38:50] PRINT Train Epoch: 2 [12800/60000 (21%)]	Loss: 125.023056
[2022-10-19 23:38:50] PRINT Train Epoch: 2 [14080/60000 (23%)]	Loss: 116.249207
[2022-10-19 23:38:50] PRINT Train Epoch: 2 [15360/60000 (26%)]	Loss: 121.661255
[2022-10-19 23:38:50] PRINT Train Epoch: 2 [16640/60000 (28%)]	Loss: 119.535858
[2022-10-19 23:38:50] PRINT Train Epoch: 2 [17920/60000 (30%)]	Loss: 119.744408
[2022-10-19 23:38:51] PRINT Train Epoch: 2 [19200/60000 (32%)]	Loss: 118.466873
[2022-10-19 23:38:51] PRINT Train Epoch: 2 [20480/60000 (34%)]	Loss: 116.100700
[2022-10-19 23:38:51] PRINT Train Epoch: 2 [21760/60000 (36%)]	Loss: 118.679115
[2022-10-19 23:38:51] PRINT Train Epoch: 2 [23040/60000 (38%)]	Loss: 125.714409
[2022-10-19 23:38:51] PRINT Train Epoch: 2 [24320/60000 (41%)]	Loss: 114.877831
[2022-10-19 23:38:51] PRINT Train Epoch: 2 [25600/60000 (43%)]	Loss: 120.802666
[2022-10-19 23:38:51] PRINT Train Epoch: 2 [26880/60000 (45%)]	Loss: 117.293900
[2022-10-19 23:38:51] PRINT Train Epoch: 2 [28160/60000 (47%)]	Loss: 122.707550
[2022-10-19 23:38:51] PRINT Train Epoch: 2 [29440/60000 (49%)]	Loss: 118.461319
[2022-10-19 23:38:51] PRINT Train Epoch: 2 [30720/60000 (51%)]	Loss: 112.801277
[2022-10-19 23:38:52] PRINT Train Epoch: 2 [32000/60000 (53%)]	Loss: 120.916397
[2022-10-19 23:38:52] PRINT Train Epoch: 2 [33280/60000 (55%)]	Loss: 117.500648
[2022-10-19 23:38:52] PRINT Train Epoch: 2 [34560/60000 (58%)]	Loss: 117.422958
[2022-10-19 23:38:52] PRINT Train Epoch: 2 [35840/60000 (60%)]	Loss: 125.044945
[2022-10-19 23:38:52] PRINT Train Epoch: 2 [37120/60000 (62%)]	Loss: 119.800957
[2022-10-19 23:38:52] PRINT Train Epoch: 2 [38400/60000 (64%)]	Loss: 127.104271
[2022-10-19 23:38:52] PRINT Train Epoch: 2 [39680/60000 (66%)]	Loss: 120.578194
[2022-10-19 23:38:52] PRINT Train Epoch: 2 [40960/60000 (68%)]	Loss: 111.834290
[2022-10-19 23:38:52] PRINT Train Epoch: 2 [42240/60000 (70%)]	Loss: 118.040054
[2022-10-19 23:38:53] PRINT Train Epoch: 2 [43520/60000 (72%)]	Loss: 118.227859
[2022-10-19 23:38:53] PRINT Train Epoch: 2 [44800/60000 (75%)]	Loss: 119.815865
[2022-10-19 23:38:53] PRINT Train Epoch: 2 [46080/60000 (77%)]	Loss: 117.309036
[2022-10-19 23:38:53] PRINT Train Epoch: 2 [47360/60000 (79%)]	Loss: 116.749825
[2022-10-19 23:38:53] PRINT Train Epoch: 2 [48640/60000 (81%)]	Loss: 115.641678
[2022-10-19 23:38:53] PRINT Train Epoch: 2 [49920/60000 (83%)]	Loss: 119.086395
[2022-10-19 23:38:53] PRINT Train Epoch: 2 [51200/60000 (85%)]	Loss: 117.130112
[2022-10-19 23:38:53] PRINT Train Epoch: 2 [52480/60000 (87%)]	Loss: 122.086563
[2022-10-19 23:38:53] PRINT Train Epoch: 2 [53760/60000 (90%)]	Loss: 114.411804
[2022-10-19 23:38:53] PRINT Train Epoch: 2 [55040/60000 (92%)]	Loss: 115.198837
[2022-10-19 23:38:54] PRINT Train Epoch: 2 [56320/60000 (94%)]	Loss: 113.441360
[2022-10-19 23:38:54] PRINT Train Epoch: 2 [57600/60000 (96%)]	Loss: 118.325798
[2022-10-19 23:38:54] PRINT Train Epoch: 2 [58880/60000 (98%)]	Loss: 115.959045
[2022-10-19 23:38:54] PRINT ====> Epoch: 2 Average loss: 118.3743
[2022-10-19 23:38:55] PRINT ====> Test set loss: 115.5886
[2022-10-19 23:38:55] PRINT Train Epoch: 3 [0/60000 (0%)]	Loss: 119.304779
[2022-10-19 23:38:55] PRINT Train Epoch: 3 [1280/60000 (2%)]	Loss: 115.237083
[2022-10-19 23:38:55] PRINT Train Epoch: 3 [2560/60000 (4%)]	Loss: 110.459831
[2022-10-19 23:38:55] PRINT Train Epoch: 3 [3840/60000 (6%)]	Loss: 116.344864
[2022-10-19 23:38:55] PRINT Train Epoch: 3 [5120/60000 (9%)]	Loss: 117.542076
[2022-10-19 23:38:55] PRINT Train Epoch: 3 [6400/60000 (11%)]	Loss: 115.247665
[2022-10-19 23:38:55] PRINT Train Epoch: 3 [7680/60000 (13%)]	Loss: 111.982605
[2022-10-19 23:38:56] PRINT Train Epoch: 3 [8960/60000 (15%)]	Loss: 113.951004
[2022-10-19 23:38:56] PRINT Train Epoch: 3 [10240/60000 (17%)]	Loss: 115.485489
[2022-10-19 23:38:56] PRINT Train Epoch: 3 [11520/60000 (19%)]	Loss: 116.765350
[2022-10-19 23:38:56] PRINT Train Epoch: 3 [12800/60000 (21%)]	Loss: 116.833160
[2022-10-19 23:38:56] PRINT Train Epoch: 3 [14080/60000 (23%)]	Loss: 118.509354
[2022-10-19 23:38:56] PRINT Train Epoch: 3 [15360/60000 (26%)]	Loss: 114.196640
[2022-10-19 23:38:56] PRINT Train Epoch: 3 [16640/60000 (28%)]	Loss: 119.355072
[2022-10-19 23:38:56] PRINT Train Epoch: 3 [17920/60000 (30%)]	Loss: 112.693726
[2022-10-19 23:38:56] PRINT Train Epoch: 3 [19200/60000 (32%)]	Loss: 113.958572
[2022-10-19 23:38:56] PRINT Train Epoch: 3 [20480/60000 (34%)]	Loss: 113.135551
[2022-10-19 23:38:57] PRINT Train Epoch: 3 [21760/60000 (36%)]	Loss: 114.074966
[2022-10-19 23:38:57] PRINT Train Epoch: 3 [23040/60000 (38%)]	Loss: 117.754715
[2022-10-19 23:38:57] PRINT Train Epoch: 3 [24320/60000 (41%)]	Loss: 110.795715
[2022-10-19 23:38:57] PRINT Train Epoch: 3 [25600/60000 (43%)]	Loss: 112.951630
[2022-10-19 23:38:57] PRINT Train Epoch: 3 [26880/60000 (45%)]	Loss: 118.380081
[2022-10-19 23:38:57] PRINT Train Epoch: 3 [28160/60000 (47%)]	Loss: 114.184692
[2022-10-19 23:38:57] PRINT Train Epoch: 3 [29440/60000 (49%)]	Loss: 117.900818
[2022-10-19 23:38:57] PRINT Train Epoch: 3 [30720/60000 (51%)]	Loss: 118.420944
[2022-10-19 23:38:57] PRINT Train Epoch: 3 [32000/60000 (53%)]	Loss: 117.030052
[2022-10-19 23:38:57] PRINT Train Epoch: 3 [33280/60000 (55%)]	Loss: 112.121758
[2022-10-19 23:38:58] PRINT Train Epoch: 3 [34560/60000 (58%)]	Loss: 113.546844
[2022-10-19 23:38:58] PRINT Train Epoch: 3 [35840/60000 (60%)]	Loss: 110.892532
[2022-10-19 23:38:58] PRINT Train Epoch: 3 [37120/60000 (62%)]	Loss: 119.056541
[2022-10-19 23:38:58] PRINT Train Epoch: 3 [38400/60000 (64%)]	Loss: 115.315315
[2022-10-19 23:38:58] PRINT Train Epoch: 3 [39680/60000 (66%)]	Loss: 115.243645
[2022-10-19 23:38:58] PRINT Train Epoch: 3 [40960/60000 (68%)]	Loss: 115.555756
[2022-10-19 23:38:58] PRINT Train Epoch: 3 [42240/60000 (70%)]	Loss: 116.663895
[2022-10-19 23:38:58] PRINT Train Epoch: 3 [43520/60000 (72%)]	Loss: 118.334961
[2022-10-19 23:38:58] PRINT Train Epoch: 3 [44800/60000 (75%)]	Loss: 115.060669
[2022-10-19 23:38:59] PRINT Train Epoch: 3 [46080/60000 (77%)]	Loss: 112.232834
[2022-10-19 23:38:59] PRINT Train Epoch: 3 [47360/60000 (79%)]	Loss: 109.136093
[2022-10-19 23:38:59] PRINT Train Epoch: 3 [48640/60000 (81%)]	Loss: 113.478561
[2022-10-19 23:38:59] PRINT Train Epoch: 3 [49920/60000 (83%)]	Loss: 119.383408
[2022-10-19 23:38:59] PRINT Train Epoch: 3 [51200/60000 (85%)]	Loss: 115.149673
[2022-10-19 23:38:59] PRINT Train Epoch: 3 [52480/60000 (87%)]	Loss: 115.018265
[2022-10-19 23:38:59] PRINT Train Epoch: 3 [53760/60000 (90%)]	Loss: 115.138496
[2022-10-19 23:38:59] PRINT Train Epoch: 3 [55040/60000 (92%)]	Loss: 113.106796
[2022-10-19 23:38:59] PRINT Train Epoch: 3 [56320/60000 (94%)]	Loss: 112.286285
[2022-10-19 23:38:59] PRINT Train Epoch: 3 [57600/60000 (96%)]	Loss: 116.114944
[2022-10-19 23:39:00] PRINT Train Epoch: 3 [58880/60000 (98%)]	Loss: 115.543091
[2022-10-19 23:39:00] PRINT ====> Epoch: 3 Average loss: 115.3352
[2022-10-19 23:39:01] PRINT ====> Test set loss: 113.6991
[2022-10-19 23:39:01] PRINT Train Epoch: 4 [0/60000 (0%)]	Loss: 116.704727
[2022-10-19 23:39:01] PRINT Train Epoch: 4 [1280/60000 (2%)]	Loss: 116.562431
[2022-10-19 23:39:01] PRINT Train Epoch: 4 [2560/60000 (4%)]	Loss: 106.243065
[2022-10-19 23:39:01] PRINT Train Epoch: 4 [3840/60000 (6%)]	Loss: 117.764214
[2022-10-19 23:39:01] PRINT Train Epoch: 4 [5120/60000 (9%)]	Loss: 114.416519
[2022-10-19 23:39:01] PRINT Train Epoch: 4 [6400/60000 (11%)]	Loss: 118.611404
[2022-10-19 23:39:01] PRINT Train Epoch: 4 [7680/60000 (13%)]	Loss: 117.058403
[2022-10-19 23:39:01] PRINT Train Epoch: 4 [8960/60000 (15%)]	Loss: 109.923897
[2022-10-19 23:39:01] PRINT Train Epoch: 4 [10240/60000 (17%)]	Loss: 112.491081
[2022-10-19 23:39:02] PRINT Train Epoch: 4 [11520/60000 (19%)]	Loss: 116.225601
[2022-10-19 23:39:02] PRINT Train Epoch: 4 [12800/60000 (21%)]	Loss: 113.042831
[2022-10-19 23:39:02] PRINT Train Epoch: 4 [14080/60000 (23%)]	Loss: 118.583405
[2022-10-19 23:39:02] PRINT Train Epoch: 4 [15360/60000 (26%)]	Loss: 111.680038
[2022-10-19 23:39:02] PRINT Train Epoch: 4 [16640/60000 (28%)]	Loss: 110.519745
[2022-10-19 23:39:02] PRINT Train Epoch: 4 [17920/60000 (30%)]	Loss: 109.395409
[2022-10-19 23:39:02] PRINT Train Epoch: 4 [19200/60000 (32%)]	Loss: 113.008881
[2022-10-19 23:39:02] PRINT Train Epoch: 4 [20480/60000 (34%)]	Loss: 115.495102
[2022-10-19 23:39:02] PRINT Train Epoch: 4 [21760/60000 (36%)]	Loss: 117.058289
[2022-10-19 23:39:03] PRINT Train Epoch: 4 [23040/60000 (38%)]	Loss: 114.583984
[2022-10-19 23:39:03] PRINT Train Epoch: 4 [24320/60000 (41%)]	Loss: 110.329330
[2022-10-19 23:39:03] PRINT Train Epoch: 4 [25600/60000 (43%)]	Loss: 116.799767
[2022-10-19 23:39:03] PRINT Train Epoch: 4 [26880/60000 (45%)]	Loss: 112.404099
[2022-10-19 23:39:03] PRINT Train Epoch: 4 [28160/60000 (47%)]	Loss: 111.344849
[2022-10-19 23:39:03] PRINT Train Epoch: 4 [29440/60000 (49%)]	Loss: 111.599777
[2022-10-19 23:39:03] PRINT Train Epoch: 4 [30720/60000 (51%)]	Loss: 111.143738
[2022-10-19 23:39:03] PRINT Train Epoch: 4 [32000/60000 (53%)]	Loss: 112.699020
[2022-10-19 23:39:03] PRINT Train Epoch: 4 [33280/60000 (55%)]	Loss: 114.549194
[2022-10-19 23:39:03] PRINT Train Epoch: 4 [34560/60000 (58%)]	Loss: 117.201019
[2022-10-19 23:39:04] PRINT Train Epoch: 4 [35840/60000 (60%)]	Loss: 116.593315
[2022-10-19 23:39:04] PRINT Train Epoch: 4 [37120/60000 (62%)]	Loss: 113.416412
[2022-10-19 23:39:04] PRINT Train Epoch: 4 [38400/60000 (64%)]	Loss: 109.424042
[2022-10-19 23:39:04] PRINT Train Epoch: 4 [39680/60000 (66%)]	Loss: 112.412941
[2022-10-19 23:39:04] PRINT Train Epoch: 4 [40960/60000 (68%)]	Loss: 113.019669
[2022-10-19 23:39:04] PRINT Train Epoch: 4 [42240/60000 (70%)]	Loss: 116.718674
[2022-10-19 23:39:04] PRINT Train Epoch: 4 [43520/60000 (72%)]	Loss: 117.051132
[2022-10-19 23:39:04] PRINT Train Epoch: 4 [44800/60000 (75%)]	Loss: 112.918922
[2022-10-19 23:39:04] PRINT Train Epoch: 4 [46080/60000 (77%)]	Loss: 111.707901
[2022-10-19 23:39:04] PRINT Train Epoch: 4 [47360/60000 (79%)]	Loss: 114.768501
[2022-10-19 23:39:05] PRINT Train Epoch: 4 [48640/60000 (81%)]	Loss: 110.475586
[2022-10-19 23:39:05] PRINT Train Epoch: 4 [49920/60000 (83%)]	Loss: 110.551659
[2022-10-19 23:39:05] PRINT Train Epoch: 4 [51200/60000 (85%)]	Loss: 109.989120
[2022-10-19 23:39:05] PRINT Train Epoch: 4 [52480/60000 (87%)]	Loss: 117.976341
[2022-10-19 23:39:05] PRINT Train Epoch: 4 [53760/60000 (90%)]	Loss: 109.600159
[2022-10-19 23:39:05] PRINT Train Epoch: 4 [55040/60000 (92%)]	Loss: 109.341614
[2022-10-19 23:39:05] PRINT Train Epoch: 4 [56320/60000 (94%)]	Loss: 115.312111
[2022-10-19 23:39:05] PRINT Train Epoch: 4 [57600/60000 (96%)]	Loss: 112.639572
[2022-10-19 23:39:05] PRINT Train Epoch: 4 [58880/60000 (98%)]	Loss: 116.112160
[2022-10-19 23:39:06] PRINT ====> Epoch: 4 Average loss: 113.6153
[2022-10-19 23:39:06] PRINT ====> Test set loss: 112.3334
[2022-10-19 23:39:06] PRINT Train Epoch: 5 [0/60000 (0%)]	Loss: 114.037575
[2022-10-19 23:39:07] PRINT Train Epoch: 5 [1280/60000 (2%)]	Loss: 112.433960
[2022-10-19 23:39:07] PRINT Train Epoch: 5 [2560/60000 (4%)]	Loss: 111.847122
[2022-10-19 23:39:07] PRINT Train Epoch: 5 [3840/60000 (6%)]	Loss: 109.657768
[2022-10-19 23:39:07] PRINT Train Epoch: 5 [5120/60000 (9%)]	Loss: 107.171761
[2022-10-19 23:39:07] PRINT Train Epoch: 5 [6400/60000 (11%)]	Loss: 117.401871
[2022-10-19 23:39:07] PRINT Train Epoch: 5 [7680/60000 (13%)]	Loss: 115.475342
[2022-10-19 23:39:07] PRINT Train Epoch: 5 [8960/60000 (15%)]	Loss: 112.389740
[2022-10-19 23:39:07] PRINT Train Epoch: 5 [10240/60000 (17%)]	Loss: 112.633148
[2022-10-19 23:39:07] PRINT Train Epoch: 5 [11520/60000 (19%)]	Loss: 109.936661
[2022-10-19 23:39:07] PRINT Train Epoch: 5 [12800/60000 (21%)]	Loss: 107.565201
[2022-10-19 23:39:08] PRINT Train Epoch: 5 [14080/60000 (23%)]	Loss: 105.307915
[2022-10-19 23:39:08] PRINT Train Epoch: 5 [15360/60000 (26%)]	Loss: 116.886292
[2022-10-19 23:39:08] PRINT Train Epoch: 5 [16640/60000 (28%)]	Loss: 111.099663
[2022-10-19 23:39:08] PRINT Train Epoch: 5 [17920/60000 (30%)]	Loss: 110.722107
[2022-10-19 23:39:08] PRINT Train Epoch: 5 [19200/60000 (32%)]	Loss: 111.795502
[2022-10-19 23:39:08] PRINT Train Epoch: 5 [20480/60000 (34%)]	Loss: 109.670975
[2022-10-19 23:39:08] PRINT Train Epoch: 5 [21760/60000 (36%)]	Loss: 111.628029
[2022-10-19 23:39:08] PRINT Train Epoch: 5 [23040/60000 (38%)]	Loss: 116.304207
[2022-10-19 23:39:08] PRINT Train Epoch: 5 [24320/60000 (41%)]	Loss: 113.817635
[2022-10-19 23:39:09] PRINT Train Epoch: 5 [25600/60000 (43%)]	Loss: 112.155167
[2022-10-19 23:39:09] PRINT Train Epoch: 5 [26880/60000 (45%)]	Loss: 112.845497
[2022-10-19 23:39:09] PRINT Train Epoch: 5 [28160/60000 (47%)]	Loss: 113.097343
[2022-10-19 23:39:09] PRINT Train Epoch: 5 [29440/60000 (49%)]	Loss: 116.148026
[2022-10-19 23:39:09] PRINT Train Epoch: 5 [30720/60000 (51%)]	Loss: 115.272690
[2022-10-19 23:39:09] PRINT Train Epoch: 5 [32000/60000 (53%)]	Loss: 109.872757
[2022-10-19 23:39:09] PRINT Train Epoch: 5 [33280/60000 (55%)]	Loss: 114.143684
[2022-10-19 23:39:09] PRINT Train Epoch: 5 [34560/60000 (58%)]	Loss: 115.721558
[2022-10-19 23:39:09] PRINT Train Epoch: 5 [35840/60000 (60%)]	Loss: 111.951172
[2022-10-19 23:39:09] PRINT Train Epoch: 5 [37120/60000 (62%)]	Loss: 114.152618
[2022-10-19 23:39:10] PRINT Train Epoch: 5 [38400/60000 (64%)]	Loss: 111.382317
[2022-10-19 23:39:10] PRINT Train Epoch: 5 [39680/60000 (66%)]	Loss: 110.468445
[2022-10-19 23:39:10] PRINT Train Epoch: 5 [40960/60000 (68%)]	Loss: 111.570244
[2022-10-19 23:39:10] PRINT Train Epoch: 5 [42240/60000 (70%)]	Loss: 120.747177
[2022-10-19 23:39:10] PRINT Train Epoch: 5 [43520/60000 (72%)]	Loss: 113.909073
[2022-10-19 23:39:10] PRINT Train Epoch: 5 [44800/60000 (75%)]	Loss: 112.965973
[2022-10-19 23:39:10] PRINT Train Epoch: 5 [46080/60000 (77%)]	Loss: 108.904480
[2022-10-19 23:39:10] PRINT Train Epoch: 5 [47360/60000 (79%)]	Loss: 108.037262
[2022-10-19 23:39:10] PRINT Train Epoch: 5 [48640/60000 (81%)]	Loss: 111.789627
[2022-10-19 23:39:11] PRINT Train Epoch: 5 [49920/60000 (83%)]	Loss: 108.984192
[2022-10-19 23:39:11] PRINT Train Epoch: 5 [51200/60000 (85%)]	Loss: 112.718521
[2022-10-19 23:39:11] PRINT Train Epoch: 5 [52480/60000 (87%)]	Loss: 113.846138
[2022-10-19 23:39:11] PRINT Train Epoch: 5 [53760/60000 (90%)]	Loss: 111.229050
[2022-10-19 23:39:11] PRINT Train Epoch: 5 [55040/60000 (92%)]	Loss: 110.222595
[2022-10-19 23:39:11] PRINT Train Epoch: 5 [56320/60000 (94%)]	Loss: 115.370117
[2022-10-19 23:39:11] PRINT Train Epoch: 5 [57600/60000 (96%)]	Loss: 113.193588
[2022-10-19 23:39:11] PRINT Train Epoch: 5 [58880/60000 (98%)]	Loss: 114.278358
[2022-10-19 23:39:11] PRINT ====> Epoch: 5 Average loss: 112.4642
[2022-10-19 23:39:12] PRINT ====> Test set loss: 111.6979
[2022-10-19 23:39:12] PRINT Train Epoch: 6 [0/60000 (0%)]	Loss: 112.882706
[2022-10-19 23:39:12] PRINT Train Epoch: 6 [1280/60000 (2%)]	Loss: 107.707832
[2022-10-19 23:39:13] PRINT Train Epoch: 6 [2560/60000 (4%)]	Loss: 107.979416
[2022-10-19 23:39:13] PRINT Train Epoch: 6 [3840/60000 (6%)]	Loss: 109.733536
[2022-10-19 23:39:13] PRINT Train Epoch: 6 [5120/60000 (9%)]	Loss: 115.420807
[2022-10-19 23:39:13] PRINT Train Epoch: 6 [6400/60000 (11%)]	Loss: 109.921783
[2022-10-19 23:39:13] PRINT Train Epoch: 6 [7680/60000 (13%)]	Loss: 113.307190
[2022-10-19 23:39:13] PRINT Train Epoch: 6 [8960/60000 (15%)]	Loss: 109.488785
[2022-10-19 23:39:13] PRINT Train Epoch: 6 [10240/60000 (17%)]	Loss: 111.751671
[2022-10-19 23:39:13] PRINT Train Epoch: 6 [11520/60000 (19%)]	Loss: 113.936829
[2022-10-19 23:39:13] PRINT Train Epoch: 6 [12800/60000 (21%)]	Loss: 108.756401
[2022-10-19 23:39:13] PRINT Train Epoch: 6 [14080/60000 (23%)]	Loss: 109.402130
[2022-10-19 23:39:14] PRINT Train Epoch: 6 [15360/60000 (26%)]	Loss: 106.942825
[2022-10-19 23:39:14] PRINT Train Epoch: 6 [16640/60000 (28%)]	Loss: 112.344254
[2022-10-19 23:39:14] PRINT Train Epoch: 6 [17920/60000 (30%)]	Loss: 113.601814
[2022-10-19 23:39:14] PRINT Train Epoch: 6 [19200/60000 (32%)]	Loss: 110.830185
[2022-10-19 23:39:14] PRINT Train Epoch: 6 [20480/60000 (34%)]	Loss: 109.602280
[2022-10-19 23:39:14] PRINT Train Epoch: 6 [21760/60000 (36%)]	Loss: 110.551529
[2022-10-19 23:39:14] PRINT Train Epoch: 6 [23040/60000 (38%)]	Loss: 116.138565
[2022-10-19 23:39:14] PRINT Train Epoch: 6 [24320/60000 (41%)]	Loss: 106.142944
[2022-10-19 23:39:14] PRINT Train Epoch: 6 [25600/60000 (43%)]	Loss: 111.759102
[2022-10-19 23:39:14] PRINT Train Epoch: 6 [26880/60000 (45%)]	Loss: 110.550621
[2022-10-19 23:39:15] PRINT Train Epoch: 6 [28160/60000 (47%)]	Loss: 108.763504
[2022-10-19 23:39:15] PRINT Train Epoch: 6 [29440/60000 (49%)]	Loss: 113.381203
[2022-10-19 23:39:15] PRINT Train Epoch: 6 [30720/60000 (51%)]	Loss: 107.559906
[2022-10-19 23:39:15] PRINT Train Epoch: 6 [32000/60000 (53%)]	Loss: 112.266647
[2022-10-19 23:39:15] PRINT Train Epoch: 6 [33280/60000 (55%)]	Loss: 109.924400
[2022-10-19 23:39:15] PRINT Train Epoch: 6 [34560/60000 (58%)]	Loss: 113.976341
[2022-10-19 23:39:15] PRINT Train Epoch: 6 [35840/60000 (60%)]	Loss: 110.336670
[2022-10-19 23:39:15] PRINT Train Epoch: 6 [37120/60000 (62%)]	Loss: 113.474091
[2022-10-19 23:39:15] PRINT Train Epoch: 6 [38400/60000 (64%)]	Loss: 113.413307
[2022-10-19 23:39:16] PRINT Train Epoch: 6 [39680/60000 (66%)]	Loss: 107.673599
[2022-10-19 23:39:16] PRINT Train Epoch: 6 [40960/60000 (68%)]	Loss: 113.846657
[2022-10-19 23:39:16] PRINT Train Epoch: 6 [42240/60000 (70%)]	Loss: 111.746674
[2022-10-19 23:39:16] PRINT Train Epoch: 6 [43520/60000 (72%)]	Loss: 111.971138
[2022-10-19 23:39:16] PRINT Train Epoch: 6 [44800/60000 (75%)]	Loss: 108.197716
[2022-10-19 23:39:16] PRINT Train Epoch: 6 [46080/60000 (77%)]	Loss: 104.689285
[2022-10-19 23:39:16] PRINT Train Epoch: 6 [47360/60000 (79%)]	Loss: 111.816322
[2022-10-19 23:39:16] PRINT Train Epoch: 6 [48640/60000 (81%)]	Loss: 111.202637
[2022-10-19 23:39:16] PRINT Train Epoch: 6 [49920/60000 (83%)]	Loss: 110.456696
[2022-10-19 23:39:17] PRINT Train Epoch: 6 [51200/60000 (85%)]	Loss: 114.270821
[2022-10-19 23:39:17] PRINT Train Epoch: 6 [52480/60000 (87%)]	Loss: 111.981262
[2022-10-19 23:39:17] PRINT Train Epoch: 6 [53760/60000 (90%)]	Loss: 112.005768
[2022-10-19 23:39:17] PRINT Train Epoch: 6 [55040/60000 (92%)]	Loss: 110.186935
[2022-10-19 23:39:17] PRINT Train Epoch: 6 [56320/60000 (94%)]	Loss: 110.101280
[2022-10-19 23:39:17] PRINT Train Epoch: 6 [57600/60000 (96%)]	Loss: 114.702072
[2022-10-19 23:39:17] PRINT Train Epoch: 6 [58880/60000 (98%)]	Loss: 113.878899
[2022-10-19 23:39:17] PRINT ====> Epoch: 6 Average loss: 111.6215
[2022-10-19 23:39:18] PRINT ====> Test set loss: 110.4762
[2022-10-19 23:39:18] PRINT Train Epoch: 7 [0/60000 (0%)]	Loss: 105.681190
[2022-10-19 23:39:18] PRINT Train Epoch: 7 [1280/60000 (2%)]	Loss: 112.086876
[2022-10-19 23:39:18] PRINT Train Epoch: 7 [2560/60000 (4%)]	Loss: 110.732872
[2022-10-19 23:39:18] PRINT Train Epoch: 7 [3840/60000 (6%)]	Loss: 111.325737
[2022-10-19 23:39:19] PRINT Train Epoch: 7 [5120/60000 (9%)]	Loss: 109.321999
[2022-10-19 23:39:19] PRINT Train Epoch: 7 [6400/60000 (11%)]	Loss: 109.091278
[2022-10-19 23:39:19] PRINT Train Epoch: 7 [7680/60000 (13%)]	Loss: 114.761177
[2022-10-19 23:39:19] PRINT Train Epoch: 7 [8960/60000 (15%)]	Loss: 113.703827
[2022-10-19 23:39:19] PRINT Train Epoch: 7 [10240/60000 (17%)]	Loss: 106.518616
[2022-10-19 23:39:19] PRINT Train Epoch: 7 [11520/60000 (19%)]	Loss: 112.633392
[2022-10-19 23:39:19] PRINT Train Epoch: 7 [12800/60000 (21%)]	Loss: 110.411224
[2022-10-19 23:39:19] PRINT Train Epoch: 7 [14080/60000 (23%)]	Loss: 114.866486
[2022-10-19 23:39:19] PRINT Train Epoch: 7 [15360/60000 (26%)]	Loss: 109.090759
[2022-10-19 23:39:19] PRINT Train Epoch: 7 [16640/60000 (28%)]	Loss: 112.960716
[2022-10-19 23:39:20] PRINT Train Epoch: 7 [17920/60000 (30%)]	Loss: 112.012367
[2022-10-19 23:39:20] PRINT Train Epoch: 7 [19200/60000 (32%)]	Loss: 109.578201
[2022-10-19 23:39:20] PRINT Train Epoch: 7 [20480/60000 (34%)]	Loss: 110.734932
[2022-10-19 23:39:20] PRINT Train Epoch: 7 [21760/60000 (36%)]	Loss: 112.865219
[2022-10-19 23:39:20] PRINT Train Epoch: 7 [23040/60000 (38%)]	Loss: 113.266685
[2022-10-19 23:39:20] PRINT Train Epoch: 7 [24320/60000 (41%)]	Loss: 111.586716
[2022-10-19 23:39:20] PRINT Train Epoch: 7 [25600/60000 (43%)]	Loss: 110.065186
[2022-10-19 23:39:20] PRINT Train Epoch: 7 [26880/60000 (45%)]	Loss: 114.558441
[2022-10-19 23:39:20] PRINT Train Epoch: 7 [28160/60000 (47%)]	Loss: 108.983505
[2022-10-19 23:39:20] PRINT Train Epoch: 7 [29440/60000 (49%)]	Loss: 107.789558
[2022-10-19 23:39:21] PRINT Train Epoch: 7 [30720/60000 (51%)]	Loss: 111.848694
[2022-10-19 23:39:21] PRINT Train Epoch: 7 [32000/60000 (53%)]	Loss: 114.125740
[2022-10-19 23:39:21] PRINT Train Epoch: 7 [33280/60000 (55%)]	Loss: 112.618103
[2022-10-19 23:39:21] PRINT Train Epoch: 7 [34560/60000 (58%)]	Loss: 112.589462
[2022-10-19 23:39:21] PRINT Train Epoch: 7 [35840/60000 (60%)]	Loss: 112.373001
[2022-10-19 23:39:21] PRINT Train Epoch: 7 [37120/60000 (62%)]	Loss: 111.382240
[2022-10-19 23:39:21] PRINT Train Epoch: 7 [38400/60000 (64%)]	Loss: 111.696777
[2022-10-19 23:39:21] PRINT Train Epoch: 7 [39680/60000 (66%)]	Loss: 110.007599
[2022-10-19 23:39:21] PRINT Train Epoch: 7 [40960/60000 (68%)]	Loss: 113.672897
[2022-10-19 23:39:22] PRINT Train Epoch: 7 [42240/60000 (70%)]	Loss: 112.197906
[2022-10-19 23:39:22] PRINT Train Epoch: 7 [43520/60000 (72%)]	Loss: 109.370468
[2022-10-19 23:39:22] PRINT Train Epoch: 7 [44800/60000 (75%)]	Loss: 110.607704
[2022-10-19 23:39:22] PRINT Train Epoch: 7 [46080/60000 (77%)]	Loss: 113.718796
[2022-10-19 23:39:22] PRINT Train Epoch: 7 [47360/60000 (79%)]	Loss: 109.087227
[2022-10-19 23:39:22] PRINT Train Epoch: 7 [48640/60000 (81%)]	Loss: 108.335861
[2022-10-19 23:39:22] PRINT Train Epoch: 7 [49920/60000 (83%)]	Loss: 110.135620
[2022-10-19 23:39:22] PRINT Train Epoch: 7 [51200/60000 (85%)]	Loss: 108.204498
[2022-10-19 23:39:22] PRINT Train Epoch: 7 [52480/60000 (87%)]	Loss: 116.359520
[2022-10-19 23:39:22] PRINT Train Epoch: 7 [53760/60000 (90%)]	Loss: 107.515427
[2022-10-19 23:39:23] PRINT Train Epoch: 7 [55040/60000 (92%)]	Loss: 113.311737
[2022-10-19 23:39:23] PRINT Train Epoch: 7 [56320/60000 (94%)]	Loss: 115.609222
[2022-10-19 23:39:23] PRINT Train Epoch: 7 [57600/60000 (96%)]	Loss: 111.096100
[2022-10-19 23:39:23] PRINT Train Epoch: 7 [58880/60000 (98%)]	Loss: 115.003471
[2022-10-19 23:39:23] PRINT ====> Epoch: 7 Average loss: 110.9554
[2022-10-19 23:39:24] PRINT ====> Test set loss: 110.4112
[2022-10-19 23:39:24] PRINT Train Epoch: 8 [0/60000 (0%)]	Loss: 112.445908
[2022-10-19 23:39:24] PRINT Train Epoch: 8 [1280/60000 (2%)]	Loss: 115.401718
[2022-10-19 23:39:24] PRINT Train Epoch: 8 [2560/60000 (4%)]	Loss: 108.684311
[2022-10-19 23:39:24] PRINT Train Epoch: 8 [3840/60000 (6%)]	Loss: 110.263031
[2022-10-19 23:39:24] PRINT Train Epoch: 8 [5120/60000 (9%)]	Loss: 113.977234
[2022-10-19 23:39:24] PRINT Train Epoch: 8 [6400/60000 (11%)]	Loss: 105.440781
[2022-10-19 23:39:24] PRINT Train Epoch: 8 [7680/60000 (13%)]	Loss: 113.934334
[2022-10-19 23:39:25] PRINT Train Epoch: 8 [8960/60000 (15%)]	Loss: 114.568100
[2022-10-19 23:39:25] PRINT Train Epoch: 8 [10240/60000 (17%)]	Loss: 109.185989
[2022-10-19 23:39:25] PRINT Train Epoch: 8 [11520/60000 (19%)]	Loss: 107.950104
[2022-10-19 23:39:25] PRINT Train Epoch: 8 [12800/60000 (21%)]	Loss: 105.419014
[2022-10-19 23:39:25] PRINT Train Epoch: 8 [14080/60000 (23%)]	Loss: 110.711456
[2022-10-19 23:39:25] PRINT Train Epoch: 8 [15360/60000 (26%)]	Loss: 112.886826
[2022-10-19 23:39:25] PRINT Train Epoch: 8 [16640/60000 (28%)]	Loss: 109.004333
[2022-10-19 23:39:25] PRINT Train Epoch: 8 [17920/60000 (30%)]	Loss: 112.027512
[2022-10-19 23:39:25] PRINT Train Epoch: 8 [19200/60000 (32%)]	Loss: 112.921371
[2022-10-19 23:39:25] PRINT Train Epoch: 8 [20480/60000 (34%)]	Loss: 110.842026
[2022-10-19 23:39:26] PRINT Train Epoch: 8 [21760/60000 (36%)]	Loss: 110.388107
[2022-10-19 23:39:26] PRINT Train Epoch: 8 [23040/60000 (38%)]	Loss: 111.083542
[2022-10-19 23:39:26] PRINT Train Epoch: 8 [24320/60000 (41%)]	Loss: 112.651588
[2022-10-19 23:39:26] PRINT Train Epoch: 8 [25600/60000 (43%)]	Loss: 113.280777
[2022-10-19 23:39:26] PRINT Train Epoch: 8 [26880/60000 (45%)]	Loss: 112.674881
[2022-10-19 23:39:26] PRINT Train Epoch: 8 [28160/60000 (47%)]	Loss: 108.083679
[2022-10-19 23:39:26] PRINT Train Epoch: 8 [29440/60000 (49%)]	Loss: 110.585953
[2022-10-19 23:39:26] PRINT Train Epoch: 8 [30720/60000 (51%)]	Loss: 105.060219
[2022-10-19 23:39:26] PRINT Train Epoch: 8 [32000/60000 (53%)]	Loss: 108.022110
[2022-10-19 23:39:27] PRINT Train Epoch: 8 [33280/60000 (55%)]	Loss: 111.658173
[2022-10-19 23:39:27] PRINT Train Epoch: 8 [34560/60000 (58%)]	Loss: 108.324364
[2022-10-19 23:39:27] PRINT Train Epoch: 8 [35840/60000 (60%)]	Loss: 110.609955
[2022-10-19 23:39:27] PRINT Train Epoch: 8 [37120/60000 (62%)]	Loss: 106.185059
[2022-10-19 23:39:27] PRINT Train Epoch: 8 [38400/60000 (64%)]	Loss: 106.371254
[2022-10-19 23:39:27] PRINT Train Epoch: 8 [39680/60000 (66%)]	Loss: 109.527802
[2022-10-19 23:39:27] PRINT Train Epoch: 8 [40960/60000 (68%)]	Loss: 113.469955
[2022-10-19 23:39:27] PRINT Train Epoch: 8 [42240/60000 (70%)]	Loss: 110.483047
[2022-10-19 23:39:27] PRINT Train Epoch: 8 [43520/60000 (72%)]	Loss: 108.374329
[2022-10-19 23:39:28] PRINT Train Epoch: 8 [44800/60000 (75%)]	Loss: 111.151466
[2022-10-19 23:39:28] PRINT Train Epoch: 8 [46080/60000 (77%)]	Loss: 114.854729
[2022-10-19 23:39:28] PRINT Train Epoch: 8 [47360/60000 (79%)]	Loss: 111.425255
[2022-10-19 23:39:28] PRINT Train Epoch: 8 [48640/60000 (81%)]	Loss: 105.480385
[2022-10-19 23:39:28] PRINT Train Epoch: 8 [49920/60000 (83%)]	Loss: 110.485931
[2022-10-19 23:39:28] PRINT Train Epoch: 8 [51200/60000 (85%)]	Loss: 108.250130
[2022-10-19 23:39:28] PRINT Train Epoch: 8 [52480/60000 (87%)]	Loss: 110.433189
[2022-10-19 23:39:28] PRINT Train Epoch: 8 [53760/60000 (90%)]	Loss: 111.105667
[2022-10-19 23:39:28] PRINT Train Epoch: 8 [55040/60000 (92%)]	Loss: 113.282318
[2022-10-19 23:39:28] PRINT Train Epoch: 8 [56320/60000 (94%)]	Loss: 105.785980
[2022-10-19 23:39:29] PRINT Train Epoch: 8 [57600/60000 (96%)]	Loss: 111.101669
[2022-10-19 23:39:29] PRINT Train Epoch: 8 [58880/60000 (98%)]	Loss: 113.153847
[2022-10-19 23:39:29] PRINT ====> Epoch: 8 Average loss: 110.3222
[2022-10-19 23:39:30] PRINT ====> Test set loss: 109.8541
[2022-10-19 23:39:30] PRINT Train Epoch: 9 [0/60000 (0%)]	Loss: 111.141197
[2022-10-19 23:39:30] PRINT Train Epoch: 9 [1280/60000 (2%)]	Loss: 106.816101
[2022-10-19 23:39:30] PRINT Train Epoch: 9 [2560/60000 (4%)]	Loss: 110.462585
[2022-10-19 23:39:30] PRINT Train Epoch: 9 [3840/60000 (6%)]	Loss: 112.206284
[2022-10-19 23:39:30] PRINT Train Epoch: 9 [5120/60000 (9%)]	Loss: 104.898682
[2022-10-19 23:39:30] PRINT Train Epoch: 9 [6400/60000 (11%)]	Loss: 111.395042
[2022-10-19 23:39:30] PRINT Train Epoch: 9 [7680/60000 (13%)]	Loss: 111.510345
[2022-10-19 23:39:30] PRINT Train Epoch: 9 [8960/60000 (15%)]	Loss: 107.301308
[2022-10-19 23:39:30] PRINT Train Epoch: 9 [10240/60000 (17%)]	Loss: 110.115189
[2022-10-19 23:39:31] PRINT Train Epoch: 9 [11520/60000 (19%)]	Loss: 111.527710
[2022-10-19 23:39:31] PRINT Train Epoch: 9 [12800/60000 (21%)]	Loss: 112.003029
[2022-10-19 23:39:31] PRINT Train Epoch: 9 [14080/60000 (23%)]	Loss: 112.730385
[2022-10-19 23:39:31] PRINT Train Epoch: 9 [15360/60000 (26%)]	Loss: 105.614342
[2022-10-19 23:39:31] PRINT Train Epoch: 9 [16640/60000 (28%)]	Loss: 108.704460
[2022-10-19 23:39:31] PRINT Train Epoch: 9 [17920/60000 (30%)]	Loss: 106.181755
[2022-10-19 23:39:31] PRINT Train Epoch: 9 [19200/60000 (32%)]	Loss: 107.234222
[2022-10-19 23:39:31] PRINT Train Epoch: 9 [20480/60000 (34%)]	Loss: 114.890297
[2022-10-19 23:39:31] PRINT Train Epoch: 9 [21760/60000 (36%)]	Loss: 110.239059
[2022-10-19 23:39:32] PRINT Train Epoch: 9 [23040/60000 (38%)]	Loss: 110.701096
[2022-10-19 23:39:32] PRINT Train Epoch: 9 [24320/60000 (41%)]	Loss: 110.691010
[2022-10-19 23:39:32] PRINT Train Epoch: 9 [25600/60000 (43%)]	Loss: 108.699875
[2022-10-19 23:39:32] PRINT Train Epoch: 9 [26880/60000 (45%)]	Loss: 112.324020
[2022-10-19 23:39:32] PRINT Train Epoch: 9 [28160/60000 (47%)]	Loss: 109.615044
[2022-10-19 23:39:32] PRINT Train Epoch: 9 [29440/60000 (49%)]	Loss: 107.463440
[2022-10-19 23:39:32] PRINT Train Epoch: 9 [30720/60000 (51%)]	Loss: 106.507477
[2022-10-19 23:39:32] PRINT Train Epoch: 9 [32000/60000 (53%)]	Loss: 110.105598
[2022-10-19 23:39:32] PRINT Train Epoch: 9 [33280/60000 (55%)]	Loss: 111.819061
[2022-10-19 23:39:32] PRINT Train Epoch: 9 [34560/60000 (58%)]	Loss: 109.258759
[2022-10-19 23:39:33] PRINT Train Epoch: 9 [35840/60000 (60%)]	Loss: 114.434265
[2022-10-19 23:39:33] PRINT Train Epoch: 9 [37120/60000 (62%)]	Loss: 110.598984
[2022-10-19 23:39:33] PRINT Train Epoch: 9 [38400/60000 (64%)]	Loss: 107.092682
[2022-10-19 23:39:33] PRINT Train Epoch: 9 [39680/60000 (66%)]	Loss: 106.006714
[2022-10-19 23:39:33] PRINT Train Epoch: 9 [40960/60000 (68%)]	Loss: 107.289879
[2022-10-19 23:39:33] PRINT Train Epoch: 9 [42240/60000 (70%)]	Loss: 106.711929
[2022-10-19 23:39:33] PRINT Train Epoch: 9 [43520/60000 (72%)]	Loss: 111.256645
[2022-10-19 23:39:33] PRINT Train Epoch: 9 [44800/60000 (75%)]	Loss: 109.995110
[2022-10-19 23:39:33] PRINT Train Epoch: 9 [46080/60000 (77%)]	Loss: 105.365494
[2022-10-19 23:39:34] PRINT Train Epoch: 9 [47360/60000 (79%)]	Loss: 106.227104
[2022-10-19 23:39:34] PRINT Train Epoch: 9 [48640/60000 (81%)]	Loss: 111.724960
[2022-10-19 23:39:34] PRINT Train Epoch: 9 [49920/60000 (83%)]	Loss: 111.726959
[2022-10-19 23:39:34] PRINT Train Epoch: 9 [51200/60000 (85%)]	Loss: 109.249634
[2022-10-19 23:39:34] PRINT Train Epoch: 9 [52480/60000 (87%)]	Loss: 107.695511
[2022-10-19 23:39:34] PRINT Train Epoch: 9 [53760/60000 (90%)]	Loss: 107.297424
[2022-10-19 23:39:34] PRINT Train Epoch: 9 [55040/60000 (92%)]	Loss: 109.953018
[2022-10-19 23:39:34] PRINT Train Epoch: 9 [56320/60000 (94%)]	Loss: 108.019585
[2022-10-19 23:39:34] PRINT Train Epoch: 9 [57600/60000 (96%)]	Loss: 108.819443
[2022-10-19 23:39:35] PRINT Train Epoch: 9 [58880/60000 (98%)]	Loss: 114.917511
[2022-10-19 23:39:35] PRINT ====> Epoch: 9 Average loss: 109.9104
[2022-10-19 23:39:35] PRINT ====> Test set loss: 109.4844
[2022-10-19 23:39:36] PRINT Train Epoch: 10 [0/60000 (0%)]	Loss: 106.925453
[2022-10-19 23:39:36] PRINT Train Epoch: 10 [1280/60000 (2%)]	Loss: 112.322563
[2022-10-19 23:39:36] PRINT Train Epoch: 10 [2560/60000 (4%)]	Loss: 109.621384
[2022-10-19 23:39:36] PRINT Train Epoch: 10 [3840/60000 (6%)]	Loss: 111.075989
[2022-10-19 23:39:36] PRINT Train Epoch: 10 [5120/60000 (9%)]	Loss: 109.457077
[2022-10-19 23:39:36] PRINT Train Epoch: 10 [6400/60000 (11%)]	Loss: 107.417084
[2022-10-19 23:39:36] PRINT Train Epoch: 10 [7680/60000 (13%)]	Loss: 106.166100
[2022-10-19 23:39:36] PRINT Train Epoch: 10 [8960/60000 (15%)]	Loss: 112.763870
[2022-10-19 23:39:36] PRINT Train Epoch: 10 [10240/60000 (17%)]	Loss: 108.063866
[2022-10-19 23:39:36] PRINT Train Epoch: 10 [11520/60000 (19%)]	Loss: 112.023148
[2022-10-19 23:39:37] PRINT Train Epoch: 10 [12800/60000 (21%)]	Loss: 110.707458
[2022-10-19 23:39:37] PRINT Train Epoch: 10 [14080/60000 (23%)]	Loss: 108.777962
[2022-10-19 23:39:37] PRINT Train Epoch: 10 [15360/60000 (26%)]	Loss: 107.878357
[2022-10-19 23:39:37] PRINT Train Epoch: 10 [16640/60000 (28%)]	Loss: 111.227249
[2022-10-19 23:39:37] PRINT Train Epoch: 10 [17920/60000 (30%)]	Loss: 106.948181
[2022-10-19 23:39:37] PRINT Train Epoch: 10 [19200/60000 (32%)]	Loss: 109.949722
[2022-10-19 23:39:37] PRINT Train Epoch: 10 [20480/60000 (34%)]	Loss: 109.328445
[2022-10-19 23:39:37] PRINT Train Epoch: 10 [21760/60000 (36%)]	Loss: 111.545761
[2022-10-19 23:39:37] PRINT Train Epoch: 10 [23040/60000 (38%)]	Loss: 105.703575
[2022-10-19 23:39:38] PRINT Train Epoch: 10 [24320/60000 (41%)]	Loss: 109.708252
[2022-10-19 23:39:38] PRINT Train Epoch: 10 [25600/60000 (43%)]	Loss: 106.707848
[2022-10-19 23:39:38] PRINT Train Epoch: 10 [26880/60000 (45%)]	Loss: 110.244179
[2022-10-19 23:39:38] PRINT Train Epoch: 10 [28160/60000 (47%)]	Loss: 108.450882
[2022-10-19 23:39:38] PRINT Train Epoch: 10 [29440/60000 (49%)]	Loss: 107.902428
[2022-10-19 23:39:38] PRINT Train Epoch: 10 [30720/60000 (51%)]	Loss: 111.296158
[2022-10-19 23:39:38] PRINT Train Epoch: 10 [32000/60000 (53%)]	Loss: 106.512779
[2022-10-19 23:39:38] PRINT Train Epoch: 10 [33280/60000 (55%)]	Loss: 108.283417
[2022-10-19 23:39:38] PRINT Train Epoch: 10 [34560/60000 (58%)]	Loss: 106.457176
[2022-10-19 23:39:38] PRINT Train Epoch: 10 [35840/60000 (60%)]	Loss: 110.375381
[2022-10-19 23:39:39] PRINT Train Epoch: 10 [37120/60000 (62%)]	Loss: 106.007126
[2022-10-19 23:39:39] PRINT Train Epoch: 10 [38400/60000 (64%)]	Loss: 112.646385
[2022-10-19 23:39:39] PRINT Train Epoch: 10 [39680/60000 (66%)]	Loss: 109.252937
[2022-10-19 23:39:39] PRINT Train Epoch: 10 [40960/60000 (68%)]	Loss: 111.302719
[2022-10-19 23:39:39] PRINT Train Epoch: 10 [42240/60000 (70%)]	Loss: 109.391098
[2022-10-19 23:39:39] PRINT Train Epoch: 10 [43520/60000 (72%)]	Loss: 106.886856
[2022-10-19 23:39:39] PRINT Train Epoch: 10 [44800/60000 (75%)]	Loss: 111.346321
[2022-10-19 23:39:39] PRINT Train Epoch: 10 [46080/60000 (77%)]	Loss: 110.900963
[2022-10-19 23:39:39] PRINT Train Epoch: 10 [47360/60000 (79%)]	Loss: 106.798096
[2022-10-19 23:39:40] PRINT Train Epoch: 10 [48640/60000 (81%)]	Loss: 106.410477
[2022-10-19 23:39:40] PRINT Train Epoch: 10 [49920/60000 (83%)]	Loss: 109.168900
[2022-10-19 23:39:40] PRINT Train Epoch: 10 [51200/60000 (85%)]	Loss: 106.256897
[2022-10-19 23:39:40] PRINT Train Epoch: 10 [52480/60000 (87%)]	Loss: 107.627808
[2022-10-19 23:39:40] PRINT Train Epoch: 10 [53760/60000 (90%)]	Loss: 110.569176
[2022-10-19 23:39:40] PRINT Train Epoch: 10 [55040/60000 (92%)]	Loss: 111.349022
[2022-10-19 23:39:40] PRINT Train Epoch: 10 [56320/60000 (94%)]	Loss: 108.030670
[2022-10-19 23:39:40] PRINT Train Epoch: 10 [57600/60000 (96%)]	Loss: 113.561180
[2022-10-19 23:39:40] PRINT Train Epoch: 10 [58880/60000 (98%)]	Loss: 113.562111
[2022-10-19 23:39:40] PRINT ====> Epoch: 10 Average loss: 109.5563
[2022-10-19 23:39:41] PRINT ====> Test set loss: 109.5905
