[2022-10-20 00:30:46] INFO (main) Start NNI manager
[2022-10-20 00:30:46] INFO (NNIDataStore) Datastore initialization done
[2022-10-20 00:30:46] INFO (RestServer) Starting REST server at port 8091, URL prefix: "/"
[2022-10-20 00:30:46] INFO (RestServer) REST server started.
[2022-10-20 00:30:46] INFO (NNIManager) Starting experiment: 4oh7uzy2
[2022-10-20 00:30:46] INFO (NNIManager) Setup training service...
[2022-10-20 00:30:47] INFO (LocalTrainingService) Construct local machine training service.
[2022-10-20 00:30:47] INFO (NNIManager) Setup tuner...
[2022-10-20 00:30:47] INFO (NNIManager) Change NNIManager status from: INITIALIZED to: RUNNING
[2022-10-20 00:30:48] INFO (NNIManager) Add event listeners
[2022-10-20 00:30:48] INFO (LocalTrainingService) Run local machine training service.
[2022-10-20 00:30:48] INFO (NNIManager) NNIManager received command from dispatcher: ID, 
[2022-10-20 00:30:48] INFO (NNIManager) NNIManager received command from dispatcher: TR, {"parameter_id": "0-3_0_0", "parameter_source": "algorithm", "parameters": {"features1": 500, "features2": 40, "lr": 0.0005170748983278458, "epsilon": 1e-07, "TRIAL_BUDGET": 2}}
[2022-10-20 00:30:53] INFO (NNIManager) submitTrialJob: form: {
  sequenceId: 0,
  hyperParameters: {
    value: '{"parameter_id": "0-3_0_0", "parameter_source": "algorithm", "parameters": {"features1": 500, "features2": 40, "lr": 0.0005170748983278458, "epsilon": 1e-07, "TRIAL_BUDGET": 2}}',
    index: 0
  },
  placementConstraint: { type: 'None', gpus: [] }
}
[2022-10-20 00:31:03] INFO (NNIManager) Trial job uHP9o status changed from WAITING to RUNNING
[2022-10-20 00:34:19] INFO (NNIManager) Trial job uHP9o status changed from RUNNING to SUCCEEDED
[2022-10-20 00:34:19] INFO (NNIManager) NNIManager received command from dispatcher: TR, {"parameter_id": "0-3_0_1", "parameter_source": "algorithm", "parameters": {"features1": 300, "features2": 40, "lr": 0.011996975656669571, "epsilon": 1e-07, "TRIAL_BUDGET": 2}}
[2022-10-20 00:34:24] INFO (NNIManager) submitTrialJob: form: {
  sequenceId: 1,
  hyperParameters: {
    value: '{"parameter_id": "0-3_0_1", "parameter_source": "algorithm", "parameters": {"features1": 300, "features2": 40, "lr": 0.011996975656669571, "epsilon": 1e-07, "TRIAL_BUDGET": 2}}',
    index: 0
  },
  placementConstraint: { type: 'None', gpus: [] }
}
[2022-10-20 00:34:29] INFO (NNIManager) Trial job Ts2B6 status changed from WAITING to RUNNING
[2022-10-20 00:37:34] INFO (NNIManager) Trial job Ts2B6 status changed from RUNNING to SUCCEEDED
[2022-10-20 00:37:34] INFO (NNIManager) NNIManager received command from dispatcher: TR, {"parameter_id": "0-3_0_2", "parameter_source": "algorithm", "parameters": {"features1": 600, "features2": 40, "lr": 0.0008897409894244464, "epsilon": 1e-07, "TRIAL_BUDGET": 2}}
[2022-10-20 00:37:39] INFO (NNIManager) submitTrialJob: form: {
  sequenceId: 2,
  hyperParameters: {
    value: '{"parameter_id": "0-3_0_2", "parameter_source": "algorithm", "parameters": {"features1": 600, "features2": 40, "lr": 0.0008897409894244464, "epsilon": 1e-07, "TRIAL_BUDGET": 2}}',
    index: 0
  },
  placementConstraint: { type: 'None', gpus: [] }
}
[2022-10-20 00:37:44] INFO (NNIManager) Trial job n1Boe status changed from WAITING to RUNNING
[2022-10-20 00:40:45] INFO (NNIManager) Trial job n1Boe status changed from RUNNING to SUCCEEDED
[2022-10-20 00:40:45] INFO (NNIManager) NNIManager received command from dispatcher: TR, {"parameter_id": "0-3_0_3", "parameter_source": "algorithm", "parameters": {"features1": 600, "features2": 20, "lr": 0.00012092043199593336, "epsilon": 1e-06, "TRIAL_BUDGET": 2}}
[2022-10-20 00:40:50] INFO (NNIManager) submitTrialJob: form: {
  sequenceId: 3,
  hyperParameters: {
    value: '{"parameter_id": "0-3_0_3", "parameter_source": "algorithm", "parameters": {"features1": 600, "features2": 20, "lr": 0.00012092043199593336, "epsilon": 1e-06, "TRIAL_BUDGET": 2}}',
    index: 0
  },
  placementConstraint: { type: 'None', gpus: [] }
}
[2022-10-20 00:40:55] INFO (NNIManager) Trial job Ed3uc status changed from WAITING to RUNNING
[2022-10-20 00:43:55] INFO (NNIManager) Trial job Ed3uc status changed from RUNNING to SUCCEEDED
[2022-10-20 00:43:55] INFO (NNIManager) NNIManager received command from dispatcher: TR, {"parameter_id": "0-3_0_4", "parameter_source": "algorithm", "parameters": {"features1": 500, "features2": 20, "lr": 0.011215307272194844, "epsilon": 1e-07, "TRIAL_BUDGET": 2}}
[2022-10-20 00:44:00] INFO (NNIManager) submitTrialJob: form: {
  sequenceId: 4,
  hyperParameters: {
    value: '{"parameter_id": "0-3_0_4", "parameter_source": "algorithm", "parameters": {"features1": 500, "features2": 20, "lr": 0.011215307272194844, "epsilon": 1e-07, "TRIAL_BUDGET": 2}}',
    index: 0
  },
  placementConstraint: { type: 'None', gpus: [] }
}
[2022-10-20 00:44:06] INFO (NNIManager) Trial job GDpD9 status changed from WAITING to RUNNING
[2022-10-20 00:47:11] INFO (NNIManager) Trial job GDpD9 status changed from RUNNING to SUCCEEDED
[2022-10-20 00:47:11] INFO (NNIManager) NNIManager received command from dispatcher: TR, {"parameter_id": "0-3_0_5", "parameter_source": "algorithm", "parameters": {"features1": 500, "features2": 20, "lr": 0.06256184957974331, "epsilon": 1e-06, "TRIAL_BUDGET": 2}}
[2022-10-20 00:47:16] INFO (NNIManager) submitTrialJob: form: {
  sequenceId: 5,
  hyperParameters: {
    value: '{"parameter_id": "0-3_0_5", "parameter_source": "algorithm", "parameters": {"features1": 500, "features2": 20, "lr": 0.06256184957974331, "epsilon": 1e-06, "TRIAL_BUDGET": 2}}',
    index: 0
  },
  placementConstraint: { type: 'None', gpus: [] }
}
[2022-10-20 00:47:21] INFO (NNIManager) Trial job VC95f status changed from WAITING to RUNNING
[2022-10-20 00:50:27] INFO (NNIManager) Trial job VC95f status changed from RUNNING to SUCCEEDED
[2022-10-20 00:50:27] INFO (NNIManager) NNIManager received command from dispatcher: TR, {"parameter_id": "0-3_0_6", "parameter_source": "algorithm", "parameters": {"features1": 500, "features2": 10, "lr": 0.0001414878105773494, "epsilon": 1e-06, "TRIAL_BUDGET": 2}}
[2022-10-20 00:50:32] INFO (NNIManager) submitTrialJob: form: {
  sequenceId: 6,
  hyperParameters: {
    value: '{"parameter_id": "0-3_0_6", "parameter_source": "algorithm", "parameters": {"features1": 500, "features2": 10, "lr": 0.0001414878105773494, "epsilon": 1e-06, "TRIAL_BUDGET": 2}}',
    index: 0
  },
  placementConstraint: { type: 'None', gpus: [] }
}
[2022-10-20 00:50:37] INFO (NNIManager) Trial job hj1pk status changed from WAITING to RUNNING
[2022-10-20 00:53:37] INFO (NNIManager) Trial job hj1pk status changed from RUNNING to SUCCEEDED
[2022-10-20 00:53:37] INFO (NNIManager) NNIManager received command from dispatcher: TR, {"parameter_id": "0-3_0_7", "parameter_source": "algorithm", "parameters": {"features1": 400, "features2": 30, "lr": 0.006007968953775622, "epsilon": 1e-07, "TRIAL_BUDGET": 2}}
[2022-10-20 00:53:42] INFO (NNIManager) submitTrialJob: form: {
  sequenceId: 7,
  hyperParameters: {
    value: '{"parameter_id": "0-3_0_7", "parameter_source": "algorithm", "parameters": {"features1": 400, "features2": 30, "lr": 0.006007968953775622, "epsilon": 1e-07, "TRIAL_BUDGET": 2}}',
    index: 0
  },
  placementConstraint: { type: 'None', gpus: [] }
}
[2022-10-20 00:53:47] INFO (NNIManager) Trial job zmeCd status changed from WAITING to RUNNING
[2022-10-20 00:56:48] INFO (NNIManager) Trial job zmeCd status changed from RUNNING to SUCCEEDED
[2022-10-20 00:56:48] INFO (NNIManager) NNIManager received command from dispatcher: TR, {"parameter_id": "0-3_0_8", "parameter_source": "algorithm", "parameters": {"features1": 300, "features2": 30, "lr": 0.013667681516768374, "epsilon": 1e-06, "TRIAL_BUDGET": 2}}
[2022-10-20 00:56:53] INFO (NNIManager) submitTrialJob: form: {
  sequenceId: 8,
  hyperParameters: {
    value: '{"parameter_id": "0-3_0_8", "parameter_source": "algorithm", "parameters": {"features1": 300, "features2": 30, "lr": 0.013667681516768374, "epsilon": 1e-06, "TRIAL_BUDGET": 2}}',
    index: 0
  },
  placementConstraint: { type: 'None', gpus: [] }
}
[2022-10-20 00:56:58] INFO (NNIManager) Trial job Mxou2 status changed from WAITING to RUNNING
[2022-10-20 00:59:58] INFO (NNIManager) Trial job Mxou2 status changed from RUNNING to SUCCEEDED
[2022-10-20 00:59:58] INFO (NNIManager) NNIManager received command from dispatcher: TR, {"parameter_id": "0-3_0_9", "parameter_source": "algorithm", "parameters": {"features1": 500, "features2": 40, "lr": 0.05926627974050567, "epsilon": 1e-07, "TRIAL_BUDGET": 2}}
[2022-10-20 01:00:03] INFO (NNIManager) submitTrialJob: form: {
  sequenceId: 9,
  hyperParameters: {
    value: '{"parameter_id": "0-3_0_9", "parameter_source": "algorithm", "parameters": {"features1": 500, "features2": 40, "lr": 0.05926627974050567, "epsilon": 1e-07, "TRIAL_BUDGET": 2}}',
    index: 0
  },
  placementConstraint: { type: 'None', gpus: [] }
}
[2022-10-20 01:00:08] INFO (NNIManager) Trial job b5hii status changed from WAITING to RUNNING
[2022-10-20 01:00:08] INFO (NNIManager) Change NNIManager status from: RUNNING to: NO_MORE_TRIAL
[2022-10-20 01:03:09] INFO (NNIManager) Trial job b5hii status changed from RUNNING to SUCCEEDED
[2022-10-20 01:03:09] INFO (NNIManager) Change NNIManager status from: NO_MORE_TRIAL to: DONE
[2022-10-20 01:03:09] INFO (NNIManager) Experiment done.
[2022-10-20 01:03:11] INFO (ShutdownManager) Initiate shutdown: REST request
[2022-10-20 01:03:11] INFO (RestServer) Stopping REST server.
[2022-10-20 01:03:11] INFO (NNIManager) Change NNIManager status from: DONE to: STOPPING
[2022-10-20 01:03:11] INFO (NNIManager) Stopping experiment, cleaning up ...
[2022-10-20 01:03:13] INFO (RestServer) REST server stopped.
[2022-10-20 01:03:14] INFO (LocalTrainingService) Stopping local machine training service...
[2022-10-20 01:03:14] INFO (NNIManager) Change NNIManager status from: STOPPING to: STOPPED
[2022-10-20 01:03:14] INFO (NNIManager) Experiment stopped.
[2022-10-20 01:03:14] INFO (NNITensorboardManager) Forced stopping all tensorboard task.
[2022-10-20 01:03:14] INFO (NNITensorboardManager) All tensorboard task stopped.
[2022-10-20 01:03:14] INFO (NNITensorboardManager) Tensorboard manager stopped.
[2022-10-20 01:03:14] INFO (ShutdownManager) Shutdown complete.
