[2022-10-20 00:53:48] PRINT {'features1': 400, 'features2': 30, 'lr': 0.006007968953775622, 'epsilon': 1e-07, 'TRIAL_BUDGET': 2}
[2022-10-20 00:53:48] PRINT Using cuda device
[2022-10-20 00:53:53] PRINT Train Epoch: 1 [0/60000 (0%)]	Loss: 548.482178
[2022-10-20 00:53:53] PRINT Train Epoch: 1 [1280/60000 (2%)]	Loss: 218.406189
[2022-10-20 00:53:54] PRINT Train Epoch: 1 [2560/60000 (4%)]	Loss: 215.252121
[2022-10-20 00:53:54] PRINT Train Epoch: 1 [3840/60000 (6%)]	Loss: 201.691467
[2022-10-20 00:53:54] PRINT Train Epoch: 1 [5120/60000 (9%)]	Loss: 199.304184
[2022-10-20 00:53:55] PRINT Train Epoch: 1 [6400/60000 (11%)]	Loss: 197.494308
[2022-10-20 00:53:55] PRINT Train Epoch: 1 [7680/60000 (13%)]	Loss: 186.725510
[2022-10-20 00:53:55] PRINT Train Epoch: 1 [8960/60000 (15%)]	Loss: 177.438782
[2022-10-20 00:53:56] PRINT Train Epoch: 1 [10240/60000 (17%)]	Loss: 170.629684
[2022-10-20 00:53:56] PRINT Train Epoch: 1 [11520/60000 (19%)]	Loss: 164.215500
[2022-10-20 00:53:56] PRINT Train Epoch: 1 [12800/60000 (21%)]	Loss: 159.838181
[2022-10-20 00:53:56] PRINT Train Epoch: 1 [14080/60000 (23%)]	Loss: 157.994705
[2022-10-20 00:53:57] PRINT Train Epoch: 1 [15360/60000 (26%)]	Loss: 159.718155
[2022-10-20 00:53:57] PRINT Train Epoch: 1 [16640/60000 (28%)]	Loss: 152.093002
[2022-10-20 00:53:57] PRINT Train Epoch: 1 [17920/60000 (30%)]	Loss: 149.092285
[2022-10-20 00:53:58] PRINT Train Epoch: 1 [19200/60000 (32%)]	Loss: 153.448212
[2022-10-20 00:53:58] PRINT Train Epoch: 1 [20480/60000 (34%)]	Loss: 145.733536
[2022-10-20 00:53:58] PRINT Train Epoch: 1 [21760/60000 (36%)]	Loss: 148.949875
[2022-10-20 00:53:59] PRINT Train Epoch: 1 [23040/60000 (38%)]	Loss: 142.272125
[2022-10-20 00:53:59] PRINT Train Epoch: 1 [24320/60000 (41%)]	Loss: 142.435791
[2022-10-20 00:53:59] PRINT Train Epoch: 1 [25600/60000 (43%)]	Loss: 143.718002
[2022-10-20 00:53:59] PRINT Train Epoch: 1 [26880/60000 (45%)]	Loss: 141.925171
[2022-10-20 00:54:00] PRINT Train Epoch: 1 [28160/60000 (47%)]	Loss: 145.249420
[2022-10-20 00:54:00] PRINT Train Epoch: 1 [29440/60000 (49%)]	Loss: 137.014481
[2022-10-20 00:54:00] PRINT Train Epoch: 1 [30720/60000 (51%)]	Loss: 135.792206
[2022-10-20 00:54:01] PRINT Train Epoch: 1 [32000/60000 (53%)]	Loss: 135.879166
[2022-10-20 00:54:01] PRINT Train Epoch: 1 [33280/60000 (55%)]	Loss: 135.358795
[2022-10-20 00:54:01] PRINT Train Epoch: 1 [34560/60000 (58%)]	Loss: 127.404922
[2022-10-20 00:54:02] PRINT Train Epoch: 1 [35840/60000 (60%)]	Loss: 127.031677
[2022-10-20 00:54:02] PRINT Train Epoch: 1 [37120/60000 (62%)]	Loss: 132.189362
[2022-10-20 00:54:02] PRINT Train Epoch: 1 [38400/60000 (64%)]	Loss: 128.330414
[2022-10-20 00:54:02] PRINT Train Epoch: 1 [39680/60000 (66%)]	Loss: 132.880676
[2022-10-20 00:54:03] PRINT Train Epoch: 1 [40960/60000 (68%)]	Loss: 131.229950
[2022-10-20 00:54:03] PRINT Train Epoch: 1 [42240/60000 (70%)]	Loss: 129.934494
[2022-10-20 00:54:03] PRINT Train Epoch: 1 [43520/60000 (72%)]	Loss: 134.720856
[2022-10-20 00:54:04] PRINT Train Epoch: 1 [44800/60000 (75%)]	Loss: 127.365219
[2022-10-20 00:54:04] PRINT Train Epoch: 1 [46080/60000 (77%)]	Loss: 128.930481
[2022-10-20 00:54:04] PRINT Train Epoch: 1 [47360/60000 (79%)]	Loss: 121.678757
[2022-10-20 00:54:05] PRINT Train Epoch: 1 [48640/60000 (81%)]	Loss: 120.459312
[2022-10-20 00:54:05] PRINT Train Epoch: 1 [49920/60000 (83%)]	Loss: 126.958694
[2022-10-20 00:54:05] PRINT Train Epoch: 1 [51200/60000 (85%)]	Loss: 127.325409
[2022-10-20 00:54:05] PRINT Train Epoch: 1 [52480/60000 (87%)]	Loss: 124.464638
[2022-10-20 00:54:06] PRINT Train Epoch: 1 [53760/60000 (90%)]	Loss: 129.865860
[2022-10-20 00:54:06] PRINT Train Epoch: 1 [55040/60000 (92%)]	Loss: 124.940025
[2022-10-20 00:54:06] PRINT Train Epoch: 1 [56320/60000 (94%)]	Loss: 119.417923
[2022-10-20 00:54:07] PRINT Train Epoch: 1 [57600/60000 (96%)]	Loss: 119.684044
[2022-10-20 00:54:07] PRINT Train Epoch: 1 [58880/60000 (98%)]	Loss: 126.678772
[2022-10-20 00:54:07] PRINT ====> Epoch: 1 Average loss: 148.9539
[2022-10-20 00:54:10] PRINT ====> Test set loss: 122.0229
[2022-10-20 00:54:10] PRINT Train Epoch: 2 [0/60000 (0%)]	Loss: 116.151672
[2022-10-20 00:54:10] PRINT Train Epoch: 2 [1280/60000 (2%)]	Loss: 121.576042
[2022-10-20 00:54:10] PRINT Train Epoch: 2 [2560/60000 (4%)]	Loss: 122.926727
[2022-10-20 00:54:11] PRINT Train Epoch: 2 [3840/60000 (6%)]	Loss: 119.716774
[2022-10-20 00:54:11] PRINT Train Epoch: 2 [5120/60000 (9%)]	Loss: 122.303162
[2022-10-20 00:54:11] PRINT Train Epoch: 2 [6400/60000 (11%)]	Loss: 123.963669
[2022-10-20 00:54:12] PRINT Train Epoch: 2 [7680/60000 (13%)]	Loss: 117.604027
[2022-10-20 00:54:12] PRINT Train Epoch: 2 [8960/60000 (15%)]	Loss: 125.512451
[2022-10-20 00:54:12] PRINT Train Epoch: 2 [10240/60000 (17%)]	Loss: 123.811462
[2022-10-20 00:54:13] PRINT Train Epoch: 2 [11520/60000 (19%)]	Loss: 116.738281
[2022-10-20 00:54:13] PRINT Train Epoch: 2 [12800/60000 (21%)]	Loss: 118.828148
[2022-10-20 00:54:13] PRINT Train Epoch: 2 [14080/60000 (23%)]	Loss: 119.960999
[2022-10-20 00:54:14] PRINT Train Epoch: 2 [15360/60000 (26%)]	Loss: 119.930099
[2022-10-20 00:54:14] PRINT Train Epoch: 2 [16640/60000 (28%)]	Loss: 122.907883
[2022-10-20 00:54:14] PRINT Train Epoch: 2 [17920/60000 (30%)]	Loss: 118.741974
[2022-10-20 00:54:15] PRINT Train Epoch: 2 [19200/60000 (32%)]	Loss: 116.959976
[2022-10-20 00:54:15] PRINT Train Epoch: 2 [20480/60000 (34%)]	Loss: 128.420410
[2022-10-20 00:54:15] PRINT Train Epoch: 2 [21760/60000 (36%)]	Loss: 123.680588
[2022-10-20 00:54:15] PRINT Train Epoch: 2 [23040/60000 (38%)]	Loss: 120.034119
[2022-10-20 00:54:16] PRINT Train Epoch: 2 [24320/60000 (41%)]	Loss: 119.883858
[2022-10-20 00:54:16] PRINT Train Epoch: 2 [25600/60000 (43%)]	Loss: 118.505745
[2022-10-20 00:54:16] PRINT Train Epoch: 2 [26880/60000 (45%)]	Loss: 120.936035
[2022-10-20 00:54:17] PRINT Train Epoch: 2 [28160/60000 (47%)]	Loss: 118.409302
[2022-10-20 00:54:17] PRINT Train Epoch: 2 [29440/60000 (49%)]	Loss: 125.730499
[2022-10-20 00:54:17] PRINT Train Epoch: 2 [30720/60000 (51%)]	Loss: 122.312920
[2022-10-20 00:54:18] PRINT Train Epoch: 2 [32000/60000 (53%)]	Loss: 125.583664
[2022-10-20 00:54:18] PRINT Train Epoch: 2 [33280/60000 (55%)]	Loss: 119.159851
[2022-10-20 00:54:18] PRINT Train Epoch: 2 [34560/60000 (58%)]	Loss: 118.133789
[2022-10-20 00:54:19] PRINT Train Epoch: 2 [35840/60000 (60%)]	Loss: 118.590302
[2022-10-20 00:54:19] PRINT Train Epoch: 2 [37120/60000 (62%)]	Loss: 113.585800
[2022-10-20 00:54:19] PRINT Train Epoch: 2 [38400/60000 (64%)]	Loss: 117.186996
[2022-10-20 00:54:19] PRINT Train Epoch: 2 [39680/60000 (66%)]	Loss: 118.306366
[2022-10-20 00:54:20] PRINT Train Epoch: 2 [40960/60000 (68%)]	Loss: 119.528091
[2022-10-20 00:54:20] PRINT Train Epoch: 2 [42240/60000 (70%)]	Loss: 115.803200
[2022-10-20 00:54:20] PRINT Train Epoch: 2 [43520/60000 (72%)]	Loss: 116.661674
[2022-10-20 00:54:21] PRINT Train Epoch: 2 [44800/60000 (75%)]	Loss: 113.893127
[2022-10-20 00:54:21] PRINT Train Epoch: 2 [46080/60000 (77%)]	Loss: 115.421883
[2022-10-20 00:54:21] PRINT Train Epoch: 2 [47360/60000 (79%)]	Loss: 116.244446
[2022-10-20 00:54:22] PRINT Train Epoch: 2 [48640/60000 (81%)]	Loss: 116.554634
[2022-10-20 00:54:22] PRINT Train Epoch: 2 [49920/60000 (83%)]	Loss: 117.905136
[2022-10-20 00:54:22] PRINT Train Epoch: 2 [51200/60000 (85%)]	Loss: 113.713135
[2022-10-20 00:54:23] PRINT Train Epoch: 2 [52480/60000 (87%)]	Loss: 118.362724
[2022-10-20 00:54:23] PRINT Train Epoch: 2 [53760/60000 (90%)]	Loss: 117.926819
[2022-10-20 00:54:23] PRINT Train Epoch: 2 [55040/60000 (92%)]	Loss: 111.547707
[2022-10-20 00:54:24] PRINT Train Epoch: 2 [56320/60000 (94%)]	Loss: 115.381264
[2022-10-20 00:54:24] PRINT Train Epoch: 2 [57600/60000 (96%)]	Loss: 115.255798
[2022-10-20 00:54:24] PRINT Train Epoch: 2 [58880/60000 (98%)]	Loss: 120.377045
[2022-10-20 00:54:24] PRINT ====> Epoch: 2 Average loss: 118.9878
[2022-10-20 00:54:27] PRINT ====> Test set loss: 114.8210
[2022-10-20 00:54:27] PRINT Train Epoch: 3 [0/60000 (0%)]	Loss: 116.201111
[2022-10-20 00:54:27] PRINT Train Epoch: 3 [1280/60000 (2%)]	Loss: 119.207985
[2022-10-20 00:54:28] PRINT Train Epoch: 3 [2560/60000 (4%)]	Loss: 114.182449
[2022-10-20 00:54:28] PRINT Train Epoch: 3 [3840/60000 (6%)]	Loss: 117.153908
[2022-10-20 00:54:28] PRINT Train Epoch: 3 [5120/60000 (9%)]	Loss: 112.216888
[2022-10-20 00:54:29] PRINT Train Epoch: 3 [6400/60000 (11%)]	Loss: 111.150604
[2022-10-20 00:54:29] PRINT Train Epoch: 3 [7680/60000 (13%)]	Loss: 115.779892
[2022-10-20 00:54:29] PRINT Train Epoch: 3 [8960/60000 (15%)]	Loss: 116.903870
[2022-10-20 00:54:30] PRINT Train Epoch: 3 [10240/60000 (17%)]	Loss: 114.782776
[2022-10-20 00:54:30] PRINT Train Epoch: 3 [11520/60000 (19%)]	Loss: 117.375725
[2022-10-20 00:54:30] PRINT Train Epoch: 3 [12800/60000 (21%)]	Loss: 114.405785
[2022-10-20 00:54:31] PRINT Train Epoch: 3 [14080/60000 (23%)]	Loss: 122.156136
[2022-10-20 00:54:31] PRINT Train Epoch: 3 [15360/60000 (26%)]	Loss: 114.551636
[2022-10-20 00:54:31] PRINT Train Epoch: 3 [16640/60000 (28%)]	Loss: 113.195488
[2022-10-20 00:54:32] PRINT Train Epoch: 3 [17920/60000 (30%)]	Loss: 119.912483
[2022-10-20 00:54:32] PRINT Train Epoch: 3 [19200/60000 (32%)]	Loss: 108.826645
[2022-10-20 00:54:32] PRINT Train Epoch: 3 [20480/60000 (34%)]	Loss: 113.766373
[2022-10-20 00:54:32] PRINT Train Epoch: 3 [21760/60000 (36%)]	Loss: 111.899811
[2022-10-20 00:54:33] PRINT Train Epoch: 3 [23040/60000 (38%)]	Loss: 112.375206
[2022-10-20 00:54:33] PRINT Train Epoch: 3 [24320/60000 (41%)]	Loss: 113.899849
[2022-10-20 00:54:33] PRINT Train Epoch: 3 [25600/60000 (43%)]	Loss: 116.223106
[2022-10-20 00:54:34] PRINT Train Epoch: 3 [26880/60000 (45%)]	Loss: 114.114464
[2022-10-20 00:54:34] PRINT Train Epoch: 3 [28160/60000 (47%)]	Loss: 116.887520
[2022-10-20 00:54:34] PRINT Train Epoch: 3 [29440/60000 (49%)]	Loss: 116.536873
[2022-10-20 00:54:35] PRINT Train Epoch: 3 [30720/60000 (51%)]	Loss: 122.195007
[2022-10-20 00:54:35] PRINT Train Epoch: 3 [32000/60000 (53%)]	Loss: 115.376038
[2022-10-20 00:54:35] PRINT Train Epoch: 3 [33280/60000 (55%)]	Loss: 114.471756
[2022-10-20 00:54:36] PRINT Train Epoch: 3 [34560/60000 (58%)]	Loss: 111.351944
[2022-10-20 00:54:36] PRINT Train Epoch: 3 [35840/60000 (60%)]	Loss: 118.118614
[2022-10-20 00:54:36] PRINT Train Epoch: 3 [37120/60000 (62%)]	Loss: 112.232376
[2022-10-20 00:54:36] PRINT Train Epoch: 3 [38400/60000 (64%)]	Loss: 112.815163
[2022-10-20 00:54:37] PRINT Train Epoch: 3 [39680/60000 (66%)]	Loss: 114.163254
[2022-10-20 00:54:37] PRINT Train Epoch: 3 [40960/60000 (68%)]	Loss: 116.136482
[2022-10-20 00:54:37] PRINT Train Epoch: 3 [42240/60000 (70%)]	Loss: 113.600105
[2022-10-20 00:54:38] PRINT Train Epoch: 3 [43520/60000 (72%)]	Loss: 112.454964
[2022-10-20 00:54:38] PRINT Train Epoch: 3 [44800/60000 (75%)]	Loss: 114.665291
[2022-10-20 00:54:38] PRINT Train Epoch: 3 [46080/60000 (77%)]	Loss: 113.134811
[2022-10-20 00:54:39] PRINT Train Epoch: 3 [47360/60000 (79%)]	Loss: 112.063065
[2022-10-20 00:54:39] PRINT Train Epoch: 3 [48640/60000 (81%)]	Loss: 112.041473
[2022-10-20 00:54:39] PRINT Train Epoch: 3 [49920/60000 (83%)]	Loss: 115.480637
[2022-10-20 00:54:39] PRINT Train Epoch: 3 [51200/60000 (85%)]	Loss: 115.075752
[2022-10-20 00:54:40] PRINT Train Epoch: 3 [52480/60000 (87%)]	Loss: 110.889664
[2022-10-20 00:54:40] PRINT Train Epoch: 3 [53760/60000 (90%)]	Loss: 113.525894
[2022-10-20 00:54:40] PRINT Train Epoch: 3 [55040/60000 (92%)]	Loss: 109.709610
[2022-10-20 00:54:41] PRINT Train Epoch: 3 [56320/60000 (94%)]	Loss: 109.200836
[2022-10-20 00:54:41] PRINT Train Epoch: 3 [57600/60000 (96%)]	Loss: 109.144661
[2022-10-20 00:54:41] PRINT Train Epoch: 3 [58880/60000 (98%)]	Loss: 114.485382
[2022-10-20 00:54:42] PRINT ====> Epoch: 3 Average loss: 114.0765
[2022-10-20 00:54:44] PRINT ====> Test set loss: 113.2910
[2022-10-20 00:54:44] PRINT Train Epoch: 4 [0/60000 (0%)]	Loss: 113.108994
[2022-10-20 00:54:45] PRINT Train Epoch: 4 [1280/60000 (2%)]	Loss: 111.974495
[2022-10-20 00:54:45] PRINT Train Epoch: 4 [2560/60000 (4%)]	Loss: 107.302597
[2022-10-20 00:54:45] PRINT Train Epoch: 4 [3840/60000 (6%)]	Loss: 109.469162
[2022-10-20 00:54:46] PRINT Train Epoch: 4 [5120/60000 (9%)]	Loss: 111.633911
[2022-10-20 00:54:46] PRINT Train Epoch: 4 [6400/60000 (11%)]	Loss: 113.249374
[2022-10-20 00:54:46] PRINT Train Epoch: 4 [7680/60000 (13%)]	Loss: 110.661057
[2022-10-20 00:54:46] PRINT Train Epoch: 4 [8960/60000 (15%)]	Loss: 109.062912
[2022-10-20 00:54:47] PRINT Train Epoch: 4 [10240/60000 (17%)]	Loss: 110.278610
[2022-10-20 00:54:47] PRINT Train Epoch: 4 [11520/60000 (19%)]	Loss: 117.827316
[2022-10-20 00:54:47] PRINT Train Epoch: 4 [12800/60000 (21%)]	Loss: 112.272537
[2022-10-20 00:54:48] PRINT Train Epoch: 4 [14080/60000 (23%)]	Loss: 113.376762
[2022-10-20 00:54:48] PRINT Train Epoch: 4 [15360/60000 (26%)]	Loss: 111.423569
[2022-10-20 00:54:48] PRINT Train Epoch: 4 [16640/60000 (28%)]	Loss: 113.331337
[2022-10-20 00:54:49] PRINT Train Epoch: 4 [17920/60000 (30%)]	Loss: 108.513168
[2022-10-20 00:54:49] PRINT Train Epoch: 4 [19200/60000 (32%)]	Loss: 113.533424
[2022-10-20 00:54:49] PRINT Train Epoch: 4 [20480/60000 (34%)]	Loss: 118.297699
[2022-10-20 00:54:50] PRINT Train Epoch: 4 [21760/60000 (36%)]	Loss: 117.219093
[2022-10-20 00:54:50] PRINT Train Epoch: 4 [23040/60000 (38%)]	Loss: 111.763367
[2022-10-20 00:54:50] PRINT Train Epoch: 4 [24320/60000 (41%)]	Loss: 109.823166
[2022-10-20 00:54:51] PRINT Train Epoch: 4 [25600/60000 (43%)]	Loss: 113.734261
[2022-10-20 00:54:51] PRINT Train Epoch: 4 [26880/60000 (45%)]	Loss: 109.165321
[2022-10-20 00:54:51] PRINT Train Epoch: 4 [28160/60000 (47%)]	Loss: 112.325455
[2022-10-20 00:54:52] PRINT Train Epoch: 4 [29440/60000 (49%)]	Loss: 112.038948
[2022-10-20 00:54:52] PRINT Train Epoch: 4 [30720/60000 (51%)]	Loss: 109.367889
[2022-10-20 00:54:52] PRINT Train Epoch: 4 [32000/60000 (53%)]	Loss: 114.512512
[2022-10-20 00:54:52] PRINT Train Epoch: 4 [33280/60000 (55%)]	Loss: 111.134216
[2022-10-20 00:54:53] PRINT Train Epoch: 4 [34560/60000 (58%)]	Loss: 109.368423
[2022-10-20 00:54:53] PRINT Train Epoch: 4 [35840/60000 (60%)]	Loss: 115.454369
[2022-10-20 00:54:53] PRINT Train Epoch: 4 [37120/60000 (62%)]	Loss: 108.397675
[2022-10-20 00:54:54] PRINT Train Epoch: 4 [38400/60000 (64%)]	Loss: 110.853241
[2022-10-20 00:54:54] PRINT Train Epoch: 4 [39680/60000 (66%)]	Loss: 114.546402
[2022-10-20 00:54:54] PRINT Train Epoch: 4 [40960/60000 (68%)]	Loss: 106.617271
[2022-10-20 00:54:55] PRINT Train Epoch: 4 [42240/60000 (70%)]	Loss: 114.197868
[2022-10-20 00:54:55] PRINT Train Epoch: 4 [43520/60000 (72%)]	Loss: 111.708382
[2022-10-20 00:54:55] PRINT Train Epoch: 4 [44800/60000 (75%)]	Loss: 114.279312
[2022-10-20 00:54:56] PRINT Train Epoch: 4 [46080/60000 (77%)]	Loss: 111.336105
[2022-10-20 00:54:56] PRINT Train Epoch: 4 [47360/60000 (79%)]	Loss: 114.399597
[2022-10-20 00:54:56] PRINT Train Epoch: 4 [48640/60000 (81%)]	Loss: 107.538239
[2022-10-20 00:54:57] PRINT Train Epoch: 4 [49920/60000 (83%)]	Loss: 109.905228
[2022-10-20 00:54:57] PRINT Train Epoch: 4 [51200/60000 (85%)]	Loss: 115.729004
[2022-10-20 00:54:57] PRINT Train Epoch: 4 [52480/60000 (87%)]	Loss: 105.472145
[2022-10-20 00:54:57] PRINT Train Epoch: 4 [53760/60000 (90%)]	Loss: 113.539848
[2022-10-20 00:54:58] PRINT Train Epoch: 4 [55040/60000 (92%)]	Loss: 111.950539
[2022-10-20 00:54:58] PRINT Train Epoch: 4 [56320/60000 (94%)]	Loss: 110.640839
[2022-10-20 00:54:58] PRINT Train Epoch: 4 [57600/60000 (96%)]	Loss: 114.229065
[2022-10-20 00:54:59] PRINT Train Epoch: 4 [58880/60000 (98%)]	Loss: 115.997520
[2022-10-20 00:54:59] PRINT ====> Epoch: 4 Average loss: 112.2036
[2022-10-20 00:55:02] PRINT ====> Test set loss: 111.6290
[2022-10-20 00:55:02] PRINT Train Epoch: 5 [0/60000 (0%)]	Loss: 115.980865
[2022-10-20 00:55:02] PRINT Train Epoch: 5 [1280/60000 (2%)]	Loss: 108.451477
[2022-10-20 00:55:02] PRINT Train Epoch: 5 [2560/60000 (4%)]	Loss: 113.018768
[2022-10-20 00:55:03] PRINT Train Epoch: 5 [3840/60000 (6%)]	Loss: 108.323181
[2022-10-20 00:55:03] PRINT Train Epoch: 5 [5120/60000 (9%)]	Loss: 109.456261
[2022-10-20 00:55:03] PRINT Train Epoch: 5 [6400/60000 (11%)]	Loss: 109.125687
[2022-10-20 00:55:04] PRINT Train Epoch: 5 [7680/60000 (13%)]	Loss: 108.888817
[2022-10-20 00:55:04] PRINT Train Epoch: 5 [8960/60000 (15%)]	Loss: 112.428276
[2022-10-20 00:55:04] PRINT Train Epoch: 5 [10240/60000 (17%)]	Loss: 109.511017
[2022-10-20 00:55:04] PRINT Train Epoch: 5 [11520/60000 (19%)]	Loss: 113.505005
[2022-10-20 00:55:05] PRINT Train Epoch: 5 [12800/60000 (21%)]	Loss: 112.988037
[2022-10-20 00:55:05] PRINT Train Epoch: 5 [14080/60000 (23%)]	Loss: 111.171211
[2022-10-20 00:55:05] PRINT Train Epoch: 5 [15360/60000 (26%)]	Loss: 109.475807
[2022-10-20 00:55:06] PRINT Train Epoch: 5 [16640/60000 (28%)]	Loss: 112.835495
[2022-10-20 00:55:06] PRINT Train Epoch: 5 [17920/60000 (30%)]	Loss: 110.394897
[2022-10-20 00:55:06] PRINT Train Epoch: 5 [19200/60000 (32%)]	Loss: 109.172119
[2022-10-20 00:55:07] PRINT Train Epoch: 5 [20480/60000 (34%)]	Loss: 110.462646
[2022-10-20 00:55:07] PRINT Train Epoch: 5 [21760/60000 (36%)]	Loss: 109.642052
[2022-10-20 00:55:07] PRINT Train Epoch: 5 [23040/60000 (38%)]	Loss: 108.135902
[2022-10-20 00:55:08] PRINT Train Epoch: 5 [24320/60000 (41%)]	Loss: 108.740891
[2022-10-20 00:55:08] PRINT Train Epoch: 5 [25600/60000 (43%)]	Loss: 112.041626
[2022-10-20 00:55:08] PRINT Train Epoch: 5 [26880/60000 (45%)]	Loss: 110.977325
[2022-10-20 00:55:09] PRINT Train Epoch: 5 [28160/60000 (47%)]	Loss: 112.955452
[2022-10-20 00:55:09] PRINT Train Epoch: 5 [29440/60000 (49%)]	Loss: 112.488678
[2022-10-20 00:55:09] PRINT Train Epoch: 5 [30720/60000 (51%)]	Loss: 110.098900
[2022-10-20 00:55:09] PRINT Train Epoch: 5 [32000/60000 (53%)]	Loss: 112.783020
[2022-10-20 00:55:10] PRINT Train Epoch: 5 [33280/60000 (55%)]	Loss: 110.082848
[2022-10-20 00:55:10] PRINT Train Epoch: 5 [34560/60000 (58%)]	Loss: 114.129189
[2022-10-20 00:55:10] PRINT Train Epoch: 5 [35840/60000 (60%)]	Loss: 110.027885
[2022-10-20 00:55:11] PRINT Train Epoch: 5 [37120/60000 (62%)]	Loss: 111.909836
[2022-10-20 00:55:11] PRINT Train Epoch: 5 [38400/60000 (64%)]	Loss: 108.268127
[2022-10-20 00:55:11] PRINT Train Epoch: 5 [39680/60000 (66%)]	Loss: 111.083023
[2022-10-20 00:55:12] PRINT Train Epoch: 5 [40960/60000 (68%)]	Loss: 112.118484
[2022-10-20 00:55:12] PRINT Train Epoch: 5 [42240/60000 (70%)]	Loss: 107.129288
[2022-10-20 00:55:12] PRINT Train Epoch: 5 [43520/60000 (72%)]	Loss: 108.773109
[2022-10-20 00:55:13] PRINT Train Epoch: 5 [44800/60000 (75%)]	Loss: 108.632500
[2022-10-20 00:55:13] PRINT Train Epoch: 5 [46080/60000 (77%)]	Loss: 110.000443
[2022-10-20 00:55:13] PRINT Train Epoch: 5 [47360/60000 (79%)]	Loss: 112.006050
[2022-10-20 00:55:14] PRINT Train Epoch: 5 [48640/60000 (81%)]	Loss: 114.377281
[2022-10-20 00:55:14] PRINT Train Epoch: 5 [49920/60000 (83%)]	Loss: 109.688629
[2022-10-20 00:55:14] PRINT Train Epoch: 5 [51200/60000 (85%)]	Loss: 107.540421
[2022-10-20 00:55:15] PRINT Train Epoch: 5 [52480/60000 (87%)]	Loss: 113.544647
[2022-10-20 00:55:15] PRINT Train Epoch: 5 [53760/60000 (90%)]	Loss: 113.042839
[2022-10-20 00:55:15] PRINT Train Epoch: 5 [55040/60000 (92%)]	Loss: 111.493599
[2022-10-20 00:55:16] PRINT Train Epoch: 5 [56320/60000 (94%)]	Loss: 106.167542
[2022-10-20 00:55:16] PRINT Train Epoch: 5 [57600/60000 (96%)]	Loss: 107.258507
[2022-10-20 00:55:16] PRINT Train Epoch: 5 [58880/60000 (98%)]	Loss: 111.853806
[2022-10-20 00:55:16] PRINT ====> Epoch: 5 Average loss: 111.0767
[2022-10-20 00:55:19] PRINT ====> Test set loss: 110.6321
[2022-10-20 00:55:19] PRINT Train Epoch: 6 [0/60000 (0%)]	Loss: 106.930649
[2022-10-20 00:55:19] PRINT Train Epoch: 6 [1280/60000 (2%)]	Loss: 113.672104
[2022-10-20 00:55:20] PRINT Train Epoch: 6 [2560/60000 (4%)]	Loss: 113.021538
[2022-10-20 00:55:20] PRINT Train Epoch: 6 [3840/60000 (6%)]	Loss: 107.965034
[2022-10-20 00:55:20] PRINT Train Epoch: 6 [5120/60000 (9%)]	Loss: 111.746849
[2022-10-20 00:55:21] PRINT Train Epoch: 6 [6400/60000 (11%)]	Loss: 113.393517
[2022-10-20 00:55:21] PRINT Train Epoch: 6 [7680/60000 (13%)]	Loss: 108.395370
[2022-10-20 00:55:21] PRINT Train Epoch: 6 [8960/60000 (15%)]	Loss: 110.623611
[2022-10-20 00:55:22] PRINT Train Epoch: 6 [10240/60000 (17%)]	Loss: 115.965622
[2022-10-20 00:55:22] PRINT Train Epoch: 6 [11520/60000 (19%)]	Loss: 112.266586
[2022-10-20 00:55:22] PRINT Train Epoch: 6 [12800/60000 (21%)]	Loss: 105.048035
[2022-10-20 00:55:23] PRINT Train Epoch: 6 [14080/60000 (23%)]	Loss: 111.036621
[2022-10-20 00:55:23] PRINT Train Epoch: 6 [15360/60000 (26%)]	Loss: 109.951584
[2022-10-20 00:55:23] PRINT Train Epoch: 6 [16640/60000 (28%)]	Loss: 109.865631
[2022-10-20 00:55:23] PRINT Train Epoch: 6 [17920/60000 (30%)]	Loss: 110.707542
[2022-10-20 00:55:24] PRINT Train Epoch: 6 [19200/60000 (32%)]	Loss: 111.639999
[2022-10-20 00:55:24] PRINT Train Epoch: 6 [20480/60000 (34%)]	Loss: 110.991119
[2022-10-20 00:55:24] PRINT Train Epoch: 6 [21760/60000 (36%)]	Loss: 111.185287
[2022-10-20 00:55:25] PRINT Train Epoch: 6 [23040/60000 (38%)]	Loss: 110.325714
[2022-10-20 00:55:25] PRINT Train Epoch: 6 [24320/60000 (41%)]	Loss: 110.268219
[2022-10-20 00:55:25] PRINT Train Epoch: 6 [25600/60000 (43%)]	Loss: 107.400131
[2022-10-20 00:55:26] PRINT Train Epoch: 6 [26880/60000 (45%)]	Loss: 111.814857
[2022-10-20 00:55:26] PRINT Train Epoch: 6 [28160/60000 (47%)]	Loss: 107.240219
[2022-10-20 00:55:26] PRINT Train Epoch: 6 [29440/60000 (49%)]	Loss: 112.452255
[2022-10-20 00:55:27] PRINT Train Epoch: 6 [30720/60000 (51%)]	Loss: 106.283348
[2022-10-20 00:55:27] PRINT Train Epoch: 6 [32000/60000 (53%)]	Loss: 107.734413
[2022-10-20 00:55:27] PRINT Train Epoch: 6 [33280/60000 (55%)]	Loss: 109.854263
[2022-10-20 00:55:28] PRINT Train Epoch: 6 [34560/60000 (58%)]	Loss: 107.785431
[2022-10-20 00:55:28] PRINT Train Epoch: 6 [35840/60000 (60%)]	Loss: 110.917381
[2022-10-20 00:55:28] PRINT Train Epoch: 6 [37120/60000 (62%)]	Loss: 109.480164
[2022-10-20 00:55:28] PRINT Train Epoch: 6 [38400/60000 (64%)]	Loss: 108.842300
[2022-10-20 00:55:29] PRINT Train Epoch: 6 [39680/60000 (66%)]	Loss: 109.703110
[2022-10-20 00:55:29] PRINT Train Epoch: 6 [40960/60000 (68%)]	Loss: 109.220100
[2022-10-20 00:55:29] PRINT Train Epoch: 6 [42240/60000 (70%)]	Loss: 113.365967
[2022-10-20 00:55:30] PRINT Train Epoch: 6 [43520/60000 (72%)]	Loss: 109.693275
[2022-10-20 00:55:30] PRINT Train Epoch: 6 [44800/60000 (75%)]	Loss: 112.308510
[2022-10-20 00:55:30] PRINT Train Epoch: 6 [46080/60000 (77%)]	Loss: 106.238419
[2022-10-20 00:55:31] PRINT Train Epoch: 6 [47360/60000 (79%)]	Loss: 109.661087
[2022-10-20 00:55:31] PRINT Train Epoch: 6 [48640/60000 (81%)]	Loss: 115.828239
[2022-10-20 00:55:31] PRINT Train Epoch: 6 [49920/60000 (83%)]	Loss: 110.061630
[2022-10-20 00:55:32] PRINT Train Epoch: 6 [51200/60000 (85%)]	Loss: 112.348892
[2022-10-20 00:55:32] PRINT Train Epoch: 6 [52480/60000 (87%)]	Loss: 110.495987
[2022-10-20 00:55:32] PRINT Train Epoch: 6 [53760/60000 (90%)]	Loss: 107.772232
[2022-10-20 00:55:32] PRINT Train Epoch: 6 [55040/60000 (92%)]	Loss: 111.641014
[2022-10-20 00:55:33] PRINT Train Epoch: 6 [56320/60000 (94%)]	Loss: 117.153374
[2022-10-20 00:55:33] PRINT Train Epoch: 6 [57600/60000 (96%)]	Loss: 104.616501
[2022-10-20 00:55:33] PRINT Train Epoch: 6 [58880/60000 (98%)]	Loss: 114.066505
[2022-10-20 00:55:34] PRINT ====> Epoch: 6 Average loss: 110.5154
[2022-10-20 00:55:36] PRINT ====> Test set loss: 110.9033
[2022-10-20 00:55:36] PRINT Train Epoch: 7 [0/60000 (0%)]	Loss: 113.352905
[2022-10-20 00:55:37] PRINT Train Epoch: 7 [1280/60000 (2%)]	Loss: 115.575424
[2022-10-20 00:55:37] PRINT Train Epoch: 7 [2560/60000 (4%)]	Loss: 109.851471
[2022-10-20 00:55:37] PRINT Train Epoch: 7 [3840/60000 (6%)]	Loss: 112.830612
[2022-10-20 00:55:38] PRINT Train Epoch: 7 [5120/60000 (9%)]	Loss: 107.547867
[2022-10-20 00:55:38] PRINT Train Epoch: 7 [6400/60000 (11%)]	Loss: 112.132637
[2022-10-20 00:55:38] PRINT Train Epoch: 7 [7680/60000 (13%)]	Loss: 108.696640
[2022-10-20 00:55:39] PRINT Train Epoch: 7 [8960/60000 (15%)]	Loss: 112.763863
[2022-10-20 00:55:39] PRINT Train Epoch: 7 [10240/60000 (17%)]	Loss: 105.539261
[2022-10-20 00:55:39] PRINT Train Epoch: 7 [11520/60000 (19%)]	Loss: 114.852234
[2022-10-20 00:55:39] PRINT Train Epoch: 7 [12800/60000 (21%)]	Loss: 109.964111
[2022-10-20 00:55:40] PRINT Train Epoch: 7 [14080/60000 (23%)]	Loss: 108.792908
[2022-10-20 00:55:40] PRINT Train Epoch: 7 [15360/60000 (26%)]	Loss: 107.784584
[2022-10-20 00:55:40] PRINT Train Epoch: 7 [16640/60000 (28%)]	Loss: 113.817169
[2022-10-20 00:55:41] PRINT Train Epoch: 7 [17920/60000 (30%)]	Loss: 112.942589
[2022-10-20 00:55:41] PRINT Train Epoch: 7 [19200/60000 (32%)]	Loss: 108.927101
[2022-10-20 00:55:41] PRINT Train Epoch: 7 [20480/60000 (34%)]	Loss: 109.128639
[2022-10-20 00:55:42] PRINT Train Epoch: 7 [21760/60000 (36%)]	Loss: 108.840614
[2022-10-20 00:55:42] PRINT Train Epoch: 7 [23040/60000 (38%)]	Loss: 111.706970
[2022-10-20 00:55:42] PRINT Train Epoch: 7 [24320/60000 (41%)]	Loss: 106.583145
[2022-10-20 00:55:43] PRINT Train Epoch: 7 [25600/60000 (43%)]	Loss: 112.157722
[2022-10-20 00:55:43] PRINT Train Epoch: 7 [26880/60000 (45%)]	Loss: 106.459930
[2022-10-20 00:55:43] PRINT Train Epoch: 7 [28160/60000 (47%)]	Loss: 111.651451
[2022-10-20 00:55:43] PRINT Train Epoch: 7 [29440/60000 (49%)]	Loss: 115.713150
[2022-10-20 00:55:44] PRINT Train Epoch: 7 [30720/60000 (51%)]	Loss: 107.465149
[2022-10-20 00:55:44] PRINT Train Epoch: 7 [32000/60000 (53%)]	Loss: 106.494553
[2022-10-20 00:55:44] PRINT Train Epoch: 7 [33280/60000 (55%)]	Loss: 110.676575
[2022-10-20 00:55:45] PRINT Train Epoch: 7 [34560/60000 (58%)]	Loss: 108.149353
[2022-10-20 00:55:45] PRINT Train Epoch: 7 [35840/60000 (60%)]	Loss: 114.116234
[2022-10-20 00:55:45] PRINT Train Epoch: 7 [37120/60000 (62%)]	Loss: 110.748573
[2022-10-20 00:55:46] PRINT Train Epoch: 7 [38400/60000 (64%)]	Loss: 114.945625
[2022-10-20 00:55:46] PRINT Train Epoch: 7 [39680/60000 (66%)]	Loss: 108.974319
[2022-10-20 00:55:46] PRINT Train Epoch: 7 [40960/60000 (68%)]	Loss: 108.412170
[2022-10-20 00:55:47] PRINT Train Epoch: 7 [42240/60000 (70%)]	Loss: 107.978226
[2022-10-20 00:55:47] PRINT Train Epoch: 7 [43520/60000 (72%)]	Loss: 112.096268
[2022-10-20 00:55:47] PRINT Train Epoch: 7 [44800/60000 (75%)]	Loss: 108.409302
[2022-10-20 00:55:47] PRINT Train Epoch: 7 [46080/60000 (77%)]	Loss: 111.238541
[2022-10-20 00:55:48] PRINT Train Epoch: 7 [47360/60000 (79%)]	Loss: 111.045128
[2022-10-20 00:55:48] PRINT Train Epoch: 7 [48640/60000 (81%)]	Loss: 106.800797
[2022-10-20 00:55:48] PRINT Train Epoch: 7 [49920/60000 (83%)]	Loss: 109.267899
[2022-10-20 00:55:49] PRINT Train Epoch: 7 [51200/60000 (85%)]	Loss: 109.371765
[2022-10-20 00:55:49] PRINT Train Epoch: 7 [52480/60000 (87%)]	Loss: 105.966385
[2022-10-20 00:55:49] PRINT Train Epoch: 7 [53760/60000 (90%)]	Loss: 107.979202
[2022-10-20 00:55:50] PRINT Train Epoch: 7 [55040/60000 (92%)]	Loss: 111.239494
[2022-10-20 00:55:50] PRINT Train Epoch: 7 [56320/60000 (94%)]	Loss: 113.156914
[2022-10-20 00:55:50] PRINT Train Epoch: 7 [57600/60000 (96%)]	Loss: 111.032883
[2022-10-20 00:55:51] PRINT Train Epoch: 7 [58880/60000 (98%)]	Loss: 106.606865
[2022-10-20 00:55:51] PRINT ====> Epoch: 7 Average loss: 109.8868
[2022-10-20 00:55:53] PRINT ====> Test set loss: 109.4381
[2022-10-20 00:55:54] PRINT Train Epoch: 8 [0/60000 (0%)]	Loss: 107.957512
[2022-10-20 00:55:54] PRINT Train Epoch: 8 [1280/60000 (2%)]	Loss: 107.539230
[2022-10-20 00:55:54] PRINT Train Epoch: 8 [2560/60000 (4%)]	Loss: 106.651436
[2022-10-20 00:55:54] PRINT Train Epoch: 8 [3840/60000 (6%)]	Loss: 107.160141
[2022-10-20 00:55:55] PRINT Train Epoch: 8 [5120/60000 (9%)]	Loss: 107.037735
[2022-10-20 00:55:55] PRINT Train Epoch: 8 [6400/60000 (11%)]	Loss: 110.651566
[2022-10-20 00:55:55] PRINT Train Epoch: 8 [7680/60000 (13%)]	Loss: 108.185051
[2022-10-20 00:55:56] PRINT Train Epoch: 8 [8960/60000 (15%)]	Loss: 120.010452
[2022-10-20 00:55:56] PRINT Train Epoch: 8 [10240/60000 (17%)]	Loss: 105.223755
[2022-10-20 00:55:56] PRINT Train Epoch: 8 [11520/60000 (19%)]	Loss: 110.506798
[2022-10-20 00:55:57] PRINT Train Epoch: 8 [12800/60000 (21%)]	Loss: 111.791023
[2022-10-20 00:55:57] PRINT Train Epoch: 8 [14080/60000 (23%)]	Loss: 105.578468
[2022-10-20 00:55:57] PRINT Train Epoch: 8 [15360/60000 (26%)]	Loss: 114.568420
[2022-10-20 00:55:58] PRINT Train Epoch: 8 [16640/60000 (28%)]	Loss: 107.253868
[2022-10-20 00:55:58] PRINT Train Epoch: 8 [17920/60000 (30%)]	Loss: 111.892265
[2022-10-20 00:55:58] PRINT Train Epoch: 8 [19200/60000 (32%)]	Loss: 107.431122
[2022-10-20 00:55:59] PRINT Train Epoch: 8 [20480/60000 (34%)]	Loss: 108.275925
[2022-10-20 00:55:59] PRINT Train Epoch: 8 [21760/60000 (36%)]	Loss: 114.112068
[2022-10-20 00:55:59] PRINT Train Epoch: 8 [23040/60000 (38%)]	Loss: 108.543533
[2022-10-20 00:56:00] PRINT Train Epoch: 8 [24320/60000 (41%)]	Loss: 114.503418
[2022-10-20 00:56:00] PRINT Train Epoch: 8 [25600/60000 (43%)]	Loss: 108.787941
[2022-10-20 00:56:00] PRINT Train Epoch: 8 [26880/60000 (45%)]	Loss: 108.115799
[2022-10-20 00:56:00] PRINT Train Epoch: 8 [28160/60000 (47%)]	Loss: 109.165085
[2022-10-20 00:56:01] PRINT Train Epoch: 8 [29440/60000 (49%)]	Loss: 111.150558
[2022-10-20 00:56:01] PRINT Train Epoch: 8 [30720/60000 (51%)]	Loss: 112.105278
[2022-10-20 00:56:01] PRINT Train Epoch: 8 [32000/60000 (53%)]	Loss: 107.450836
[2022-10-20 00:56:02] PRINT Train Epoch: 8 [33280/60000 (55%)]	Loss: 106.883934
[2022-10-20 00:56:02] PRINT Train Epoch: 8 [34560/60000 (58%)]	Loss: 107.482010
[2022-10-20 00:56:02] PRINT Train Epoch: 8 [35840/60000 (60%)]	Loss: 110.013306
[2022-10-20 00:56:03] PRINT Train Epoch: 8 [37120/60000 (62%)]	Loss: 110.772194
[2022-10-20 00:56:03] PRINT Train Epoch: 8 [38400/60000 (64%)]	Loss: 107.739105
[2022-10-20 00:56:03] PRINT Train Epoch: 8 [39680/60000 (66%)]	Loss: 115.050507
[2022-10-20 00:56:04] PRINT Train Epoch: 8 [40960/60000 (68%)]	Loss: 108.341766
[2022-10-20 00:56:04] PRINT Train Epoch: 8 [42240/60000 (70%)]	Loss: 108.355591
[2022-10-20 00:56:04] PRINT Train Epoch: 8 [43520/60000 (72%)]	Loss: 111.022148
[2022-10-20 00:56:05] PRINT Train Epoch: 8 [44800/60000 (75%)]	Loss: 109.838669
[2022-10-20 00:56:05] PRINT Train Epoch: 8 [46080/60000 (77%)]	Loss: 107.216766
[2022-10-20 00:56:05] PRINT Train Epoch: 8 [47360/60000 (79%)]	Loss: 110.643967
[2022-10-20 00:56:06] PRINT Train Epoch: 8 [48640/60000 (81%)]	Loss: 108.436356
[2022-10-20 00:56:06] PRINT Train Epoch: 8 [49920/60000 (83%)]	Loss: 109.895348
[2022-10-20 00:56:06] PRINT Train Epoch: 8 [51200/60000 (85%)]	Loss: 109.715630
[2022-10-20 00:56:06] PRINT Train Epoch: 8 [52480/60000 (87%)]	Loss: 106.987259
[2022-10-20 00:56:07] PRINT Train Epoch: 8 [53760/60000 (90%)]	Loss: 112.402985
[2022-10-20 00:56:07] PRINT Train Epoch: 8 [55040/60000 (92%)]	Loss: 107.240685
[2022-10-20 00:56:07] PRINT Train Epoch: 8 [56320/60000 (94%)]	Loss: 112.151268
[2022-10-20 00:56:08] PRINT Train Epoch: 8 [57600/60000 (96%)]	Loss: 111.269325
[2022-10-20 00:56:08] PRINT Train Epoch: 8 [58880/60000 (98%)]	Loss: 114.392448
[2022-10-20 00:56:08] PRINT ====> Epoch: 8 Average loss: 109.5523
[2022-10-20 00:56:11] PRINT ====> Test set loss: 109.4465
[2022-10-20 00:56:11] PRINT Train Epoch: 9 [0/60000 (0%)]	Loss: 110.421295
[2022-10-20 00:56:11] PRINT Train Epoch: 9 [1280/60000 (2%)]	Loss: 110.418884
[2022-10-20 00:56:12] PRINT Train Epoch: 9 [2560/60000 (4%)]	Loss: 114.167831
[2022-10-20 00:56:12] PRINT Train Epoch: 9 [3840/60000 (6%)]	Loss: 108.703270
[2022-10-20 00:56:12] PRINT Train Epoch: 9 [5120/60000 (9%)]	Loss: 106.019043
[2022-10-20 00:56:13] PRINT Train Epoch: 9 [6400/60000 (11%)]	Loss: 105.982758
[2022-10-20 00:56:13] PRINT Train Epoch: 9 [7680/60000 (13%)]	Loss: 104.431198
[2022-10-20 00:56:13] PRINT Train Epoch: 9 [8960/60000 (15%)]	Loss: 107.823555
[2022-10-20 00:56:14] PRINT Train Epoch: 9 [10240/60000 (17%)]	Loss: 111.936836
[2022-10-20 00:56:14] PRINT Train Epoch: 9 [11520/60000 (19%)]	Loss: 111.060112
[2022-10-20 00:56:14] PRINT Train Epoch: 9 [12800/60000 (21%)]	Loss: 108.495377
[2022-10-20 00:56:15] PRINT Train Epoch: 9 [14080/60000 (23%)]	Loss: 112.950401
[2022-10-20 00:56:15] PRINT Train Epoch: 9 [15360/60000 (26%)]	Loss: 110.774155
[2022-10-20 00:56:15] PRINT Train Epoch: 9 [16640/60000 (28%)]	Loss: 109.093689
[2022-10-20 00:56:15] PRINT Train Epoch: 9 [17920/60000 (30%)]	Loss: 106.739098
[2022-10-20 00:56:16] PRINT Train Epoch: 9 [19200/60000 (32%)]	Loss: 104.918594
[2022-10-20 00:56:16] PRINT Train Epoch: 9 [20480/60000 (34%)]	Loss: 107.925400
[2022-10-20 00:56:16] PRINT Train Epoch: 9 [21760/60000 (36%)]	Loss: 114.565865
[2022-10-20 00:56:17] PRINT Train Epoch: 9 [23040/60000 (38%)]	Loss: 105.486572
[2022-10-20 00:56:17] PRINT Train Epoch: 9 [24320/60000 (41%)]	Loss: 107.238922
[2022-10-20 00:56:17] PRINT Train Epoch: 9 [25600/60000 (43%)]	Loss: 111.600021
[2022-10-20 00:56:18] PRINT Train Epoch: 9 [26880/60000 (45%)]	Loss: 111.139290
[2022-10-20 00:56:18] PRINT Train Epoch: 9 [28160/60000 (47%)]	Loss: 107.424210
[2022-10-20 00:56:18] PRINT Train Epoch: 9 [29440/60000 (49%)]	Loss: 111.568413
[2022-10-20 00:56:19] PRINT Train Epoch: 9 [30720/60000 (51%)]	Loss: 107.103394
[2022-10-20 00:56:19] PRINT Train Epoch: 9 [32000/60000 (53%)]	Loss: 108.179901
[2022-10-20 00:56:19] PRINT Train Epoch: 9 [33280/60000 (55%)]	Loss: 108.016129
[2022-10-20 00:56:20] PRINT Train Epoch: 9 [34560/60000 (58%)]	Loss: 113.701935
[2022-10-20 00:56:20] PRINT Train Epoch: 9 [35840/60000 (60%)]	Loss: 106.868744
[2022-10-20 00:56:20] PRINT Train Epoch: 9 [37120/60000 (62%)]	Loss: 105.867569
[2022-10-20 00:56:20] PRINT Train Epoch: 9 [38400/60000 (64%)]	Loss: 110.814423
[2022-10-20 00:56:21] PRINT Train Epoch: 9 [39680/60000 (66%)]	Loss: 110.435570
[2022-10-20 00:56:21] PRINT Train Epoch: 9 [40960/60000 (68%)]	Loss: 111.377533
[2022-10-20 00:56:21] PRINT Train Epoch: 9 [42240/60000 (70%)]	Loss: 110.221443
[2022-10-20 00:56:22] PRINT Train Epoch: 9 [43520/60000 (72%)]	Loss: 112.623177
[2022-10-20 00:56:22] PRINT Train Epoch: 9 [44800/60000 (75%)]	Loss: 110.880768
[2022-10-20 00:56:22] PRINT Train Epoch: 9 [46080/60000 (77%)]	Loss: 110.693848
[2022-10-20 00:56:23] PRINT Train Epoch: 9 [47360/60000 (79%)]	Loss: 114.070412
[2022-10-20 00:56:23] PRINT Train Epoch: 9 [48640/60000 (81%)]	Loss: 109.782013
[2022-10-20 00:56:23] PRINT Train Epoch: 9 [49920/60000 (83%)]	Loss: 109.719208
[2022-10-20 00:56:24] PRINT Train Epoch: 9 [51200/60000 (85%)]	Loss: 109.460587
[2022-10-20 00:56:24] PRINT Train Epoch: 9 [52480/60000 (87%)]	Loss: 106.247353
[2022-10-20 00:56:24] PRINT Train Epoch: 9 [53760/60000 (90%)]	Loss: 110.769096
[2022-10-20 00:56:24] PRINT Train Epoch: 9 [55040/60000 (92%)]	Loss: 110.908684
[2022-10-20 00:56:25] PRINT Train Epoch: 9 [56320/60000 (94%)]	Loss: 113.603477
[2022-10-20 00:56:25] PRINT Train Epoch: 9 [57600/60000 (96%)]	Loss: 113.843109
[2022-10-20 00:56:25] PRINT Train Epoch: 9 [58880/60000 (98%)]	Loss: 106.381302
[2022-10-20 00:56:26] PRINT ====> Epoch: 9 Average loss: 109.3055
[2022-10-20 00:56:28] PRINT ====> Test set loss: 108.9283
[2022-10-20 00:56:28] PRINT Train Epoch: 10 [0/60000 (0%)]	Loss: 108.943680
[2022-10-20 00:56:29] PRINT Train Epoch: 10 [1280/60000 (2%)]	Loss: 108.089325
[2022-10-20 00:56:29] PRINT Train Epoch: 10 [2560/60000 (4%)]	Loss: 108.153793
[2022-10-20 00:56:29] PRINT Train Epoch: 10 [3840/60000 (6%)]	Loss: 107.182152
[2022-10-20 00:56:30] PRINT Train Epoch: 10 [5120/60000 (9%)]	Loss: 105.836952
[2022-10-20 00:56:30] PRINT Train Epoch: 10 [6400/60000 (11%)]	Loss: 100.239334
[2022-10-20 00:56:30] PRINT Train Epoch: 10 [7680/60000 (13%)]	Loss: 110.639854
[2022-10-20 00:56:31] PRINT Train Epoch: 10 [8960/60000 (15%)]	Loss: 111.663925
[2022-10-20 00:56:31] PRINT Train Epoch: 10 [10240/60000 (17%)]	Loss: 109.063568
[2022-10-20 00:56:31] PRINT Train Epoch: 10 [11520/60000 (19%)]	Loss: 110.204849
[2022-10-20 00:56:32] PRINT Train Epoch: 10 [12800/60000 (21%)]	Loss: 109.489998
[2022-10-20 00:56:32] PRINT Train Epoch: 10 [14080/60000 (23%)]	Loss: 108.886024
[2022-10-20 00:56:32] PRINT Train Epoch: 10 [15360/60000 (26%)]	Loss: 109.392075
[2022-10-20 00:56:32] PRINT Train Epoch: 10 [16640/60000 (28%)]	Loss: 109.999413
[2022-10-20 00:56:33] PRINT Train Epoch: 10 [17920/60000 (30%)]	Loss: 106.936615
[2022-10-20 00:56:33] PRINT Train Epoch: 10 [19200/60000 (32%)]	Loss: 107.699692
[2022-10-20 00:56:33] PRINT Train Epoch: 10 [20480/60000 (34%)]	Loss: 111.758018
[2022-10-20 00:56:34] PRINT Train Epoch: 10 [21760/60000 (36%)]	Loss: 109.789398
[2022-10-20 00:56:34] PRINT Train Epoch: 10 [23040/60000 (38%)]	Loss: 103.890472
[2022-10-20 00:56:34] PRINT Train Epoch: 10 [24320/60000 (41%)]	Loss: 106.455437
[2022-10-20 00:56:35] PRINT Train Epoch: 10 [25600/60000 (43%)]	Loss: 105.544319
[2022-10-20 00:56:35] PRINT Train Epoch: 10 [26880/60000 (45%)]	Loss: 111.662178
[2022-10-20 00:56:35] PRINT Train Epoch: 10 [28160/60000 (47%)]	Loss: 106.124825
[2022-10-20 00:56:36] PRINT Train Epoch: 10 [29440/60000 (49%)]	Loss: 105.977592
[2022-10-20 00:56:36] PRINT Train Epoch: 10 [30720/60000 (51%)]	Loss: 102.331512
[2022-10-20 00:56:36] PRINT Train Epoch: 10 [32000/60000 (53%)]	Loss: 106.628082
[2022-10-20 00:56:37] PRINT Train Epoch: 10 [33280/60000 (55%)]	Loss: 111.532639
[2022-10-20 00:56:37] PRINT Train Epoch: 10 [34560/60000 (58%)]	Loss: 104.529060
[2022-10-20 00:56:37] PRINT Train Epoch: 10 [35840/60000 (60%)]	Loss: 105.827873
[2022-10-20 00:56:37] PRINT Train Epoch: 10 [37120/60000 (62%)]	Loss: 110.542801
[2022-10-20 00:56:38] PRINT Train Epoch: 10 [38400/60000 (64%)]	Loss: 108.872719
[2022-10-20 00:56:38] PRINT Train Epoch: 10 [39680/60000 (66%)]	Loss: 110.003937
[2022-10-20 00:56:38] PRINT Train Epoch: 10 [40960/60000 (68%)]	Loss: 107.031891
[2022-10-20 00:56:39] PRINT Train Epoch: 10 [42240/60000 (70%)]	Loss: 105.174683
[2022-10-20 00:56:39] PRINT Train Epoch: 10 [43520/60000 (72%)]	Loss: 107.157608
[2022-10-20 00:56:39] PRINT Train Epoch: 10 [44800/60000 (75%)]	Loss: 114.796326
[2022-10-20 00:56:40] PRINT Train Epoch: 10 [46080/60000 (77%)]	Loss: 108.937714
[2022-10-20 00:56:40] PRINT Train Epoch: 10 [47360/60000 (79%)]	Loss: 110.728989
[2022-10-20 00:56:40] PRINT Train Epoch: 10 [48640/60000 (81%)]	Loss: 106.954666
[2022-10-20 00:56:41] PRINT Train Epoch: 10 [49920/60000 (83%)]	Loss: 115.826797
[2022-10-20 00:56:41] PRINT Train Epoch: 10 [51200/60000 (85%)]	Loss: 112.702438
[2022-10-20 00:56:41] PRINT Train Epoch: 10 [52480/60000 (87%)]	Loss: 107.490417
[2022-10-20 00:56:41] PRINT Train Epoch: 10 [53760/60000 (90%)]	Loss: 110.697784
[2022-10-20 00:56:42] PRINT Train Epoch: 10 [55040/60000 (92%)]	Loss: 110.835228
[2022-10-20 00:56:42] PRINT Train Epoch: 10 [56320/60000 (94%)]	Loss: 108.583733
[2022-10-20 00:56:42] PRINT Train Epoch: 10 [57600/60000 (96%)]	Loss: 112.251358
[2022-10-20 00:56:43] PRINT Train Epoch: 10 [58880/60000 (98%)]	Loss: 111.323250
[2022-10-20 00:56:43] PRINT ====> Epoch: 10 Average loss: 108.9825
[2022-10-20 00:56:46] PRINT ====> Test set loss: 108.8570
