[2022-10-19 23:27:13] PRINT {'features1': 400, 'features2': 30, 'lr': 0.0003822642867044562, 'epsilon': 1e-06}
[2022-10-19 23:27:13] PRINT Using cuda device
[2022-10-19 23:27:14] PRINT Train Epoch: 1 [0/60000 (0%)]	Loss: 548.482178
[2022-10-19 23:27:15] PRINT Train Epoch: 1 [1280/60000 (2%)]	Loss: 438.629395
[2022-10-19 23:27:15] PRINT Train Epoch: 1 [2560/60000 (4%)]	Loss: 328.643799
[2022-10-19 23:27:15] PRINT Train Epoch: 1 [3840/60000 (6%)]	Loss: 262.223969
[2022-10-19 23:27:15] PRINT Train Epoch: 1 [5120/60000 (9%)]	Loss: 243.284714
[2022-10-19 23:27:15] PRINT Train Epoch: 1 [6400/60000 (11%)]	Loss: 237.150757
[2022-10-19 23:27:15] PRINT Train Epoch: 1 [7680/60000 (13%)]	Loss: 225.952667
[2022-10-19 23:27:15] PRINT Train Epoch: 1 [8960/60000 (15%)]	Loss: 224.955963
[2022-10-19 23:27:15] PRINT Train Epoch: 1 [10240/60000 (17%)]	Loss: 215.512482
[2022-10-19 23:27:15] PRINT Train Epoch: 1 [11520/60000 (19%)]	Loss: 217.011444
[2022-10-19 23:27:15] PRINT Train Epoch: 1 [12800/60000 (21%)]	Loss: 214.740601
[2022-10-19 23:27:16] PRINT Train Epoch: 1 [14080/60000 (23%)]	Loss: 211.218689
[2022-10-19 23:27:16] PRINT Train Epoch: 1 [15360/60000 (26%)]	Loss: 210.483917
[2022-10-19 23:27:16] PRINT Train Epoch: 1 [16640/60000 (28%)]	Loss: 201.125763
[2022-10-19 23:27:16] PRINT Train Epoch: 1 [17920/60000 (30%)]	Loss: 200.555359
[2022-10-19 23:27:16] PRINT Train Epoch: 1 [19200/60000 (32%)]	Loss: 199.299316
[2022-10-19 23:27:16] PRINT Train Epoch: 1 [20480/60000 (34%)]	Loss: 193.197403
[2022-10-19 23:27:16] PRINT Train Epoch: 1 [21760/60000 (36%)]	Loss: 194.920380
[2022-10-19 23:27:16] PRINT Train Epoch: 1 [23040/60000 (38%)]	Loss: 185.319000
[2022-10-19 23:27:16] PRINT Train Epoch: 1 [24320/60000 (41%)]	Loss: 187.114975
[2022-10-19 23:27:17] PRINT Train Epoch: 1 [25600/60000 (43%)]	Loss: 187.408417
[2022-10-19 23:27:17] PRINT Train Epoch: 1 [26880/60000 (45%)]	Loss: 179.354858
[2022-10-19 23:27:17] PRINT Train Epoch: 1 [28160/60000 (47%)]	Loss: 183.240402
[2022-10-19 23:27:17] PRINT Train Epoch: 1 [29440/60000 (49%)]	Loss: 178.661377
[2022-10-19 23:27:17] PRINT Train Epoch: 1 [30720/60000 (51%)]	Loss: 172.813278
[2022-10-19 23:27:17] PRINT Train Epoch: 1 [32000/60000 (53%)]	Loss: 170.535278
[2022-10-19 23:27:17] PRINT Train Epoch: 1 [33280/60000 (55%)]	Loss: 169.673981
[2022-10-19 23:27:17] PRINT Train Epoch: 1 [34560/60000 (58%)]	Loss: 163.402481
[2022-10-19 23:27:17] PRINT Train Epoch: 1 [35840/60000 (60%)]	Loss: 162.709091
[2022-10-19 23:27:18] PRINT Train Epoch: 1 [37120/60000 (62%)]	Loss: 167.397186
[2022-10-19 23:27:18] PRINT Train Epoch: 1 [38400/60000 (64%)]	Loss: 162.594086
[2022-10-19 23:27:18] PRINT Train Epoch: 1 [39680/60000 (66%)]	Loss: 165.579147
[2022-10-19 23:27:18] PRINT Train Epoch: 1 [40960/60000 (68%)]	Loss: 167.676117
[2022-10-19 23:27:18] PRINT Train Epoch: 1 [42240/60000 (70%)]	Loss: 163.662155
[2022-10-19 23:27:18] PRINT Train Epoch: 1 [43520/60000 (72%)]	Loss: 169.050766
[2022-10-19 23:27:18] PRINT Train Epoch: 1 [44800/60000 (75%)]	Loss: 160.575119
[2022-10-19 23:27:18] PRINT Train Epoch: 1 [46080/60000 (77%)]	Loss: 163.288742
[2022-10-19 23:27:18] PRINT Train Epoch: 1 [47360/60000 (79%)]	Loss: 152.686066
[2022-10-19 23:27:18] PRINT Train Epoch: 1 [48640/60000 (81%)]	Loss: 152.967834
[2022-10-19 23:27:19] PRINT Train Epoch: 1 [49920/60000 (83%)]	Loss: 157.805466
[2022-10-19 23:27:19] PRINT Train Epoch: 1 [51200/60000 (85%)]	Loss: 158.924713
[2022-10-19 23:27:19] PRINT Train Epoch: 1 [52480/60000 (87%)]	Loss: 153.781448
[2022-10-19 23:27:19] PRINT Train Epoch: 1 [53760/60000 (90%)]	Loss: 161.498077
[2022-10-19 23:27:19] PRINT Train Epoch: 1 [55040/60000 (92%)]	Loss: 153.948441
[2022-10-19 23:27:19] PRINT Train Epoch: 1 [56320/60000 (94%)]	Loss: 148.276581
[2022-10-19 23:27:19] PRINT Train Epoch: 1 [57600/60000 (96%)]	Loss: 148.418167
[2022-10-19 23:27:19] PRINT Train Epoch: 1 [58880/60000 (98%)]	Loss: 157.185974
[2022-10-19 23:27:19] PRINT ====> Epoch: 1 Average loss: 195.3842
[2022-10-19 23:27:20] PRINT ====> Test set loss: 150.8851
[2022-10-19 23:27:20] PRINT Train Epoch: 2 [0/60000 (0%)]	Loss: 146.653748
[2022-10-19 23:27:20] PRINT Train Epoch: 2 [1280/60000 (2%)]	Loss: 150.342163
[2022-10-19 23:27:21] PRINT Train Epoch: 2 [2560/60000 (4%)]	Loss: 150.963074
[2022-10-19 23:27:21] PRINT Train Epoch: 2 [3840/60000 (6%)]	Loss: 146.549713
[2022-10-19 23:27:21] PRINT Train Epoch: 2 [5120/60000 (9%)]	Loss: 147.417389
[2022-10-19 23:27:21] PRINT Train Epoch: 2 [6400/60000 (11%)]	Loss: 149.053101
[2022-10-19 23:27:21] PRINT Train Epoch: 2 [7680/60000 (13%)]	Loss: 142.657272
[2022-10-19 23:27:21] PRINT Train Epoch: 2 [8960/60000 (15%)]	Loss: 150.916824
[2022-10-19 23:27:21] PRINT Train Epoch: 2 [10240/60000 (17%)]	Loss: 148.175064
[2022-10-19 23:27:21] PRINT Train Epoch: 2 [11520/60000 (19%)]	Loss: 141.010101
[2022-10-19 23:27:21] PRINT Train Epoch: 2 [12800/60000 (21%)]	Loss: 142.060745
[2022-10-19 23:27:21] PRINT Train Epoch: 2 [14080/60000 (23%)]	Loss: 142.661362
[2022-10-19 23:27:22] PRINT Train Epoch: 2 [15360/60000 (26%)]	Loss: 142.807541
[2022-10-19 23:27:22] PRINT Train Epoch: 2 [16640/60000 (28%)]	Loss: 142.950302
[2022-10-19 23:27:22] PRINT Train Epoch: 2 [17920/60000 (30%)]	Loss: 141.141800
[2022-10-19 23:27:22] PRINT Train Epoch: 2 [19200/60000 (32%)]	Loss: 139.705185
[2022-10-19 23:27:22] PRINT Train Epoch: 2 [20480/60000 (34%)]	Loss: 150.949066
[2022-10-19 23:27:22] PRINT Train Epoch: 2 [21760/60000 (36%)]	Loss: 143.084717
[2022-10-19 23:27:22] PRINT Train Epoch: 2 [23040/60000 (38%)]	Loss: 143.993866
[2022-10-19 23:27:22] PRINT Train Epoch: 2 [24320/60000 (41%)]	Loss: 142.088120
[2022-10-19 23:27:22] PRINT Train Epoch: 2 [25600/60000 (43%)]	Loss: 139.727203
[2022-10-19 23:27:22] PRINT Train Epoch: 2 [26880/60000 (45%)]	Loss: 142.557144
[2022-10-19 23:27:23] PRINT Train Epoch: 2 [28160/60000 (47%)]	Loss: 138.719437
[2022-10-19 23:27:23] PRINT Train Epoch: 2 [29440/60000 (49%)]	Loss: 145.453110
[2022-10-19 23:27:23] PRINT Train Epoch: 2 [30720/60000 (51%)]	Loss: 143.286545
[2022-10-19 23:27:23] PRINT Train Epoch: 2 [32000/60000 (53%)]	Loss: 147.384094
[2022-10-19 23:27:23] PRINT Train Epoch: 2 [33280/60000 (55%)]	Loss: 139.861572
[2022-10-19 23:27:23] PRINT Train Epoch: 2 [34560/60000 (58%)]	Loss: 139.932693
[2022-10-19 23:27:23] PRINT Train Epoch: 2 [35840/60000 (60%)]	Loss: 139.626602
[2022-10-19 23:27:23] PRINT Train Epoch: 2 [37120/60000 (62%)]	Loss: 132.724762
[2022-10-19 23:27:23] PRINT Train Epoch: 2 [38400/60000 (64%)]	Loss: 135.294342
[2022-10-19 23:27:24] PRINT Train Epoch: 2 [39680/60000 (66%)]	Loss: 137.228302
[2022-10-19 23:27:24] PRINT Train Epoch: 2 [40960/60000 (68%)]	Loss: 138.720154
[2022-10-19 23:27:24] PRINT Train Epoch: 2 [42240/60000 (70%)]	Loss: 135.549652
[2022-10-19 23:27:24] PRINT Train Epoch: 2 [43520/60000 (72%)]	Loss: 134.476547
[2022-10-19 23:27:24] PRINT Train Epoch: 2 [44800/60000 (75%)]	Loss: 133.733063
[2022-10-19 23:27:24] PRINT Train Epoch: 2 [46080/60000 (77%)]	Loss: 134.484283
[2022-10-19 23:27:24] PRINT Train Epoch: 2 [47360/60000 (79%)]	Loss: 134.614166
[2022-10-19 23:27:24] PRINT Train Epoch: 2 [48640/60000 (81%)]	Loss: 133.947876
[2022-10-19 23:27:24] PRINT Train Epoch: 2 [49920/60000 (83%)]	Loss: 133.111755
[2022-10-19 23:27:24] PRINT Train Epoch: 2 [51200/60000 (85%)]	Loss: 131.875534
[2022-10-19 23:27:25] PRINT Train Epoch: 2 [52480/60000 (87%)]	Loss: 133.727280
[2022-10-19 23:27:25] PRINT Train Epoch: 2 [53760/60000 (90%)]	Loss: 135.483398
[2022-10-19 23:27:25] PRINT Train Epoch: 2 [55040/60000 (92%)]	Loss: 128.536560
[2022-10-19 23:27:25] PRINT Train Epoch: 2 [56320/60000 (94%)]	Loss: 132.360458
[2022-10-19 23:27:25] PRINT Train Epoch: 2 [57600/60000 (96%)]	Loss: 131.819092
[2022-10-19 23:27:25] PRINT Train Epoch: 2 [58880/60000 (98%)]	Loss: 136.415802
[2022-10-19 23:27:25] PRINT ====> Epoch: 2 Average loss: 140.0211
[2022-10-19 23:27:26] PRINT ====> Test set loss: 130.9847
[2022-10-19 23:27:26] PRINT Train Epoch: 3 [0/60000 (0%)]	Loss: 133.754379
[2022-10-19 23:27:26] PRINT Train Epoch: 3 [1280/60000 (2%)]	Loss: 135.076233
[2022-10-19 23:27:26] PRINT Train Epoch: 3 [2560/60000 (4%)]	Loss: 130.806458
[2022-10-19 23:27:26] PRINT Train Epoch: 3 [3840/60000 (6%)]	Loss: 132.598740
[2022-10-19 23:27:27] PRINT Train Epoch: 3 [5120/60000 (9%)]	Loss: 128.721146
[2022-10-19 23:27:27] PRINT Train Epoch: 3 [6400/60000 (11%)]	Loss: 127.692505
[2022-10-19 23:27:27] PRINT Train Epoch: 3 [7680/60000 (13%)]	Loss: 132.441055
[2022-10-19 23:27:27] PRINT Train Epoch: 3 [8960/60000 (15%)]	Loss: 132.702454
[2022-10-19 23:27:27] PRINT Train Epoch: 3 [10240/60000 (17%)]	Loss: 130.657074
[2022-10-19 23:27:27] PRINT Train Epoch: 3 [11520/60000 (19%)]	Loss: 132.365646
[2022-10-19 23:27:27] PRINT Train Epoch: 3 [12800/60000 (21%)]	Loss: 129.686661
[2022-10-19 23:27:27] PRINT Train Epoch: 3 [14080/60000 (23%)]	Loss: 136.846039
[2022-10-19 23:27:27] PRINT Train Epoch: 3 [15360/60000 (26%)]	Loss: 128.675873
[2022-10-19 23:27:27] PRINT Train Epoch: 3 [16640/60000 (28%)]	Loss: 129.178421
[2022-10-19 23:27:28] PRINT Train Epoch: 3 [17920/60000 (30%)]	Loss: 133.973358
[2022-10-19 23:27:28] PRINT Train Epoch: 3 [19200/60000 (32%)]	Loss: 124.605667
[2022-10-19 23:27:28] PRINT Train Epoch: 3 [20480/60000 (34%)]	Loss: 130.793915
[2022-10-19 23:27:28] PRINT Train Epoch: 3 [21760/60000 (36%)]	Loss: 125.938835
[2022-10-19 23:27:28] PRINT Train Epoch: 3 [23040/60000 (38%)]	Loss: 128.355957
[2022-10-19 23:27:28] PRINT Train Epoch: 3 [24320/60000 (41%)]	Loss: 128.680908
[2022-10-19 23:27:28] PRINT Train Epoch: 3 [25600/60000 (43%)]	Loss: 131.515686
[2022-10-19 23:27:28] PRINT Train Epoch: 3 [26880/60000 (45%)]	Loss: 128.844849
[2022-10-19 23:27:28] PRINT Train Epoch: 3 [28160/60000 (47%)]	Loss: 130.686188
[2022-10-19 23:27:28] PRINT Train Epoch: 3 [29440/60000 (49%)]	Loss: 130.707581
[2022-10-19 23:27:29] PRINT Train Epoch: 3 [30720/60000 (51%)]	Loss: 134.250305
[2022-10-19 23:27:29] PRINT Train Epoch: 3 [32000/60000 (53%)]	Loss: 128.536804
[2022-10-19 23:27:29] PRINT Train Epoch: 3 [33280/60000 (55%)]	Loss: 129.012115
[2022-10-19 23:27:29] PRINT Train Epoch: 3 [34560/60000 (58%)]	Loss: 125.188332
[2022-10-19 23:27:29] PRINT Train Epoch: 3 [35840/60000 (60%)]	Loss: 130.479568
[2022-10-19 23:27:29] PRINT Train Epoch: 3 [37120/60000 (62%)]	Loss: 123.528137
[2022-10-19 23:27:29] PRINT Train Epoch: 3 [38400/60000 (64%)]	Loss: 124.699081
[2022-10-19 23:27:29] PRINT Train Epoch: 3 [39680/60000 (66%)]	Loss: 127.531502
[2022-10-19 23:27:29] PRINT Train Epoch: 3 [40960/60000 (68%)]	Loss: 128.954590
[2022-10-19 23:27:30] PRINT Train Epoch: 3 [42240/60000 (70%)]	Loss: 124.768410
[2022-10-19 23:27:30] PRINT Train Epoch: 3 [43520/60000 (72%)]	Loss: 125.040771
[2022-10-19 23:27:30] PRINT Train Epoch: 3 [44800/60000 (75%)]	Loss: 127.383293
[2022-10-19 23:27:30] PRINT Train Epoch: 3 [46080/60000 (77%)]	Loss: 125.619049
[2022-10-19 23:27:30] PRINT Train Epoch: 3 [47360/60000 (79%)]	Loss: 124.551361
[2022-10-19 23:27:30] PRINT Train Epoch: 3 [48640/60000 (81%)]	Loss: 122.209038
[2022-10-19 23:27:30] PRINT Train Epoch: 3 [49920/60000 (83%)]	Loss: 128.227234
[2022-10-19 23:27:30] PRINT Train Epoch: 3 [51200/60000 (85%)]	Loss: 127.450546
[2022-10-19 23:27:30] PRINT Train Epoch: 3 [52480/60000 (87%)]	Loss: 124.593323
[2022-10-19 23:27:30] PRINT Train Epoch: 3 [53760/60000 (90%)]	Loss: 124.854828
[2022-10-19 23:27:31] PRINT Train Epoch: 3 [55040/60000 (92%)]	Loss: 120.110855
[2022-10-19 23:27:31] PRINT Train Epoch: 3 [56320/60000 (94%)]	Loss: 118.869621
[2022-10-19 23:27:31] PRINT Train Epoch: 3 [57600/60000 (96%)]	Loss: 119.874573
[2022-10-19 23:27:31] PRINT Train Epoch: 3 [58880/60000 (98%)]	Loss: 126.321335
[2022-10-19 23:27:31] PRINT ====> Epoch: 3 Average loss: 127.7504
[2022-10-19 23:27:32] PRINT ====> Test set loss: 122.7931
[2022-10-19 23:27:32] PRINT Train Epoch: 4 [0/60000 (0%)]	Loss: 123.078674
[2022-10-19 23:27:32] PRINT Train Epoch: 4 [1280/60000 (2%)]	Loss: 122.305046
[2022-10-19 23:27:32] PRINT Train Epoch: 4 [2560/60000 (4%)]	Loss: 119.183296
[2022-10-19 23:27:32] PRINT Train Epoch: 4 [3840/60000 (6%)]	Loss: 119.486435
[2022-10-19 23:27:32] PRINT Train Epoch: 4 [5120/60000 (9%)]	Loss: 122.183167
[2022-10-19 23:27:32] PRINT Train Epoch: 4 [6400/60000 (11%)]	Loss: 123.985985
[2022-10-19 23:27:33] PRINT Train Epoch: 4 [7680/60000 (13%)]	Loss: 120.776718
[2022-10-19 23:27:33] PRINT Train Epoch: 4 [8960/60000 (15%)]	Loss: 121.024612
[2022-10-19 23:27:33] PRINT Train Epoch: 4 [10240/60000 (17%)]	Loss: 120.369263
[2022-10-19 23:27:33] PRINT Train Epoch: 4 [11520/60000 (19%)]	Loss: 128.217819
[2022-10-19 23:27:33] PRINT Train Epoch: 4 [12800/60000 (21%)]	Loss: 121.630997
[2022-10-19 23:27:33] PRINT Train Epoch: 4 [14080/60000 (23%)]	Loss: 122.672768
[2022-10-19 23:27:33] PRINT Train Epoch: 4 [15360/60000 (26%)]	Loss: 122.460724
[2022-10-19 23:27:33] PRINT Train Epoch: 4 [16640/60000 (28%)]	Loss: 122.715210
[2022-10-19 23:27:33] PRINT Train Epoch: 4 [17920/60000 (30%)]	Loss: 118.176102
[2022-10-19 23:27:33] PRINT Train Epoch: 4 [19200/60000 (32%)]	Loss: 123.093048
[2022-10-19 23:27:34] PRINT Train Epoch: 4 [20480/60000 (34%)]	Loss: 126.615440
[2022-10-19 23:27:34] PRINT Train Epoch: 4 [21760/60000 (36%)]	Loss: 125.972000
[2022-10-19 23:27:34] PRINT Train Epoch: 4 [23040/60000 (38%)]	Loss: 121.406799
[2022-10-19 23:27:34] PRINT Train Epoch: 4 [24320/60000 (41%)]	Loss: 119.180489
[2022-10-19 23:27:34] PRINT Train Epoch: 4 [25600/60000 (43%)]	Loss: 122.757462
[2022-10-19 23:27:34] PRINT Train Epoch: 4 [26880/60000 (45%)]	Loss: 119.572433
[2022-10-19 23:27:34] PRINT Train Epoch: 4 [28160/60000 (47%)]	Loss: 121.658501
[2022-10-19 23:27:34] PRINT Train Epoch: 4 [29440/60000 (49%)]	Loss: 119.660416
[2022-10-19 23:27:34] PRINT Train Epoch: 4 [30720/60000 (51%)]	Loss: 118.499825
[2022-10-19 23:27:35] PRINT Train Epoch: 4 [32000/60000 (53%)]	Loss: 124.978760
[2022-10-19 23:27:35] PRINT Train Epoch: 4 [33280/60000 (55%)]	Loss: 118.774246
[2022-10-19 23:27:35] PRINT Train Epoch: 4 [34560/60000 (58%)]	Loss: 118.605156
[2022-10-19 23:27:35] PRINT Train Epoch: 4 [35840/60000 (60%)]	Loss: 123.214844
[2022-10-19 23:27:35] PRINT Train Epoch: 4 [37120/60000 (62%)]	Loss: 116.763741
[2022-10-19 23:27:35] PRINT Train Epoch: 4 [38400/60000 (64%)]	Loss: 119.965530
[2022-10-19 23:27:35] PRINT Train Epoch: 4 [39680/60000 (66%)]	Loss: 123.167343
[2022-10-19 23:27:35] PRINT Train Epoch: 4 [40960/60000 (68%)]	Loss: 117.128967
[2022-10-19 23:27:35] PRINT Train Epoch: 4 [42240/60000 (70%)]	Loss: 121.596237
[2022-10-19 23:27:35] PRINT Train Epoch: 4 [43520/60000 (72%)]	Loss: 121.109833
[2022-10-19 23:27:36] PRINT Train Epoch: 4 [44800/60000 (75%)]	Loss: 122.022766
[2022-10-19 23:27:36] PRINT Train Epoch: 4 [46080/60000 (77%)]	Loss: 118.895744
[2022-10-19 23:27:36] PRINT Train Epoch: 4 [47360/60000 (79%)]	Loss: 120.746048
[2022-10-19 23:27:36] PRINT Train Epoch: 4 [48640/60000 (81%)]	Loss: 114.489578
[2022-10-19 23:27:36] PRINT Train Epoch: 4 [49920/60000 (83%)]	Loss: 116.922134
[2022-10-19 23:27:36] PRINT Train Epoch: 4 [51200/60000 (85%)]	Loss: 123.795830
[2022-10-19 23:27:36] PRINT Train Epoch: 4 [52480/60000 (87%)]	Loss: 113.210152
[2022-10-19 23:27:36] PRINT Train Epoch: 4 [53760/60000 (90%)]	Loss: 121.126846
[2022-10-19 23:27:36] PRINT Train Epoch: 4 [55040/60000 (92%)]	Loss: 118.821655
[2022-10-19 23:27:37] PRINT Train Epoch: 4 [56320/60000 (94%)]	Loss: 118.958260
[2022-10-19 23:27:37] PRINT Train Epoch: 4 [57600/60000 (96%)]	Loss: 120.811409
[2022-10-19 23:27:37] PRINT Train Epoch: 4 [58880/60000 (98%)]	Loss: 123.888947
[2022-10-19 23:27:37] PRINT ====> Epoch: 4 Average loss: 121.3591
[2022-10-19 23:27:38] PRINT ====> Test set loss: 118.0428
[2022-10-19 23:27:38] PRINT Train Epoch: 5 [0/60000 (0%)]	Loss: 123.549026
[2022-10-19 23:27:38] PRINT Train Epoch: 5 [1280/60000 (2%)]	Loss: 116.380447
[2022-10-19 23:27:38] PRINT Train Epoch: 5 [2560/60000 (4%)]	Loss: 121.137543
[2022-10-19 23:27:38] PRINT Train Epoch: 5 [3840/60000 (6%)]	Loss: 115.581512
[2022-10-19 23:27:38] PRINT Train Epoch: 5 [5120/60000 (9%)]	Loss: 117.280724
[2022-10-19 23:27:38] PRINT Train Epoch: 5 [6400/60000 (11%)]	Loss: 116.051559
[2022-10-19 23:27:38] PRINT Train Epoch: 5 [7680/60000 (13%)]	Loss: 115.681702
[2022-10-19 23:27:39] PRINT Train Epoch: 5 [8960/60000 (15%)]	Loss: 120.288742
[2022-10-19 23:27:39] PRINT Train Epoch: 5 [10240/60000 (17%)]	Loss: 116.441437
[2022-10-19 23:27:39] PRINT Train Epoch: 5 [11520/60000 (19%)]	Loss: 120.232544
[2022-10-19 23:27:39] PRINT Train Epoch: 5 [12800/60000 (21%)]	Loss: 119.703484
[2022-10-19 23:27:39] PRINT Train Epoch: 5 [14080/60000 (23%)]	Loss: 119.856461
[2022-10-19 23:27:39] PRINT Train Epoch: 5 [15360/60000 (26%)]	Loss: 116.044846
[2022-10-19 23:27:39] PRINT Train Epoch: 5 [16640/60000 (28%)]	Loss: 118.878464
[2022-10-19 23:27:39] PRINT Train Epoch: 5 [17920/60000 (30%)]	Loss: 118.231125
[2022-10-19 23:27:39] PRINT Train Epoch: 5 [19200/60000 (32%)]	Loss: 117.121086
[2022-10-19 23:27:40] PRINT Train Epoch: 5 [20480/60000 (34%)]	Loss: 117.873238
[2022-10-19 23:27:40] PRINT Train Epoch: 5 [21760/60000 (36%)]	Loss: 117.527084
[2022-10-19 23:27:40] PRINT Train Epoch: 5 [23040/60000 (38%)]	Loss: 113.231094
[2022-10-19 23:27:40] PRINT Train Epoch: 5 [24320/60000 (41%)]	Loss: 115.434319
[2022-10-19 23:27:40] PRINT Train Epoch: 5 [25600/60000 (43%)]	Loss: 118.299103
[2022-10-19 23:27:40] PRINT Train Epoch: 5 [26880/60000 (45%)]	Loss: 116.759720
[2022-10-19 23:27:40] PRINT Train Epoch: 5 [28160/60000 (47%)]	Loss: 118.353142
[2022-10-19 23:27:40] PRINT Train Epoch: 5 [29440/60000 (49%)]	Loss: 119.255241
[2022-10-19 23:27:40] PRINT Train Epoch: 5 [30720/60000 (51%)]	Loss: 116.124084
[2022-10-19 23:27:40] PRINT Train Epoch: 5 [32000/60000 (53%)]	Loss: 118.696045
[2022-10-19 23:27:41] PRINT Train Epoch: 5 [33280/60000 (55%)]	Loss: 117.766632
[2022-10-19 23:27:41] PRINT Train Epoch: 5 [34560/60000 (58%)]	Loss: 122.100647
[2022-10-19 23:27:41] PRINT Train Epoch: 5 [35840/60000 (60%)]	Loss: 117.756508
[2022-10-19 23:27:41] PRINT Train Epoch: 5 [37120/60000 (62%)]	Loss: 116.905037
[2022-10-19 23:27:41] PRINT Train Epoch: 5 [38400/60000 (64%)]	Loss: 114.308418
[2022-10-19 23:27:41] PRINT Train Epoch: 5 [39680/60000 (66%)]	Loss: 115.624092
[2022-10-19 23:27:41] PRINT Train Epoch: 5 [40960/60000 (68%)]	Loss: 118.229263
[2022-10-19 23:27:41] PRINT Train Epoch: 5 [42240/60000 (70%)]	Loss: 113.894691
[2022-10-19 23:27:41] PRINT Train Epoch: 5 [43520/60000 (72%)]	Loss: 114.842255
[2022-10-19 23:27:42] PRINT Train Epoch: 5 [44800/60000 (75%)]	Loss: 114.505554
[2022-10-19 23:27:42] PRINT Train Epoch: 5 [46080/60000 (77%)]	Loss: 116.008820
[2022-10-19 23:27:42] PRINT Train Epoch: 5 [47360/60000 (79%)]	Loss: 118.791443
[2022-10-19 23:27:42] PRINT Train Epoch: 5 [48640/60000 (81%)]	Loss: 119.099541
[2022-10-19 23:27:42] PRINT Train Epoch: 5 [49920/60000 (83%)]	Loss: 116.075302
[2022-10-19 23:27:42] PRINT Train Epoch: 5 [51200/60000 (85%)]	Loss: 113.882301
[2022-10-19 23:27:42] PRINT Train Epoch: 5 [52480/60000 (87%)]	Loss: 118.326363
[2022-10-19 23:27:42] PRINT Train Epoch: 5 [53760/60000 (90%)]	Loss: 118.143524
[2022-10-19 23:27:42] PRINT Train Epoch: 5 [55040/60000 (92%)]	Loss: 117.208427
[2022-10-19 23:27:42] PRINT Train Epoch: 5 [56320/60000 (94%)]	Loss: 112.919067
[2022-10-19 23:27:43] PRINT Train Epoch: 5 [57600/60000 (96%)]	Loss: 112.415863
[2022-10-19 23:27:43] PRINT Train Epoch: 5 [58880/60000 (98%)]	Loss: 115.889320
[2022-10-19 23:27:43] PRINT ====> Epoch: 5 Average loss: 117.4832
[2022-10-19 23:27:44] PRINT ====> Test set loss: 115.0252
[2022-10-19 23:27:44] PRINT Train Epoch: 6 [0/60000 (0%)]	Loss: 112.102402
[2022-10-19 23:27:44] PRINT Train Epoch: 6 [1280/60000 (2%)]	Loss: 120.337067
[2022-10-19 23:27:44] PRINT Train Epoch: 6 [2560/60000 (4%)]	Loss: 118.650589
[2022-10-19 23:27:44] PRINT Train Epoch: 6 [3840/60000 (6%)]	Loss: 114.630287
[2022-10-19 23:27:44] PRINT Train Epoch: 6 [5120/60000 (9%)]	Loss: 116.749435
[2022-10-19 23:27:44] PRINT Train Epoch: 6 [6400/60000 (11%)]	Loss: 119.020645
[2022-10-19 23:27:44] PRINT Train Epoch: 6 [7680/60000 (13%)]	Loss: 115.327957
[2022-10-19 23:27:44] PRINT Train Epoch: 6 [8960/60000 (15%)]	Loss: 116.182884
[2022-10-19 23:27:45] PRINT Train Epoch: 6 [10240/60000 (17%)]	Loss: 120.329155
[2022-10-19 23:27:45] PRINT Train Epoch: 6 [11520/60000 (19%)]	Loss: 117.986183
[2022-10-19 23:27:45] PRINT Train Epoch: 6 [12800/60000 (21%)]	Loss: 109.891357
[2022-10-19 23:27:45] PRINT Train Epoch: 6 [14080/60000 (23%)]	Loss: 115.425858
[2022-10-19 23:27:45] PRINT Train Epoch: 6 [15360/60000 (26%)]	Loss: 114.743118
[2022-10-19 23:27:45] PRINT Train Epoch: 6 [16640/60000 (28%)]	Loss: 113.515137
[2022-10-19 23:27:45] PRINT Train Epoch: 6 [17920/60000 (30%)]	Loss: 114.157608
[2022-10-19 23:27:45] PRINT Train Epoch: 6 [19200/60000 (32%)]	Loss: 115.759300
[2022-10-19 23:27:45] PRINT Train Epoch: 6 [20480/60000 (34%)]	Loss: 115.517960
[2022-10-19 23:27:46] PRINT Train Epoch: 6 [21760/60000 (36%)]	Loss: 115.845428
[2022-10-19 23:27:46] PRINT Train Epoch: 6 [23040/60000 (38%)]	Loss: 113.771492
[2022-10-19 23:27:46] PRINT Train Epoch: 6 [24320/60000 (41%)]	Loss: 114.996498
[2022-10-19 23:27:46] PRINT Train Epoch: 6 [25600/60000 (43%)]	Loss: 112.019913
[2022-10-19 23:27:46] PRINT Train Epoch: 6 [26880/60000 (45%)]	Loss: 116.499649
[2022-10-19 23:27:46] PRINT Train Epoch: 6 [28160/60000 (47%)]	Loss: 111.679657
[2022-10-19 23:27:46] PRINT Train Epoch: 6 [29440/60000 (49%)]	Loss: 116.742706
[2022-10-19 23:27:46] PRINT Train Epoch: 6 [30720/60000 (51%)]	Loss: 110.873322
[2022-10-19 23:27:46] PRINT Train Epoch: 6 [32000/60000 (53%)]	Loss: 111.202347
[2022-10-19 23:27:46] PRINT Train Epoch: 6 [33280/60000 (55%)]	Loss: 115.127274
[2022-10-19 23:27:47] PRINT Train Epoch: 6 [34560/60000 (58%)]	Loss: 111.556297
[2022-10-19 23:27:47] PRINT Train Epoch: 6 [35840/60000 (60%)]	Loss: 113.675186
[2022-10-19 23:27:47] PRINT Train Epoch: 6 [37120/60000 (62%)]	Loss: 114.465691
[2022-10-19 23:27:47] PRINT Train Epoch: 6 [38400/60000 (64%)]	Loss: 112.326675
[2022-10-19 23:27:47] PRINT Train Epoch: 6 [39680/60000 (66%)]	Loss: 113.638367
[2022-10-19 23:27:47] PRINT Train Epoch: 6 [40960/60000 (68%)]	Loss: 114.361794
[2022-10-19 23:27:47] PRINT Train Epoch: 6 [42240/60000 (70%)]	Loss: 116.841202
[2022-10-19 23:27:47] PRINT Train Epoch: 6 [43520/60000 (72%)]	Loss: 113.381210
[2022-10-19 23:27:47] PRINT Train Epoch: 6 [44800/60000 (75%)]	Loss: 115.554382
[2022-10-19 23:27:48] PRINT Train Epoch: 6 [46080/60000 (77%)]	Loss: 111.142990
[2022-10-19 23:27:48] PRINT Train Epoch: 6 [47360/60000 (79%)]	Loss: 114.105392
[2022-10-19 23:27:48] PRINT Train Epoch: 6 [48640/60000 (81%)]	Loss: 119.668060
[2022-10-19 23:27:48] PRINT Train Epoch: 6 [49920/60000 (83%)]	Loss: 113.131073
[2022-10-19 23:27:48] PRINT Train Epoch: 6 [51200/60000 (85%)]	Loss: 115.618988
[2022-10-19 23:27:48] PRINT Train Epoch: 6 [52480/60000 (87%)]	Loss: 113.913223
[2022-10-19 23:27:48] PRINT Train Epoch: 6 [53760/60000 (90%)]	Loss: 111.801529
[2022-10-19 23:27:48] PRINT Train Epoch: 6 [55040/60000 (92%)]	Loss: 115.532509
[2022-10-19 23:27:48] PRINT Train Epoch: 6 [56320/60000 (94%)]	Loss: 119.811081
[2022-10-19 23:27:48] PRINT Train Epoch: 6 [57600/60000 (96%)]	Loss: 109.647240
[2022-10-19 23:27:49] PRINT Train Epoch: 6 [58880/60000 (98%)]	Loss: 115.788666
[2022-10-19 23:27:49] PRINT ====> Epoch: 6 Average loss: 114.9235
[2022-10-19 23:27:50] PRINT ====> Test set loss: 112.7864
[2022-10-19 23:27:50] PRINT Train Epoch: 7 [0/60000 (0%)]	Loss: 115.164696
[2022-10-19 23:27:50] PRINT Train Epoch: 7 [1280/60000 (2%)]	Loss: 118.287643
[2022-10-19 23:27:50] PRINT Train Epoch: 7 [2560/60000 (4%)]	Loss: 113.008621
[2022-10-19 23:27:50] PRINT Train Epoch: 7 [3840/60000 (6%)]	Loss: 117.157921
[2022-10-19 23:27:50] PRINT Train Epoch: 7 [5120/60000 (9%)]	Loss: 113.959366
[2022-10-19 23:27:50] PRINT Train Epoch: 7 [6400/60000 (11%)]	Loss: 115.540596
[2022-10-19 23:27:50] PRINT Train Epoch: 7 [7680/60000 (13%)]	Loss: 111.638107
[2022-10-19 23:27:50] PRINT Train Epoch: 7 [8960/60000 (15%)]	Loss: 116.700089
[2022-10-19 23:27:50] PRINT Train Epoch: 7 [10240/60000 (17%)]	Loss: 109.585304
[2022-10-19 23:27:51] PRINT Train Epoch: 7 [11520/60000 (19%)]	Loss: 118.518700
[2022-10-19 23:27:51] PRINT Train Epoch: 7 [12800/60000 (21%)]	Loss: 112.946442
[2022-10-19 23:27:51] PRINT Train Epoch: 7 [14080/60000 (23%)]	Loss: 112.150421
[2022-10-19 23:27:51] PRINT Train Epoch: 7 [15360/60000 (26%)]	Loss: 111.306213
[2022-10-19 23:27:51] PRINT Train Epoch: 7 [16640/60000 (28%)]	Loss: 117.501938
[2022-10-19 23:27:51] PRINT Train Epoch: 7 [17920/60000 (30%)]	Loss: 116.861618
[2022-10-19 23:27:51] PRINT Train Epoch: 7 [19200/60000 (32%)]	Loss: 111.930069
[2022-10-19 23:27:51] PRINT Train Epoch: 7 [20480/60000 (34%)]	Loss: 114.157738
[2022-10-19 23:27:51] PRINT Train Epoch: 7 [21760/60000 (36%)]	Loss: 112.896645
[2022-10-19 23:27:51] PRINT Train Epoch: 7 [23040/60000 (38%)]	Loss: 114.319519
[2022-10-19 23:27:52] PRINT Train Epoch: 7 [24320/60000 (41%)]	Loss: 109.853455
[2022-10-19 23:27:52] PRINT Train Epoch: 7 [25600/60000 (43%)]	Loss: 114.050446
[2022-10-19 23:27:52] PRINT Train Epoch: 7 [26880/60000 (45%)]	Loss: 109.220856
[2022-10-19 23:27:52] PRINT Train Epoch: 7 [28160/60000 (47%)]	Loss: 113.803864
[2022-10-19 23:27:52] PRINT Train Epoch: 7 [29440/60000 (49%)]	Loss: 117.604660
[2022-10-19 23:27:52] PRINT Train Epoch: 7 [30720/60000 (51%)]	Loss: 110.578369
[2022-10-19 23:27:52] PRINT Train Epoch: 7 [32000/60000 (53%)]	Loss: 109.345184
[2022-10-19 23:27:52] PRINT Train Epoch: 7 [33280/60000 (55%)]	Loss: 113.659187
[2022-10-19 23:27:52] PRINT Train Epoch: 7 [34560/60000 (58%)]	Loss: 111.743629
[2022-10-19 23:27:53] PRINT Train Epoch: 7 [35840/60000 (60%)]	Loss: 116.699196
[2022-10-19 23:27:53] PRINT Train Epoch: 7 [37120/60000 (62%)]	Loss: 113.402939
[2022-10-19 23:27:53] PRINT Train Epoch: 7 [38400/60000 (64%)]	Loss: 118.008125
[2022-10-19 23:27:53] PRINT Train Epoch: 7 [39680/60000 (66%)]	Loss: 112.317619
[2022-10-19 23:27:53] PRINT Train Epoch: 7 [40960/60000 (68%)]	Loss: 111.767723
[2022-10-19 23:27:53] PRINT Train Epoch: 7 [42240/60000 (70%)]	Loss: 110.930069
[2022-10-19 23:27:53] PRINT Train Epoch: 7 [43520/60000 (72%)]	Loss: 115.622665
[2022-10-19 23:27:53] PRINT Train Epoch: 7 [44800/60000 (75%)]	Loss: 111.618454
[2022-10-19 23:27:53] PRINT Train Epoch: 7 [46080/60000 (77%)]	Loss: 113.454697
[2022-10-19 23:27:53] PRINT Train Epoch: 7 [47360/60000 (79%)]	Loss: 114.176285
[2022-10-19 23:27:54] PRINT Train Epoch: 7 [48640/60000 (81%)]	Loss: 110.021538
[2022-10-19 23:27:54] PRINT Train Epoch: 7 [49920/60000 (83%)]	Loss: 111.642319
[2022-10-19 23:27:54] PRINT Train Epoch: 7 [51200/60000 (85%)]	Loss: 110.912170
[2022-10-19 23:27:54] PRINT Train Epoch: 7 [52480/60000 (87%)]	Loss: 110.015808
[2022-10-19 23:27:54] PRINT Train Epoch: 7 [53760/60000 (90%)]	Loss: 110.031631
[2022-10-19 23:27:54] PRINT Train Epoch: 7 [55040/60000 (92%)]	Loss: 113.045753
[2022-10-19 23:27:54] PRINT Train Epoch: 7 [56320/60000 (94%)]	Loss: 114.535652
[2022-10-19 23:27:54] PRINT Train Epoch: 7 [57600/60000 (96%)]	Loss: 113.243713
[2022-10-19 23:27:54] PRINT Train Epoch: 7 [58880/60000 (98%)]	Loss: 109.801826
[2022-10-19 23:27:55] PRINT ====> Epoch: 7 Average loss: 113.1004
[2022-10-19 23:27:55] PRINT ====> Test set loss: 111.4448
[2022-10-19 23:27:55] PRINT Train Epoch: 8 [0/60000 (0%)]	Loss: 109.935913
[2022-10-19 23:27:56] PRINT Train Epoch: 8 [1280/60000 (2%)]	Loss: 110.612534
[2022-10-19 23:27:56] PRINT Train Epoch: 8 [2560/60000 (4%)]	Loss: 108.791168
[2022-10-19 23:27:56] PRINT Train Epoch: 8 [3840/60000 (6%)]	Loss: 109.609039
[2022-10-19 23:27:56] PRINT Train Epoch: 8 [5120/60000 (9%)]	Loss: 109.741829
[2022-10-19 23:27:56] PRINT Train Epoch: 8 [6400/60000 (11%)]	Loss: 112.722786
[2022-10-19 23:27:56] PRINT Train Epoch: 8 [7680/60000 (13%)]	Loss: 112.042099
[2022-10-19 23:27:56] PRINT Train Epoch: 8 [8960/60000 (15%)]	Loss: 121.578011
[2022-10-19 23:27:56] PRINT Train Epoch: 8 [10240/60000 (17%)]	Loss: 108.165367
[2022-10-19 23:27:56] PRINT Train Epoch: 8 [11520/60000 (19%)]	Loss: 113.416275
[2022-10-19 23:27:56] PRINT Train Epoch: 8 [12800/60000 (21%)]	Loss: 112.189201
[2022-10-19 23:27:57] PRINT Train Epoch: 8 [14080/60000 (23%)]	Loss: 107.879074
[2022-10-19 23:27:57] PRINT Train Epoch: 8 [15360/60000 (26%)]	Loss: 115.788116
[2022-10-19 23:27:57] PRINT Train Epoch: 8 [16640/60000 (28%)]	Loss: 109.893265
[2022-10-19 23:27:57] PRINT Train Epoch: 8 [17920/60000 (30%)]	Loss: 113.424522
[2022-10-19 23:27:57] PRINT Train Epoch: 8 [19200/60000 (32%)]	Loss: 110.665863
[2022-10-19 23:27:57] PRINT Train Epoch: 8 [20480/60000 (34%)]	Loss: 109.924461
[2022-10-19 23:27:57] PRINT Train Epoch: 8 [21760/60000 (36%)]	Loss: 115.769333
[2022-10-19 23:27:57] PRINT Train Epoch: 8 [23040/60000 (38%)]	Loss: 109.831467
[2022-10-19 23:27:57] PRINT Train Epoch: 8 [24320/60000 (41%)]	Loss: 116.458939
[2022-10-19 23:27:58] PRINT Train Epoch: 8 [25600/60000 (43%)]	Loss: 111.164688
[2022-10-19 23:27:58] PRINT Train Epoch: 8 [26880/60000 (45%)]	Loss: 110.143021
[2022-10-19 23:27:58] PRINT Train Epoch: 8 [28160/60000 (47%)]	Loss: 111.899025
[2022-10-19 23:27:58] PRINT Train Epoch: 8 [29440/60000 (49%)]	Loss: 112.887596
[2022-10-19 23:27:58] PRINT Train Epoch: 8 [30720/60000 (51%)]	Loss: 114.934647
[2022-10-19 23:27:58] PRINT Train Epoch: 8 [32000/60000 (53%)]	Loss: 109.009789
[2022-10-19 23:27:58] PRINT Train Epoch: 8 [33280/60000 (55%)]	Loss: 108.261528
[2022-10-19 23:27:58] PRINT Train Epoch: 8 [34560/60000 (58%)]	Loss: 108.920670
[2022-10-19 23:27:58] PRINT Train Epoch: 8 [35840/60000 (60%)]	Loss: 113.629196
[2022-10-19 23:27:58] PRINT Train Epoch: 8 [37120/60000 (62%)]	Loss: 112.543312
[2022-10-19 23:27:59] PRINT Train Epoch: 8 [38400/60000 (64%)]	Loss: 108.566971
[2022-10-19 23:27:59] PRINT Train Epoch: 8 [39680/60000 (66%)]	Loss: 118.359924
[2022-10-19 23:27:59] PRINT Train Epoch: 8 [40960/60000 (68%)]	Loss: 109.610168
[2022-10-19 23:27:59] PRINT Train Epoch: 8 [42240/60000 (70%)]	Loss: 109.576996
[2022-10-19 23:27:59] PRINT Train Epoch: 8 [43520/60000 (72%)]	Loss: 111.757568
[2022-10-19 23:27:59] PRINT Train Epoch: 8 [44800/60000 (75%)]	Loss: 111.805809
[2022-10-19 23:27:59] PRINT Train Epoch: 8 [46080/60000 (77%)]	Loss: 109.850082
[2022-10-19 23:27:59] PRINT Train Epoch: 8 [47360/60000 (79%)]	Loss: 111.343170
[2022-10-19 23:27:59] PRINT Train Epoch: 8 [48640/60000 (81%)]	Loss: 111.473770
[2022-10-19 23:28:00] PRINT Train Epoch: 8 [49920/60000 (83%)]	Loss: 110.482300
[2022-10-19 23:28:00] PRINT Train Epoch: 8 [51200/60000 (85%)]	Loss: 110.766060
[2022-10-19 23:28:00] PRINT Train Epoch: 8 [52480/60000 (87%)]	Loss: 109.175110
[2022-10-19 23:28:00] PRINT Train Epoch: 8 [53760/60000 (90%)]	Loss: 114.174828
[2022-10-19 23:28:00] PRINT Train Epoch: 8 [55040/60000 (92%)]	Loss: 108.104004
[2022-10-19 23:28:00] PRINT Train Epoch: 8 [56320/60000 (94%)]	Loss: 115.359306
[2022-10-19 23:28:00] PRINT Train Epoch: 8 [57600/60000 (96%)]	Loss: 111.455818
[2022-10-19 23:28:00] PRINT Train Epoch: 8 [58880/60000 (98%)]	Loss: 116.315216
[2022-10-19 23:28:00] PRINT ====> Epoch: 8 Average loss: 111.7331
[2022-10-19 23:28:01] PRINT ====> Test set loss: 110.3529
[2022-10-19 23:28:01] PRINT Train Epoch: 9 [0/60000 (0%)]	Loss: 112.804306
[2022-10-19 23:28:01] PRINT Train Epoch: 9 [1280/60000 (2%)]	Loss: 112.732414
[2022-10-19 23:28:02] PRINT Train Epoch: 9 [2560/60000 (4%)]	Loss: 115.033218
[2022-10-19 23:28:02] PRINT Train Epoch: 9 [3840/60000 (6%)]	Loss: 111.252060
[2022-10-19 23:28:02] PRINT Train Epoch: 9 [5120/60000 (9%)]	Loss: 108.170952
[2022-10-19 23:28:02] PRINT Train Epoch: 9 [6400/60000 (11%)]	Loss: 107.796661
[2022-10-19 23:28:02] PRINT Train Epoch: 9 [7680/60000 (13%)]	Loss: 107.212082
[2022-10-19 23:28:02] PRINT Train Epoch: 9 [8960/60000 (15%)]	Loss: 108.284462
[2022-10-19 23:28:02] PRINT Train Epoch: 9 [10240/60000 (17%)]	Loss: 112.538559
[2022-10-19 23:28:02] PRINT Train Epoch: 9 [11520/60000 (19%)]	Loss: 111.881233
[2022-10-19 23:28:02] PRINT Train Epoch: 9 [12800/60000 (21%)]	Loss: 111.182686
[2022-10-19 23:28:02] PRINT Train Epoch: 9 [14080/60000 (23%)]	Loss: 114.885574
[2022-10-19 23:28:03] PRINT Train Epoch: 9 [15360/60000 (26%)]	Loss: 111.392105
[2022-10-19 23:28:03] PRINT Train Epoch: 9 [16640/60000 (28%)]	Loss: 110.529907
[2022-10-19 23:28:03] PRINT Train Epoch: 9 [17920/60000 (30%)]	Loss: 109.636833
[2022-10-19 23:28:03] PRINT Train Epoch: 9 [19200/60000 (32%)]	Loss: 105.813911
[2022-10-19 23:28:03] PRINT Train Epoch: 9 [20480/60000 (34%)]	Loss: 110.056732
[2022-10-19 23:28:03] PRINT Train Epoch: 9 [21760/60000 (36%)]	Loss: 115.381912
[2022-10-19 23:28:03] PRINT Train Epoch: 9 [23040/60000 (38%)]	Loss: 107.619583
[2022-10-19 23:28:03] PRINT Train Epoch: 9 [24320/60000 (41%)]	Loss: 109.524567
[2022-10-19 23:28:03] PRINT Train Epoch: 9 [25600/60000 (43%)]	Loss: 112.635956
[2022-10-19 23:28:04] PRINT Train Epoch: 9 [26880/60000 (45%)]	Loss: 112.577301
[2022-10-19 23:28:04] PRINT Train Epoch: 9 [28160/60000 (47%)]	Loss: 108.952408
[2022-10-19 23:28:04] PRINT Train Epoch: 9 [29440/60000 (49%)]	Loss: 111.760765
[2022-10-19 23:28:04] PRINT Train Epoch: 9 [30720/60000 (51%)]	Loss: 108.604935
[2022-10-19 23:28:04] PRINT Train Epoch: 9 [32000/60000 (53%)]	Loss: 110.481018
[2022-10-19 23:28:04] PRINT Train Epoch: 9 [33280/60000 (55%)]	Loss: 110.337982
[2022-10-19 23:28:04] PRINT Train Epoch: 9 [34560/60000 (58%)]	Loss: 113.650963
[2022-10-19 23:28:04] PRINT Train Epoch: 9 [35840/60000 (60%)]	Loss: 107.297638
[2022-10-19 23:28:04] PRINT Train Epoch: 9 [37120/60000 (62%)]	Loss: 106.824226
[2022-10-19 23:28:05] PRINT Train Epoch: 9 [38400/60000 (64%)]	Loss: 111.167068
[2022-10-19 23:28:05] PRINT Train Epoch: 9 [39680/60000 (66%)]	Loss: 113.847389
[2022-10-19 23:28:05] PRINT Train Epoch: 9 [40960/60000 (68%)]	Loss: 111.155846
[2022-10-19 23:28:05] PRINT Train Epoch: 9 [42240/60000 (70%)]	Loss: 110.826157
[2022-10-19 23:28:05] PRINT Train Epoch: 9 [43520/60000 (72%)]	Loss: 113.151657
[2022-10-19 23:28:05] PRINT Train Epoch: 9 [44800/60000 (75%)]	Loss: 112.123619
[2022-10-19 23:28:05] PRINT Train Epoch: 9 [46080/60000 (77%)]	Loss: 111.369263
[2022-10-19 23:28:05] PRINT Train Epoch: 9 [47360/60000 (79%)]	Loss: 115.452087
[2022-10-19 23:28:05] PRINT Train Epoch: 9 [48640/60000 (81%)]	Loss: 111.332680
[2022-10-19 23:28:05] PRINT Train Epoch: 9 [49920/60000 (83%)]	Loss: 109.927582
[2022-10-19 23:28:06] PRINT Train Epoch: 9 [51200/60000 (85%)]	Loss: 111.423210
[2022-10-19 23:28:06] PRINT Train Epoch: 9 [52480/60000 (87%)]	Loss: 108.306709
[2022-10-19 23:28:06] PRINT Train Epoch: 9 [53760/60000 (90%)]	Loss: 112.083298
[2022-10-19 23:28:06] PRINT Train Epoch: 9 [55040/60000 (92%)]	Loss: 110.643959
[2022-10-19 23:28:06] PRINT Train Epoch: 9 [56320/60000 (94%)]	Loss: 114.305275
[2022-10-19 23:28:06] PRINT Train Epoch: 9 [57600/60000 (96%)]	Loss: 114.174324
[2022-10-19 23:28:06] PRINT Train Epoch: 9 [58880/60000 (98%)]	Loss: 107.733047
[2022-10-19 23:28:06] PRINT ====> Epoch: 9 Average loss: 110.6331
[2022-10-19 23:28:07] PRINT ====> Test set loss: 109.3461
[2022-10-19 23:28:07] PRINT Train Epoch: 10 [0/60000 (0%)]	Loss: 108.581734
[2022-10-19 23:28:07] PRINT Train Epoch: 10 [1280/60000 (2%)]	Loss: 108.660698
[2022-10-19 23:28:07] PRINT Train Epoch: 10 [2560/60000 (4%)]	Loss: 109.668182
[2022-10-19 23:28:08] PRINT Train Epoch: 10 [3840/60000 (6%)]	Loss: 109.132339
[2022-10-19 23:28:08] PRINT Train Epoch: 10 [5120/60000 (9%)]	Loss: 106.566757
[2022-10-19 23:28:08] PRINT Train Epoch: 10 [6400/60000 (11%)]	Loss: 101.117119
[2022-10-19 23:28:08] PRINT Train Epoch: 10 [7680/60000 (13%)]	Loss: 111.297569
[2022-10-19 23:28:08] PRINT Train Epoch: 10 [8960/60000 (15%)]	Loss: 112.059952
[2022-10-19 23:28:08] PRINT Train Epoch: 10 [10240/60000 (17%)]	Loss: 109.177147
[2022-10-19 23:28:08] PRINT Train Epoch: 10 [11520/60000 (19%)]	Loss: 109.901779
[2022-10-19 23:28:08] PRINT Train Epoch: 10 [12800/60000 (21%)]	Loss: 110.345314
[2022-10-19 23:28:08] PRINT Train Epoch: 10 [14080/60000 (23%)]	Loss: 110.364037
[2022-10-19 23:28:08] PRINT Train Epoch: 10 [15360/60000 (26%)]	Loss: 110.821014
[2022-10-19 23:28:09] PRINT Train Epoch: 10 [16640/60000 (28%)]	Loss: 109.809052
[2022-10-19 23:28:09] PRINT Train Epoch: 10 [17920/60000 (30%)]	Loss: 108.954491
[2022-10-19 23:28:09] PRINT Train Epoch: 10 [19200/60000 (32%)]	Loss: 108.223068
[2022-10-19 23:28:09] PRINT Train Epoch: 10 [20480/60000 (34%)]	Loss: 111.134216
[2022-10-19 23:28:09] PRINT Train Epoch: 10 [21760/60000 (36%)]	Loss: 110.636719
[2022-10-19 23:28:09] PRINT Train Epoch: 10 [23040/60000 (38%)]	Loss: 104.559677
[2022-10-19 23:28:09] PRINT Train Epoch: 10 [24320/60000 (41%)]	Loss: 107.759201
[2022-10-19 23:28:09] PRINT Train Epoch: 10 [25600/60000 (43%)]	Loss: 107.034103
[2022-10-19 23:28:09] PRINT Train Epoch: 10 [26880/60000 (45%)]	Loss: 113.099503
[2022-10-19 23:28:10] PRINT Train Epoch: 10 [28160/60000 (47%)]	Loss: 107.304337
[2022-10-19 23:28:10] PRINT Train Epoch: 10 [29440/60000 (49%)]	Loss: 107.121109
[2022-10-19 23:28:10] PRINT Train Epoch: 10 [30720/60000 (51%)]	Loss: 104.129761
[2022-10-19 23:28:10] PRINT Train Epoch: 10 [32000/60000 (53%)]	Loss: 108.953979
[2022-10-19 23:28:10] PRINT Train Epoch: 10 [33280/60000 (55%)]	Loss: 112.204132
[2022-10-19 23:28:10] PRINT Train Epoch: 10 [34560/60000 (58%)]	Loss: 105.489380
[2022-10-19 23:28:10] PRINT Train Epoch: 10 [35840/60000 (60%)]	Loss: 108.987144
[2022-10-19 23:28:10] PRINT Train Epoch: 10 [37120/60000 (62%)]	Loss: 109.573730
[2022-10-19 23:28:10] PRINT Train Epoch: 10 [38400/60000 (64%)]	Loss: 108.646576
[2022-10-19 23:28:11] PRINT Train Epoch: 10 [39680/60000 (66%)]	Loss: 110.223671
[2022-10-19 23:28:11] PRINT Train Epoch: 10 [40960/60000 (68%)]	Loss: 108.329376
[2022-10-19 23:28:11] PRINT Train Epoch: 10 [42240/60000 (70%)]	Loss: 105.545425
[2022-10-19 23:28:11] PRINT Train Epoch: 10 [43520/60000 (72%)]	Loss: 108.145393
[2022-10-19 23:28:11] PRINT Train Epoch: 10 [44800/60000 (75%)]	Loss: 116.948250
[2022-10-19 23:28:11] PRINT Train Epoch: 10 [46080/60000 (77%)]	Loss: 110.130035
[2022-10-19 23:28:11] PRINT Train Epoch: 10 [47360/60000 (79%)]	Loss: 111.097870
[2022-10-19 23:28:11] PRINT Train Epoch: 10 [48640/60000 (81%)]	Loss: 108.019424
[2022-10-19 23:28:11] PRINT Train Epoch: 10 [49920/60000 (83%)]	Loss: 115.697647
[2022-10-19 23:28:12] PRINT Train Epoch: 10 [51200/60000 (85%)]	Loss: 111.832085
[2022-10-19 23:28:12] PRINT Train Epoch: 10 [52480/60000 (87%)]	Loss: 108.617523
[2022-10-19 23:28:12] PRINT Train Epoch: 10 [53760/60000 (90%)]	Loss: 111.243439
[2022-10-19 23:28:12] PRINT Train Epoch: 10 [55040/60000 (92%)]	Loss: 110.788368
[2022-10-19 23:28:12] PRINT Train Epoch: 10 [56320/60000 (94%)]	Loss: 108.766098
[2022-10-19 23:28:12] PRINT Train Epoch: 10 [57600/60000 (96%)]	Loss: 112.625320
[2022-10-19 23:28:12] PRINT Train Epoch: 10 [58880/60000 (98%)]	Loss: 111.742615
[2022-10-19 23:28:12] PRINT ====> Epoch: 10 Average loss: 109.7571
[2022-10-19 23:28:13] PRINT ====> Test set loss: 108.6855
