[2022-10-19 23:19:48] PRINT {'features1': 300, 'features2': 10, 'lr': 0.00011313973678469792, 'epsilon': 1e-06}
[2022-10-19 23:19:48] PRINT Using cuda device
[2022-10-19 23:19:49] PRINT Train Epoch: 1 [0/60000 (0%)]	Loss: 551.878113
[2022-10-19 23:19:49] PRINT Train Epoch: 1 [1280/60000 (2%)]	Loss: 528.730591
[2022-10-19 23:19:50] PRINT Train Epoch: 1 [2560/60000 (4%)]	Loss: 505.228607
[2022-10-19 23:19:50] PRINT Train Epoch: 1 [3840/60000 (6%)]	Loss: 477.752167
[2022-10-19 23:19:50] PRINT Train Epoch: 1 [5120/60000 (9%)]	Loss: 440.178894
[2022-10-19 23:19:50] PRINT Train Epoch: 1 [6400/60000 (11%)]	Loss: 395.721893
[2022-10-19 23:19:50] PRINT Train Epoch: 1 [7680/60000 (13%)]	Loss: 355.334259
[2022-10-19 23:19:50] PRINT Train Epoch: 1 [8960/60000 (15%)]	Loss: 320.988068
[2022-10-19 23:19:50] PRINT Train Epoch: 1 [10240/60000 (17%)]	Loss: 298.820343
[2022-10-19 23:19:50] PRINT Train Epoch: 1 [11520/60000 (19%)]	Loss: 277.480042
[2022-10-19 23:19:50] PRINT Train Epoch: 1 [12800/60000 (21%)]	Loss: 276.006622
[2022-10-19 23:19:50] PRINT Train Epoch: 1 [14080/60000 (23%)]	Loss: 267.620331
[2022-10-19 23:19:51] PRINT Train Epoch: 1 [15360/60000 (26%)]	Loss: 255.547287
[2022-10-19 23:19:51] PRINT Train Epoch: 1 [16640/60000 (28%)]	Loss: 250.017853
[2022-10-19 23:19:51] PRINT Train Epoch: 1 [17920/60000 (30%)]	Loss: 257.421021
[2022-10-19 23:19:51] PRINT Train Epoch: 1 [19200/60000 (32%)]	Loss: 245.908752
[2022-10-19 23:19:51] PRINT Train Epoch: 1 [20480/60000 (34%)]	Loss: 245.296112
[2022-10-19 23:19:51] PRINT Train Epoch: 1 [21760/60000 (36%)]	Loss: 241.465927
[2022-10-19 23:19:51] PRINT Train Epoch: 1 [23040/60000 (38%)]	Loss: 242.517517
[2022-10-19 23:19:51] PRINT Train Epoch: 1 [24320/60000 (41%)]	Loss: 235.283997
[2022-10-19 23:19:51] PRINT Train Epoch: 1 [25600/60000 (43%)]	Loss: 243.267532
[2022-10-19 23:19:51] PRINT Train Epoch: 1 [26880/60000 (45%)]	Loss: 231.861298
[2022-10-19 23:19:52] PRINT Train Epoch: 1 [28160/60000 (47%)]	Loss: 228.277771
[2022-10-19 23:19:52] PRINT Train Epoch: 1 [29440/60000 (49%)]	Loss: 226.558228
[2022-10-19 23:19:52] PRINT Train Epoch: 1 [30720/60000 (51%)]	Loss: 234.629318
[2022-10-19 23:19:52] PRINT Train Epoch: 1 [32000/60000 (53%)]	Loss: 233.095474
[2022-10-19 23:19:52] PRINT Train Epoch: 1 [33280/60000 (55%)]	Loss: 238.189301
[2022-10-19 23:19:52] PRINT Train Epoch: 1 [34560/60000 (58%)]	Loss: 229.618011
[2022-10-19 23:19:52] PRINT Train Epoch: 1 [35840/60000 (60%)]	Loss: 223.599777
[2022-10-19 23:19:52] PRINT Train Epoch: 1 [37120/60000 (62%)]	Loss: 214.231552
[2022-10-19 23:19:52] PRINT Train Epoch: 1 [38400/60000 (64%)]	Loss: 230.054413
[2022-10-19 23:19:53] PRINT Train Epoch: 1 [39680/60000 (66%)]	Loss: 224.332138
[2022-10-19 23:19:53] PRINT Train Epoch: 1 [40960/60000 (68%)]	Loss: 214.640808
[2022-10-19 23:19:53] PRINT Train Epoch: 1 [42240/60000 (70%)]	Loss: 218.347549
[2022-10-19 23:19:53] PRINT Train Epoch: 1 [43520/60000 (72%)]	Loss: 221.835190
[2022-10-19 23:19:53] PRINT Train Epoch: 1 [44800/60000 (75%)]	Loss: 218.567627
[2022-10-19 23:19:53] PRINT Train Epoch: 1 [46080/60000 (77%)]	Loss: 215.882034
[2022-10-19 23:19:53] PRINT Train Epoch: 1 [47360/60000 (79%)]	Loss: 208.267090
[2022-10-19 23:19:53] PRINT Train Epoch: 1 [48640/60000 (81%)]	Loss: 209.161087
[2022-10-19 23:19:53] PRINT Train Epoch: 1 [49920/60000 (83%)]	Loss: 209.724533
[2022-10-19 23:19:53] PRINT Train Epoch: 1 [51200/60000 (85%)]	Loss: 212.460907
[2022-10-19 23:19:54] PRINT Train Epoch: 1 [52480/60000 (87%)]	Loss: 216.219818
[2022-10-19 23:19:54] PRINT Train Epoch: 1 [53760/60000 (90%)]	Loss: 211.871109
[2022-10-19 23:19:54] PRINT Train Epoch: 1 [55040/60000 (92%)]	Loss: 212.026047
[2022-10-19 23:19:54] PRINT Train Epoch: 1 [56320/60000 (94%)]	Loss: 202.100952
[2022-10-19 23:19:54] PRINT Train Epoch: 1 [57600/60000 (96%)]	Loss: 208.826065
[2022-10-19 23:19:54] PRINT Train Epoch: 1 [58880/60000 (98%)]	Loss: 204.898041
[2022-10-19 23:19:54] PRINT ====> Epoch: 1 Average loss: 265.9748
[2022-10-19 23:19:55] PRINT ====> Test set loss: 204.4861
[2022-10-19 23:19:55] PRINT Train Epoch: 2 [0/60000 (0%)]	Loss: 205.092453
[2022-10-19 23:19:55] PRINT Train Epoch: 2 [1280/60000 (2%)]	Loss: 209.259262
[2022-10-19 23:19:55] PRINT Train Epoch: 2 [2560/60000 (4%)]	Loss: 200.457886
[2022-10-19 23:19:55] PRINT Train Epoch: 2 [3840/60000 (6%)]	Loss: 204.885193
[2022-10-19 23:19:56] PRINT Train Epoch: 2 [5120/60000 (9%)]	Loss: 202.055405
[2022-10-19 23:19:56] PRINT Train Epoch: 2 [6400/60000 (11%)]	Loss: 202.351837
[2022-10-19 23:19:56] PRINT Train Epoch: 2 [7680/60000 (13%)]	Loss: 191.797012
[2022-10-19 23:19:56] PRINT Train Epoch: 2 [8960/60000 (15%)]	Loss: 191.585205
[2022-10-19 23:19:56] PRINT Train Epoch: 2 [10240/60000 (17%)]	Loss: 193.524994
[2022-10-19 23:19:56] PRINT Train Epoch: 2 [11520/60000 (19%)]	Loss: 198.184250
[2022-10-19 23:19:56] PRINT Train Epoch: 2 [12800/60000 (21%)]	Loss: 198.204926
[2022-10-19 23:19:56] PRINT Train Epoch: 2 [14080/60000 (23%)]	Loss: 191.269379
[2022-10-19 23:19:56] PRINT Train Epoch: 2 [15360/60000 (26%)]	Loss: 191.377396
[2022-10-19 23:19:56] PRINT Train Epoch: 2 [16640/60000 (28%)]	Loss: 189.067719
[2022-10-19 23:19:57] PRINT Train Epoch: 2 [17920/60000 (30%)]	Loss: 194.923569
[2022-10-19 23:19:57] PRINT Train Epoch: 2 [19200/60000 (32%)]	Loss: 189.199341
[2022-10-19 23:19:57] PRINT Train Epoch: 2 [20480/60000 (34%)]	Loss: 185.919022
[2022-10-19 23:19:57] PRINT Train Epoch: 2 [21760/60000 (36%)]	Loss: 175.130859
[2022-10-19 23:19:57] PRINT Train Epoch: 2 [23040/60000 (38%)]	Loss: 181.984192
[2022-10-19 23:19:57] PRINT Train Epoch: 2 [24320/60000 (41%)]	Loss: 182.011765
[2022-10-19 23:19:57] PRINT Train Epoch: 2 [25600/60000 (43%)]	Loss: 182.655014
[2022-10-19 23:19:57] PRINT Train Epoch: 2 [26880/60000 (45%)]	Loss: 179.323715
[2022-10-19 23:19:57] PRINT Train Epoch: 2 [28160/60000 (47%)]	Loss: 177.700775
[2022-10-19 23:19:58] PRINT Train Epoch: 2 [29440/60000 (49%)]	Loss: 178.025146
[2022-10-19 23:19:58] PRINT Train Epoch: 2 [30720/60000 (51%)]	Loss: 172.831619
[2022-10-19 23:19:58] PRINT Train Epoch: 2 [32000/60000 (53%)]	Loss: 177.340424
[2022-10-19 23:19:58] PRINT Train Epoch: 2 [33280/60000 (55%)]	Loss: 177.715134
[2022-10-19 23:19:58] PRINT Train Epoch: 2 [34560/60000 (58%)]	Loss: 172.270370
[2022-10-19 23:19:58] PRINT Train Epoch: 2 [35840/60000 (60%)]	Loss: 173.209564
[2022-10-19 23:19:58] PRINT Train Epoch: 2 [37120/60000 (62%)]	Loss: 172.890671
[2022-10-19 23:19:58] PRINT Train Epoch: 2 [38400/60000 (64%)]	Loss: 169.746597
[2022-10-19 23:19:58] PRINT Train Epoch: 2 [39680/60000 (66%)]	Loss: 174.866837
[2022-10-19 23:19:58] PRINT Train Epoch: 2 [40960/60000 (68%)]	Loss: 167.808182
[2022-10-19 23:19:59] PRINT Train Epoch: 2 [42240/60000 (70%)]	Loss: 169.686111
[2022-10-19 23:19:59] PRINT Train Epoch: 2 [43520/60000 (72%)]	Loss: 169.008316
[2022-10-19 23:19:59] PRINT Train Epoch: 2 [44800/60000 (75%)]	Loss: 170.555542
[2022-10-19 23:19:59] PRINT Train Epoch: 2 [46080/60000 (77%)]	Loss: 170.508789
[2022-10-19 23:19:59] PRINT Train Epoch: 2 [47360/60000 (79%)]	Loss: 175.451508
[2022-10-19 23:19:59] PRINT Train Epoch: 2 [48640/60000 (81%)]	Loss: 164.201569
[2022-10-19 23:19:59] PRINT Train Epoch: 2 [49920/60000 (83%)]	Loss: 171.042633
[2022-10-19 23:19:59] PRINT Train Epoch: 2 [51200/60000 (85%)]	Loss: 165.760208
[2022-10-19 23:19:59] PRINT Train Epoch: 2 [52480/60000 (87%)]	Loss: 166.983078
[2022-10-19 23:19:59] PRINT Train Epoch: 2 [53760/60000 (90%)]	Loss: 164.673553
[2022-10-19 23:20:00] PRINT Train Epoch: 2 [55040/60000 (92%)]	Loss: 171.942795
[2022-10-19 23:20:00] PRINT Train Epoch: 2 [56320/60000 (94%)]	Loss: 163.509979
[2022-10-19 23:20:00] PRINT Train Epoch: 2 [57600/60000 (96%)]	Loss: 166.795395
[2022-10-19 23:20:00] PRINT Train Epoch: 2 [58880/60000 (98%)]	Loss: 163.202637
[2022-10-19 23:20:00] PRINT ====> Epoch: 2 Average loss: 180.1717
[2022-10-19 23:20:01] PRINT ====> Test set loss: 163.3085
[2022-10-19 23:20:01] PRINT Train Epoch: 3 [0/60000 (0%)]	Loss: 163.823273
[2022-10-19 23:20:01] PRINT Train Epoch: 3 [1280/60000 (2%)]	Loss: 168.016708
[2022-10-19 23:20:01] PRINT Train Epoch: 3 [2560/60000 (4%)]	Loss: 162.400772
[2022-10-19 23:20:01] PRINT Train Epoch: 3 [3840/60000 (6%)]	Loss: 165.537537
[2022-10-19 23:20:01] PRINT Train Epoch: 3 [5120/60000 (9%)]	Loss: 167.491669
[2022-10-19 23:20:01] PRINT Train Epoch: 3 [6400/60000 (11%)]	Loss: 165.856125
[2022-10-19 23:20:02] PRINT Train Epoch: 3 [7680/60000 (13%)]	Loss: 167.045258
[2022-10-19 23:20:02] PRINT Train Epoch: 3 [8960/60000 (15%)]	Loss: 164.100021
[2022-10-19 23:20:02] PRINT Train Epoch: 3 [10240/60000 (17%)]	Loss: 160.998077
[2022-10-19 23:20:02] PRINT Train Epoch: 3 [11520/60000 (19%)]	Loss: 163.322632
[2022-10-19 23:20:02] PRINT Train Epoch: 3 [12800/60000 (21%)]	Loss: 161.002823
[2022-10-19 23:20:02] PRINT Train Epoch: 3 [14080/60000 (23%)]	Loss: 166.924622
[2022-10-19 23:20:02] PRINT Train Epoch: 3 [15360/60000 (26%)]	Loss: 163.510910
[2022-10-19 23:20:02] PRINT Train Epoch: 3 [16640/60000 (28%)]	Loss: 162.734070
[2022-10-19 23:20:02] PRINT Train Epoch: 3 [17920/60000 (30%)]	Loss: 159.444519
[2022-10-19 23:20:02] PRINT Train Epoch: 3 [19200/60000 (32%)]	Loss: 160.716690
[2022-10-19 23:20:03] PRINT Train Epoch: 3 [20480/60000 (34%)]	Loss: 162.705292
[2022-10-19 23:20:03] PRINT Train Epoch: 3 [21760/60000 (36%)]	Loss: 157.675568
[2022-10-19 23:20:03] PRINT Train Epoch: 3 [23040/60000 (38%)]	Loss: 156.865646
[2022-10-19 23:20:03] PRINT Train Epoch: 3 [24320/60000 (41%)]	Loss: 159.072678
[2022-10-19 23:20:03] PRINT Train Epoch: 3 [25600/60000 (43%)]	Loss: 155.395279
[2022-10-19 23:20:03] PRINT Train Epoch: 3 [26880/60000 (45%)]	Loss: 148.671677
[2022-10-19 23:20:03] PRINT Train Epoch: 3 [28160/60000 (47%)]	Loss: 155.999481
[2022-10-19 23:20:03] PRINT Train Epoch: 3 [29440/60000 (49%)]	Loss: 153.171265
[2022-10-19 23:20:03] PRINT Train Epoch: 3 [30720/60000 (51%)]	Loss: 153.591019
[2022-10-19 23:20:03] PRINT Train Epoch: 3 [32000/60000 (53%)]	Loss: 158.187286
[2022-10-19 23:20:04] PRINT Train Epoch: 3 [33280/60000 (55%)]	Loss: 157.165543
[2022-10-19 23:20:04] PRINT Train Epoch: 3 [34560/60000 (58%)]	Loss: 157.184677
[2022-10-19 23:20:04] PRINT Train Epoch: 3 [35840/60000 (60%)]	Loss: 150.383667
[2022-10-19 23:20:04] PRINT Train Epoch: 3 [37120/60000 (62%)]	Loss: 158.552917
[2022-10-19 23:20:04] PRINT Train Epoch: 3 [38400/60000 (64%)]	Loss: 158.267090
[2022-10-19 23:20:04] PRINT Train Epoch: 3 [39680/60000 (66%)]	Loss: 158.323608
[2022-10-19 23:20:04] PRINT Train Epoch: 3 [40960/60000 (68%)]	Loss: 155.200287
[2022-10-19 23:20:04] PRINT Train Epoch: 3 [42240/60000 (70%)]	Loss: 158.107056
[2022-10-19 23:20:04] PRINT Train Epoch: 3 [43520/60000 (72%)]	Loss: 161.585464
[2022-10-19 23:20:05] PRINT Train Epoch: 3 [44800/60000 (75%)]	Loss: 153.837692
[2022-10-19 23:20:05] PRINT Train Epoch: 3 [46080/60000 (77%)]	Loss: 146.469193
[2022-10-19 23:20:05] PRINT Train Epoch: 3 [47360/60000 (79%)]	Loss: 149.480850
[2022-10-19 23:20:05] PRINT Train Epoch: 3 [48640/60000 (81%)]	Loss: 151.676941
[2022-10-19 23:20:05] PRINT Train Epoch: 3 [49920/60000 (83%)]	Loss: 154.096405
[2022-10-19 23:20:05] PRINT Train Epoch: 3 [51200/60000 (85%)]	Loss: 151.778366
[2022-10-19 23:20:05] PRINT Train Epoch: 3 [52480/60000 (87%)]	Loss: 154.748917
[2022-10-19 23:20:05] PRINT Train Epoch: 3 [53760/60000 (90%)]	Loss: 153.476288
[2022-10-19 23:20:05] PRINT Train Epoch: 3 [55040/60000 (92%)]	Loss: 148.735626
[2022-10-19 23:20:05] PRINT Train Epoch: 3 [56320/60000 (94%)]	Loss: 150.485901
[2022-10-19 23:20:06] PRINT Train Epoch: 3 [57600/60000 (96%)]	Loss: 153.883881
[2022-10-19 23:20:06] PRINT Train Epoch: 3 [58880/60000 (98%)]	Loss: 149.964447
[2022-10-19 23:20:06] PRINT ====> Epoch: 3 Average loss: 156.9214
[2022-10-19 23:20:07] PRINT ====> Test set loss: 149.8034
[2022-10-19 23:20:07] PRINT Train Epoch: 4 [0/60000 (0%)]	Loss: 148.784164
[2022-10-19 23:20:07] PRINT Train Epoch: 4 [1280/60000 (2%)]	Loss: 155.731812
[2022-10-19 23:20:07] PRINT Train Epoch: 4 [2560/60000 (4%)]	Loss: 147.773087
[2022-10-19 23:20:07] PRINT Train Epoch: 4 [3840/60000 (6%)]	Loss: 149.062744
[2022-10-19 23:20:07] PRINT Train Epoch: 4 [5120/60000 (9%)]	Loss: 158.682068
[2022-10-19 23:20:07] PRINT Train Epoch: 4 [6400/60000 (11%)]	Loss: 147.111908
[2022-10-19 23:20:07] PRINT Train Epoch: 4 [7680/60000 (13%)]	Loss: 150.048370
[2022-10-19 23:20:07] PRINT Train Epoch: 4 [8960/60000 (15%)]	Loss: 151.680801
[2022-10-19 23:20:08] PRINT Train Epoch: 4 [10240/60000 (17%)]	Loss: 152.778687
[2022-10-19 23:20:08] PRINT Train Epoch: 4 [11520/60000 (19%)]	Loss: 147.998230
[2022-10-19 23:20:08] PRINT Train Epoch: 4 [12800/60000 (21%)]	Loss: 145.395432
[2022-10-19 23:20:08] PRINT Train Epoch: 4 [14080/60000 (23%)]	Loss: 144.466522
[2022-10-19 23:20:08] PRINT Train Epoch: 4 [15360/60000 (26%)]	Loss: 152.875244
[2022-10-19 23:20:08] PRINT Train Epoch: 4 [16640/60000 (28%)]	Loss: 145.866440
[2022-10-19 23:20:08] PRINT Train Epoch: 4 [17920/60000 (30%)]	Loss: 146.378326
[2022-10-19 23:20:08] PRINT Train Epoch: 4 [19200/60000 (32%)]	Loss: 141.839828
[2022-10-19 23:20:08] PRINT Train Epoch: 4 [20480/60000 (34%)]	Loss: 146.025696
[2022-10-19 23:20:08] PRINT Train Epoch: 4 [21760/60000 (36%)]	Loss: 143.819885
[2022-10-19 23:20:09] PRINT Train Epoch: 4 [23040/60000 (38%)]	Loss: 146.459412
[2022-10-19 23:20:09] PRINT Train Epoch: 4 [24320/60000 (41%)]	Loss: 144.408432
[2022-10-19 23:20:09] PRINT Train Epoch: 4 [25600/60000 (43%)]	Loss: 151.819366
[2022-10-19 23:20:09] PRINT Train Epoch: 4 [26880/60000 (45%)]	Loss: 143.630508
[2022-10-19 23:20:09] PRINT Train Epoch: 4 [28160/60000 (47%)]	Loss: 138.177216
[2022-10-19 23:20:09] PRINT Train Epoch: 4 [29440/60000 (49%)]	Loss: 149.895020
[2022-10-19 23:20:09] PRINT Train Epoch: 4 [30720/60000 (51%)]	Loss: 149.713394
[2022-10-19 23:20:09] PRINT Train Epoch: 4 [32000/60000 (53%)]	Loss: 148.662231
[2022-10-19 23:20:09] PRINT Train Epoch: 4 [33280/60000 (55%)]	Loss: 146.930283
[2022-10-19 23:20:10] PRINT Train Epoch: 4 [34560/60000 (58%)]	Loss: 146.299911
[2022-10-19 23:20:10] PRINT Train Epoch: 4 [35840/60000 (60%)]	Loss: 146.268021
[2022-10-19 23:20:10] PRINT Train Epoch: 4 [37120/60000 (62%)]	Loss: 145.461472
[2022-10-19 23:20:10] PRINT Train Epoch: 4 [38400/60000 (64%)]	Loss: 148.194153
[2022-10-19 23:20:10] PRINT Train Epoch: 4 [39680/60000 (66%)]	Loss: 137.209549
[2022-10-19 23:20:10] PRINT Train Epoch: 4 [40960/60000 (68%)]	Loss: 145.646469
[2022-10-19 23:20:10] PRINT Train Epoch: 4 [42240/60000 (70%)]	Loss: 150.258789
[2022-10-19 23:20:10] PRINT Train Epoch: 4 [43520/60000 (72%)]	Loss: 146.587280
[2022-10-19 23:20:10] PRINT Train Epoch: 4 [44800/60000 (75%)]	Loss: 142.890244
[2022-10-19 23:20:10] PRINT Train Epoch: 4 [46080/60000 (77%)]	Loss: 142.872772
[2022-10-19 23:20:11] PRINT Train Epoch: 4 [47360/60000 (79%)]	Loss: 141.620361
[2022-10-19 23:20:11] PRINT Train Epoch: 4 [48640/60000 (81%)]	Loss: 146.898468
[2022-10-19 23:20:11] PRINT Train Epoch: 4 [49920/60000 (83%)]	Loss: 141.577988
[2022-10-19 23:20:11] PRINT Train Epoch: 4 [51200/60000 (85%)]	Loss: 140.513474
[2022-10-19 23:20:11] PRINT Train Epoch: 4 [52480/60000 (87%)]	Loss: 147.805710
[2022-10-19 23:20:11] PRINT Train Epoch: 4 [53760/60000 (90%)]	Loss: 140.182312
[2022-10-19 23:20:11] PRINT Train Epoch: 4 [55040/60000 (92%)]	Loss: 142.977539
[2022-10-19 23:20:11] PRINT Train Epoch: 4 [56320/60000 (94%)]	Loss: 136.955383
[2022-10-19 23:20:11] PRINT Train Epoch: 4 [57600/60000 (96%)]	Loss: 140.440704
[2022-10-19 23:20:11] PRINT Train Epoch: 4 [58880/60000 (98%)]	Loss: 139.021088
[2022-10-19 23:20:12] PRINT ====> Epoch: 4 Average loss: 146.4774
[2022-10-19 23:20:12] PRINT ====> Test set loss: 141.5895
[2022-10-19 23:20:13] PRINT Train Epoch: 5 [0/60000 (0%)]	Loss: 140.983994
[2022-10-19 23:20:13] PRINT Train Epoch: 5 [1280/60000 (2%)]	Loss: 138.042770
[2022-10-19 23:20:13] PRINT Train Epoch: 5 [2560/60000 (4%)]	Loss: 140.800507
[2022-10-19 23:20:13] PRINT Train Epoch: 5 [3840/60000 (6%)]	Loss: 138.581375
[2022-10-19 23:20:13] PRINT Train Epoch: 5 [5120/60000 (9%)]	Loss: 152.662964
[2022-10-19 23:20:13] PRINT Train Epoch: 5 [6400/60000 (11%)]	Loss: 141.238342
[2022-10-19 23:20:13] PRINT Train Epoch: 5 [7680/60000 (13%)]	Loss: 141.854675
[2022-10-19 23:20:13] PRINT Train Epoch: 5 [8960/60000 (15%)]	Loss: 139.797440
[2022-10-19 23:20:13] PRINT Train Epoch: 5 [10240/60000 (17%)]	Loss: 140.510208
[2022-10-19 23:20:13] PRINT Train Epoch: 5 [11520/60000 (19%)]	Loss: 143.909927
[2022-10-19 23:20:14] PRINT Train Epoch: 5 [12800/60000 (21%)]	Loss: 141.932144
[2022-10-19 23:20:14] PRINT Train Epoch: 5 [14080/60000 (23%)]	Loss: 142.552292
[2022-10-19 23:20:14] PRINT Train Epoch: 5 [15360/60000 (26%)]	Loss: 146.717529
[2022-10-19 23:20:14] PRINT Train Epoch: 5 [16640/60000 (28%)]	Loss: 141.177948
[2022-10-19 23:20:14] PRINT Train Epoch: 5 [17920/60000 (30%)]	Loss: 138.735275
[2022-10-19 23:20:14] PRINT Train Epoch: 5 [19200/60000 (32%)]	Loss: 135.179184
[2022-10-19 23:20:14] PRINT Train Epoch: 5 [20480/60000 (34%)]	Loss: 142.610519
[2022-10-19 23:20:14] PRINT Train Epoch: 5 [21760/60000 (36%)]	Loss: 137.545746
[2022-10-19 23:20:14] PRINT Train Epoch: 5 [23040/60000 (38%)]	Loss: 137.143311
[2022-10-19 23:20:14] PRINT Train Epoch: 5 [24320/60000 (41%)]	Loss: 139.561142
[2022-10-19 23:20:15] PRINT Train Epoch: 5 [25600/60000 (43%)]	Loss: 136.927612
[2022-10-19 23:20:15] PRINT Train Epoch: 5 [26880/60000 (45%)]	Loss: 136.964615
[2022-10-19 23:20:15] PRINT Train Epoch: 5 [28160/60000 (47%)]	Loss: 136.496552
[2022-10-19 23:20:15] PRINT Train Epoch: 5 [29440/60000 (49%)]	Loss: 138.073685
[2022-10-19 23:20:15] PRINT Train Epoch: 5 [30720/60000 (51%)]	Loss: 141.317535
[2022-10-19 23:20:15] PRINT Train Epoch: 5 [32000/60000 (53%)]	Loss: 133.017487
[2022-10-19 23:20:15] PRINT Train Epoch: 5 [33280/60000 (55%)]	Loss: 144.199921
[2022-10-19 23:20:15] PRINT Train Epoch: 5 [34560/60000 (58%)]	Loss: 132.368607
[2022-10-19 23:20:15] PRINT Train Epoch: 5 [35840/60000 (60%)]	Loss: 137.541656
[2022-10-19 23:20:16] PRINT Train Epoch: 5 [37120/60000 (62%)]	Loss: 139.554123
[2022-10-19 23:20:16] PRINT Train Epoch: 5 [38400/60000 (64%)]	Loss: 133.585098
[2022-10-19 23:20:16] PRINT Train Epoch: 5 [39680/60000 (66%)]	Loss: 136.913773
[2022-10-19 23:20:16] PRINT Train Epoch: 5 [40960/60000 (68%)]	Loss: 135.942261
[2022-10-19 23:20:16] PRINT Train Epoch: 5 [42240/60000 (70%)]	Loss: 139.876877
[2022-10-19 23:20:16] PRINT Train Epoch: 5 [43520/60000 (72%)]	Loss: 127.004044
[2022-10-19 23:20:16] PRINT Train Epoch: 5 [44800/60000 (75%)]	Loss: 137.690933
[2022-10-19 23:20:16] PRINT Train Epoch: 5 [46080/60000 (77%)]	Loss: 140.151077
[2022-10-19 23:20:16] PRINT Train Epoch: 5 [47360/60000 (79%)]	Loss: 136.308594
[2022-10-19 23:20:16] PRINT Train Epoch: 5 [48640/60000 (81%)]	Loss: 139.422394
[2022-10-19 23:20:17] PRINT Train Epoch: 5 [49920/60000 (83%)]	Loss: 140.459412
[2022-10-19 23:20:17] PRINT Train Epoch: 5 [51200/60000 (85%)]	Loss: 138.231323
[2022-10-19 23:20:17] PRINT Train Epoch: 5 [52480/60000 (87%)]	Loss: 137.776413
[2022-10-19 23:20:17] PRINT Train Epoch: 5 [53760/60000 (90%)]	Loss: 134.876022
[2022-10-19 23:20:17] PRINT Train Epoch: 5 [55040/60000 (92%)]	Loss: 137.667587
[2022-10-19 23:20:17] PRINT Train Epoch: 5 [56320/60000 (94%)]	Loss: 136.796890
[2022-10-19 23:20:17] PRINT Train Epoch: 5 [57600/60000 (96%)]	Loss: 143.080353
[2022-10-19 23:20:17] PRINT Train Epoch: 5 [58880/60000 (98%)]	Loss: 137.594986
[2022-10-19 23:20:17] PRINT ====> Epoch: 5 Average loss: 139.5708
[2022-10-19 23:20:18] PRINT ====> Test set loss: 136.0470
[2022-10-19 23:20:18] PRINT Train Epoch: 6 [0/60000 (0%)]	Loss: 137.128845
[2022-10-19 23:20:18] PRINT Train Epoch: 6 [1280/60000 (2%)]	Loss: 138.070938
[2022-10-19 23:20:19] PRINT Train Epoch: 6 [2560/60000 (4%)]	Loss: 137.784058
[2022-10-19 23:20:19] PRINT Train Epoch: 6 [3840/60000 (6%)]	Loss: 140.817062
[2022-10-19 23:20:19] PRINT Train Epoch: 6 [5120/60000 (9%)]	Loss: 139.675262
[2022-10-19 23:20:19] PRINT Train Epoch: 6 [6400/60000 (11%)]	Loss: 140.715515
[2022-10-19 23:20:19] PRINT Train Epoch: 6 [7680/60000 (13%)]	Loss: 136.662521
[2022-10-19 23:20:19] PRINT Train Epoch: 6 [8960/60000 (15%)]	Loss: 132.549561
[2022-10-19 23:20:19] PRINT Train Epoch: 6 [10240/60000 (17%)]	Loss: 138.676636
[2022-10-19 23:20:19] PRINT Train Epoch: 6 [11520/60000 (19%)]	Loss: 140.908737
[2022-10-19 23:20:19] PRINT Train Epoch: 6 [12800/60000 (21%)]	Loss: 134.794373
[2022-10-19 23:20:20] PRINT Train Epoch: 6 [14080/60000 (23%)]	Loss: 135.453781
[2022-10-19 23:20:20] PRINT Train Epoch: 6 [15360/60000 (26%)]	Loss: 137.741028
[2022-10-19 23:20:20] PRINT Train Epoch: 6 [16640/60000 (28%)]	Loss: 133.983154
[2022-10-19 23:20:20] PRINT Train Epoch: 6 [17920/60000 (30%)]	Loss: 136.851318
[2022-10-19 23:20:20] PRINT Train Epoch: 6 [19200/60000 (32%)]	Loss: 136.921173
[2022-10-19 23:20:20] PRINT Train Epoch: 6 [20480/60000 (34%)]	Loss: 136.446350
[2022-10-19 23:20:20] PRINT Train Epoch: 6 [21760/60000 (36%)]	Loss: 137.925018
[2022-10-19 23:20:20] PRINT Train Epoch: 6 [23040/60000 (38%)]	Loss: 138.969986
[2022-10-19 23:20:20] PRINT Train Epoch: 6 [24320/60000 (41%)]	Loss: 134.273956
[2022-10-19 23:20:20] PRINT Train Epoch: 6 [25600/60000 (43%)]	Loss: 134.627853
[2022-10-19 23:20:21] PRINT Train Epoch: 6 [26880/60000 (45%)]	Loss: 132.656403
[2022-10-19 23:20:21] PRINT Train Epoch: 6 [28160/60000 (47%)]	Loss: 134.612076
[2022-10-19 23:20:21] PRINT Train Epoch: 6 [29440/60000 (49%)]	Loss: 132.135254
[2022-10-19 23:20:21] PRINT Train Epoch: 6 [30720/60000 (51%)]	Loss: 136.702820
[2022-10-19 23:20:21] PRINT Train Epoch: 6 [32000/60000 (53%)]	Loss: 134.677109
[2022-10-19 23:20:21] PRINT Train Epoch: 6 [33280/60000 (55%)]	Loss: 137.367859
[2022-10-19 23:20:21] PRINT Train Epoch: 6 [34560/60000 (58%)]	Loss: 134.025635
[2022-10-19 23:20:21] PRINT Train Epoch: 6 [35840/60000 (60%)]	Loss: 133.534546
[2022-10-19 23:20:21] PRINT Train Epoch: 6 [37120/60000 (62%)]	Loss: 137.534149
[2022-10-19 23:20:21] PRINT Train Epoch: 6 [38400/60000 (64%)]	Loss: 138.974121
[2022-10-19 23:20:22] PRINT Train Epoch: 6 [39680/60000 (66%)]	Loss: 124.432419
[2022-10-19 23:20:22] PRINT Train Epoch: 6 [40960/60000 (68%)]	Loss: 137.127304
[2022-10-19 23:20:22] PRINT Train Epoch: 6 [42240/60000 (70%)]	Loss: 136.771484
[2022-10-19 23:20:22] PRINT Train Epoch: 6 [43520/60000 (72%)]	Loss: 137.878372
[2022-10-19 23:20:22] PRINT Train Epoch: 6 [44800/60000 (75%)]	Loss: 130.656006
[2022-10-19 23:20:22] PRINT Train Epoch: 6 [46080/60000 (77%)]	Loss: 131.782532
[2022-10-19 23:20:22] PRINT Train Epoch: 6 [47360/60000 (79%)]	Loss: 133.687485
[2022-10-19 23:20:22] PRINT Train Epoch: 6 [48640/60000 (81%)]	Loss: 139.032715
[2022-10-19 23:20:22] PRINT Train Epoch: 6 [49920/60000 (83%)]	Loss: 128.847824
[2022-10-19 23:20:23] PRINT Train Epoch: 6 [51200/60000 (85%)]	Loss: 130.467957
[2022-10-19 23:20:23] PRINT Train Epoch: 6 [52480/60000 (87%)]	Loss: 133.175140
[2022-10-19 23:20:23] PRINT Train Epoch: 6 [53760/60000 (90%)]	Loss: 133.329285
[2022-10-19 23:20:23] PRINT Train Epoch: 6 [55040/60000 (92%)]	Loss: 137.332657
[2022-10-19 23:20:23] PRINT Train Epoch: 6 [56320/60000 (94%)]	Loss: 132.937012
[2022-10-19 23:20:23] PRINT Train Epoch: 6 [57600/60000 (96%)]	Loss: 135.166656
[2022-10-19 23:20:23] PRINT Train Epoch: 6 [58880/60000 (98%)]	Loss: 133.179794
[2022-10-19 23:20:23] PRINT ====> Epoch: 6 Average loss: 135.3278
[2022-10-19 23:20:24] PRINT ====> Test set loss: 132.6046
[2022-10-19 23:20:24] PRINT Train Epoch: 7 [0/60000 (0%)]	Loss: 137.190735
[2022-10-19 23:20:24] PRINT Train Epoch: 7 [1280/60000 (2%)]	Loss: 131.957794
[2022-10-19 23:20:24] PRINT Train Epoch: 7 [2560/60000 (4%)]	Loss: 132.721634
[2022-10-19 23:20:25] PRINT Train Epoch: 7 [3840/60000 (6%)]	Loss: 133.254974
[2022-10-19 23:20:25] PRINT Train Epoch: 7 [5120/60000 (9%)]	Loss: 134.829437
[2022-10-19 23:20:25] PRINT Train Epoch: 7 [6400/60000 (11%)]	Loss: 136.808609
[2022-10-19 23:20:25] PRINT Train Epoch: 7 [7680/60000 (13%)]	Loss: 136.657013
[2022-10-19 23:20:25] PRINT Train Epoch: 7 [8960/60000 (15%)]	Loss: 135.721924
[2022-10-19 23:20:25] PRINT Train Epoch: 7 [10240/60000 (17%)]	Loss: 133.394485
[2022-10-19 23:20:25] PRINT Train Epoch: 7 [11520/60000 (19%)]	Loss: 130.060120
[2022-10-19 23:20:25] PRINT Train Epoch: 7 [12800/60000 (21%)]	Loss: 126.635925
[2022-10-19 23:20:25] PRINT Train Epoch: 7 [14080/60000 (23%)]	Loss: 133.292084
[2022-10-19 23:20:25] PRINT Train Epoch: 7 [15360/60000 (26%)]	Loss: 129.685211
[2022-10-19 23:20:26] PRINT Train Epoch: 7 [16640/60000 (28%)]	Loss: 134.312073
[2022-10-19 23:20:26] PRINT Train Epoch: 7 [17920/60000 (30%)]	Loss: 129.815750
[2022-10-19 23:20:26] PRINT Train Epoch: 7 [19200/60000 (32%)]	Loss: 130.113876
[2022-10-19 23:20:26] PRINT Train Epoch: 7 [20480/60000 (34%)]	Loss: 135.013123
[2022-10-19 23:20:26] PRINT Train Epoch: 7 [21760/60000 (36%)]	Loss: 128.390152
[2022-10-19 23:20:26] PRINT Train Epoch: 7 [23040/60000 (38%)]	Loss: 134.005096
[2022-10-19 23:20:26] PRINT Train Epoch: 7 [24320/60000 (41%)]	Loss: 138.588425
[2022-10-19 23:20:26] PRINT Train Epoch: 7 [25600/60000 (43%)]	Loss: 131.952606
[2022-10-19 23:20:26] PRINT Train Epoch: 7 [26880/60000 (45%)]	Loss: 130.723434
[2022-10-19 23:20:26] PRINT Train Epoch: 7 [28160/60000 (47%)]	Loss: 133.874054
[2022-10-19 23:20:27] PRINT Train Epoch: 7 [29440/60000 (49%)]	Loss: 138.685928
[2022-10-19 23:20:27] PRINT Train Epoch: 7 [30720/60000 (51%)]	Loss: 127.708115
[2022-10-19 23:20:27] PRINT Train Epoch: 7 [32000/60000 (53%)]	Loss: 136.071655
[2022-10-19 23:20:27] PRINT Train Epoch: 7 [33280/60000 (55%)]	Loss: 129.364807
[2022-10-19 23:20:27] PRINT Train Epoch: 7 [34560/60000 (58%)]	Loss: 133.110168
[2022-10-19 23:20:27] PRINT Train Epoch: 7 [35840/60000 (60%)]	Loss: 137.439209
[2022-10-19 23:20:27] PRINT Train Epoch: 7 [37120/60000 (62%)]	Loss: 132.689178
[2022-10-19 23:20:27] PRINT Train Epoch: 7 [38400/60000 (64%)]	Loss: 124.112640
[2022-10-19 23:20:27] PRINT Train Epoch: 7 [39680/60000 (66%)]	Loss: 128.964157
[2022-10-19 23:20:27] PRINT Train Epoch: 7 [40960/60000 (68%)]	Loss: 134.265060
[2022-10-19 23:20:28] PRINT Train Epoch: 7 [42240/60000 (70%)]	Loss: 131.537872
[2022-10-19 23:20:28] PRINT Train Epoch: 7 [43520/60000 (72%)]	Loss: 130.478943
[2022-10-19 23:20:28] PRINT Train Epoch: 7 [44800/60000 (75%)]	Loss: 131.386322
[2022-10-19 23:20:28] PRINT Train Epoch: 7 [46080/60000 (77%)]	Loss: 135.996628
[2022-10-19 23:20:28] PRINT Train Epoch: 7 [47360/60000 (79%)]	Loss: 129.274597
[2022-10-19 23:20:28] PRINT Train Epoch: 7 [48640/60000 (81%)]	Loss: 131.833511
[2022-10-19 23:20:28] PRINT Train Epoch: 7 [49920/60000 (83%)]	Loss: 131.692764
[2022-10-19 23:20:28] PRINT Train Epoch: 7 [51200/60000 (85%)]	Loss: 131.228348
[2022-10-19 23:20:28] PRINT Train Epoch: 7 [52480/60000 (87%)]	Loss: 132.042618
[2022-10-19 23:20:29] PRINT Train Epoch: 7 [53760/60000 (90%)]	Loss: 130.187378
[2022-10-19 23:20:29] PRINT Train Epoch: 7 [55040/60000 (92%)]	Loss: 130.003616
[2022-10-19 23:20:29] PRINT Train Epoch: 7 [56320/60000 (94%)]	Loss: 127.969254
[2022-10-19 23:20:29] PRINT Train Epoch: 7 [57600/60000 (96%)]	Loss: 135.177017
[2022-10-19 23:20:29] PRINT Train Epoch: 7 [58880/60000 (98%)]	Loss: 136.070084
[2022-10-19 23:20:29] PRINT ====> Epoch: 7 Average loss: 132.5104
[2022-10-19 23:20:30] PRINT ====> Test set loss: 130.1887
[2022-10-19 23:20:30] PRINT Train Epoch: 8 [0/60000 (0%)]	Loss: 128.288162
[2022-10-19 23:20:30] PRINT Train Epoch: 8 [1280/60000 (2%)]	Loss: 129.903214
[2022-10-19 23:20:30] PRINT Train Epoch: 8 [2560/60000 (4%)]	Loss: 133.001617
[2022-10-19 23:20:30] PRINT Train Epoch: 8 [3840/60000 (6%)]	Loss: 133.548492
[2022-10-19 23:20:30] PRINT Train Epoch: 8 [5120/60000 (9%)]	Loss: 134.787170
[2022-10-19 23:20:31] PRINT Train Epoch: 8 [6400/60000 (11%)]	Loss: 128.730682
[2022-10-19 23:20:31] PRINT Train Epoch: 8 [7680/60000 (13%)]	Loss: 131.711166
[2022-10-19 23:20:31] PRINT Train Epoch: 8 [8960/60000 (15%)]	Loss: 134.260651
[2022-10-19 23:20:31] PRINT Train Epoch: 8 [10240/60000 (17%)]	Loss: 128.918716
[2022-10-19 23:20:31] PRINT Train Epoch: 8 [11520/60000 (19%)]	Loss: 137.822952
[2022-10-19 23:20:31] PRINT Train Epoch: 8 [12800/60000 (21%)]	Loss: 132.123276
[2022-10-19 23:20:31] PRINT Train Epoch: 8 [14080/60000 (23%)]	Loss: 131.719421
[2022-10-19 23:20:31] PRINT Train Epoch: 8 [15360/60000 (26%)]	Loss: 129.384842
[2022-10-19 23:20:31] PRINT Train Epoch: 8 [16640/60000 (28%)]	Loss: 127.225410
[2022-10-19 23:20:32] PRINT Train Epoch: 8 [17920/60000 (30%)]	Loss: 130.860992
[2022-10-19 23:20:32] PRINT Train Epoch: 8 [19200/60000 (32%)]	Loss: 126.857758
[2022-10-19 23:20:32] PRINT Train Epoch: 8 [20480/60000 (34%)]	Loss: 134.064178
[2022-10-19 23:20:32] PRINT Train Epoch: 8 [21760/60000 (36%)]	Loss: 132.872421
[2022-10-19 23:20:32] PRINT Train Epoch: 8 [23040/60000 (38%)]	Loss: 131.328613
[2022-10-19 23:20:32] PRINT Train Epoch: 8 [24320/60000 (41%)]	Loss: 128.727081
[2022-10-19 23:20:32] PRINT Train Epoch: 8 [25600/60000 (43%)]	Loss: 125.540604
[2022-10-19 23:20:32] PRINT Train Epoch: 8 [26880/60000 (45%)]	Loss: 129.083893
[2022-10-19 23:20:32] PRINT Train Epoch: 8 [28160/60000 (47%)]	Loss: 132.570160
[2022-10-19 23:20:32] PRINT Train Epoch: 8 [29440/60000 (49%)]	Loss: 131.737320
[2022-10-19 23:20:33] PRINT Train Epoch: 8 [30720/60000 (51%)]	Loss: 133.753113
[2022-10-19 23:20:33] PRINT Train Epoch: 8 [32000/60000 (53%)]	Loss: 123.198845
[2022-10-19 23:20:33] PRINT Train Epoch: 8 [33280/60000 (55%)]	Loss: 133.092285
[2022-10-19 23:20:33] PRINT Train Epoch: 8 [34560/60000 (58%)]	Loss: 127.839905
[2022-10-19 23:20:33] PRINT Train Epoch: 8 [35840/60000 (60%)]	Loss: 125.572273
[2022-10-19 23:20:33] PRINT Train Epoch: 8 [37120/60000 (62%)]	Loss: 131.324570
[2022-10-19 23:20:33] PRINT Train Epoch: 8 [38400/60000 (64%)]	Loss: 122.956749
[2022-10-19 23:20:33] PRINT Train Epoch: 8 [39680/60000 (66%)]	Loss: 131.458527
[2022-10-19 23:20:33] PRINT Train Epoch: 8 [40960/60000 (68%)]	Loss: 129.575089
[2022-10-19 23:20:34] PRINT Train Epoch: 8 [42240/60000 (70%)]	Loss: 129.340500
[2022-10-19 23:20:34] PRINT Train Epoch: 8 [43520/60000 (72%)]	Loss: 131.773819
[2022-10-19 23:20:34] PRINT Train Epoch: 8 [44800/60000 (75%)]	Loss: 129.293289
[2022-10-19 23:20:34] PRINT Train Epoch: 8 [46080/60000 (77%)]	Loss: 130.705597
[2022-10-19 23:20:34] PRINT Train Epoch: 8 [47360/60000 (79%)]	Loss: 125.705902
[2022-10-19 23:20:34] PRINT Train Epoch: 8 [48640/60000 (81%)]	Loss: 133.948364
[2022-10-19 23:20:34] PRINT Train Epoch: 8 [49920/60000 (83%)]	Loss: 127.121918
[2022-10-19 23:20:34] PRINT Train Epoch: 8 [51200/60000 (85%)]	Loss: 128.324493
[2022-10-19 23:20:34] PRINT Train Epoch: 8 [52480/60000 (87%)]	Loss: 131.300812
[2022-10-19 23:20:34] PRINT Train Epoch: 8 [53760/60000 (90%)]	Loss: 126.198410
[2022-10-19 23:20:35] PRINT Train Epoch: 8 [55040/60000 (92%)]	Loss: 131.458374
[2022-10-19 23:20:35] PRINT Train Epoch: 8 [56320/60000 (94%)]	Loss: 129.261520
[2022-10-19 23:20:35] PRINT Train Epoch: 8 [57600/60000 (96%)]	Loss: 130.070190
[2022-10-19 23:20:35] PRINT Train Epoch: 8 [58880/60000 (98%)]	Loss: 133.376907
[2022-10-19 23:20:35] PRINT ====> Epoch: 8 Average loss: 130.2953
[2022-10-19 23:20:36] PRINT ====> Test set loss: 128.3058
[2022-10-19 23:20:36] PRINT Train Epoch: 9 [0/60000 (0%)]	Loss: 127.946991
[2022-10-19 23:20:36] PRINT Train Epoch: 9 [1280/60000 (2%)]	Loss: 130.418594
[2022-10-19 23:20:36] PRINT Train Epoch: 9 [2560/60000 (4%)]	Loss: 131.724884
[2022-10-19 23:20:36] PRINT Train Epoch: 9 [3840/60000 (6%)]	Loss: 125.576553
[2022-10-19 23:20:36] PRINT Train Epoch: 9 [5120/60000 (9%)]	Loss: 126.194283
[2022-10-19 23:20:36] PRINT Train Epoch: 9 [6400/60000 (11%)]	Loss: 129.724533
[2022-10-19 23:20:37] PRINT Train Epoch: 9 [7680/60000 (13%)]	Loss: 132.794006
[2022-10-19 23:20:37] PRINT Train Epoch: 9 [8960/60000 (15%)]	Loss: 130.540115
[2022-10-19 23:20:37] PRINT Train Epoch: 9 [10240/60000 (17%)]	Loss: 127.477051
[2022-10-19 23:20:37] PRINT Train Epoch: 9 [11520/60000 (19%)]	Loss: 136.198135
[2022-10-19 23:20:37] PRINT Train Epoch: 9 [12800/60000 (21%)]	Loss: 130.931915
[2022-10-19 23:20:37] PRINT Train Epoch: 9 [14080/60000 (23%)]	Loss: 123.371376
[2022-10-19 23:20:37] PRINT Train Epoch: 9 [15360/60000 (26%)]	Loss: 130.818558
[2022-10-19 23:20:37] PRINT Train Epoch: 9 [16640/60000 (28%)]	Loss: 127.703140
[2022-10-19 23:20:37] PRINT Train Epoch: 9 [17920/60000 (30%)]	Loss: 126.130943
[2022-10-19 23:20:37] PRINT Train Epoch: 9 [19200/60000 (32%)]	Loss: 124.614639
[2022-10-19 23:20:38] PRINT Train Epoch: 9 [20480/60000 (34%)]	Loss: 121.285652
[2022-10-19 23:20:38] PRINT Train Epoch: 9 [21760/60000 (36%)]	Loss: 124.737251
[2022-10-19 23:20:38] PRINT Train Epoch: 9 [23040/60000 (38%)]	Loss: 132.353668
[2022-10-19 23:20:38] PRINT Train Epoch: 9 [24320/60000 (41%)]	Loss: 126.636238
[2022-10-19 23:20:38] PRINT Train Epoch: 9 [25600/60000 (43%)]	Loss: 130.821594
[2022-10-19 23:20:38] PRINT Train Epoch: 9 [26880/60000 (45%)]	Loss: 128.707870
[2022-10-19 23:20:38] PRINT Train Epoch: 9 [28160/60000 (47%)]	Loss: 131.624649
[2022-10-19 23:20:38] PRINT Train Epoch: 9 [29440/60000 (49%)]	Loss: 128.166367
[2022-10-19 23:20:38] PRINT Train Epoch: 9 [30720/60000 (51%)]	Loss: 126.086990
[2022-10-19 23:20:38] PRINT Train Epoch: 9 [32000/60000 (53%)]	Loss: 130.006302
[2022-10-19 23:20:39] PRINT Train Epoch: 9 [33280/60000 (55%)]	Loss: 130.008438
[2022-10-19 23:20:39] PRINT Train Epoch: 9 [34560/60000 (58%)]	Loss: 133.032379
[2022-10-19 23:20:39] PRINT Train Epoch: 9 [35840/60000 (60%)]	Loss: 129.662109
[2022-10-19 23:20:39] PRINT Train Epoch: 9 [37120/60000 (62%)]	Loss: 132.945984
[2022-10-19 23:20:39] PRINT Train Epoch: 9 [38400/60000 (64%)]	Loss: 128.988617
[2022-10-19 23:20:39] PRINT Train Epoch: 9 [39680/60000 (66%)]	Loss: 130.296371
[2022-10-19 23:20:39] PRINT Train Epoch: 9 [40960/60000 (68%)]	Loss: 123.639450
[2022-10-19 23:20:39] PRINT Train Epoch: 9 [42240/60000 (70%)]	Loss: 122.749512
[2022-10-19 23:20:39] PRINT Train Epoch: 9 [43520/60000 (72%)]	Loss: 124.899796
[2022-10-19 23:20:39] PRINT Train Epoch: 9 [44800/60000 (75%)]	Loss: 122.902870
[2022-10-19 23:20:40] PRINT Train Epoch: 9 [46080/60000 (77%)]	Loss: 128.899384
[2022-10-19 23:20:40] PRINT Train Epoch: 9 [47360/60000 (79%)]	Loss: 119.808823
[2022-10-19 23:20:40] PRINT Train Epoch: 9 [48640/60000 (81%)]	Loss: 127.770897
[2022-10-19 23:20:40] PRINT Train Epoch: 9 [49920/60000 (83%)]	Loss: 126.595963
[2022-10-19 23:20:40] PRINT Train Epoch: 9 [51200/60000 (85%)]	Loss: 130.095276
[2022-10-19 23:20:40] PRINT Train Epoch: 9 [52480/60000 (87%)]	Loss: 127.261795
[2022-10-19 23:20:40] PRINT Train Epoch: 9 [53760/60000 (90%)]	Loss: 127.372986
[2022-10-19 23:20:40] PRINT Train Epoch: 9 [55040/60000 (92%)]	Loss: 128.519501
[2022-10-19 23:20:40] PRINT Train Epoch: 9 [56320/60000 (94%)]	Loss: 135.015137
[2022-10-19 23:20:41] PRINT Train Epoch: 9 [57600/60000 (96%)]	Loss: 128.013199
[2022-10-19 23:20:41] PRINT Train Epoch: 9 [58880/60000 (98%)]	Loss: 131.399765
[2022-10-19 23:20:41] PRINT ====> Epoch: 9 Average loss: 128.4777
[2022-10-19 23:20:42] PRINT ====> Test set loss: 126.6051
[2022-10-19 23:20:42] PRINT Train Epoch: 10 [0/60000 (0%)]	Loss: 134.423935
[2022-10-19 23:20:42] PRINT Train Epoch: 10 [1280/60000 (2%)]	Loss: 122.036827
[2022-10-19 23:20:42] PRINT Train Epoch: 10 [2560/60000 (4%)]	Loss: 127.168106
[2022-10-19 23:20:42] PRINT Train Epoch: 10 [3840/60000 (6%)]	Loss: 123.808395
[2022-10-19 23:20:42] PRINT Train Epoch: 10 [5120/60000 (9%)]	Loss: 120.094810
[2022-10-19 23:20:42] PRINT Train Epoch: 10 [6400/60000 (11%)]	Loss: 130.033646
[2022-10-19 23:20:42] PRINT Train Epoch: 10 [7680/60000 (13%)]	Loss: 127.647125
[2022-10-19 23:20:42] PRINT Train Epoch: 10 [8960/60000 (15%)]	Loss: 127.799881
[2022-10-19 23:20:42] PRINT Train Epoch: 10 [10240/60000 (17%)]	Loss: 124.882790
[2022-10-19 23:20:43] PRINT Train Epoch: 10 [11520/60000 (19%)]	Loss: 130.132690
[2022-10-19 23:20:43] PRINT Train Epoch: 10 [12800/60000 (21%)]	Loss: 124.397171
[2022-10-19 23:20:43] PRINT Train Epoch: 10 [14080/60000 (23%)]	Loss: 124.156120
[2022-10-19 23:20:43] PRINT Train Epoch: 10 [15360/60000 (26%)]	Loss: 127.548927
[2022-10-19 23:20:43] PRINT Train Epoch: 10 [16640/60000 (28%)]	Loss: 123.622902
[2022-10-19 23:20:43] PRINT Train Epoch: 10 [17920/60000 (30%)]	Loss: 127.733383
[2022-10-19 23:20:43] PRINT Train Epoch: 10 [19200/60000 (32%)]	Loss: 129.592743
[2022-10-19 23:20:43] PRINT Train Epoch: 10 [20480/60000 (34%)]	Loss: 122.895012
[2022-10-19 23:20:43] PRINT Train Epoch: 10 [21760/60000 (36%)]	Loss: 128.580444
[2022-10-19 23:20:44] PRINT Train Epoch: 10 [23040/60000 (38%)]	Loss: 128.044662
[2022-10-19 23:20:44] PRINT Train Epoch: 10 [24320/60000 (41%)]	Loss: 132.509842
[2022-10-19 23:20:44] PRINT Train Epoch: 10 [25600/60000 (43%)]	Loss: 126.664551
[2022-10-19 23:20:44] PRINT Train Epoch: 10 [26880/60000 (45%)]	Loss: 124.733963
[2022-10-19 23:20:44] PRINT Train Epoch: 10 [28160/60000 (47%)]	Loss: 127.312729
[2022-10-19 23:20:44] PRINT Train Epoch: 10 [29440/60000 (49%)]	Loss: 125.923683
[2022-10-19 23:20:44] PRINT Train Epoch: 10 [30720/60000 (51%)]	Loss: 125.619949
[2022-10-19 23:20:44] PRINT Train Epoch: 10 [32000/60000 (53%)]	Loss: 124.016998
[2022-10-19 23:20:44] PRINT Train Epoch: 10 [33280/60000 (55%)]	Loss: 121.393997
[2022-10-19 23:20:45] PRINT Train Epoch: 10 [34560/60000 (58%)]	Loss: 131.710434
[2022-10-19 23:20:45] PRINT Train Epoch: 10 [35840/60000 (60%)]	Loss: 123.451492
[2022-10-19 23:20:45] PRINT Train Epoch: 10 [37120/60000 (62%)]	Loss: 126.279007
[2022-10-19 23:20:45] PRINT Train Epoch: 10 [38400/60000 (64%)]	Loss: 124.996986
[2022-10-19 23:20:45] PRINT Train Epoch: 10 [39680/60000 (66%)]	Loss: 128.995071
[2022-10-19 23:20:45] PRINT Train Epoch: 10 [40960/60000 (68%)]	Loss: 123.675552
[2022-10-19 23:20:45] PRINT Train Epoch: 10 [42240/60000 (70%)]	Loss: 129.215317
[2022-10-19 23:20:45] PRINT Train Epoch: 10 [43520/60000 (72%)]	Loss: 131.964249
[2022-10-19 23:20:45] PRINT Train Epoch: 10 [44800/60000 (75%)]	Loss: 126.729477
[2022-10-19 23:20:45] PRINT Train Epoch: 10 [46080/60000 (77%)]	Loss: 126.750237
[2022-10-19 23:20:46] PRINT Train Epoch: 10 [47360/60000 (79%)]	Loss: 124.219940
[2022-10-19 23:20:46] PRINT Train Epoch: 10 [48640/60000 (81%)]	Loss: 130.602661
[2022-10-19 23:20:46] PRINT Train Epoch: 10 [49920/60000 (83%)]	Loss: 126.510750
[2022-10-19 23:20:46] PRINT Train Epoch: 10 [51200/60000 (85%)]	Loss: 126.426682
[2022-10-19 23:20:46] PRINT Train Epoch: 10 [52480/60000 (87%)]	Loss: 123.042130
[2022-10-19 23:20:46] PRINT Train Epoch: 10 [53760/60000 (90%)]	Loss: 126.230362
[2022-10-19 23:20:46] PRINT Train Epoch: 10 [55040/60000 (92%)]	Loss: 125.467583
[2022-10-19 23:20:46] PRINT Train Epoch: 10 [56320/60000 (94%)]	Loss: 124.461327
[2022-10-19 23:20:46] PRINT Train Epoch: 10 [57600/60000 (96%)]	Loss: 126.219223
[2022-10-19 23:20:47] PRINT Train Epoch: 10 [58880/60000 (98%)]	Loss: 119.542137
[2022-10-19 23:20:47] PRINT ====> Epoch: 10 Average loss: 126.9397
[2022-10-19 23:20:48] PRINT ====> Test set loss: 125.2071
