[2022-10-20 00:40:57] PRINT {'features1': 600, 'features2': 20, 'lr': 0.00012092043199593336, 'epsilon': 1e-06, 'TRIAL_BUDGET': 2}
[2022-10-20 00:40:58] PRINT Using cuda device
[2022-10-20 00:41:03] PRINT Train Epoch: 1 [0/60000 (0%)]	Loss: 546.558472
[2022-10-20 00:41:03] PRINT Train Epoch: 1 [1280/60000 (2%)]	Loss: 499.592773
[2022-10-20 00:41:03] PRINT Train Epoch: 1 [2560/60000 (4%)]	Loss: 446.244781
[2022-10-20 00:41:04] PRINT Train Epoch: 1 [3840/60000 (6%)]	Loss: 383.714020
[2022-10-20 00:41:04] PRINT Train Epoch: 1 [5120/60000 (9%)]	Loss: 318.898865
[2022-10-20 00:41:04] PRINT Train Epoch: 1 [6400/60000 (11%)]	Loss: 287.407776
[2022-10-20 00:41:04] PRINT Train Epoch: 1 [7680/60000 (13%)]	Loss: 277.136444
[2022-10-20 00:41:05] PRINT Train Epoch: 1 [8960/60000 (15%)]	Loss: 259.138519
[2022-10-20 00:41:05] PRINT Train Epoch: 1 [10240/60000 (17%)]	Loss: 249.346924
[2022-10-20 00:41:05] PRINT Train Epoch: 1 [11520/60000 (19%)]	Loss: 240.327408
[2022-10-20 00:41:06] PRINT Train Epoch: 1 [12800/60000 (21%)]	Loss: 232.438309
[2022-10-20 00:41:06] PRINT Train Epoch: 1 [14080/60000 (23%)]	Loss: 241.242859
[2022-10-20 00:41:06] PRINT Train Epoch: 1 [15360/60000 (26%)]	Loss: 238.257797
[2022-10-20 00:41:07] PRINT Train Epoch: 1 [16640/60000 (28%)]	Loss: 238.683395
[2022-10-20 00:41:07] PRINT Train Epoch: 1 [17920/60000 (30%)]	Loss: 232.278137
[2022-10-20 00:41:07] PRINT Train Epoch: 1 [19200/60000 (32%)]	Loss: 226.059845
[2022-10-20 00:41:07] PRINT Train Epoch: 1 [20480/60000 (34%)]	Loss: 226.521042
[2022-10-20 00:41:08] PRINT Train Epoch: 1 [21760/60000 (36%)]	Loss: 228.973724
[2022-10-20 00:41:08] PRINT Train Epoch: 1 [23040/60000 (38%)]	Loss: 222.889359
[2022-10-20 00:41:08] PRINT Train Epoch: 1 [24320/60000 (41%)]	Loss: 222.522980
[2022-10-20 00:41:09] PRINT Train Epoch: 1 [25600/60000 (43%)]	Loss: 218.296402
[2022-10-20 00:41:09] PRINT Train Epoch: 1 [26880/60000 (45%)]	Loss: 216.441940
[2022-10-20 00:41:09] PRINT Train Epoch: 1 [28160/60000 (47%)]	Loss: 214.422455
[2022-10-20 00:41:10] PRINT Train Epoch: 1 [29440/60000 (49%)]	Loss: 212.040848
[2022-10-20 00:41:10] PRINT Train Epoch: 1 [30720/60000 (51%)]	Loss: 204.964844
[2022-10-20 00:41:10] PRINT Train Epoch: 1 [32000/60000 (53%)]	Loss: 213.998947
[2022-10-20 00:41:11] PRINT Train Epoch: 1 [33280/60000 (55%)]	Loss: 212.577591
[2022-10-20 00:41:11] PRINT Train Epoch: 1 [34560/60000 (58%)]	Loss: 199.962357
[2022-10-20 00:41:11] PRINT Train Epoch: 1 [35840/60000 (60%)]	Loss: 203.486374
[2022-10-20 00:41:11] PRINT Train Epoch: 1 [37120/60000 (62%)]	Loss: 203.428406
[2022-10-20 00:41:12] PRINT Train Epoch: 1 [38400/60000 (64%)]	Loss: 193.602280
[2022-10-20 00:41:12] PRINT Train Epoch: 1 [39680/60000 (66%)]	Loss: 191.308792
[2022-10-20 00:41:12] PRINT Train Epoch: 1 [40960/60000 (68%)]	Loss: 192.793640
[2022-10-20 00:41:13] PRINT Train Epoch: 1 [42240/60000 (70%)]	Loss: 194.182800
[2022-10-20 00:41:13] PRINT Train Epoch: 1 [43520/60000 (72%)]	Loss: 194.160980
[2022-10-20 00:41:13] PRINT Train Epoch: 1 [44800/60000 (75%)]	Loss: 185.274323
[2022-10-20 00:41:14] PRINT Train Epoch: 1 [46080/60000 (77%)]	Loss: 191.687317
[2022-10-20 00:41:14] PRINT Train Epoch: 1 [47360/60000 (79%)]	Loss: 181.268005
[2022-10-20 00:41:14] PRINT Train Epoch: 1 [48640/60000 (81%)]	Loss: 184.766739
[2022-10-20 00:41:14] PRINT Train Epoch: 1 [49920/60000 (83%)]	Loss: 179.170166
[2022-10-20 00:41:15] PRINT Train Epoch: 1 [51200/60000 (85%)]	Loss: 183.513992
[2022-10-20 00:41:15] PRINT Train Epoch: 1 [52480/60000 (87%)]	Loss: 180.074509
[2022-10-20 00:41:15] PRINT Train Epoch: 1 [53760/60000 (90%)]	Loss: 175.225784
[2022-10-20 00:41:16] PRINT Train Epoch: 1 [55040/60000 (92%)]	Loss: 181.457581
[2022-10-20 00:41:16] PRINT Train Epoch: 1 [56320/60000 (94%)]	Loss: 174.199539
[2022-10-20 00:41:16] PRINT Train Epoch: 1 [57600/60000 (96%)]	Loss: 175.837921
[2022-10-20 00:41:17] PRINT Train Epoch: 1 [58880/60000 (98%)]	Loss: 180.436523
[2022-10-20 00:41:17] PRINT ====> Epoch: 1 Average loss: 231.8220
[2022-10-20 00:41:19] PRINT ====> Test set loss: 173.8771
[2022-10-20 00:41:19] PRINT Train Epoch: 2 [0/60000 (0%)]	Loss: 184.381119
[2022-10-20 00:41:20] PRINT Train Epoch: 2 [1280/60000 (2%)]	Loss: 168.817307
[2022-10-20 00:41:20] PRINT Train Epoch: 2 [2560/60000 (4%)]	Loss: 181.665955
[2022-10-20 00:41:20] PRINT Train Epoch: 2 [3840/60000 (6%)]	Loss: 169.249603
[2022-10-20 00:41:21] PRINT Train Epoch: 2 [5120/60000 (9%)]	Loss: 168.277634
[2022-10-20 00:41:21] PRINT Train Epoch: 2 [6400/60000 (11%)]	Loss: 170.461517
[2022-10-20 00:41:21] PRINT Train Epoch: 2 [7680/60000 (13%)]	Loss: 164.068985
[2022-10-20 00:41:22] PRINT Train Epoch: 2 [8960/60000 (15%)]	Loss: 165.892242
[2022-10-20 00:41:22] PRINT Train Epoch: 2 [10240/60000 (17%)]	Loss: 168.077957
[2022-10-20 00:41:22] PRINT Train Epoch: 2 [11520/60000 (19%)]	Loss: 170.232971
[2022-10-20 00:41:22] PRINT Train Epoch: 2 [12800/60000 (21%)]	Loss: 156.369308
[2022-10-20 00:41:23] PRINT Train Epoch: 2 [14080/60000 (23%)]	Loss: 161.543930
[2022-10-20 00:41:23] PRINT Train Epoch: 2 [15360/60000 (26%)]	Loss: 170.252533
[2022-10-20 00:41:23] PRINT Train Epoch: 2 [16640/60000 (28%)]	Loss: 160.193481
[2022-10-20 00:41:24] PRINT Train Epoch: 2 [17920/60000 (30%)]	Loss: 163.385803
[2022-10-20 00:41:24] PRINT Train Epoch: 2 [19200/60000 (32%)]	Loss: 167.839874
[2022-10-20 00:41:24] PRINT Train Epoch: 2 [20480/60000 (34%)]	Loss: 162.723618
[2022-10-20 00:41:25] PRINT Train Epoch: 2 [21760/60000 (36%)]	Loss: 154.241058
[2022-10-20 00:41:25] PRINT Train Epoch: 2 [23040/60000 (38%)]	Loss: 165.426544
[2022-10-20 00:41:25] PRINT Train Epoch: 2 [24320/60000 (41%)]	Loss: 159.713898
[2022-10-20 00:41:25] PRINT Train Epoch: 2 [25600/60000 (43%)]	Loss: 157.480606
[2022-10-20 00:41:26] PRINT Train Epoch: 2 [26880/60000 (45%)]	Loss: 160.215424
[2022-10-20 00:41:26] PRINT Train Epoch: 2 [28160/60000 (47%)]	Loss: 160.272034
[2022-10-20 00:41:26] PRINT Train Epoch: 2 [29440/60000 (49%)]	Loss: 162.552368
[2022-10-20 00:41:27] PRINT Train Epoch: 2 [30720/60000 (51%)]	Loss: 157.780579
[2022-10-20 00:41:27] PRINT Train Epoch: 2 [32000/60000 (53%)]	Loss: 164.196808
[2022-10-20 00:41:27] PRINT Train Epoch: 2 [33280/60000 (55%)]	Loss: 162.764389
[2022-10-20 00:41:28] PRINT Train Epoch: 2 [34560/60000 (58%)]	Loss: 165.272354
[2022-10-20 00:41:28] PRINT Train Epoch: 2 [35840/60000 (60%)]	Loss: 161.951187
[2022-10-20 00:41:28] PRINT Train Epoch: 2 [37120/60000 (62%)]	Loss: 156.796310
[2022-10-20 00:41:28] PRINT Train Epoch: 2 [38400/60000 (64%)]	Loss: 154.631134
[2022-10-20 00:41:29] PRINT Train Epoch: 2 [39680/60000 (66%)]	Loss: 149.070740
[2022-10-20 00:41:29] PRINT Train Epoch: 2 [40960/60000 (68%)]	Loss: 159.746506
[2022-10-20 00:41:29] PRINT Train Epoch: 2 [42240/60000 (70%)]	Loss: 156.854965
[2022-10-20 00:41:30] PRINT Train Epoch: 2 [43520/60000 (72%)]	Loss: 154.465973
[2022-10-20 00:41:30] PRINT Train Epoch: 2 [44800/60000 (75%)]	Loss: 158.454193
[2022-10-20 00:41:30] PRINT Train Epoch: 2 [46080/60000 (77%)]	Loss: 152.989471
[2022-10-20 00:41:31] PRINT Train Epoch: 2 [47360/60000 (79%)]	Loss: 151.858856
[2022-10-20 00:41:31] PRINT Train Epoch: 2 [48640/60000 (81%)]	Loss: 158.788971
[2022-10-20 00:41:31] PRINT Train Epoch: 2 [49920/60000 (83%)]	Loss: 154.427841
[2022-10-20 00:41:31] PRINT Train Epoch: 2 [51200/60000 (85%)]	Loss: 156.279083
[2022-10-20 00:41:32] PRINT Train Epoch: 2 [52480/60000 (87%)]	Loss: 153.007812
[2022-10-20 00:41:32] PRINT Train Epoch: 2 [53760/60000 (90%)]	Loss: 156.730530
[2022-10-20 00:41:32] PRINT Train Epoch: 2 [55040/60000 (92%)]	Loss: 150.711288
[2022-10-20 00:41:33] PRINT Train Epoch: 2 [56320/60000 (94%)]	Loss: 150.704254
[2022-10-20 00:41:33] PRINT Train Epoch: 2 [57600/60000 (96%)]	Loss: 146.876648
[2022-10-20 00:41:33] PRINT Train Epoch: 2 [58880/60000 (98%)]	Loss: 147.850128
[2022-10-20 00:41:33] PRINT ====> Epoch: 2 Average loss: 160.4700
[2022-10-20 00:41:36] PRINT ====> Test set loss: 148.9278
[2022-10-20 00:41:36] PRINT Train Epoch: 3 [0/60000 (0%)]	Loss: 147.937607
[2022-10-20 00:41:36] PRINT Train Epoch: 3 [1280/60000 (2%)]	Loss: 150.647903
[2022-10-20 00:41:37] PRINT Train Epoch: 3 [2560/60000 (4%)]	Loss: 155.403915
[2022-10-20 00:41:37] PRINT Train Epoch: 3 [3840/60000 (6%)]	Loss: 149.914490
[2022-10-20 00:41:37] PRINT Train Epoch: 3 [5120/60000 (9%)]	Loss: 149.371155
[2022-10-20 00:41:38] PRINT Train Epoch: 3 [6400/60000 (11%)]	Loss: 150.883011
[2022-10-20 00:41:38] PRINT Train Epoch: 3 [7680/60000 (13%)]	Loss: 152.744476
[2022-10-20 00:41:38] PRINT Train Epoch: 3 [8960/60000 (15%)]	Loss: 143.745804
[2022-10-20 00:41:38] PRINT Train Epoch: 3 [10240/60000 (17%)]	Loss: 151.714462
[2022-10-20 00:41:39] PRINT Train Epoch: 3 [11520/60000 (19%)]	Loss: 144.108475
[2022-10-20 00:41:39] PRINT Train Epoch: 3 [12800/60000 (21%)]	Loss: 147.179596
[2022-10-20 00:41:39] PRINT Train Epoch: 3 [14080/60000 (23%)]	Loss: 143.988953
[2022-10-20 00:41:40] PRINT Train Epoch: 3 [15360/60000 (26%)]	Loss: 147.355728
[2022-10-20 00:41:40] PRINT Train Epoch: 3 [16640/60000 (28%)]	Loss: 148.108505
[2022-10-20 00:41:40] PRINT Train Epoch: 3 [17920/60000 (30%)]	Loss: 134.775238
[2022-10-20 00:41:41] PRINT Train Epoch: 3 [19200/60000 (32%)]	Loss: 143.662292
[2022-10-20 00:41:41] PRINT Train Epoch: 3 [20480/60000 (34%)]	Loss: 143.444275
[2022-10-20 00:41:41] PRINT Train Epoch: 3 [21760/60000 (36%)]	Loss: 147.375961
[2022-10-20 00:41:41] PRINT Train Epoch: 3 [23040/60000 (38%)]	Loss: 143.678101
[2022-10-20 00:41:42] PRINT Train Epoch: 3 [24320/60000 (41%)]	Loss: 147.562378
[2022-10-20 00:41:42] PRINT Train Epoch: 3 [25600/60000 (43%)]	Loss: 144.373535
[2022-10-20 00:41:42] PRINT Train Epoch: 3 [26880/60000 (45%)]	Loss: 143.992981
[2022-10-20 00:41:43] PRINT Train Epoch: 3 [28160/60000 (47%)]	Loss: 135.463547
[2022-10-20 00:41:43] PRINT Train Epoch: 3 [29440/60000 (49%)]	Loss: 144.439285
[2022-10-20 00:41:43] PRINT Train Epoch: 3 [30720/60000 (51%)]	Loss: 144.682922
[2022-10-20 00:41:44] PRINT Train Epoch: 3 [32000/60000 (53%)]	Loss: 139.868286
[2022-10-20 00:41:44] PRINT Train Epoch: 3 [33280/60000 (55%)]	Loss: 143.220734
[2022-10-20 00:41:44] PRINT Train Epoch: 3 [34560/60000 (58%)]	Loss: 147.291916
[2022-10-20 00:41:44] PRINT Train Epoch: 3 [35840/60000 (60%)]	Loss: 132.816406
[2022-10-20 00:41:45] PRINT Train Epoch: 3 [37120/60000 (62%)]	Loss: 138.583679
[2022-10-20 00:41:45] PRINT Train Epoch: 3 [38400/60000 (64%)]	Loss: 143.618179
[2022-10-20 00:41:45] PRINT Train Epoch: 3 [39680/60000 (66%)]	Loss: 140.639999
[2022-10-20 00:41:46] PRINT Train Epoch: 3 [40960/60000 (68%)]	Loss: 139.389297
[2022-10-20 00:41:46] PRINT Train Epoch: 3 [42240/60000 (70%)]	Loss: 141.588593
[2022-10-20 00:41:46] PRINT Train Epoch: 3 [43520/60000 (72%)]	Loss: 136.891434
[2022-10-20 00:41:47] PRINT Train Epoch: 3 [44800/60000 (75%)]	Loss: 135.695099
[2022-10-20 00:41:47] PRINT Train Epoch: 3 [46080/60000 (77%)]	Loss: 143.926651
[2022-10-20 00:41:47] PRINT Train Epoch: 3 [47360/60000 (79%)]	Loss: 141.540543
[2022-10-20 00:41:47] PRINT Train Epoch: 3 [48640/60000 (81%)]	Loss: 140.394363
[2022-10-20 00:41:48] PRINT Train Epoch: 3 [49920/60000 (83%)]	Loss: 134.518234
[2022-10-20 00:41:48] PRINT Train Epoch: 3 [51200/60000 (85%)]	Loss: 141.383713
[2022-10-20 00:41:48] PRINT Train Epoch: 3 [52480/60000 (87%)]	Loss: 140.016068
[2022-10-20 00:41:49] PRINT Train Epoch: 3 [53760/60000 (90%)]	Loss: 137.530624
[2022-10-20 00:41:49] PRINT Train Epoch: 3 [55040/60000 (92%)]	Loss: 143.481033
[2022-10-20 00:41:49] PRINT Train Epoch: 3 [56320/60000 (94%)]	Loss: 140.059616
[2022-10-20 00:41:50] PRINT Train Epoch: 3 [57600/60000 (96%)]	Loss: 136.365936
[2022-10-20 00:41:50] PRINT Train Epoch: 3 [58880/60000 (98%)]	Loss: 133.539673
[2022-10-20 00:41:50] PRINT ====> Epoch: 3 Average loss: 142.9366
[2022-10-20 00:41:53] PRINT ====> Test set loss: 135.9664
[2022-10-20 00:41:53] PRINT Train Epoch: 4 [0/60000 (0%)]	Loss: 134.657852
[2022-10-20 00:41:53] PRINT Train Epoch: 4 [1280/60000 (2%)]	Loss: 136.804352
[2022-10-20 00:41:53] PRINT Train Epoch: 4 [2560/60000 (4%)]	Loss: 138.683029
[2022-10-20 00:41:54] PRINT Train Epoch: 4 [3840/60000 (6%)]	Loss: 137.976974
[2022-10-20 00:41:54] PRINT Train Epoch: 4 [5120/60000 (9%)]	Loss: 135.538040
[2022-10-20 00:41:54] PRINT Train Epoch: 4 [6400/60000 (11%)]	Loss: 135.398560
[2022-10-20 00:41:55] PRINT Train Epoch: 4 [7680/60000 (13%)]	Loss: 141.432541
[2022-10-20 00:41:55] PRINT Train Epoch: 4 [8960/60000 (15%)]	Loss: 130.486237
[2022-10-20 00:41:55] PRINT Train Epoch: 4 [10240/60000 (17%)]	Loss: 135.966202
[2022-10-20 00:41:55] PRINT Train Epoch: 4 [11520/60000 (19%)]	Loss: 131.137955
[2022-10-20 00:41:56] PRINT Train Epoch: 4 [12800/60000 (21%)]	Loss: 140.732834
[2022-10-20 00:41:56] PRINT Train Epoch: 4 [14080/60000 (23%)]	Loss: 131.430191
[2022-10-20 00:41:56] PRINT Train Epoch: 4 [15360/60000 (26%)]	Loss: 137.411530
[2022-10-20 00:41:57] PRINT Train Epoch: 4 [16640/60000 (28%)]	Loss: 131.795090
[2022-10-20 00:41:57] PRINT Train Epoch: 4 [17920/60000 (30%)]	Loss: 132.711243
[2022-10-20 00:41:57] PRINT Train Epoch: 4 [19200/60000 (32%)]	Loss: 135.030060
[2022-10-20 00:41:58] PRINT Train Epoch: 4 [20480/60000 (34%)]	Loss: 132.227783
[2022-10-20 00:41:58] PRINT Train Epoch: 4 [21760/60000 (36%)]	Loss: 135.512009
[2022-10-20 00:41:58] PRINT Train Epoch: 4 [23040/60000 (38%)]	Loss: 127.308098
[2022-10-20 00:41:58] PRINT Train Epoch: 4 [24320/60000 (41%)]	Loss: 136.283798
[2022-10-20 00:41:59] PRINT Train Epoch: 4 [25600/60000 (43%)]	Loss: 135.250656
[2022-10-20 00:41:59] PRINT Train Epoch: 4 [26880/60000 (45%)]	Loss: 129.583023
[2022-10-20 00:41:59] PRINT Train Epoch: 4 [28160/60000 (47%)]	Loss: 132.825714
[2022-10-20 00:42:00] PRINT Train Epoch: 4 [29440/60000 (49%)]	Loss: 132.938766
[2022-10-20 00:42:00] PRINT Train Epoch: 4 [30720/60000 (51%)]	Loss: 131.928375
[2022-10-20 00:42:00] PRINT Train Epoch: 4 [32000/60000 (53%)]	Loss: 135.622787
[2022-10-20 00:42:01] PRINT Train Epoch: 4 [33280/60000 (55%)]	Loss: 131.732727
[2022-10-20 00:42:01] PRINT Train Epoch: 4 [34560/60000 (58%)]	Loss: 128.427292
[2022-10-20 00:42:01] PRINT Train Epoch: 4 [35840/60000 (60%)]	Loss: 131.072983
[2022-10-20 00:42:01] PRINT Train Epoch: 4 [37120/60000 (62%)]	Loss: 131.062439
[2022-10-20 00:42:02] PRINT Train Epoch: 4 [38400/60000 (64%)]	Loss: 133.454224
[2022-10-20 00:42:02] PRINT Train Epoch: 4 [39680/60000 (66%)]	Loss: 133.317413
[2022-10-20 00:42:02] PRINT Train Epoch: 4 [40960/60000 (68%)]	Loss: 133.817566
[2022-10-20 00:42:03] PRINT Train Epoch: 4 [42240/60000 (70%)]	Loss: 128.273224
[2022-10-20 00:42:03] PRINT Train Epoch: 4 [43520/60000 (72%)]	Loss: 129.490387
[2022-10-20 00:42:03] PRINT Train Epoch: 4 [44800/60000 (75%)]	Loss: 130.514832
[2022-10-20 00:42:04] PRINT Train Epoch: 4 [46080/60000 (77%)]	Loss: 133.843903
[2022-10-20 00:42:04] PRINT Train Epoch: 4 [47360/60000 (79%)]	Loss: 129.988281
[2022-10-20 00:42:04] PRINT Train Epoch: 4 [48640/60000 (81%)]	Loss: 129.147949
[2022-10-20 00:42:04] PRINT Train Epoch: 4 [49920/60000 (83%)]	Loss: 134.511475
[2022-10-20 00:42:05] PRINT Train Epoch: 4 [51200/60000 (85%)]	Loss: 133.005615
[2022-10-20 00:42:05] PRINT Train Epoch: 4 [52480/60000 (87%)]	Loss: 136.545319
[2022-10-20 00:42:05] PRINT Train Epoch: 4 [53760/60000 (90%)]	Loss: 132.799530
[2022-10-20 00:42:06] PRINT Train Epoch: 4 [55040/60000 (92%)]	Loss: 134.662125
[2022-10-20 00:42:06] PRINT Train Epoch: 4 [56320/60000 (94%)]	Loss: 127.614624
[2022-10-20 00:42:06] PRINT Train Epoch: 4 [57600/60000 (96%)]	Loss: 127.427124
[2022-10-20 00:42:07] PRINT Train Epoch: 4 [58880/60000 (98%)]	Loss: 129.970947
[2022-10-20 00:42:07] PRINT ====> Epoch: 4 Average loss: 133.1240
[2022-10-20 00:42:09] PRINT ====> Test set loss: 128.5779
[2022-10-20 00:42:10] PRINT Train Epoch: 5 [0/60000 (0%)]	Loss: 126.154457
[2022-10-20 00:42:10] PRINT Train Epoch: 5 [1280/60000 (2%)]	Loss: 129.406143
[2022-10-20 00:42:10] PRINT Train Epoch: 5 [2560/60000 (4%)]	Loss: 133.264771
[2022-10-20 00:42:10] PRINT Train Epoch: 5 [3840/60000 (6%)]	Loss: 128.106171
[2022-10-20 00:42:11] PRINT Train Epoch: 5 [5120/60000 (9%)]	Loss: 132.190338
[2022-10-20 00:42:11] PRINT Train Epoch: 5 [6400/60000 (11%)]	Loss: 129.552002
[2022-10-20 00:42:11] PRINT Train Epoch: 5 [7680/60000 (13%)]	Loss: 132.233765
[2022-10-20 00:42:12] PRINT Train Epoch: 5 [8960/60000 (15%)]	Loss: 131.171524
[2022-10-20 00:42:12] PRINT Train Epoch: 5 [10240/60000 (17%)]	Loss: 128.048660
[2022-10-20 00:42:12] PRINT Train Epoch: 5 [11520/60000 (19%)]	Loss: 128.519577
[2022-10-20 00:42:13] PRINT Train Epoch: 5 [12800/60000 (21%)]	Loss: 121.228119
[2022-10-20 00:42:13] PRINT Train Epoch: 5 [14080/60000 (23%)]	Loss: 132.893921
[2022-10-20 00:42:13] PRINT Train Epoch: 5 [15360/60000 (26%)]	Loss: 125.322540
[2022-10-20 00:42:13] PRINT Train Epoch: 5 [16640/60000 (28%)]	Loss: 126.775223
[2022-10-20 00:42:14] PRINT Train Epoch: 5 [17920/60000 (30%)]	Loss: 126.764977
[2022-10-20 00:42:14] PRINT Train Epoch: 5 [19200/60000 (32%)]	Loss: 129.959778
[2022-10-20 00:42:14] PRINT Train Epoch: 5 [20480/60000 (34%)]	Loss: 125.376068
[2022-10-20 00:42:15] PRINT Train Epoch: 5 [21760/60000 (36%)]	Loss: 129.500916
[2022-10-20 00:42:15] PRINT Train Epoch: 5 [23040/60000 (38%)]	Loss: 128.953659
[2022-10-20 00:42:15] PRINT Train Epoch: 5 [24320/60000 (41%)]	Loss: 128.641891
[2022-10-20 00:42:16] PRINT Train Epoch: 5 [25600/60000 (43%)]	Loss: 124.756485
[2022-10-20 00:42:16] PRINT Train Epoch: 5 [26880/60000 (45%)]	Loss: 127.554008
[2022-10-20 00:42:16] PRINT Train Epoch: 5 [28160/60000 (47%)]	Loss: 126.359131
[2022-10-20 00:42:16] PRINT Train Epoch: 5 [29440/60000 (49%)]	Loss: 126.490707
[2022-10-20 00:42:17] PRINT Train Epoch: 5 [30720/60000 (51%)]	Loss: 124.321060
[2022-10-20 00:42:17] PRINT Train Epoch: 5 [32000/60000 (53%)]	Loss: 130.138428
[2022-10-20 00:42:17] PRINT Train Epoch: 5 [33280/60000 (55%)]	Loss: 130.344208
[2022-10-20 00:42:18] PRINT Train Epoch: 5 [34560/60000 (58%)]	Loss: 123.568497
[2022-10-20 00:42:18] PRINT Train Epoch: 5 [35840/60000 (60%)]	Loss: 127.841896
[2022-10-20 00:42:18] PRINT Train Epoch: 5 [37120/60000 (62%)]	Loss: 122.468338
[2022-10-20 00:42:19] PRINT Train Epoch: 5 [38400/60000 (64%)]	Loss: 125.115143
[2022-10-20 00:42:19] PRINT Train Epoch: 5 [39680/60000 (66%)]	Loss: 122.394417
[2022-10-20 00:42:19] PRINT Train Epoch: 5 [40960/60000 (68%)]	Loss: 128.018311
[2022-10-20 00:42:19] PRINT Train Epoch: 5 [42240/60000 (70%)]	Loss: 126.832436
[2022-10-20 00:42:20] PRINT Train Epoch: 5 [43520/60000 (72%)]	Loss: 122.945404
[2022-10-20 00:42:20] PRINT Train Epoch: 5 [44800/60000 (75%)]	Loss: 125.115997
[2022-10-20 00:42:20] PRINT Train Epoch: 5 [46080/60000 (77%)]	Loss: 124.908455
[2022-10-20 00:42:21] PRINT Train Epoch: 5 [47360/60000 (79%)]	Loss: 127.193802
[2022-10-20 00:42:21] PRINT Train Epoch: 5 [48640/60000 (81%)]	Loss: 124.057632
[2022-10-20 00:42:21] PRINT Train Epoch: 5 [49920/60000 (83%)]	Loss: 128.252380
[2022-10-20 00:42:22] PRINT Train Epoch: 5 [51200/60000 (85%)]	Loss: 127.197906
[2022-10-20 00:42:22] PRINT Train Epoch: 5 [52480/60000 (87%)]	Loss: 122.045776
[2022-10-20 00:42:22] PRINT Train Epoch: 5 [53760/60000 (90%)]	Loss: 125.514023
[2022-10-20 00:42:22] PRINT Train Epoch: 5 [55040/60000 (92%)]	Loss: 126.499115
[2022-10-20 00:42:23] PRINT Train Epoch: 5 [56320/60000 (94%)]	Loss: 123.757713
[2022-10-20 00:42:23] PRINT Train Epoch: 5 [57600/60000 (96%)]	Loss: 123.788116
[2022-10-20 00:42:23] PRINT Train Epoch: 5 [58880/60000 (98%)]	Loss: 129.172241
[2022-10-20 00:42:24] PRINT ====> Epoch: 5 Average loss: 127.0693
[2022-10-20 00:42:26] PRINT ====> Test set loss: 123.6282
[2022-10-20 00:42:26] PRINT Train Epoch: 6 [0/60000 (0%)]	Loss: 124.135956
[2022-10-20 00:42:27] PRINT Train Epoch: 6 [1280/60000 (2%)]	Loss: 123.427315
[2022-10-20 00:42:27] PRINT Train Epoch: 6 [2560/60000 (4%)]	Loss: 128.816025
[2022-10-20 00:42:27] PRINT Train Epoch: 6 [3840/60000 (6%)]	Loss: 124.117447
[2022-10-20 00:42:27] PRINT Train Epoch: 6 [5120/60000 (9%)]	Loss: 125.940689
[2022-10-20 00:42:28] PRINT Train Epoch: 6 [6400/60000 (11%)]	Loss: 126.339554
[2022-10-20 00:42:28] PRINT Train Epoch: 6 [7680/60000 (13%)]	Loss: 126.511200
[2022-10-20 00:42:28] PRINT Train Epoch: 6 [8960/60000 (15%)]	Loss: 125.098343
[2022-10-20 00:42:29] PRINT Train Epoch: 6 [10240/60000 (17%)]	Loss: 123.218521
[2022-10-20 00:42:29] PRINT Train Epoch: 6 [11520/60000 (19%)]	Loss: 122.587708
[2022-10-20 00:42:29] PRINT Train Epoch: 6 [12800/60000 (21%)]	Loss: 123.432198
[2022-10-20 00:42:30] PRINT Train Epoch: 6 [14080/60000 (23%)]	Loss: 121.643219
[2022-10-20 00:42:30] PRINT Train Epoch: 6 [15360/60000 (26%)]	Loss: 125.163696
[2022-10-20 00:42:30] PRINT Train Epoch: 6 [16640/60000 (28%)]	Loss: 120.836853
[2022-10-20 00:42:30] PRINT Train Epoch: 6 [17920/60000 (30%)]	Loss: 127.399323
[2022-10-20 00:42:31] PRINT Train Epoch: 6 [19200/60000 (32%)]	Loss: 125.027428
[2022-10-20 00:42:31] PRINT Train Epoch: 6 [20480/60000 (34%)]	Loss: 121.739540
[2022-10-20 00:42:31] PRINT Train Epoch: 6 [21760/60000 (36%)]	Loss: 124.568474
[2022-10-20 00:42:32] PRINT Train Epoch: 6 [23040/60000 (38%)]	Loss: 119.275208
[2022-10-20 00:42:32] PRINT Train Epoch: 6 [24320/60000 (41%)]	Loss: 122.251648
[2022-10-20 00:42:32] PRINT Train Epoch: 6 [25600/60000 (43%)]	Loss: 121.822792
[2022-10-20 00:42:33] PRINT Train Epoch: 6 [26880/60000 (45%)]	Loss: 120.771217
[2022-10-20 00:42:33] PRINT Train Epoch: 6 [28160/60000 (47%)]	Loss: 123.664124
[2022-10-20 00:42:33] PRINT Train Epoch: 6 [29440/60000 (49%)]	Loss: 128.024963
[2022-10-20 00:42:33] PRINT Train Epoch: 6 [30720/60000 (51%)]	Loss: 121.986916
[2022-10-20 00:42:34] PRINT Train Epoch: 6 [32000/60000 (53%)]	Loss: 121.326096
[2022-10-20 00:42:34] PRINT Train Epoch: 6 [33280/60000 (55%)]	Loss: 121.371353
[2022-10-20 00:42:34] PRINT Train Epoch: 6 [34560/60000 (58%)]	Loss: 119.289116
[2022-10-20 00:42:35] PRINT Train Epoch: 6 [35840/60000 (60%)]	Loss: 118.000252
[2022-10-20 00:42:35] PRINT Train Epoch: 6 [37120/60000 (62%)]	Loss: 121.995651
[2022-10-20 00:42:35] PRINT Train Epoch: 6 [38400/60000 (64%)]	Loss: 125.020462
[2022-10-20 00:42:36] PRINT Train Epoch: 6 [39680/60000 (66%)]	Loss: 121.510971
[2022-10-20 00:42:36] PRINT Train Epoch: 6 [40960/60000 (68%)]	Loss: 124.582199
[2022-10-20 00:42:36] PRINT Train Epoch: 6 [42240/60000 (70%)]	Loss: 119.276314
[2022-10-20 00:42:36] PRINT Train Epoch: 6 [43520/60000 (72%)]	Loss: 119.876656
[2022-10-20 00:42:37] PRINT Train Epoch: 6 [44800/60000 (75%)]	Loss: 123.616920
[2022-10-20 00:42:37] PRINT Train Epoch: 6 [46080/60000 (77%)]	Loss: 121.427719
[2022-10-20 00:42:37] PRINT Train Epoch: 6 [47360/60000 (79%)]	Loss: 129.820312
[2022-10-20 00:42:38] PRINT Train Epoch: 6 [48640/60000 (81%)]	Loss: 122.752251
[2022-10-20 00:42:38] PRINT Train Epoch: 6 [49920/60000 (83%)]	Loss: 119.502869
[2022-10-20 00:42:38] PRINT Train Epoch: 6 [51200/60000 (85%)]	Loss: 121.403381
[2022-10-20 00:42:39] PRINT Train Epoch: 6 [52480/60000 (87%)]	Loss: 122.345985
[2022-10-20 00:42:39] PRINT Train Epoch: 6 [53760/60000 (90%)]	Loss: 122.060143
[2022-10-20 00:42:39] PRINT Train Epoch: 6 [55040/60000 (92%)]	Loss: 119.315094
[2022-10-20 00:42:39] PRINT Train Epoch: 6 [56320/60000 (94%)]	Loss: 119.743843
[2022-10-20 00:42:40] PRINT Train Epoch: 6 [57600/60000 (96%)]	Loss: 121.138374
[2022-10-20 00:42:40] PRINT Train Epoch: 6 [58880/60000 (98%)]	Loss: 121.089279
[2022-10-20 00:42:40] PRINT ====> Epoch: 6 Average loss: 122.9905
[2022-10-20 00:42:43] PRINT ====> Test set loss: 120.2983
[2022-10-20 00:42:43] PRINT Train Epoch: 7 [0/60000 (0%)]	Loss: 120.560837
[2022-10-20 00:42:43] PRINT Train Epoch: 7 [1280/60000 (2%)]	Loss: 124.669846
[2022-10-20 00:42:43] PRINT Train Epoch: 7 [2560/60000 (4%)]	Loss: 122.634644
[2022-10-20 00:42:44] PRINT Train Epoch: 7 [3840/60000 (6%)]	Loss: 121.830612
[2022-10-20 00:42:44] PRINT Train Epoch: 7 [5120/60000 (9%)]	Loss: 118.267738
[2022-10-20 00:42:44] PRINT Train Epoch: 7 [6400/60000 (11%)]	Loss: 124.897346
[2022-10-20 00:42:45] PRINT Train Epoch: 7 [7680/60000 (13%)]	Loss: 117.783234
[2022-10-20 00:42:45] PRINT Train Epoch: 7 [8960/60000 (15%)]	Loss: 121.389046
[2022-10-20 00:42:45] PRINT Train Epoch: 7 [10240/60000 (17%)]	Loss: 124.860703
[2022-10-20 00:42:46] PRINT Train Epoch: 7 [11520/60000 (19%)]	Loss: 117.035034
[2022-10-20 00:42:46] PRINT Train Epoch: 7 [12800/60000 (21%)]	Loss: 117.972290
[2022-10-20 00:42:46] PRINT Train Epoch: 7 [14080/60000 (23%)]	Loss: 119.115555
[2022-10-20 00:42:47] PRINT Train Epoch: 7 [15360/60000 (26%)]	Loss: 121.488762
[2022-10-20 00:42:47] PRINT Train Epoch: 7 [16640/60000 (28%)]	Loss: 120.077751
[2022-10-20 00:42:47] PRINT Train Epoch: 7 [17920/60000 (30%)]	Loss: 118.992447
[2022-10-20 00:42:47] PRINT Train Epoch: 7 [19200/60000 (32%)]	Loss: 121.257095
[2022-10-20 00:42:48] PRINT Train Epoch: 7 [20480/60000 (34%)]	Loss: 122.096230
[2022-10-20 00:42:48] PRINT Train Epoch: 7 [21760/60000 (36%)]	Loss: 122.190849
[2022-10-20 00:42:48] PRINT Train Epoch: 7 [23040/60000 (38%)]	Loss: 120.637070
[2022-10-20 00:42:49] PRINT Train Epoch: 7 [24320/60000 (41%)]	Loss: 117.789009
[2022-10-20 00:42:49] PRINT Train Epoch: 7 [25600/60000 (43%)]	Loss: 123.985474
[2022-10-20 00:42:49] PRINT Train Epoch: 7 [26880/60000 (45%)]	Loss: 122.280495
[2022-10-20 00:42:50] PRINT Train Epoch: 7 [28160/60000 (47%)]	Loss: 119.453461
[2022-10-20 00:42:50] PRINT Train Epoch: 7 [29440/60000 (49%)]	Loss: 118.044754
[2022-10-20 00:42:50] PRINT Train Epoch: 7 [30720/60000 (51%)]	Loss: 121.380829
[2022-10-20 00:42:50] PRINT Train Epoch: 7 [32000/60000 (53%)]	Loss: 115.981583
[2022-10-20 00:42:51] PRINT Train Epoch: 7 [33280/60000 (55%)]	Loss: 117.295975
[2022-10-20 00:42:51] PRINT Train Epoch: 7 [34560/60000 (58%)]	Loss: 123.069420
[2022-10-20 00:42:51] PRINT Train Epoch: 7 [35840/60000 (60%)]	Loss: 120.984322
[2022-10-20 00:42:52] PRINT Train Epoch: 7 [37120/60000 (62%)]	Loss: 120.979370
[2022-10-20 00:42:52] PRINT Train Epoch: 7 [38400/60000 (64%)]	Loss: 120.201279
[2022-10-20 00:42:52] PRINT Train Epoch: 7 [39680/60000 (66%)]	Loss: 118.767647
[2022-10-20 00:42:53] PRINT Train Epoch: 7 [40960/60000 (68%)]	Loss: 119.750702
[2022-10-20 00:42:53] PRINT Train Epoch: 7 [42240/60000 (70%)]	Loss: 119.922592
[2022-10-20 00:42:53] PRINT Train Epoch: 7 [43520/60000 (72%)]	Loss: 118.999832
[2022-10-20 00:42:53] PRINT Train Epoch: 7 [44800/60000 (75%)]	Loss: 118.007828
[2022-10-20 00:42:54] PRINT Train Epoch: 7 [46080/60000 (77%)]	Loss: 121.045509
[2022-10-20 00:42:54] PRINT Train Epoch: 7 [47360/60000 (79%)]	Loss: 119.081306
[2022-10-20 00:42:54] PRINT Train Epoch: 7 [48640/60000 (81%)]	Loss: 117.857910
[2022-10-20 00:42:55] PRINT Train Epoch: 7 [49920/60000 (83%)]	Loss: 120.661469
[2022-10-20 00:42:55] PRINT Train Epoch: 7 [51200/60000 (85%)]	Loss: 119.574677
[2022-10-20 00:42:55] PRINT Train Epoch: 7 [52480/60000 (87%)]	Loss: 120.117188
[2022-10-20 00:42:56] PRINT Train Epoch: 7 [53760/60000 (90%)]	Loss: 112.394379
[2022-10-20 00:42:56] PRINT Train Epoch: 7 [55040/60000 (92%)]	Loss: 119.195160
[2022-10-20 00:42:56] PRINT Train Epoch: 7 [56320/60000 (94%)]	Loss: 121.415359
[2022-10-20 00:42:56] PRINT Train Epoch: 7 [57600/60000 (96%)]	Loss: 121.979156
[2022-10-20 00:42:57] PRINT Train Epoch: 7 [58880/60000 (98%)]	Loss: 112.282562
[2022-10-20 00:42:57] PRINT ====> Epoch: 7 Average loss: 120.1329
[2022-10-20 00:43:00] PRINT ====> Test set loss: 117.8769
[2022-10-20 00:43:00] PRINT Train Epoch: 8 [0/60000 (0%)]	Loss: 120.182983
[2022-10-20 00:43:00] PRINT Train Epoch: 8 [1280/60000 (2%)]	Loss: 116.615463
[2022-10-20 00:43:00] PRINT Train Epoch: 8 [2560/60000 (4%)]	Loss: 117.457550
[2022-10-20 00:43:01] PRINT Train Epoch: 8 [3840/60000 (6%)]	Loss: 116.169739
[2022-10-20 00:43:01] PRINT Train Epoch: 8 [5120/60000 (9%)]	Loss: 119.783798
[2022-10-20 00:43:01] PRINT Train Epoch: 8 [6400/60000 (11%)]	Loss: 123.799706
[2022-10-20 00:43:02] PRINT Train Epoch: 8 [7680/60000 (13%)]	Loss: 119.720947
[2022-10-20 00:43:02] PRINT Train Epoch: 8 [8960/60000 (15%)]	Loss: 125.449097
[2022-10-20 00:43:02] PRINT Train Epoch: 8 [10240/60000 (17%)]	Loss: 115.906044
[2022-10-20 00:43:02] PRINT Train Epoch: 8 [11520/60000 (19%)]	Loss: 116.602310
[2022-10-20 00:43:03] PRINT Train Epoch: 8 [12800/60000 (21%)]	Loss: 116.605598
[2022-10-20 00:43:03] PRINT Train Epoch: 8 [14080/60000 (23%)]	Loss: 120.658165
[2022-10-20 00:43:03] PRINT Train Epoch: 8 [15360/60000 (26%)]	Loss: 116.406860
[2022-10-20 00:43:04] PRINT Train Epoch: 8 [16640/60000 (28%)]	Loss: 117.296326
[2022-10-20 00:43:04] PRINT Train Epoch: 8 [17920/60000 (30%)]	Loss: 115.569122
[2022-10-20 00:43:04] PRINT Train Epoch: 8 [19200/60000 (32%)]	Loss: 121.321228
[2022-10-20 00:43:05] PRINT Train Epoch: 8 [20480/60000 (34%)]	Loss: 115.911476
[2022-10-20 00:43:05] PRINT Train Epoch: 8 [21760/60000 (36%)]	Loss: 119.333054
[2022-10-20 00:43:05] PRINT Train Epoch: 8 [23040/60000 (38%)]	Loss: 118.379318
[2022-10-20 00:43:06] PRINT Train Epoch: 8 [24320/60000 (41%)]	Loss: 120.602295
[2022-10-20 00:43:06] PRINT Train Epoch: 8 [25600/60000 (43%)]	Loss: 120.801125
[2022-10-20 00:43:06] PRINT Train Epoch: 8 [26880/60000 (45%)]	Loss: 119.788704
[2022-10-20 00:43:06] PRINT Train Epoch: 8 [28160/60000 (47%)]	Loss: 113.530975
[2022-10-20 00:43:07] PRINT Train Epoch: 8 [29440/60000 (49%)]	Loss: 123.562599
[2022-10-20 00:43:07] PRINT Train Epoch: 8 [30720/60000 (51%)]	Loss: 116.963615
[2022-10-20 00:43:07] PRINT Train Epoch: 8 [32000/60000 (53%)]	Loss: 115.739517
[2022-10-20 00:43:08] PRINT Train Epoch: 8 [33280/60000 (55%)]	Loss: 115.075211
[2022-10-20 00:43:08] PRINT Train Epoch: 8 [34560/60000 (58%)]	Loss: 118.848991
[2022-10-20 00:43:08] PRINT Train Epoch: 8 [35840/60000 (60%)]	Loss: 117.050934
[2022-10-20 00:43:09] PRINT Train Epoch: 8 [37120/60000 (62%)]	Loss: 119.128983
[2022-10-20 00:43:09] PRINT Train Epoch: 8 [38400/60000 (64%)]	Loss: 119.460922
[2022-10-20 00:43:09] PRINT Train Epoch: 8 [39680/60000 (66%)]	Loss: 116.076332
[2022-10-20 00:43:09] PRINT Train Epoch: 8 [40960/60000 (68%)]	Loss: 117.262573
[2022-10-20 00:43:10] PRINT Train Epoch: 8 [42240/60000 (70%)]	Loss: 117.569351
[2022-10-20 00:43:10] PRINT Train Epoch: 8 [43520/60000 (72%)]	Loss: 115.788750
[2022-10-20 00:43:10] PRINT Train Epoch: 8 [44800/60000 (75%)]	Loss: 121.966293
[2022-10-20 00:43:11] PRINT Train Epoch: 8 [46080/60000 (77%)]	Loss: 118.943985
[2022-10-20 00:43:11] PRINT Train Epoch: 8 [47360/60000 (79%)]	Loss: 117.995827
[2022-10-20 00:43:11] PRINT Train Epoch: 8 [48640/60000 (81%)]	Loss: 113.529190
[2022-10-20 00:43:12] PRINT Train Epoch: 8 [49920/60000 (83%)]	Loss: 116.188858
[2022-10-20 00:43:12] PRINT Train Epoch: 8 [51200/60000 (85%)]	Loss: 116.168671
[2022-10-20 00:43:12] PRINT Train Epoch: 8 [52480/60000 (87%)]	Loss: 113.975792
[2022-10-20 00:43:12] PRINT Train Epoch: 8 [53760/60000 (90%)]	Loss: 120.545151
[2022-10-20 00:43:13] PRINT Train Epoch: 8 [55040/60000 (92%)]	Loss: 118.364174
[2022-10-20 00:43:13] PRINT Train Epoch: 8 [56320/60000 (94%)]	Loss: 117.628159
[2022-10-20 00:43:13] PRINT Train Epoch: 8 [57600/60000 (96%)]	Loss: 116.155014
[2022-10-20 00:43:14] PRINT Train Epoch: 8 [58880/60000 (98%)]	Loss: 116.715988
[2022-10-20 00:43:14] PRINT ====> Epoch: 8 Average loss: 118.0236
[2022-10-20 00:43:17] PRINT ====> Test set loss: 116.0238
[2022-10-20 00:43:17] PRINT Train Epoch: 9 [0/60000 (0%)]	Loss: 113.833679
[2022-10-20 00:43:17] PRINT Train Epoch: 9 [1280/60000 (2%)]	Loss: 118.409500
[2022-10-20 00:43:17] PRINT Train Epoch: 9 [2560/60000 (4%)]	Loss: 115.461922
[2022-10-20 00:43:18] PRINT Train Epoch: 9 [3840/60000 (6%)]	Loss: 120.126183
[2022-10-20 00:43:18] PRINT Train Epoch: 9 [5120/60000 (9%)]	Loss: 112.515747
[2022-10-20 00:43:18] PRINT Train Epoch: 9 [6400/60000 (11%)]	Loss: 115.025932
[2022-10-20 00:43:18] PRINT Train Epoch: 9 [7680/60000 (13%)]	Loss: 121.352066
[2022-10-20 00:43:19] PRINT Train Epoch: 9 [8960/60000 (15%)]	Loss: 117.931091
[2022-10-20 00:43:19] PRINT Train Epoch: 9 [10240/60000 (17%)]	Loss: 117.750954
[2022-10-20 00:43:19] PRINT Train Epoch: 9 [11520/60000 (19%)]	Loss: 117.199265
[2022-10-20 00:43:20] PRINT Train Epoch: 9 [12800/60000 (21%)]	Loss: 114.055298
[2022-10-20 00:43:20] PRINT Train Epoch: 9 [14080/60000 (23%)]	Loss: 115.933670
[2022-10-20 00:43:20] PRINT Train Epoch: 9 [15360/60000 (26%)]	Loss: 115.363228
[2022-10-20 00:43:21] PRINT Train Epoch: 9 [16640/60000 (28%)]	Loss: 118.796616
[2022-10-20 00:43:21] PRINT Train Epoch: 9 [17920/60000 (30%)]	Loss: 116.053589
[2022-10-20 00:43:21] PRINT Train Epoch: 9 [19200/60000 (32%)]	Loss: 118.103752
[2022-10-20 00:43:22] PRINT Train Epoch: 9 [20480/60000 (34%)]	Loss: 115.392166
[2022-10-20 00:43:22] PRINT Train Epoch: 9 [21760/60000 (36%)]	Loss: 120.618423
[2022-10-20 00:43:22] PRINT Train Epoch: 9 [23040/60000 (38%)]	Loss: 117.432800
[2022-10-20 00:43:22] PRINT Train Epoch: 9 [24320/60000 (41%)]	Loss: 119.982758
[2022-10-20 00:43:23] PRINT Train Epoch: 9 [25600/60000 (43%)]	Loss: 115.846489
[2022-10-20 00:43:23] PRINT Train Epoch: 9 [26880/60000 (45%)]	Loss: 112.874611
[2022-10-20 00:43:23] PRINT Train Epoch: 9 [28160/60000 (47%)]	Loss: 116.414597
[2022-10-20 00:43:24] PRINT Train Epoch: 9 [29440/60000 (49%)]	Loss: 113.637909
[2022-10-20 00:43:24] PRINT Train Epoch: 9 [30720/60000 (51%)]	Loss: 117.519882
[2022-10-20 00:43:24] PRINT Train Epoch: 9 [32000/60000 (53%)]	Loss: 115.720108
[2022-10-20 00:43:25] PRINT Train Epoch: 9 [33280/60000 (55%)]	Loss: 113.891800
[2022-10-20 00:43:25] PRINT Train Epoch: 9 [34560/60000 (58%)]	Loss: 116.914520
[2022-10-20 00:43:25] PRINT Train Epoch: 9 [35840/60000 (60%)]	Loss: 114.908234
[2022-10-20 00:43:25] PRINT Train Epoch: 9 [37120/60000 (62%)]	Loss: 116.276215
[2022-10-20 00:43:26] PRINT Train Epoch: 9 [38400/60000 (64%)]	Loss: 116.340622
[2022-10-20 00:43:26] PRINT Train Epoch: 9 [39680/60000 (66%)]	Loss: 119.744110
[2022-10-20 00:43:26] PRINT Train Epoch: 9 [40960/60000 (68%)]	Loss: 121.016792
[2022-10-20 00:43:27] PRINT Train Epoch: 9 [42240/60000 (70%)]	Loss: 118.053955
[2022-10-20 00:43:27] PRINT Train Epoch: 9 [43520/60000 (72%)]	Loss: 116.764801
[2022-10-20 00:43:27] PRINT Train Epoch: 9 [44800/60000 (75%)]	Loss: 116.040482
[2022-10-20 00:43:28] PRINT Train Epoch: 9 [46080/60000 (77%)]	Loss: 112.639030
[2022-10-20 00:43:28] PRINT Train Epoch: 9 [47360/60000 (79%)]	Loss: 117.901855
[2022-10-20 00:43:28] PRINT Train Epoch: 9 [48640/60000 (81%)]	Loss: 116.011383
[2022-10-20 00:43:29] PRINT Train Epoch: 9 [49920/60000 (83%)]	Loss: 117.181297
[2022-10-20 00:43:29] PRINT Train Epoch: 9 [51200/60000 (85%)]	Loss: 114.425049
[2022-10-20 00:43:29] PRINT Train Epoch: 9 [52480/60000 (87%)]	Loss: 116.106796
[2022-10-20 00:43:29] PRINT Train Epoch: 9 [53760/60000 (90%)]	Loss: 114.031403
[2022-10-20 00:43:30] PRINT Train Epoch: 9 [55040/60000 (92%)]	Loss: 117.868332
[2022-10-20 00:43:30] PRINT Train Epoch: 9 [56320/60000 (94%)]	Loss: 114.024933
[2022-10-20 00:43:30] PRINT Train Epoch: 9 [57600/60000 (96%)]	Loss: 115.107880
[2022-10-20 00:43:31] PRINT Train Epoch: 9 [58880/60000 (98%)]	Loss: 120.467262
[2022-10-20 00:43:31] PRINT ====> Epoch: 9 Average loss: 116.4064
[2022-10-20 00:43:33] PRINT ====> Test set loss: 114.5340
[2022-10-20 00:43:34] PRINT Train Epoch: 10 [0/60000 (0%)]	Loss: 109.374130
[2022-10-20 00:43:34] PRINT Train Epoch: 10 [1280/60000 (2%)]	Loss: 115.904472
[2022-10-20 00:43:34] PRINT Train Epoch: 10 [2560/60000 (4%)]	Loss: 116.081329
[2022-10-20 00:43:34] PRINT Train Epoch: 10 [3840/60000 (6%)]	Loss: 108.281784
[2022-10-20 00:43:35] PRINT Train Epoch: 10 [5120/60000 (9%)]	Loss: 116.921570
[2022-10-20 00:43:35] PRINT Train Epoch: 10 [6400/60000 (11%)]	Loss: 115.262688
[2022-10-20 00:43:35] PRINT Train Epoch: 10 [7680/60000 (13%)]	Loss: 118.963562
[2022-10-20 00:43:36] PRINT Train Epoch: 10 [8960/60000 (15%)]	Loss: 112.571693
[2022-10-20 00:43:36] PRINT Train Epoch: 10 [10240/60000 (17%)]	Loss: 113.819397
[2022-10-20 00:43:36] PRINT Train Epoch: 10 [11520/60000 (19%)]	Loss: 118.898697
[2022-10-20 00:43:37] PRINT Train Epoch: 10 [12800/60000 (21%)]	Loss: 114.580536
[2022-10-20 00:43:37] PRINT Train Epoch: 10 [14080/60000 (23%)]	Loss: 114.552704
[2022-10-20 00:43:37] PRINT Train Epoch: 10 [15360/60000 (26%)]	Loss: 112.576683
[2022-10-20 00:43:38] PRINT Train Epoch: 10 [16640/60000 (28%)]	Loss: 116.505898
[2022-10-20 00:43:38] PRINT Train Epoch: 10 [17920/60000 (30%)]	Loss: 112.592308
[2022-10-20 00:43:38] PRINT Train Epoch: 10 [19200/60000 (32%)]	Loss: 118.284508
[2022-10-20 00:43:38] PRINT Train Epoch: 10 [20480/60000 (34%)]	Loss: 109.990944
[2022-10-20 00:43:39] PRINT Train Epoch: 10 [21760/60000 (36%)]	Loss: 113.400223
[2022-10-20 00:43:39] PRINT Train Epoch: 10 [23040/60000 (38%)]	Loss: 117.343094
[2022-10-20 00:43:39] PRINT Train Epoch: 10 [24320/60000 (41%)]	Loss: 114.573326
[2022-10-20 00:43:40] PRINT Train Epoch: 10 [25600/60000 (43%)]	Loss: 119.712044
[2022-10-20 00:43:40] PRINT Train Epoch: 10 [26880/60000 (45%)]	Loss: 113.387482
[2022-10-20 00:43:40] PRINT Train Epoch: 10 [28160/60000 (47%)]	Loss: 115.741379
[2022-10-20 00:43:41] PRINT Train Epoch: 10 [29440/60000 (49%)]	Loss: 116.170250
[2022-10-20 00:43:41] PRINT Train Epoch: 10 [30720/60000 (51%)]	Loss: 116.763565
[2022-10-20 00:43:41] PRINT Train Epoch: 10 [32000/60000 (53%)]	Loss: 112.579018
[2022-10-20 00:43:41] PRINT Train Epoch: 10 [33280/60000 (55%)]	Loss: 116.189125
[2022-10-20 00:43:42] PRINT Train Epoch: 10 [34560/60000 (58%)]	Loss: 118.148682
[2022-10-20 00:43:42] PRINT Train Epoch: 10 [35840/60000 (60%)]	Loss: 118.400101
[2022-10-20 00:43:42] PRINT Train Epoch: 10 [37120/60000 (62%)]	Loss: 113.305641
[2022-10-20 00:43:43] PRINT Train Epoch: 10 [38400/60000 (64%)]	Loss: 115.390427
[2022-10-20 00:43:43] PRINT Train Epoch: 10 [39680/60000 (66%)]	Loss: 118.979225
[2022-10-20 00:43:43] PRINT Train Epoch: 10 [40960/60000 (68%)]	Loss: 113.801659
[2022-10-20 00:43:44] PRINT Train Epoch: 10 [42240/60000 (70%)]	Loss: 115.917809
[2022-10-20 00:43:44] PRINT Train Epoch: 10 [43520/60000 (72%)]	Loss: 111.947945
[2022-10-20 00:43:44] PRINT Train Epoch: 10 [44800/60000 (75%)]	Loss: 110.246056
[2022-10-20 00:43:44] PRINT Train Epoch: 10 [46080/60000 (77%)]	Loss: 114.507416
[2022-10-20 00:43:45] PRINT Train Epoch: 10 [47360/60000 (79%)]	Loss: 113.202522
[2022-10-20 00:43:45] PRINT Train Epoch: 10 [48640/60000 (81%)]	Loss: 115.681747
[2022-10-20 00:43:45] PRINT Train Epoch: 10 [49920/60000 (83%)]	Loss: 119.546806
[2022-10-20 00:43:46] PRINT Train Epoch: 10 [51200/60000 (85%)]	Loss: 112.756927
[2022-10-20 00:43:46] PRINT Train Epoch: 10 [52480/60000 (87%)]	Loss: 116.424683
[2022-10-20 00:43:46] PRINT Train Epoch: 10 [53760/60000 (90%)]	Loss: 111.934654
[2022-10-20 00:43:47] PRINT Train Epoch: 10 [55040/60000 (92%)]	Loss: 114.070961
[2022-10-20 00:43:47] PRINT Train Epoch: 10 [56320/60000 (94%)]	Loss: 116.798645
[2022-10-20 00:43:47] PRINT Train Epoch: 10 [57600/60000 (96%)]	Loss: 116.348862
[2022-10-20 00:43:47] PRINT Train Epoch: 10 [58880/60000 (98%)]	Loss: 115.330215
[2022-10-20 00:43:48] PRINT ====> Epoch: 10 Average loss: 115.0515
[2022-10-20 00:43:50] PRINT ====> Test set loss: 113.3815
