[2022-10-20 01:35:39] PRINT {'features1': 400, 'features2': 20, 'lr': 0.03859596939543242, 'epsilon': 1e-06}
[2022-10-20 01:35:40] PRINT Using cuda device
[2022-10-20 01:35:41] PRINT Train Epoch: 1 [0/60000 (0%)]	Loss: 550.513916
[2022-10-20 01:35:41] PRINT Train Epoch: 1 [1280/60000 (2%)]	Loss: 243.996780
[2022-10-20 01:35:41] PRINT Train Epoch: 1 [2560/60000 (4%)]	Loss: 222.820221
[2022-10-20 01:35:41] PRINT Train Epoch: 1 [3840/60000 (6%)]	Loss: 208.953461
[2022-10-20 01:35:41] PRINT Train Epoch: 1 [5120/60000 (9%)]	Loss: 204.253357
[2022-10-20 01:35:42] PRINT Train Epoch: 1 [6400/60000 (11%)]	Loss: 202.040558
[2022-10-20 01:35:42] PRINT Train Epoch: 1 [7680/60000 (13%)]	Loss: 199.433777
[2022-10-20 01:35:42] PRINT Train Epoch: 1 [8960/60000 (15%)]	Loss: 194.810760
[2022-10-20 01:35:42] PRINT Train Epoch: 1 [10240/60000 (17%)]	Loss: 199.741730
[2022-10-20 01:35:42] PRINT Train Epoch: 1 [11520/60000 (19%)]	Loss: 202.644058
[2022-10-20 01:35:42] PRINT Train Epoch: 1 [12800/60000 (21%)]	Loss: 192.899017
[2022-10-20 01:35:42] PRINT Train Epoch: 1 [14080/60000 (23%)]	Loss: 192.141098
[2022-10-20 01:35:42] PRINT Train Epoch: 1 [15360/60000 (26%)]	Loss: 209.883652
[2022-10-20 01:35:42] PRINT Train Epoch: 1 [16640/60000 (28%)]	Loss: 192.512634
[2022-10-20 01:35:42] PRINT Train Epoch: 1 [17920/60000 (30%)]	Loss: 190.217468
[2022-10-20 01:35:42] PRINT Train Epoch: 1 [19200/60000 (32%)]	Loss: 186.260422
[2022-10-20 01:35:43] PRINT Train Epoch: 1 [20480/60000 (34%)]	Loss: 188.560287
[2022-10-20 01:35:43] PRINT Train Epoch: 1 [21760/60000 (36%)]	Loss: 177.925629
[2022-10-20 01:35:43] PRINT Train Epoch: 1 [23040/60000 (38%)]	Loss: 185.949722
[2022-10-20 01:35:43] PRINT Train Epoch: 1 [24320/60000 (41%)]	Loss: 181.259918
[2022-10-20 01:35:43] PRINT Train Epoch: 1 [25600/60000 (43%)]	Loss: 186.670761
[2022-10-20 01:35:43] PRINT Train Epoch: 1 [26880/60000 (45%)]	Loss: 178.976273
[2022-10-20 01:35:43] PRINT Train Epoch: 1 [28160/60000 (47%)]	Loss: 179.612030
[2022-10-20 01:35:43] PRINT Train Epoch: 1 [29440/60000 (49%)]	Loss: 172.565079
[2022-10-20 01:35:43] PRINT Train Epoch: 1 [30720/60000 (51%)]	Loss: 166.012085
[2022-10-20 01:35:43] PRINT Train Epoch: 1 [32000/60000 (53%)]	Loss: 171.748398
[2022-10-20 01:35:43] PRINT Train Epoch: 1 [33280/60000 (55%)]	Loss: 178.322098
[2022-10-20 01:35:44] PRINT Train Epoch: 1 [34560/60000 (58%)]	Loss: 172.958649
[2022-10-20 01:35:44] PRINT Train Epoch: 1 [35840/60000 (60%)]	Loss: 167.127899
[2022-10-20 01:35:44] PRINT Train Epoch: 1 [37120/60000 (62%)]	Loss: 171.431824
[2022-10-20 01:35:44] PRINT Train Epoch: 1 [38400/60000 (64%)]	Loss: 168.329590
[2022-10-20 01:35:44] PRINT Train Epoch: 1 [39680/60000 (66%)]	Loss: 167.446671
[2022-10-20 01:35:44] PRINT Train Epoch: 1 [40960/60000 (68%)]	Loss: 175.806091
[2022-10-20 01:35:44] PRINT Train Epoch: 1 [42240/60000 (70%)]	Loss: 177.756104
[2022-10-20 01:35:44] PRINT Train Epoch: 1 [43520/60000 (72%)]	Loss: 173.665848
[2022-10-20 01:35:44] PRINT Train Epoch: 1 [44800/60000 (75%)]	Loss: 169.393646
[2022-10-20 01:35:44] PRINT Train Epoch: 1 [46080/60000 (77%)]	Loss: 176.934555
[2022-10-20 01:35:44] PRINT Train Epoch: 1 [47360/60000 (79%)]	Loss: 168.241089
[2022-10-20 01:35:45] PRINT Train Epoch: 1 [48640/60000 (81%)]	Loss: 172.147369
[2022-10-20 01:35:45] PRINT Train Epoch: 1 [49920/60000 (83%)]	Loss: 165.189468
[2022-10-20 01:35:45] PRINT Train Epoch: 1 [51200/60000 (85%)]	Loss: 172.535614
[2022-10-20 01:35:45] PRINT Train Epoch: 1 [52480/60000 (87%)]	Loss: 168.393051
[2022-10-20 01:35:45] PRINT Train Epoch: 1 [53760/60000 (90%)]	Loss: 176.544586
[2022-10-20 01:35:45] PRINT Train Epoch: 1 [55040/60000 (92%)]	Loss: 164.414825
[2022-10-20 01:35:45] PRINT Train Epoch: 1 [56320/60000 (94%)]	Loss: 177.958694
[2022-10-20 01:35:45] PRINT Train Epoch: 1 [57600/60000 (96%)]	Loss: 170.351959
[2022-10-20 01:35:45] PRINT Train Epoch: 1 [58880/60000 (98%)]	Loss: 170.369064
[2022-10-20 01:35:45] PRINT ====> Epoch: 1 Average loss: 201.2285
[2022-10-20 01:35:46] PRINT ====> Test set loss: 167.1336
[2022-10-20 01:35:46] PRINT Train Epoch: 2 [0/60000 (0%)]	Loss: 164.127716
[2022-10-20 01:35:46] PRINT Train Epoch: 2 [1280/60000 (2%)]	Loss: 169.628159
[2022-10-20 01:35:46] PRINT Train Epoch: 2 [2560/60000 (4%)]	Loss: 169.713013
[2022-10-20 01:35:46] PRINT Train Epoch: 2 [3840/60000 (6%)]	Loss: 169.636307
[2022-10-20 01:35:46] PRINT Train Epoch: 2 [5120/60000 (9%)]	Loss: 169.210388
[2022-10-20 01:35:47] PRINT Train Epoch: 2 [6400/60000 (11%)]	Loss: 165.990280
[2022-10-20 01:35:47] PRINT Train Epoch: 2 [7680/60000 (13%)]	Loss: 167.101990
[2022-10-20 01:35:47] PRINT Train Epoch: 2 [8960/60000 (15%)]	Loss: 173.173584
[2022-10-20 01:35:47] PRINT Train Epoch: 2 [10240/60000 (17%)]	Loss: 165.485840
[2022-10-20 01:35:47] PRINT Train Epoch: 2 [11520/60000 (19%)]	Loss: 173.952133
[2022-10-20 01:35:47] PRINT Train Epoch: 2 [12800/60000 (21%)]	Loss: 168.087463
[2022-10-20 01:35:47] PRINT Train Epoch: 2 [14080/60000 (23%)]	Loss: 163.656921
[2022-10-20 01:35:47] PRINT Train Epoch: 2 [15360/60000 (26%)]	Loss: 177.660187
[2022-10-20 01:35:47] PRINT Train Epoch: 2 [16640/60000 (28%)]	Loss: 159.494553
[2022-10-20 01:35:47] PRINT Train Epoch: 2 [17920/60000 (30%)]	Loss: 172.291901
[2022-10-20 01:35:47] PRINT Train Epoch: 2 [19200/60000 (32%)]	Loss: 170.839935
[2022-10-20 01:35:48] PRINT Train Epoch: 2 [20480/60000 (34%)]	Loss: 162.864426
[2022-10-20 01:35:48] PRINT Train Epoch: 2 [21760/60000 (36%)]	Loss: 170.581680
[2022-10-20 01:35:48] PRINT Train Epoch: 2 [23040/60000 (38%)]	Loss: 167.536316
[2022-10-20 01:35:48] PRINT Train Epoch: 2 [24320/60000 (41%)]	Loss: 173.211700
[2022-10-20 01:35:48] PRINT Train Epoch: 2 [25600/60000 (43%)]	Loss: 170.057571
[2022-10-20 01:35:48] PRINT Train Epoch: 2 [26880/60000 (45%)]	Loss: 164.793823
[2022-10-20 01:35:48] PRINT Train Epoch: 2 [28160/60000 (47%)]	Loss: 164.112762
[2022-10-20 01:35:48] PRINT Train Epoch: 2 [29440/60000 (49%)]	Loss: 168.736069
[2022-10-20 01:35:48] PRINT Train Epoch: 2 [30720/60000 (51%)]	Loss: 170.985931
[2022-10-20 01:35:48] PRINT Train Epoch: 2 [32000/60000 (53%)]	Loss: 160.665497
[2022-10-20 01:35:48] PRINT Train Epoch: 2 [33280/60000 (55%)]	Loss: 158.184067
[2022-10-20 01:35:49] PRINT Train Epoch: 2 [34560/60000 (58%)]	Loss: 175.072311
[2022-10-20 01:35:49] PRINT Train Epoch: 2 [35840/60000 (60%)]	Loss: 161.314499
[2022-10-20 01:35:49] PRINT Train Epoch: 2 [37120/60000 (62%)]	Loss: 165.876419
[2022-10-20 01:35:49] PRINT Train Epoch: 2 [38400/60000 (64%)]	Loss: 156.954971
[2022-10-20 01:35:49] PRINT Train Epoch: 2 [39680/60000 (66%)]	Loss: 164.963028
[2022-10-20 01:35:49] PRINT Train Epoch: 2 [40960/60000 (68%)]	Loss: 161.438965
[2022-10-20 01:35:49] PRINT Train Epoch: 2 [42240/60000 (70%)]	Loss: 163.822311
[2022-10-20 01:35:49] PRINT Train Epoch: 2 [43520/60000 (72%)]	Loss: 157.949829
[2022-10-20 01:35:49] PRINT Train Epoch: 2 [44800/60000 (75%)]	Loss: 160.270340
[2022-10-20 01:35:49] PRINT Train Epoch: 2 [46080/60000 (77%)]	Loss: 163.089371
[2022-10-20 01:35:49] PRINT Train Epoch: 2 [47360/60000 (79%)]	Loss: 166.964706
[2022-10-20 01:35:50] PRINT Train Epoch: 2 [48640/60000 (81%)]	Loss: 165.072266
[2022-10-20 01:35:50] PRINT Train Epoch: 2 [49920/60000 (83%)]	Loss: 169.987122
[2022-10-20 01:35:50] PRINT Train Epoch: 2 [51200/60000 (85%)]	Loss: 162.045853
[2022-10-20 01:35:50] PRINT Train Epoch: 2 [52480/60000 (87%)]	Loss: 161.870071
[2022-10-20 01:35:50] PRINT Train Epoch: 2 [53760/60000 (90%)]	Loss: 174.718628
[2022-10-20 01:35:50] PRINT Train Epoch: 2 [55040/60000 (92%)]	Loss: 165.331238
[2022-10-20 01:35:50] PRINT Train Epoch: 2 [56320/60000 (94%)]	Loss: 161.950668
[2022-10-20 01:35:50] PRINT Train Epoch: 2 [57600/60000 (96%)]	Loss: 167.744217
[2022-10-20 01:35:50] PRINT Train Epoch: 2 [58880/60000 (98%)]	Loss: 159.871277
[2022-10-20 01:35:50] PRINT ====> Epoch: 2 Average loss: 165.8908
[2022-10-20 01:35:51] PRINT ====> Test set loss: 163.1223
[2022-10-20 01:35:51] PRINT Train Epoch: 3 [0/60000 (0%)]	Loss: 169.154968
[2022-10-20 01:35:51] PRINT Train Epoch: 3 [1280/60000 (2%)]	Loss: 173.517548
[2022-10-20 01:35:51] PRINT Train Epoch: 3 [2560/60000 (4%)]	Loss: 163.208649
[2022-10-20 01:35:51] PRINT Train Epoch: 3 [3840/60000 (6%)]	Loss: 162.740601
[2022-10-20 01:35:51] PRINT Train Epoch: 3 [5120/60000 (9%)]	Loss: 164.394852
[2022-10-20 01:35:51] PRINT Train Epoch: 3 [6400/60000 (11%)]	Loss: 157.161652
[2022-10-20 01:35:52] PRINT Train Epoch: 3 [7680/60000 (13%)]	Loss: 161.154358
[2022-10-20 01:35:52] PRINT Train Epoch: 3 [8960/60000 (15%)]	Loss: 167.007751
[2022-10-20 01:35:52] PRINT Train Epoch: 3 [10240/60000 (17%)]	Loss: 171.370941
[2022-10-20 01:35:52] PRINT Train Epoch: 3 [11520/60000 (19%)]	Loss: 165.140442
[2022-10-20 01:35:52] PRINT Train Epoch: 3 [12800/60000 (21%)]	Loss: 167.280457
[2022-10-20 01:35:52] PRINT Train Epoch: 3 [14080/60000 (23%)]	Loss: 166.218185
[2022-10-20 01:35:52] PRINT Train Epoch: 3 [15360/60000 (26%)]	Loss: 161.196106
[2022-10-20 01:35:52] PRINT Train Epoch: 3 [16640/60000 (28%)]	Loss: 164.117065
[2022-10-20 01:35:52] PRINT Train Epoch: 3 [17920/60000 (30%)]	Loss: 159.030960
[2022-10-20 01:35:52] PRINT Train Epoch: 3 [19200/60000 (32%)]	Loss: 166.289062
[2022-10-20 01:35:52] PRINT Train Epoch: 3 [20480/60000 (34%)]	Loss: 169.705658
[2022-10-20 01:35:53] PRINT Train Epoch: 3 [21760/60000 (36%)]	Loss: 167.171494
[2022-10-20 01:35:53] PRINT Train Epoch: 3 [23040/60000 (38%)]	Loss: 164.808777
[2022-10-20 01:35:53] PRINT Train Epoch: 3 [24320/60000 (41%)]	Loss: 168.347031
[2022-10-20 01:35:53] PRINT Train Epoch: 3 [25600/60000 (43%)]	Loss: 160.758102
[2022-10-20 01:35:53] PRINT Train Epoch: 3 [26880/60000 (45%)]	Loss: 162.727432
[2022-10-20 01:35:53] PRINT Train Epoch: 3 [28160/60000 (47%)]	Loss: 161.770874
[2022-10-20 01:35:53] PRINT Train Epoch: 3 [29440/60000 (49%)]	Loss: 164.294220
[2022-10-20 01:35:53] PRINT Train Epoch: 3 [30720/60000 (51%)]	Loss: 172.058456
[2022-10-20 01:35:53] PRINT Train Epoch: 3 [32000/60000 (53%)]	Loss: 168.035904
[2022-10-20 01:35:53] PRINT Train Epoch: 3 [33280/60000 (55%)]	Loss: 166.343491
[2022-10-20 01:35:53] PRINT Train Epoch: 3 [34560/60000 (58%)]	Loss: 171.011932
[2022-10-20 01:35:54] PRINT Train Epoch: 3 [35840/60000 (60%)]	Loss: 165.864914
[2022-10-20 01:35:54] PRINT Train Epoch: 3 [37120/60000 (62%)]	Loss: 169.087082
[2022-10-20 01:35:54] PRINT Train Epoch: 3 [38400/60000 (64%)]	Loss: 168.191818
[2022-10-20 01:35:54] PRINT Train Epoch: 3 [39680/60000 (66%)]	Loss: 166.956818
[2022-10-20 01:35:54] PRINT Train Epoch: 3 [40960/60000 (68%)]	Loss: 174.899460
[2022-10-20 01:35:54] PRINT Train Epoch: 3 [42240/60000 (70%)]	Loss: 160.989243
[2022-10-20 01:35:54] PRINT Train Epoch: 3 [43520/60000 (72%)]	Loss: 160.299637
[2022-10-20 01:35:54] PRINT Train Epoch: 3 [44800/60000 (75%)]	Loss: 159.539505
[2022-10-20 01:35:54] PRINT Train Epoch: 3 [46080/60000 (77%)]	Loss: 161.701080
[2022-10-20 01:35:54] PRINT Train Epoch: 3 [47360/60000 (79%)]	Loss: 169.440140
[2022-10-20 01:35:54] PRINT Train Epoch: 3 [48640/60000 (81%)]	Loss: 163.273773
[2022-10-20 01:35:55] PRINT Train Epoch: 3 [49920/60000 (83%)]	Loss: 160.505630
[2022-10-20 01:35:55] PRINT Train Epoch: 3 [51200/60000 (85%)]	Loss: 163.621719
[2022-10-20 01:35:55] PRINT Train Epoch: 3 [52480/60000 (87%)]	Loss: 162.440155
[2022-10-20 01:35:55] PRINT Train Epoch: 3 [53760/60000 (90%)]	Loss: 163.505157
[2022-10-20 01:35:55] PRINT Train Epoch: 3 [55040/60000 (92%)]	Loss: 166.381378
[2022-10-20 01:35:55] PRINT Train Epoch: 3 [56320/60000 (94%)]	Loss: 164.829315
[2022-10-20 01:35:55] PRINT Train Epoch: 3 [57600/60000 (96%)]	Loss: 168.259109
[2022-10-20 01:35:55] PRINT Train Epoch: 3 [58880/60000 (98%)]	Loss: 157.051910
[2022-10-20 01:35:55] PRINT ====> Epoch: 3 Average loss: 164.2690
[2022-10-20 01:35:56] PRINT ====> Test set loss: 161.5674
[2022-10-20 01:35:56] PRINT Train Epoch: 4 [0/60000 (0%)]	Loss: 164.466003
[2022-10-20 01:35:56] PRINT Train Epoch: 4 [1280/60000 (2%)]	Loss: 167.386185
[2022-10-20 01:35:56] PRINT Train Epoch: 4 [2560/60000 (4%)]	Loss: 168.281067
[2022-10-20 01:35:56] PRINT Train Epoch: 4 [3840/60000 (6%)]	Loss: 165.253784
[2022-10-20 01:35:56] PRINT Train Epoch: 4 [5120/60000 (9%)]	Loss: 165.033630
[2022-10-20 01:35:56] PRINT Train Epoch: 4 [6400/60000 (11%)]	Loss: 161.086792
[2022-10-20 01:35:57] PRINT Train Epoch: 4 [7680/60000 (13%)]	Loss: 163.870590
[2022-10-20 01:35:57] PRINT Train Epoch: 4 [8960/60000 (15%)]	Loss: 161.354523
[2022-10-20 01:35:57] PRINT Train Epoch: 4 [10240/60000 (17%)]	Loss: 162.330505
[2022-10-20 01:35:57] PRINT Train Epoch: 4 [11520/60000 (19%)]	Loss: 162.127335
[2022-10-20 01:35:57] PRINT Train Epoch: 4 [12800/60000 (21%)]	Loss: 161.313293
[2022-10-20 01:35:57] PRINT Train Epoch: 4 [14080/60000 (23%)]	Loss: 163.576614
[2022-10-20 01:35:57] PRINT Train Epoch: 4 [15360/60000 (26%)]	Loss: 165.820435
[2022-10-20 01:35:57] PRINT Train Epoch: 4 [16640/60000 (28%)]	Loss: 159.453079
[2022-10-20 01:35:57] PRINT Train Epoch: 4 [17920/60000 (30%)]	Loss: 166.816513
[2022-10-20 01:35:57] PRINT Train Epoch: 4 [19200/60000 (32%)]	Loss: 159.545425
[2022-10-20 01:35:57] PRINT Train Epoch: 4 [20480/60000 (34%)]	Loss: 158.208557
[2022-10-20 01:35:57] PRINT Train Epoch: 4 [21760/60000 (36%)]	Loss: 165.466690
[2022-10-20 01:35:58] PRINT Train Epoch: 4 [23040/60000 (38%)]	Loss: 160.985336
[2022-10-20 01:35:58] PRINT Train Epoch: 4 [24320/60000 (41%)]	Loss: 165.853104
[2022-10-20 01:35:58] PRINT Train Epoch: 4 [25600/60000 (43%)]	Loss: 165.707825
[2022-10-20 01:35:58] PRINT Train Epoch: 4 [26880/60000 (45%)]	Loss: 162.784409
[2022-10-20 01:35:58] PRINT Train Epoch: 4 [28160/60000 (47%)]	Loss: 163.392868
[2022-10-20 01:35:58] PRINT Train Epoch: 4 [29440/60000 (49%)]	Loss: 164.711563
[2022-10-20 01:35:58] PRINT Train Epoch: 4 [30720/60000 (51%)]	Loss: 161.084778
[2022-10-20 01:35:58] PRINT Train Epoch: 4 [32000/60000 (53%)]	Loss: 161.022125
[2022-10-20 01:35:58] PRINT Train Epoch: 4 [33280/60000 (55%)]	Loss: 162.192490
[2022-10-20 01:35:58] PRINT Train Epoch: 4 [34560/60000 (58%)]	Loss: 161.624756
[2022-10-20 01:35:58] PRINT Train Epoch: 4 [35840/60000 (60%)]	Loss: 156.382858
[2022-10-20 01:35:58] PRINT Train Epoch: 4 [37120/60000 (62%)]	Loss: 169.654037
[2022-10-20 01:35:59] PRINT Train Epoch: 4 [38400/60000 (64%)]	Loss: 164.095215
[2022-10-20 01:35:59] PRINT Train Epoch: 4 [39680/60000 (66%)]	Loss: 166.595062
[2022-10-20 01:35:59] PRINT Train Epoch: 4 [40960/60000 (68%)]	Loss: 160.788162
[2022-10-20 01:35:59] PRINT Train Epoch: 4 [42240/60000 (70%)]	Loss: 156.750229
[2022-10-20 01:35:59] PRINT Train Epoch: 4 [43520/60000 (72%)]	Loss: 166.588501
[2022-10-20 01:35:59] PRINT Train Epoch: 4 [44800/60000 (75%)]	Loss: 155.791336
[2022-10-20 01:35:59] PRINT Train Epoch: 4 [46080/60000 (77%)]	Loss: 166.676727
[2022-10-20 01:35:59] PRINT Train Epoch: 4 [47360/60000 (79%)]	Loss: 173.293381
[2022-10-20 01:35:59] PRINT Train Epoch: 4 [48640/60000 (81%)]	Loss: 159.270111
[2022-10-20 01:35:59] PRINT Train Epoch: 4 [49920/60000 (83%)]	Loss: 172.996628
[2022-10-20 01:35:59] PRINT Train Epoch: 4 [51200/60000 (85%)]	Loss: 166.035950
[2022-10-20 01:36:00] PRINT Train Epoch: 4 [52480/60000 (87%)]	Loss: 161.853317
[2022-10-20 01:36:00] PRINT Train Epoch: 4 [53760/60000 (90%)]	Loss: 160.332382
[2022-10-20 01:36:00] PRINT Train Epoch: 4 [55040/60000 (92%)]	Loss: 159.168198
[2022-10-20 01:36:00] PRINT Train Epoch: 4 [56320/60000 (94%)]	Loss: 163.345871
[2022-10-20 01:36:00] PRINT Train Epoch: 4 [57600/60000 (96%)]	Loss: 161.786819
[2022-10-20 01:36:00] PRINT Train Epoch: 4 [58880/60000 (98%)]	Loss: 160.888596
[2022-10-20 01:36:00] PRINT ====> Epoch: 4 Average loss: 163.0924
[2022-10-20 01:36:01] PRINT ====> Test set loss: 163.0044
[2022-10-20 01:36:01] PRINT Train Epoch: 5 [0/60000 (0%)]	Loss: 166.532349
[2022-10-20 01:36:01] PRINT Train Epoch: 5 [1280/60000 (2%)]	Loss: 159.342941
[2022-10-20 01:36:01] PRINT Train Epoch: 5 [2560/60000 (4%)]	Loss: 156.558456
[2022-10-20 01:36:01] PRINT Train Epoch: 5 [3840/60000 (6%)]	Loss: 160.184479
[2022-10-20 01:36:01] PRINT Train Epoch: 5 [5120/60000 (9%)]	Loss: 168.684357
[2022-10-20 01:36:01] PRINT Train Epoch: 5 [6400/60000 (11%)]	Loss: 167.410110
[2022-10-20 01:36:01] PRINT Train Epoch: 5 [7680/60000 (13%)]	Loss: 167.272629
[2022-10-20 01:36:01] PRINT Train Epoch: 5 [8960/60000 (15%)]	Loss: 161.546310
[2022-10-20 01:36:01] PRINT Train Epoch: 5 [10240/60000 (17%)]	Loss: 159.591629
[2022-10-20 01:36:02] PRINT Train Epoch: 5 [11520/60000 (19%)]	Loss: 162.463364
[2022-10-20 01:36:02] PRINT Train Epoch: 5 [12800/60000 (21%)]	Loss: 165.848022
[2022-10-20 01:36:02] PRINT Train Epoch: 5 [14080/60000 (23%)]	Loss: 160.430191
[2022-10-20 01:36:02] PRINT Train Epoch: 5 [15360/60000 (26%)]	Loss: 160.270782
[2022-10-20 01:36:02] PRINT Train Epoch: 5 [16640/60000 (28%)]	Loss: 156.162994
[2022-10-20 01:36:02] PRINT Train Epoch: 5 [17920/60000 (30%)]	Loss: 153.605759
[2022-10-20 01:36:02] PRINT Train Epoch: 5 [19200/60000 (32%)]	Loss: 157.918274
[2022-10-20 01:36:02] PRINT Train Epoch: 5 [20480/60000 (34%)]	Loss: 157.902008
[2022-10-20 01:36:02] PRINT Train Epoch: 5 [21760/60000 (36%)]	Loss: 162.725098
[2022-10-20 01:36:02] PRINT Train Epoch: 5 [23040/60000 (38%)]	Loss: 171.765503
[2022-10-20 01:36:02] PRINT Train Epoch: 5 [24320/60000 (41%)]	Loss: 160.841583
[2022-10-20 01:36:02] PRINT Train Epoch: 5 [25600/60000 (43%)]	Loss: 164.899628
[2022-10-20 01:36:03] PRINT Train Epoch: 5 [26880/60000 (45%)]	Loss: 160.130280
[2022-10-20 01:36:03] PRINT Train Epoch: 5 [28160/60000 (47%)]	Loss: 155.761871
[2022-10-20 01:36:03] PRINT Train Epoch: 5 [29440/60000 (49%)]	Loss: 166.049744
[2022-10-20 01:36:03] PRINT Train Epoch: 5 [30720/60000 (51%)]	Loss: 161.628296
[2022-10-20 01:36:03] PRINT Train Epoch: 5 [32000/60000 (53%)]	Loss: 161.075943
[2022-10-20 01:36:03] PRINT Train Epoch: 5 [33280/60000 (55%)]	Loss: 168.823730
[2022-10-20 01:36:03] PRINT Train Epoch: 5 [34560/60000 (58%)]	Loss: 164.186478
[2022-10-20 01:36:03] PRINT Train Epoch: 5 [35840/60000 (60%)]	Loss: 158.432846
[2022-10-20 01:36:03] PRINT Train Epoch: 5 [37120/60000 (62%)]	Loss: 161.116852
[2022-10-20 01:36:03] PRINT Train Epoch: 5 [38400/60000 (64%)]	Loss: 159.974548
[2022-10-20 01:36:03] PRINT Train Epoch: 5 [39680/60000 (66%)]	Loss: 154.085037
[2022-10-20 01:36:04] PRINT Train Epoch: 5 [40960/60000 (68%)]	Loss: 169.005905
[2022-10-20 01:36:04] PRINT Train Epoch: 5 [42240/60000 (70%)]	Loss: 156.791718
[2022-10-20 01:36:04] PRINT Train Epoch: 5 [43520/60000 (72%)]	Loss: 165.252914
[2022-10-20 01:36:04] PRINT Train Epoch: 5 [44800/60000 (75%)]	Loss: 158.239441
[2022-10-20 01:36:04] PRINT Train Epoch: 5 [46080/60000 (77%)]	Loss: 165.004852
[2022-10-20 01:36:04] PRINT Train Epoch: 5 [47360/60000 (79%)]	Loss: 163.647430
[2022-10-20 01:36:04] PRINT Train Epoch: 5 [48640/60000 (81%)]	Loss: 168.972366
[2022-10-20 01:36:04] PRINT Train Epoch: 5 [49920/60000 (83%)]	Loss: 164.024063
[2022-10-20 01:36:04] PRINT Train Epoch: 5 [51200/60000 (85%)]	Loss: 160.720917
[2022-10-20 01:36:04] PRINT Train Epoch: 5 [52480/60000 (87%)]	Loss: 164.353378
[2022-10-20 01:36:04] PRINT Train Epoch: 5 [53760/60000 (90%)]	Loss: 162.879456
[2022-10-20 01:36:04] PRINT Train Epoch: 5 [55040/60000 (92%)]	Loss: 162.159683
[2022-10-20 01:36:05] PRINT Train Epoch: 5 [56320/60000 (94%)]	Loss: 163.647812
[2022-10-20 01:36:05] PRINT Train Epoch: 5 [57600/60000 (96%)]	Loss: 163.052597
[2022-10-20 01:36:05] PRINT Train Epoch: 5 [58880/60000 (98%)]	Loss: 158.404831
[2022-10-20 01:36:05] PRINT ====> Epoch: 5 Average loss: 162.9432
[2022-10-20 01:36:06] PRINT ====> Test set loss: 164.9809
[2022-10-20 01:36:06] PRINT Train Epoch: 6 [0/60000 (0%)]	Loss: 165.108566
[2022-10-20 01:36:06] PRINT Train Epoch: 6 [1280/60000 (2%)]	Loss: 157.986877
[2022-10-20 01:36:06] PRINT Train Epoch: 6 [2560/60000 (4%)]	Loss: 157.175522
[2022-10-20 01:36:06] PRINT Train Epoch: 6 [3840/60000 (6%)]	Loss: 162.250717
[2022-10-20 01:36:06] PRINT Train Epoch: 6 [5120/60000 (9%)]	Loss: 154.911697
[2022-10-20 01:36:06] PRINT Train Epoch: 6 [6400/60000 (11%)]	Loss: 160.988159
[2022-10-20 01:36:06] PRINT Train Epoch: 6 [7680/60000 (13%)]	Loss: 161.445099
[2022-10-20 01:36:06] PRINT Train Epoch: 6 [8960/60000 (15%)]	Loss: 165.345642
[2022-10-20 01:36:06] PRINT Train Epoch: 6 [10240/60000 (17%)]	Loss: 162.764297
[2022-10-20 01:36:06] PRINT Train Epoch: 6 [11520/60000 (19%)]	Loss: 161.198074
[2022-10-20 01:36:06] PRINT Train Epoch: 6 [12800/60000 (21%)]	Loss: 165.052490
[2022-10-20 01:36:07] PRINT Train Epoch: 6 [14080/60000 (23%)]	Loss: 159.770737
[2022-10-20 01:36:07] PRINT Train Epoch: 6 [15360/60000 (26%)]	Loss: 163.165665
[2022-10-20 01:36:07] PRINT Train Epoch: 6 [16640/60000 (28%)]	Loss: 158.957413
[2022-10-20 01:36:07] PRINT Train Epoch: 6 [17920/60000 (30%)]	Loss: 158.907318
[2022-10-20 01:36:07] PRINT Train Epoch: 6 [19200/60000 (32%)]	Loss: 163.306396
[2022-10-20 01:36:07] PRINT Train Epoch: 6 [20480/60000 (34%)]	Loss: 159.276810
[2022-10-20 01:36:07] PRINT Train Epoch: 6 [21760/60000 (36%)]	Loss: 161.692032
[2022-10-20 01:36:07] PRINT Train Epoch: 6 [23040/60000 (38%)]	Loss: 161.639633
[2022-10-20 01:36:07] PRINT Train Epoch: 6 [24320/60000 (41%)]	Loss: 163.378159
[2022-10-20 01:36:07] PRINT Train Epoch: 6 [25600/60000 (43%)]	Loss: 165.801697
[2022-10-20 01:36:07] PRINT Train Epoch: 6 [26880/60000 (45%)]	Loss: 161.932007
[2022-10-20 01:36:08] PRINT Train Epoch: 6 [28160/60000 (47%)]	Loss: 163.754333
[2022-10-20 01:36:08] PRINT Train Epoch: 6 [29440/60000 (49%)]	Loss: 163.436279
[2022-10-20 01:36:08] PRINT Train Epoch: 6 [30720/60000 (51%)]	Loss: 170.061829
[2022-10-20 01:36:08] PRINT Train Epoch: 6 [32000/60000 (53%)]	Loss: 166.470505
[2022-10-20 01:36:08] PRINT Train Epoch: 6 [33280/60000 (55%)]	Loss: 164.222763
[2022-10-20 01:36:08] PRINT Train Epoch: 6 [34560/60000 (58%)]	Loss: 160.073822
[2022-10-20 01:36:08] PRINT Train Epoch: 6 [35840/60000 (60%)]	Loss: 157.875061
[2022-10-20 01:36:08] PRINT Train Epoch: 6 [37120/60000 (62%)]	Loss: 154.901489
[2022-10-20 01:36:08] PRINT Train Epoch: 6 [38400/60000 (64%)]	Loss: 157.288315
[2022-10-20 01:36:08] PRINT Train Epoch: 6 [39680/60000 (66%)]	Loss: 161.964081
[2022-10-20 01:36:08] PRINT Train Epoch: 6 [40960/60000 (68%)]	Loss: 160.480942
[2022-10-20 01:36:09] PRINT Train Epoch: 6 [42240/60000 (70%)]	Loss: 168.145569
[2022-10-20 01:36:09] PRINT Train Epoch: 6 [43520/60000 (72%)]	Loss: 159.276047
[2022-10-20 01:36:09] PRINT Train Epoch: 6 [44800/60000 (75%)]	Loss: 164.518387
[2022-10-20 01:36:09] PRINT Train Epoch: 6 [46080/60000 (77%)]	Loss: 159.888580
[2022-10-20 01:36:09] PRINT Train Epoch: 6 [47360/60000 (79%)]	Loss: 165.451767
[2022-10-20 01:36:09] PRINT Train Epoch: 6 [48640/60000 (81%)]	Loss: 164.289627
[2022-10-20 01:36:09] PRINT Train Epoch: 6 [49920/60000 (83%)]	Loss: 160.998962
[2022-10-20 01:36:09] PRINT Train Epoch: 6 [51200/60000 (85%)]	Loss: 160.517685
[2022-10-20 01:36:09] PRINT Train Epoch: 6 [52480/60000 (87%)]	Loss: 157.807129
[2022-10-20 01:36:09] PRINT Train Epoch: 6 [53760/60000 (90%)]	Loss: 158.504578
[2022-10-20 01:36:09] PRINT Train Epoch: 6 [55040/60000 (92%)]	Loss: 165.886703
[2022-10-20 01:36:10] PRINT Train Epoch: 6 [56320/60000 (94%)]	Loss: 164.514389
[2022-10-20 01:36:10] PRINT Train Epoch: 6 [57600/60000 (96%)]	Loss: 169.252441
[2022-10-20 01:36:10] PRINT Train Epoch: 6 [58880/60000 (98%)]	Loss: 160.754700
[2022-10-20 01:36:10] PRINT ====> Epoch: 6 Average loss: 162.3934
[2022-10-20 01:36:10] PRINT ====> Test set loss: 163.2571
[2022-10-20 01:36:11] PRINT Train Epoch: 7 [0/60000 (0%)]	Loss: 165.291672
[2022-10-20 01:36:11] PRINT Train Epoch: 7 [1280/60000 (2%)]	Loss: 163.675201
[2022-10-20 01:36:11] PRINT Train Epoch: 7 [2560/60000 (4%)]	Loss: 162.118927
[2022-10-20 01:36:11] PRINT Train Epoch: 7 [3840/60000 (6%)]	Loss: 164.737778
[2022-10-20 01:36:11] PRINT Train Epoch: 7 [5120/60000 (9%)]	Loss: 163.766846
[2022-10-20 01:36:11] PRINT Train Epoch: 7 [6400/60000 (11%)]	Loss: 152.621948
[2022-10-20 01:36:11] PRINT Train Epoch: 7 [7680/60000 (13%)]	Loss: 166.761032
[2022-10-20 01:36:11] PRINT Train Epoch: 7 [8960/60000 (15%)]	Loss: 165.016586
[2022-10-20 01:36:11] PRINT Train Epoch: 7 [10240/60000 (17%)]	Loss: 161.962860
[2022-10-20 01:36:11] PRINT Train Epoch: 7 [11520/60000 (19%)]	Loss: 155.692200
[2022-10-20 01:36:11] PRINT Train Epoch: 7 [12800/60000 (21%)]	Loss: 164.225388
[2022-10-20 01:36:12] PRINT Train Epoch: 7 [14080/60000 (23%)]	Loss: 167.765030
[2022-10-20 01:36:12] PRINT Train Epoch: 7 [15360/60000 (26%)]	Loss: 156.622253
[2022-10-20 01:36:12] PRINT Train Epoch: 7 [16640/60000 (28%)]	Loss: 171.359512
[2022-10-20 01:36:12] PRINT Train Epoch: 7 [17920/60000 (30%)]	Loss: 156.084839
[2022-10-20 01:36:12] PRINT Train Epoch: 7 [19200/60000 (32%)]	Loss: 162.470535
[2022-10-20 01:36:12] PRINT Train Epoch: 7 [20480/60000 (34%)]	Loss: 163.795441
[2022-10-20 01:36:12] PRINT Train Epoch: 7 [21760/60000 (36%)]	Loss: 167.335632
[2022-10-20 01:36:12] PRINT Train Epoch: 7 [23040/60000 (38%)]	Loss: 157.316132
[2022-10-20 01:36:12] PRINT Train Epoch: 7 [24320/60000 (41%)]	Loss: 160.918457
[2022-10-20 01:36:12] PRINT Train Epoch: 7 [25600/60000 (43%)]	Loss: 155.593185
[2022-10-20 01:36:12] PRINT Train Epoch: 7 [26880/60000 (45%)]	Loss: 166.805328
[2022-10-20 01:36:12] PRINT Train Epoch: 7 [28160/60000 (47%)]	Loss: 160.925110
[2022-10-20 01:36:13] PRINT Train Epoch: 7 [29440/60000 (49%)]	Loss: 159.212616
[2022-10-20 01:36:13] PRINT Train Epoch: 7 [30720/60000 (51%)]	Loss: 157.594177
[2022-10-20 01:36:13] PRINT Train Epoch: 7 [32000/60000 (53%)]	Loss: 157.362244
[2022-10-20 01:36:13] PRINT Train Epoch: 7 [33280/60000 (55%)]	Loss: 165.845261
[2022-10-20 01:36:13] PRINT Train Epoch: 7 [34560/60000 (58%)]	Loss: 153.529709
[2022-10-20 01:36:13] PRINT Train Epoch: 7 [35840/60000 (60%)]	Loss: 157.569687
[2022-10-20 01:36:13] PRINT Train Epoch: 7 [37120/60000 (62%)]	Loss: 161.473480
[2022-10-20 01:36:13] PRINT Train Epoch: 7 [38400/60000 (64%)]	Loss: 160.910248
[2022-10-20 01:36:13] PRINT Train Epoch: 7 [39680/60000 (66%)]	Loss: 159.198868
[2022-10-20 01:36:13] PRINT Train Epoch: 7 [40960/60000 (68%)]	Loss: 166.871735
[2022-10-20 01:36:13] PRINT Train Epoch: 7 [42240/60000 (70%)]	Loss: 157.276047
[2022-10-20 01:36:14] PRINT Train Epoch: 7 [43520/60000 (72%)]	Loss: 164.153397
[2022-10-20 01:36:14] PRINT Train Epoch: 7 [44800/60000 (75%)]	Loss: 157.014877
[2022-10-20 01:36:14] PRINT Train Epoch: 7 [46080/60000 (77%)]	Loss: 168.506317
[2022-10-20 01:36:14] PRINT Train Epoch: 7 [47360/60000 (79%)]	Loss: 159.092255
[2022-10-20 01:36:14] PRINT Train Epoch: 7 [48640/60000 (81%)]	Loss: 158.170029
[2022-10-20 01:36:14] PRINT Train Epoch: 7 [49920/60000 (83%)]	Loss: 167.908340
[2022-10-20 01:36:14] PRINT Train Epoch: 7 [51200/60000 (85%)]	Loss: 159.547150
[2022-10-20 01:36:14] PRINT Train Epoch: 7 [52480/60000 (87%)]	Loss: 163.797363
[2022-10-20 01:36:14] PRINT Train Epoch: 7 [53760/60000 (90%)]	Loss: 161.163895
[2022-10-20 01:36:14] PRINT Train Epoch: 7 [55040/60000 (92%)]	Loss: 162.441437
[2022-10-20 01:36:15] PRINT Train Epoch: 7 [56320/60000 (94%)]	Loss: 163.661240
[2022-10-20 01:36:15] PRINT Train Epoch: 7 [57600/60000 (96%)]	Loss: 165.785782
[2022-10-20 01:36:15] PRINT Train Epoch: 7 [58880/60000 (98%)]	Loss: 161.748001
[2022-10-20 01:36:15] PRINT ====> Epoch: 7 Average loss: 162.0567
[2022-10-20 01:36:16] PRINT ====> Test set loss: 161.5403
[2022-10-20 01:36:16] PRINT Train Epoch: 8 [0/60000 (0%)]	Loss: 162.460815
[2022-10-20 01:36:16] PRINT Train Epoch: 8 [1280/60000 (2%)]	Loss: 167.979111
[2022-10-20 01:36:16] PRINT Train Epoch: 8 [2560/60000 (4%)]	Loss: 165.236755
[2022-10-20 01:36:16] PRINT Train Epoch: 8 [3840/60000 (6%)]	Loss: 158.784836
[2022-10-20 01:36:16] PRINT Train Epoch: 8 [5120/60000 (9%)]	Loss: 156.661850
[2022-10-20 01:36:16] PRINT Train Epoch: 8 [6400/60000 (11%)]	Loss: 164.727463
[2022-10-20 01:36:16] PRINT Train Epoch: 8 [7680/60000 (13%)]	Loss: 165.688965
[2022-10-20 01:36:16] PRINT Train Epoch: 8 [8960/60000 (15%)]	Loss: 165.143265
[2022-10-20 01:36:16] PRINT Train Epoch: 8 [10240/60000 (17%)]	Loss: 164.681580
[2022-10-20 01:36:16] PRINT Train Epoch: 8 [11520/60000 (19%)]	Loss: 163.416290
[2022-10-20 01:36:16] PRINT Train Epoch: 8 [12800/60000 (21%)]	Loss: 170.344162
[2022-10-20 01:36:17] PRINT Train Epoch: 8 [14080/60000 (23%)]	Loss: 155.260941
[2022-10-20 01:36:17] PRINT Train Epoch: 8 [15360/60000 (26%)]	Loss: 163.278931
[2022-10-20 01:36:17] PRINT Train Epoch: 8 [16640/60000 (28%)]	Loss: 156.661652
[2022-10-20 01:36:17] PRINT Train Epoch: 8 [17920/60000 (30%)]	Loss: 166.486725
[2022-10-20 01:36:17] PRINT Train Epoch: 8 [19200/60000 (32%)]	Loss: 165.242142
[2022-10-20 01:36:17] PRINT Train Epoch: 8 [20480/60000 (34%)]	Loss: 166.507339
[2022-10-20 01:36:17] PRINT Train Epoch: 8 [21760/60000 (36%)]	Loss: 152.977921
[2022-10-20 01:36:17] PRINT Train Epoch: 8 [23040/60000 (38%)]	Loss: 165.353806
[2022-10-20 01:36:17] PRINT Train Epoch: 8 [24320/60000 (41%)]	Loss: 159.298859
[2022-10-20 01:36:17] PRINT Train Epoch: 8 [25600/60000 (43%)]	Loss: 159.961609
[2022-10-20 01:36:17] PRINT Train Epoch: 8 [26880/60000 (45%)]	Loss: 157.057098
[2022-10-20 01:36:17] PRINT Train Epoch: 8 [28160/60000 (47%)]	Loss: 168.121429
[2022-10-20 01:36:17] PRINT Train Epoch: 8 [29440/60000 (49%)]	Loss: 157.334244
[2022-10-20 01:36:18] PRINT Train Epoch: 8 [30720/60000 (51%)]	Loss: 161.257217
[2022-10-20 01:36:18] PRINT Train Epoch: 8 [32000/60000 (53%)]	Loss: 167.451172
[2022-10-20 01:36:18] PRINT Train Epoch: 8 [33280/60000 (55%)]	Loss: 161.781036
[2022-10-20 01:36:18] PRINT Train Epoch: 8 [34560/60000 (58%)]	Loss: 170.073212
[2022-10-20 01:36:18] PRINT Train Epoch: 8 [35840/60000 (60%)]	Loss: 167.156799
[2022-10-20 01:36:18] PRINT Train Epoch: 8 [37120/60000 (62%)]	Loss: 157.313980
[2022-10-20 01:36:18] PRINT Train Epoch: 8 [38400/60000 (64%)]	Loss: 158.654495
[2022-10-20 01:36:18] PRINT Train Epoch: 8 [39680/60000 (66%)]	Loss: 158.226364
[2022-10-20 01:36:18] PRINT Train Epoch: 8 [40960/60000 (68%)]	Loss: 165.167191
[2022-10-20 01:36:18] PRINT Train Epoch: 8 [42240/60000 (70%)]	Loss: 155.501007
[2022-10-20 01:36:18] PRINT Train Epoch: 8 [43520/60000 (72%)]	Loss: 163.636673
[2022-10-20 01:36:18] PRINT Train Epoch: 8 [44800/60000 (75%)]	Loss: 162.143585
[2022-10-20 01:36:19] PRINT Train Epoch: 8 [46080/60000 (77%)]	Loss: 154.137314
[2022-10-20 01:36:19] PRINT Train Epoch: 8 [47360/60000 (79%)]	Loss: 158.082367
[2022-10-20 01:36:19] PRINT Train Epoch: 8 [48640/60000 (81%)]	Loss: 158.545624
[2022-10-20 01:36:19] PRINT Train Epoch: 8 [49920/60000 (83%)]	Loss: 158.974915
[2022-10-20 01:36:19] PRINT Train Epoch: 8 [51200/60000 (85%)]	Loss: 162.990219
[2022-10-20 01:36:19] PRINT Train Epoch: 8 [52480/60000 (87%)]	Loss: 163.185730
[2022-10-20 01:36:19] PRINT Train Epoch: 8 [53760/60000 (90%)]	Loss: 169.846481
[2022-10-20 01:36:19] PRINT Train Epoch: 8 [55040/60000 (92%)]	Loss: 157.876190
[2022-10-20 01:36:19] PRINT Train Epoch: 8 [56320/60000 (94%)]	Loss: 162.367218
[2022-10-20 01:36:19] PRINT Train Epoch: 8 [57600/60000 (96%)]	Loss: 161.720016
[2022-10-20 01:36:19] PRINT Train Epoch: 8 [58880/60000 (98%)]	Loss: 157.685913
[2022-10-20 01:36:19] PRINT ====> Epoch: 8 Average loss: 162.0751
[2022-10-20 01:36:20] PRINT ====> Test set loss: 161.7045
[2022-10-20 01:36:20] PRINT Train Epoch: 9 [0/60000 (0%)]	Loss: 167.425400
[2022-10-20 01:36:20] PRINT Train Epoch: 9 [1280/60000 (2%)]	Loss: 165.161987
[2022-10-20 01:36:20] PRINT Train Epoch: 9 [2560/60000 (4%)]	Loss: 156.375824
[2022-10-20 01:36:20] PRINT Train Epoch: 9 [3840/60000 (6%)]	Loss: 172.245682
[2022-10-20 01:36:21] PRINT Train Epoch: 9 [5120/60000 (9%)]	Loss: 167.906128
[2022-10-20 01:36:21] PRINT Train Epoch: 9 [6400/60000 (11%)]	Loss: 161.738937
[2022-10-20 01:36:21] PRINT Train Epoch: 9 [7680/60000 (13%)]	Loss: 166.465393
[2022-10-20 01:36:21] PRINT Train Epoch: 9 [8960/60000 (15%)]	Loss: 169.498337
[2022-10-20 01:36:21] PRINT Train Epoch: 9 [10240/60000 (17%)]	Loss: 162.379700
[2022-10-20 01:36:21] PRINT Train Epoch: 9 [11520/60000 (19%)]	Loss: 165.237198
[2022-10-20 01:36:21] PRINT Train Epoch: 9 [12800/60000 (21%)]	Loss: 159.075928
[2022-10-20 01:36:21] PRINT Train Epoch: 9 [14080/60000 (23%)]	Loss: 164.214844
[2022-10-20 01:36:21] PRINT Train Epoch: 9 [15360/60000 (26%)]	Loss: 170.556000
[2022-10-20 01:36:21] PRINT Train Epoch: 9 [16640/60000 (28%)]	Loss: 162.150833
[2022-10-20 01:36:21] PRINT Train Epoch: 9 [17920/60000 (30%)]	Loss: 162.204620
[2022-10-20 01:36:22] PRINT Train Epoch: 9 [19200/60000 (32%)]	Loss: 153.048294
[2022-10-20 01:36:22] PRINT Train Epoch: 9 [20480/60000 (34%)]	Loss: 152.758377
[2022-10-20 01:36:22] PRINT Train Epoch: 9 [21760/60000 (36%)]	Loss: 167.500061
[2022-10-20 01:36:22] PRINT Train Epoch: 9 [23040/60000 (38%)]	Loss: 157.420715
[2022-10-20 01:36:22] PRINT Train Epoch: 9 [24320/60000 (41%)]	Loss: 151.245590
[2022-10-20 01:36:22] PRINT Train Epoch: 9 [25600/60000 (43%)]	Loss: 165.514282
[2022-10-20 01:36:22] PRINT Train Epoch: 9 [26880/60000 (45%)]	Loss: 161.251450
[2022-10-20 01:36:22] PRINT Train Epoch: 9 [28160/60000 (47%)]	Loss: 163.602081
[2022-10-20 01:36:22] PRINT Train Epoch: 9 [29440/60000 (49%)]	Loss: 154.566223
[2022-10-20 01:36:22] PRINT Train Epoch: 9 [30720/60000 (51%)]	Loss: 172.376907
[2022-10-20 01:36:22] PRINT Train Epoch: 9 [32000/60000 (53%)]	Loss: 172.222595
[2022-10-20 01:36:23] PRINT Train Epoch: 9 [33280/60000 (55%)]	Loss: 159.249664
[2022-10-20 01:36:23] PRINT Train Epoch: 9 [34560/60000 (58%)]	Loss: 159.373901
[2022-10-20 01:36:23] PRINT Train Epoch: 9 [35840/60000 (60%)]	Loss: 162.349304
[2022-10-20 01:36:23] PRINT Train Epoch: 9 [37120/60000 (62%)]	Loss: 156.849716
[2022-10-20 01:36:23] PRINT Train Epoch: 9 [38400/60000 (64%)]	Loss: 153.986588
[2022-10-20 01:36:23] PRINT Train Epoch: 9 [39680/60000 (66%)]	Loss: 163.466675
[2022-10-20 01:36:23] PRINT Train Epoch: 9 [40960/60000 (68%)]	Loss: 168.323792
[2022-10-20 01:36:23] PRINT Train Epoch: 9 [42240/60000 (70%)]	Loss: 157.429977
[2022-10-20 01:36:23] PRINT Train Epoch: 9 [43520/60000 (72%)]	Loss: 154.746155
[2022-10-20 01:36:23] PRINT Train Epoch: 9 [44800/60000 (75%)]	Loss: 153.582657
[2022-10-20 01:36:23] PRINT Train Epoch: 9 [46080/60000 (77%)]	Loss: 165.286926
[2022-10-20 01:36:23] PRINT Train Epoch: 9 [47360/60000 (79%)]	Loss: 163.762589
[2022-10-20 01:36:24] PRINT Train Epoch: 9 [48640/60000 (81%)]	Loss: 163.832932
[2022-10-20 01:36:24] PRINT Train Epoch: 9 [49920/60000 (83%)]	Loss: 166.855499
[2022-10-20 01:36:24] PRINT Train Epoch: 9 [51200/60000 (85%)]	Loss: 163.857010
[2022-10-20 01:36:24] PRINT Train Epoch: 9 [52480/60000 (87%)]	Loss: 159.144775
[2022-10-20 01:36:24] PRINT Train Epoch: 9 [53760/60000 (90%)]	Loss: 153.805893
[2022-10-20 01:36:24] PRINT Train Epoch: 9 [55040/60000 (92%)]	Loss: 157.785095
[2022-10-20 01:36:24] PRINT Train Epoch: 9 [56320/60000 (94%)]	Loss: 163.176605
[2022-10-20 01:36:24] PRINT Train Epoch: 9 [57600/60000 (96%)]	Loss: 158.457748
[2022-10-20 01:36:24] PRINT Train Epoch: 9 [58880/60000 (98%)]	Loss: 157.723770
[2022-10-20 01:36:24] PRINT ====> Epoch: 9 Average loss: 161.8519
[2022-10-20 01:36:25] PRINT ====> Test set loss: 160.9084
[2022-10-20 01:36:25] PRINT Train Epoch: 10 [0/60000 (0%)]	Loss: 161.775772
[2022-10-20 01:36:25] PRINT Train Epoch: 10 [1280/60000 (2%)]	Loss: 155.515976
[2022-10-20 01:36:25] PRINT Train Epoch: 10 [2560/60000 (4%)]	Loss: 167.669647
[2022-10-20 01:36:25] PRINT Train Epoch: 10 [3840/60000 (6%)]	Loss: 164.647095
[2022-10-20 01:36:26] PRINT Train Epoch: 10 [5120/60000 (9%)]	Loss: 162.663712
[2022-10-20 01:36:26] PRINT Train Epoch: 10 [6400/60000 (11%)]	Loss: 168.442123
[2022-10-20 01:36:26] PRINT Train Epoch: 10 [7680/60000 (13%)]	Loss: 160.426788
[2022-10-20 01:36:26] PRINT Train Epoch: 10 [8960/60000 (15%)]	Loss: 154.579117
[2022-10-20 01:36:26] PRINT Train Epoch: 10 [10240/60000 (17%)]	Loss: 164.364410
[2022-10-20 01:36:26] PRINT Train Epoch: 10 [11520/60000 (19%)]	Loss: 159.845612
[2022-10-20 01:36:26] PRINT Train Epoch: 10 [12800/60000 (21%)]	Loss: 162.472961
[2022-10-20 01:36:26] PRINT Train Epoch: 10 [14080/60000 (23%)]	Loss: 157.351273
[2022-10-20 01:36:26] PRINT Train Epoch: 10 [15360/60000 (26%)]	Loss: 170.975830
[2022-10-20 01:36:26] PRINT Train Epoch: 10 [16640/60000 (28%)]	Loss: 163.889938
[2022-10-20 01:36:26] PRINT Train Epoch: 10 [17920/60000 (30%)]	Loss: 157.860947
[2022-10-20 01:36:27] PRINT Train Epoch: 10 [19200/60000 (32%)]	Loss: 160.488693
[2022-10-20 01:36:27] PRINT Train Epoch: 10 [20480/60000 (34%)]	Loss: 161.083481
[2022-10-20 01:36:27] PRINT Train Epoch: 10 [21760/60000 (36%)]	Loss: 157.639221
[2022-10-20 01:36:27] PRINT Train Epoch: 10 [23040/60000 (38%)]	Loss: 166.236832
[2022-10-20 01:36:27] PRINT Train Epoch: 10 [24320/60000 (41%)]	Loss: 159.232986
[2022-10-20 01:36:27] PRINT Train Epoch: 10 [25600/60000 (43%)]	Loss: 153.389206
[2022-10-20 01:36:27] PRINT Train Epoch: 10 [26880/60000 (45%)]	Loss: 159.904831
[2022-10-20 01:36:27] PRINT Train Epoch: 10 [28160/60000 (47%)]	Loss: 164.052704
[2022-10-20 01:36:27] PRINT Train Epoch: 10 [29440/60000 (49%)]	Loss: 163.762909
[2022-10-20 01:36:27] PRINT Train Epoch: 10 [30720/60000 (51%)]	Loss: 169.769836
[2022-10-20 01:36:27] PRINT Train Epoch: 10 [32000/60000 (53%)]	Loss: 169.182465
[2022-10-20 01:36:28] PRINT Train Epoch: 10 [33280/60000 (55%)]	Loss: 158.722504
[2022-10-20 01:36:28] PRINT Train Epoch: 10 [34560/60000 (58%)]	Loss: 161.696686
[2022-10-20 01:36:28] PRINT Train Epoch: 10 [35840/60000 (60%)]	Loss: 165.259613
[2022-10-20 01:36:28] PRINT Train Epoch: 10 [37120/60000 (62%)]	Loss: 161.887558
[2022-10-20 01:36:28] PRINT Train Epoch: 10 [38400/60000 (64%)]	Loss: 169.328949
[2022-10-20 01:36:28] PRINT Train Epoch: 10 [39680/60000 (66%)]	Loss: 157.674103
[2022-10-20 01:36:28] PRINT Train Epoch: 10 [40960/60000 (68%)]	Loss: 163.038696
[2022-10-20 01:36:28] PRINT Train Epoch: 10 [42240/60000 (70%)]	Loss: 160.051743
[2022-10-20 01:36:28] PRINT Train Epoch: 10 [43520/60000 (72%)]	Loss: 154.653183
[2022-10-20 01:36:28] PRINT Train Epoch: 10 [44800/60000 (75%)]	Loss: 164.176056
[2022-10-20 01:36:28] PRINT Train Epoch: 10 [46080/60000 (77%)]	Loss: 165.929138
[2022-10-20 01:36:28] PRINT Train Epoch: 10 [47360/60000 (79%)]	Loss: 160.115753
[2022-10-20 01:36:29] PRINT Train Epoch: 10 [48640/60000 (81%)]	Loss: 162.569550
[2022-10-20 01:36:29] PRINT Train Epoch: 10 [49920/60000 (83%)]	Loss: 161.779434
[2022-10-20 01:36:29] PRINT Train Epoch: 10 [51200/60000 (85%)]	Loss: 159.578903
[2022-10-20 01:36:29] PRINT Train Epoch: 10 [52480/60000 (87%)]	Loss: 160.750732
[2022-10-20 01:36:29] PRINT Train Epoch: 10 [53760/60000 (90%)]	Loss: 158.320724
[2022-10-20 01:36:29] PRINT Train Epoch: 10 [55040/60000 (92%)]	Loss: 156.576141
[2022-10-20 01:36:29] PRINT Train Epoch: 10 [56320/60000 (94%)]	Loss: 157.036621
[2022-10-20 01:36:29] PRINT Train Epoch: 10 [57600/60000 (96%)]	Loss: 165.036285
[2022-10-20 01:36:29] PRINT Train Epoch: 10 [58880/60000 (98%)]	Loss: 167.436508
[2022-10-20 01:36:29] PRINT ====> Epoch: 10 Average loss: 162.4779
[2022-10-20 01:36:30] PRINT ====> Test set loss: 166.1945
