[2022-10-19 23:36:12] PRINT {'features1': 300, 'features2': 30, 'lr': 0.05089830093982153, 'epsilon': 1e-07}
[2022-10-19 23:36:12] PRINT Using cuda device
[2022-10-19 23:36:13] PRINT Train Epoch: 1 [0/60000 (0%)]	Loss: 550.495728
[2022-10-19 23:36:13] PRINT Train Epoch: 1 [1280/60000 (2%)]	Loss: 259.865356
[2022-10-19 23:36:13] PRINT Train Epoch: 1 [2560/60000 (4%)]	Loss: 212.353210
[2022-10-19 23:36:13] PRINT Train Epoch: 1 [3840/60000 (6%)]	Loss: 215.337311
[2022-10-19 23:36:14] PRINT Train Epoch: 1 [5120/60000 (9%)]	Loss: 208.016815
[2022-10-19 23:36:14] PRINT Train Epoch: 1 [6400/60000 (11%)]	Loss: 210.548187
[2022-10-19 23:36:14] PRINT Train Epoch: 1 [7680/60000 (13%)]	Loss: 212.252121
[2022-10-19 23:36:14] PRINT Train Epoch: 1 [8960/60000 (15%)]	Loss: 212.237000
[2022-10-19 23:36:14] PRINT Train Epoch: 1 [10240/60000 (17%)]	Loss: 197.792999
[2022-10-19 23:36:14] PRINT Train Epoch: 1 [11520/60000 (19%)]	Loss: 214.705841
[2022-10-19 23:36:14] PRINT Train Epoch: 1 [12800/60000 (21%)]	Loss: 209.831787
[2022-10-19 23:36:14] PRINT Train Epoch: 1 [14080/60000 (23%)]	Loss: 202.402191
[2022-10-19 23:36:14] PRINT Train Epoch: 1 [15360/60000 (26%)]	Loss: 202.655594
[2022-10-19 23:36:14] PRINT Train Epoch: 1 [16640/60000 (28%)]	Loss: 203.468430
[2022-10-19 23:36:15] PRINT Train Epoch: 1 [17920/60000 (30%)]	Loss: 205.412491
[2022-10-19 23:36:15] PRINT Train Epoch: 1 [19200/60000 (32%)]	Loss: 202.264420
[2022-10-19 23:36:15] PRINT Train Epoch: 1 [20480/60000 (34%)]	Loss: 211.095139
[2022-10-19 23:36:15] PRINT Train Epoch: 1 [21760/60000 (36%)]	Loss: 206.668396
[2022-10-19 23:36:15] PRINT Train Epoch: 1 [23040/60000 (38%)]	Loss: 203.974319
[2022-10-19 23:36:15] PRINT Train Epoch: 1 [24320/60000 (41%)]	Loss: 210.685410
[2022-10-19 23:36:15] PRINT Train Epoch: 1 [25600/60000 (43%)]	Loss: 202.765854
[2022-10-19 23:36:15] PRINT Train Epoch: 1 [26880/60000 (45%)]	Loss: 201.768463
[2022-10-19 23:36:15] PRINT Train Epoch: 1 [28160/60000 (47%)]	Loss: 201.466766
[2022-10-19 23:36:15] PRINT Train Epoch: 1 [29440/60000 (49%)]	Loss: 199.815308
[2022-10-19 23:36:16] PRINT Train Epoch: 1 [30720/60000 (51%)]	Loss: 203.435699
[2022-10-19 23:36:16] PRINT Train Epoch: 1 [32000/60000 (53%)]	Loss: 197.008972
[2022-10-19 23:36:16] PRINT Train Epoch: 1 [33280/60000 (55%)]	Loss: 199.999130
[2022-10-19 23:36:16] PRINT Train Epoch: 1 [34560/60000 (58%)]	Loss: 197.533798
[2022-10-19 23:36:16] PRINT Train Epoch: 1 [35840/60000 (60%)]	Loss: 200.411209
[2022-10-19 23:36:16] PRINT Train Epoch: 1 [37120/60000 (62%)]	Loss: 201.788300
[2022-10-19 23:36:16] PRINT Train Epoch: 1 [38400/60000 (64%)]	Loss: 196.125641
[2022-10-19 23:36:16] PRINT Train Epoch: 1 [39680/60000 (66%)]	Loss: 193.563797
[2022-10-19 23:36:16] PRINT Train Epoch: 1 [40960/60000 (68%)]	Loss: 197.218277
[2022-10-19 23:36:16] PRINT Train Epoch: 1 [42240/60000 (70%)]	Loss: 201.781738
[2022-10-19 23:36:17] PRINT Train Epoch: 1 [43520/60000 (72%)]	Loss: 198.319122
[2022-10-19 23:36:17] PRINT Train Epoch: 1 [44800/60000 (75%)]	Loss: 199.346176
[2022-10-19 23:36:17] PRINT Train Epoch: 1 [46080/60000 (77%)]	Loss: 209.417114
[2022-10-19 23:36:17] PRINT Train Epoch: 1 [47360/60000 (79%)]	Loss: 191.131119
[2022-10-19 23:36:17] PRINT Train Epoch: 1 [48640/60000 (81%)]	Loss: 197.511551
[2022-10-19 23:36:17] PRINT Train Epoch: 1 [49920/60000 (83%)]	Loss: 196.581558
[2022-10-19 23:36:17] PRINT Train Epoch: 1 [51200/60000 (85%)]	Loss: 199.926132
[2022-10-19 23:36:17] PRINT Train Epoch: 1 [52480/60000 (87%)]	Loss: 180.629974
[2022-10-19 23:36:17] PRINT Train Epoch: 1 [53760/60000 (90%)]	Loss: 198.304840
[2022-10-19 23:36:18] PRINT Train Epoch: 1 [55040/60000 (92%)]	Loss: 188.428726
[2022-10-19 23:36:18] PRINT Train Epoch: 1 [56320/60000 (94%)]	Loss: 192.844574
[2022-10-19 23:36:18] PRINT Train Epoch: 1 [57600/60000 (96%)]	Loss: 200.805527
[2022-10-19 23:36:18] PRINT Train Epoch: 1 [58880/60000 (98%)]	Loss: 195.519653
[2022-10-19 23:36:18] PRINT ====> Epoch: 1 Average loss: 232.5795
[2022-10-19 23:36:19] PRINT ====> Test set loss: 194.8727
[2022-10-19 23:36:19] PRINT Train Epoch: 2 [0/60000 (0%)]	Loss: 195.973923
[2022-10-19 23:36:19] PRINT Train Epoch: 2 [1280/60000 (2%)]	Loss: 205.510956
[2022-10-19 23:36:19] PRINT Train Epoch: 2 [2560/60000 (4%)]	Loss: 196.023499
[2022-10-19 23:36:19] PRINT Train Epoch: 2 [3840/60000 (6%)]	Loss: 197.067337
[2022-10-19 23:36:19] PRINT Train Epoch: 2 [5120/60000 (9%)]	Loss: 190.253113
[2022-10-19 23:36:19] PRINT Train Epoch: 2 [6400/60000 (11%)]	Loss: 203.184433
[2022-10-19 23:36:19] PRINT Train Epoch: 2 [7680/60000 (13%)]	Loss: 187.557785
[2022-10-19 23:36:20] PRINT Train Epoch: 2 [8960/60000 (15%)]	Loss: 189.210693
[2022-10-19 23:36:20] PRINT Train Epoch: 2 [10240/60000 (17%)]	Loss: 191.958160
[2022-10-19 23:36:20] PRINT Train Epoch: 2 [11520/60000 (19%)]	Loss: 196.853409
[2022-10-19 23:36:20] PRINT Train Epoch: 2 [12800/60000 (21%)]	Loss: 192.441147
[2022-10-19 23:36:20] PRINT Train Epoch: 2 [14080/60000 (23%)]	Loss: 186.679245
[2022-10-19 23:36:20] PRINT Train Epoch: 2 [15360/60000 (26%)]	Loss: 204.773819
[2022-10-19 23:36:20] PRINT Train Epoch: 2 [16640/60000 (28%)]	Loss: 190.140762
[2022-10-19 23:36:20] PRINT Train Epoch: 2 [17920/60000 (30%)]	Loss: 189.176788
[2022-10-19 23:36:20] PRINT Train Epoch: 2 [19200/60000 (32%)]	Loss: 188.028549
[2022-10-19 23:36:20] PRINT Train Epoch: 2 [20480/60000 (34%)]	Loss: 196.310623
[2022-10-19 23:36:21] PRINT Train Epoch: 2 [21760/60000 (36%)]	Loss: 188.231140
[2022-10-19 23:36:21] PRINT Train Epoch: 2 [23040/60000 (38%)]	Loss: 190.320145
[2022-10-19 23:36:21] PRINT Train Epoch: 2 [24320/60000 (41%)]	Loss: 201.323990
[2022-10-19 23:36:21] PRINT Train Epoch: 2 [25600/60000 (43%)]	Loss: 190.803146
[2022-10-19 23:36:21] PRINT Train Epoch: 2 [26880/60000 (45%)]	Loss: 190.087921
[2022-10-19 23:36:21] PRINT Train Epoch: 2 [28160/60000 (47%)]	Loss: 185.261566
[2022-10-19 23:36:21] PRINT Train Epoch: 2 [29440/60000 (49%)]	Loss: 194.453705
[2022-10-19 23:36:21] PRINT Train Epoch: 2 [30720/60000 (51%)]	Loss: 199.390381
[2022-10-19 23:36:21] PRINT Train Epoch: 2 [32000/60000 (53%)]	Loss: 195.411118
[2022-10-19 23:36:21] PRINT Train Epoch: 2 [33280/60000 (55%)]	Loss: 193.772903
[2022-10-19 23:36:22] PRINT Train Epoch: 2 [34560/60000 (58%)]	Loss: 201.375839
[2022-10-19 23:36:22] PRINT Train Epoch: 2 [35840/60000 (60%)]	Loss: 193.047134
[2022-10-19 23:36:22] PRINT Train Epoch: 2 [37120/60000 (62%)]	Loss: 192.739792
[2022-10-19 23:36:22] PRINT Train Epoch: 2 [38400/60000 (64%)]	Loss: 199.729095
[2022-10-19 23:36:22] PRINT Train Epoch: 2 [39680/60000 (66%)]	Loss: 191.413315
[2022-10-19 23:36:22] PRINT Train Epoch: 2 [40960/60000 (68%)]	Loss: 194.075531
[2022-10-19 23:36:22] PRINT Train Epoch: 2 [42240/60000 (70%)]	Loss: 190.984039
[2022-10-19 23:36:22] PRINT Train Epoch: 2 [43520/60000 (72%)]	Loss: 197.294952
[2022-10-19 23:36:22] PRINT Train Epoch: 2 [44800/60000 (75%)]	Loss: 189.790848
[2022-10-19 23:36:22] PRINT Train Epoch: 2 [46080/60000 (77%)]	Loss: 195.674454
[2022-10-19 23:36:23] PRINT Train Epoch: 2 [47360/60000 (79%)]	Loss: 186.664307
[2022-10-19 23:36:23] PRINT Train Epoch: 2 [48640/60000 (81%)]	Loss: 199.209686
[2022-10-19 23:36:23] PRINT Train Epoch: 2 [49920/60000 (83%)]	Loss: 193.585220
[2022-10-19 23:36:23] PRINT Train Epoch: 2 [51200/60000 (85%)]	Loss: 191.371902
[2022-10-19 23:36:23] PRINT Train Epoch: 2 [52480/60000 (87%)]	Loss: 191.895050
[2022-10-19 23:36:23] PRINT Train Epoch: 2 [53760/60000 (90%)]	Loss: 183.115005
[2022-10-19 23:36:23] PRINT Train Epoch: 2 [55040/60000 (92%)]	Loss: 187.874710
[2022-10-19 23:36:23] PRINT Train Epoch: 2 [56320/60000 (94%)]	Loss: 190.975647
[2022-10-19 23:36:23] PRINT Train Epoch: 2 [57600/60000 (96%)]	Loss: 195.290054
[2022-10-19 23:36:24] PRINT Train Epoch: 2 [58880/60000 (98%)]	Loss: 198.659821
[2022-10-19 23:36:24] PRINT ====> Epoch: 2 Average loss: 193.7520
[2022-10-19 23:36:24] PRINT ====> Test set loss: 192.1946
[2022-10-19 23:36:25] PRINT Train Epoch: 3 [0/60000 (0%)]	Loss: 186.875443
[2022-10-19 23:36:25] PRINT Train Epoch: 3 [1280/60000 (2%)]	Loss: 184.391495
[2022-10-19 23:36:25] PRINT Train Epoch: 3 [2560/60000 (4%)]	Loss: 186.979721
[2022-10-19 23:36:25] PRINT Train Epoch: 3 [3840/60000 (6%)]	Loss: 189.080719
[2022-10-19 23:36:25] PRINT Train Epoch: 3 [5120/60000 (9%)]	Loss: 200.788696
[2022-10-19 23:36:25] PRINT Train Epoch: 3 [6400/60000 (11%)]	Loss: 191.528793
[2022-10-19 23:36:25] PRINT Train Epoch: 3 [7680/60000 (13%)]	Loss: 199.474106
[2022-10-19 23:36:25] PRINT Train Epoch: 3 [8960/60000 (15%)]	Loss: 190.999573
[2022-10-19 23:36:25] PRINT Train Epoch: 3 [10240/60000 (17%)]	Loss: 193.655487
[2022-10-19 23:36:25] PRINT Train Epoch: 3 [11520/60000 (19%)]	Loss: 191.482330
[2022-10-19 23:36:26] PRINT Train Epoch: 3 [12800/60000 (21%)]	Loss: 192.633224
[2022-10-19 23:36:26] PRINT Train Epoch: 3 [14080/60000 (23%)]	Loss: 193.347504
[2022-10-19 23:36:26] PRINT Train Epoch: 3 [15360/60000 (26%)]	Loss: 190.109695
[2022-10-19 23:36:26] PRINT Train Epoch: 3 [16640/60000 (28%)]	Loss: 188.770187
[2022-10-19 23:36:26] PRINT Train Epoch: 3 [17920/60000 (30%)]	Loss: 193.754105
[2022-10-19 23:36:26] PRINT Train Epoch: 3 [19200/60000 (32%)]	Loss: 194.703171
[2022-10-19 23:36:26] PRINT Train Epoch: 3 [20480/60000 (34%)]	Loss: 197.785080
[2022-10-19 23:36:26] PRINT Train Epoch: 3 [21760/60000 (36%)]	Loss: 198.543518
[2022-10-19 23:36:26] PRINT Train Epoch: 3 [23040/60000 (38%)]	Loss: 188.207352
[2022-10-19 23:36:26] PRINT Train Epoch: 3 [24320/60000 (41%)]	Loss: 193.556473
[2022-10-19 23:36:27] PRINT Train Epoch: 3 [25600/60000 (43%)]	Loss: 179.470413
[2022-10-19 23:36:27] PRINT Train Epoch: 3 [26880/60000 (45%)]	Loss: 190.144135
[2022-10-19 23:36:27] PRINT Train Epoch: 3 [28160/60000 (47%)]	Loss: 189.333725
[2022-10-19 23:36:27] PRINT Train Epoch: 3 [29440/60000 (49%)]	Loss: 189.718384
[2022-10-19 23:36:27] PRINT Train Epoch: 3 [30720/60000 (51%)]	Loss: 191.795181
[2022-10-19 23:36:27] PRINT Train Epoch: 3 [32000/60000 (53%)]	Loss: 186.038513
[2022-10-19 23:36:27] PRINT Train Epoch: 3 [33280/60000 (55%)]	Loss: 192.996017
[2022-10-19 23:36:27] PRINT Train Epoch: 3 [34560/60000 (58%)]	Loss: 184.443924
[2022-10-19 23:36:27] PRINT Train Epoch: 3 [35840/60000 (60%)]	Loss: 188.574158
[2022-10-19 23:36:28] PRINT Train Epoch: 3 [37120/60000 (62%)]	Loss: 197.218857
[2022-10-19 23:36:28] PRINT Train Epoch: 3 [38400/60000 (64%)]	Loss: 193.791946
[2022-10-19 23:36:28] PRINT Train Epoch: 3 [39680/60000 (66%)]	Loss: 192.725342
[2022-10-19 23:36:28] PRINT Train Epoch: 3 [40960/60000 (68%)]	Loss: 197.170746
[2022-10-19 23:36:28] PRINT Train Epoch: 3 [42240/60000 (70%)]	Loss: 188.808212
[2022-10-19 23:36:28] PRINT Train Epoch: 3 [43520/60000 (72%)]	Loss: 191.755981
[2022-10-19 23:36:28] PRINT Train Epoch: 3 [44800/60000 (75%)]	Loss: 196.904755
[2022-10-19 23:36:28] PRINT Train Epoch: 3 [46080/60000 (77%)]	Loss: 191.238373
[2022-10-19 23:36:28] PRINT Train Epoch: 3 [47360/60000 (79%)]	Loss: 196.350601
[2022-10-19 23:36:28] PRINT Train Epoch: 3 [48640/60000 (81%)]	Loss: 189.352310
[2022-10-19 23:36:29] PRINT Train Epoch: 3 [49920/60000 (83%)]	Loss: 203.656158
[2022-10-19 23:36:29] PRINT Train Epoch: 3 [51200/60000 (85%)]	Loss: 190.633057
[2022-10-19 23:36:29] PRINT Train Epoch: 3 [52480/60000 (87%)]	Loss: 191.971466
[2022-10-19 23:36:29] PRINT Train Epoch: 3 [53760/60000 (90%)]	Loss: 195.502151
[2022-10-19 23:36:29] PRINT Train Epoch: 3 [55040/60000 (92%)]	Loss: 196.877625
[2022-10-19 23:36:29] PRINT Train Epoch: 3 [56320/60000 (94%)]	Loss: 185.304565
[2022-10-19 23:36:29] PRINT Train Epoch: 3 [57600/60000 (96%)]	Loss: 200.423676
[2022-10-19 23:36:29] PRINT Train Epoch: 3 [58880/60000 (98%)]	Loss: 190.995148
[2022-10-19 23:36:29] PRINT ====> Epoch: 3 Average loss: 192.6293
[2022-10-19 23:36:30] PRINT ====> Test set loss: 192.1738
[2022-10-19 23:36:30] PRINT Train Epoch: 4 [0/60000 (0%)]	Loss: 193.255035
[2022-10-19 23:36:30] PRINT Train Epoch: 4 [1280/60000 (2%)]	Loss: 197.249420
[2022-10-19 23:36:30] PRINT Train Epoch: 4 [2560/60000 (4%)]	Loss: 193.322525
[2022-10-19 23:36:31] PRINT Train Epoch: 4 [3840/60000 (6%)]	Loss: 190.636124
[2022-10-19 23:36:31] PRINT Train Epoch: 4 [5120/60000 (9%)]	Loss: 194.594269
[2022-10-19 23:36:31] PRINT Train Epoch: 4 [6400/60000 (11%)]	Loss: 193.925446
[2022-10-19 23:36:31] PRINT Train Epoch: 4 [7680/60000 (13%)]	Loss: 189.974503
[2022-10-19 23:36:31] PRINT Train Epoch: 4 [8960/60000 (15%)]	Loss: 194.432388
[2022-10-19 23:36:31] PRINT Train Epoch: 4 [10240/60000 (17%)]	Loss: 190.920456
[2022-10-19 23:36:31] PRINT Train Epoch: 4 [11520/60000 (19%)]	Loss: 195.897598
[2022-10-19 23:36:31] PRINT Train Epoch: 4 [12800/60000 (21%)]	Loss: 188.539230
[2022-10-19 23:36:31] PRINT Train Epoch: 4 [14080/60000 (23%)]	Loss: 188.275223
[2022-10-19 23:36:31] PRINT Train Epoch: 4 [15360/60000 (26%)]	Loss: 198.736664
[2022-10-19 23:36:32] PRINT Train Epoch: 4 [16640/60000 (28%)]	Loss: 192.915405
[2022-10-19 23:36:32] PRINT Train Epoch: 4 [17920/60000 (30%)]	Loss: 185.466522
[2022-10-19 23:36:32] PRINT Train Epoch: 4 [19200/60000 (32%)]	Loss: 191.319107
[2022-10-19 23:36:32] PRINT Train Epoch: 4 [20480/60000 (34%)]	Loss: 190.034210
[2022-10-19 23:36:32] PRINT Train Epoch: 4 [21760/60000 (36%)]	Loss: 188.405197
[2022-10-19 23:36:32] PRINT Train Epoch: 4 [23040/60000 (38%)]	Loss: 193.282730
[2022-10-19 23:36:32] PRINT Train Epoch: 4 [24320/60000 (41%)]	Loss: 189.330048
[2022-10-19 23:36:32] PRINT Train Epoch: 4 [25600/60000 (43%)]	Loss: 184.058716
[2022-10-19 23:36:32] PRINT Train Epoch: 4 [26880/60000 (45%)]	Loss: 194.740997
[2022-10-19 23:36:32] PRINT Train Epoch: 4 [28160/60000 (47%)]	Loss: 196.610596
[2022-10-19 23:36:33] PRINT Train Epoch: 4 [29440/60000 (49%)]	Loss: 194.730743
[2022-10-19 23:36:33] PRINT Train Epoch: 4 [30720/60000 (51%)]	Loss: 190.635788
[2022-10-19 23:36:33] PRINT Train Epoch: 4 [32000/60000 (53%)]	Loss: 194.792145
[2022-10-19 23:36:33] PRINT Train Epoch: 4 [33280/60000 (55%)]	Loss: 197.369110
[2022-10-19 23:36:33] PRINT Train Epoch: 4 [34560/60000 (58%)]	Loss: 191.526413
[2022-10-19 23:36:33] PRINT Train Epoch: 4 [35840/60000 (60%)]	Loss: 194.598480
[2022-10-19 23:36:33] PRINT Train Epoch: 4 [37120/60000 (62%)]	Loss: 195.764252
[2022-10-19 23:36:33] PRINT Train Epoch: 4 [38400/60000 (64%)]	Loss: 197.485229
[2022-10-19 23:36:33] PRINT Train Epoch: 4 [39680/60000 (66%)]	Loss: 195.311569
[2022-10-19 23:36:34] PRINT Train Epoch: 4 [40960/60000 (68%)]	Loss: 190.631271
[2022-10-19 23:36:34] PRINT Train Epoch: 4 [42240/60000 (70%)]	Loss: 195.193817
[2022-10-19 23:36:34] PRINT Train Epoch: 4 [43520/60000 (72%)]	Loss: 184.986115
[2022-10-19 23:36:34] PRINT Train Epoch: 4 [44800/60000 (75%)]	Loss: 185.015289
[2022-10-19 23:36:34] PRINT Train Epoch: 4 [46080/60000 (77%)]	Loss: 202.211548
[2022-10-19 23:36:34] PRINT Train Epoch: 4 [47360/60000 (79%)]	Loss: 194.663361
[2022-10-19 23:36:34] PRINT Train Epoch: 4 [48640/60000 (81%)]	Loss: 200.783325
[2022-10-19 23:36:34] PRINT Train Epoch: 4 [49920/60000 (83%)]	Loss: 201.389175
[2022-10-19 23:36:34] PRINT Train Epoch: 4 [51200/60000 (85%)]	Loss: 195.064957
[2022-10-19 23:36:34] PRINT Train Epoch: 4 [52480/60000 (87%)]	Loss: 193.778519
[2022-10-19 23:36:35] PRINT Train Epoch: 4 [53760/60000 (90%)]	Loss: 190.263138
[2022-10-19 23:36:35] PRINT Train Epoch: 4 [55040/60000 (92%)]	Loss: 191.827545
[2022-10-19 23:36:35] PRINT Train Epoch: 4 [56320/60000 (94%)]	Loss: 196.154114
[2022-10-19 23:36:35] PRINT Train Epoch: 4 [57600/60000 (96%)]	Loss: 194.242523
[2022-10-19 23:36:35] PRINT Train Epoch: 4 [58880/60000 (98%)]	Loss: 196.370956
[2022-10-19 23:36:35] PRINT ====> Epoch: 4 Average loss: 192.5945
[2022-10-19 23:36:36] PRINT ====> Test set loss: 190.5516
[2022-10-19 23:36:36] PRINT Train Epoch: 5 [0/60000 (0%)]	Loss: 191.490707
[2022-10-19 23:36:36] PRINT Train Epoch: 5 [1280/60000 (2%)]	Loss: 183.253189
[2022-10-19 23:36:36] PRINT Train Epoch: 5 [2560/60000 (4%)]	Loss: 192.513458
[2022-10-19 23:36:36] PRINT Train Epoch: 5 [3840/60000 (6%)]	Loss: 187.982010
[2022-10-19 23:36:36] PRINT Train Epoch: 5 [5120/60000 (9%)]	Loss: 190.478745
[2022-10-19 23:36:36] PRINT Train Epoch: 5 [6400/60000 (11%)]	Loss: 191.826614
[2022-10-19 23:36:37] PRINT Train Epoch: 5 [7680/60000 (13%)]	Loss: 191.335876
[2022-10-19 23:36:37] PRINT Train Epoch: 5 [8960/60000 (15%)]	Loss: 192.676102
[2022-10-19 23:36:37] PRINT Train Epoch: 5 [10240/60000 (17%)]	Loss: 195.268539
[2022-10-19 23:36:37] PRINT Train Epoch: 5 [11520/60000 (19%)]	Loss: 198.148560
[2022-10-19 23:36:37] PRINT Train Epoch: 5 [12800/60000 (21%)]	Loss: 193.408356
[2022-10-19 23:36:37] PRINT Train Epoch: 5 [14080/60000 (23%)]	Loss: 192.116623
[2022-10-19 23:36:37] PRINT Train Epoch: 5 [15360/60000 (26%)]	Loss: 191.629700
[2022-10-19 23:36:37] PRINT Train Epoch: 5 [16640/60000 (28%)]	Loss: 192.073013
[2022-10-19 23:36:37] PRINT Train Epoch: 5 [17920/60000 (30%)]	Loss: 196.014832
[2022-10-19 23:36:38] PRINT Train Epoch: 5 [19200/60000 (32%)]	Loss: 193.538696
[2022-10-19 23:36:38] PRINT Train Epoch: 5 [20480/60000 (34%)]	Loss: 197.768158
[2022-10-19 23:36:38] PRINT Train Epoch: 5 [21760/60000 (36%)]	Loss: 190.141998
[2022-10-19 23:36:38] PRINT Train Epoch: 5 [23040/60000 (38%)]	Loss: 198.751358
[2022-10-19 23:36:38] PRINT Train Epoch: 5 [24320/60000 (41%)]	Loss: 198.068878
[2022-10-19 23:36:38] PRINT Train Epoch: 5 [25600/60000 (43%)]	Loss: 197.651764
[2022-10-19 23:36:38] PRINT Train Epoch: 5 [26880/60000 (45%)]	Loss: 184.674515
[2022-10-19 23:36:38] PRINT Train Epoch: 5 [28160/60000 (47%)]	Loss: 189.223633
[2022-10-19 23:36:38] PRINT Train Epoch: 5 [29440/60000 (49%)]	Loss: 191.414383
[2022-10-19 23:36:38] PRINT Train Epoch: 5 [30720/60000 (51%)]	Loss: 188.249222
[2022-10-19 23:36:39] PRINT Train Epoch: 5 [32000/60000 (53%)]	Loss: 195.430389
[2022-10-19 23:36:39] PRINT Train Epoch: 5 [33280/60000 (55%)]	Loss: 188.438049
[2022-10-19 23:36:39] PRINT Train Epoch: 5 [34560/60000 (58%)]	Loss: 189.322586
[2022-10-19 23:36:39] PRINT Train Epoch: 5 [35840/60000 (60%)]	Loss: 196.074692
[2022-10-19 23:36:39] PRINT Train Epoch: 5 [37120/60000 (62%)]	Loss: 193.989975
[2022-10-19 23:36:39] PRINT Train Epoch: 5 [38400/60000 (64%)]	Loss: 184.482391
[2022-10-19 23:36:39] PRINT Train Epoch: 5 [39680/60000 (66%)]	Loss: 196.022171
[2022-10-19 23:36:39] PRINT Train Epoch: 5 [40960/60000 (68%)]	Loss: 188.830887
[2022-10-19 23:36:39] PRINT Train Epoch: 5 [42240/60000 (70%)]	Loss: 196.795349
[2022-10-19 23:36:39] PRINT Train Epoch: 5 [43520/60000 (72%)]	Loss: 188.774246
[2022-10-19 23:36:40] PRINT Train Epoch: 5 [44800/60000 (75%)]	Loss: 196.363205
[2022-10-19 23:36:40] PRINT Train Epoch: 5 [46080/60000 (77%)]	Loss: 186.127258
[2022-10-19 23:36:40] PRINT Train Epoch: 5 [47360/60000 (79%)]	Loss: 196.144852
[2022-10-19 23:36:40] PRINT Train Epoch: 5 [48640/60000 (81%)]	Loss: 186.984512
[2022-10-19 23:36:40] PRINT Train Epoch: 5 [49920/60000 (83%)]	Loss: 204.443832
[2022-10-19 23:36:40] PRINT Train Epoch: 5 [51200/60000 (85%)]	Loss: 191.557968
[2022-10-19 23:36:40] PRINT Train Epoch: 5 [52480/60000 (87%)]	Loss: 200.568161
[2022-10-19 23:36:40] PRINT Train Epoch: 5 [53760/60000 (90%)]	Loss: 188.603119
[2022-10-19 23:36:40] PRINT Train Epoch: 5 [55040/60000 (92%)]	Loss: 177.436508
[2022-10-19 23:36:41] PRINT Train Epoch: 5 [56320/60000 (94%)]	Loss: 195.047424
[2022-10-19 23:36:41] PRINT Train Epoch: 5 [57600/60000 (96%)]	Loss: 200.683441
[2022-10-19 23:36:41] PRINT Train Epoch: 5 [58880/60000 (98%)]	Loss: 193.622833
[2022-10-19 23:36:41] PRINT ====> Epoch: 5 Average loss: 192.2578
[2022-10-19 23:36:42] PRINT ====> Test set loss: 192.5671
[2022-10-19 23:36:42] PRINT Train Epoch: 6 [0/60000 (0%)]	Loss: 194.347229
[2022-10-19 23:36:42] PRINT Train Epoch: 6 [1280/60000 (2%)]	Loss: 187.560135
[2022-10-19 23:36:42] PRINT Train Epoch: 6 [2560/60000 (4%)]	Loss: 192.153732
[2022-10-19 23:36:42] PRINT Train Epoch: 6 [3840/60000 (6%)]	Loss: 197.880096
[2022-10-19 23:36:42] PRINT Train Epoch: 6 [5120/60000 (9%)]	Loss: 191.019348
[2022-10-19 23:36:42] PRINT Train Epoch: 6 [6400/60000 (11%)]	Loss: 193.143677
[2022-10-19 23:36:42] PRINT Train Epoch: 6 [7680/60000 (13%)]	Loss: 186.740662
[2022-10-19 23:36:42] PRINT Train Epoch: 6 [8960/60000 (15%)]	Loss: 189.045532
[2022-10-19 23:36:43] PRINT Train Epoch: 6 [10240/60000 (17%)]	Loss: 198.770828
[2022-10-19 23:36:43] PRINT Train Epoch: 6 [11520/60000 (19%)]	Loss: 189.030228
[2022-10-19 23:36:43] PRINT Train Epoch: 6 [12800/60000 (21%)]	Loss: 190.181030
[2022-10-19 23:36:43] PRINT Train Epoch: 6 [14080/60000 (23%)]	Loss: 195.468597
[2022-10-19 23:36:43] PRINT Train Epoch: 6 [15360/60000 (26%)]	Loss: 188.878479
[2022-10-19 23:36:43] PRINT Train Epoch: 6 [16640/60000 (28%)]	Loss: 189.855988
[2022-10-19 23:36:43] PRINT Train Epoch: 6 [17920/60000 (30%)]	Loss: 194.761490
[2022-10-19 23:36:43] PRINT Train Epoch: 6 [19200/60000 (32%)]	Loss: 186.099213
[2022-10-19 23:36:43] PRINT Train Epoch: 6 [20480/60000 (34%)]	Loss: 196.200928
[2022-10-19 23:36:43] PRINT Train Epoch: 6 [21760/60000 (36%)]	Loss: 187.266113
[2022-10-19 23:36:44] PRINT Train Epoch: 6 [23040/60000 (38%)]	Loss: 183.880676
[2022-10-19 23:36:44] PRINT Train Epoch: 6 [24320/60000 (41%)]	Loss: 190.155304
[2022-10-19 23:36:44] PRINT Train Epoch: 6 [25600/60000 (43%)]	Loss: 187.424454
[2022-10-19 23:36:44] PRINT Train Epoch: 6 [26880/60000 (45%)]	Loss: 197.822601
[2022-10-19 23:36:44] PRINT Train Epoch: 6 [28160/60000 (47%)]	Loss: 196.869766
[2022-10-19 23:36:44] PRINT Train Epoch: 6 [29440/60000 (49%)]	Loss: 192.817398
[2022-10-19 23:36:44] PRINT Train Epoch: 6 [30720/60000 (51%)]	Loss: 196.903824
[2022-10-19 23:36:44] PRINT Train Epoch: 6 [32000/60000 (53%)]	Loss: 197.582703
[2022-10-19 23:36:44] PRINT Train Epoch: 6 [33280/60000 (55%)]	Loss: 191.390594
[2022-10-19 23:36:44] PRINT Train Epoch: 6 [34560/60000 (58%)]	Loss: 196.347855
[2022-10-19 23:36:45] PRINT Train Epoch: 6 [35840/60000 (60%)]	Loss: 190.279068
[2022-10-19 23:36:45] PRINT Train Epoch: 6 [37120/60000 (62%)]	Loss: 191.009979
[2022-10-19 23:36:45] PRINT Train Epoch: 6 [38400/60000 (64%)]	Loss: 190.647903
[2022-10-19 23:36:45] PRINT Train Epoch: 6 [39680/60000 (66%)]	Loss: 190.308243
[2022-10-19 23:36:45] PRINT Train Epoch: 6 [40960/60000 (68%)]	Loss: 192.644958
[2022-10-19 23:36:45] PRINT Train Epoch: 6 [42240/60000 (70%)]	Loss: 197.521378
[2022-10-19 23:36:45] PRINT Train Epoch: 6 [43520/60000 (72%)]	Loss: 201.002701
[2022-10-19 23:36:45] PRINT Train Epoch: 6 [44800/60000 (75%)]	Loss: 196.792206
[2022-10-19 23:36:45] PRINT Train Epoch: 6 [46080/60000 (77%)]	Loss: 190.539154
[2022-10-19 23:36:46] PRINT Train Epoch: 6 [47360/60000 (79%)]	Loss: 194.493179
[2022-10-19 23:36:46] PRINT Train Epoch: 6 [48640/60000 (81%)]	Loss: 191.615585
[2022-10-19 23:36:46] PRINT Train Epoch: 6 [49920/60000 (83%)]	Loss: 197.307297
[2022-10-19 23:36:46] PRINT Train Epoch: 6 [51200/60000 (85%)]	Loss: 192.885178
[2022-10-19 23:36:46] PRINT Train Epoch: 6 [52480/60000 (87%)]	Loss: 188.855835
[2022-10-19 23:36:46] PRINT Train Epoch: 6 [53760/60000 (90%)]	Loss: 190.669357
[2022-10-19 23:36:46] PRINT Train Epoch: 6 [55040/60000 (92%)]	Loss: 198.956375
[2022-10-19 23:36:46] PRINT Train Epoch: 6 [56320/60000 (94%)]	Loss: 198.236435
[2022-10-19 23:36:46] PRINT Train Epoch: 6 [57600/60000 (96%)]	Loss: 192.637222
[2022-10-19 23:36:46] PRINT Train Epoch: 6 [58880/60000 (98%)]	Loss: 195.768478
[2022-10-19 23:36:47] PRINT ====> Epoch: 6 Average loss: 192.0341
[2022-10-19 23:36:47] PRINT ====> Test set loss: 191.4588
[2022-10-19 23:36:47] PRINT Train Epoch: 7 [0/60000 (0%)]	Loss: 185.996811
[2022-10-19 23:36:48] PRINT Train Epoch: 7 [1280/60000 (2%)]	Loss: 189.736252
[2022-10-19 23:36:48] PRINT Train Epoch: 7 [2560/60000 (4%)]	Loss: 198.447601
[2022-10-19 23:36:48] PRINT Train Epoch: 7 [3840/60000 (6%)]	Loss: 201.355560
[2022-10-19 23:36:48] PRINT Train Epoch: 7 [5120/60000 (9%)]	Loss: 196.065887
[2022-10-19 23:36:48] PRINT Train Epoch: 7 [6400/60000 (11%)]	Loss: 197.634140
[2022-10-19 23:36:48] PRINT Train Epoch: 7 [7680/60000 (13%)]	Loss: 183.587448
[2022-10-19 23:36:48] PRINT Train Epoch: 7 [8960/60000 (15%)]	Loss: 196.707520
[2022-10-19 23:36:48] PRINT Train Epoch: 7 [10240/60000 (17%)]	Loss: 186.124924
[2022-10-19 23:36:48] PRINT Train Epoch: 7 [11520/60000 (19%)]	Loss: 202.158264
[2022-10-19 23:36:48] PRINT Train Epoch: 7 [12800/60000 (21%)]	Loss: 186.530899
[2022-10-19 23:36:49] PRINT Train Epoch: 7 [14080/60000 (23%)]	Loss: 187.016006
[2022-10-19 23:36:49] PRINT Train Epoch: 7 [15360/60000 (26%)]	Loss: 187.653763
[2022-10-19 23:36:49] PRINT Train Epoch: 7 [16640/60000 (28%)]	Loss: 192.593231
[2022-10-19 23:36:49] PRINT Train Epoch: 7 [17920/60000 (30%)]	Loss: 185.733795
[2022-10-19 23:36:49] PRINT Train Epoch: 7 [19200/60000 (32%)]	Loss: 192.923660
[2022-10-19 23:36:49] PRINT Train Epoch: 7 [20480/60000 (34%)]	Loss: 193.013947
[2022-10-19 23:36:49] PRINT Train Epoch: 7 [21760/60000 (36%)]	Loss: 190.508972
[2022-10-19 23:36:49] PRINT Train Epoch: 7 [23040/60000 (38%)]	Loss: 185.231491
[2022-10-19 23:36:49] PRINT Train Epoch: 7 [24320/60000 (41%)]	Loss: 187.590851
[2022-10-19 23:36:49] PRINT Train Epoch: 7 [25600/60000 (43%)]	Loss: 182.815109
[2022-10-19 23:36:50] PRINT Train Epoch: 7 [26880/60000 (45%)]	Loss: 193.906601
[2022-10-19 23:36:50] PRINT Train Epoch: 7 [28160/60000 (47%)]	Loss: 193.519714
[2022-10-19 23:36:50] PRINT Train Epoch: 7 [29440/60000 (49%)]	Loss: 190.173431
[2022-10-19 23:36:50] PRINT Train Epoch: 7 [30720/60000 (51%)]	Loss: 187.073700
[2022-10-19 23:36:50] PRINT Train Epoch: 7 [32000/60000 (53%)]	Loss: 199.299637
[2022-10-19 23:36:50] PRINT Train Epoch: 7 [33280/60000 (55%)]	Loss: 192.448380
[2022-10-19 23:36:50] PRINT Train Epoch: 7 [34560/60000 (58%)]	Loss: 199.758850
[2022-10-19 23:36:50] PRINT Train Epoch: 7 [35840/60000 (60%)]	Loss: 189.938278
[2022-10-19 23:36:50] PRINT Train Epoch: 7 [37120/60000 (62%)]	Loss: 187.057159
[2022-10-19 23:36:51] PRINT Train Epoch: 7 [38400/60000 (64%)]	Loss: 200.603210
[2022-10-19 23:36:51] PRINT Train Epoch: 7 [39680/60000 (66%)]	Loss: 182.244766
[2022-10-19 23:36:51] PRINT Train Epoch: 7 [40960/60000 (68%)]	Loss: 198.073547
[2022-10-19 23:36:51] PRINT Train Epoch: 7 [42240/60000 (70%)]	Loss: 190.273392
[2022-10-19 23:36:51] PRINT Train Epoch: 7 [43520/60000 (72%)]	Loss: 188.378510
[2022-10-19 23:36:51] PRINT Train Epoch: 7 [44800/60000 (75%)]	Loss: 191.524597
[2022-10-19 23:36:51] PRINT Train Epoch: 7 [46080/60000 (77%)]	Loss: 199.879227
[2022-10-19 23:36:51] PRINT Train Epoch: 7 [47360/60000 (79%)]	Loss: 197.658798
[2022-10-19 23:36:51] PRINT Train Epoch: 7 [48640/60000 (81%)]	Loss: 193.559326
[2022-10-19 23:36:51] PRINT Train Epoch: 7 [49920/60000 (83%)]	Loss: 186.514175
[2022-10-19 23:36:52] PRINT Train Epoch: 7 [51200/60000 (85%)]	Loss: 185.289993
[2022-10-19 23:36:52] PRINT Train Epoch: 7 [52480/60000 (87%)]	Loss: 192.444489
[2022-10-19 23:36:52] PRINT Train Epoch: 7 [53760/60000 (90%)]	Loss: 198.018570
[2022-10-19 23:36:52] PRINT Train Epoch: 7 [55040/60000 (92%)]	Loss: 196.063675
[2022-10-19 23:36:52] PRINT Train Epoch: 7 [56320/60000 (94%)]	Loss: 188.967911
[2022-10-19 23:36:52] PRINT Train Epoch: 7 [57600/60000 (96%)]	Loss: 187.618286
[2022-10-19 23:36:52] PRINT Train Epoch: 7 [58880/60000 (98%)]	Loss: 180.538773
[2022-10-19 23:36:52] PRINT ====> Epoch: 7 Average loss: 192.0096
[2022-10-19 23:36:53] PRINT ====> Test set loss: 193.5200
[2022-10-19 23:36:53] PRINT Train Epoch: 8 [0/60000 (0%)]	Loss: 185.410217
[2022-10-19 23:36:53] PRINT Train Epoch: 8 [1280/60000 (2%)]	Loss: 189.630310
[2022-10-19 23:36:53] PRINT Train Epoch: 8 [2560/60000 (4%)]	Loss: 197.610764
[2022-10-19 23:36:53] PRINT Train Epoch: 8 [3840/60000 (6%)]	Loss: 191.295715
[2022-10-19 23:36:54] PRINT Train Epoch: 8 [5120/60000 (9%)]	Loss: 201.285477
[2022-10-19 23:36:54] PRINT Train Epoch: 8 [6400/60000 (11%)]	Loss: 192.132080
[2022-10-19 23:36:54] PRINT Train Epoch: 8 [7680/60000 (13%)]	Loss: 190.038467
[2022-10-19 23:36:54] PRINT Train Epoch: 8 [8960/60000 (15%)]	Loss: 185.285110
[2022-10-19 23:36:54] PRINT Train Epoch: 8 [10240/60000 (17%)]	Loss: 192.905930
[2022-10-19 23:36:54] PRINT Train Epoch: 8 [11520/60000 (19%)]	Loss: 193.054565
[2022-10-19 23:36:54] PRINT Train Epoch: 8 [12800/60000 (21%)]	Loss: 196.296616
[2022-10-19 23:36:54] PRINT Train Epoch: 8 [14080/60000 (23%)]	Loss: 186.728912
[2022-10-19 23:36:54] PRINT Train Epoch: 8 [15360/60000 (26%)]	Loss: 191.997818
[2022-10-19 23:36:55] PRINT Train Epoch: 8 [16640/60000 (28%)]	Loss: 198.172165
[2022-10-19 23:36:55] PRINT Train Epoch: 8 [17920/60000 (30%)]	Loss: 191.031784
[2022-10-19 23:36:55] PRINT Train Epoch: 8 [19200/60000 (32%)]	Loss: 190.051971
[2022-10-19 23:36:55] PRINT Train Epoch: 8 [20480/60000 (34%)]	Loss: 198.857819
[2022-10-19 23:36:55] PRINT Train Epoch: 8 [21760/60000 (36%)]	Loss: 188.114151
[2022-10-19 23:36:55] PRINT Train Epoch: 8 [23040/60000 (38%)]	Loss: 196.481949
[2022-10-19 23:36:55] PRINT Train Epoch: 8 [24320/60000 (41%)]	Loss: 202.036987
[2022-10-19 23:36:55] PRINT Train Epoch: 8 [25600/60000 (43%)]	Loss: 196.188385
[2022-10-19 23:36:55] PRINT Train Epoch: 8 [26880/60000 (45%)]	Loss: 189.116791
[2022-10-19 23:36:56] PRINT Train Epoch: 8 [28160/60000 (47%)]	Loss: 189.421967
[2022-10-19 23:36:56] PRINT Train Epoch: 8 [29440/60000 (49%)]	Loss: 189.182236
[2022-10-19 23:36:56] PRINT Train Epoch: 8 [30720/60000 (51%)]	Loss: 194.927628
[2022-10-19 23:36:56] PRINT Train Epoch: 8 [32000/60000 (53%)]	Loss: 192.566849
[2022-10-19 23:36:56] PRINT Train Epoch: 8 [33280/60000 (55%)]	Loss: 188.670776
[2022-10-19 23:36:56] PRINT Train Epoch: 8 [34560/60000 (58%)]	Loss: 198.013031
[2022-10-19 23:36:56] PRINT Train Epoch: 8 [35840/60000 (60%)]	Loss: 196.395554
[2022-10-19 23:36:56] PRINT Train Epoch: 8 [37120/60000 (62%)]	Loss: 195.369141
[2022-10-19 23:36:56] PRINT Train Epoch: 8 [38400/60000 (64%)]	Loss: 192.561478
[2022-10-19 23:36:56] PRINT Train Epoch: 8 [39680/60000 (66%)]	Loss: 189.811005
[2022-10-19 23:36:57] PRINT Train Epoch: 8 [40960/60000 (68%)]	Loss: 204.453323
[2022-10-19 23:36:57] PRINT Train Epoch: 8 [42240/60000 (70%)]	Loss: 192.755081
[2022-10-19 23:36:57] PRINT Train Epoch: 8 [43520/60000 (72%)]	Loss: 186.154663
[2022-10-19 23:36:57] PRINT Train Epoch: 8 [44800/60000 (75%)]	Loss: 190.958939
[2022-10-19 23:36:57] PRINT Train Epoch: 8 [46080/60000 (77%)]	Loss: 189.071320
[2022-10-19 23:36:57] PRINT Train Epoch: 8 [47360/60000 (79%)]	Loss: 192.514694
[2022-10-19 23:36:57] PRINT Train Epoch: 8 [48640/60000 (81%)]	Loss: 194.608704
[2022-10-19 23:36:57] PRINT Train Epoch: 8 [49920/60000 (83%)]	Loss: 188.767181
[2022-10-19 23:36:57] PRINT Train Epoch: 8 [51200/60000 (85%)]	Loss: 195.717194
[2022-10-19 23:36:57] PRINT Train Epoch: 8 [52480/60000 (87%)]	Loss: 193.026398
[2022-10-19 23:36:58] PRINT Train Epoch: 8 [53760/60000 (90%)]	Loss: 196.068771
[2022-10-19 23:36:58] PRINT Train Epoch: 8 [55040/60000 (92%)]	Loss: 201.930923
[2022-10-19 23:36:58] PRINT Train Epoch: 8 [56320/60000 (94%)]	Loss: 198.870422
[2022-10-19 23:36:58] PRINT Train Epoch: 8 [57600/60000 (96%)]	Loss: 183.952316
[2022-10-19 23:36:58] PRINT Train Epoch: 8 [58880/60000 (98%)]	Loss: 187.074768
[2022-10-19 23:36:58] PRINT ====> Epoch: 8 Average loss: 192.5991
[2022-10-19 23:36:59] PRINT ====> Test set loss: 191.4185
[2022-10-19 23:36:59] PRINT Train Epoch: 9 [0/60000 (0%)]	Loss: 193.082581
[2022-10-19 23:36:59] PRINT Train Epoch: 9 [1280/60000 (2%)]	Loss: 196.223572
[2022-10-19 23:36:59] PRINT Train Epoch: 9 [2560/60000 (4%)]	Loss: 190.130753
[2022-10-19 23:36:59] PRINT Train Epoch: 9 [3840/60000 (6%)]	Loss: 195.522858
[2022-10-19 23:36:59] PRINT Train Epoch: 9 [5120/60000 (9%)]	Loss: 191.468460
[2022-10-19 23:36:59] PRINT Train Epoch: 9 [6400/60000 (11%)]	Loss: 196.235260
[2022-10-19 23:37:00] PRINT Train Epoch: 9 [7680/60000 (13%)]	Loss: 191.716812
[2022-10-19 23:37:00] PRINT Train Epoch: 9 [8960/60000 (15%)]	Loss: 189.541641
[2022-10-19 23:37:00] PRINT Train Epoch: 9 [10240/60000 (17%)]	Loss: 193.502853
[2022-10-19 23:37:00] PRINT Train Epoch: 9 [11520/60000 (19%)]	Loss: 192.111374
[2022-10-19 23:37:00] PRINT Train Epoch: 9 [12800/60000 (21%)]	Loss: 191.819290
[2022-10-19 23:37:00] PRINT Train Epoch: 9 [14080/60000 (23%)]	Loss: 200.712753
[2022-10-19 23:37:00] PRINT Train Epoch: 9 [15360/60000 (26%)]	Loss: 192.975220
[2022-10-19 23:37:00] PRINT Train Epoch: 9 [16640/60000 (28%)]	Loss: 186.860077
[2022-10-19 23:37:00] PRINT Train Epoch: 9 [17920/60000 (30%)]	Loss: 188.403961
[2022-10-19 23:37:01] PRINT Train Epoch: 9 [19200/60000 (32%)]	Loss: 186.089096
[2022-10-19 23:37:01] PRINT Train Epoch: 9 [20480/60000 (34%)]	Loss: 184.774292
[2022-10-19 23:37:01] PRINT Train Epoch: 9 [21760/60000 (36%)]	Loss: 190.277756
[2022-10-19 23:37:01] PRINT Train Epoch: 9 [23040/60000 (38%)]	Loss: 198.218292
[2022-10-19 23:37:01] PRINT Train Epoch: 9 [24320/60000 (41%)]	Loss: 204.670090
[2022-10-19 23:37:01] PRINT Train Epoch: 9 [25600/60000 (43%)]	Loss: 195.467407
[2022-10-19 23:37:01] PRINT Train Epoch: 9 [26880/60000 (45%)]	Loss: 186.862030
[2022-10-19 23:37:01] PRINT Train Epoch: 9 [28160/60000 (47%)]	Loss: 203.012314
[2022-10-19 23:37:01] PRINT Train Epoch: 9 [29440/60000 (49%)]	Loss: 188.071304
[2022-10-19 23:37:01] PRINT Train Epoch: 9 [30720/60000 (51%)]	Loss: 188.375092
[2022-10-19 23:37:02] PRINT Train Epoch: 9 [32000/60000 (53%)]	Loss: 181.704742
[2022-10-19 23:37:02] PRINT Train Epoch: 9 [33280/60000 (55%)]	Loss: 198.113419
[2022-10-19 23:37:02] PRINT Train Epoch: 9 [34560/60000 (58%)]	Loss: 191.905563
[2022-10-19 23:37:02] PRINT Train Epoch: 9 [35840/60000 (60%)]	Loss: 196.973450
[2022-10-19 23:37:02] PRINT Train Epoch: 9 [37120/60000 (62%)]	Loss: 197.851517
[2022-10-19 23:37:02] PRINT Train Epoch: 9 [38400/60000 (64%)]	Loss: 196.394653
[2022-10-19 23:37:02] PRINT Train Epoch: 9 [39680/60000 (66%)]	Loss: 190.689499
[2022-10-19 23:37:02] PRINT Train Epoch: 9 [40960/60000 (68%)]	Loss: 189.299316
[2022-10-19 23:37:02] PRINT Train Epoch: 9 [42240/60000 (70%)]	Loss: 186.764221
[2022-10-19 23:37:02] PRINT Train Epoch: 9 [43520/60000 (72%)]	Loss: 192.083237
[2022-10-19 23:37:03] PRINT Train Epoch: 9 [44800/60000 (75%)]	Loss: 197.911667
[2022-10-19 23:37:03] PRINT Train Epoch: 9 [46080/60000 (77%)]	Loss: 198.218552
[2022-10-19 23:37:03] PRINT Train Epoch: 9 [47360/60000 (79%)]	Loss: 192.377319
[2022-10-19 23:37:03] PRINT Train Epoch: 9 [48640/60000 (81%)]	Loss: 192.946060
[2022-10-19 23:37:03] PRINT Train Epoch: 9 [49920/60000 (83%)]	Loss: 189.841904
[2022-10-19 23:37:03] PRINT Train Epoch: 9 [51200/60000 (85%)]	Loss: 192.656204
[2022-10-19 23:37:03] PRINT Train Epoch: 9 [52480/60000 (87%)]	Loss: 190.151077
[2022-10-19 23:37:03] PRINT Train Epoch: 9 [53760/60000 (90%)]	Loss: 197.624939
[2022-10-19 23:37:03] PRINT Train Epoch: 9 [55040/60000 (92%)]	Loss: 198.319580
[2022-10-19 23:37:03] PRINT Train Epoch: 9 [56320/60000 (94%)]	Loss: 198.010986
[2022-10-19 23:37:04] PRINT Train Epoch: 9 [57600/60000 (96%)]	Loss: 190.550903
[2022-10-19 23:37:04] PRINT Train Epoch: 9 [58880/60000 (98%)]	Loss: 191.085831
[2022-10-19 23:37:04] PRINT ====> Epoch: 9 Average loss: 192.3608
[2022-10-19 23:37:05] PRINT ====> Test set loss: 191.0798
[2022-10-19 23:37:05] PRINT Train Epoch: 10 [0/60000 (0%)]	Loss: 190.178452
[2022-10-19 23:37:05] PRINT Train Epoch: 10 [1280/60000 (2%)]	Loss: 201.630493
[2022-10-19 23:37:05] PRINT Train Epoch: 10 [2560/60000 (4%)]	Loss: 188.072556
[2022-10-19 23:37:05] PRINT Train Epoch: 10 [3840/60000 (6%)]	Loss: 192.620850
[2022-10-19 23:37:05] PRINT Train Epoch: 10 [5120/60000 (9%)]	Loss: 198.593948
[2022-10-19 23:37:05] PRINT Train Epoch: 10 [6400/60000 (11%)]	Loss: 185.903900
[2022-10-19 23:37:05] PRINT Train Epoch: 10 [7680/60000 (13%)]	Loss: 192.944946
[2022-10-19 23:37:05] PRINT Train Epoch: 10 [8960/60000 (15%)]	Loss: 185.887238
[2022-10-19 23:37:06] PRINT Train Epoch: 10 [10240/60000 (17%)]	Loss: 194.490723
[2022-10-19 23:37:06] PRINT Train Epoch: 10 [11520/60000 (19%)]	Loss: 184.341385
[2022-10-19 23:37:06] PRINT Train Epoch: 10 [12800/60000 (21%)]	Loss: 184.987534
[2022-10-19 23:37:06] PRINT Train Epoch: 10 [14080/60000 (23%)]	Loss: 187.113663
[2022-10-19 23:37:06] PRINT Train Epoch: 10 [15360/60000 (26%)]	Loss: 188.006927
[2022-10-19 23:37:06] PRINT Train Epoch: 10 [16640/60000 (28%)]	Loss: 197.601151
[2022-10-19 23:37:06] PRINT Train Epoch: 10 [17920/60000 (30%)]	Loss: 188.715668
[2022-10-19 23:37:06] PRINT Train Epoch: 10 [19200/60000 (32%)]	Loss: 194.991714
[2022-10-19 23:37:06] PRINT Train Epoch: 10 [20480/60000 (34%)]	Loss: 188.872971
[2022-10-19 23:37:06] PRINT Train Epoch: 10 [21760/60000 (36%)]	Loss: 195.763962
[2022-10-19 23:37:07] PRINT Train Epoch: 10 [23040/60000 (38%)]	Loss: 199.109573
[2022-10-19 23:37:07] PRINT Train Epoch: 10 [24320/60000 (41%)]	Loss: 198.078735
[2022-10-19 23:37:07] PRINT Train Epoch: 10 [25600/60000 (43%)]	Loss: 190.554108
[2022-10-19 23:37:07] PRINT Train Epoch: 10 [26880/60000 (45%)]	Loss: 198.940781
[2022-10-19 23:37:07] PRINT Train Epoch: 10 [28160/60000 (47%)]	Loss: 195.231140
[2022-10-19 23:37:07] PRINT Train Epoch: 10 [29440/60000 (49%)]	Loss: 185.739655
[2022-10-19 23:37:07] PRINT Train Epoch: 10 [30720/60000 (51%)]	Loss: 193.168762
[2022-10-19 23:37:07] PRINT Train Epoch: 10 [32000/60000 (53%)]	Loss: 192.343994
[2022-10-19 23:37:07] PRINT Train Epoch: 10 [33280/60000 (55%)]	Loss: 191.156342
[2022-10-19 23:37:08] PRINT Train Epoch: 10 [34560/60000 (58%)]	Loss: 193.941269
[2022-10-19 23:37:08] PRINT Train Epoch: 10 [35840/60000 (60%)]	Loss: 188.497879
[2022-10-19 23:37:08] PRINT Train Epoch: 10 [37120/60000 (62%)]	Loss: 189.658112
[2022-10-19 23:37:08] PRINT Train Epoch: 10 [38400/60000 (64%)]	Loss: 194.064941
[2022-10-19 23:37:08] PRINT Train Epoch: 10 [39680/60000 (66%)]	Loss: 195.436142
[2022-10-19 23:37:08] PRINT Train Epoch: 10 [40960/60000 (68%)]	Loss: 194.413879
[2022-10-19 23:37:08] PRINT Train Epoch: 10 [42240/60000 (70%)]	Loss: 192.549408
[2022-10-19 23:37:08] PRINT Train Epoch: 10 [43520/60000 (72%)]	Loss: 196.736343
[2022-10-19 23:37:08] PRINT Train Epoch: 10 [44800/60000 (75%)]	Loss: 196.192383
[2022-10-19 23:37:08] PRINT Train Epoch: 10 [46080/60000 (77%)]	Loss: 205.970459
[2022-10-19 23:37:09] PRINT Train Epoch: 10 [47360/60000 (79%)]	Loss: 190.569168
[2022-10-19 23:37:09] PRINT Train Epoch: 10 [48640/60000 (81%)]	Loss: 191.264328
[2022-10-19 23:37:09] PRINT Train Epoch: 10 [49920/60000 (83%)]	Loss: 190.313400
[2022-10-19 23:37:09] PRINT Train Epoch: 10 [51200/60000 (85%)]	Loss: 194.720444
[2022-10-19 23:37:09] PRINT Train Epoch: 10 [52480/60000 (87%)]	Loss: 195.959381
[2022-10-19 23:37:09] PRINT Train Epoch: 10 [53760/60000 (90%)]	Loss: 197.148254
[2022-10-19 23:37:09] PRINT Train Epoch: 10 [55040/60000 (92%)]	Loss: 198.854248
[2022-10-19 23:37:09] PRINT Train Epoch: 10 [56320/60000 (94%)]	Loss: 189.923843
[2022-10-19 23:37:09] PRINT Train Epoch: 10 [57600/60000 (96%)]	Loss: 184.691132
[2022-10-19 23:37:09] PRINT Train Epoch: 10 [58880/60000 (98%)]	Loss: 188.322296
[2022-10-19 23:37:10] PRINT ====> Epoch: 10 Average loss: 192.2070
[2022-10-19 23:37:10] PRINT ====> Test set loss: 190.3900
