[2022-10-20 01:15:49] PRINT {'features1': 600, 'features2': 20, 'lr': 0.0002445162414938319, 'epsilon': 1e-07, 'TRIAL_BUDGET': 2}
[2022-10-20 01:15:49] PRINT Using cuda device
[2022-10-20 01:15:51] PRINT Train Epoch: 1 [0/60000 (0%)]	Loss: 546.558472
[2022-10-20 01:15:51] PRINT Train Epoch: 1 [1280/60000 (2%)]	Loss: 449.188843
[2022-10-20 01:15:51] PRINT Train Epoch: 1 [2560/60000 (4%)]	Loss: 336.561218
[2022-10-20 01:15:51] PRINT Train Epoch: 1 [3840/60000 (6%)]	Loss: 285.716766
[2022-10-20 01:15:51] PRINT Train Epoch: 1 [5120/60000 (9%)]	Loss: 246.187500
[2022-10-20 01:15:51] PRINT Train Epoch: 1 [6400/60000 (11%)]	Loss: 235.388657
[2022-10-20 01:15:51] PRINT Train Epoch: 1 [7680/60000 (13%)]	Loss: 236.438049
[2022-10-20 01:15:51] PRINT Train Epoch: 1 [8960/60000 (15%)]	Loss: 227.167313
[2022-10-20 01:15:51] PRINT Train Epoch: 1 [10240/60000 (17%)]	Loss: 223.041214
[2022-10-20 01:15:51] PRINT Train Epoch: 1 [11520/60000 (19%)]	Loss: 216.543823
[2022-10-20 01:15:51] PRINT Train Epoch: 1 [12800/60000 (21%)]	Loss: 210.784256
[2022-10-20 01:15:52] PRINT Train Epoch: 1 [14080/60000 (23%)]	Loss: 220.888107
[2022-10-20 01:15:52] PRINT Train Epoch: 1 [15360/60000 (26%)]	Loss: 217.326172
[2022-10-20 01:15:52] PRINT Train Epoch: 1 [16640/60000 (28%)]	Loss: 217.818176
[2022-10-20 01:15:52] PRINT Train Epoch: 1 [17920/60000 (30%)]	Loss: 209.375305
[2022-10-20 01:15:52] PRINT Train Epoch: 1 [19200/60000 (32%)]	Loss: 202.372742
[2022-10-20 01:15:52] PRINT Train Epoch: 1 [20480/60000 (34%)]	Loss: 201.979813
[2022-10-20 01:15:52] PRINT Train Epoch: 1 [21760/60000 (36%)]	Loss: 202.766388
[2022-10-20 01:15:52] PRINT Train Epoch: 1 [23040/60000 (38%)]	Loss: 195.581055
[2022-10-20 01:15:52] PRINT Train Epoch: 1 [24320/60000 (41%)]	Loss: 191.037796
[2022-10-20 01:15:52] PRINT Train Epoch: 1 [25600/60000 (43%)]	Loss: 190.101471
[2022-10-20 01:15:52] PRINT Train Epoch: 1 [26880/60000 (45%)]	Loss: 187.709244
[2022-10-20 01:15:52] PRINT Train Epoch: 1 [28160/60000 (47%)]	Loss: 184.454102
[2022-10-20 01:15:52] PRINT Train Epoch: 1 [29440/60000 (49%)]	Loss: 182.076141
[2022-10-20 01:15:53] PRINT Train Epoch: 1 [30720/60000 (51%)]	Loss: 177.040802
[2022-10-20 01:15:53] PRINT Train Epoch: 1 [32000/60000 (53%)]	Loss: 182.075775
[2022-10-20 01:15:53] PRINT Train Epoch: 1 [33280/60000 (55%)]	Loss: 179.406250
[2022-10-20 01:15:53] PRINT Train Epoch: 1 [34560/60000 (58%)]	Loss: 170.727951
[2022-10-20 01:15:53] PRINT Train Epoch: 1 [35840/60000 (60%)]	Loss: 172.916061
[2022-10-20 01:15:53] PRINT Train Epoch: 1 [37120/60000 (62%)]	Loss: 171.497314
[2022-10-20 01:15:53] PRINT Train Epoch: 1 [38400/60000 (64%)]	Loss: 164.107361
[2022-10-20 01:15:53] PRINT Train Epoch: 1 [39680/60000 (66%)]	Loss: 163.249893
[2022-10-20 01:15:53] PRINT Train Epoch: 1 [40960/60000 (68%)]	Loss: 164.800812
[2022-10-20 01:15:53] PRINT Train Epoch: 1 [42240/60000 (70%)]	Loss: 166.488007
[2022-10-20 01:15:53] PRINT Train Epoch: 1 [43520/60000 (72%)]	Loss: 166.398117
[2022-10-20 01:15:53] PRINT Train Epoch: 1 [44800/60000 (75%)]	Loss: 159.726929
[2022-10-20 01:15:54] PRINT Train Epoch: 1 [46080/60000 (77%)]	Loss: 165.668091
[2022-10-20 01:15:54] PRINT Train Epoch: 1 [47360/60000 (79%)]	Loss: 156.777740
[2022-10-20 01:15:54] PRINT Train Epoch: 1 [48640/60000 (81%)]	Loss: 158.692627
[2022-10-20 01:15:54] PRINT Train Epoch: 1 [49920/60000 (83%)]	Loss: 156.825089
[2022-10-20 01:15:54] PRINT Train Epoch: 1 [51200/60000 (85%)]	Loss: 159.249756
[2022-10-20 01:15:54] PRINT Train Epoch: 1 [52480/60000 (87%)]	Loss: 156.734695
[2022-10-20 01:15:54] PRINT Train Epoch: 1 [53760/60000 (90%)]	Loss: 154.452209
[2022-10-20 01:15:54] PRINT Train Epoch: 1 [55040/60000 (92%)]	Loss: 158.590225
[2022-10-20 01:15:54] PRINT Train Epoch: 1 [56320/60000 (94%)]	Loss: 151.440384
[2022-10-20 01:15:54] PRINT Train Epoch: 1 [57600/60000 (96%)]	Loss: 154.426270
[2022-10-20 01:15:54] PRINT Train Epoch: 1 [58880/60000 (98%)]	Loss: 157.453964
[2022-10-20 01:15:54] PRINT ====> Epoch: 1 Average loss: 200.3254
[2022-10-20 01:15:55] PRINT ====> Test set loss: 152.2915
[2022-10-20 01:15:55] PRINT Train Epoch: 2 [0/60000 (0%)]	Loss: 161.204498
[2022-10-20 01:15:55] PRINT Train Epoch: 2 [1280/60000 (2%)]	Loss: 147.743271
[2022-10-20 01:15:55] PRINT Train Epoch: 2 [2560/60000 (4%)]	Loss: 160.786804
[2022-10-20 01:15:55] PRINT Train Epoch: 2 [3840/60000 (6%)]	Loss: 147.579880
[2022-10-20 01:15:56] PRINT Train Epoch: 2 [5120/60000 (9%)]	Loss: 147.952469
[2022-10-20 01:15:56] PRINT Train Epoch: 2 [6400/60000 (11%)]	Loss: 150.403137
[2022-10-20 01:15:56] PRINT Train Epoch: 2 [7680/60000 (13%)]	Loss: 146.125549
[2022-10-20 01:15:56] PRINT Train Epoch: 2 [8960/60000 (15%)]	Loss: 146.266205
[2022-10-20 01:15:56] PRINT Train Epoch: 2 [10240/60000 (17%)]	Loss: 147.750244
[2022-10-20 01:15:56] PRINT Train Epoch: 2 [11520/60000 (19%)]	Loss: 148.577332
[2022-10-20 01:15:56] PRINT Train Epoch: 2 [12800/60000 (21%)]	Loss: 136.651413
[2022-10-20 01:15:56] PRINT Train Epoch: 2 [14080/60000 (23%)]	Loss: 141.379028
[2022-10-20 01:15:56] PRINT Train Epoch: 2 [15360/60000 (26%)]	Loss: 149.489502
[2022-10-20 01:15:56] PRINT Train Epoch: 2 [16640/60000 (28%)]	Loss: 141.795044
[2022-10-20 01:15:56] PRINT Train Epoch: 2 [17920/60000 (30%)]	Loss: 143.415329
[2022-10-20 01:15:57] PRINT Train Epoch: 2 [19200/60000 (32%)]	Loss: 146.920761
[2022-10-20 01:15:57] PRINT Train Epoch: 2 [20480/60000 (34%)]	Loss: 142.918793
[2022-10-20 01:15:57] PRINT Train Epoch: 2 [21760/60000 (36%)]	Loss: 135.571320
[2022-10-20 01:15:57] PRINT Train Epoch: 2 [23040/60000 (38%)]	Loss: 145.654785
[2022-10-20 01:15:57] PRINT Train Epoch: 2 [24320/60000 (41%)]	Loss: 140.613541
[2022-10-20 01:15:57] PRINT Train Epoch: 2 [25600/60000 (43%)]	Loss: 139.834412
[2022-10-20 01:15:57] PRINT Train Epoch: 2 [26880/60000 (45%)]	Loss: 138.641205
[2022-10-20 01:15:57] PRINT Train Epoch: 2 [28160/60000 (47%)]	Loss: 140.554855
[2022-10-20 01:15:57] PRINT Train Epoch: 2 [29440/60000 (49%)]	Loss: 142.718964
[2022-10-20 01:15:57] PRINT Train Epoch: 2 [30720/60000 (51%)]	Loss: 137.376755
[2022-10-20 01:15:57] PRINT Train Epoch: 2 [32000/60000 (53%)]	Loss: 142.351730
[2022-10-20 01:15:57] PRINT Train Epoch: 2 [33280/60000 (55%)]	Loss: 142.913864
[2022-10-20 01:15:58] PRINT Train Epoch: 2 [34560/60000 (58%)]	Loss: 145.606674
[2022-10-20 01:15:58] PRINT Train Epoch: 2 [35840/60000 (60%)]	Loss: 141.169281
[2022-10-20 01:15:58] PRINT Train Epoch: 2 [37120/60000 (62%)]	Loss: 137.277100
[2022-10-20 01:15:58] PRINT Train Epoch: 2 [38400/60000 (64%)]	Loss: 135.383286
[2022-10-20 01:15:58] PRINT Train Epoch: 2 [39680/60000 (66%)]	Loss: 131.015198
[2022-10-20 01:15:58] PRINT Train Epoch: 2 [40960/60000 (68%)]	Loss: 138.998764
[2022-10-20 01:15:58] PRINT Train Epoch: 2 [42240/60000 (70%)]	Loss: 135.973831
[2022-10-20 01:15:58] PRINT Train Epoch: 2 [43520/60000 (72%)]	Loss: 135.321243
[2022-10-20 01:15:58] PRINT Train Epoch: 2 [44800/60000 (75%)]	Loss: 138.837830
[2022-10-20 01:15:58] PRINT Train Epoch: 2 [46080/60000 (77%)]	Loss: 132.786469
[2022-10-20 01:15:58] PRINT Train Epoch: 2 [47360/60000 (79%)]	Loss: 133.507477
[2022-10-20 01:15:59] PRINT Train Epoch: 2 [48640/60000 (81%)]	Loss: 138.051468
[2022-10-20 01:15:59] PRINT Train Epoch: 2 [49920/60000 (83%)]	Loss: 135.087326
[2022-10-20 01:15:59] PRINT Train Epoch: 2 [51200/60000 (85%)]	Loss: 136.599411
[2022-10-20 01:15:59] PRINT Train Epoch: 2 [52480/60000 (87%)]	Loss: 134.869812
[2022-10-20 01:15:59] PRINT Train Epoch: 2 [53760/60000 (90%)]	Loss: 136.719666
[2022-10-20 01:15:59] PRINT Train Epoch: 2 [55040/60000 (92%)]	Loss: 131.170898
[2022-10-20 01:15:59] PRINT Train Epoch: 2 [56320/60000 (94%)]	Loss: 132.381531
[2022-10-20 01:15:59] PRINT Train Epoch: 2 [57600/60000 (96%)]	Loss: 128.682205
[2022-10-20 01:15:59] PRINT Train Epoch: 2 [58880/60000 (98%)]	Loss: 129.724564
[2022-10-20 01:15:59] PRINT ====> Epoch: 2 Average loss: 140.7459
[2022-10-20 01:16:00] PRINT ====> Test set loss: 130.7099
[2022-10-20 01:16:00] PRINT Train Epoch: 3 [0/60000 (0%)]	Loss: 130.093643
[2022-10-20 01:16:00] PRINT Train Epoch: 3 [1280/60000 (2%)]	Loss: 132.637970
[2022-10-20 01:16:00] PRINT Train Epoch: 3 [2560/60000 (4%)]	Loss: 137.266876
[2022-10-20 01:16:00] PRINT Train Epoch: 3 [3840/60000 (6%)]	Loss: 130.818939
[2022-10-20 01:16:00] PRINT Train Epoch: 3 [5120/60000 (9%)]	Loss: 131.122437
[2022-10-20 01:16:01] PRINT Train Epoch: 3 [6400/60000 (11%)]	Loss: 132.402328
[2022-10-20 01:16:01] PRINT Train Epoch: 3 [7680/60000 (13%)]	Loss: 135.767715
[2022-10-20 01:16:01] PRINT Train Epoch: 3 [8960/60000 (15%)]	Loss: 127.373550
[2022-10-20 01:16:01] PRINT Train Epoch: 3 [10240/60000 (17%)]	Loss: 135.658340
[2022-10-20 01:16:01] PRINT Train Epoch: 3 [11520/60000 (19%)]	Loss: 126.437744
[2022-10-20 01:16:01] PRINT Train Epoch: 3 [12800/60000 (21%)]	Loss: 130.266907
[2022-10-20 01:16:01] PRINT Train Epoch: 3 [14080/60000 (23%)]	Loss: 126.894348
[2022-10-20 01:16:01] PRINT Train Epoch: 3 [15360/60000 (26%)]	Loss: 131.239365
[2022-10-20 01:16:01] PRINT Train Epoch: 3 [16640/60000 (28%)]	Loss: 130.596985
[2022-10-20 01:16:01] PRINT Train Epoch: 3 [17920/60000 (30%)]	Loss: 118.561035
[2022-10-20 01:16:01] PRINT Train Epoch: 3 [19200/60000 (32%)]	Loss: 127.464371
[2022-10-20 01:16:02] PRINT Train Epoch: 3 [20480/60000 (34%)]	Loss: 126.905479
[2022-10-20 01:16:02] PRINT Train Epoch: 3 [21760/60000 (36%)]	Loss: 130.050491
[2022-10-20 01:16:02] PRINT Train Epoch: 3 [23040/60000 (38%)]	Loss: 127.331573
[2022-10-20 01:16:02] PRINT Train Epoch: 3 [24320/60000 (41%)]	Loss: 130.918640
[2022-10-20 01:16:02] PRINT Train Epoch: 3 [25600/60000 (43%)]	Loss: 128.695923
[2022-10-20 01:16:02] PRINT Train Epoch: 3 [26880/60000 (45%)]	Loss: 127.931282
[2022-10-20 01:16:02] PRINT Train Epoch: 3 [28160/60000 (47%)]	Loss: 120.668747
[2022-10-20 01:16:02] PRINT Train Epoch: 3 [29440/60000 (49%)]	Loss: 128.151596
[2022-10-20 01:16:02] PRINT Train Epoch: 3 [30720/60000 (51%)]	Loss: 128.329254
[2022-10-20 01:16:02] PRINT Train Epoch: 3 [32000/60000 (53%)]	Loss: 123.866806
[2022-10-20 01:16:02] PRINT Train Epoch: 3 [33280/60000 (55%)]	Loss: 127.609299
[2022-10-20 01:16:03] PRINT Train Epoch: 3 [34560/60000 (58%)]	Loss: 131.106735
[2022-10-20 01:16:03] PRINT Train Epoch: 3 [35840/60000 (60%)]	Loss: 118.948380
[2022-10-20 01:16:03] PRINT Train Epoch: 3 [37120/60000 (62%)]	Loss: 123.668060
[2022-10-20 01:16:03] PRINT Train Epoch: 3 [38400/60000 (64%)]	Loss: 127.271423
[2022-10-20 01:16:03] PRINT Train Epoch: 3 [39680/60000 (66%)]	Loss: 125.474411
[2022-10-20 01:16:03] PRINT Train Epoch: 3 [40960/60000 (68%)]	Loss: 123.997353
[2022-10-20 01:16:03] PRINT Train Epoch: 3 [42240/60000 (70%)]	Loss: 125.653732
[2022-10-20 01:16:03] PRINT Train Epoch: 3 [43520/60000 (72%)]	Loss: 121.653885
[2022-10-20 01:16:03] PRINT Train Epoch: 3 [44800/60000 (75%)]	Loss: 121.031509
[2022-10-20 01:16:03] PRINT Train Epoch: 3 [46080/60000 (77%)]	Loss: 128.382233
[2022-10-20 01:16:03] PRINT Train Epoch: 3 [47360/60000 (79%)]	Loss: 125.752609
[2022-10-20 01:16:04] PRINT Train Epoch: 3 [48640/60000 (81%)]	Loss: 124.867981
[2022-10-20 01:16:04] PRINT Train Epoch: 3 [49920/60000 (83%)]	Loss: 119.853233
[2022-10-20 01:16:04] PRINT Train Epoch: 3 [51200/60000 (85%)]	Loss: 126.217148
[2022-10-20 01:16:04] PRINT Train Epoch: 3 [52480/60000 (87%)]	Loss: 125.500793
[2022-10-20 01:16:04] PRINT Train Epoch: 3 [53760/60000 (90%)]	Loss: 122.870499
[2022-10-20 01:16:04] PRINT Train Epoch: 3 [55040/60000 (92%)]	Loss: 128.114761
[2022-10-20 01:16:04] PRINT Train Epoch: 3 [56320/60000 (94%)]	Loss: 124.799278
[2022-10-20 01:16:04] PRINT Train Epoch: 3 [57600/60000 (96%)]	Loss: 122.031364
[2022-10-20 01:16:04] PRINT Train Epoch: 3 [58880/60000 (98%)]	Loss: 119.787575
[2022-10-20 01:16:04] PRINT ====> Epoch: 3 Average loss: 126.9354
[2022-10-20 01:16:05] PRINT ====> Test set loss: 121.7649
[2022-10-20 01:16:05] PRINT Train Epoch: 4 [0/60000 (0%)]	Loss: 120.495804
[2022-10-20 01:16:05] PRINT Train Epoch: 4 [1280/60000 (2%)]	Loss: 123.240074
[2022-10-20 01:16:05] PRINT Train Epoch: 4 [2560/60000 (4%)]	Loss: 124.859901
[2022-10-20 01:16:05] PRINT Train Epoch: 4 [3840/60000 (6%)]	Loss: 124.689095
[2022-10-20 01:16:06] PRINT Train Epoch: 4 [5120/60000 (9%)]	Loss: 123.140701
[2022-10-20 01:16:06] PRINT Train Epoch: 4 [6400/60000 (11%)]	Loss: 120.639580
[2022-10-20 01:16:06] PRINT Train Epoch: 4 [7680/60000 (13%)]	Loss: 126.527084
[2022-10-20 01:16:06] PRINT Train Epoch: 4 [8960/60000 (15%)]	Loss: 117.856827
[2022-10-20 01:16:06] PRINT Train Epoch: 4 [10240/60000 (17%)]	Loss: 122.441887
[2022-10-20 01:16:06] PRINT Train Epoch: 4 [11520/60000 (19%)]	Loss: 118.001556
[2022-10-20 01:16:06] PRINT Train Epoch: 4 [12800/60000 (21%)]	Loss: 126.266899
[2022-10-20 01:16:06] PRINT Train Epoch: 4 [14080/60000 (23%)]	Loss: 117.925529
[2022-10-20 01:16:06] PRINT Train Epoch: 4 [15360/60000 (26%)]	Loss: 124.105156
[2022-10-20 01:16:06] PRINT Train Epoch: 4 [16640/60000 (28%)]	Loss: 118.463058
[2022-10-20 01:16:06] PRINT Train Epoch: 4 [17920/60000 (30%)]	Loss: 118.969841
[2022-10-20 01:16:06] PRINT Train Epoch: 4 [19200/60000 (32%)]	Loss: 121.593811
[2022-10-20 01:16:07] PRINT Train Epoch: 4 [20480/60000 (34%)]	Loss: 118.956238
[2022-10-20 01:16:07] PRINT Train Epoch: 4 [21760/60000 (36%)]	Loss: 122.301125
[2022-10-20 01:16:07] PRINT Train Epoch: 4 [23040/60000 (38%)]	Loss: 115.379898
[2022-10-20 01:16:07] PRINT Train Epoch: 4 [24320/60000 (41%)]	Loss: 124.282028
[2022-10-20 01:16:07] PRINT Train Epoch: 4 [25600/60000 (43%)]	Loss: 122.144493
[2022-10-20 01:16:07] PRINT Train Epoch: 4 [26880/60000 (45%)]	Loss: 117.832352
[2022-10-20 01:16:07] PRINT Train Epoch: 4 [28160/60000 (47%)]	Loss: 119.382233
[2022-10-20 01:16:07] PRINT Train Epoch: 4 [29440/60000 (49%)]	Loss: 119.592361
[2022-10-20 01:16:07] PRINT Train Epoch: 4 [30720/60000 (51%)]	Loss: 118.526016
[2022-10-20 01:16:07] PRINT Train Epoch: 4 [32000/60000 (53%)]	Loss: 121.778046
[2022-10-20 01:16:07] PRINT Train Epoch: 4 [33280/60000 (55%)]	Loss: 120.410339
[2022-10-20 01:16:08] PRINT Train Epoch: 4 [34560/60000 (58%)]	Loss: 116.498856
[2022-10-20 01:16:08] PRINT Train Epoch: 4 [35840/60000 (60%)]	Loss: 118.182678
[2022-10-20 01:16:08] PRINT Train Epoch: 4 [37120/60000 (62%)]	Loss: 118.800957
[2022-10-20 01:16:08] PRINT Train Epoch: 4 [38400/60000 (64%)]	Loss: 120.747360
[2022-10-20 01:16:08] PRINT Train Epoch: 4 [39680/60000 (66%)]	Loss: 120.631363
[2022-10-20 01:16:08] PRINT Train Epoch: 4 [40960/60000 (68%)]	Loss: 120.819504
[2022-10-20 01:16:08] PRINT Train Epoch: 4 [42240/60000 (70%)]	Loss: 116.761337
[2022-10-20 01:16:08] PRINT Train Epoch: 4 [43520/60000 (72%)]	Loss: 117.772545
[2022-10-20 01:16:08] PRINT Train Epoch: 4 [44800/60000 (75%)]	Loss: 118.824127
[2022-10-20 01:16:08] PRINT Train Epoch: 4 [46080/60000 (77%)]	Loss: 122.084869
[2022-10-20 01:16:09] PRINT Train Epoch: 4 [47360/60000 (79%)]	Loss: 118.177879
[2022-10-20 01:16:09] PRINT Train Epoch: 4 [48640/60000 (81%)]	Loss: 117.616974
[2022-10-20 01:16:09] PRINT Train Epoch: 4 [49920/60000 (83%)]	Loss: 122.497162
[2022-10-20 01:16:09] PRINT Train Epoch: 4 [51200/60000 (85%)]	Loss: 120.830627
[2022-10-20 01:16:09] PRINT Train Epoch: 4 [52480/60000 (87%)]	Loss: 124.260780
[2022-10-20 01:16:09] PRINT Train Epoch: 4 [53760/60000 (90%)]	Loss: 121.090393
[2022-10-20 01:16:09] PRINT Train Epoch: 4 [55040/60000 (92%)]	Loss: 123.105110
[2022-10-20 01:16:09] PRINT Train Epoch: 4 [56320/60000 (94%)]	Loss: 116.182983
[2022-10-20 01:16:09] PRINT Train Epoch: 4 [57600/60000 (96%)]	Loss: 115.911758
[2022-10-20 01:16:09] PRINT Train Epoch: 4 [58880/60000 (98%)]	Loss: 117.727577
[2022-10-20 01:16:09] PRINT ====> Epoch: 4 Average loss: 120.3500
[2022-10-20 01:16:10] PRINT ====> Test set loss: 117.2039
[2022-10-20 01:16:10] PRINT Train Epoch: 5 [0/60000 (0%)]	Loss: 116.187424
[2022-10-20 01:16:10] PRINT Train Epoch: 5 [1280/60000 (2%)]	Loss: 117.065994
[2022-10-20 01:16:10] PRINT Train Epoch: 5 [2560/60000 (4%)]	Loss: 121.230179
[2022-10-20 01:16:10] PRINT Train Epoch: 5 [3840/60000 (6%)]	Loss: 116.830879
[2022-10-20 01:16:11] PRINT Train Epoch: 5 [5120/60000 (9%)]	Loss: 121.301933
[2022-10-20 01:16:11] PRINT Train Epoch: 5 [6400/60000 (11%)]	Loss: 118.297821
[2022-10-20 01:16:11] PRINT Train Epoch: 5 [7680/60000 (13%)]	Loss: 119.805244
[2022-10-20 01:16:11] PRINT Train Epoch: 5 [8960/60000 (15%)]	Loss: 119.807465
[2022-10-20 01:16:11] PRINT Train Epoch: 5 [10240/60000 (17%)]	Loss: 117.621750
[2022-10-20 01:16:11] PRINT Train Epoch: 5 [11520/60000 (19%)]	Loss: 116.394043
[2022-10-20 01:16:11] PRINT Train Epoch: 5 [12800/60000 (21%)]	Loss: 110.906456
[2022-10-20 01:16:11] PRINT Train Epoch: 5 [14080/60000 (23%)]	Loss: 121.036720
[2022-10-20 01:16:11] PRINT Train Epoch: 5 [15360/60000 (26%)]	Loss: 115.357704
[2022-10-20 01:16:11] PRINT Train Epoch: 5 [16640/60000 (28%)]	Loss: 115.499893
[2022-10-20 01:16:11] PRINT Train Epoch: 5 [17920/60000 (30%)]	Loss: 115.843651
[2022-10-20 01:16:12] PRINT Train Epoch: 5 [19200/60000 (32%)]	Loss: 119.147964
[2022-10-20 01:16:12] PRINT Train Epoch: 5 [20480/60000 (34%)]	Loss: 114.885460
[2022-10-20 01:16:12] PRINT Train Epoch: 5 [21760/60000 (36%)]	Loss: 119.077888
[2022-10-20 01:16:12] PRINT Train Epoch: 5 [23040/60000 (38%)]	Loss: 118.884621
[2022-10-20 01:16:12] PRINT Train Epoch: 5 [24320/60000 (41%)]	Loss: 118.104126
[2022-10-20 01:16:12] PRINT Train Epoch: 5 [25600/60000 (43%)]	Loss: 115.612778
[2022-10-20 01:16:12] PRINT Train Epoch: 5 [26880/60000 (45%)]	Loss: 117.086212
[2022-10-20 01:16:12] PRINT Train Epoch: 5 [28160/60000 (47%)]	Loss: 116.595551
[2022-10-20 01:16:12] PRINT Train Epoch: 5 [29440/60000 (49%)]	Loss: 116.689423
[2022-10-20 01:16:12] PRINT Train Epoch: 5 [30720/60000 (51%)]	Loss: 114.132874
[2022-10-20 01:16:12] PRINT Train Epoch: 5 [32000/60000 (53%)]	Loss: 118.829483
[2022-10-20 01:16:13] PRINT Train Epoch: 5 [33280/60000 (55%)]	Loss: 119.936249
[2022-10-20 01:16:13] PRINT Train Epoch: 5 [34560/60000 (58%)]	Loss: 114.129211
[2022-10-20 01:16:13] PRINT Train Epoch: 5 [35840/60000 (60%)]	Loss: 117.996338
[2022-10-20 01:16:13] PRINT Train Epoch: 5 [37120/60000 (62%)]	Loss: 112.880112
[2022-10-20 01:16:13] PRINT Train Epoch: 5 [38400/60000 (64%)]	Loss: 115.293060
[2022-10-20 01:16:13] PRINT Train Epoch: 5 [39680/60000 (66%)]	Loss: 111.939224
[2022-10-20 01:16:13] PRINT Train Epoch: 5 [40960/60000 (68%)]	Loss: 119.056007
[2022-10-20 01:16:13] PRINT Train Epoch: 5 [42240/60000 (70%)]	Loss: 117.384125
[2022-10-20 01:16:13] PRINT Train Epoch: 5 [43520/60000 (72%)]	Loss: 113.673904
[2022-10-20 01:16:13] PRINT Train Epoch: 5 [44800/60000 (75%)]	Loss: 115.782715
[2022-10-20 01:16:13] PRINT Train Epoch: 5 [46080/60000 (77%)]	Loss: 114.999588
[2022-10-20 01:16:14] PRINT Train Epoch: 5 [47360/60000 (79%)]	Loss: 117.859085
[2022-10-20 01:16:14] PRINT Train Epoch: 5 [48640/60000 (81%)]	Loss: 113.870552
[2022-10-20 01:16:14] PRINT Train Epoch: 5 [49920/60000 (83%)]	Loss: 118.198547
[2022-10-20 01:16:14] PRINT Train Epoch: 5 [51200/60000 (85%)]	Loss: 117.893494
[2022-10-20 01:16:14] PRINT Train Epoch: 5 [52480/60000 (87%)]	Loss: 112.932220
[2022-10-20 01:16:14] PRINT Train Epoch: 5 [53760/60000 (90%)]	Loss: 116.102531
[2022-10-20 01:16:14] PRINT Train Epoch: 5 [55040/60000 (92%)]	Loss: 116.930222
[2022-10-20 01:16:14] PRINT Train Epoch: 5 [56320/60000 (94%)]	Loss: 115.482765
[2022-10-20 01:16:14] PRINT Train Epoch: 5 [57600/60000 (96%)]	Loss: 114.506668
[2022-10-20 01:16:14] PRINT Train Epoch: 5 [58880/60000 (98%)]	Loss: 119.692902
[2022-10-20 01:16:14] PRINT ====> Epoch: 5 Average loss: 116.8199
[2022-10-20 01:16:15] PRINT ====> Test set loss: 114.5556
[2022-10-20 01:16:15] PRINT Train Epoch: 6 [0/60000 (0%)]	Loss: 115.084373
[2022-10-20 01:16:15] PRINT Train Epoch: 6 [1280/60000 (2%)]	Loss: 113.676331
[2022-10-20 01:16:15] PRINT Train Epoch: 6 [2560/60000 (4%)]	Loss: 119.126602
[2022-10-20 01:16:15] PRINT Train Epoch: 6 [3840/60000 (6%)]	Loss: 114.866623
[2022-10-20 01:16:16] PRINT Train Epoch: 6 [5120/60000 (9%)]	Loss: 115.886246
[2022-10-20 01:16:16] PRINT Train Epoch: 6 [6400/60000 (11%)]	Loss: 116.896057
[2022-10-20 01:16:16] PRINT Train Epoch: 6 [7680/60000 (13%)]	Loss: 116.752487
[2022-10-20 01:16:16] PRINT Train Epoch: 6 [8960/60000 (15%)]	Loss: 115.981041
[2022-10-20 01:16:16] PRINT Train Epoch: 6 [10240/60000 (17%)]	Loss: 114.354637
[2022-10-20 01:16:16] PRINT Train Epoch: 6 [11520/60000 (19%)]	Loss: 114.467995
[2022-10-20 01:16:16] PRINT Train Epoch: 6 [12800/60000 (21%)]	Loss: 114.129478
[2022-10-20 01:16:16] PRINT Train Epoch: 6 [14080/60000 (23%)]	Loss: 112.793861
[2022-10-20 01:16:16] PRINT Train Epoch: 6 [15360/60000 (26%)]	Loss: 116.628281
[2022-10-20 01:16:16] PRINT Train Epoch: 6 [16640/60000 (28%)]	Loss: 111.987373
[2022-10-20 01:16:16] PRINT Train Epoch: 6 [17920/60000 (30%)]	Loss: 118.771782
[2022-10-20 01:16:16] PRINT Train Epoch: 6 [19200/60000 (32%)]	Loss: 116.697563
[2022-10-20 01:16:17] PRINT Train Epoch: 6 [20480/60000 (34%)]	Loss: 112.867775
[2022-10-20 01:16:17] PRINT Train Epoch: 6 [21760/60000 (36%)]	Loss: 115.291000
[2022-10-20 01:16:17] PRINT Train Epoch: 6 [23040/60000 (38%)]	Loss: 111.183670
[2022-10-20 01:16:17] PRINT Train Epoch: 6 [24320/60000 (41%)]	Loss: 112.730392
[2022-10-20 01:16:17] PRINT Train Epoch: 6 [25600/60000 (43%)]	Loss: 114.074104
[2022-10-20 01:16:17] PRINT Train Epoch: 6 [26880/60000 (45%)]	Loss: 112.350601
[2022-10-20 01:16:17] PRINT Train Epoch: 6 [28160/60000 (47%)]	Loss: 115.749077
[2022-10-20 01:16:17] PRINT Train Epoch: 6 [29440/60000 (49%)]	Loss: 118.745758
[2022-10-20 01:16:17] PRINT Train Epoch: 6 [30720/60000 (51%)]	Loss: 113.542709
[2022-10-20 01:16:17] PRINT Train Epoch: 6 [32000/60000 (53%)]	Loss: 113.328758
[2022-10-20 01:16:17] PRINT Train Epoch: 6 [33280/60000 (55%)]	Loss: 114.072128
[2022-10-20 01:16:18] PRINT Train Epoch: 6 [34560/60000 (58%)]	Loss: 111.986069
[2022-10-20 01:16:18] PRINT Train Epoch: 6 [35840/60000 (60%)]	Loss: 109.875237
[2022-10-20 01:16:18] PRINT Train Epoch: 6 [37120/60000 (62%)]	Loss: 114.001434
[2022-10-20 01:16:18] PRINT Train Epoch: 6 [38400/60000 (64%)]	Loss: 116.432709
[2022-10-20 01:16:18] PRINT Train Epoch: 6 [39680/60000 (66%)]	Loss: 112.950768
[2022-10-20 01:16:18] PRINT Train Epoch: 6 [40960/60000 (68%)]	Loss: 116.605743
[2022-10-20 01:16:18] PRINT Train Epoch: 6 [42240/60000 (70%)]	Loss: 111.870216
[2022-10-20 01:16:18] PRINT Train Epoch: 6 [43520/60000 (72%)]	Loss: 112.191513
[2022-10-20 01:16:18] PRINT Train Epoch: 6 [44800/60000 (75%)]	Loss: 116.064377
[2022-10-20 01:16:18] PRINT Train Epoch: 6 [46080/60000 (77%)]	Loss: 112.967285
[2022-10-20 01:16:19] PRINT Train Epoch: 6 [47360/60000 (79%)]	Loss: 120.973648
[2022-10-20 01:16:19] PRINT Train Epoch: 6 [48640/60000 (81%)]	Loss: 114.303459
[2022-10-20 01:16:19] PRINT Train Epoch: 6 [49920/60000 (83%)]	Loss: 111.966911
[2022-10-20 01:16:19] PRINT Train Epoch: 6 [51200/60000 (85%)]	Loss: 112.896301
[2022-10-20 01:16:19] PRINT Train Epoch: 6 [52480/60000 (87%)]	Loss: 113.847321
[2022-10-20 01:16:19] PRINT Train Epoch: 6 [53760/60000 (90%)]	Loss: 115.075890
[2022-10-20 01:16:19] PRINT Train Epoch: 6 [55040/60000 (92%)]	Loss: 111.731400
[2022-10-20 01:16:19] PRINT Train Epoch: 6 [56320/60000 (94%)]	Loss: 112.481995
[2022-10-20 01:16:19] PRINT Train Epoch: 6 [57600/60000 (96%)]	Loss: 113.197922
[2022-10-20 01:16:19] PRINT Train Epoch: 6 [58880/60000 (98%)]	Loss: 113.636246
[2022-10-20 01:16:19] PRINT ====> Epoch: 6 Average loss: 114.5363
[2022-10-20 01:16:20] PRINT ====> Test set loss: 112.6420
[2022-10-20 01:16:20] PRINT Train Epoch: 7 [0/60000 (0%)]	Loss: 112.338631
[2022-10-20 01:16:20] PRINT Train Epoch: 7 [1280/60000 (2%)]	Loss: 117.161995
[2022-10-20 01:16:20] PRINT Train Epoch: 7 [2560/60000 (4%)]	Loss: 113.957901
[2022-10-20 01:16:20] PRINT Train Epoch: 7 [3840/60000 (6%)]	Loss: 114.332062
[2022-10-20 01:16:21] PRINT Train Epoch: 7 [5120/60000 (9%)]	Loss: 110.176193
[2022-10-20 01:16:21] PRINT Train Epoch: 7 [6400/60000 (11%)]	Loss: 117.537354
[2022-10-20 01:16:21] PRINT Train Epoch: 7 [7680/60000 (13%)]	Loss: 110.426819
[2022-10-20 01:16:21] PRINT Train Epoch: 7 [8960/60000 (15%)]	Loss: 113.511749
[2022-10-20 01:16:21] PRINT Train Epoch: 7 [10240/60000 (17%)]	Loss: 117.947647
[2022-10-20 01:16:21] PRINT Train Epoch: 7 [11520/60000 (19%)]	Loss: 109.665573
[2022-10-20 01:16:21] PRINT Train Epoch: 7 [12800/60000 (21%)]	Loss: 110.587532
[2022-10-20 01:16:21] PRINT Train Epoch: 7 [14080/60000 (23%)]	Loss: 111.449753
[2022-10-20 01:16:21] PRINT Train Epoch: 7 [15360/60000 (26%)]	Loss: 113.936737
[2022-10-20 01:16:21] PRINT Train Epoch: 7 [16640/60000 (28%)]	Loss: 112.131569
[2022-10-20 01:16:21] PRINT Train Epoch: 7 [17920/60000 (30%)]	Loss: 111.773087
[2022-10-20 01:16:21] PRINT Train Epoch: 7 [19200/60000 (32%)]	Loss: 113.201141
[2022-10-20 01:16:22] PRINT Train Epoch: 7 [20480/60000 (34%)]	Loss: 115.084999
[2022-10-20 01:16:22] PRINT Train Epoch: 7 [21760/60000 (36%)]	Loss: 114.047150
[2022-10-20 01:16:22] PRINT Train Epoch: 7 [23040/60000 (38%)]	Loss: 112.070015
[2022-10-20 01:16:22] PRINT Train Epoch: 7 [24320/60000 (41%)]	Loss: 111.112366
[2022-10-20 01:16:22] PRINT Train Epoch: 7 [25600/60000 (43%)]	Loss: 116.488258
[2022-10-20 01:16:22] PRINT Train Epoch: 7 [26880/60000 (45%)]	Loss: 114.995155
[2022-10-20 01:16:22] PRINT Train Epoch: 7 [28160/60000 (47%)]	Loss: 112.450638
[2022-10-20 01:16:22] PRINT Train Epoch: 7 [29440/60000 (49%)]	Loss: 110.154297
[2022-10-20 01:16:22] PRINT Train Epoch: 7 [30720/60000 (51%)]	Loss: 113.700180
[2022-10-20 01:16:22] PRINT Train Epoch: 7 [32000/60000 (53%)]	Loss: 108.883499
[2022-10-20 01:16:22] PRINT Train Epoch: 7 [33280/60000 (55%)]	Loss: 110.358810
[2022-10-20 01:16:23] PRINT Train Epoch: 7 [34560/60000 (58%)]	Loss: 116.521088
[2022-10-20 01:16:23] PRINT Train Epoch: 7 [35840/60000 (60%)]	Loss: 114.670189
[2022-10-20 01:16:23] PRINT Train Epoch: 7 [37120/60000 (62%)]	Loss: 114.630394
[2022-10-20 01:16:23] PRINT Train Epoch: 7 [38400/60000 (64%)]	Loss: 112.991455
[2022-10-20 01:16:23] PRINT Train Epoch: 7 [39680/60000 (66%)]	Loss: 111.821899
[2022-10-20 01:16:23] PRINT Train Epoch: 7 [40960/60000 (68%)]	Loss: 113.592651
[2022-10-20 01:16:23] PRINT Train Epoch: 7 [42240/60000 (70%)]	Loss: 113.073135
[2022-10-20 01:16:23] PRINT Train Epoch: 7 [43520/60000 (72%)]	Loss: 112.054115
[2022-10-20 01:16:23] PRINT Train Epoch: 7 [44800/60000 (75%)]	Loss: 110.732903
[2022-10-20 01:16:23] PRINT Train Epoch: 7 [46080/60000 (77%)]	Loss: 114.091690
[2022-10-20 01:16:23] PRINT Train Epoch: 7 [47360/60000 (79%)]	Loss: 112.183289
[2022-10-20 01:16:24] PRINT Train Epoch: 7 [48640/60000 (81%)]	Loss: 110.363213
[2022-10-20 01:16:24] PRINT Train Epoch: 7 [49920/60000 (83%)]	Loss: 112.952408
[2022-10-20 01:16:24] PRINT Train Epoch: 7 [51200/60000 (85%)]	Loss: 112.826340
[2022-10-20 01:16:24] PRINT Train Epoch: 7 [52480/60000 (87%)]	Loss: 112.976547
[2022-10-20 01:16:24] PRINT Train Epoch: 7 [53760/60000 (90%)]	Loss: 105.922844
[2022-10-20 01:16:24] PRINT Train Epoch: 7 [55040/60000 (92%)]	Loss: 112.437439
[2022-10-20 01:16:24] PRINT Train Epoch: 7 [56320/60000 (94%)]	Loss: 114.675949
[2022-10-20 01:16:24] PRINT Train Epoch: 7 [57600/60000 (96%)]	Loss: 116.349106
[2022-10-20 01:16:24] PRINT Train Epoch: 7 [58880/60000 (98%)]	Loss: 105.973770
[2022-10-20 01:16:24] PRINT ====> Epoch: 7 Average loss: 112.8287
[2022-10-20 01:16:25] PRINT ====> Test set loss: 111.2766
[2022-10-20 01:16:25] PRINT Train Epoch: 8 [0/60000 (0%)]	Loss: 113.083679
[2022-10-20 01:16:25] PRINT Train Epoch: 8 [1280/60000 (2%)]	Loss: 109.751846
[2022-10-20 01:16:25] PRINT Train Epoch: 8 [2560/60000 (4%)]	Loss: 111.015045
[2022-10-20 01:16:25] PRINT Train Epoch: 8 [3840/60000 (6%)]	Loss: 109.825592
[2022-10-20 01:16:26] PRINT Train Epoch: 8 [5120/60000 (9%)]	Loss: 112.331314
[2022-10-20 01:16:26] PRINT Train Epoch: 8 [6400/60000 (11%)]	Loss: 116.292923
[2022-10-20 01:16:26] PRINT Train Epoch: 8 [7680/60000 (13%)]	Loss: 112.698196
[2022-10-20 01:16:26] PRINT Train Epoch: 8 [8960/60000 (15%)]	Loss: 118.488571
[2022-10-20 01:16:26] PRINT Train Epoch: 8 [10240/60000 (17%)]	Loss: 109.381714
[2022-10-20 01:16:26] PRINT Train Epoch: 8 [11520/60000 (19%)]	Loss: 109.181808
[2022-10-20 01:16:26] PRINT Train Epoch: 8 [12800/60000 (21%)]	Loss: 110.581970
[2022-10-20 01:16:26] PRINT Train Epoch: 8 [14080/60000 (23%)]	Loss: 114.050034
[2022-10-20 01:16:26] PRINT Train Epoch: 8 [15360/60000 (26%)]	Loss: 110.375900
[2022-10-20 01:16:26] PRINT Train Epoch: 8 [16640/60000 (28%)]	Loss: 110.402817
[2022-10-20 01:16:26] PRINT Train Epoch: 8 [17920/60000 (30%)]	Loss: 109.082336
[2022-10-20 01:16:26] PRINT Train Epoch: 8 [19200/60000 (32%)]	Loss: 114.260254
[2022-10-20 01:16:27] PRINT Train Epoch: 8 [20480/60000 (34%)]	Loss: 108.925797
[2022-10-20 01:16:27] PRINT Train Epoch: 8 [21760/60000 (36%)]	Loss: 111.825027
[2022-10-20 01:16:27] PRINT Train Epoch: 8 [23040/60000 (38%)]	Loss: 111.103783
[2022-10-20 01:16:27] PRINT Train Epoch: 8 [24320/60000 (41%)]	Loss: 114.813202
[2022-10-20 01:16:27] PRINT Train Epoch: 8 [25600/60000 (43%)]	Loss: 113.848244
[2022-10-20 01:16:27] PRINT Train Epoch: 8 [26880/60000 (45%)]	Loss: 113.784370
[2022-10-20 01:16:27] PRINT Train Epoch: 8 [28160/60000 (47%)]	Loss: 107.251938
[2022-10-20 01:16:27] PRINT Train Epoch: 8 [29440/60000 (49%)]	Loss: 117.334122
[2022-10-20 01:16:27] PRINT Train Epoch: 8 [30720/60000 (51%)]	Loss: 110.753540
[2022-10-20 01:16:27] PRINT Train Epoch: 8 [32000/60000 (53%)]	Loss: 108.818077
[2022-10-20 01:16:27] PRINT Train Epoch: 8 [33280/60000 (55%)]	Loss: 108.102280
[2022-10-20 01:16:28] PRINT Train Epoch: 8 [34560/60000 (58%)]	Loss: 113.067955
[2022-10-20 01:16:28] PRINT Train Epoch: 8 [35840/60000 (60%)]	Loss: 110.594879
[2022-10-20 01:16:28] PRINT Train Epoch: 8 [37120/60000 (62%)]	Loss: 112.399673
[2022-10-20 01:16:28] PRINT Train Epoch: 8 [38400/60000 (64%)]	Loss: 113.287560
[2022-10-20 01:16:28] PRINT Train Epoch: 8 [39680/60000 (66%)]	Loss: 109.489426
[2022-10-20 01:16:28] PRINT Train Epoch: 8 [40960/60000 (68%)]	Loss: 111.835548
[2022-10-20 01:16:28] PRINT Train Epoch: 8 [42240/60000 (70%)]	Loss: 110.975761
[2022-10-20 01:16:28] PRINT Train Epoch: 8 [43520/60000 (72%)]	Loss: 110.195129
[2022-10-20 01:16:28] PRINT Train Epoch: 8 [44800/60000 (75%)]	Loss: 115.090813
[2022-10-20 01:16:28] PRINT Train Epoch: 8 [46080/60000 (77%)]	Loss: 112.126755
[2022-10-20 01:16:28] PRINT Train Epoch: 8 [47360/60000 (79%)]	Loss: 110.968781
[2022-10-20 01:16:29] PRINT Train Epoch: 8 [48640/60000 (81%)]	Loss: 107.406876
[2022-10-20 01:16:29] PRINT Train Epoch: 8 [49920/60000 (83%)]	Loss: 109.334854
[2022-10-20 01:16:29] PRINT Train Epoch: 8 [51200/60000 (85%)]	Loss: 110.079330
[2022-10-20 01:16:29] PRINT Train Epoch: 8 [52480/60000 (87%)]	Loss: 108.523788
[2022-10-20 01:16:29] PRINT Train Epoch: 8 [53760/60000 (90%)]	Loss: 114.608521
[2022-10-20 01:16:29] PRINT Train Epoch: 8 [55040/60000 (92%)]	Loss: 112.306747
[2022-10-20 01:16:29] PRINT Train Epoch: 8 [56320/60000 (94%)]	Loss: 111.635468
[2022-10-20 01:16:29] PRINT Train Epoch: 8 [57600/60000 (96%)]	Loss: 110.088577
[2022-10-20 01:16:29] PRINT Train Epoch: 8 [58880/60000 (98%)]	Loss: 110.802521
[2022-10-20 01:16:29] PRINT ====> Epoch: 8 Average loss: 111.5162
[2022-10-20 01:16:30] PRINT ====> Test set loss: 110.1527
[2022-10-20 01:16:30] PRINT Train Epoch: 9 [0/60000 (0%)]	Loss: 107.996216
[2022-10-20 01:16:30] PRINT Train Epoch: 9 [1280/60000 (2%)]	Loss: 111.828995
[2022-10-20 01:16:30] PRINT Train Epoch: 9 [2560/60000 (4%)]	Loss: 109.382668
[2022-10-20 01:16:30] PRINT Train Epoch: 9 [3840/60000 (6%)]	Loss: 113.806679
[2022-10-20 01:16:31] PRINT Train Epoch: 9 [5120/60000 (9%)]	Loss: 106.708130
[2022-10-20 01:16:31] PRINT Train Epoch: 9 [6400/60000 (11%)]	Loss: 109.406883
[2022-10-20 01:16:31] PRINT Train Epoch: 9 [7680/60000 (13%)]	Loss: 114.996567
[2022-10-20 01:16:31] PRINT Train Epoch: 9 [8960/60000 (15%)]	Loss: 112.111038
[2022-10-20 01:16:31] PRINT Train Epoch: 9 [10240/60000 (17%)]	Loss: 111.235573
[2022-10-20 01:16:31] PRINT Train Epoch: 9 [11520/60000 (19%)]	Loss: 110.981544
[2022-10-20 01:16:31] PRINT Train Epoch: 9 [12800/60000 (21%)]	Loss: 107.543190
[2022-10-20 01:16:31] PRINT Train Epoch: 9 [14080/60000 (23%)]	Loss: 109.515709
[2022-10-20 01:16:31] PRINT Train Epoch: 9 [15360/60000 (26%)]	Loss: 109.047157
[2022-10-20 01:16:31] PRINT Train Epoch: 9 [16640/60000 (28%)]	Loss: 112.320114
[2022-10-20 01:16:31] PRINT Train Epoch: 9 [17920/60000 (30%)]	Loss: 110.372658
[2022-10-20 01:16:32] PRINT Train Epoch: 9 [19200/60000 (32%)]	Loss: 112.949280
[2022-10-20 01:16:32] PRINT Train Epoch: 9 [20480/60000 (34%)]	Loss: 109.142166
[2022-10-20 01:16:32] PRINT Train Epoch: 9 [21760/60000 (36%)]	Loss: 114.725067
[2022-10-20 01:16:32] PRINT Train Epoch: 9 [23040/60000 (38%)]	Loss: 111.550529
[2022-10-20 01:16:32] PRINT Train Epoch: 9 [24320/60000 (41%)]	Loss: 114.752838
[2022-10-20 01:16:32] PRINT Train Epoch: 9 [25600/60000 (43%)]	Loss: 110.318764
[2022-10-20 01:16:32] PRINT Train Epoch: 9 [26880/60000 (45%)]	Loss: 107.513550
[2022-10-20 01:16:32] PRINT Train Epoch: 9 [28160/60000 (47%)]	Loss: 110.912048
[2022-10-20 01:16:32] PRINT Train Epoch: 9 [29440/60000 (49%)]	Loss: 108.402878
[2022-10-20 01:16:32] PRINT Train Epoch: 9 [30720/60000 (51%)]	Loss: 111.301941
[2022-10-20 01:16:32] PRINT Train Epoch: 9 [32000/60000 (53%)]	Loss: 109.701492
[2022-10-20 01:16:33] PRINT Train Epoch: 9 [33280/60000 (55%)]	Loss: 108.671211
[2022-10-20 01:16:33] PRINT Train Epoch: 9 [34560/60000 (58%)]	Loss: 111.387962
[2022-10-20 01:16:33] PRINT Train Epoch: 9 [35840/60000 (60%)]	Loss: 109.079117
[2022-10-20 01:16:33] PRINT Train Epoch: 9 [37120/60000 (62%)]	Loss: 110.856812
[2022-10-20 01:16:33] PRINT Train Epoch: 9 [38400/60000 (64%)]	Loss: 109.995010
[2022-10-20 01:16:33] PRINT Train Epoch: 9 [39680/60000 (66%)]	Loss: 113.852211
[2022-10-20 01:16:33] PRINT Train Epoch: 9 [40960/60000 (68%)]	Loss: 114.651939
[2022-10-20 01:16:33] PRINT Train Epoch: 9 [42240/60000 (70%)]	Loss: 112.485023
[2022-10-20 01:16:33] PRINT Train Epoch: 9 [43520/60000 (72%)]	Loss: 110.730179
[2022-10-20 01:16:33] PRINT Train Epoch: 9 [44800/60000 (75%)]	Loss: 110.669556
[2022-10-20 01:16:33] PRINT Train Epoch: 9 [46080/60000 (77%)]	Loss: 107.394325
[2022-10-20 01:16:34] PRINT Train Epoch: 9 [47360/60000 (79%)]	Loss: 112.294533
[2022-10-20 01:16:34] PRINT Train Epoch: 9 [48640/60000 (81%)]	Loss: 110.553192
[2022-10-20 01:16:34] PRINT Train Epoch: 9 [49920/60000 (83%)]	Loss: 111.649399
[2022-10-20 01:16:34] PRINT Train Epoch: 9 [51200/60000 (85%)]	Loss: 108.482544
[2022-10-20 01:16:34] PRINT Train Epoch: 9 [52480/60000 (87%)]	Loss: 110.138000
[2022-10-20 01:16:34] PRINT Train Epoch: 9 [53760/60000 (90%)]	Loss: 108.156471
[2022-10-20 01:16:34] PRINT Train Epoch: 9 [55040/60000 (92%)]	Loss: 112.380630
[2022-10-20 01:16:34] PRINT Train Epoch: 9 [56320/60000 (94%)]	Loss: 108.582619
[2022-10-20 01:16:34] PRINT Train Epoch: 9 [57600/60000 (96%)]	Loss: 109.201340
[2022-10-20 01:16:34] PRINT Train Epoch: 9 [58880/60000 (98%)]	Loss: 113.951141
[2022-10-20 01:16:34] PRINT ====> Epoch: 9 Average loss: 110.4963
[2022-10-20 01:16:35] PRINT ====> Test set loss: 109.2286
[2022-10-20 01:16:35] PRINT Train Epoch: 10 [0/60000 (0%)]	Loss: 103.519821
[2022-10-20 01:16:35] PRINT Train Epoch: 10 [1280/60000 (2%)]	Loss: 109.686508
[2022-10-20 01:16:35] PRINT Train Epoch: 10 [2560/60000 (4%)]	Loss: 111.056946
[2022-10-20 01:16:35] PRINT Train Epoch: 10 [3840/60000 (6%)]	Loss: 103.510109
[2022-10-20 01:16:36] PRINT Train Epoch: 10 [5120/60000 (9%)]	Loss: 111.845261
[2022-10-20 01:16:36] PRINT Train Epoch: 10 [6400/60000 (11%)]	Loss: 109.531540
[2022-10-20 01:16:36] PRINT Train Epoch: 10 [7680/60000 (13%)]	Loss: 112.421646
[2022-10-20 01:16:36] PRINT Train Epoch: 10 [8960/60000 (15%)]	Loss: 107.078423
[2022-10-20 01:16:36] PRINT Train Epoch: 10 [10240/60000 (17%)]	Loss: 108.618690
[2022-10-20 01:16:36] PRINT Train Epoch: 10 [11520/60000 (19%)]	Loss: 113.447464
[2022-10-20 01:16:36] PRINT Train Epoch: 10 [12800/60000 (21%)]	Loss: 108.380013
[2022-10-20 01:16:36] PRINT Train Epoch: 10 [14080/60000 (23%)]	Loss: 109.096153
[2022-10-20 01:16:36] PRINT Train Epoch: 10 [15360/60000 (26%)]	Loss: 107.185593
[2022-10-20 01:16:36] PRINT Train Epoch: 10 [16640/60000 (28%)]	Loss: 111.344475
[2022-10-20 01:16:36] PRINT Train Epoch: 10 [17920/60000 (30%)]	Loss: 107.445511
[2022-10-20 01:16:37] PRINT Train Epoch: 10 [19200/60000 (32%)]	Loss: 113.328377
[2022-10-20 01:16:37] PRINT Train Epoch: 10 [20480/60000 (34%)]	Loss: 105.074615
[2022-10-20 01:16:37] PRINT Train Epoch: 10 [21760/60000 (36%)]	Loss: 108.286949
[2022-10-20 01:16:37] PRINT Train Epoch: 10 [23040/60000 (38%)]	Loss: 112.149429
[2022-10-20 01:16:37] PRINT Train Epoch: 10 [24320/60000 (41%)]	Loss: 108.775970
[2022-10-20 01:16:37] PRINT Train Epoch: 10 [25600/60000 (43%)]	Loss: 114.677673
[2022-10-20 01:16:37] PRINT Train Epoch: 10 [26880/60000 (45%)]	Loss: 108.094902
[2022-10-20 01:16:37] PRINT Train Epoch: 10 [28160/60000 (47%)]	Loss: 110.758980
[2022-10-20 01:16:37] PRINT Train Epoch: 10 [29440/60000 (49%)]	Loss: 111.476143
[2022-10-20 01:16:37] PRINT Train Epoch: 10 [30720/60000 (51%)]	Loss: 110.826500
[2022-10-20 01:16:37] PRINT Train Epoch: 10 [32000/60000 (53%)]	Loss: 107.171661
[2022-10-20 01:16:37] PRINT Train Epoch: 10 [33280/60000 (55%)]	Loss: 111.090134
[2022-10-20 01:16:38] PRINT Train Epoch: 10 [34560/60000 (58%)]	Loss: 112.828140
[2022-10-20 01:16:38] PRINT Train Epoch: 10 [35840/60000 (60%)]	Loss: 112.252235
[2022-10-20 01:16:38] PRINT Train Epoch: 10 [37120/60000 (62%)]	Loss: 108.659424
[2022-10-20 01:16:38] PRINT Train Epoch: 10 [38400/60000 (64%)]	Loss: 109.880020
[2022-10-20 01:16:38] PRINT Train Epoch: 10 [39680/60000 (66%)]	Loss: 113.473160
[2022-10-20 01:16:38] PRINT Train Epoch: 10 [40960/60000 (68%)]	Loss: 108.518593
[2022-10-20 01:16:38] PRINT Train Epoch: 10 [42240/60000 (70%)]	Loss: 109.681679
[2022-10-20 01:16:38] PRINT Train Epoch: 10 [43520/60000 (72%)]	Loss: 106.565536
[2022-10-20 01:16:38] PRINT Train Epoch: 10 [44800/60000 (75%)]	Loss: 104.618256
[2022-10-20 01:16:38] PRINT Train Epoch: 10 [46080/60000 (77%)]	Loss: 109.568733
[2022-10-20 01:16:39] PRINT Train Epoch: 10 [47360/60000 (79%)]	Loss: 107.512939
[2022-10-20 01:16:39] PRINT Train Epoch: 10 [48640/60000 (81%)]	Loss: 110.328690
[2022-10-20 01:16:39] PRINT Train Epoch: 10 [49920/60000 (83%)]	Loss: 113.615250
[2022-10-20 01:16:39] PRINT Train Epoch: 10 [51200/60000 (85%)]	Loss: 107.842537
[2022-10-20 01:16:39] PRINT Train Epoch: 10 [52480/60000 (87%)]	Loss: 111.345970
[2022-10-20 01:16:39] PRINT Train Epoch: 10 [53760/60000 (90%)]	Loss: 107.182114
[2022-10-20 01:16:39] PRINT Train Epoch: 10 [55040/60000 (92%)]	Loss: 109.292648
[2022-10-20 01:16:39] PRINT Train Epoch: 10 [56320/60000 (94%)]	Loss: 111.871536
[2022-10-20 01:16:39] PRINT Train Epoch: 10 [57600/60000 (96%)]	Loss: 111.400055
[2022-10-20 01:16:39] PRINT Train Epoch: 10 [58880/60000 (98%)]	Loss: 109.776886
[2022-10-20 01:16:39] PRINT ====> Epoch: 10 Average loss: 109.6588
[2022-10-20 01:16:40] PRINT ====> Test set loss: 108.4918
