[2022-10-20 01:12:34] PRINT {'features1': 300, 'features2': 40, 'lr': 0.01295312856288433, 'epsilon': 1e-07, 'TRIAL_BUDGET': 2}
[2022-10-20 01:12:34] PRINT Using cuda device
[2022-10-20 01:12:36] PRINT Train Epoch: 1 [0/60000 (0%)]	Loss: 550.627625
[2022-10-20 01:12:36] PRINT Train Epoch: 1 [1280/60000 (2%)]	Loss: 223.033844
[2022-10-20 01:12:36] PRINT Train Epoch: 1 [2560/60000 (4%)]	Loss: 211.388443
[2022-10-20 01:12:36] PRINT Train Epoch: 1 [3840/60000 (6%)]	Loss: 206.994995
[2022-10-20 01:12:36] PRINT Train Epoch: 1 [5120/60000 (9%)]	Loss: 206.423813
[2022-10-20 01:12:36] PRINT Train Epoch: 1 [6400/60000 (11%)]	Loss: 202.976639
[2022-10-20 01:12:36] PRINT Train Epoch: 1 [7680/60000 (13%)]	Loss: 200.530167
[2022-10-20 01:12:36] PRINT Train Epoch: 1 [8960/60000 (15%)]	Loss: 197.432419
[2022-10-20 01:12:36] PRINT Train Epoch: 1 [10240/60000 (17%)]	Loss: 191.230515
[2022-10-20 01:12:36] PRINT Train Epoch: 1 [11520/60000 (19%)]	Loss: 187.711136
[2022-10-20 01:12:37] PRINT Train Epoch: 1 [12800/60000 (21%)]	Loss: 191.591324
[2022-10-20 01:12:37] PRINT Train Epoch: 1 [14080/60000 (23%)]	Loss: 175.340286
[2022-10-20 01:12:37] PRINT Train Epoch: 1 [15360/60000 (26%)]	Loss: 173.253998
[2022-10-20 01:12:37] PRINT Train Epoch: 1 [16640/60000 (28%)]	Loss: 176.409805
[2022-10-20 01:12:37] PRINT Train Epoch: 1 [17920/60000 (30%)]	Loss: 161.494247
[2022-10-20 01:12:37] PRINT Train Epoch: 1 [19200/60000 (32%)]	Loss: 152.267593
[2022-10-20 01:12:37] PRINT Train Epoch: 1 [20480/60000 (34%)]	Loss: 157.761337
[2022-10-20 01:12:37] PRINT Train Epoch: 1 [21760/60000 (36%)]	Loss: 156.459976
[2022-10-20 01:12:37] PRINT Train Epoch: 1 [23040/60000 (38%)]	Loss: 158.797714
[2022-10-20 01:12:37] PRINT Train Epoch: 1 [24320/60000 (41%)]	Loss: 152.236053
[2022-10-20 01:12:37] PRINT Train Epoch: 1 [25600/60000 (43%)]	Loss: 156.619263
[2022-10-20 01:12:38] PRINT Train Epoch: 1 [26880/60000 (45%)]	Loss: 142.719116
[2022-10-20 01:12:38] PRINT Train Epoch: 1 [28160/60000 (47%)]	Loss: 137.440674
[2022-10-20 01:12:38] PRINT Train Epoch: 1 [29440/60000 (49%)]	Loss: 152.622269
[2022-10-20 01:12:38] PRINT Train Epoch: 1 [30720/60000 (51%)]	Loss: 144.827744
[2022-10-20 01:12:38] PRINT Train Epoch: 1 [32000/60000 (53%)]	Loss: 138.160675
[2022-10-20 01:12:38] PRINT Train Epoch: 1 [33280/60000 (55%)]	Loss: 139.534973
[2022-10-20 01:12:38] PRINT Train Epoch: 1 [34560/60000 (58%)]	Loss: 142.027756
[2022-10-20 01:12:38] PRINT Train Epoch: 1 [35840/60000 (60%)]	Loss: 127.683624
[2022-10-20 01:12:38] PRINT Train Epoch: 1 [37120/60000 (62%)]	Loss: 143.714600
[2022-10-20 01:12:38] PRINT Train Epoch: 1 [38400/60000 (64%)]	Loss: 139.775192
[2022-10-20 01:12:38] PRINT Train Epoch: 1 [39680/60000 (66%)]	Loss: 136.491272
[2022-10-20 01:12:39] PRINT Train Epoch: 1 [40960/60000 (68%)]	Loss: 145.793625
[2022-10-20 01:12:39] PRINT Train Epoch: 1 [42240/60000 (70%)]	Loss: 133.273041
[2022-10-20 01:12:39] PRINT Train Epoch: 1 [43520/60000 (72%)]	Loss: 138.644012
[2022-10-20 01:12:39] PRINT Train Epoch: 1 [44800/60000 (75%)]	Loss: 136.716232
[2022-10-20 01:12:39] PRINT Train Epoch: 1 [46080/60000 (77%)]	Loss: 142.621613
[2022-10-20 01:12:39] PRINT Train Epoch: 1 [47360/60000 (79%)]	Loss: 134.416092
[2022-10-20 01:12:39] PRINT Train Epoch: 1 [48640/60000 (81%)]	Loss: 134.592529
[2022-10-20 01:12:39] PRINT Train Epoch: 1 [49920/60000 (83%)]	Loss: 137.514191
[2022-10-20 01:12:39] PRINT Train Epoch: 1 [51200/60000 (85%)]	Loss: 133.384659
[2022-10-20 01:12:39] PRINT Train Epoch: 1 [52480/60000 (87%)]	Loss: 138.218399
[2022-10-20 01:12:39] PRINT Train Epoch: 1 [53760/60000 (90%)]	Loss: 133.729279
[2022-10-20 01:12:40] PRINT Train Epoch: 1 [55040/60000 (92%)]	Loss: 136.596451
[2022-10-20 01:12:40] PRINT Train Epoch: 1 [56320/60000 (94%)]	Loss: 133.895935
[2022-10-20 01:12:40] PRINT Train Epoch: 1 [57600/60000 (96%)]	Loss: 130.111404
[2022-10-20 01:12:40] PRINT Train Epoch: 1 [58880/60000 (98%)]	Loss: 132.465958
[2022-10-20 01:12:40] PRINT ====> Epoch: 1 Average loss: 158.2574
[2022-10-20 01:12:41] PRINT ====> Test set loss: 131.7272
[2022-10-20 01:12:41] PRINT Train Epoch: 2 [0/60000 (0%)]	Loss: 130.178970
[2022-10-20 01:12:41] PRINT Train Epoch: 2 [1280/60000 (2%)]	Loss: 131.279510
[2022-10-20 01:12:41] PRINT Train Epoch: 2 [2560/60000 (4%)]	Loss: 134.730042
[2022-10-20 01:12:41] PRINT Train Epoch: 2 [3840/60000 (6%)]	Loss: 130.656204
[2022-10-20 01:12:41] PRINT Train Epoch: 2 [5120/60000 (9%)]	Loss: 128.918137
[2022-10-20 01:12:41] PRINT Train Epoch: 2 [6400/60000 (11%)]	Loss: 128.282379
[2022-10-20 01:12:41] PRINT Train Epoch: 2 [7680/60000 (13%)]	Loss: 128.340042
[2022-10-20 01:12:41] PRINT Train Epoch: 2 [8960/60000 (15%)]	Loss: 123.139343
[2022-10-20 01:12:41] PRINT Train Epoch: 2 [10240/60000 (17%)]	Loss: 127.293404
[2022-10-20 01:12:42] PRINT Train Epoch: 2 [11520/60000 (19%)]	Loss: 130.504852
[2022-10-20 01:12:42] PRINT Train Epoch: 2 [12800/60000 (21%)]	Loss: 129.136368
[2022-10-20 01:12:42] PRINT Train Epoch: 2 [14080/60000 (23%)]	Loss: 134.640793
[2022-10-20 01:12:42] PRINT Train Epoch: 2 [15360/60000 (26%)]	Loss: 129.531052
[2022-10-20 01:12:42] PRINT Train Epoch: 2 [16640/60000 (28%)]	Loss: 134.518890
[2022-10-20 01:12:42] PRINT Train Epoch: 2 [17920/60000 (30%)]	Loss: 136.842224
[2022-10-20 01:12:42] PRINT Train Epoch: 2 [19200/60000 (32%)]	Loss: 133.080521
[2022-10-20 01:12:42] PRINT Train Epoch: 2 [20480/60000 (34%)]	Loss: 129.500229
[2022-10-20 01:12:42] PRINT Train Epoch: 2 [21760/60000 (36%)]	Loss: 127.754539
[2022-10-20 01:12:42] PRINT Train Epoch: 2 [23040/60000 (38%)]	Loss: 123.647072
[2022-10-20 01:12:42] PRINT Train Epoch: 2 [24320/60000 (41%)]	Loss: 126.321411
[2022-10-20 01:12:42] PRINT Train Epoch: 2 [25600/60000 (43%)]	Loss: 132.294220
[2022-10-20 01:12:43] PRINT Train Epoch: 2 [26880/60000 (45%)]	Loss: 130.433060
[2022-10-20 01:12:43] PRINT Train Epoch: 2 [28160/60000 (47%)]	Loss: 128.297241
[2022-10-20 01:12:43] PRINT Train Epoch: 2 [29440/60000 (49%)]	Loss: 126.496117
[2022-10-20 01:12:43] PRINT Train Epoch: 2 [30720/60000 (51%)]	Loss: 129.388458
[2022-10-20 01:12:43] PRINT Train Epoch: 2 [32000/60000 (53%)]	Loss: 127.475952
[2022-10-20 01:12:43] PRINT Train Epoch: 2 [33280/60000 (55%)]	Loss: 126.022766
[2022-10-20 01:12:43] PRINT Train Epoch: 2 [34560/60000 (58%)]	Loss: 123.814819
[2022-10-20 01:12:43] PRINT Train Epoch: 2 [35840/60000 (60%)]	Loss: 131.352325
[2022-10-20 01:12:43] PRINT Train Epoch: 2 [37120/60000 (62%)]	Loss: 128.653854
[2022-10-20 01:12:43] PRINT Train Epoch: 2 [38400/60000 (64%)]	Loss: 130.570404
[2022-10-20 01:12:43] PRINT Train Epoch: 2 [39680/60000 (66%)]	Loss: 126.939163
[2022-10-20 01:12:44] PRINT Train Epoch: 2 [40960/60000 (68%)]	Loss: 133.395782
[2022-10-20 01:12:44] PRINT Train Epoch: 2 [42240/60000 (70%)]	Loss: 132.777359
[2022-10-20 01:12:44] PRINT Train Epoch: 2 [43520/60000 (72%)]	Loss: 131.496994
[2022-10-20 01:12:44] PRINT Train Epoch: 2 [44800/60000 (75%)]	Loss: 125.802483
[2022-10-20 01:12:44] PRINT Train Epoch: 2 [46080/60000 (77%)]	Loss: 131.090607
[2022-10-20 01:12:44] PRINT Train Epoch: 2 [47360/60000 (79%)]	Loss: 133.744293
[2022-10-20 01:12:44] PRINT Train Epoch: 2 [48640/60000 (81%)]	Loss: 126.666306
[2022-10-20 01:12:44] PRINT Train Epoch: 2 [49920/60000 (83%)]	Loss: 125.085205
[2022-10-20 01:12:44] PRINT Train Epoch: 2 [51200/60000 (85%)]	Loss: 132.108047
[2022-10-20 01:12:44] PRINT Train Epoch: 2 [52480/60000 (87%)]	Loss: 126.922234
[2022-10-20 01:12:44] PRINT Train Epoch: 2 [53760/60000 (90%)]	Loss: 132.384995
[2022-10-20 01:12:44] PRINT Train Epoch: 2 [55040/60000 (92%)]	Loss: 130.324310
[2022-10-20 01:12:45] PRINT Train Epoch: 2 [56320/60000 (94%)]	Loss: 132.534973
[2022-10-20 01:12:45] PRINT Train Epoch: 2 [57600/60000 (96%)]	Loss: 129.895645
[2022-10-20 01:12:45] PRINT Train Epoch: 2 [58880/60000 (98%)]	Loss: 129.359894
[2022-10-20 01:12:45] PRINT ====> Epoch: 2 Average loss: 129.8914
[2022-10-20 01:12:46] PRINT ====> Test set loss: 127.1695
[2022-10-20 01:12:46] PRINT Train Epoch: 3 [0/60000 (0%)]	Loss: 130.950455
[2022-10-20 01:12:46] PRINT Train Epoch: 3 [1280/60000 (2%)]	Loss: 121.778297
[2022-10-20 01:12:46] PRINT Train Epoch: 3 [2560/60000 (4%)]	Loss: 127.247612
[2022-10-20 01:12:46] PRINT Train Epoch: 3 [3840/60000 (6%)]	Loss: 131.057007
[2022-10-20 01:12:46] PRINT Train Epoch: 3 [5120/60000 (9%)]	Loss: 126.786392
[2022-10-20 01:12:46] PRINT Train Epoch: 3 [6400/60000 (11%)]	Loss: 124.825760
[2022-10-20 01:12:46] PRINT Train Epoch: 3 [7680/60000 (13%)]	Loss: 126.769424
[2022-10-20 01:12:46] PRINT Train Epoch: 3 [8960/60000 (15%)]	Loss: 127.755592
[2022-10-20 01:12:46] PRINT Train Epoch: 3 [10240/60000 (17%)]	Loss: 129.294128
[2022-10-20 01:12:46] PRINT Train Epoch: 3 [11520/60000 (19%)]	Loss: 125.807014
[2022-10-20 01:12:46] PRINT Train Epoch: 3 [12800/60000 (21%)]	Loss: 124.455368
[2022-10-20 01:12:47] PRINT Train Epoch: 3 [14080/60000 (23%)]	Loss: 129.608582
[2022-10-20 01:12:47] PRINT Train Epoch: 3 [15360/60000 (26%)]	Loss: 129.263748
[2022-10-20 01:12:47] PRINT Train Epoch: 3 [16640/60000 (28%)]	Loss: 121.594910
[2022-10-20 01:12:47] PRINT Train Epoch: 3 [17920/60000 (30%)]	Loss: 128.623230
[2022-10-20 01:12:47] PRINT Train Epoch: 3 [19200/60000 (32%)]	Loss: 133.731018
[2022-10-20 01:12:47] PRINT Train Epoch: 3 [20480/60000 (34%)]	Loss: 132.532883
[2022-10-20 01:12:47] PRINT Train Epoch: 3 [21760/60000 (36%)]	Loss: 129.909393
[2022-10-20 01:12:47] PRINT Train Epoch: 3 [23040/60000 (38%)]	Loss: 128.773682
[2022-10-20 01:12:47] PRINT Train Epoch: 3 [24320/60000 (41%)]	Loss: 133.480743
[2022-10-20 01:12:47] PRINT Train Epoch: 3 [25600/60000 (43%)]	Loss: 129.375610
[2022-10-20 01:12:47] PRINT Train Epoch: 3 [26880/60000 (45%)]	Loss: 127.592621
[2022-10-20 01:12:48] PRINT Train Epoch: 3 [28160/60000 (47%)]	Loss: 127.071030
[2022-10-20 01:12:48] PRINT Train Epoch: 3 [29440/60000 (49%)]	Loss: 125.557991
[2022-10-20 01:12:48] PRINT Train Epoch: 3 [30720/60000 (51%)]	Loss: 126.153656
[2022-10-20 01:12:48] PRINT Train Epoch: 3 [32000/60000 (53%)]	Loss: 118.824661
[2022-10-20 01:12:48] PRINT Train Epoch: 3 [33280/60000 (55%)]	Loss: 126.804169
[2022-10-20 01:12:48] PRINT Train Epoch: 3 [34560/60000 (58%)]	Loss: 126.250069
[2022-10-20 01:12:48] PRINT Train Epoch: 3 [35840/60000 (60%)]	Loss: 125.237106
[2022-10-20 01:12:48] PRINT Train Epoch: 3 [37120/60000 (62%)]	Loss: 128.294632
[2022-10-20 01:12:48] PRINT Train Epoch: 3 [38400/60000 (64%)]	Loss: 125.862381
[2022-10-20 01:12:48] PRINT Train Epoch: 3 [39680/60000 (66%)]	Loss: 133.563187
[2022-10-20 01:12:48] PRINT Train Epoch: 3 [40960/60000 (68%)]	Loss: 127.878548
[2022-10-20 01:12:48] PRINT Train Epoch: 3 [42240/60000 (70%)]	Loss: 123.088081
[2022-10-20 01:12:49] PRINT Train Epoch: 3 [43520/60000 (72%)]	Loss: 134.992096
[2022-10-20 01:12:49] PRINT Train Epoch: 3 [44800/60000 (75%)]	Loss: 132.326324
[2022-10-20 01:12:49] PRINT Train Epoch: 3 [46080/60000 (77%)]	Loss: 119.851967
[2022-10-20 01:12:49] PRINT Train Epoch: 3 [47360/60000 (79%)]	Loss: 129.031586
[2022-10-20 01:12:49] PRINT Train Epoch: 3 [48640/60000 (81%)]	Loss: 122.416748
[2022-10-20 01:12:49] PRINT Train Epoch: 3 [49920/60000 (83%)]	Loss: 124.510925
[2022-10-20 01:12:49] PRINT Train Epoch: 3 [51200/60000 (85%)]	Loss: 123.208633
[2022-10-20 01:12:49] PRINT Train Epoch: 3 [52480/60000 (87%)]	Loss: 119.586815
[2022-10-20 01:12:49] PRINT Train Epoch: 3 [53760/60000 (90%)]	Loss: 127.620125
[2022-10-20 01:12:49] PRINT Train Epoch: 3 [55040/60000 (92%)]	Loss: 132.478836
[2022-10-20 01:12:49] PRINT Train Epoch: 3 [56320/60000 (94%)]	Loss: 127.807182
[2022-10-20 01:12:50] PRINT Train Epoch: 3 [57600/60000 (96%)]	Loss: 118.936646
[2022-10-20 01:12:50] PRINT Train Epoch: 3 [58880/60000 (98%)]	Loss: 129.185684
[2022-10-20 01:12:50] PRINT ====> Epoch: 3 Average loss: 127.3084
[2022-10-20 01:12:50] PRINT ====> Test set loss: 127.6515
[2022-10-20 01:12:50] PRINT Train Epoch: 4 [0/60000 (0%)]	Loss: 126.336975
[2022-10-20 01:12:51] PRINT Train Epoch: 4 [1280/60000 (2%)]	Loss: 123.630730
[2022-10-20 01:12:51] PRINT Train Epoch: 4 [2560/60000 (4%)]	Loss: 127.389908
[2022-10-20 01:12:51] PRINT Train Epoch: 4 [3840/60000 (6%)]	Loss: 125.884094
[2022-10-20 01:12:51] PRINT Train Epoch: 4 [5120/60000 (9%)]	Loss: 122.394012
[2022-10-20 01:12:51] PRINT Train Epoch: 4 [6400/60000 (11%)]	Loss: 120.945587
[2022-10-20 01:12:51] PRINT Train Epoch: 4 [7680/60000 (13%)]	Loss: 131.733688
[2022-10-20 01:12:51] PRINT Train Epoch: 4 [8960/60000 (15%)]	Loss: 122.774887
[2022-10-20 01:12:51] PRINT Train Epoch: 4 [10240/60000 (17%)]	Loss: 130.823959
[2022-10-20 01:12:51] PRINT Train Epoch: 4 [11520/60000 (19%)]	Loss: 122.518845
[2022-10-20 01:12:51] PRINT Train Epoch: 4 [12800/60000 (21%)]	Loss: 128.102585
[2022-10-20 01:12:51] PRINT Train Epoch: 4 [14080/60000 (23%)]	Loss: 127.151688
[2022-10-20 01:12:51] PRINT Train Epoch: 4 [15360/60000 (26%)]	Loss: 131.497528
[2022-10-20 01:12:52] PRINT Train Epoch: 4 [16640/60000 (28%)]	Loss: 123.976082
[2022-10-20 01:12:52] PRINT Train Epoch: 4 [17920/60000 (30%)]	Loss: 124.473106
[2022-10-20 01:12:52] PRINT Train Epoch: 4 [19200/60000 (32%)]	Loss: 127.312920
[2022-10-20 01:12:52] PRINT Train Epoch: 4 [20480/60000 (34%)]	Loss: 131.307526
[2022-10-20 01:12:52] PRINT Train Epoch: 4 [21760/60000 (36%)]	Loss: 124.980743
[2022-10-20 01:12:52] PRINT Train Epoch: 4 [23040/60000 (38%)]	Loss: 127.684982
[2022-10-20 01:12:52] PRINT Train Epoch: 4 [24320/60000 (41%)]	Loss: 124.099190
[2022-10-20 01:12:52] PRINT Train Epoch: 4 [25600/60000 (43%)]	Loss: 127.145050
[2022-10-20 01:12:52] PRINT Train Epoch: 4 [26880/60000 (45%)]	Loss: 126.967712
[2022-10-20 01:12:52] PRINT Train Epoch: 4 [28160/60000 (47%)]	Loss: 126.980827
[2022-10-20 01:12:52] PRINT Train Epoch: 4 [29440/60000 (49%)]	Loss: 128.833572
[2022-10-20 01:12:52] PRINT Train Epoch: 4 [30720/60000 (51%)]	Loss: 125.926933
[2022-10-20 01:12:53] PRINT Train Epoch: 4 [32000/60000 (53%)]	Loss: 129.200836
[2022-10-20 01:12:53] PRINT Train Epoch: 4 [33280/60000 (55%)]	Loss: 124.082359
[2022-10-20 01:12:53] PRINT Train Epoch: 4 [34560/60000 (58%)]	Loss: 125.864365
[2022-10-20 01:12:53] PRINT Train Epoch: 4 [35840/60000 (60%)]	Loss: 126.277832
[2022-10-20 01:12:53] PRINT Train Epoch: 4 [37120/60000 (62%)]	Loss: 119.795280
[2022-10-20 01:12:53] PRINT Train Epoch: 4 [38400/60000 (64%)]	Loss: 137.036285
[2022-10-20 01:12:53] PRINT Train Epoch: 4 [39680/60000 (66%)]	Loss: 130.659470
[2022-10-20 01:12:53] PRINT Train Epoch: 4 [40960/60000 (68%)]	Loss: 122.439178
[2022-10-20 01:12:53] PRINT Train Epoch: 4 [42240/60000 (70%)]	Loss: 125.317505
[2022-10-20 01:12:53] PRINT Train Epoch: 4 [43520/60000 (72%)]	Loss: 121.498177
[2022-10-20 01:12:53] PRINT Train Epoch: 4 [44800/60000 (75%)]	Loss: 129.332489
[2022-10-20 01:12:54] PRINT Train Epoch: 4 [46080/60000 (77%)]	Loss: 124.932549
[2022-10-20 01:12:54] PRINT Train Epoch: 4 [47360/60000 (79%)]	Loss: 127.516632
[2022-10-20 01:12:54] PRINT Train Epoch: 4 [48640/60000 (81%)]	Loss: 129.776550
[2022-10-20 01:12:54] PRINT Train Epoch: 4 [49920/60000 (83%)]	Loss: 134.738937
[2022-10-20 01:12:54] PRINT Train Epoch: 4 [51200/60000 (85%)]	Loss: 130.925827
[2022-10-20 01:12:54] PRINT Train Epoch: 4 [52480/60000 (87%)]	Loss: 125.882095
[2022-10-20 01:12:54] PRINT Train Epoch: 4 [53760/60000 (90%)]	Loss: 124.813110
[2022-10-20 01:12:54] PRINT Train Epoch: 4 [55040/60000 (92%)]	Loss: 125.723419
[2022-10-20 01:12:54] PRINT Train Epoch: 4 [56320/60000 (94%)]	Loss: 125.281212
[2022-10-20 01:12:54] PRINT Train Epoch: 4 [57600/60000 (96%)]	Loss: 120.329788
[2022-10-20 01:12:54] PRINT Train Epoch: 4 [58880/60000 (98%)]	Loss: 125.384819
[2022-10-20 01:12:55] PRINT ====> Epoch: 4 Average loss: 125.9481
[2022-10-20 01:12:55] PRINT ====> Test set loss: 123.8279
[2022-10-20 01:12:55] PRINT Train Epoch: 5 [0/60000 (0%)]	Loss: 120.713348
[2022-10-20 01:12:55] PRINT Train Epoch: 5 [1280/60000 (2%)]	Loss: 124.906677
[2022-10-20 01:12:55] PRINT Train Epoch: 5 [2560/60000 (4%)]	Loss: 122.185020
[2022-10-20 01:12:56] PRINT Train Epoch: 5 [3840/60000 (6%)]	Loss: 126.981163
[2022-10-20 01:12:56] PRINT Train Epoch: 5 [5120/60000 (9%)]	Loss: 127.563057
[2022-10-20 01:12:56] PRINT Train Epoch: 5 [6400/60000 (11%)]	Loss: 124.818939
[2022-10-20 01:12:56] PRINT Train Epoch: 5 [7680/60000 (13%)]	Loss: 127.133873
[2022-10-20 01:12:56] PRINT Train Epoch: 5 [8960/60000 (15%)]	Loss: 124.835106
[2022-10-20 01:12:56] PRINT Train Epoch: 5 [10240/60000 (17%)]	Loss: 126.723892
[2022-10-20 01:12:56] PRINT Train Epoch: 5 [11520/60000 (19%)]	Loss: 129.827957
[2022-10-20 01:12:56] PRINT Train Epoch: 5 [12800/60000 (21%)]	Loss: 129.907684
[2022-10-20 01:12:56] PRINT Train Epoch: 5 [14080/60000 (23%)]	Loss: 123.233849
[2022-10-20 01:12:56] PRINT Train Epoch: 5 [15360/60000 (26%)]	Loss: 131.590012
[2022-10-20 01:12:56] PRINT Train Epoch: 5 [16640/60000 (28%)]	Loss: 131.163101
[2022-10-20 01:12:57] PRINT Train Epoch: 5 [17920/60000 (30%)]	Loss: 121.679993
[2022-10-20 01:12:57] PRINT Train Epoch: 5 [19200/60000 (32%)]	Loss: 122.089272
[2022-10-20 01:12:57] PRINT Train Epoch: 5 [20480/60000 (34%)]	Loss: 124.789566
[2022-10-20 01:12:57] PRINT Train Epoch: 5 [21760/60000 (36%)]	Loss: 121.175980
[2022-10-20 01:12:57] PRINT Train Epoch: 5 [23040/60000 (38%)]	Loss: 121.047638
[2022-10-20 01:12:57] PRINT Train Epoch: 5 [24320/60000 (41%)]	Loss: 123.525696
[2022-10-20 01:12:57] PRINT Train Epoch: 5 [25600/60000 (43%)]	Loss: 123.568291
[2022-10-20 01:12:57] PRINT Train Epoch: 5 [26880/60000 (45%)]	Loss: 124.932991
[2022-10-20 01:12:57] PRINT Train Epoch: 5 [28160/60000 (47%)]	Loss: 127.256653
[2022-10-20 01:12:57] PRINT Train Epoch: 5 [29440/60000 (49%)]	Loss: 123.105995
[2022-10-20 01:12:57] PRINT Train Epoch: 5 [30720/60000 (51%)]	Loss: 126.851196
[2022-10-20 01:12:57] PRINT Train Epoch: 5 [32000/60000 (53%)]	Loss: 129.176422
[2022-10-20 01:12:58] PRINT Train Epoch: 5 [33280/60000 (55%)]	Loss: 124.243729
[2022-10-20 01:12:58] PRINT Train Epoch: 5 [34560/60000 (58%)]	Loss: 123.429886
[2022-10-20 01:12:58] PRINT Train Epoch: 5 [35840/60000 (60%)]	Loss: 120.955856
[2022-10-20 01:12:58] PRINT Train Epoch: 5 [37120/60000 (62%)]	Loss: 125.283005
[2022-10-20 01:12:58] PRINT Train Epoch: 5 [38400/60000 (64%)]	Loss: 123.413765
[2022-10-20 01:12:58] PRINT Train Epoch: 5 [39680/60000 (66%)]	Loss: 122.367058
[2022-10-20 01:12:58] PRINT Train Epoch: 5 [40960/60000 (68%)]	Loss: 125.587929
[2022-10-20 01:12:58] PRINT Train Epoch: 5 [42240/60000 (70%)]	Loss: 121.162415
[2022-10-20 01:12:58] PRINT Train Epoch: 5 [43520/60000 (72%)]	Loss: 124.846939
[2022-10-20 01:12:58] PRINT Train Epoch: 5 [44800/60000 (75%)]	Loss: 123.582352
[2022-10-20 01:12:58] PRINT Train Epoch: 5 [46080/60000 (77%)]	Loss: 124.498199
[2022-10-20 01:12:59] PRINT Train Epoch: 5 [47360/60000 (79%)]	Loss: 129.315308
[2022-10-20 01:12:59] PRINT Train Epoch: 5 [48640/60000 (81%)]	Loss: 127.697067
[2022-10-20 01:12:59] PRINT Train Epoch: 5 [49920/60000 (83%)]	Loss: 125.139038
[2022-10-20 01:12:59] PRINT Train Epoch: 5 [51200/60000 (85%)]	Loss: 127.525299
[2022-10-20 01:12:59] PRINT Train Epoch: 5 [52480/60000 (87%)]	Loss: 123.753357
[2022-10-20 01:12:59] PRINT Train Epoch: 5 [53760/60000 (90%)]	Loss: 126.665009
[2022-10-20 01:12:59] PRINT Train Epoch: 5 [55040/60000 (92%)]	Loss: 128.047684
[2022-10-20 01:12:59] PRINT Train Epoch: 5 [56320/60000 (94%)]	Loss: 129.459106
[2022-10-20 01:12:59] PRINT Train Epoch: 5 [57600/60000 (96%)]	Loss: 117.453430
[2022-10-20 01:12:59] PRINT Train Epoch: 5 [58880/60000 (98%)]	Loss: 122.071007
[2022-10-20 01:12:59] PRINT ====> Epoch: 5 Average loss: 124.6793
[2022-10-20 01:13:00] PRINT ====> Test set loss: 124.5797
[2022-10-20 01:13:00] PRINT Train Epoch: 6 [0/60000 (0%)]	Loss: 118.490364
[2022-10-20 01:13:00] PRINT Train Epoch: 6 [1280/60000 (2%)]	Loss: 125.119278
[2022-10-20 01:13:00] PRINT Train Epoch: 6 [2560/60000 (4%)]	Loss: 123.197609
[2022-10-20 01:13:00] PRINT Train Epoch: 6 [3840/60000 (6%)]	Loss: 122.363029
[2022-10-20 01:13:01] PRINT Train Epoch: 6 [5120/60000 (9%)]	Loss: 124.674805
[2022-10-20 01:13:01] PRINT Train Epoch: 6 [6400/60000 (11%)]	Loss: 122.750740
[2022-10-20 01:13:01] PRINT Train Epoch: 6 [7680/60000 (13%)]	Loss: 126.936470
[2022-10-20 01:13:01] PRINT Train Epoch: 6 [8960/60000 (15%)]	Loss: 124.569466
[2022-10-20 01:13:01] PRINT Train Epoch: 6 [10240/60000 (17%)]	Loss: 124.266556
[2022-10-20 01:13:01] PRINT Train Epoch: 6 [11520/60000 (19%)]	Loss: 124.340714
[2022-10-20 01:13:01] PRINT Train Epoch: 6 [12800/60000 (21%)]	Loss: 128.997421
[2022-10-20 01:13:01] PRINT Train Epoch: 6 [14080/60000 (23%)]	Loss: 126.754440
[2022-10-20 01:13:01] PRINT Train Epoch: 6 [15360/60000 (26%)]	Loss: 120.786156
[2022-10-20 01:13:01] PRINT Train Epoch: 6 [16640/60000 (28%)]	Loss: 118.619499
[2022-10-20 01:13:01] PRINT Train Epoch: 6 [17920/60000 (30%)]	Loss: 129.830536
[2022-10-20 01:13:01] PRINT Train Epoch: 6 [19200/60000 (32%)]	Loss: 127.288208
[2022-10-20 01:13:02] PRINT Train Epoch: 6 [20480/60000 (34%)]	Loss: 121.811195
[2022-10-20 01:13:02] PRINT Train Epoch: 6 [21760/60000 (36%)]	Loss: 125.270073
[2022-10-20 01:13:02] PRINT Train Epoch: 6 [23040/60000 (38%)]	Loss: 125.500107
[2022-10-20 01:13:02] PRINT Train Epoch: 6 [24320/60000 (41%)]	Loss: 124.454636
[2022-10-20 01:13:02] PRINT Train Epoch: 6 [25600/60000 (43%)]	Loss: 130.476212
[2022-10-20 01:13:02] PRINT Train Epoch: 6 [26880/60000 (45%)]	Loss: 126.113564
[2022-10-20 01:13:02] PRINT Train Epoch: 6 [28160/60000 (47%)]	Loss: 126.855148
[2022-10-20 01:13:02] PRINT Train Epoch: 6 [29440/60000 (49%)]	Loss: 122.767029
[2022-10-20 01:13:02] PRINT Train Epoch: 6 [30720/60000 (51%)]	Loss: 124.353569
[2022-10-20 01:13:02] PRINT Train Epoch: 6 [32000/60000 (53%)]	Loss: 124.696213
[2022-10-20 01:13:02] PRINT Train Epoch: 6 [33280/60000 (55%)]	Loss: 124.166260
[2022-10-20 01:13:03] PRINT Train Epoch: 6 [34560/60000 (58%)]	Loss: 115.629601
[2022-10-20 01:13:03] PRINT Train Epoch: 6 [35840/60000 (60%)]	Loss: 120.496582
[2022-10-20 01:13:03] PRINT Train Epoch: 6 [37120/60000 (62%)]	Loss: 121.418961
[2022-10-20 01:13:03] PRINT Train Epoch: 6 [38400/60000 (64%)]	Loss: 120.730927
[2022-10-20 01:13:03] PRINT Train Epoch: 6 [39680/60000 (66%)]	Loss: 122.954117
[2022-10-20 01:13:03] PRINT Train Epoch: 6 [40960/60000 (68%)]	Loss: 117.478981
[2022-10-20 01:13:03] PRINT Train Epoch: 6 [42240/60000 (70%)]	Loss: 123.731071
[2022-10-20 01:13:03] PRINT Train Epoch: 6 [43520/60000 (72%)]	Loss: 131.085419
[2022-10-20 01:13:03] PRINT Train Epoch: 6 [44800/60000 (75%)]	Loss: 127.151978
[2022-10-20 01:13:03] PRINT Train Epoch: 6 [46080/60000 (77%)]	Loss: 127.630737
[2022-10-20 01:13:03] PRINT Train Epoch: 6 [47360/60000 (79%)]	Loss: 125.103760
[2022-10-20 01:13:03] PRINT Train Epoch: 6 [48640/60000 (81%)]	Loss: 123.853615
[2022-10-20 01:13:04] PRINT Train Epoch: 6 [49920/60000 (83%)]	Loss: 124.984825
[2022-10-20 01:13:04] PRINT Train Epoch: 6 [51200/60000 (85%)]	Loss: 120.591675
[2022-10-20 01:13:04] PRINT Train Epoch: 6 [52480/60000 (87%)]	Loss: 120.263733
[2022-10-20 01:13:04] PRINT Train Epoch: 6 [53760/60000 (90%)]	Loss: 123.632729
[2022-10-20 01:13:04] PRINT Train Epoch: 6 [55040/60000 (92%)]	Loss: 119.496162
[2022-10-20 01:13:04] PRINT Train Epoch: 6 [56320/60000 (94%)]	Loss: 122.638657
[2022-10-20 01:13:04] PRINT Train Epoch: 6 [57600/60000 (96%)]	Loss: 117.931808
[2022-10-20 01:13:04] PRINT Train Epoch: 6 [58880/60000 (98%)]	Loss: 121.093002
[2022-10-20 01:13:04] PRINT ====> Epoch: 6 Average loss: 123.9755
[2022-10-20 01:13:05] PRINT ====> Test set loss: 124.3147
[2022-10-20 01:13:05] PRINT Train Epoch: 7 [0/60000 (0%)]	Loss: 124.332260
[2022-10-20 01:13:05] PRINT Train Epoch: 7 [1280/60000 (2%)]	Loss: 126.471054
[2022-10-20 01:13:05] PRINT Train Epoch: 7 [2560/60000 (4%)]	Loss: 125.654388
[2022-10-20 01:13:05] PRINT Train Epoch: 7 [3840/60000 (6%)]	Loss: 126.753723
[2022-10-20 01:13:05] PRINT Train Epoch: 7 [5120/60000 (9%)]	Loss: 123.779480
[2022-10-20 01:13:05] PRINT Train Epoch: 7 [6400/60000 (11%)]	Loss: 120.440628
[2022-10-20 01:13:06] PRINT Train Epoch: 7 [7680/60000 (13%)]	Loss: 122.034859
[2022-10-20 01:13:06] PRINT Train Epoch: 7 [8960/60000 (15%)]	Loss: 122.599419
[2022-10-20 01:13:06] PRINT Train Epoch: 7 [10240/60000 (17%)]	Loss: 119.048950
[2022-10-20 01:13:06] PRINT Train Epoch: 7 [11520/60000 (19%)]	Loss: 128.466553
[2022-10-20 01:13:06] PRINT Train Epoch: 7 [12800/60000 (21%)]	Loss: 123.246994
[2022-10-20 01:13:06] PRINT Train Epoch: 7 [14080/60000 (23%)]	Loss: 123.577820
[2022-10-20 01:13:06] PRINT Train Epoch: 7 [15360/60000 (26%)]	Loss: 123.674576
[2022-10-20 01:13:06] PRINT Train Epoch: 7 [16640/60000 (28%)]	Loss: 124.220078
[2022-10-20 01:13:06] PRINT Train Epoch: 7 [17920/60000 (30%)]	Loss: 123.136230
[2022-10-20 01:13:06] PRINT Train Epoch: 7 [19200/60000 (32%)]	Loss: 125.159088
[2022-10-20 01:13:06] PRINT Train Epoch: 7 [20480/60000 (34%)]	Loss: 123.140511
[2022-10-20 01:13:07] PRINT Train Epoch: 7 [21760/60000 (36%)]	Loss: 127.538467
[2022-10-20 01:13:07] PRINT Train Epoch: 7 [23040/60000 (38%)]	Loss: 123.630302
[2022-10-20 01:13:07] PRINT Train Epoch: 7 [24320/60000 (41%)]	Loss: 125.913719
[2022-10-20 01:13:07] PRINT Train Epoch: 7 [25600/60000 (43%)]	Loss: 128.074753
[2022-10-20 01:13:07] PRINT Train Epoch: 7 [26880/60000 (45%)]	Loss: 120.671242
[2022-10-20 01:13:07] PRINT Train Epoch: 7 [28160/60000 (47%)]	Loss: 123.970901
[2022-10-20 01:13:07] PRINT Train Epoch: 7 [29440/60000 (49%)]	Loss: 123.549759
[2022-10-20 01:13:07] PRINT Train Epoch: 7 [30720/60000 (51%)]	Loss: 119.360802
[2022-10-20 01:13:07] PRINT Train Epoch: 7 [32000/60000 (53%)]	Loss: 121.054443
[2022-10-20 01:13:07] PRINT Train Epoch: 7 [33280/60000 (55%)]	Loss: 121.292076
[2022-10-20 01:13:07] PRINT Train Epoch: 7 [34560/60000 (58%)]	Loss: 117.234543
[2022-10-20 01:13:08] PRINT Train Epoch: 7 [35840/60000 (60%)]	Loss: 124.003288
[2022-10-20 01:13:08] PRINT Train Epoch: 7 [37120/60000 (62%)]	Loss: 119.981056
[2022-10-20 01:13:08] PRINT Train Epoch: 7 [38400/60000 (64%)]	Loss: 127.565407
[2022-10-20 01:13:08] PRINT Train Epoch: 7 [39680/60000 (66%)]	Loss: 123.354935
[2022-10-20 01:13:08] PRINT Train Epoch: 7 [40960/60000 (68%)]	Loss: 119.651276
[2022-10-20 01:13:08] PRINT Train Epoch: 7 [42240/60000 (70%)]	Loss: 124.016052
[2022-10-20 01:13:08] PRINT Train Epoch: 7 [43520/60000 (72%)]	Loss: 125.642746
[2022-10-20 01:13:08] PRINT Train Epoch: 7 [44800/60000 (75%)]	Loss: 124.311279
[2022-10-20 01:13:08] PRINT Train Epoch: 7 [46080/60000 (77%)]	Loss: 122.780838
[2022-10-20 01:13:08] PRINT Train Epoch: 7 [47360/60000 (79%)]	Loss: 128.206116
[2022-10-20 01:13:08] PRINT Train Epoch: 7 [48640/60000 (81%)]	Loss: 118.482086
[2022-10-20 01:13:09] PRINT Train Epoch: 7 [49920/60000 (83%)]	Loss: 120.763855
[2022-10-20 01:13:09] PRINT Train Epoch: 7 [51200/60000 (85%)]	Loss: 122.355103
[2022-10-20 01:13:09] PRINT Train Epoch: 7 [52480/60000 (87%)]	Loss: 120.314590
[2022-10-20 01:13:09] PRINT Train Epoch: 7 [53760/60000 (90%)]	Loss: 122.752914
[2022-10-20 01:13:09] PRINT Train Epoch: 7 [55040/60000 (92%)]	Loss: 128.599701
[2022-10-20 01:13:09] PRINT Train Epoch: 7 [56320/60000 (94%)]	Loss: 126.581223
[2022-10-20 01:13:09] PRINT Train Epoch: 7 [57600/60000 (96%)]	Loss: 121.442184
[2022-10-20 01:13:09] PRINT Train Epoch: 7 [58880/60000 (98%)]	Loss: 123.595207
[2022-10-20 01:13:09] PRINT ====> Epoch: 7 Average loss: 123.5952
[2022-10-20 01:13:10] PRINT ====> Test set loss: 122.7199
[2022-10-20 01:13:10] PRINT Train Epoch: 8 [0/60000 (0%)]	Loss: 124.644035
[2022-10-20 01:13:10] PRINT Train Epoch: 8 [1280/60000 (2%)]	Loss: 121.821831
[2022-10-20 01:13:10] PRINT Train Epoch: 8 [2560/60000 (4%)]	Loss: 123.111877
[2022-10-20 01:13:10] PRINT Train Epoch: 8 [3840/60000 (6%)]	Loss: 121.543457
[2022-10-20 01:13:10] PRINT Train Epoch: 8 [5120/60000 (9%)]	Loss: 120.484398
[2022-10-20 01:13:10] PRINT Train Epoch: 8 [6400/60000 (11%)]	Loss: 118.034492
[2022-10-20 01:13:11] PRINT Train Epoch: 8 [7680/60000 (13%)]	Loss: 121.091629
[2022-10-20 01:13:11] PRINT Train Epoch: 8 [8960/60000 (15%)]	Loss: 126.301819
[2022-10-20 01:13:11] PRINT Train Epoch: 8 [10240/60000 (17%)]	Loss: 128.776123
[2022-10-20 01:13:11] PRINT Train Epoch: 8 [11520/60000 (19%)]	Loss: 124.970215
[2022-10-20 01:13:11] PRINT Train Epoch: 8 [12800/60000 (21%)]	Loss: 116.283157
[2022-10-20 01:13:11] PRINT Train Epoch: 8 [14080/60000 (23%)]	Loss: 121.998985
[2022-10-20 01:13:11] PRINT Train Epoch: 8 [15360/60000 (26%)]	Loss: 127.871048
[2022-10-20 01:13:11] PRINT Train Epoch: 8 [16640/60000 (28%)]	Loss: 119.964149
[2022-10-20 01:13:11] PRINT Train Epoch: 8 [17920/60000 (30%)]	Loss: 127.859085
[2022-10-20 01:13:11] PRINT Train Epoch: 8 [19200/60000 (32%)]	Loss: 120.835846
[2022-10-20 01:13:11] PRINT Train Epoch: 8 [20480/60000 (34%)]	Loss: 117.627701
[2022-10-20 01:13:11] PRINT Train Epoch: 8 [21760/60000 (36%)]	Loss: 122.845787
[2022-10-20 01:13:12] PRINT Train Epoch: 8 [23040/60000 (38%)]	Loss: 123.897812
[2022-10-20 01:13:12] PRINT Train Epoch: 8 [24320/60000 (41%)]	Loss: 122.737640
[2022-10-20 01:13:12] PRINT Train Epoch: 8 [25600/60000 (43%)]	Loss: 121.827599
[2022-10-20 01:13:12] PRINT Train Epoch: 8 [26880/60000 (45%)]	Loss: 124.579231
[2022-10-20 01:13:12] PRINT Train Epoch: 8 [28160/60000 (47%)]	Loss: 119.618217
[2022-10-20 01:13:12] PRINT Train Epoch: 8 [29440/60000 (49%)]	Loss: 119.230858
[2022-10-20 01:13:12] PRINT Train Epoch: 8 [30720/60000 (51%)]	Loss: 124.238266
[2022-10-20 01:13:12] PRINT Train Epoch: 8 [32000/60000 (53%)]	Loss: 128.144196
[2022-10-20 01:13:12] PRINT Train Epoch: 8 [33280/60000 (55%)]	Loss: 125.999535
[2022-10-20 01:13:12] PRINT Train Epoch: 8 [34560/60000 (58%)]	Loss: 120.699127
[2022-10-20 01:13:12] PRINT Train Epoch: 8 [35840/60000 (60%)]	Loss: 121.280281
[2022-10-20 01:13:13] PRINT Train Epoch: 8 [37120/60000 (62%)]	Loss: 120.439034
[2022-10-20 01:13:13] PRINT Train Epoch: 8 [38400/60000 (64%)]	Loss: 118.799957
[2022-10-20 01:13:13] PRINT Train Epoch: 8 [39680/60000 (66%)]	Loss: 120.920105
[2022-10-20 01:13:13] PRINT Train Epoch: 8 [40960/60000 (68%)]	Loss: 123.266197
[2022-10-20 01:13:13] PRINT Train Epoch: 8 [42240/60000 (70%)]	Loss: 128.604279
[2022-10-20 01:13:13] PRINT Train Epoch: 8 [43520/60000 (72%)]	Loss: 118.289474
[2022-10-20 01:13:13] PRINT Train Epoch: 8 [44800/60000 (75%)]	Loss: 120.740387
[2022-10-20 01:13:13] PRINT Train Epoch: 8 [46080/60000 (77%)]	Loss: 124.500916
[2022-10-20 01:13:13] PRINT Train Epoch: 8 [47360/60000 (79%)]	Loss: 125.431099
[2022-10-20 01:13:13] PRINT Train Epoch: 8 [48640/60000 (81%)]	Loss: 118.896843
[2022-10-20 01:13:13] PRINT Train Epoch: 8 [49920/60000 (83%)]	Loss: 118.389908
[2022-10-20 01:13:13] PRINT Train Epoch: 8 [51200/60000 (85%)]	Loss: 125.597961
[2022-10-20 01:13:14] PRINT Train Epoch: 8 [52480/60000 (87%)]	Loss: 126.121094
[2022-10-20 01:13:14] PRINT Train Epoch: 8 [53760/60000 (90%)]	Loss: 119.303833
[2022-10-20 01:13:14] PRINT Train Epoch: 8 [55040/60000 (92%)]	Loss: 126.303619
[2022-10-20 01:13:14] PRINT Train Epoch: 8 [56320/60000 (94%)]	Loss: 122.152878
[2022-10-20 01:13:14] PRINT Train Epoch: 8 [57600/60000 (96%)]	Loss: 127.976425
[2022-10-20 01:13:14] PRINT Train Epoch: 8 [58880/60000 (98%)]	Loss: 120.232529
[2022-10-20 01:13:14] PRINT ====> Epoch: 8 Average loss: 123.0521
[2022-10-20 01:13:15] PRINT ====> Test set loss: 123.4725
[2022-10-20 01:13:15] PRINT Train Epoch: 9 [0/60000 (0%)]	Loss: 128.398346
[2022-10-20 01:13:15] PRINT Train Epoch: 9 [1280/60000 (2%)]	Loss: 121.728310
[2022-10-20 01:13:15] PRINT Train Epoch: 9 [2560/60000 (4%)]	Loss: 124.339874
[2022-10-20 01:13:15] PRINT Train Epoch: 9 [3840/60000 (6%)]	Loss: 120.588020
[2022-10-20 01:13:15] PRINT Train Epoch: 9 [5120/60000 (9%)]	Loss: 122.652817
[2022-10-20 01:13:15] PRINT Train Epoch: 9 [6400/60000 (11%)]	Loss: 121.564041
[2022-10-20 01:13:15] PRINT Train Epoch: 9 [7680/60000 (13%)]	Loss: 122.384613
[2022-10-20 01:13:15] PRINT Train Epoch: 9 [8960/60000 (15%)]	Loss: 118.241234
[2022-10-20 01:13:16] PRINT Train Epoch: 9 [10240/60000 (17%)]	Loss: 121.204582
[2022-10-20 01:13:16] PRINT Train Epoch: 9 [11520/60000 (19%)]	Loss: 122.493103
[2022-10-20 01:13:16] PRINT Train Epoch: 9 [12800/60000 (21%)]	Loss: 121.460159
[2022-10-20 01:13:16] PRINT Train Epoch: 9 [14080/60000 (23%)]	Loss: 118.350899
[2022-10-20 01:13:16] PRINT Train Epoch: 9 [15360/60000 (26%)]	Loss: 124.535660
[2022-10-20 01:13:16] PRINT Train Epoch: 9 [16640/60000 (28%)]	Loss: 121.664581
[2022-10-20 01:13:16] PRINT Train Epoch: 9 [17920/60000 (30%)]	Loss: 121.215836
[2022-10-20 01:13:16] PRINT Train Epoch: 9 [19200/60000 (32%)]	Loss: 127.126686
[2022-10-20 01:13:16] PRINT Train Epoch: 9 [20480/60000 (34%)]	Loss: 126.693848
[2022-10-20 01:13:16] PRINT Train Epoch: 9 [21760/60000 (36%)]	Loss: 125.168983
[2022-10-20 01:13:16] PRINT Train Epoch: 9 [23040/60000 (38%)]	Loss: 121.792664
[2022-10-20 01:13:17] PRINT Train Epoch: 9 [24320/60000 (41%)]	Loss: 124.294090
[2022-10-20 01:13:17] PRINT Train Epoch: 9 [25600/60000 (43%)]	Loss: 127.889641
[2022-10-20 01:13:17] PRINT Train Epoch: 9 [26880/60000 (45%)]	Loss: 120.289108
[2022-10-20 01:13:17] PRINT Train Epoch: 9 [28160/60000 (47%)]	Loss: 125.466263
[2022-10-20 01:13:17] PRINT Train Epoch: 9 [29440/60000 (49%)]	Loss: 129.050568
[2022-10-20 01:13:17] PRINT Train Epoch: 9 [30720/60000 (51%)]	Loss: 125.352768
[2022-10-20 01:13:17] PRINT Train Epoch: 9 [32000/60000 (53%)]	Loss: 120.791298
[2022-10-20 01:13:17] PRINT Train Epoch: 9 [33280/60000 (55%)]	Loss: 117.770554
[2022-10-20 01:13:17] PRINT Train Epoch: 9 [34560/60000 (58%)]	Loss: 121.531769
[2022-10-20 01:13:17] PRINT Train Epoch: 9 [35840/60000 (60%)]	Loss: 123.127281
[2022-10-20 01:13:17] PRINT Train Epoch: 9 [37120/60000 (62%)]	Loss: 123.125229
[2022-10-20 01:13:18] PRINT Train Epoch: 9 [38400/60000 (64%)]	Loss: 119.476654
[2022-10-20 01:13:18] PRINT Train Epoch: 9 [39680/60000 (66%)]	Loss: 125.571510
[2022-10-20 01:13:18] PRINT Train Epoch: 9 [40960/60000 (68%)]	Loss: 118.683823
[2022-10-20 01:13:18] PRINT Train Epoch: 9 [42240/60000 (70%)]	Loss: 121.759247
[2022-10-20 01:13:18] PRINT Train Epoch: 9 [43520/60000 (72%)]	Loss: 126.375015
[2022-10-20 01:13:18] PRINT Train Epoch: 9 [44800/60000 (75%)]	Loss: 124.497604
[2022-10-20 01:13:18] PRINT Train Epoch: 9 [46080/60000 (77%)]	Loss: 121.440536
[2022-10-20 01:13:18] PRINT Train Epoch: 9 [47360/60000 (79%)]	Loss: 127.789856
[2022-10-20 01:13:18] PRINT Train Epoch: 9 [48640/60000 (81%)]	Loss: 128.011215
[2022-10-20 01:13:18] PRINT Train Epoch: 9 [49920/60000 (83%)]	Loss: 126.102936
[2022-10-20 01:13:18] PRINT Train Epoch: 9 [51200/60000 (85%)]	Loss: 122.122955
[2022-10-20 01:13:19] PRINT Train Epoch: 9 [52480/60000 (87%)]	Loss: 124.291397
[2022-10-20 01:13:19] PRINT Train Epoch: 9 [53760/60000 (90%)]	Loss: 127.637047
[2022-10-20 01:13:19] PRINT Train Epoch: 9 [55040/60000 (92%)]	Loss: 126.911423
[2022-10-20 01:13:19] PRINT Train Epoch: 9 [56320/60000 (94%)]	Loss: 121.111420
[2022-10-20 01:13:19] PRINT Train Epoch: 9 [57600/60000 (96%)]	Loss: 122.365341
[2022-10-20 01:13:19] PRINT Train Epoch: 9 [58880/60000 (98%)]	Loss: 122.123093
[2022-10-20 01:13:19] PRINT ====> Epoch: 9 Average loss: 122.9641
[2022-10-20 01:13:20] PRINT ====> Test set loss: 123.3019
[2022-10-20 01:13:20] PRINT Train Epoch: 10 [0/60000 (0%)]	Loss: 122.926041
[2022-10-20 01:13:20] PRINT Train Epoch: 10 [1280/60000 (2%)]	Loss: 124.612122
[2022-10-20 01:13:20] PRINT Train Epoch: 10 [2560/60000 (4%)]	Loss: 121.720276
[2022-10-20 01:13:20] PRINT Train Epoch: 10 [3840/60000 (6%)]	Loss: 123.086884
[2022-10-20 01:13:20] PRINT Train Epoch: 10 [5120/60000 (9%)]	Loss: 118.812134
[2022-10-20 01:13:20] PRINT Train Epoch: 10 [6400/60000 (11%)]	Loss: 126.898636
[2022-10-20 01:13:20] PRINT Train Epoch: 10 [7680/60000 (13%)]	Loss: 122.764374
[2022-10-20 01:13:20] PRINT Train Epoch: 10 [8960/60000 (15%)]	Loss: 116.750816
[2022-10-20 01:13:21] PRINT Train Epoch: 10 [10240/60000 (17%)]	Loss: 121.175812
[2022-10-20 01:13:21] PRINT Train Epoch: 10 [11520/60000 (19%)]	Loss: 119.838066
[2022-10-20 01:13:21] PRINT Train Epoch: 10 [12800/60000 (21%)]	Loss: 124.398605
[2022-10-20 01:13:21] PRINT Train Epoch: 10 [14080/60000 (23%)]	Loss: 122.717621
[2022-10-20 01:13:21] PRINT Train Epoch: 10 [15360/60000 (26%)]	Loss: 127.684647
[2022-10-20 01:13:21] PRINT Train Epoch: 10 [16640/60000 (28%)]	Loss: 121.036156
[2022-10-20 01:13:21] PRINT Train Epoch: 10 [17920/60000 (30%)]	Loss: 121.000854
[2022-10-20 01:13:21] PRINT Train Epoch: 10 [19200/60000 (32%)]	Loss: 123.080444
[2022-10-20 01:13:21] PRINT Train Epoch: 10 [20480/60000 (34%)]	Loss: 116.415657
[2022-10-20 01:13:21] PRINT Train Epoch: 10 [21760/60000 (36%)]	Loss: 124.743393
[2022-10-20 01:13:21] PRINT Train Epoch: 10 [23040/60000 (38%)]	Loss: 120.332123
[2022-10-20 01:13:21] PRINT Train Epoch: 10 [24320/60000 (41%)]	Loss: 119.267891
[2022-10-20 01:13:22] PRINT Train Epoch: 10 [25600/60000 (43%)]	Loss: 127.429420
[2022-10-20 01:13:22] PRINT Train Epoch: 10 [26880/60000 (45%)]	Loss: 119.367378
[2022-10-20 01:13:22] PRINT Train Epoch: 10 [28160/60000 (47%)]	Loss: 120.144386
[2022-10-20 01:13:22] PRINT Train Epoch: 10 [29440/60000 (49%)]	Loss: 121.116547
[2022-10-20 01:13:22] PRINT Train Epoch: 10 [30720/60000 (51%)]	Loss: 119.726105
[2022-10-20 01:13:22] PRINT Train Epoch: 10 [32000/60000 (53%)]	Loss: 121.170113
[2022-10-20 01:13:22] PRINT Train Epoch: 10 [33280/60000 (55%)]	Loss: 122.817444
[2022-10-20 01:13:22] PRINT Train Epoch: 10 [34560/60000 (58%)]	Loss: 128.345093
[2022-10-20 01:13:22] PRINT Train Epoch: 10 [35840/60000 (60%)]	Loss: 120.484833
[2022-10-20 01:13:22] PRINT Train Epoch: 10 [37120/60000 (62%)]	Loss: 121.373344
[2022-10-20 01:13:22] PRINT Train Epoch: 10 [38400/60000 (64%)]	Loss: 127.208725
[2022-10-20 01:13:23] PRINT Train Epoch: 10 [39680/60000 (66%)]	Loss: 122.776596
[2022-10-20 01:13:23] PRINT Train Epoch: 10 [40960/60000 (68%)]	Loss: 131.255707
[2022-10-20 01:13:23] PRINT Train Epoch: 10 [42240/60000 (70%)]	Loss: 118.327065
[2022-10-20 01:13:23] PRINT Train Epoch: 10 [43520/60000 (72%)]	Loss: 120.897583
[2022-10-20 01:13:23] PRINT Train Epoch: 10 [44800/60000 (75%)]	Loss: 127.855263
[2022-10-20 01:13:23] PRINT Train Epoch: 10 [46080/60000 (77%)]	Loss: 122.421951
[2022-10-20 01:13:23] PRINT Train Epoch: 10 [47360/60000 (79%)]	Loss: 122.828484
[2022-10-20 01:13:23] PRINT Train Epoch: 10 [48640/60000 (81%)]	Loss: 118.602180
[2022-10-20 01:13:23] PRINT Train Epoch: 10 [49920/60000 (83%)]	Loss: 122.974701
[2022-10-20 01:13:23] PRINT Train Epoch: 10 [51200/60000 (85%)]	Loss: 116.618477
[2022-10-20 01:13:23] PRINT Train Epoch: 10 [52480/60000 (87%)]	Loss: 122.753670
[2022-10-20 01:13:24] PRINT Train Epoch: 10 [53760/60000 (90%)]	Loss: 123.864609
[2022-10-20 01:13:24] PRINT Train Epoch: 10 [55040/60000 (92%)]	Loss: 117.814995
[2022-10-20 01:13:24] PRINT Train Epoch: 10 [56320/60000 (94%)]	Loss: 122.337555
[2022-10-20 01:13:24] PRINT Train Epoch: 10 [57600/60000 (96%)]	Loss: 124.767609
[2022-10-20 01:13:24] PRINT Train Epoch: 10 [58880/60000 (98%)]	Loss: 120.286087
[2022-10-20 01:13:24] PRINT ====> Epoch: 10 Average loss: 122.7451
[2022-10-20 01:13:25] PRINT ====> Test set loss: 122.2954
