[2022-10-19 23:41:12] PRINT {'features1': 500, 'features2': 30, 'lr': 0.0003066351269150412, 'epsilon': 1e-06}
[2022-10-19 23:41:12] PRINT Using cuda device
[2022-10-19 23:41:13] PRINT Train Epoch: 1 [0/60000 (0%)]	Loss: 548.737915
[2022-10-19 23:41:13] PRINT Train Epoch: 1 [1280/60000 (2%)]	Loss: 445.159760
[2022-10-19 23:41:13] PRINT Train Epoch: 1 [2560/60000 (4%)]	Loss: 322.732574
[2022-10-19 23:41:14] PRINT Train Epoch: 1 [3840/60000 (6%)]	Loss: 279.100677
[2022-10-19 23:41:14] PRINT Train Epoch: 1 [5120/60000 (9%)]	Loss: 257.967621
[2022-10-19 23:41:14] PRINT Train Epoch: 1 [6400/60000 (11%)]	Loss: 235.002060
[2022-10-19 23:41:14] PRINT Train Epoch: 1 [7680/60000 (13%)]	Loss: 228.148056
[2022-10-19 23:41:14] PRINT Train Epoch: 1 [8960/60000 (15%)]	Loss: 228.068314
[2022-10-19 23:41:14] PRINT Train Epoch: 1 [10240/60000 (17%)]	Loss: 217.225540
[2022-10-19 23:41:14] PRINT Train Epoch: 1 [11520/60000 (19%)]	Loss: 215.618988
[2022-10-19 23:41:14] PRINT Train Epoch: 1 [12800/60000 (21%)]	Loss: 220.384308
[2022-10-19 23:41:14] PRINT Train Epoch: 1 [14080/60000 (23%)]	Loss: 218.287567
[2022-10-19 23:41:14] PRINT Train Epoch: 1 [15360/60000 (26%)]	Loss: 207.805405
[2022-10-19 23:41:15] PRINT Train Epoch: 1 [16640/60000 (28%)]	Loss: 216.660294
[2022-10-19 23:41:15] PRINT Train Epoch: 1 [17920/60000 (30%)]	Loss: 202.746964
[2022-10-19 23:41:15] PRINT Train Epoch: 1 [19200/60000 (32%)]	Loss: 198.580597
[2022-10-19 23:41:15] PRINT Train Epoch: 1 [20480/60000 (34%)]	Loss: 201.744812
[2022-10-19 23:41:15] PRINT Train Epoch: 1 [21760/60000 (36%)]	Loss: 192.198807
[2022-10-19 23:41:15] PRINT Train Epoch: 1 [23040/60000 (38%)]	Loss: 195.444260
[2022-10-19 23:41:15] PRINT Train Epoch: 1 [24320/60000 (41%)]	Loss: 191.049667
[2022-10-19 23:41:15] PRINT Train Epoch: 1 [25600/60000 (43%)]	Loss: 185.928772
[2022-10-19 23:41:15] PRINT Train Epoch: 1 [26880/60000 (45%)]	Loss: 178.317581
[2022-10-19 23:41:16] PRINT Train Epoch: 1 [28160/60000 (47%)]	Loss: 171.989792
[2022-10-19 23:41:16] PRINT Train Epoch: 1 [29440/60000 (49%)]	Loss: 175.142517
[2022-10-19 23:41:16] PRINT Train Epoch: 1 [30720/60000 (51%)]	Loss: 169.140579
[2022-10-19 23:41:16] PRINT Train Epoch: 1 [32000/60000 (53%)]	Loss: 175.769531
[2022-10-19 23:41:16] PRINT Train Epoch: 1 [33280/60000 (55%)]	Loss: 167.542801
[2022-10-19 23:41:16] PRINT Train Epoch: 1 [34560/60000 (58%)]	Loss: 170.240128
[2022-10-19 23:41:16] PRINT Train Epoch: 1 [35840/60000 (60%)]	Loss: 172.539948
[2022-10-19 23:41:16] PRINT Train Epoch: 1 [37120/60000 (62%)]	Loss: 168.875137
[2022-10-19 23:41:16] PRINT Train Epoch: 1 [38400/60000 (64%)]	Loss: 168.607651
[2022-10-19 23:41:16] PRINT Train Epoch: 1 [39680/60000 (66%)]	Loss: 169.290802
[2022-10-19 23:41:17] PRINT Train Epoch: 1 [40960/60000 (68%)]	Loss: 165.625107
[2022-10-19 23:41:17] PRINT Train Epoch: 1 [42240/60000 (70%)]	Loss: 159.012009
[2022-10-19 23:41:17] PRINT Train Epoch: 1 [43520/60000 (72%)]	Loss: 163.223572
[2022-10-19 23:41:17] PRINT Train Epoch: 1 [44800/60000 (75%)]	Loss: 164.392151
[2022-10-19 23:41:17] PRINT Train Epoch: 1 [46080/60000 (77%)]	Loss: 162.316284
[2022-10-19 23:41:17] PRINT Train Epoch: 1 [47360/60000 (79%)]	Loss: 160.285461
[2022-10-19 23:41:17] PRINT Train Epoch: 1 [48640/60000 (81%)]	Loss: 164.022980
[2022-10-19 23:41:17] PRINT Train Epoch: 1 [49920/60000 (83%)]	Loss: 160.103699
[2022-10-19 23:41:17] PRINT Train Epoch: 1 [51200/60000 (85%)]	Loss: 155.920807
[2022-10-19 23:41:17] PRINT Train Epoch: 1 [52480/60000 (87%)]	Loss: 158.202835
[2022-10-19 23:41:18] PRINT Train Epoch: 1 [53760/60000 (90%)]	Loss: 151.162292
[2022-10-19 23:41:18] PRINT Train Epoch: 1 [55040/60000 (92%)]	Loss: 151.070312
[2022-10-19 23:41:18] PRINT Train Epoch: 1 [56320/60000 (94%)]	Loss: 155.764938
[2022-10-19 23:41:18] PRINT Train Epoch: 1 [57600/60000 (96%)]	Loss: 149.842804
[2022-10-19 23:41:18] PRINT Train Epoch: 1 [58880/60000 (98%)]	Loss: 156.424683
[2022-10-19 23:41:18] PRINT ====> Epoch: 1 Average loss: 196.3153
[2022-10-19 23:41:19] PRINT ====> Test set loss: 150.1055
[2022-10-19 23:41:19] PRINT Train Epoch: 2 [0/60000 (0%)]	Loss: 153.027039
[2022-10-19 23:41:19] PRINT Train Epoch: 2 [1280/60000 (2%)]	Loss: 147.093918
[2022-10-19 23:41:19] PRINT Train Epoch: 2 [2560/60000 (4%)]	Loss: 156.699387
[2022-10-19 23:41:19] PRINT Train Epoch: 2 [3840/60000 (6%)]	Loss: 144.450867
[2022-10-19 23:41:20] PRINT Train Epoch: 2 [5120/60000 (9%)]	Loss: 142.107574
[2022-10-19 23:41:20] PRINT Train Epoch: 2 [6400/60000 (11%)]	Loss: 143.240845
[2022-10-19 23:41:20] PRINT Train Epoch: 2 [7680/60000 (13%)]	Loss: 148.646149
[2022-10-19 23:41:20] PRINT Train Epoch: 2 [8960/60000 (15%)]	Loss: 146.634491
[2022-10-19 23:41:20] PRINT Train Epoch: 2 [10240/60000 (17%)]	Loss: 146.379318
[2022-10-19 23:41:20] PRINT Train Epoch: 2 [11520/60000 (19%)]	Loss: 141.879227
[2022-10-19 23:41:20] PRINT Train Epoch: 2 [12800/60000 (21%)]	Loss: 147.330322
[2022-10-19 23:41:20] PRINT Train Epoch: 2 [14080/60000 (23%)]	Loss: 145.772263
[2022-10-19 23:41:20] PRINT Train Epoch: 2 [15360/60000 (26%)]	Loss: 139.339752
[2022-10-19 23:41:20] PRINT Train Epoch: 2 [16640/60000 (28%)]	Loss: 143.345383
[2022-10-19 23:41:21] PRINT Train Epoch: 2 [17920/60000 (30%)]	Loss: 142.388275
[2022-10-19 23:41:21] PRINT Train Epoch: 2 [19200/60000 (32%)]	Loss: 141.050186
[2022-10-19 23:41:21] PRINT Train Epoch: 2 [20480/60000 (34%)]	Loss: 146.622147
[2022-10-19 23:41:21] PRINT Train Epoch: 2 [21760/60000 (36%)]	Loss: 146.355316
[2022-10-19 23:41:21] PRINT Train Epoch: 2 [23040/60000 (38%)]	Loss: 140.554672
[2022-10-19 23:41:21] PRINT Train Epoch: 2 [24320/60000 (41%)]	Loss: 140.556274
[2022-10-19 23:41:21] PRINT Train Epoch: 2 [25600/60000 (43%)]	Loss: 140.786926
[2022-10-19 23:41:21] PRINT Train Epoch: 2 [26880/60000 (45%)]	Loss: 138.212814
[2022-10-19 23:41:21] PRINT Train Epoch: 2 [28160/60000 (47%)]	Loss: 139.843353
[2022-10-19 23:41:22] PRINT Train Epoch: 2 [29440/60000 (49%)]	Loss: 138.482208
[2022-10-19 23:41:22] PRINT Train Epoch: 2 [30720/60000 (51%)]	Loss: 134.165482
[2022-10-19 23:41:22] PRINT Train Epoch: 2 [32000/60000 (53%)]	Loss: 135.526215
[2022-10-19 23:41:22] PRINT Train Epoch: 2 [33280/60000 (55%)]	Loss: 141.162277
[2022-10-19 23:41:22] PRINT Train Epoch: 2 [34560/60000 (58%)]	Loss: 136.121567
[2022-10-19 23:41:22] PRINT Train Epoch: 2 [35840/60000 (60%)]	Loss: 135.726242
[2022-10-19 23:41:22] PRINT Train Epoch: 2 [37120/60000 (62%)]	Loss: 136.104324
[2022-10-19 23:41:22] PRINT Train Epoch: 2 [38400/60000 (64%)]	Loss: 135.687561
[2022-10-19 23:41:22] PRINT Train Epoch: 2 [39680/60000 (66%)]	Loss: 135.290817
[2022-10-19 23:41:23] PRINT Train Epoch: 2 [40960/60000 (68%)]	Loss: 133.360199
[2022-10-19 23:41:23] PRINT Train Epoch: 2 [42240/60000 (70%)]	Loss: 133.459534
[2022-10-19 23:41:23] PRINT Train Epoch: 2 [43520/60000 (72%)]	Loss: 133.377350
[2022-10-19 23:41:23] PRINT Train Epoch: 2 [44800/60000 (75%)]	Loss: 136.112732
[2022-10-19 23:41:23] PRINT Train Epoch: 2 [46080/60000 (77%)]	Loss: 134.761292
[2022-10-19 23:41:23] PRINT Train Epoch: 2 [47360/60000 (79%)]	Loss: 138.195389
[2022-10-19 23:41:23] PRINT Train Epoch: 2 [48640/60000 (81%)]	Loss: 131.044052
[2022-10-19 23:41:23] PRINT Train Epoch: 2 [49920/60000 (83%)]	Loss: 133.042908
[2022-10-19 23:41:23] PRINT Train Epoch: 2 [51200/60000 (85%)]	Loss: 137.043137
[2022-10-19 23:41:23] PRINT Train Epoch: 2 [52480/60000 (87%)]	Loss: 132.667984
[2022-10-19 23:41:24] PRINT Train Epoch: 2 [53760/60000 (90%)]	Loss: 136.178497
[2022-10-19 23:41:24] PRINT Train Epoch: 2 [55040/60000 (92%)]	Loss: 130.371490
[2022-10-19 23:41:24] PRINT Train Epoch: 2 [56320/60000 (94%)]	Loss: 128.948837
[2022-10-19 23:41:24] PRINT Train Epoch: 2 [57600/60000 (96%)]	Loss: 131.479156
[2022-10-19 23:41:24] PRINT Train Epoch: 2 [58880/60000 (98%)]	Loss: 133.363571
[2022-10-19 23:41:24] PRINT ====> Epoch: 2 Average loss: 139.4648
[2022-10-19 23:41:25] PRINT ====> Test set loss: 130.3638
[2022-10-19 23:41:25] PRINT Train Epoch: 3 [0/60000 (0%)]	Loss: 131.271408
[2022-10-19 23:41:25] PRINT Train Epoch: 3 [1280/60000 (2%)]	Loss: 127.245621
[2022-10-19 23:41:25] PRINT Train Epoch: 3 [2560/60000 (4%)]	Loss: 128.473389
[2022-10-19 23:41:25] PRINT Train Epoch: 3 [3840/60000 (6%)]	Loss: 131.718658
[2022-10-19 23:41:25] PRINT Train Epoch: 3 [5120/60000 (9%)]	Loss: 129.157364
[2022-10-19 23:41:25] PRINT Train Epoch: 3 [6400/60000 (11%)]	Loss: 131.223068
[2022-10-19 23:41:26] PRINT Train Epoch: 3 [7680/60000 (13%)]	Loss: 128.221817
[2022-10-19 23:41:26] PRINT Train Epoch: 3 [8960/60000 (15%)]	Loss: 128.629929
[2022-10-19 23:41:26] PRINT Train Epoch: 3 [10240/60000 (17%)]	Loss: 125.671036
[2022-10-19 23:41:26] PRINT Train Epoch: 3 [11520/60000 (19%)]	Loss: 131.757111
[2022-10-19 23:41:26] PRINT Train Epoch: 3 [12800/60000 (21%)]	Loss: 131.370926
[2022-10-19 23:41:26] PRINT Train Epoch: 3 [14080/60000 (23%)]	Loss: 127.751038
[2022-10-19 23:41:26] PRINT Train Epoch: 3 [15360/60000 (26%)]	Loss: 127.294174
[2022-10-19 23:41:26] PRINT Train Epoch: 3 [16640/60000 (28%)]	Loss: 127.894073
[2022-10-19 23:41:26] PRINT Train Epoch: 3 [17920/60000 (30%)]	Loss: 127.144463
[2022-10-19 23:41:27] PRINT Train Epoch: 3 [19200/60000 (32%)]	Loss: 128.058182
[2022-10-19 23:41:27] PRINT Train Epoch: 3 [20480/60000 (34%)]	Loss: 127.182144
[2022-10-19 23:41:27] PRINT Train Epoch: 3 [21760/60000 (36%)]	Loss: 130.343353
[2022-10-19 23:41:27] PRINT Train Epoch: 3 [23040/60000 (38%)]	Loss: 126.015800
[2022-10-19 23:41:27] PRINT Train Epoch: 3 [24320/60000 (41%)]	Loss: 129.623138
[2022-10-19 23:41:27] PRINT Train Epoch: 3 [25600/60000 (43%)]	Loss: 129.023819
[2022-10-19 23:41:27] PRINT Train Epoch: 3 [26880/60000 (45%)]	Loss: 136.608994
[2022-10-19 23:41:27] PRINT Train Epoch: 3 [28160/60000 (47%)]	Loss: 131.264557
[2022-10-19 23:41:27] PRINT Train Epoch: 3 [29440/60000 (49%)]	Loss: 123.709908
[2022-10-19 23:41:27] PRINT Train Epoch: 3 [30720/60000 (51%)]	Loss: 130.859467
[2022-10-19 23:41:28] PRINT Train Epoch: 3 [32000/60000 (53%)]	Loss: 129.348648
[2022-10-19 23:41:28] PRINT Train Epoch: 3 [33280/60000 (55%)]	Loss: 123.370941
[2022-10-19 23:41:28] PRINT Train Epoch: 3 [34560/60000 (58%)]	Loss: 128.985107
[2022-10-19 23:41:28] PRINT Train Epoch: 3 [35840/60000 (60%)]	Loss: 122.664551
[2022-10-19 23:41:28] PRINT Train Epoch: 3 [37120/60000 (62%)]	Loss: 128.477875
[2022-10-19 23:41:28] PRINT Train Epoch: 3 [38400/60000 (64%)]	Loss: 127.035370
[2022-10-19 23:41:28] PRINT Train Epoch: 3 [39680/60000 (66%)]	Loss: 126.574577
[2022-10-19 23:41:28] PRINT Train Epoch: 3 [40960/60000 (68%)]	Loss: 123.366470
[2022-10-19 23:41:28] PRINT Train Epoch: 3 [42240/60000 (70%)]	Loss: 123.801147
[2022-10-19 23:41:28] PRINT Train Epoch: 3 [43520/60000 (72%)]	Loss: 119.105789
[2022-10-19 23:41:29] PRINT Train Epoch: 3 [44800/60000 (75%)]	Loss: 128.036285
[2022-10-19 23:41:29] PRINT Train Epoch: 3 [46080/60000 (77%)]	Loss: 128.486069
[2022-10-19 23:41:29] PRINT Train Epoch: 3 [47360/60000 (79%)]	Loss: 124.328758
[2022-10-19 23:41:29] PRINT Train Epoch: 3 [48640/60000 (81%)]	Loss: 130.469162
[2022-10-19 23:41:29] PRINT Train Epoch: 3 [49920/60000 (83%)]	Loss: 127.616753
[2022-10-19 23:41:29] PRINT Train Epoch: 3 [51200/60000 (85%)]	Loss: 128.722824
[2022-10-19 23:41:29] PRINT Train Epoch: 3 [52480/60000 (87%)]	Loss: 125.303703
[2022-10-19 23:41:29] PRINT Train Epoch: 3 [53760/60000 (90%)]	Loss: 122.909752
[2022-10-19 23:41:29] PRINT Train Epoch: 3 [55040/60000 (92%)]	Loss: 126.054977
[2022-10-19 23:41:30] PRINT Train Epoch: 3 [56320/60000 (94%)]	Loss: 125.003586
[2022-10-19 23:41:30] PRINT Train Epoch: 3 [57600/60000 (96%)]	Loss: 128.434097
[2022-10-19 23:41:30] PRINT Train Epoch: 3 [58880/60000 (98%)]	Loss: 124.176933
[2022-10-19 23:41:30] PRINT ====> Epoch: 3 Average loss: 127.2773
[2022-10-19 23:41:31] PRINT ====> Test set loss: 122.4254
[2022-10-19 23:41:31] PRINT Train Epoch: 4 [0/60000 (0%)]	Loss: 124.959816
[2022-10-19 23:41:31] PRINT Train Epoch: 4 [1280/60000 (2%)]	Loss: 121.777939
[2022-10-19 23:41:31] PRINT Train Epoch: 4 [2560/60000 (4%)]	Loss: 124.406593
[2022-10-19 23:41:31] PRINT Train Epoch: 4 [3840/60000 (6%)]	Loss: 123.275078
[2022-10-19 23:41:31] PRINT Train Epoch: 4 [5120/60000 (9%)]	Loss: 125.275391
[2022-10-19 23:41:31] PRINT Train Epoch: 4 [6400/60000 (11%)]	Loss: 121.720840
[2022-10-19 23:41:31] PRINT Train Epoch: 4 [7680/60000 (13%)]	Loss: 127.285278
[2022-10-19 23:41:32] PRINT Train Epoch: 4 [8960/60000 (15%)]	Loss: 123.537140
[2022-10-19 23:41:32] PRINT Train Epoch: 4 [10240/60000 (17%)]	Loss: 120.826660
[2022-10-19 23:41:32] PRINT Train Epoch: 4 [11520/60000 (19%)]	Loss: 128.403336
[2022-10-19 23:41:32] PRINT Train Epoch: 4 [12800/60000 (21%)]	Loss: 121.253189
[2022-10-19 23:41:32] PRINT Train Epoch: 4 [14080/60000 (23%)]	Loss: 122.976364
[2022-10-19 23:41:32] PRINT Train Epoch: 4 [15360/60000 (26%)]	Loss: 120.546463
[2022-10-19 23:41:32] PRINT Train Epoch: 4 [16640/60000 (28%)]	Loss: 123.833145
[2022-10-19 23:41:32] PRINT Train Epoch: 4 [17920/60000 (30%)]	Loss: 121.913040
[2022-10-19 23:41:32] PRINT Train Epoch: 4 [19200/60000 (32%)]	Loss: 123.090012
[2022-10-19 23:41:32] PRINT Train Epoch: 4 [20480/60000 (34%)]	Loss: 120.801094
[2022-10-19 23:41:33] PRINT Train Epoch: 4 [21760/60000 (36%)]	Loss: 120.052856
[2022-10-19 23:41:33] PRINT Train Epoch: 4 [23040/60000 (38%)]	Loss: 123.725067
[2022-10-19 23:41:33] PRINT Train Epoch: 4 [24320/60000 (41%)]	Loss: 124.651611
[2022-10-19 23:41:33] PRINT Train Epoch: 4 [25600/60000 (43%)]	Loss: 119.690536
[2022-10-19 23:41:33] PRINT Train Epoch: 4 [26880/60000 (45%)]	Loss: 124.009033
[2022-10-19 23:41:33] PRINT Train Epoch: 4 [28160/60000 (47%)]	Loss: 120.099213
[2022-10-19 23:41:33] PRINT Train Epoch: 4 [29440/60000 (49%)]	Loss: 116.327187
[2022-10-19 23:41:33] PRINT Train Epoch: 4 [30720/60000 (51%)]	Loss: 119.104599
[2022-10-19 23:41:33] PRINT Train Epoch: 4 [32000/60000 (53%)]	Loss: 117.598648
[2022-10-19 23:41:34] PRINT Train Epoch: 4 [33280/60000 (55%)]	Loss: 120.748886
[2022-10-19 23:41:34] PRINT Train Epoch: 4 [34560/60000 (58%)]	Loss: 117.652328
[2022-10-19 23:41:34] PRINT Train Epoch: 4 [35840/60000 (60%)]	Loss: 119.044785
[2022-10-19 23:41:34] PRINT Train Epoch: 4 [37120/60000 (62%)]	Loss: 119.938309
[2022-10-19 23:41:34] PRINT Train Epoch: 4 [38400/60000 (64%)]	Loss: 121.563400
[2022-10-19 23:41:34] PRINT Train Epoch: 4 [39680/60000 (66%)]	Loss: 119.284348
[2022-10-19 23:41:34] PRINT Train Epoch: 4 [40960/60000 (68%)]	Loss: 118.402390
[2022-10-19 23:41:34] PRINT Train Epoch: 4 [42240/60000 (70%)]	Loss: 119.414352
[2022-10-19 23:41:34] PRINT Train Epoch: 4 [43520/60000 (72%)]	Loss: 118.456314
[2022-10-19 23:41:34] PRINT Train Epoch: 4 [44800/60000 (75%)]	Loss: 122.286720
[2022-10-19 23:41:35] PRINT Train Epoch: 4 [46080/60000 (77%)]	Loss: 119.478142
[2022-10-19 23:41:35] PRINT Train Epoch: 4 [47360/60000 (79%)]	Loss: 125.040039
[2022-10-19 23:41:35] PRINT Train Epoch: 4 [48640/60000 (81%)]	Loss: 122.094086
[2022-10-19 23:41:35] PRINT Train Epoch: 4 [49920/60000 (83%)]	Loss: 119.689774
[2022-10-19 23:41:35] PRINT Train Epoch: 4 [51200/60000 (85%)]	Loss: 120.030159
[2022-10-19 23:41:35] PRINT Train Epoch: 4 [52480/60000 (87%)]	Loss: 118.141655
[2022-10-19 23:41:35] PRINT Train Epoch: 4 [53760/60000 (90%)]	Loss: 122.044067
[2022-10-19 23:41:35] PRINT Train Epoch: 4 [55040/60000 (92%)]	Loss: 117.026085
[2022-10-19 23:41:35] PRINT Train Epoch: 4 [56320/60000 (94%)]	Loss: 118.277496
[2022-10-19 23:41:36] PRINT Train Epoch: 4 [57600/60000 (96%)]	Loss: 117.988899
[2022-10-19 23:41:36] PRINT Train Epoch: 4 [58880/60000 (98%)]	Loss: 120.160217
[2022-10-19 23:41:36] PRINT ====> Epoch: 4 Average loss: 121.0570
[2022-10-19 23:41:37] PRINT ====> Test set loss: 117.8518
[2022-10-19 23:41:37] PRINT Train Epoch: 5 [0/60000 (0%)]	Loss: 119.363487
[2022-10-19 23:41:37] PRINT Train Epoch: 5 [1280/60000 (2%)]	Loss: 118.824844
[2022-10-19 23:41:37] PRINT Train Epoch: 5 [2560/60000 (4%)]	Loss: 122.810593
[2022-10-19 23:41:37] PRINT Train Epoch: 5 [3840/60000 (6%)]	Loss: 116.906097
[2022-10-19 23:41:37] PRINT Train Epoch: 5 [5120/60000 (9%)]	Loss: 124.024345
[2022-10-19 23:41:37] PRINT Train Epoch: 5 [6400/60000 (11%)]	Loss: 120.905930
[2022-10-19 23:41:37] PRINT Train Epoch: 5 [7680/60000 (13%)]	Loss: 118.196907
[2022-10-19 23:41:37] PRINT Train Epoch: 5 [8960/60000 (15%)]	Loss: 115.153198
[2022-10-19 23:41:37] PRINT Train Epoch: 5 [10240/60000 (17%)]	Loss: 116.342789
[2022-10-19 23:41:38] PRINT Train Epoch: 5 [11520/60000 (19%)]	Loss: 120.276466
[2022-10-19 23:41:38] PRINT Train Epoch: 5 [12800/60000 (21%)]	Loss: 116.844086
[2022-10-19 23:41:38] PRINT Train Epoch: 5 [14080/60000 (23%)]	Loss: 119.887482
[2022-10-19 23:41:38] PRINT Train Epoch: 5 [15360/60000 (26%)]	Loss: 123.211975
[2022-10-19 23:41:38] PRINT Train Epoch: 5 [16640/60000 (28%)]	Loss: 117.521774
[2022-10-19 23:41:38] PRINT Train Epoch: 5 [17920/60000 (30%)]	Loss: 121.592766
[2022-10-19 23:41:38] PRINT Train Epoch: 5 [19200/60000 (32%)]	Loss: 119.355331
[2022-10-19 23:41:38] PRINT Train Epoch: 5 [20480/60000 (34%)]	Loss: 115.647461
[2022-10-19 23:41:38] PRINT Train Epoch: 5 [21760/60000 (36%)]	Loss: 121.960922
[2022-10-19 23:41:38] PRINT Train Epoch: 5 [23040/60000 (38%)]	Loss: 116.764664
[2022-10-19 23:41:39] PRINT Train Epoch: 5 [24320/60000 (41%)]	Loss: 117.283218
[2022-10-19 23:41:39] PRINT Train Epoch: 5 [25600/60000 (43%)]	Loss: 118.678223
[2022-10-19 23:41:39] PRINT Train Epoch: 5 [26880/60000 (45%)]	Loss: 115.154480
[2022-10-19 23:41:39] PRINT Train Epoch: 5 [28160/60000 (47%)]	Loss: 114.551353
[2022-10-19 23:41:39] PRINT Train Epoch: 5 [29440/60000 (49%)]	Loss: 120.720291
[2022-10-19 23:41:39] PRINT Train Epoch: 5 [30720/60000 (51%)]	Loss: 116.952759
[2022-10-19 23:41:39] PRINT Train Epoch: 5 [32000/60000 (53%)]	Loss: 113.569366
[2022-10-19 23:41:39] PRINT Train Epoch: 5 [33280/60000 (55%)]	Loss: 112.180435
[2022-10-19 23:41:39] PRINT Train Epoch: 5 [34560/60000 (58%)]	Loss: 116.366325
[2022-10-19 23:41:40] PRINT Train Epoch: 5 [35840/60000 (60%)]	Loss: 117.678574
[2022-10-19 23:41:40] PRINT Train Epoch: 5 [37120/60000 (62%)]	Loss: 120.930084
[2022-10-19 23:41:40] PRINT Train Epoch: 5 [38400/60000 (64%)]	Loss: 116.003021
[2022-10-19 23:41:40] PRINT Train Epoch: 5 [39680/60000 (66%)]	Loss: 117.639954
[2022-10-19 23:41:40] PRINT Train Epoch: 5 [40960/60000 (68%)]	Loss: 114.722656
[2022-10-19 23:41:40] PRINT Train Epoch: 5 [42240/60000 (70%)]	Loss: 119.686066
[2022-10-19 23:41:40] PRINT Train Epoch: 5 [43520/60000 (72%)]	Loss: 118.789986
[2022-10-19 23:41:40] PRINT Train Epoch: 5 [44800/60000 (75%)]	Loss: 116.976868
[2022-10-19 23:41:40] PRINT Train Epoch: 5 [46080/60000 (77%)]	Loss: 115.099800
[2022-10-19 23:41:40] PRINT Train Epoch: 5 [47360/60000 (79%)]	Loss: 119.099594
[2022-10-19 23:41:41] PRINT Train Epoch: 5 [48640/60000 (81%)]	Loss: 117.037422
[2022-10-19 23:41:41] PRINT Train Epoch: 5 [49920/60000 (83%)]	Loss: 119.957977
[2022-10-19 23:41:41] PRINT Train Epoch: 5 [51200/60000 (85%)]	Loss: 114.547798
[2022-10-19 23:41:41] PRINT Train Epoch: 5 [52480/60000 (87%)]	Loss: 114.474411
[2022-10-19 23:41:41] PRINT Train Epoch: 5 [53760/60000 (90%)]	Loss: 116.031731
[2022-10-19 23:41:41] PRINT Train Epoch: 5 [55040/60000 (92%)]	Loss: 113.404785
[2022-10-19 23:41:41] PRINT Train Epoch: 5 [56320/60000 (94%)]	Loss: 117.437889
[2022-10-19 23:41:41] PRINT Train Epoch: 5 [57600/60000 (96%)]	Loss: 119.073433
[2022-10-19 23:41:41] PRINT Train Epoch: 5 [58880/60000 (98%)]	Loss: 112.189346
[2022-10-19 23:41:41] PRINT ====> Epoch: 5 Average loss: 117.2952
[2022-10-19 23:41:42] PRINT ====> Test set loss: 114.9134
[2022-10-19 23:41:42] PRINT Train Epoch: 6 [0/60000 (0%)]	Loss: 116.752579
[2022-10-19 23:41:43] PRINT Train Epoch: 6 [1280/60000 (2%)]	Loss: 111.938683
[2022-10-19 23:41:43] PRINT Train Epoch: 6 [2560/60000 (4%)]	Loss: 119.048813
[2022-10-19 23:41:43] PRINT Train Epoch: 6 [3840/60000 (6%)]	Loss: 115.682320
[2022-10-19 23:41:43] PRINT Train Epoch: 6 [5120/60000 (9%)]	Loss: 116.798409
[2022-10-19 23:41:43] PRINT Train Epoch: 6 [6400/60000 (11%)]	Loss: 117.729446
[2022-10-19 23:41:43] PRINT Train Epoch: 6 [7680/60000 (13%)]	Loss: 114.121307
[2022-10-19 23:41:43] PRINT Train Epoch: 6 [8960/60000 (15%)]	Loss: 113.543480
[2022-10-19 23:41:43] PRINT Train Epoch: 6 [10240/60000 (17%)]	Loss: 115.492783
[2022-10-19 23:41:43] PRINT Train Epoch: 6 [11520/60000 (19%)]	Loss: 114.757179
[2022-10-19 23:41:43] PRINT Train Epoch: 6 [12800/60000 (21%)]	Loss: 117.574966
[2022-10-19 23:41:44] PRINT Train Epoch: 6 [14080/60000 (23%)]	Loss: 111.854195
[2022-10-19 23:41:44] PRINT Train Epoch: 6 [15360/60000 (26%)]	Loss: 113.627983
[2022-10-19 23:41:44] PRINT Train Epoch: 6 [16640/60000 (28%)]	Loss: 113.434967
[2022-10-19 23:41:44] PRINT Train Epoch: 6 [17920/60000 (30%)]	Loss: 114.775116
[2022-10-19 23:41:44] PRINT Train Epoch: 6 [19200/60000 (32%)]	Loss: 117.268211
[2022-10-19 23:41:44] PRINT Train Epoch: 6 [20480/60000 (34%)]	Loss: 119.752274
[2022-10-19 23:41:44] PRINT Train Epoch: 6 [21760/60000 (36%)]	Loss: 117.286331
[2022-10-19 23:41:44] PRINT Train Epoch: 6 [23040/60000 (38%)]	Loss: 112.098045
[2022-10-19 23:41:44] PRINT Train Epoch: 6 [24320/60000 (41%)]	Loss: 115.377502
[2022-10-19 23:41:45] PRINT Train Epoch: 6 [25600/60000 (43%)]	Loss: 111.429619
[2022-10-19 23:41:45] PRINT Train Epoch: 6 [26880/60000 (45%)]	Loss: 113.974770
[2022-10-19 23:41:45] PRINT Train Epoch: 6 [28160/60000 (47%)]	Loss: 117.149254
[2022-10-19 23:41:45] PRINT Train Epoch: 6 [29440/60000 (49%)]	Loss: 112.263725
[2022-10-19 23:41:45] PRINT Train Epoch: 6 [30720/60000 (51%)]	Loss: 112.811478
[2022-10-19 23:41:45] PRINT Train Epoch: 6 [32000/60000 (53%)]	Loss: 113.287392
[2022-10-19 23:41:45] PRINT Train Epoch: 6 [33280/60000 (55%)]	Loss: 111.466202
[2022-10-19 23:41:45] PRINT Train Epoch: 6 [34560/60000 (58%)]	Loss: 116.565491
[2022-10-19 23:41:45] PRINT Train Epoch: 6 [35840/60000 (60%)]	Loss: 116.539688
[2022-10-19 23:41:45] PRINT Train Epoch: 6 [37120/60000 (62%)]	Loss: 115.019821
[2022-10-19 23:41:46] PRINT Train Epoch: 6 [38400/60000 (64%)]	Loss: 112.389999
[2022-10-19 23:41:46] PRINT Train Epoch: 6 [39680/60000 (66%)]	Loss: 111.171669
[2022-10-19 23:41:46] PRINT Train Epoch: 6 [40960/60000 (68%)]	Loss: 113.812469
[2022-10-19 23:41:46] PRINT Train Epoch: 6 [42240/60000 (70%)]	Loss: 114.876343
[2022-10-19 23:41:46] PRINT Train Epoch: 6 [43520/60000 (72%)]	Loss: 111.707901
[2022-10-19 23:41:46] PRINT Train Epoch: 6 [44800/60000 (75%)]	Loss: 111.340881
[2022-10-19 23:41:46] PRINT Train Epoch: 6 [46080/60000 (77%)]	Loss: 115.844276
[2022-10-19 23:41:46] PRINT Train Epoch: 6 [47360/60000 (79%)]	Loss: 119.434708
[2022-10-19 23:41:46] PRINT Train Epoch: 6 [48640/60000 (81%)]	Loss: 109.118073
[2022-10-19 23:41:46] PRINT Train Epoch: 6 [49920/60000 (83%)]	Loss: 116.008896
[2022-10-19 23:41:47] PRINT Train Epoch: 6 [51200/60000 (85%)]	Loss: 114.705826
[2022-10-19 23:41:47] PRINT Train Epoch: 6 [52480/60000 (87%)]	Loss: 112.439835
[2022-10-19 23:41:47] PRINT Train Epoch: 6 [53760/60000 (90%)]	Loss: 117.552597
[2022-10-19 23:41:47] PRINT Train Epoch: 6 [55040/60000 (92%)]	Loss: 113.315552
[2022-10-19 23:41:47] PRINT Train Epoch: 6 [56320/60000 (94%)]	Loss: 116.878212
[2022-10-19 23:41:47] PRINT Train Epoch: 6 [57600/60000 (96%)]	Loss: 111.665573
[2022-10-19 23:41:47] PRINT Train Epoch: 6 [58880/60000 (98%)]	Loss: 115.808678
[2022-10-19 23:41:47] PRINT ====> Epoch: 6 Average loss: 114.8246
[2022-10-19 23:41:48] PRINT ====> Test set loss: 112.7135
[2022-10-19 23:41:48] PRINT Train Epoch: 7 [0/60000 (0%)]	Loss: 113.811264
[2022-10-19 23:41:48] PRINT Train Epoch: 7 [1280/60000 (2%)]	Loss: 113.828735
[2022-10-19 23:41:48] PRINT Train Epoch: 7 [2560/60000 (4%)]	Loss: 112.909225
[2022-10-19 23:41:49] PRINT Train Epoch: 7 [3840/60000 (6%)]	Loss: 108.694283
[2022-10-19 23:41:49] PRINT Train Epoch: 7 [5120/60000 (9%)]	Loss: 117.349121
[2022-10-19 23:41:49] PRINT Train Epoch: 7 [6400/60000 (11%)]	Loss: 113.357452
[2022-10-19 23:41:49] PRINT Train Epoch: 7 [7680/60000 (13%)]	Loss: 117.348389
[2022-10-19 23:41:49] PRINT Train Epoch: 7 [8960/60000 (15%)]	Loss: 112.266602
[2022-10-19 23:41:49] PRINT Train Epoch: 7 [10240/60000 (17%)]	Loss: 115.208466
[2022-10-19 23:41:49] PRINT Train Epoch: 7 [11520/60000 (19%)]	Loss: 115.217789
[2022-10-19 23:41:49] PRINT Train Epoch: 7 [12800/60000 (21%)]	Loss: 113.957100
[2022-10-19 23:41:49] PRINT Train Epoch: 7 [14080/60000 (23%)]	Loss: 115.264236
[2022-10-19 23:41:49] PRINT Train Epoch: 7 [15360/60000 (26%)]	Loss: 111.416626
[2022-10-19 23:41:50] PRINT Train Epoch: 7 [16640/60000 (28%)]	Loss: 112.252930
[2022-10-19 23:41:50] PRINT Train Epoch: 7 [17920/60000 (30%)]	Loss: 113.743362
[2022-10-19 23:41:50] PRINT Train Epoch: 7 [19200/60000 (32%)]	Loss: 116.226372
[2022-10-19 23:41:50] PRINT Train Epoch: 7 [20480/60000 (34%)]	Loss: 109.935776
[2022-10-19 23:41:50] PRINT Train Epoch: 7 [21760/60000 (36%)]	Loss: 113.031448
[2022-10-19 23:41:50] PRINT Train Epoch: 7 [23040/60000 (38%)]	Loss: 110.397247
[2022-10-19 23:41:50] PRINT Train Epoch: 7 [24320/60000 (41%)]	Loss: 112.910370
[2022-10-19 23:41:50] PRINT Train Epoch: 7 [25600/60000 (43%)]	Loss: 116.050537
[2022-10-19 23:41:50] PRINT Train Epoch: 7 [26880/60000 (45%)]	Loss: 110.306244
[2022-10-19 23:41:51] PRINT Train Epoch: 7 [28160/60000 (47%)]	Loss: 111.892845
[2022-10-19 23:41:51] PRINT Train Epoch: 7 [29440/60000 (49%)]	Loss: 109.679779
[2022-10-19 23:41:51] PRINT Train Epoch: 7 [30720/60000 (51%)]	Loss: 114.471985
[2022-10-19 23:41:51] PRINT Train Epoch: 7 [32000/60000 (53%)]	Loss: 114.350388
[2022-10-19 23:41:51] PRINT Train Epoch: 7 [33280/60000 (55%)]	Loss: 109.065247
[2022-10-19 23:41:51] PRINT Train Epoch: 7 [34560/60000 (58%)]	Loss: 113.524628
[2022-10-19 23:41:51] PRINT Train Epoch: 7 [35840/60000 (60%)]	Loss: 111.384926
[2022-10-19 23:41:51] PRINT Train Epoch: 7 [37120/60000 (62%)]	Loss: 114.690506
[2022-10-19 23:41:51] PRINT Train Epoch: 7 [38400/60000 (64%)]	Loss: 111.766365
[2022-10-19 23:41:51] PRINT Train Epoch: 7 [39680/60000 (66%)]	Loss: 113.016418
[2022-10-19 23:41:52] PRINT Train Epoch: 7 [40960/60000 (68%)]	Loss: 110.568787
[2022-10-19 23:41:52] PRINT Train Epoch: 7 [42240/60000 (70%)]	Loss: 114.380630
[2022-10-19 23:41:52] PRINT Train Epoch: 7 [43520/60000 (72%)]	Loss: 111.482376
[2022-10-19 23:41:52] PRINT Train Epoch: 7 [44800/60000 (75%)]	Loss: 113.013580
[2022-10-19 23:41:52] PRINT Train Epoch: 7 [46080/60000 (77%)]	Loss: 113.516876
[2022-10-19 23:41:52] PRINT Train Epoch: 7 [47360/60000 (79%)]	Loss: 110.603348
[2022-10-19 23:41:52] PRINT Train Epoch: 7 [48640/60000 (81%)]	Loss: 108.578568
[2022-10-19 23:41:52] PRINT Train Epoch: 7 [49920/60000 (83%)]	Loss: 113.089363
[2022-10-19 23:41:52] PRINT Train Epoch: 7 [51200/60000 (85%)]	Loss: 109.163544
[2022-10-19 23:41:52] PRINT Train Epoch: 7 [52480/60000 (87%)]	Loss: 107.307388
[2022-10-19 23:41:53] PRINT Train Epoch: 7 [53760/60000 (90%)]	Loss: 112.131897
[2022-10-19 23:41:53] PRINT Train Epoch: 7 [55040/60000 (92%)]	Loss: 109.905731
[2022-10-19 23:41:53] PRINT Train Epoch: 7 [56320/60000 (94%)]	Loss: 110.977234
[2022-10-19 23:41:53] PRINT Train Epoch: 7 [57600/60000 (96%)]	Loss: 111.624489
[2022-10-19 23:41:53] PRINT Train Epoch: 7 [58880/60000 (98%)]	Loss: 113.328156
[2022-10-19 23:41:53] PRINT ====> Epoch: 7 Average loss: 112.8956
[2022-10-19 23:41:54] PRINT ====> Test set loss: 111.3011
[2022-10-19 23:41:54] PRINT Train Epoch: 8 [0/60000 (0%)]	Loss: 111.037170
[2022-10-19 23:41:54] PRINT Train Epoch: 8 [1280/60000 (2%)]	Loss: 112.405548
[2022-10-19 23:41:54] PRINT Train Epoch: 8 [2560/60000 (4%)]	Loss: 111.978943
[2022-10-19 23:41:54] PRINT Train Epoch: 8 [3840/60000 (6%)]	Loss: 111.812775
[2022-10-19 23:41:54] PRINT Train Epoch: 8 [5120/60000 (9%)]	Loss: 108.832840
[2022-10-19 23:41:55] PRINT Train Epoch: 8 [6400/60000 (11%)]	Loss: 115.706123
[2022-10-19 23:41:55] PRINT Train Epoch: 8 [7680/60000 (13%)]	Loss: 113.398209
[2022-10-19 23:41:55] PRINT Train Epoch: 8 [8960/60000 (15%)]	Loss: 108.727623
[2022-10-19 23:41:55] PRINT Train Epoch: 8 [10240/60000 (17%)]	Loss: 110.517838
[2022-10-19 23:41:55] PRINT Train Epoch: 8 [11520/60000 (19%)]	Loss: 109.848564
[2022-10-19 23:41:55] PRINT Train Epoch: 8 [12800/60000 (21%)]	Loss: 110.781204
[2022-10-19 23:41:55] PRINT Train Epoch: 8 [14080/60000 (23%)]	Loss: 106.685204
[2022-10-19 23:41:55] PRINT Train Epoch: 8 [15360/60000 (26%)]	Loss: 110.417938
[2022-10-19 23:41:55] PRINT Train Epoch: 8 [16640/60000 (28%)]	Loss: 110.150856
[2022-10-19 23:41:55] PRINT Train Epoch: 8 [17920/60000 (30%)]	Loss: 110.603798
[2022-10-19 23:41:56] PRINT Train Epoch: 8 [19200/60000 (32%)]	Loss: 109.736832
[2022-10-19 23:41:56] PRINT Train Epoch: 8 [20480/60000 (34%)]	Loss: 109.641319
[2022-10-19 23:41:56] PRINT Train Epoch: 8 [21760/60000 (36%)]	Loss: 115.902222
[2022-10-19 23:41:56] PRINT Train Epoch: 8 [23040/60000 (38%)]	Loss: 112.139122
[2022-10-19 23:41:56] PRINT Train Epoch: 8 [24320/60000 (41%)]	Loss: 112.361649
[2022-10-19 23:41:56] PRINT Train Epoch: 8 [25600/60000 (43%)]	Loss: 109.505760
[2022-10-19 23:41:56] PRINT Train Epoch: 8 [26880/60000 (45%)]	Loss: 113.508453
[2022-10-19 23:41:56] PRINT Train Epoch: 8 [28160/60000 (47%)]	Loss: 106.781456
[2022-10-19 23:41:56] PRINT Train Epoch: 8 [29440/60000 (49%)]	Loss: 110.815811
[2022-10-19 23:41:57] PRINT Train Epoch: 8 [30720/60000 (51%)]	Loss: 113.366127
[2022-10-19 23:41:57] PRINT Train Epoch: 8 [32000/60000 (53%)]	Loss: 107.426376
[2022-10-19 23:41:57] PRINT Train Epoch: 8 [33280/60000 (55%)]	Loss: 109.211044
[2022-10-19 23:41:57] PRINT Train Epoch: 8 [34560/60000 (58%)]	Loss: 116.973274
[2022-10-19 23:41:57] PRINT Train Epoch: 8 [35840/60000 (60%)]	Loss: 112.346024
[2022-10-19 23:41:57] PRINT Train Epoch: 8 [37120/60000 (62%)]	Loss: 111.876945
[2022-10-19 23:41:57] PRINT Train Epoch: 8 [38400/60000 (64%)]	Loss: 111.652542
[2022-10-19 23:41:57] PRINT Train Epoch: 8 [39680/60000 (66%)]	Loss: 110.616409
[2022-10-19 23:41:57] PRINT Train Epoch: 8 [40960/60000 (68%)]	Loss: 112.557449
[2022-10-19 23:41:58] PRINT Train Epoch: 8 [42240/60000 (70%)]	Loss: 115.112045
[2022-10-19 23:41:58] PRINT Train Epoch: 8 [43520/60000 (72%)]	Loss: 112.499420
[2022-10-19 23:41:58] PRINT Train Epoch: 8 [44800/60000 (75%)]	Loss: 114.090607
[2022-10-19 23:41:58] PRINT Train Epoch: 8 [46080/60000 (77%)]	Loss: 109.167488
[2022-10-19 23:41:58] PRINT Train Epoch: 8 [47360/60000 (79%)]	Loss: 111.177727
[2022-10-19 23:41:58] PRINT Train Epoch: 8 [48640/60000 (81%)]	Loss: 111.768715
[2022-10-19 23:41:58] PRINT Train Epoch: 8 [49920/60000 (83%)]	Loss: 110.645699
[2022-10-19 23:41:58] PRINT Train Epoch: 8 [51200/60000 (85%)]	Loss: 112.146835
[2022-10-19 23:41:58] PRINT Train Epoch: 8 [52480/60000 (87%)]	Loss: 111.139114
[2022-10-19 23:41:58] PRINT Train Epoch: 8 [53760/60000 (90%)]	Loss: 113.114197
[2022-10-19 23:41:59] PRINT Train Epoch: 8 [55040/60000 (92%)]	Loss: 110.934616
[2022-10-19 23:41:59] PRINT Train Epoch: 8 [56320/60000 (94%)]	Loss: 109.845505
[2022-10-19 23:41:59] PRINT Train Epoch: 8 [57600/60000 (96%)]	Loss: 112.022881
[2022-10-19 23:41:59] PRINT Train Epoch: 8 [58880/60000 (98%)]	Loss: 108.105972
[2022-10-19 23:41:59] PRINT ====> Epoch: 8 Average loss: 111.5381
[2022-10-19 23:42:00] PRINT ====> Test set loss: 110.0772
[2022-10-19 23:42:00] PRINT Train Epoch: 9 [0/60000 (0%)]	Loss: 109.081841
[2022-10-19 23:42:00] PRINT Train Epoch: 9 [1280/60000 (2%)]	Loss: 110.580513
[2022-10-19 23:42:00] PRINT Train Epoch: 9 [2560/60000 (4%)]	Loss: 112.179504
[2022-10-19 23:42:00] PRINT Train Epoch: 9 [3840/60000 (6%)]	Loss: 104.862823
[2022-10-19 23:42:00] PRINT Train Epoch: 9 [5120/60000 (9%)]	Loss: 110.124557
[2022-10-19 23:42:00] PRINT Train Epoch: 9 [6400/60000 (11%)]	Loss: 109.718948
[2022-10-19 23:42:00] PRINT Train Epoch: 9 [7680/60000 (13%)]	Loss: 112.078148
[2022-10-19 23:42:01] PRINT Train Epoch: 9 [8960/60000 (15%)]	Loss: 114.017044
[2022-10-19 23:42:01] PRINT Train Epoch: 9 [10240/60000 (17%)]	Loss: 112.510674
[2022-10-19 23:42:01] PRINT Train Epoch: 9 [11520/60000 (19%)]	Loss: 112.118958
[2022-10-19 23:42:01] PRINT Train Epoch: 9 [12800/60000 (21%)]	Loss: 108.444054
[2022-10-19 23:42:01] PRINT Train Epoch: 9 [14080/60000 (23%)]	Loss: 108.266983
[2022-10-19 23:42:01] PRINT Train Epoch: 9 [15360/60000 (26%)]	Loss: 113.685898
[2022-10-19 23:42:01] PRINT Train Epoch: 9 [16640/60000 (28%)]	Loss: 106.612778
[2022-10-19 23:42:01] PRINT Train Epoch: 9 [17920/60000 (30%)]	Loss: 109.788445
[2022-10-19 23:42:01] PRINT Train Epoch: 9 [19200/60000 (32%)]	Loss: 109.511108
[2022-10-19 23:42:01] PRINT Train Epoch: 9 [20480/60000 (34%)]	Loss: 109.336555
[2022-10-19 23:42:02] PRINT Train Epoch: 9 [21760/60000 (36%)]	Loss: 114.923279
[2022-10-19 23:42:02] PRINT Train Epoch: 9 [23040/60000 (38%)]	Loss: 113.799019
[2022-10-19 23:42:02] PRINT Train Epoch: 9 [24320/60000 (41%)]	Loss: 111.212364
[2022-10-19 23:42:02] PRINT Train Epoch: 9 [25600/60000 (43%)]	Loss: 109.691406
[2022-10-19 23:42:02] PRINT Train Epoch: 9 [26880/60000 (45%)]	Loss: 113.630424
[2022-10-19 23:42:02] PRINT Train Epoch: 9 [28160/60000 (47%)]	Loss: 107.367493
[2022-10-19 23:42:02] PRINT Train Epoch: 9 [29440/60000 (49%)]	Loss: 109.829666
[2022-10-19 23:42:02] PRINT Train Epoch: 9 [30720/60000 (51%)]	Loss: 106.053261
[2022-10-19 23:42:02] PRINT Train Epoch: 9 [32000/60000 (53%)]	Loss: 114.331871
[2022-10-19 23:42:03] PRINT Train Epoch: 9 [33280/60000 (55%)]	Loss: 108.750984
[2022-10-19 23:42:03] PRINT Train Epoch: 9 [34560/60000 (58%)]	Loss: 115.948776
[2022-10-19 23:42:03] PRINT Train Epoch: 9 [35840/60000 (60%)]	Loss: 108.754494
[2022-10-19 23:42:03] PRINT Train Epoch: 9 [37120/60000 (62%)]	Loss: 109.548065
[2022-10-19 23:42:03] PRINT Train Epoch: 9 [38400/60000 (64%)]	Loss: 109.509315
[2022-10-19 23:42:03] PRINT Train Epoch: 9 [39680/60000 (66%)]	Loss: 109.541931
[2022-10-19 23:42:03] PRINT Train Epoch: 9 [40960/60000 (68%)]	Loss: 109.207260
[2022-10-19 23:42:03] PRINT Train Epoch: 9 [42240/60000 (70%)]	Loss: 113.947144
[2022-10-19 23:42:03] PRINT Train Epoch: 9 [43520/60000 (72%)]	Loss: 114.726509
[2022-10-19 23:42:03] PRINT Train Epoch: 9 [44800/60000 (75%)]	Loss: 111.187996
[2022-10-19 23:42:04] PRINT Train Epoch: 9 [46080/60000 (77%)]	Loss: 112.199394
[2022-10-19 23:42:04] PRINT Train Epoch: 9 [47360/60000 (79%)]	Loss: 106.562775
[2022-10-19 23:42:04] PRINT Train Epoch: 9 [48640/60000 (81%)]	Loss: 109.253761
[2022-10-19 23:42:04] PRINT Train Epoch: 9 [49920/60000 (83%)]	Loss: 110.434753
[2022-10-19 23:42:04] PRINT Train Epoch: 9 [51200/60000 (85%)]	Loss: 110.266785
[2022-10-19 23:42:04] PRINT Train Epoch: 9 [52480/60000 (87%)]	Loss: 116.770210
[2022-10-19 23:42:04] PRINT Train Epoch: 9 [53760/60000 (90%)]	Loss: 109.499245
[2022-10-19 23:42:04] PRINT Train Epoch: 9 [55040/60000 (92%)]	Loss: 110.028870
[2022-10-19 23:42:04] PRINT Train Epoch: 9 [56320/60000 (94%)]	Loss: 110.858383
[2022-10-19 23:42:04] PRINT Train Epoch: 9 [57600/60000 (96%)]	Loss: 110.366890
[2022-10-19 23:42:05] PRINT Train Epoch: 9 [58880/60000 (98%)]	Loss: 115.921585
[2022-10-19 23:42:05] PRINT ====> Epoch: 9 Average loss: 110.4560
[2022-10-19 23:42:06] PRINT ====> Test set loss: 109.1842
[2022-10-19 23:42:06] PRINT Train Epoch: 10 [0/60000 (0%)]	Loss: 108.059570
[2022-10-19 23:42:06] PRINT Train Epoch: 10 [1280/60000 (2%)]	Loss: 112.770508
[2022-10-19 23:42:06] PRINT Train Epoch: 10 [2560/60000 (4%)]	Loss: 112.310646
[2022-10-19 23:42:06] PRINT Train Epoch: 10 [3840/60000 (6%)]	Loss: 109.617752
[2022-10-19 23:42:06] PRINT Train Epoch: 10 [5120/60000 (9%)]	Loss: 111.754440
[2022-10-19 23:42:06] PRINT Train Epoch: 10 [6400/60000 (11%)]	Loss: 114.533005
[2022-10-19 23:42:06] PRINT Train Epoch: 10 [7680/60000 (13%)]	Loss: 106.299454
[2022-10-19 23:42:06] PRINT Train Epoch: 10 [8960/60000 (15%)]	Loss: 110.652229
[2022-10-19 23:42:06] PRINT Train Epoch: 10 [10240/60000 (17%)]	Loss: 107.187103
[2022-10-19 23:42:07] PRINT Train Epoch: 10 [11520/60000 (19%)]	Loss: 109.951065
[2022-10-19 23:42:07] PRINT Train Epoch: 10 [12800/60000 (21%)]	Loss: 110.555565
[2022-10-19 23:42:07] PRINT Train Epoch: 10 [14080/60000 (23%)]	Loss: 109.268661
[2022-10-19 23:42:07] PRINT Train Epoch: 10 [15360/60000 (26%)]	Loss: 108.931015
[2022-10-19 23:42:07] PRINT Train Epoch: 10 [16640/60000 (28%)]	Loss: 108.715576
[2022-10-19 23:42:07] PRINT Train Epoch: 10 [17920/60000 (30%)]	Loss: 106.922440
[2022-10-19 23:42:07] PRINT Train Epoch: 10 [19200/60000 (32%)]	Loss: 110.290085
[2022-10-19 23:42:07] PRINT Train Epoch: 10 [20480/60000 (34%)]	Loss: 113.697197
[2022-10-19 23:42:07] PRINT Train Epoch: 10 [21760/60000 (36%)]	Loss: 110.418495
[2022-10-19 23:42:07] PRINT Train Epoch: 10 [23040/60000 (38%)]	Loss: 110.548309
[2022-10-19 23:42:08] PRINT Train Epoch: 10 [24320/60000 (41%)]	Loss: 109.532272
[2022-10-19 23:42:08] PRINT Train Epoch: 10 [25600/60000 (43%)]	Loss: 112.313393
[2022-10-19 23:42:08] PRINT Train Epoch: 10 [26880/60000 (45%)]	Loss: 109.981583
[2022-10-19 23:42:08] PRINT Train Epoch: 10 [28160/60000 (47%)]	Loss: 112.439209
[2022-10-19 23:42:08] PRINT Train Epoch: 10 [29440/60000 (49%)]	Loss: 108.045502
[2022-10-19 23:42:08] PRINT Train Epoch: 10 [30720/60000 (51%)]	Loss: 107.840958
[2022-10-19 23:42:08] PRINT Train Epoch: 10 [32000/60000 (53%)]	Loss: 109.496460
[2022-10-19 23:42:08] PRINT Train Epoch: 10 [33280/60000 (55%)]	Loss: 111.945137
[2022-10-19 23:42:08] PRINT Train Epoch: 10 [34560/60000 (58%)]	Loss: 111.091827
[2022-10-19 23:42:09] PRINT Train Epoch: 10 [35840/60000 (60%)]	Loss: 111.080811
[2022-10-19 23:42:09] PRINT Train Epoch: 10 [37120/60000 (62%)]	Loss: 105.970886
[2022-10-19 23:42:09] PRINT Train Epoch: 10 [38400/60000 (64%)]	Loss: 107.751160
[2022-10-19 23:42:09] PRINT Train Epoch: 10 [39680/60000 (66%)]	Loss: 109.191559
[2022-10-19 23:42:09] PRINT Train Epoch: 10 [40960/60000 (68%)]	Loss: 108.619728
[2022-10-19 23:42:09] PRINT Train Epoch: 10 [42240/60000 (70%)]	Loss: 113.651566
[2022-10-19 23:42:09] PRINT Train Epoch: 10 [43520/60000 (72%)]	Loss: 110.680618
[2022-10-19 23:42:09] PRINT Train Epoch: 10 [44800/60000 (75%)]	Loss: 109.743553
[2022-10-19 23:42:09] PRINT Train Epoch: 10 [46080/60000 (77%)]	Loss: 111.724716
[2022-10-19 23:42:09] PRINT Train Epoch: 10 [47360/60000 (79%)]	Loss: 108.733131
[2022-10-19 23:42:10] PRINT Train Epoch: 10 [48640/60000 (81%)]	Loss: 111.037773
[2022-10-19 23:42:10] PRINT Train Epoch: 10 [49920/60000 (83%)]	Loss: 105.151711
[2022-10-19 23:42:10] PRINT Train Epoch: 10 [51200/60000 (85%)]	Loss: 109.978943
[2022-10-19 23:42:10] PRINT Train Epoch: 10 [52480/60000 (87%)]	Loss: 109.973434
[2022-10-19 23:42:10] PRINT Train Epoch: 10 [53760/60000 (90%)]	Loss: 112.176056
[2022-10-19 23:42:10] PRINT Train Epoch: 10 [55040/60000 (92%)]	Loss: 110.507202
[2022-10-19 23:42:10] PRINT Train Epoch: 10 [56320/60000 (94%)]	Loss: 108.844223
[2022-10-19 23:42:10] PRINT Train Epoch: 10 [57600/60000 (96%)]	Loss: 111.258789
[2022-10-19 23:42:10] PRINT Train Epoch: 10 [58880/60000 (98%)]	Loss: 109.622658
[2022-10-19 23:42:11] PRINT ====> Epoch: 10 Average loss: 109.5480
[2022-10-19 23:42:11] PRINT ====> Test set loss: 108.3667
