[2022-10-20 01:29:09] PRINT {'features1': 600, 'features2': 10, 'lr': 0.00037151334640915225, 'epsilon': 1e-07}
[2022-10-20 01:29:10] PRINT Using cuda device
[2022-10-20 01:29:11] PRINT Train Epoch: 1 [0/60000 (0%)]	Loss: 547.453735
[2022-10-20 01:29:11] PRINT Train Epoch: 1 [1280/60000 (2%)]	Loss: 396.572754
[2022-10-20 01:29:11] PRINT Train Epoch: 1 [2560/60000 (4%)]	Loss: 284.943604
[2022-10-20 01:29:11] PRINT Train Epoch: 1 [3840/60000 (6%)]	Loss: 243.153442
[2022-10-20 01:29:11] PRINT Train Epoch: 1 [5120/60000 (9%)]	Loss: 230.073669
[2022-10-20 01:29:11] PRINT Train Epoch: 1 [6400/60000 (11%)]	Loss: 227.112747
[2022-10-20 01:29:12] PRINT Train Epoch: 1 [7680/60000 (13%)]	Loss: 213.338699
[2022-10-20 01:29:12] PRINT Train Epoch: 1 [8960/60000 (15%)]	Loss: 226.297852
[2022-10-20 01:29:12] PRINT Train Epoch: 1 [10240/60000 (17%)]	Loss: 205.665039
[2022-10-20 01:29:12] PRINT Train Epoch: 1 [11520/60000 (19%)]	Loss: 211.441711
[2022-10-20 01:29:12] PRINT Train Epoch: 1 [12800/60000 (21%)]	Loss: 201.220840
[2022-10-20 01:29:12] PRINT Train Epoch: 1 [14080/60000 (23%)]	Loss: 203.775909
[2022-10-20 01:29:12] PRINT Train Epoch: 1 [15360/60000 (26%)]	Loss: 204.509460
[2022-10-20 01:29:12] PRINT Train Epoch: 1 [16640/60000 (28%)]	Loss: 200.827164
[2022-10-20 01:29:12] PRINT Train Epoch: 1 [17920/60000 (30%)]	Loss: 189.765457
[2022-10-20 01:29:12] PRINT Train Epoch: 1 [19200/60000 (32%)]	Loss: 186.441772
[2022-10-20 01:29:12] PRINT Train Epoch: 1 [20480/60000 (34%)]	Loss: 184.613602
[2022-10-20 01:29:12] PRINT Train Epoch: 1 [21760/60000 (36%)]	Loss: 179.426575
[2022-10-20 01:29:13] PRINT Train Epoch: 1 [23040/60000 (38%)]	Loss: 170.432205
[2022-10-20 01:29:13] PRINT Train Epoch: 1 [24320/60000 (41%)]	Loss: 176.577454
[2022-10-20 01:29:13] PRINT Train Epoch: 1 [25600/60000 (43%)]	Loss: 164.792831
[2022-10-20 01:29:13] PRINT Train Epoch: 1 [26880/60000 (45%)]	Loss: 169.161850
[2022-10-20 01:29:13] PRINT Train Epoch: 1 [28160/60000 (47%)]	Loss: 158.606842
[2022-10-20 01:29:13] PRINT Train Epoch: 1 [29440/60000 (49%)]	Loss: 167.950348
[2022-10-20 01:29:13] PRINT Train Epoch: 1 [30720/60000 (51%)]	Loss: 160.985031
[2022-10-20 01:29:13] PRINT Train Epoch: 1 [32000/60000 (53%)]	Loss: 151.761047
[2022-10-20 01:29:13] PRINT Train Epoch: 1 [33280/60000 (55%)]	Loss: 160.490677
[2022-10-20 01:29:13] PRINT Train Epoch: 1 [34560/60000 (58%)]	Loss: 162.952499
[2022-10-20 01:29:13] PRINT Train Epoch: 1 [35840/60000 (60%)]	Loss: 156.772858
[2022-10-20 01:29:13] PRINT Train Epoch: 1 [37120/60000 (62%)]	Loss: 154.840118
[2022-10-20 01:29:14] PRINT Train Epoch: 1 [38400/60000 (64%)]	Loss: 153.889725
[2022-10-20 01:29:14] PRINT Train Epoch: 1 [39680/60000 (66%)]	Loss: 152.004532
[2022-10-20 01:29:14] PRINT Train Epoch: 1 [40960/60000 (68%)]	Loss: 150.765945
[2022-10-20 01:29:14] PRINT Train Epoch: 1 [42240/60000 (70%)]	Loss: 145.624084
[2022-10-20 01:29:14] PRINT Train Epoch: 1 [43520/60000 (72%)]	Loss: 148.817108
[2022-10-20 01:29:14] PRINT Train Epoch: 1 [44800/60000 (75%)]	Loss: 152.002106
[2022-10-20 01:29:14] PRINT Train Epoch: 1 [46080/60000 (77%)]	Loss: 146.893829
[2022-10-20 01:29:14] PRINT Train Epoch: 1 [47360/60000 (79%)]	Loss: 145.525696
[2022-10-20 01:29:14] PRINT Train Epoch: 1 [48640/60000 (81%)]	Loss: 144.811813
[2022-10-20 01:29:14] PRINT Train Epoch: 1 [49920/60000 (83%)]	Loss: 146.088745
[2022-10-20 01:29:14] PRINT Train Epoch: 1 [51200/60000 (85%)]	Loss: 142.254913
[2022-10-20 01:29:14] PRINT Train Epoch: 1 [52480/60000 (87%)]	Loss: 137.742157
[2022-10-20 01:29:14] PRINT Train Epoch: 1 [53760/60000 (90%)]	Loss: 138.771194
[2022-10-20 01:29:15] PRINT Train Epoch: 1 [55040/60000 (92%)]	Loss: 142.546509
[2022-10-20 01:29:15] PRINT Train Epoch: 1 [56320/60000 (94%)]	Loss: 145.162582
[2022-10-20 01:29:15] PRINT Train Epoch: 1 [57600/60000 (96%)]	Loss: 141.564148
[2022-10-20 01:29:15] PRINT Train Epoch: 1 [58880/60000 (98%)]	Loss: 140.278015
[2022-10-20 01:29:15] PRINT ====> Epoch: 1 Average loss: 181.8324
[2022-10-20 01:29:16] PRINT ====> Test set loss: 138.3528
[2022-10-20 01:29:16] PRINT Train Epoch: 2 [0/60000 (0%)]	Loss: 140.216934
[2022-10-20 01:29:16] PRINT Train Epoch: 2 [1280/60000 (2%)]	Loss: 137.147690
[2022-10-20 01:29:16] PRINT Train Epoch: 2 [2560/60000 (4%)]	Loss: 134.043243
[2022-10-20 01:29:16] PRINT Train Epoch: 2 [3840/60000 (6%)]	Loss: 141.905701
[2022-10-20 01:29:16] PRINT Train Epoch: 2 [5120/60000 (9%)]	Loss: 133.711365
[2022-10-20 01:29:16] PRINT Train Epoch: 2 [6400/60000 (11%)]	Loss: 141.665421
[2022-10-20 01:29:16] PRINT Train Epoch: 2 [7680/60000 (13%)]	Loss: 133.228622
[2022-10-20 01:29:16] PRINT Train Epoch: 2 [8960/60000 (15%)]	Loss: 135.735657
[2022-10-20 01:29:16] PRINT Train Epoch: 2 [10240/60000 (17%)]	Loss: 133.113190
[2022-10-20 01:29:16] PRINT Train Epoch: 2 [11520/60000 (19%)]	Loss: 130.651108
[2022-10-20 01:29:17] PRINT Train Epoch: 2 [12800/60000 (21%)]	Loss: 136.458618
[2022-10-20 01:29:17] PRINT Train Epoch: 2 [14080/60000 (23%)]	Loss: 133.662628
[2022-10-20 01:29:17] PRINT Train Epoch: 2 [15360/60000 (26%)]	Loss: 133.835632
[2022-10-20 01:29:17] PRINT Train Epoch: 2 [16640/60000 (28%)]	Loss: 133.257538
[2022-10-20 01:29:17] PRINT Train Epoch: 2 [17920/60000 (30%)]	Loss: 136.231598
[2022-10-20 01:29:17] PRINT Train Epoch: 2 [19200/60000 (32%)]	Loss: 137.229004
[2022-10-20 01:29:17] PRINT Train Epoch: 2 [20480/60000 (34%)]	Loss: 132.594879
[2022-10-20 01:29:17] PRINT Train Epoch: 2 [21760/60000 (36%)]	Loss: 134.875595
[2022-10-20 01:29:17] PRINT Train Epoch: 2 [23040/60000 (38%)]	Loss: 134.194092
[2022-10-20 01:29:17] PRINT Train Epoch: 2 [24320/60000 (41%)]	Loss: 138.398895
[2022-10-20 01:29:17] PRINT Train Epoch: 2 [25600/60000 (43%)]	Loss: 133.004837
[2022-10-20 01:29:18] PRINT Train Epoch: 2 [26880/60000 (45%)]	Loss: 127.820267
[2022-10-20 01:29:18] PRINT Train Epoch: 2 [28160/60000 (47%)]	Loss: 128.717316
[2022-10-20 01:29:18] PRINT Train Epoch: 2 [29440/60000 (49%)]	Loss: 131.263428
[2022-10-20 01:29:18] PRINT Train Epoch: 2 [30720/60000 (51%)]	Loss: 129.812637
[2022-10-20 01:29:18] PRINT Train Epoch: 2 [32000/60000 (53%)]	Loss: 135.232773
[2022-10-20 01:29:18] PRINT Train Epoch: 2 [33280/60000 (55%)]	Loss: 128.950989
[2022-10-20 01:29:18] PRINT Train Epoch: 2 [34560/60000 (58%)]	Loss: 126.737793
[2022-10-20 01:29:18] PRINT Train Epoch: 2 [35840/60000 (60%)]	Loss: 132.569870
[2022-10-20 01:29:18] PRINT Train Epoch: 2 [37120/60000 (62%)]	Loss: 130.278870
[2022-10-20 01:29:18] PRINT Train Epoch: 2 [38400/60000 (64%)]	Loss: 134.033600
[2022-10-20 01:29:18] PRINT Train Epoch: 2 [39680/60000 (66%)]	Loss: 125.016312
[2022-10-20 01:29:19] PRINT Train Epoch: 2 [40960/60000 (68%)]	Loss: 123.916054
[2022-10-20 01:29:19] PRINT Train Epoch: 2 [42240/60000 (70%)]	Loss: 132.151489
[2022-10-20 01:29:19] PRINT Train Epoch: 2 [43520/60000 (72%)]	Loss: 128.814972
[2022-10-20 01:29:19] PRINT Train Epoch: 2 [44800/60000 (75%)]	Loss: 127.304855
[2022-10-20 01:29:19] PRINT Train Epoch: 2 [46080/60000 (77%)]	Loss: 128.600906
[2022-10-20 01:29:19] PRINT Train Epoch: 2 [47360/60000 (79%)]	Loss: 125.243309
[2022-10-20 01:29:19] PRINT Train Epoch: 2 [48640/60000 (81%)]	Loss: 127.408348
[2022-10-20 01:29:19] PRINT Train Epoch: 2 [49920/60000 (83%)]	Loss: 122.744331
[2022-10-20 01:29:19] PRINT Train Epoch: 2 [51200/60000 (85%)]	Loss: 124.350761
[2022-10-20 01:29:19] PRINT Train Epoch: 2 [52480/60000 (87%)]	Loss: 127.453156
[2022-10-20 01:29:19] PRINT Train Epoch: 2 [53760/60000 (90%)]	Loss: 124.514374
[2022-10-20 01:29:20] PRINT Train Epoch: 2 [55040/60000 (92%)]	Loss: 129.789520
[2022-10-20 01:29:20] PRINT Train Epoch: 2 [56320/60000 (94%)]	Loss: 132.047333
[2022-10-20 01:29:20] PRINT Train Epoch: 2 [57600/60000 (96%)]	Loss: 127.198784
[2022-10-20 01:29:20] PRINT Train Epoch: 2 [58880/60000 (98%)]	Loss: 127.507599
[2022-10-20 01:29:20] PRINT ====> Epoch: 2 Average loss: 131.4472
[2022-10-20 01:29:21] PRINT ====> Test set loss: 125.3410
[2022-10-20 01:29:21] PRINT Train Epoch: 3 [0/60000 (0%)]	Loss: 124.676636
[2022-10-20 01:29:21] PRINT Train Epoch: 3 [1280/60000 (2%)]	Loss: 126.919533
[2022-10-20 01:29:21] PRINT Train Epoch: 3 [2560/60000 (4%)]	Loss: 136.237106
[2022-10-20 01:29:21] PRINT Train Epoch: 3 [3840/60000 (6%)]	Loss: 129.381042
[2022-10-20 01:29:21] PRINT Train Epoch: 3 [5120/60000 (9%)]	Loss: 125.249466
[2022-10-20 01:29:21] PRINT Train Epoch: 3 [6400/60000 (11%)]	Loss: 123.559509
[2022-10-20 01:29:21] PRINT Train Epoch: 3 [7680/60000 (13%)]	Loss: 126.692261
[2022-10-20 01:29:21] PRINT Train Epoch: 3 [8960/60000 (15%)]	Loss: 126.377785
[2022-10-20 01:29:21] PRINT Train Epoch: 3 [10240/60000 (17%)]	Loss: 122.705795
[2022-10-20 01:29:21] PRINT Train Epoch: 3 [11520/60000 (19%)]	Loss: 116.781868
[2022-10-20 01:29:22] PRINT Train Epoch: 3 [12800/60000 (21%)]	Loss: 127.685143
[2022-10-20 01:29:22] PRINT Train Epoch: 3 [14080/60000 (23%)]	Loss: 123.027145
[2022-10-20 01:29:22] PRINT Train Epoch: 3 [15360/60000 (26%)]	Loss: 123.245575
[2022-10-20 01:29:22] PRINT Train Epoch: 3 [16640/60000 (28%)]	Loss: 123.739105
[2022-10-20 01:29:22] PRINT Train Epoch: 3 [17920/60000 (30%)]	Loss: 118.945580
[2022-10-20 01:29:22] PRINT Train Epoch: 3 [19200/60000 (32%)]	Loss: 123.836395
[2022-10-20 01:29:22] PRINT Train Epoch: 3 [20480/60000 (34%)]	Loss: 124.468185
[2022-10-20 01:29:22] PRINT Train Epoch: 3 [21760/60000 (36%)]	Loss: 124.080902
[2022-10-20 01:29:22] PRINT Train Epoch: 3 [23040/60000 (38%)]	Loss: 128.463501
[2022-10-20 01:29:22] PRINT Train Epoch: 3 [24320/60000 (41%)]	Loss: 129.434448
[2022-10-20 01:29:22] PRINT Train Epoch: 3 [25600/60000 (43%)]	Loss: 127.085732
[2022-10-20 01:29:23] PRINT Train Epoch: 3 [26880/60000 (45%)]	Loss: 125.973999
[2022-10-20 01:29:23] PRINT Train Epoch: 3 [28160/60000 (47%)]	Loss: 124.412544
[2022-10-20 01:29:23] PRINT Train Epoch: 3 [29440/60000 (49%)]	Loss: 128.785583
[2022-10-20 01:29:23] PRINT Train Epoch: 3 [30720/60000 (51%)]	Loss: 122.124725
[2022-10-20 01:29:23] PRINT Train Epoch: 3 [32000/60000 (53%)]	Loss: 120.415504
[2022-10-20 01:29:23] PRINT Train Epoch: 3 [33280/60000 (55%)]	Loss: 120.554138
[2022-10-20 01:29:23] PRINT Train Epoch: 3 [34560/60000 (58%)]	Loss: 123.119064
[2022-10-20 01:29:23] PRINT Train Epoch: 3 [35840/60000 (60%)]	Loss: 119.545898
[2022-10-20 01:29:23] PRINT Train Epoch: 3 [37120/60000 (62%)]	Loss: 126.210083
[2022-10-20 01:29:23] PRINT Train Epoch: 3 [38400/60000 (64%)]	Loss: 122.219162
[2022-10-20 01:29:23] PRINT Train Epoch: 3 [39680/60000 (66%)]	Loss: 125.423683
[2022-10-20 01:29:24] PRINT Train Epoch: 3 [40960/60000 (68%)]	Loss: 124.409958
[2022-10-20 01:29:24] PRINT Train Epoch: 3 [42240/60000 (70%)]	Loss: 122.514954
[2022-10-20 01:29:24] PRINT Train Epoch: 3 [43520/60000 (72%)]	Loss: 120.625641
[2022-10-20 01:29:24] PRINT Train Epoch: 3 [44800/60000 (75%)]	Loss: 121.951118
[2022-10-20 01:29:24] PRINT Train Epoch: 3 [46080/60000 (77%)]	Loss: 127.249039
[2022-10-20 01:29:24] PRINT Train Epoch: 3 [47360/60000 (79%)]	Loss: 122.523087
[2022-10-20 01:29:24] PRINT Train Epoch: 3 [48640/60000 (81%)]	Loss: 123.939240
[2022-10-20 01:29:24] PRINT Train Epoch: 3 [49920/60000 (83%)]	Loss: 122.530121
[2022-10-20 01:29:24] PRINT Train Epoch: 3 [51200/60000 (85%)]	Loss: 123.413582
[2022-10-20 01:29:24] PRINT Train Epoch: 3 [52480/60000 (87%)]	Loss: 126.811119
[2022-10-20 01:29:25] PRINT Train Epoch: 3 [53760/60000 (90%)]	Loss: 121.544792
[2022-10-20 01:29:25] PRINT Train Epoch: 3 [55040/60000 (92%)]	Loss: 120.794632
[2022-10-20 01:29:25] PRINT Train Epoch: 3 [56320/60000 (94%)]	Loss: 124.839218
[2022-10-20 01:29:25] PRINT Train Epoch: 3 [57600/60000 (96%)]	Loss: 122.179512
[2022-10-20 01:29:25] PRINT Train Epoch: 3 [58880/60000 (98%)]	Loss: 123.212555
[2022-10-20 01:29:25] PRINT ====> Epoch: 3 Average loss: 123.8755
[2022-10-20 01:29:26] PRINT ====> Test set loss: 120.5973
[2022-10-20 01:29:26] PRINT Train Epoch: 4 [0/60000 (0%)]	Loss: 117.554375
[2022-10-20 01:29:26] PRINT Train Epoch: 4 [1280/60000 (2%)]	Loss: 123.912712
[2022-10-20 01:29:26] PRINT Train Epoch: 4 [2560/60000 (4%)]	Loss: 122.992447
[2022-10-20 01:29:26] PRINT Train Epoch: 4 [3840/60000 (6%)]	Loss: 117.560341
[2022-10-20 01:29:26] PRINT Train Epoch: 4 [5120/60000 (9%)]	Loss: 119.192612
[2022-10-20 01:29:26] PRINT Train Epoch: 4 [6400/60000 (11%)]	Loss: 120.314194
[2022-10-20 01:29:26] PRINT Train Epoch: 4 [7680/60000 (13%)]	Loss: 119.268143
[2022-10-20 01:29:26] PRINT Train Epoch: 4 [8960/60000 (15%)]	Loss: 122.771210
[2022-10-20 01:29:26] PRINT Train Epoch: 4 [10240/60000 (17%)]	Loss: 123.344101
[2022-10-20 01:29:27] PRINT Train Epoch: 4 [11520/60000 (19%)]	Loss: 122.797302
[2022-10-20 01:29:27] PRINT Train Epoch: 4 [12800/60000 (21%)]	Loss: 125.492340
[2022-10-20 01:29:27] PRINT Train Epoch: 4 [14080/60000 (23%)]	Loss: 124.279236
[2022-10-20 01:29:27] PRINT Train Epoch: 4 [15360/60000 (26%)]	Loss: 120.339050
[2022-10-20 01:29:27] PRINT Train Epoch: 4 [16640/60000 (28%)]	Loss: 120.854912
[2022-10-20 01:29:27] PRINT Train Epoch: 4 [17920/60000 (30%)]	Loss: 121.953766
[2022-10-20 01:29:27] PRINT Train Epoch: 4 [19200/60000 (32%)]	Loss: 118.577682
[2022-10-20 01:29:27] PRINT Train Epoch: 4 [20480/60000 (34%)]	Loss: 121.713974
[2022-10-20 01:29:27] PRINT Train Epoch: 4 [21760/60000 (36%)]	Loss: 118.565109
[2022-10-20 01:29:27] PRINT Train Epoch: 4 [23040/60000 (38%)]	Loss: 119.277260
[2022-10-20 01:29:27] PRINT Train Epoch: 4 [24320/60000 (41%)]	Loss: 122.123512
[2022-10-20 01:29:27] PRINT Train Epoch: 4 [25600/60000 (43%)]	Loss: 122.159439
[2022-10-20 01:29:28] PRINT Train Epoch: 4 [26880/60000 (45%)]	Loss: 123.298920
[2022-10-20 01:29:28] PRINT Train Epoch: 4 [28160/60000 (47%)]	Loss: 117.287422
[2022-10-20 01:29:28] PRINT Train Epoch: 4 [29440/60000 (49%)]	Loss: 122.375992
[2022-10-20 01:29:28] PRINT Train Epoch: 4 [30720/60000 (51%)]	Loss: 122.198723
[2022-10-20 01:29:28] PRINT Train Epoch: 4 [32000/60000 (53%)]	Loss: 124.878883
[2022-10-20 01:29:28] PRINT Train Epoch: 4 [33280/60000 (55%)]	Loss: 122.082001
[2022-10-20 01:29:28] PRINT Train Epoch: 4 [34560/60000 (58%)]	Loss: 123.057083
[2022-10-20 01:29:28] PRINT Train Epoch: 4 [35840/60000 (60%)]	Loss: 121.852707
[2022-10-20 01:29:28] PRINT Train Epoch: 4 [37120/60000 (62%)]	Loss: 119.017685
[2022-10-20 01:29:28] PRINT Train Epoch: 4 [38400/60000 (64%)]	Loss: 118.016708
[2022-10-20 01:29:29] PRINT Train Epoch: 4 [39680/60000 (66%)]	Loss: 124.905205
[2022-10-20 01:29:29] PRINT Train Epoch: 4 [40960/60000 (68%)]	Loss: 115.371078
[2022-10-20 01:29:29] PRINT Train Epoch: 4 [42240/60000 (70%)]	Loss: 120.910378
[2022-10-20 01:29:29] PRINT Train Epoch: 4 [43520/60000 (72%)]	Loss: 113.916794
[2022-10-20 01:29:29] PRINT Train Epoch: 4 [44800/60000 (75%)]	Loss: 118.403603
[2022-10-20 01:29:29] PRINT Train Epoch: 4 [46080/60000 (77%)]	Loss: 117.984024
[2022-10-20 01:29:29] PRINT Train Epoch: 4 [47360/60000 (79%)]	Loss: 119.615486
[2022-10-20 01:29:29] PRINT Train Epoch: 4 [48640/60000 (81%)]	Loss: 121.672615
[2022-10-20 01:29:29] PRINT Train Epoch: 4 [49920/60000 (83%)]	Loss: 121.467300
[2022-10-20 01:29:29] PRINT Train Epoch: 4 [51200/60000 (85%)]	Loss: 121.547905
[2022-10-20 01:29:29] PRINT Train Epoch: 4 [52480/60000 (87%)]	Loss: 124.998962
[2022-10-20 01:29:29] PRINT Train Epoch: 4 [53760/60000 (90%)]	Loss: 125.472809
[2022-10-20 01:29:30] PRINT Train Epoch: 4 [55040/60000 (92%)]	Loss: 116.688408
[2022-10-20 01:29:30] PRINT Train Epoch: 4 [56320/60000 (94%)]	Loss: 114.548332
[2022-10-20 01:29:30] PRINT Train Epoch: 4 [57600/60000 (96%)]	Loss: 123.209915
[2022-10-20 01:29:30] PRINT Train Epoch: 4 [58880/60000 (98%)]	Loss: 123.887924
[2022-10-20 01:29:30] PRINT ====> Epoch: 4 Average loss: 120.3326
[2022-10-20 01:29:31] PRINT ====> Test set loss: 118.1400
[2022-10-20 01:29:31] PRINT Train Epoch: 5 [0/60000 (0%)]	Loss: 120.623032
[2022-10-20 01:29:31] PRINT Train Epoch: 5 [1280/60000 (2%)]	Loss: 119.696236
[2022-10-20 01:29:31] PRINT Train Epoch: 5 [2560/60000 (4%)]	Loss: 118.697739
[2022-10-20 01:29:31] PRINT Train Epoch: 5 [3840/60000 (6%)]	Loss: 127.012428
[2022-10-20 01:29:31] PRINT Train Epoch: 5 [5120/60000 (9%)]	Loss: 122.678970
[2022-10-20 01:29:31] PRINT Train Epoch: 5 [6400/60000 (11%)]	Loss: 120.007225
[2022-10-20 01:29:31] PRINT Train Epoch: 5 [7680/60000 (13%)]	Loss: 116.013535
[2022-10-20 01:29:31] PRINT Train Epoch: 5 [8960/60000 (15%)]	Loss: 123.724319
[2022-10-20 01:29:31] PRINT Train Epoch: 5 [10240/60000 (17%)]	Loss: 119.768738
[2022-10-20 01:29:31] PRINT Train Epoch: 5 [11520/60000 (19%)]	Loss: 119.049759
[2022-10-20 01:29:31] PRINT Train Epoch: 5 [12800/60000 (21%)]	Loss: 117.645996
[2022-10-20 01:29:32] PRINT Train Epoch: 5 [14080/60000 (23%)]	Loss: 121.889091
[2022-10-20 01:29:32] PRINT Train Epoch: 5 [15360/60000 (26%)]	Loss: 116.692261
[2022-10-20 01:29:32] PRINT Train Epoch: 5 [16640/60000 (28%)]	Loss: 117.200615
[2022-10-20 01:29:32] PRINT Train Epoch: 5 [17920/60000 (30%)]	Loss: 113.965790
[2022-10-20 01:29:32] PRINT Train Epoch: 5 [19200/60000 (32%)]	Loss: 117.324425
[2022-10-20 01:29:32] PRINT Train Epoch: 5 [20480/60000 (34%)]	Loss: 117.955956
[2022-10-20 01:29:32] PRINT Train Epoch: 5 [21760/60000 (36%)]	Loss: 118.426231
[2022-10-20 01:29:32] PRINT Train Epoch: 5 [23040/60000 (38%)]	Loss: 118.354042
[2022-10-20 01:29:32] PRINT Train Epoch: 5 [24320/60000 (41%)]	Loss: 120.229675
[2022-10-20 01:29:32] PRINT Train Epoch: 5 [25600/60000 (43%)]	Loss: 116.186081
[2022-10-20 01:29:32] PRINT Train Epoch: 5 [26880/60000 (45%)]	Loss: 116.514450
[2022-10-20 01:29:33] PRINT Train Epoch: 5 [28160/60000 (47%)]	Loss: 117.558594
[2022-10-20 01:29:33] PRINT Train Epoch: 5 [29440/60000 (49%)]	Loss: 117.516167
[2022-10-20 01:29:33] PRINT Train Epoch: 5 [30720/60000 (51%)]	Loss: 117.647423
[2022-10-20 01:29:33] PRINT Train Epoch: 5 [32000/60000 (53%)]	Loss: 120.280731
[2022-10-20 01:29:33] PRINT Train Epoch: 5 [33280/60000 (55%)]	Loss: 120.888046
[2022-10-20 01:29:33] PRINT Train Epoch: 5 [34560/60000 (58%)]	Loss: 117.300323
[2022-10-20 01:29:33] PRINT Train Epoch: 5 [35840/60000 (60%)]	Loss: 119.654373
[2022-10-20 01:29:33] PRINT Train Epoch: 5 [37120/60000 (62%)]	Loss: 118.228554
[2022-10-20 01:29:33] PRINT Train Epoch: 5 [38400/60000 (64%)]	Loss: 121.596863
[2022-10-20 01:29:33] PRINT Train Epoch: 5 [39680/60000 (66%)]	Loss: 117.874817
[2022-10-20 01:29:33] PRINT Train Epoch: 5 [40960/60000 (68%)]	Loss: 116.428986
[2022-10-20 01:29:34] PRINT Train Epoch: 5 [42240/60000 (70%)]	Loss: 115.712601
[2022-10-20 01:29:34] PRINT Train Epoch: 5 [43520/60000 (72%)]	Loss: 115.092766
[2022-10-20 01:29:34] PRINT Train Epoch: 5 [44800/60000 (75%)]	Loss: 109.227737
[2022-10-20 01:29:34] PRINT Train Epoch: 5 [46080/60000 (77%)]	Loss: 120.600647
[2022-10-20 01:29:34] PRINT Train Epoch: 5 [47360/60000 (79%)]	Loss: 110.207657
[2022-10-20 01:29:34] PRINT Train Epoch: 5 [48640/60000 (81%)]	Loss: 118.662643
[2022-10-20 01:29:34] PRINT Train Epoch: 5 [49920/60000 (83%)]	Loss: 119.610435
[2022-10-20 01:29:34] PRINT Train Epoch: 5 [51200/60000 (85%)]	Loss: 116.717491
[2022-10-20 01:29:34] PRINT Train Epoch: 5 [52480/60000 (87%)]	Loss: 116.576515
[2022-10-20 01:29:34] PRINT Train Epoch: 5 [53760/60000 (90%)]	Loss: 120.445686
[2022-10-20 01:29:34] PRINT Train Epoch: 5 [55040/60000 (92%)]	Loss: 118.902184
[2022-10-20 01:29:35] PRINT Train Epoch: 5 [56320/60000 (94%)]	Loss: 114.448166
[2022-10-20 01:29:35] PRINT Train Epoch: 5 [57600/60000 (96%)]	Loss: 118.383026
[2022-10-20 01:29:35] PRINT Train Epoch: 5 [58880/60000 (98%)]	Loss: 118.227692
[2022-10-20 01:29:35] PRINT ====> Epoch: 5 Average loss: 118.1300
[2022-10-20 01:29:36] PRINT ====> Test set loss: 116.3096
[2022-10-20 01:29:36] PRINT Train Epoch: 6 [0/60000 (0%)]	Loss: 115.731491
[2022-10-20 01:29:36] PRINT Train Epoch: 6 [1280/60000 (2%)]	Loss: 121.602974
[2022-10-20 01:29:36] PRINT Train Epoch: 6 [2560/60000 (4%)]	Loss: 127.219620
[2022-10-20 01:29:36] PRINT Train Epoch: 6 [3840/60000 (6%)]	Loss: 113.632416
[2022-10-20 01:29:36] PRINT Train Epoch: 6 [5120/60000 (9%)]	Loss: 113.856895
[2022-10-20 01:29:36] PRINT Train Epoch: 6 [6400/60000 (11%)]	Loss: 114.490540
[2022-10-20 01:29:36] PRINT Train Epoch: 6 [7680/60000 (13%)]	Loss: 115.804703
[2022-10-20 01:29:36] PRINT Train Epoch: 6 [8960/60000 (15%)]	Loss: 116.454819
[2022-10-20 01:29:36] PRINT Train Epoch: 6 [10240/60000 (17%)]	Loss: 116.479332
[2022-10-20 01:29:36] PRINT Train Epoch: 6 [11520/60000 (19%)]	Loss: 115.037041
[2022-10-20 01:29:36] PRINT Train Epoch: 6 [12800/60000 (21%)]	Loss: 116.492783
[2022-10-20 01:29:37] PRINT Train Epoch: 6 [14080/60000 (23%)]	Loss: 115.600601
[2022-10-20 01:29:37] PRINT Train Epoch: 6 [15360/60000 (26%)]	Loss: 119.238380
[2022-10-20 01:29:37] PRINT Train Epoch: 6 [16640/60000 (28%)]	Loss: 119.353485
[2022-10-20 01:29:37] PRINT Train Epoch: 6 [17920/60000 (30%)]	Loss: 112.038330
[2022-10-20 01:29:37] PRINT Train Epoch: 6 [19200/60000 (32%)]	Loss: 119.326912
[2022-10-20 01:29:37] PRINT Train Epoch: 6 [20480/60000 (34%)]	Loss: 110.192932
[2022-10-20 01:29:37] PRINT Train Epoch: 6 [21760/60000 (36%)]	Loss: 116.320038
[2022-10-20 01:29:37] PRINT Train Epoch: 6 [23040/60000 (38%)]	Loss: 116.660202
[2022-10-20 01:29:37] PRINT Train Epoch: 6 [24320/60000 (41%)]	Loss: 117.164520
[2022-10-20 01:29:37] PRINT Train Epoch: 6 [25600/60000 (43%)]	Loss: 115.803963
[2022-10-20 01:29:37] PRINT Train Epoch: 6 [26880/60000 (45%)]	Loss: 119.187897
[2022-10-20 01:29:38] PRINT Train Epoch: 6 [28160/60000 (47%)]	Loss: 118.554970
[2022-10-20 01:29:38] PRINT Train Epoch: 6 [29440/60000 (49%)]	Loss: 116.794052
[2022-10-20 01:29:38] PRINT Train Epoch: 6 [30720/60000 (51%)]	Loss: 118.282898
[2022-10-20 01:29:38] PRINT Train Epoch: 6 [32000/60000 (53%)]	Loss: 118.291512
[2022-10-20 01:29:38] PRINT Train Epoch: 6 [33280/60000 (55%)]	Loss: 116.954269
[2022-10-20 01:29:38] PRINT Train Epoch: 6 [34560/60000 (58%)]	Loss: 114.853882
[2022-10-20 01:29:38] PRINT Train Epoch: 6 [35840/60000 (60%)]	Loss: 116.414749
[2022-10-20 01:29:38] PRINT Train Epoch: 6 [37120/60000 (62%)]	Loss: 115.263290
[2022-10-20 01:29:38] PRINT Train Epoch: 6 [38400/60000 (64%)]	Loss: 115.118942
[2022-10-20 01:29:38] PRINT Train Epoch: 6 [39680/60000 (66%)]	Loss: 117.692413
[2022-10-20 01:29:38] PRINT Train Epoch: 6 [40960/60000 (68%)]	Loss: 119.228271
[2022-10-20 01:29:39] PRINT Train Epoch: 6 [42240/60000 (70%)]	Loss: 113.104843
[2022-10-20 01:29:39] PRINT Train Epoch: 6 [43520/60000 (72%)]	Loss: 116.568985
[2022-10-20 01:29:39] PRINT Train Epoch: 6 [44800/60000 (75%)]	Loss: 121.989258
[2022-10-20 01:29:39] PRINT Train Epoch: 6 [46080/60000 (77%)]	Loss: 119.892921
[2022-10-20 01:29:39] PRINT Train Epoch: 6 [47360/60000 (79%)]	Loss: 112.540306
[2022-10-20 01:29:39] PRINT Train Epoch: 6 [48640/60000 (81%)]	Loss: 112.197296
[2022-10-20 01:29:39] PRINT Train Epoch: 6 [49920/60000 (83%)]	Loss: 110.657364
[2022-10-20 01:29:39] PRINT Train Epoch: 6 [51200/60000 (85%)]	Loss: 117.166504
[2022-10-20 01:29:39] PRINT Train Epoch: 6 [52480/60000 (87%)]	Loss: 112.594719
[2022-10-20 01:29:39] PRINT Train Epoch: 6 [53760/60000 (90%)]	Loss: 118.439804
[2022-10-20 01:29:39] PRINT Train Epoch: 6 [55040/60000 (92%)]	Loss: 118.567841
[2022-10-20 01:29:40] PRINT Train Epoch: 6 [56320/60000 (94%)]	Loss: 119.683968
[2022-10-20 01:29:40] PRINT Train Epoch: 6 [57600/60000 (96%)]	Loss: 114.803253
[2022-10-20 01:29:40] PRINT Train Epoch: 6 [58880/60000 (98%)]	Loss: 117.883194
[2022-10-20 01:29:40] PRINT ====> Epoch: 6 Average loss: 116.6040
[2022-10-20 01:29:41] PRINT ====> Test set loss: 114.9487
[2022-10-20 01:29:41] PRINT Train Epoch: 7 [0/60000 (0%)]	Loss: 111.940582
[2022-10-20 01:29:41] PRINT Train Epoch: 7 [1280/60000 (2%)]	Loss: 112.810555
[2022-10-20 01:29:41] PRINT Train Epoch: 7 [2560/60000 (4%)]	Loss: 114.537621
[2022-10-20 01:29:41] PRINT Train Epoch: 7 [3840/60000 (6%)]	Loss: 114.972672
[2022-10-20 01:29:41] PRINT Train Epoch: 7 [5120/60000 (9%)]	Loss: 119.479172
[2022-10-20 01:29:41] PRINT Train Epoch: 7 [6400/60000 (11%)]	Loss: 118.399918
[2022-10-20 01:29:41] PRINT Train Epoch: 7 [7680/60000 (13%)]	Loss: 114.899910
[2022-10-20 01:29:41] PRINT Train Epoch: 7 [8960/60000 (15%)]	Loss: 118.011337
[2022-10-20 01:29:41] PRINT Train Epoch: 7 [10240/60000 (17%)]	Loss: 110.474030
[2022-10-20 01:29:41] PRINT Train Epoch: 7 [11520/60000 (19%)]	Loss: 114.043274
[2022-10-20 01:29:41] PRINT Train Epoch: 7 [12800/60000 (21%)]	Loss: 115.017235
[2022-10-20 01:29:42] PRINT Train Epoch: 7 [14080/60000 (23%)]	Loss: 119.421089
[2022-10-20 01:29:42] PRINT Train Epoch: 7 [15360/60000 (26%)]	Loss: 111.128540
[2022-10-20 01:29:42] PRINT Train Epoch: 7 [16640/60000 (28%)]	Loss: 120.334259
[2022-10-20 01:29:42] PRINT Train Epoch: 7 [17920/60000 (30%)]	Loss: 116.086746
[2022-10-20 01:29:42] PRINT Train Epoch: 7 [19200/60000 (32%)]	Loss: 108.038795
[2022-10-20 01:29:42] PRINT Train Epoch: 7 [20480/60000 (34%)]	Loss: 117.556068
[2022-10-20 01:29:42] PRINT Train Epoch: 7 [21760/60000 (36%)]	Loss: 115.438904
[2022-10-20 01:29:42] PRINT Train Epoch: 7 [23040/60000 (38%)]	Loss: 115.019974
[2022-10-20 01:29:42] PRINT Train Epoch: 7 [24320/60000 (41%)]	Loss: 114.133514
[2022-10-20 01:29:42] PRINT Train Epoch: 7 [25600/60000 (43%)]	Loss: 113.388329
[2022-10-20 01:29:42] PRINT Train Epoch: 7 [26880/60000 (45%)]	Loss: 115.124496
[2022-10-20 01:29:43] PRINT Train Epoch: 7 [28160/60000 (47%)]	Loss: 114.687088
[2022-10-20 01:29:43] PRINT Train Epoch: 7 [29440/60000 (49%)]	Loss: 119.981110
[2022-10-20 01:29:43] PRINT Train Epoch: 7 [30720/60000 (51%)]	Loss: 119.799011
[2022-10-20 01:29:43] PRINT Train Epoch: 7 [32000/60000 (53%)]	Loss: 113.477722
[2022-10-20 01:29:43] PRINT Train Epoch: 7 [33280/60000 (55%)]	Loss: 117.522781
[2022-10-20 01:29:43] PRINT Train Epoch: 7 [34560/60000 (58%)]	Loss: 116.555054
[2022-10-20 01:29:43] PRINT Train Epoch: 7 [35840/60000 (60%)]	Loss: 111.491928
[2022-10-20 01:29:43] PRINT Train Epoch: 7 [37120/60000 (62%)]	Loss: 115.637596
[2022-10-20 01:29:43] PRINT Train Epoch: 7 [38400/60000 (64%)]	Loss: 112.278343
[2022-10-20 01:29:43] PRINT Train Epoch: 7 [39680/60000 (66%)]	Loss: 115.589859
[2022-10-20 01:29:43] PRINT Train Epoch: 7 [40960/60000 (68%)]	Loss: 111.030136
[2022-10-20 01:29:43] PRINT Train Epoch: 7 [42240/60000 (70%)]	Loss: 113.606270
[2022-10-20 01:29:44] PRINT Train Epoch: 7 [43520/60000 (72%)]	Loss: 112.543327
[2022-10-20 01:29:44] PRINT Train Epoch: 7 [44800/60000 (75%)]	Loss: 112.453407
[2022-10-20 01:29:44] PRINT Train Epoch: 7 [46080/60000 (77%)]	Loss: 118.460373
[2022-10-20 01:29:44] PRINT Train Epoch: 7 [47360/60000 (79%)]	Loss: 112.815186
[2022-10-20 01:29:44] PRINT Train Epoch: 7 [48640/60000 (81%)]	Loss: 112.128761
[2022-10-20 01:29:44] PRINT Train Epoch: 7 [49920/60000 (83%)]	Loss: 118.386032
[2022-10-20 01:29:44] PRINT Train Epoch: 7 [51200/60000 (85%)]	Loss: 113.411171
[2022-10-20 01:29:44] PRINT Train Epoch: 7 [52480/60000 (87%)]	Loss: 121.484238
[2022-10-20 01:29:44] PRINT Train Epoch: 7 [53760/60000 (90%)]	Loss: 115.829529
[2022-10-20 01:29:44] PRINT Train Epoch: 7 [55040/60000 (92%)]	Loss: 118.418846
[2022-10-20 01:29:44] PRINT Train Epoch: 7 [56320/60000 (94%)]	Loss: 112.213860
[2022-10-20 01:29:45] PRINT Train Epoch: 7 [57600/60000 (96%)]	Loss: 112.766586
[2022-10-20 01:29:45] PRINT Train Epoch: 7 [58880/60000 (98%)]	Loss: 111.146721
[2022-10-20 01:29:45] PRINT ====> Epoch: 7 Average loss: 115.3975
[2022-10-20 01:29:45] PRINT ====> Test set loss: 114.0927
[2022-10-20 01:29:45] PRINT Train Epoch: 8 [0/60000 (0%)]	Loss: 117.310783
[2022-10-20 01:29:46] PRINT Train Epoch: 8 [1280/60000 (2%)]	Loss: 116.427032
[2022-10-20 01:29:46] PRINT Train Epoch: 8 [2560/60000 (4%)]	Loss: 112.139603
[2022-10-20 01:29:46] PRINT Train Epoch: 8 [3840/60000 (6%)]	Loss: 111.779953
[2022-10-20 01:29:46] PRINT Train Epoch: 8 [5120/60000 (9%)]	Loss: 118.211685
[2022-10-20 01:29:46] PRINT Train Epoch: 8 [6400/60000 (11%)]	Loss: 115.616173
[2022-10-20 01:29:46] PRINT Train Epoch: 8 [7680/60000 (13%)]	Loss: 113.436874
[2022-10-20 01:29:46] PRINT Train Epoch: 8 [8960/60000 (15%)]	Loss: 112.541519
[2022-10-20 01:29:46] PRINT Train Epoch: 8 [10240/60000 (17%)]	Loss: 121.109604
[2022-10-20 01:29:46] PRINT Train Epoch: 8 [11520/60000 (19%)]	Loss: 112.238113
[2022-10-20 01:29:46] PRINT Train Epoch: 8 [12800/60000 (21%)]	Loss: 117.683853
[2022-10-20 01:29:46] PRINT Train Epoch: 8 [14080/60000 (23%)]	Loss: 120.941055
[2022-10-20 01:29:47] PRINT Train Epoch: 8 [15360/60000 (26%)]	Loss: 114.751511
[2022-10-20 01:29:47] PRINT Train Epoch: 8 [16640/60000 (28%)]	Loss: 111.221779
[2022-10-20 01:29:47] PRINT Train Epoch: 8 [17920/60000 (30%)]	Loss: 115.051025
[2022-10-20 01:29:47] PRINT Train Epoch: 8 [19200/60000 (32%)]	Loss: 117.326180
[2022-10-20 01:29:47] PRINT Train Epoch: 8 [20480/60000 (34%)]	Loss: 108.676285
[2022-10-20 01:29:47] PRINT Train Epoch: 8 [21760/60000 (36%)]	Loss: 117.638504
[2022-10-20 01:29:47] PRINT Train Epoch: 8 [23040/60000 (38%)]	Loss: 118.753685
[2022-10-20 01:29:47] PRINT Train Epoch: 8 [24320/60000 (41%)]	Loss: 119.540726
[2022-10-20 01:29:47] PRINT Train Epoch: 8 [25600/60000 (43%)]	Loss: 114.163643
[2022-10-20 01:29:47] PRINT Train Epoch: 8 [26880/60000 (45%)]	Loss: 111.699036
[2022-10-20 01:29:47] PRINT Train Epoch: 8 [28160/60000 (47%)]	Loss: 116.001602
[2022-10-20 01:29:47] PRINT Train Epoch: 8 [29440/60000 (49%)]	Loss: 113.997345
[2022-10-20 01:29:48] PRINT Train Epoch: 8 [30720/60000 (51%)]	Loss: 107.910339
[2022-10-20 01:29:48] PRINT Train Epoch: 8 [32000/60000 (53%)]	Loss: 110.782349
[2022-10-20 01:29:48] PRINT Train Epoch: 8 [33280/60000 (55%)]	Loss: 118.561432
[2022-10-20 01:29:48] PRINT Train Epoch: 8 [34560/60000 (58%)]	Loss: 120.571617
[2022-10-20 01:29:48] PRINT Train Epoch: 8 [35840/60000 (60%)]	Loss: 113.874916
[2022-10-20 01:29:48] PRINT Train Epoch: 8 [37120/60000 (62%)]	Loss: 112.417671
[2022-10-20 01:29:48] PRINT Train Epoch: 8 [38400/60000 (64%)]	Loss: 118.038536
[2022-10-20 01:29:48] PRINT Train Epoch: 8 [39680/60000 (66%)]	Loss: 110.472733
[2022-10-20 01:29:48] PRINT Train Epoch: 8 [40960/60000 (68%)]	Loss: 116.456215
[2022-10-20 01:29:48] PRINT Train Epoch: 8 [42240/60000 (70%)]	Loss: 115.750725
[2022-10-20 01:29:48] PRINT Train Epoch: 8 [43520/60000 (72%)]	Loss: 114.529373
[2022-10-20 01:29:48] PRINT Train Epoch: 8 [44800/60000 (75%)]	Loss: 114.094337
[2022-10-20 01:29:49] PRINT Train Epoch: 8 [46080/60000 (77%)]	Loss: 113.715027
[2022-10-20 01:29:49] PRINT Train Epoch: 8 [47360/60000 (79%)]	Loss: 116.691574
[2022-10-20 01:29:49] PRINT Train Epoch: 8 [48640/60000 (81%)]	Loss: 112.102760
[2022-10-20 01:29:49] PRINT Train Epoch: 8 [49920/60000 (83%)]	Loss: 112.086533
[2022-10-20 01:29:49] PRINT Train Epoch: 8 [51200/60000 (85%)]	Loss: 112.605019
[2022-10-20 01:29:49] PRINT Train Epoch: 8 [52480/60000 (87%)]	Loss: 115.897133
[2022-10-20 01:29:49] PRINT Train Epoch: 8 [53760/60000 (90%)]	Loss: 115.617134
[2022-10-20 01:29:49] PRINT Train Epoch: 8 [55040/60000 (92%)]	Loss: 110.096680
[2022-10-20 01:29:49] PRINT Train Epoch: 8 [56320/60000 (94%)]	Loss: 116.690926
[2022-10-20 01:29:49] PRINT Train Epoch: 8 [57600/60000 (96%)]	Loss: 112.246460
[2022-10-20 01:29:49] PRINT Train Epoch: 8 [58880/60000 (98%)]	Loss: 113.947952
[2022-10-20 01:29:49] PRINT ====> Epoch: 8 Average loss: 114.4931
[2022-10-20 01:29:50] PRINT ====> Test set loss: 113.2294
[2022-10-20 01:29:50] PRINT Train Epoch: 9 [0/60000 (0%)]	Loss: 115.903183
[2022-10-20 01:29:50] PRINT Train Epoch: 9 [1280/60000 (2%)]	Loss: 117.804825
[2022-10-20 01:29:50] PRINT Train Epoch: 9 [2560/60000 (4%)]	Loss: 116.148132
[2022-10-20 01:29:50] PRINT Train Epoch: 9 [3840/60000 (6%)]	Loss: 118.502625
[2022-10-20 01:29:51] PRINT Train Epoch: 9 [5120/60000 (9%)]	Loss: 110.735458
[2022-10-20 01:29:51] PRINT Train Epoch: 9 [6400/60000 (11%)]	Loss: 114.321823
[2022-10-20 01:29:51] PRINT Train Epoch: 9 [7680/60000 (13%)]	Loss: 113.111084
[2022-10-20 01:29:51] PRINT Train Epoch: 9 [8960/60000 (15%)]	Loss: 117.820732
[2022-10-20 01:29:51] PRINT Train Epoch: 9 [10240/60000 (17%)]	Loss: 116.031189
[2022-10-20 01:29:51] PRINT Train Epoch: 9 [11520/60000 (19%)]	Loss: 113.402870
[2022-10-20 01:29:51] PRINT Train Epoch: 9 [12800/60000 (21%)]	Loss: 116.709534
[2022-10-20 01:29:51] PRINT Train Epoch: 9 [14080/60000 (23%)]	Loss: 119.630196
[2022-10-20 01:29:51] PRINT Train Epoch: 9 [15360/60000 (26%)]	Loss: 110.357368
[2022-10-20 01:29:51] PRINT Train Epoch: 9 [16640/60000 (28%)]	Loss: 111.549225
[2022-10-20 01:29:51] PRINT Train Epoch: 9 [17920/60000 (30%)]	Loss: 116.447594
[2022-10-20 01:29:52] PRINT Train Epoch: 9 [19200/60000 (32%)]	Loss: 117.432526
[2022-10-20 01:29:52] PRINT Train Epoch: 9 [20480/60000 (34%)]	Loss: 117.185036
[2022-10-20 01:29:52] PRINT Train Epoch: 9 [21760/60000 (36%)]	Loss: 110.901993
[2022-10-20 01:29:52] PRINT Train Epoch: 9 [23040/60000 (38%)]	Loss: 118.114754
[2022-10-20 01:29:52] PRINT Train Epoch: 9 [24320/60000 (41%)]	Loss: 114.301285
[2022-10-20 01:29:52] PRINT Train Epoch: 9 [25600/60000 (43%)]	Loss: 110.410263
[2022-10-20 01:29:52] PRINT Train Epoch: 9 [26880/60000 (45%)]	Loss: 113.585945
[2022-10-20 01:29:52] PRINT Train Epoch: 9 [28160/60000 (47%)]	Loss: 114.236786
[2022-10-20 01:29:52] PRINT Train Epoch: 9 [29440/60000 (49%)]	Loss: 113.084404
[2022-10-20 01:29:52] PRINT Train Epoch: 9 [30720/60000 (51%)]	Loss: 113.732437
[2022-10-20 01:29:52] PRINT Train Epoch: 9 [32000/60000 (53%)]	Loss: 117.468735
[2022-10-20 01:29:53] PRINT Train Epoch: 9 [33280/60000 (55%)]	Loss: 114.333809
[2022-10-20 01:29:53] PRINT Train Epoch: 9 [34560/60000 (58%)]	Loss: 111.071609
[2022-10-20 01:29:53] PRINT Train Epoch: 9 [35840/60000 (60%)]	Loss: 112.735321
[2022-10-20 01:29:53] PRINT Train Epoch: 9 [37120/60000 (62%)]	Loss: 114.510178
[2022-10-20 01:29:53] PRINT Train Epoch: 9 [38400/60000 (64%)]	Loss: 110.939949
[2022-10-20 01:29:53] PRINT Train Epoch: 9 [39680/60000 (66%)]	Loss: 112.327736
[2022-10-20 01:29:53] PRINT Train Epoch: 9 [40960/60000 (68%)]	Loss: 118.629242
[2022-10-20 01:29:53] PRINT Train Epoch: 9 [42240/60000 (70%)]	Loss: 110.516838
[2022-10-20 01:29:53] PRINT Train Epoch: 9 [43520/60000 (72%)]	Loss: 110.887306
[2022-10-20 01:29:53] PRINT Train Epoch: 9 [44800/60000 (75%)]	Loss: 115.773262
[2022-10-20 01:29:53] PRINT Train Epoch: 9 [46080/60000 (77%)]	Loss: 112.768646
[2022-10-20 01:29:53] PRINT Train Epoch: 9 [47360/60000 (79%)]	Loss: 110.074478
[2022-10-20 01:29:54] PRINT Train Epoch: 9 [48640/60000 (81%)]	Loss: 115.549881
[2022-10-20 01:29:54] PRINT Train Epoch: 9 [49920/60000 (83%)]	Loss: 113.039291
[2022-10-20 01:29:54] PRINT Train Epoch: 9 [51200/60000 (85%)]	Loss: 114.035690
[2022-10-20 01:29:54] PRINT Train Epoch: 9 [52480/60000 (87%)]	Loss: 114.822205
[2022-10-20 01:29:54] PRINT Train Epoch: 9 [53760/60000 (90%)]	Loss: 114.081070
[2022-10-20 01:29:54] PRINT Train Epoch: 9 [55040/60000 (92%)]	Loss: 114.260696
[2022-10-20 01:29:54] PRINT Train Epoch: 9 [56320/60000 (94%)]	Loss: 109.581734
[2022-10-20 01:29:54] PRINT Train Epoch: 9 [57600/60000 (96%)]	Loss: 106.841888
[2022-10-20 01:29:54] PRINT Train Epoch: 9 [58880/60000 (98%)]	Loss: 112.017296
[2022-10-20 01:29:54] PRINT ====> Epoch: 9 Average loss: 113.6655
[2022-10-20 01:29:55] PRINT ====> Test set loss: 112.5817
[2022-10-20 01:29:55] PRINT Train Epoch: 10 [0/60000 (0%)]	Loss: 110.724182
[2022-10-20 01:29:55] PRINT Train Epoch: 10 [1280/60000 (2%)]	Loss: 110.396286
[2022-10-20 01:29:55] PRINT Train Epoch: 10 [2560/60000 (4%)]	Loss: 113.574921
[2022-10-20 01:29:55] PRINT Train Epoch: 10 [3840/60000 (6%)]	Loss: 110.265831
[2022-10-20 01:29:55] PRINT Train Epoch: 10 [5120/60000 (9%)]	Loss: 108.627258
[2022-10-20 01:29:56] PRINT Train Epoch: 10 [6400/60000 (11%)]	Loss: 116.385742
[2022-10-20 01:29:56] PRINT Train Epoch: 10 [7680/60000 (13%)]	Loss: 106.910164
[2022-10-20 01:29:56] PRINT Train Epoch: 10 [8960/60000 (15%)]	Loss: 111.663544
[2022-10-20 01:29:56] PRINT Train Epoch: 10 [10240/60000 (17%)]	Loss: 115.651459
[2022-10-20 01:29:56] PRINT Train Epoch: 10 [11520/60000 (19%)]	Loss: 113.030708
[2022-10-20 01:29:56] PRINT Train Epoch: 10 [12800/60000 (21%)]	Loss: 111.232468
[2022-10-20 01:29:56] PRINT Train Epoch: 10 [14080/60000 (23%)]	Loss: 114.323975
[2022-10-20 01:29:56] PRINT Train Epoch: 10 [15360/60000 (26%)]	Loss: 113.761765
[2022-10-20 01:29:56] PRINT Train Epoch: 10 [16640/60000 (28%)]	Loss: 114.799591
[2022-10-20 01:29:56] PRINT Train Epoch: 10 [17920/60000 (30%)]	Loss: 113.465752
[2022-10-20 01:29:56] PRINT Train Epoch: 10 [19200/60000 (32%)]	Loss: 115.056114
[2022-10-20 01:29:57] PRINT Train Epoch: 10 [20480/60000 (34%)]	Loss: 114.558899
[2022-10-20 01:29:57] PRINT Train Epoch: 10 [21760/60000 (36%)]	Loss: 112.073761
[2022-10-20 01:29:57] PRINT Train Epoch: 10 [23040/60000 (38%)]	Loss: 109.467789
[2022-10-20 01:29:57] PRINT Train Epoch: 10 [24320/60000 (41%)]	Loss: 109.099075
[2022-10-20 01:29:57] PRINT Train Epoch: 10 [25600/60000 (43%)]	Loss: 117.158585
[2022-10-20 01:29:57] PRINT Train Epoch: 10 [26880/60000 (45%)]	Loss: 116.770790
[2022-10-20 01:29:57] PRINT Train Epoch: 10 [28160/60000 (47%)]	Loss: 109.808281
[2022-10-20 01:29:57] PRINT Train Epoch: 10 [29440/60000 (49%)]	Loss: 113.006393
[2022-10-20 01:29:57] PRINT Train Epoch: 10 [30720/60000 (51%)]	Loss: 115.782516
[2022-10-20 01:29:57] PRINT Train Epoch: 10 [32000/60000 (53%)]	Loss: 115.010155
[2022-10-20 01:29:57] PRINT Train Epoch: 10 [33280/60000 (55%)]	Loss: 112.733902
[2022-10-20 01:29:58] PRINT Train Epoch: 10 [34560/60000 (58%)]	Loss: 108.218437
[2022-10-20 01:29:58] PRINT Train Epoch: 10 [35840/60000 (60%)]	Loss: 113.473564
[2022-10-20 01:29:58] PRINT Train Epoch: 10 [37120/60000 (62%)]	Loss: 111.675766
[2022-10-20 01:29:58] PRINT Train Epoch: 10 [38400/60000 (64%)]	Loss: 114.736382
[2022-10-20 01:29:58] PRINT Train Epoch: 10 [39680/60000 (66%)]	Loss: 108.311134
[2022-10-20 01:29:58] PRINT Train Epoch: 10 [40960/60000 (68%)]	Loss: 112.891495
[2022-10-20 01:29:58] PRINT Train Epoch: 10 [42240/60000 (70%)]	Loss: 110.367554
[2022-10-20 01:29:58] PRINT Train Epoch: 10 [43520/60000 (72%)]	Loss: 115.897736
[2022-10-20 01:29:58] PRINT Train Epoch: 10 [44800/60000 (75%)]	Loss: 108.494118
[2022-10-20 01:29:58] PRINT Train Epoch: 10 [46080/60000 (77%)]	Loss: 117.431351
[2022-10-20 01:29:58] PRINT Train Epoch: 10 [47360/60000 (79%)]	Loss: 109.479736
[2022-10-20 01:29:58] PRINT Train Epoch: 10 [48640/60000 (81%)]	Loss: 119.376022
[2022-10-20 01:29:59] PRINT Train Epoch: 10 [49920/60000 (83%)]	Loss: 109.686882
[2022-10-20 01:29:59] PRINT Train Epoch: 10 [51200/60000 (85%)]	Loss: 116.436844
[2022-10-20 01:29:59] PRINT Train Epoch: 10 [52480/60000 (87%)]	Loss: 112.604843
[2022-10-20 01:29:59] PRINT Train Epoch: 10 [53760/60000 (90%)]	Loss: 116.416077
[2022-10-20 01:29:59] PRINT Train Epoch: 10 [55040/60000 (92%)]	Loss: 111.295219
[2022-10-20 01:29:59] PRINT Train Epoch: 10 [56320/60000 (94%)]	Loss: 108.736130
[2022-10-20 01:29:59] PRINT Train Epoch: 10 [57600/60000 (96%)]	Loss: 112.762634
[2022-10-20 01:29:59] PRINT Train Epoch: 10 [58880/60000 (98%)]	Loss: 116.134338
[2022-10-20 01:29:59] PRINT ====> Epoch: 10 Average loss: 113.0004
[2022-10-20 01:30:00] PRINT ====> Test set loss: 111.9833
