[2022-10-19 23:22:18] PRINT {'features1': 400, 'features2': 40, 'lr': 0.0007865184662054967, 'epsilon': 1e-06}
[2022-10-19 23:22:18] PRINT Using cuda device
[2022-10-19 23:22:19] PRINT Train Epoch: 1 [0/60000 (0%)]	Loss: 549.053955
[2022-10-19 23:22:19] PRINT Train Epoch: 1 [1280/60000 (2%)]	Loss: 337.720520
[2022-10-19 23:22:19] PRINT Train Epoch: 1 [2560/60000 (4%)]	Loss: 253.121765
[2022-10-19 23:22:20] PRINT Train Epoch: 1 [3840/60000 (6%)]	Loss: 224.542923
[2022-10-19 23:22:20] PRINT Train Epoch: 1 [5120/60000 (9%)]	Loss: 221.506348
[2022-10-19 23:22:20] PRINT Train Epoch: 1 [6400/60000 (11%)]	Loss: 213.346268
[2022-10-19 23:22:20] PRINT Train Epoch: 1 [7680/60000 (13%)]	Loss: 204.403885
[2022-10-19 23:22:20] PRINT Train Epoch: 1 [8960/60000 (15%)]	Loss: 204.054443
[2022-10-19 23:22:20] PRINT Train Epoch: 1 [10240/60000 (17%)]	Loss: 207.423325
[2022-10-19 23:22:20] PRINT Train Epoch: 1 [11520/60000 (19%)]	Loss: 202.411362
[2022-10-19 23:22:20] PRINT Train Epoch: 1 [12800/60000 (21%)]	Loss: 193.360519
[2022-10-19 23:22:20] PRINT Train Epoch: 1 [14080/60000 (23%)]	Loss: 182.097595
[2022-10-19 23:22:21] PRINT Train Epoch: 1 [15360/60000 (26%)]	Loss: 185.106018
[2022-10-19 23:22:21] PRINT Train Epoch: 1 [16640/60000 (28%)]	Loss: 180.440491
[2022-10-19 23:22:21] PRINT Train Epoch: 1 [17920/60000 (30%)]	Loss: 170.590439
[2022-10-19 23:22:21] PRINT Train Epoch: 1 [19200/60000 (32%)]	Loss: 173.727539
[2022-10-19 23:22:21] PRINT Train Epoch: 1 [20480/60000 (34%)]	Loss: 174.559250
[2022-10-19 23:22:21] PRINT Train Epoch: 1 [21760/60000 (36%)]	Loss: 173.225586
[2022-10-19 23:22:21] PRINT Train Epoch: 1 [23040/60000 (38%)]	Loss: 164.914841
[2022-10-19 23:22:21] PRINT Train Epoch: 1 [24320/60000 (41%)]	Loss: 165.746994
[2022-10-19 23:22:21] PRINT Train Epoch: 1 [25600/60000 (43%)]	Loss: 158.579132
[2022-10-19 23:22:21] PRINT Train Epoch: 1 [26880/60000 (45%)]	Loss: 164.942017
[2022-10-19 23:22:22] PRINT Train Epoch: 1 [28160/60000 (47%)]	Loss: 161.523575
[2022-10-19 23:22:22] PRINT Train Epoch: 1 [29440/60000 (49%)]	Loss: 159.027832
[2022-10-19 23:22:22] PRINT Train Epoch: 1 [30720/60000 (51%)]	Loss: 158.501984
[2022-10-19 23:22:22] PRINT Train Epoch: 1 [32000/60000 (53%)]	Loss: 151.954346
[2022-10-19 23:22:22] PRINT Train Epoch: 1 [33280/60000 (55%)]	Loss: 156.044785
[2022-10-19 23:22:22] PRINT Train Epoch: 1 [34560/60000 (58%)]	Loss: 151.042053
[2022-10-19 23:22:22] PRINT Train Epoch: 1 [35840/60000 (60%)]	Loss: 149.918579
[2022-10-19 23:22:22] PRINT Train Epoch: 1 [37120/60000 (62%)]	Loss: 149.220062
[2022-10-19 23:22:22] PRINT Train Epoch: 1 [38400/60000 (64%)]	Loss: 152.625061
[2022-10-19 23:22:23] PRINT Train Epoch: 1 [39680/60000 (66%)]	Loss: 144.921371
[2022-10-19 23:22:23] PRINT Train Epoch: 1 [40960/60000 (68%)]	Loss: 145.526566
[2022-10-19 23:22:23] PRINT Train Epoch: 1 [42240/60000 (70%)]	Loss: 144.413239
[2022-10-19 23:22:23] PRINT Train Epoch: 1 [43520/60000 (72%)]	Loss: 138.505692
[2022-10-19 23:22:23] PRINT Train Epoch: 1 [44800/60000 (75%)]	Loss: 144.446182
[2022-10-19 23:22:23] PRINT Train Epoch: 1 [46080/60000 (77%)]	Loss: 143.175430
[2022-10-19 23:22:23] PRINT Train Epoch: 1 [47360/60000 (79%)]	Loss: 139.781555
[2022-10-19 23:22:23] PRINT Train Epoch: 1 [48640/60000 (81%)]	Loss: 146.539856
[2022-10-19 23:22:23] PRINT Train Epoch: 1 [49920/60000 (83%)]	Loss: 139.764832
[2022-10-19 23:22:24] PRINT Train Epoch: 1 [51200/60000 (85%)]	Loss: 140.581146
[2022-10-19 23:22:24] PRINT Train Epoch: 1 [52480/60000 (87%)]	Loss: 136.945938
[2022-10-19 23:22:24] PRINT Train Epoch: 1 [53760/60000 (90%)]	Loss: 144.436310
[2022-10-19 23:22:24] PRINT Train Epoch: 1 [55040/60000 (92%)]	Loss: 138.425568
[2022-10-19 23:22:24] PRINT Train Epoch: 1 [56320/60000 (94%)]	Loss: 137.591949
[2022-10-19 23:22:24] PRINT Train Epoch: 1 [57600/60000 (96%)]	Loss: 140.727493
[2022-10-19 23:22:24] PRINT Train Epoch: 1 [58880/60000 (98%)]	Loss: 137.480072
[2022-10-19 23:22:24] PRINT ====> Epoch: 1 Average loss: 173.2144
[2022-10-19 23:22:25] PRINT ====> Test set loss: 136.5770
[2022-10-19 23:22:25] PRINT Train Epoch: 2 [0/60000 (0%)]	Loss: 136.623337
[2022-10-19 23:22:25] PRINT Train Epoch: 2 [1280/60000 (2%)]	Loss: 137.458374
[2022-10-19 23:22:25] PRINT Train Epoch: 2 [2560/60000 (4%)]	Loss: 135.645660
[2022-10-19 23:22:26] PRINT Train Epoch: 2 [3840/60000 (6%)]	Loss: 136.958221
[2022-10-19 23:22:26] PRINT Train Epoch: 2 [5120/60000 (9%)]	Loss: 133.241440
[2022-10-19 23:22:26] PRINT Train Epoch: 2 [6400/60000 (11%)]	Loss: 134.003632
[2022-10-19 23:22:26] PRINT Train Epoch: 2 [7680/60000 (13%)]	Loss: 132.175842
[2022-10-19 23:22:26] PRINT Train Epoch: 2 [8960/60000 (15%)]	Loss: 131.128342
[2022-10-19 23:22:26] PRINT Train Epoch: 2 [10240/60000 (17%)]	Loss: 135.613281
[2022-10-19 23:22:26] PRINT Train Epoch: 2 [11520/60000 (19%)]	Loss: 131.662109
[2022-10-19 23:22:26] PRINT Train Epoch: 2 [12800/60000 (21%)]	Loss: 134.788345
[2022-10-19 23:22:26] PRINT Train Epoch: 2 [14080/60000 (23%)]	Loss: 133.105698
[2022-10-19 23:22:26] PRINT Train Epoch: 2 [15360/60000 (26%)]	Loss: 131.036789
[2022-10-19 23:22:27] PRINT Train Epoch: 2 [16640/60000 (28%)]	Loss: 134.861450
[2022-10-19 23:22:27] PRINT Train Epoch: 2 [17920/60000 (30%)]	Loss: 133.510040
[2022-10-19 23:22:27] PRINT Train Epoch: 2 [19200/60000 (32%)]	Loss: 128.151489
[2022-10-19 23:22:27] PRINT Train Epoch: 2 [20480/60000 (34%)]	Loss: 123.396713
[2022-10-19 23:22:27] PRINT Train Epoch: 2 [21760/60000 (36%)]	Loss: 128.669037
[2022-10-19 23:22:27] PRINT Train Epoch: 2 [23040/60000 (38%)]	Loss: 135.042313
[2022-10-19 23:22:27] PRINT Train Epoch: 2 [24320/60000 (41%)]	Loss: 126.719208
[2022-10-19 23:22:27] PRINT Train Epoch: 2 [25600/60000 (43%)]	Loss: 132.983109
[2022-10-19 23:22:27] PRINT Train Epoch: 2 [26880/60000 (45%)]	Loss: 126.315346
[2022-10-19 23:22:28] PRINT Train Epoch: 2 [28160/60000 (47%)]	Loss: 129.807251
[2022-10-19 23:22:28] PRINT Train Epoch: 2 [29440/60000 (49%)]	Loss: 125.813698
[2022-10-19 23:22:28] PRINT Train Epoch: 2 [30720/60000 (51%)]	Loss: 122.509338
[2022-10-19 23:22:28] PRINT Train Epoch: 2 [32000/60000 (53%)]	Loss: 121.732735
[2022-10-19 23:22:28] PRINT Train Epoch: 2 [33280/60000 (55%)]	Loss: 129.592896
[2022-10-19 23:22:28] PRINT Train Epoch: 2 [34560/60000 (58%)]	Loss: 128.063263
[2022-10-19 23:22:28] PRINT Train Epoch: 2 [35840/60000 (60%)]	Loss: 122.606964
[2022-10-19 23:22:28] PRINT Train Epoch: 2 [37120/60000 (62%)]	Loss: 129.071884
[2022-10-19 23:22:28] PRINT Train Epoch: 2 [38400/60000 (64%)]	Loss: 124.335358
[2022-10-19 23:22:29] PRINT Train Epoch: 2 [39680/60000 (66%)]	Loss: 130.506393
[2022-10-19 23:22:29] PRINT Train Epoch: 2 [40960/60000 (68%)]	Loss: 123.313034
[2022-10-19 23:22:29] PRINT Train Epoch: 2 [42240/60000 (70%)]	Loss: 122.970924
[2022-10-19 23:22:29] PRINT Train Epoch: 2 [43520/60000 (72%)]	Loss: 129.663818
[2022-10-19 23:22:29] PRINT Train Epoch: 2 [44800/60000 (75%)]	Loss: 129.338806
[2022-10-19 23:22:29] PRINT Train Epoch: 2 [46080/60000 (77%)]	Loss: 130.994583
[2022-10-19 23:22:29] PRINT Train Epoch: 2 [47360/60000 (79%)]	Loss: 127.009338
[2022-10-19 23:22:29] PRINT Train Epoch: 2 [48640/60000 (81%)]	Loss: 124.588387
[2022-10-19 23:22:29] PRINT Train Epoch: 2 [49920/60000 (83%)]	Loss: 123.651711
[2022-10-19 23:22:30] PRINT Train Epoch: 2 [51200/60000 (85%)]	Loss: 124.376526
[2022-10-19 23:22:30] PRINT Train Epoch: 2 [52480/60000 (87%)]	Loss: 124.720055
[2022-10-19 23:22:30] PRINT Train Epoch: 2 [53760/60000 (90%)]	Loss: 119.312500
[2022-10-19 23:22:30] PRINT Train Epoch: 2 [55040/60000 (92%)]	Loss: 122.893532
[2022-10-19 23:22:30] PRINT Train Epoch: 2 [56320/60000 (94%)]	Loss: 121.269318
[2022-10-19 23:22:30] PRINT Train Epoch: 2 [57600/60000 (96%)]	Loss: 122.822388
[2022-10-19 23:22:30] PRINT Train Epoch: 2 [58880/60000 (98%)]	Loss: 125.378616
[2022-10-19 23:22:30] PRINT ====> Epoch: 2 Average loss: 128.8232
[2022-10-19 23:22:31] PRINT ====> Test set loss: 121.7546
[2022-10-19 23:22:31] PRINT Train Epoch: 3 [0/60000 (0%)]	Loss: 117.133209
[2022-10-19 23:22:31] PRINT Train Epoch: 3 [1280/60000 (2%)]	Loss: 119.897049
[2022-10-19 23:22:31] PRINT Train Epoch: 3 [2560/60000 (4%)]	Loss: 123.127686
[2022-10-19 23:22:31] PRINT Train Epoch: 3 [3840/60000 (6%)]	Loss: 124.409264
[2022-10-19 23:22:32] PRINT Train Epoch: 3 [5120/60000 (9%)]	Loss: 119.014717
[2022-10-19 23:22:32] PRINT Train Epoch: 3 [6400/60000 (11%)]	Loss: 118.681343
[2022-10-19 23:22:32] PRINT Train Epoch: 3 [7680/60000 (13%)]	Loss: 123.773460
[2022-10-19 23:22:32] PRINT Train Epoch: 3 [8960/60000 (15%)]	Loss: 121.046600
[2022-10-19 23:22:32] PRINT Train Epoch: 3 [10240/60000 (17%)]	Loss: 121.570335
[2022-10-19 23:22:32] PRINT Train Epoch: 3 [11520/60000 (19%)]	Loss: 119.814774
[2022-10-19 23:22:32] PRINT Train Epoch: 3 [12800/60000 (21%)]	Loss: 121.521439
[2022-10-19 23:22:32] PRINT Train Epoch: 3 [14080/60000 (23%)]	Loss: 122.892273
[2022-10-19 23:22:32] PRINT Train Epoch: 3 [15360/60000 (26%)]	Loss: 119.094475
[2022-10-19 23:22:33] PRINT Train Epoch: 3 [16640/60000 (28%)]	Loss: 123.893890
[2022-10-19 23:22:33] PRINT Train Epoch: 3 [17920/60000 (30%)]	Loss: 120.937622
[2022-10-19 23:22:33] PRINT Train Epoch: 3 [19200/60000 (32%)]	Loss: 123.730782
[2022-10-19 23:22:33] PRINT Train Epoch: 3 [20480/60000 (34%)]	Loss: 119.349686
[2022-10-19 23:22:33] PRINT Train Epoch: 3 [21760/60000 (36%)]	Loss: 120.872879
[2022-10-19 23:22:33] PRINT Train Epoch: 3 [23040/60000 (38%)]	Loss: 120.341705
[2022-10-19 23:22:33] PRINT Train Epoch: 3 [24320/60000 (41%)]	Loss: 121.272530
[2022-10-19 23:22:33] PRINT Train Epoch: 3 [25600/60000 (43%)]	Loss: 120.852837
[2022-10-19 23:22:33] PRINT Train Epoch: 3 [26880/60000 (45%)]	Loss: 118.865181
[2022-10-19 23:22:33] PRINT Train Epoch: 3 [28160/60000 (47%)]	Loss: 120.945793
[2022-10-19 23:22:34] PRINT Train Epoch: 3 [29440/60000 (49%)]	Loss: 114.544365
[2022-10-19 23:22:34] PRINT Train Epoch: 3 [30720/60000 (51%)]	Loss: 116.571915
[2022-10-19 23:22:34] PRINT Train Epoch: 3 [32000/60000 (53%)]	Loss: 120.731445
[2022-10-19 23:22:34] PRINT Train Epoch: 3 [33280/60000 (55%)]	Loss: 120.619370
[2022-10-19 23:22:34] PRINT Train Epoch: 3 [34560/60000 (58%)]	Loss: 118.775475
[2022-10-19 23:22:34] PRINT Train Epoch: 3 [35840/60000 (60%)]	Loss: 119.080681
[2022-10-19 23:22:34] PRINT Train Epoch: 3 [37120/60000 (62%)]	Loss: 120.331329
[2022-10-19 23:22:34] PRINT Train Epoch: 3 [38400/60000 (64%)]	Loss: 117.607155
[2022-10-19 23:22:34] PRINT Train Epoch: 3 [39680/60000 (66%)]	Loss: 119.255684
[2022-10-19 23:22:34] PRINT Train Epoch: 3 [40960/60000 (68%)]	Loss: 115.414772
[2022-10-19 23:22:35] PRINT Train Epoch: 3 [42240/60000 (70%)]	Loss: 121.703934
[2022-10-19 23:22:35] PRINT Train Epoch: 3 [43520/60000 (72%)]	Loss: 115.541214
[2022-10-19 23:22:35] PRINT Train Epoch: 3 [44800/60000 (75%)]	Loss: 116.177246
[2022-10-19 23:22:35] PRINT Train Epoch: 3 [46080/60000 (77%)]	Loss: 120.428940
[2022-10-19 23:22:35] PRINT Train Epoch: 3 [47360/60000 (79%)]	Loss: 117.885574
[2022-10-19 23:22:35] PRINT Train Epoch: 3 [48640/60000 (81%)]	Loss: 121.728897
[2022-10-19 23:22:35] PRINT Train Epoch: 3 [49920/60000 (83%)]	Loss: 117.847748
[2022-10-19 23:22:35] PRINT Train Epoch: 3 [51200/60000 (85%)]	Loss: 119.491928
[2022-10-19 23:22:35] PRINT Train Epoch: 3 [52480/60000 (87%)]	Loss: 114.668808
[2022-10-19 23:22:36] PRINT Train Epoch: 3 [53760/60000 (90%)]	Loss: 118.621033
[2022-10-19 23:22:36] PRINT Train Epoch: 3 [55040/60000 (92%)]	Loss: 116.975479
[2022-10-19 23:22:36] PRINT Train Epoch: 3 [56320/60000 (94%)]	Loss: 121.244873
[2022-10-19 23:22:36] PRINT Train Epoch: 3 [57600/60000 (96%)]	Loss: 112.817574
[2022-10-19 23:22:36] PRINT Train Epoch: 3 [58880/60000 (98%)]	Loss: 116.218277
[2022-10-19 23:22:36] PRINT ====> Epoch: 3 Average loss: 119.4205
[2022-10-19 23:22:37] PRINT ====> Test set loss: 115.7386
[2022-10-19 23:22:37] PRINT Train Epoch: 4 [0/60000 (0%)]	Loss: 123.118210
[2022-10-19 23:22:37] PRINT Train Epoch: 4 [1280/60000 (2%)]	Loss: 116.752647
[2022-10-19 23:22:37] PRINT Train Epoch: 4 [2560/60000 (4%)]	Loss: 112.805511
[2022-10-19 23:22:37] PRINT Train Epoch: 4 [3840/60000 (6%)]	Loss: 116.297173
[2022-10-19 23:22:37] PRINT Train Epoch: 4 [5120/60000 (9%)]	Loss: 115.323227
[2022-10-19 23:22:38] PRINT Train Epoch: 4 [6400/60000 (11%)]	Loss: 121.360260
[2022-10-19 23:22:38] PRINT Train Epoch: 4 [7680/60000 (13%)]	Loss: 118.921097
[2022-10-19 23:22:38] PRINT Train Epoch: 4 [8960/60000 (15%)]	Loss: 114.313171
[2022-10-19 23:22:38] PRINT Train Epoch: 4 [10240/60000 (17%)]	Loss: 112.756973
[2022-10-19 23:22:38] PRINT Train Epoch: 4 [11520/60000 (19%)]	Loss: 115.687820
[2022-10-19 23:22:38] PRINT Train Epoch: 4 [12800/60000 (21%)]	Loss: 116.844635
[2022-10-19 23:22:38] PRINT Train Epoch: 4 [14080/60000 (23%)]	Loss: 115.763985
[2022-10-19 23:22:38] PRINT Train Epoch: 4 [15360/60000 (26%)]	Loss: 116.108398
[2022-10-19 23:22:38] PRINT Train Epoch: 4 [16640/60000 (28%)]	Loss: 114.415115
[2022-10-19 23:22:38] PRINT Train Epoch: 4 [17920/60000 (30%)]	Loss: 112.145905
[2022-10-19 23:22:39] PRINT Train Epoch: 4 [19200/60000 (32%)]	Loss: 118.857841
[2022-10-19 23:22:39] PRINT Train Epoch: 4 [20480/60000 (34%)]	Loss: 109.577385
[2022-10-19 23:22:39] PRINT Train Epoch: 4 [21760/60000 (36%)]	Loss: 116.361908
[2022-10-19 23:22:39] PRINT Train Epoch: 4 [23040/60000 (38%)]	Loss: 109.417198
[2022-10-19 23:22:39] PRINT Train Epoch: 4 [24320/60000 (41%)]	Loss: 118.360580
[2022-10-19 23:22:39] PRINT Train Epoch: 4 [25600/60000 (43%)]	Loss: 112.221054
[2022-10-19 23:22:39] PRINT Train Epoch: 4 [26880/60000 (45%)]	Loss: 113.970314
[2022-10-19 23:22:39] PRINT Train Epoch: 4 [28160/60000 (47%)]	Loss: 112.836777
[2022-10-19 23:22:39] PRINT Train Epoch: 4 [29440/60000 (49%)]	Loss: 112.528473
[2022-10-19 23:22:39] PRINT Train Epoch: 4 [30720/60000 (51%)]	Loss: 115.140732
[2022-10-19 23:22:40] PRINT Train Epoch: 4 [32000/60000 (53%)]	Loss: 114.687531
[2022-10-19 23:22:40] PRINT Train Epoch: 4 [33280/60000 (55%)]	Loss: 117.985168
[2022-10-19 23:22:40] PRINT Train Epoch: 4 [34560/60000 (58%)]	Loss: 114.206207
[2022-10-19 23:22:40] PRINT Train Epoch: 4 [35840/60000 (60%)]	Loss: 111.752907
[2022-10-19 23:22:40] PRINT Train Epoch: 4 [37120/60000 (62%)]	Loss: 115.311157
[2022-10-19 23:22:40] PRINT Train Epoch: 4 [38400/60000 (64%)]	Loss: 112.036209
[2022-10-19 23:22:40] PRINT Train Epoch: 4 [39680/60000 (66%)]	Loss: 108.560555
[2022-10-19 23:22:40] PRINT Train Epoch: 4 [40960/60000 (68%)]	Loss: 113.721451
[2022-10-19 23:22:40] PRINT Train Epoch: 4 [42240/60000 (70%)]	Loss: 109.068443
[2022-10-19 23:22:41] PRINT Train Epoch: 4 [43520/60000 (72%)]	Loss: 114.079964
[2022-10-19 23:22:41] PRINT Train Epoch: 4 [44800/60000 (75%)]	Loss: 115.194664
[2022-10-19 23:22:41] PRINT Train Epoch: 4 [46080/60000 (77%)]	Loss: 116.055946
[2022-10-19 23:22:41] PRINT Train Epoch: 4 [47360/60000 (79%)]	Loss: 114.516411
[2022-10-19 23:22:41] PRINT Train Epoch: 4 [48640/60000 (81%)]	Loss: 115.765167
[2022-10-19 23:22:41] PRINT Train Epoch: 4 [49920/60000 (83%)]	Loss: 110.135468
[2022-10-19 23:22:41] PRINT Train Epoch: 4 [51200/60000 (85%)]	Loss: 114.948204
[2022-10-19 23:22:41] PRINT Train Epoch: 4 [52480/60000 (87%)]	Loss: 118.134956
[2022-10-19 23:22:41] PRINT Train Epoch: 4 [53760/60000 (90%)]	Loss: 112.491455
[2022-10-19 23:22:41] PRINT Train Epoch: 4 [55040/60000 (92%)]	Loss: 116.396286
[2022-10-19 23:22:42] PRINT Train Epoch: 4 [56320/60000 (94%)]	Loss: 115.150757
[2022-10-19 23:22:42] PRINT Train Epoch: 4 [57600/60000 (96%)]	Loss: 117.510933
[2022-10-19 23:22:42] PRINT Train Epoch: 4 [58880/60000 (98%)]	Loss: 110.682953
[2022-10-19 23:22:42] PRINT ====> Epoch: 4 Average loss: 114.7557
[2022-10-19 23:22:43] PRINT ====> Test set loss: 112.4385
[2022-10-19 23:22:43] PRINT Train Epoch: 5 [0/60000 (0%)]	Loss: 116.904877
[2022-10-19 23:22:43] PRINT Train Epoch: 5 [1280/60000 (2%)]	Loss: 114.284462
[2022-10-19 23:22:43] PRINT Train Epoch: 5 [2560/60000 (4%)]	Loss: 117.383949
[2022-10-19 23:22:43] PRINT Train Epoch: 5 [3840/60000 (6%)]	Loss: 119.352005
[2022-10-19 23:22:43] PRINT Train Epoch: 5 [5120/60000 (9%)]	Loss: 114.514725
[2022-10-19 23:22:43] PRINT Train Epoch: 5 [6400/60000 (11%)]	Loss: 115.212486
[2022-10-19 23:22:43] PRINT Train Epoch: 5 [7680/60000 (13%)]	Loss: 112.616791
[2022-10-19 23:22:44] PRINT Train Epoch: 5 [8960/60000 (15%)]	Loss: 113.332954
[2022-10-19 23:22:44] PRINT Train Epoch: 5 [10240/60000 (17%)]	Loss: 112.573753
[2022-10-19 23:22:44] PRINT Train Epoch: 5 [11520/60000 (19%)]	Loss: 114.453400
[2022-10-19 23:22:44] PRINT Train Epoch: 5 [12800/60000 (21%)]	Loss: 115.701294
[2022-10-19 23:22:44] PRINT Train Epoch: 5 [14080/60000 (23%)]	Loss: 111.413132
[2022-10-19 23:22:44] PRINT Train Epoch: 5 [15360/60000 (26%)]	Loss: 116.043495
[2022-10-19 23:22:44] PRINT Train Epoch: 5 [16640/60000 (28%)]	Loss: 108.864891
[2022-10-19 23:22:44] PRINT Train Epoch: 5 [17920/60000 (30%)]	Loss: 112.081001
[2022-10-19 23:22:44] PRINT Train Epoch: 5 [19200/60000 (32%)]	Loss: 113.172577
[2022-10-19 23:22:45] PRINT Train Epoch: 5 [20480/60000 (34%)]	Loss: 113.333260
[2022-10-19 23:22:45] PRINT Train Epoch: 5 [21760/60000 (36%)]	Loss: 112.893929
[2022-10-19 23:22:45] PRINT Train Epoch: 5 [23040/60000 (38%)]	Loss: 114.040863
[2022-10-19 23:22:45] PRINT Train Epoch: 5 [24320/60000 (41%)]	Loss: 115.833931
[2022-10-19 23:22:45] PRINT Train Epoch: 5 [25600/60000 (43%)]	Loss: 113.839302
[2022-10-19 23:22:45] PRINT Train Epoch: 5 [26880/60000 (45%)]	Loss: 112.047470
[2022-10-19 23:22:45] PRINT Train Epoch: 5 [28160/60000 (47%)]	Loss: 112.199608
[2022-10-19 23:22:45] PRINT Train Epoch: 5 [29440/60000 (49%)]	Loss: 110.359215
[2022-10-19 23:22:45] PRINT Train Epoch: 5 [30720/60000 (51%)]	Loss: 111.437088
[2022-10-19 23:22:45] PRINT Train Epoch: 5 [32000/60000 (53%)]	Loss: 110.268417
[2022-10-19 23:22:46] PRINT Train Epoch: 5 [33280/60000 (55%)]	Loss: 108.505646
[2022-10-19 23:22:46] PRINT Train Epoch: 5 [34560/60000 (58%)]	Loss: 106.372871
[2022-10-19 23:22:46] PRINT Train Epoch: 5 [35840/60000 (60%)]	Loss: 113.349899
[2022-10-19 23:22:46] PRINT Train Epoch: 5 [37120/60000 (62%)]	Loss: 112.291916
[2022-10-19 23:22:46] PRINT Train Epoch: 5 [38400/60000 (64%)]	Loss: 113.925415
[2022-10-19 23:22:46] PRINT Train Epoch: 5 [39680/60000 (66%)]	Loss: 111.343361
[2022-10-19 23:22:46] PRINT Train Epoch: 5 [40960/60000 (68%)]	Loss: 112.197899
[2022-10-19 23:22:46] PRINT Train Epoch: 5 [42240/60000 (70%)]	Loss: 111.101906
[2022-10-19 23:22:46] PRINT Train Epoch: 5 [43520/60000 (72%)]	Loss: 119.287460
[2022-10-19 23:22:46] PRINT Train Epoch: 5 [44800/60000 (75%)]	Loss: 111.658325
[2022-10-19 23:22:47] PRINT Train Epoch: 5 [46080/60000 (77%)]	Loss: 110.387390
[2022-10-19 23:22:47] PRINT Train Epoch: 5 [47360/60000 (79%)]	Loss: 110.639969
[2022-10-19 23:22:47] PRINT Train Epoch: 5 [48640/60000 (81%)]	Loss: 114.005264
[2022-10-19 23:22:47] PRINT Train Epoch: 5 [49920/60000 (83%)]	Loss: 112.657516
[2022-10-19 23:22:47] PRINT Train Epoch: 5 [51200/60000 (85%)]	Loss: 109.572601
[2022-10-19 23:22:47] PRINT Train Epoch: 5 [52480/60000 (87%)]	Loss: 109.658493
[2022-10-19 23:22:47] PRINT Train Epoch: 5 [53760/60000 (90%)]	Loss: 111.546249
[2022-10-19 23:22:47] PRINT Train Epoch: 5 [55040/60000 (92%)]	Loss: 116.100342
[2022-10-19 23:22:47] PRINT Train Epoch: 5 [56320/60000 (94%)]	Loss: 112.952812
[2022-10-19 23:22:48] PRINT Train Epoch: 5 [57600/60000 (96%)]	Loss: 110.321404
[2022-10-19 23:22:48] PRINT Train Epoch: 5 [58880/60000 (98%)]	Loss: 112.678963
[2022-10-19 23:22:48] PRINT ====> Epoch: 5 Average loss: 112.0398
[2022-10-19 23:22:49] PRINT ====> Test set loss: 110.2958
[2022-10-19 23:22:49] PRINT Train Epoch: 6 [0/60000 (0%)]	Loss: 112.496292
[2022-10-19 23:22:49] PRINT Train Epoch: 6 [1280/60000 (2%)]	Loss: 114.736046
[2022-10-19 23:22:49] PRINT Train Epoch: 6 [2560/60000 (4%)]	Loss: 112.087814
[2022-10-19 23:22:49] PRINT Train Epoch: 6 [3840/60000 (6%)]	Loss: 111.509438
[2022-10-19 23:22:49] PRINT Train Epoch: 6 [5120/60000 (9%)]	Loss: 112.178864
[2022-10-19 23:22:49] PRINT Train Epoch: 6 [6400/60000 (11%)]	Loss: 109.617340
[2022-10-19 23:22:49] PRINT Train Epoch: 6 [7680/60000 (13%)]	Loss: 107.525749
[2022-10-19 23:22:49] PRINT Train Epoch: 6 [8960/60000 (15%)]	Loss: 109.993759
[2022-10-19 23:22:50] PRINT Train Epoch: 6 [10240/60000 (17%)]	Loss: 117.875656
[2022-10-19 23:22:50] PRINT Train Epoch: 6 [11520/60000 (19%)]	Loss: 112.210991
[2022-10-19 23:22:50] PRINT Train Epoch: 6 [12800/60000 (21%)]	Loss: 112.237099
[2022-10-19 23:22:50] PRINT Train Epoch: 6 [14080/60000 (23%)]	Loss: 110.376122
[2022-10-19 23:22:50] PRINT Train Epoch: 6 [15360/60000 (26%)]	Loss: 112.867676
[2022-10-19 23:22:50] PRINT Train Epoch: 6 [16640/60000 (28%)]	Loss: 107.605698
[2022-10-19 23:22:50] PRINT Train Epoch: 6 [17920/60000 (30%)]	Loss: 107.800522
[2022-10-19 23:22:50] PRINT Train Epoch: 6 [19200/60000 (32%)]	Loss: 112.686859
[2022-10-19 23:22:50] PRINT Train Epoch: 6 [20480/60000 (34%)]	Loss: 110.983925
[2022-10-19 23:22:50] PRINT Train Epoch: 6 [21760/60000 (36%)]	Loss: 104.331383
[2022-10-19 23:22:51] PRINT Train Epoch: 6 [23040/60000 (38%)]	Loss: 102.660248
[2022-10-19 23:22:51] PRINT Train Epoch: 6 [24320/60000 (41%)]	Loss: 109.399963
[2022-10-19 23:22:51] PRINT Train Epoch: 6 [25600/60000 (43%)]	Loss: 113.603485
[2022-10-19 23:22:51] PRINT Train Epoch: 6 [26880/60000 (45%)]	Loss: 108.592598
[2022-10-19 23:22:51] PRINT Train Epoch: 6 [28160/60000 (47%)]	Loss: 107.185440
[2022-10-19 23:22:51] PRINT Train Epoch: 6 [29440/60000 (49%)]	Loss: 107.846146
[2022-10-19 23:22:51] PRINT Train Epoch: 6 [30720/60000 (51%)]	Loss: 109.842514
[2022-10-19 23:22:51] PRINT Train Epoch: 6 [32000/60000 (53%)]	Loss: 108.218658
[2022-10-19 23:22:51] PRINT Train Epoch: 6 [33280/60000 (55%)]	Loss: 113.723251
[2022-10-19 23:22:52] PRINT Train Epoch: 6 [34560/60000 (58%)]	Loss: 112.902435
[2022-10-19 23:22:52] PRINT Train Epoch: 6 [35840/60000 (60%)]	Loss: 107.536278
[2022-10-19 23:22:52] PRINT Train Epoch: 6 [37120/60000 (62%)]	Loss: 114.604805
[2022-10-19 23:22:52] PRINT Train Epoch: 6 [38400/60000 (64%)]	Loss: 113.711166
[2022-10-19 23:22:52] PRINT Train Epoch: 6 [39680/60000 (66%)]	Loss: 109.344193
[2022-10-19 23:22:52] PRINT Train Epoch: 6 [40960/60000 (68%)]	Loss: 110.175125
[2022-10-19 23:22:52] PRINT Train Epoch: 6 [42240/60000 (70%)]	Loss: 113.151245
[2022-10-19 23:22:52] PRINT Train Epoch: 6 [43520/60000 (72%)]	Loss: 111.526833
[2022-10-19 23:22:52] PRINT Train Epoch: 6 [44800/60000 (75%)]	Loss: 110.136688
[2022-10-19 23:22:52] PRINT Train Epoch: 6 [46080/60000 (77%)]	Loss: 107.536407
[2022-10-19 23:22:53] PRINT Train Epoch: 6 [47360/60000 (79%)]	Loss: 107.929077
[2022-10-19 23:22:53] PRINT Train Epoch: 6 [48640/60000 (81%)]	Loss: 111.039688
[2022-10-19 23:22:53] PRINT Train Epoch: 6 [49920/60000 (83%)]	Loss: 108.257324
[2022-10-19 23:22:53] PRINT Train Epoch: 6 [51200/60000 (85%)]	Loss: 113.274979
[2022-10-19 23:22:53] PRINT Train Epoch: 6 [52480/60000 (87%)]	Loss: 111.548416
[2022-10-19 23:22:53] PRINT Train Epoch: 6 [53760/60000 (90%)]	Loss: 109.533684
[2022-10-19 23:22:53] PRINT Train Epoch: 6 [55040/60000 (92%)]	Loss: 107.086334
[2022-10-19 23:22:53] PRINT Train Epoch: 6 [56320/60000 (94%)]	Loss: 107.560081
[2022-10-19 23:22:53] PRINT Train Epoch: 6 [57600/60000 (96%)]	Loss: 110.247604
[2022-10-19 23:22:54] PRINT Train Epoch: 6 [58880/60000 (98%)]	Loss: 110.191971
[2022-10-19 23:22:54] PRINT ====> Epoch: 6 Average loss: 110.2669
[2022-10-19 23:22:55] PRINT ====> Test set loss: 108.8616
[2022-10-19 23:22:55] PRINT Train Epoch: 7 [0/60000 (0%)]	Loss: 110.339935
[2022-10-19 23:22:55] PRINT Train Epoch: 7 [1280/60000 (2%)]	Loss: 110.790054
[2022-10-19 23:22:55] PRINT Train Epoch: 7 [2560/60000 (4%)]	Loss: 112.036606
[2022-10-19 23:22:55] PRINT Train Epoch: 7 [3840/60000 (6%)]	Loss: 109.374565
[2022-10-19 23:22:55] PRINT Train Epoch: 7 [5120/60000 (9%)]	Loss: 109.670242
[2022-10-19 23:22:55] PRINT Train Epoch: 7 [6400/60000 (11%)]	Loss: 110.438103
[2022-10-19 23:22:55] PRINT Train Epoch: 7 [7680/60000 (13%)]	Loss: 108.143120
[2022-10-19 23:22:55] PRINT Train Epoch: 7 [8960/60000 (15%)]	Loss: 109.200264
[2022-10-19 23:22:55] PRINT Train Epoch: 7 [10240/60000 (17%)]	Loss: 107.113647
[2022-10-19 23:22:56] PRINT Train Epoch: 7 [11520/60000 (19%)]	Loss: 109.993408
[2022-10-19 23:22:56] PRINT Train Epoch: 7 [12800/60000 (21%)]	Loss: 106.251778
[2022-10-19 23:22:56] PRINT Train Epoch: 7 [14080/60000 (23%)]	Loss: 108.480675
[2022-10-19 23:22:56] PRINT Train Epoch: 7 [15360/60000 (26%)]	Loss: 108.179375
[2022-10-19 23:22:56] PRINT Train Epoch: 7 [16640/60000 (28%)]	Loss: 107.192154
[2022-10-19 23:22:56] PRINT Train Epoch: 7 [17920/60000 (30%)]	Loss: 108.953285
[2022-10-19 23:22:56] PRINT Train Epoch: 7 [19200/60000 (32%)]	Loss: 112.924446
[2022-10-19 23:22:56] PRINT Train Epoch: 7 [20480/60000 (34%)]	Loss: 108.786545
[2022-10-19 23:22:56] PRINT Train Epoch: 7 [21760/60000 (36%)]	Loss: 113.017067
[2022-10-19 23:22:57] PRINT Train Epoch: 7 [23040/60000 (38%)]	Loss: 109.664307
[2022-10-19 23:22:57] PRINT Train Epoch: 7 [24320/60000 (41%)]	Loss: 108.491547
[2022-10-19 23:22:57] PRINT Train Epoch: 7 [25600/60000 (43%)]	Loss: 113.523163
[2022-10-19 23:22:57] PRINT Train Epoch: 7 [26880/60000 (45%)]	Loss: 105.802002
[2022-10-19 23:22:57] PRINT Train Epoch: 7 [28160/60000 (47%)]	Loss: 107.047958
[2022-10-19 23:22:57] PRINT Train Epoch: 7 [29440/60000 (49%)]	Loss: 110.270889
[2022-10-19 23:22:57] PRINT Train Epoch: 7 [30720/60000 (51%)]	Loss: 108.391861
[2022-10-19 23:22:57] PRINT Train Epoch: 7 [32000/60000 (53%)]	Loss: 110.208099
[2022-10-19 23:22:57] PRINT Train Epoch: 7 [33280/60000 (55%)]	Loss: 109.844315
[2022-10-19 23:22:57] PRINT Train Epoch: 7 [34560/60000 (58%)]	Loss: 109.735916
[2022-10-19 23:22:58] PRINT Train Epoch: 7 [35840/60000 (60%)]	Loss: 107.595840
[2022-10-19 23:22:58] PRINT Train Epoch: 7 [37120/60000 (62%)]	Loss: 107.400635
[2022-10-19 23:22:58] PRINT Train Epoch: 7 [38400/60000 (64%)]	Loss: 103.888580
[2022-10-19 23:22:58] PRINT Train Epoch: 7 [39680/60000 (66%)]	Loss: 109.293152
[2022-10-19 23:22:58] PRINT Train Epoch: 7 [40960/60000 (68%)]	Loss: 111.678223
[2022-10-19 23:22:58] PRINT Train Epoch: 7 [42240/60000 (70%)]	Loss: 108.580986
[2022-10-19 23:22:58] PRINT Train Epoch: 7 [43520/60000 (72%)]	Loss: 108.536644
[2022-10-19 23:22:58] PRINT Train Epoch: 7 [44800/60000 (75%)]	Loss: 108.532852
[2022-10-19 23:22:58] PRINT Train Epoch: 7 [46080/60000 (77%)]	Loss: 109.000534
[2022-10-19 23:22:59] PRINT Train Epoch: 7 [47360/60000 (79%)]	Loss: 112.065842
[2022-10-19 23:22:59] PRINT Train Epoch: 7 [48640/60000 (81%)]	Loss: 112.589294
[2022-10-19 23:22:59] PRINT Train Epoch: 7 [49920/60000 (83%)]	Loss: 111.060463
[2022-10-19 23:22:59] PRINT Train Epoch: 7 [51200/60000 (85%)]	Loss: 110.104843
[2022-10-19 23:22:59] PRINT Train Epoch: 7 [52480/60000 (87%)]	Loss: 111.433022
[2022-10-19 23:22:59] PRINT Train Epoch: 7 [53760/60000 (90%)]	Loss: 107.795532
[2022-10-19 23:22:59] PRINT Train Epoch: 7 [55040/60000 (92%)]	Loss: 110.654243
[2022-10-19 23:22:59] PRINT Train Epoch: 7 [56320/60000 (94%)]	Loss: 106.918137
[2022-10-19 23:22:59] PRINT Train Epoch: 7 [57600/60000 (96%)]	Loss: 108.855942
[2022-10-19 23:22:59] PRINT Train Epoch: 7 [58880/60000 (98%)]	Loss: 109.530640
[2022-10-19 23:23:00] PRINT ====> Epoch: 7 Average loss: 109.0462
[2022-10-19 23:23:00] PRINT ====> Test set loss: 107.8389
[2022-10-19 23:23:01] PRINT Train Epoch: 8 [0/60000 (0%)]	Loss: 105.974632
[2022-10-19 23:23:01] PRINT Train Epoch: 8 [1280/60000 (2%)]	Loss: 104.714546
[2022-10-19 23:23:01] PRINT Train Epoch: 8 [2560/60000 (4%)]	Loss: 108.807465
[2022-10-19 23:23:01] PRINT Train Epoch: 8 [3840/60000 (6%)]	Loss: 104.931808
[2022-10-19 23:23:01] PRINT Train Epoch: 8 [5120/60000 (9%)]	Loss: 106.155846
[2022-10-19 23:23:01] PRINT Train Epoch: 8 [6400/60000 (11%)]	Loss: 102.788956
[2022-10-19 23:23:01] PRINT Train Epoch: 8 [7680/60000 (13%)]	Loss: 107.152710
[2022-10-19 23:23:01] PRINT Train Epoch: 8 [8960/60000 (15%)]	Loss: 107.890656
[2022-10-19 23:23:01] PRINT Train Epoch: 8 [10240/60000 (17%)]	Loss: 106.387787
[2022-10-19 23:23:01] PRINT Train Epoch: 8 [11520/60000 (19%)]	Loss: 108.308502
[2022-10-19 23:23:02] PRINT Train Epoch: 8 [12800/60000 (21%)]	Loss: 110.530731
[2022-10-19 23:23:02] PRINT Train Epoch: 8 [14080/60000 (23%)]	Loss: 110.907585
[2022-10-19 23:23:02] PRINT Train Epoch: 8 [15360/60000 (26%)]	Loss: 110.462402
[2022-10-19 23:23:02] PRINT Train Epoch: 8 [16640/60000 (28%)]	Loss: 109.015701
[2022-10-19 23:23:02] PRINT Train Epoch: 8 [17920/60000 (30%)]	Loss: 110.025787
[2022-10-19 23:23:02] PRINT Train Epoch: 8 [19200/60000 (32%)]	Loss: 110.372269
[2022-10-19 23:23:02] PRINT Train Epoch: 8 [20480/60000 (34%)]	Loss: 107.480484
[2022-10-19 23:23:02] PRINT Train Epoch: 8 [21760/60000 (36%)]	Loss: 107.230850
[2022-10-19 23:23:02] PRINT Train Epoch: 8 [23040/60000 (38%)]	Loss: 111.501839
[2022-10-19 23:23:03] PRINT Train Epoch: 8 [24320/60000 (41%)]	Loss: 108.441315
[2022-10-19 23:23:03] PRINT Train Epoch: 8 [25600/60000 (43%)]	Loss: 112.047501
[2022-10-19 23:23:03] PRINT Train Epoch: 8 [26880/60000 (45%)]	Loss: 105.647369
[2022-10-19 23:23:03] PRINT Train Epoch: 8 [28160/60000 (47%)]	Loss: 105.668503
[2022-10-19 23:23:03] PRINT Train Epoch: 8 [29440/60000 (49%)]	Loss: 107.191956
[2022-10-19 23:23:03] PRINT Train Epoch: 8 [30720/60000 (51%)]	Loss: 107.436264
[2022-10-19 23:23:03] PRINT Train Epoch: 8 [32000/60000 (53%)]	Loss: 108.356056
[2022-10-19 23:23:03] PRINT Train Epoch: 8 [33280/60000 (55%)]	Loss: 107.989105
[2022-10-19 23:23:03] PRINT Train Epoch: 8 [34560/60000 (58%)]	Loss: 106.023918
[2022-10-19 23:23:04] PRINT Train Epoch: 8 [35840/60000 (60%)]	Loss: 107.126068
[2022-10-19 23:23:04] PRINT Train Epoch: 8 [37120/60000 (62%)]	Loss: 107.186417
[2022-10-19 23:23:04] PRINT Train Epoch: 8 [38400/60000 (64%)]	Loss: 107.530609
[2022-10-19 23:23:04] PRINT Train Epoch: 8 [39680/60000 (66%)]	Loss: 112.184601
[2022-10-19 23:23:04] PRINT Train Epoch: 8 [40960/60000 (68%)]	Loss: 103.667679
[2022-10-19 23:23:04] PRINT Train Epoch: 8 [42240/60000 (70%)]	Loss: 108.516747
[2022-10-19 23:23:04] PRINT Train Epoch: 8 [43520/60000 (72%)]	Loss: 106.891205
[2022-10-19 23:23:04] PRINT Train Epoch: 8 [44800/60000 (75%)]	Loss: 103.740379
[2022-10-19 23:23:04] PRINT Train Epoch: 8 [46080/60000 (77%)]	Loss: 107.127083
[2022-10-19 23:23:04] PRINT Train Epoch: 8 [47360/60000 (79%)]	Loss: 108.202042
[2022-10-19 23:23:05] PRINT Train Epoch: 8 [48640/60000 (81%)]	Loss: 108.087494
[2022-10-19 23:23:05] PRINT Train Epoch: 8 [49920/60000 (83%)]	Loss: 109.125175
[2022-10-19 23:23:05] PRINT Train Epoch: 8 [51200/60000 (85%)]	Loss: 107.626038
[2022-10-19 23:23:05] PRINT Train Epoch: 8 [52480/60000 (87%)]	Loss: 111.520210
[2022-10-19 23:23:05] PRINT Train Epoch: 8 [53760/60000 (90%)]	Loss: 108.200653
[2022-10-19 23:23:05] PRINT Train Epoch: 8 [55040/60000 (92%)]	Loss: 105.147400
[2022-10-19 23:23:05] PRINT Train Epoch: 8 [56320/60000 (94%)]	Loss: 107.924973
[2022-10-19 23:23:05] PRINT Train Epoch: 8 [57600/60000 (96%)]	Loss: 105.235565
[2022-10-19 23:23:05] PRINT Train Epoch: 8 [58880/60000 (98%)]	Loss: 111.715904
[2022-10-19 23:23:06] PRINT ====> Epoch: 8 Average loss: 108.0873
[2022-10-19 23:23:06] PRINT ====> Test set loss: 107.2114
[2022-10-19 23:23:06] PRINT Train Epoch: 9 [0/60000 (0%)]	Loss: 109.800743
[2022-10-19 23:23:07] PRINT Train Epoch: 9 [1280/60000 (2%)]	Loss: 104.604958
[2022-10-19 23:23:07] PRINT Train Epoch: 9 [2560/60000 (4%)]	Loss: 106.938080
[2022-10-19 23:23:07] PRINT Train Epoch: 9 [3840/60000 (6%)]	Loss: 107.015022
[2022-10-19 23:23:07] PRINT Train Epoch: 9 [5120/60000 (9%)]	Loss: 110.824097
[2022-10-19 23:23:07] PRINT Train Epoch: 9 [6400/60000 (11%)]	Loss: 106.647568
[2022-10-19 23:23:07] PRINT Train Epoch: 9 [7680/60000 (13%)]	Loss: 109.994034
[2022-10-19 23:23:07] PRINT Train Epoch: 9 [8960/60000 (15%)]	Loss: 107.377892
[2022-10-19 23:23:07] PRINT Train Epoch: 9 [10240/60000 (17%)]	Loss: 106.182510
[2022-10-19 23:23:07] PRINT Train Epoch: 9 [11520/60000 (19%)]	Loss: 103.365662
[2022-10-19 23:23:08] PRINT Train Epoch: 9 [12800/60000 (21%)]	Loss: 107.994179
[2022-10-19 23:23:08] PRINT Train Epoch: 9 [14080/60000 (23%)]	Loss: 108.765320
[2022-10-19 23:23:08] PRINT Train Epoch: 9 [15360/60000 (26%)]	Loss: 110.158585
[2022-10-19 23:23:08] PRINT Train Epoch: 9 [16640/60000 (28%)]	Loss: 105.984154
[2022-10-19 23:23:08] PRINT Train Epoch: 9 [17920/60000 (30%)]	Loss: 107.541245
[2022-10-19 23:23:08] PRINT Train Epoch: 9 [19200/60000 (32%)]	Loss: 107.926567
[2022-10-19 23:23:08] PRINT Train Epoch: 9 [20480/60000 (34%)]	Loss: 105.243561
[2022-10-19 23:23:08] PRINT Train Epoch: 9 [21760/60000 (36%)]	Loss: 107.398880
[2022-10-19 23:23:08] PRINT Train Epoch: 9 [23040/60000 (38%)]	Loss: 107.869781
[2022-10-19 23:23:08] PRINT Train Epoch: 9 [24320/60000 (41%)]	Loss: 109.085861
[2022-10-19 23:23:09] PRINT Train Epoch: 9 [25600/60000 (43%)]	Loss: 108.281494
[2022-10-19 23:23:09] PRINT Train Epoch: 9 [26880/60000 (45%)]	Loss: 109.922058
[2022-10-19 23:23:09] PRINT Train Epoch: 9 [28160/60000 (47%)]	Loss: 102.375633
[2022-10-19 23:23:09] PRINT Train Epoch: 9 [29440/60000 (49%)]	Loss: 111.090424
[2022-10-19 23:23:09] PRINT Train Epoch: 9 [30720/60000 (51%)]	Loss: 103.601379
[2022-10-19 23:23:09] PRINT Train Epoch: 9 [32000/60000 (53%)]	Loss: 105.780365
[2022-10-19 23:23:09] PRINT Train Epoch: 9 [33280/60000 (55%)]	Loss: 103.437180
[2022-10-19 23:23:09] PRINT Train Epoch: 9 [34560/60000 (58%)]	Loss: 106.428551
[2022-10-19 23:23:09] PRINT Train Epoch: 9 [35840/60000 (60%)]	Loss: 109.055847
[2022-10-19 23:23:09] PRINT Train Epoch: 9 [37120/60000 (62%)]	Loss: 107.708817
[2022-10-19 23:23:10] PRINT Train Epoch: 9 [38400/60000 (64%)]	Loss: 105.801453
[2022-10-19 23:23:10] PRINT Train Epoch: 9 [39680/60000 (66%)]	Loss: 107.285049
[2022-10-19 23:23:10] PRINT Train Epoch: 9 [40960/60000 (68%)]	Loss: 104.279861
[2022-10-19 23:23:10] PRINT Train Epoch: 9 [42240/60000 (70%)]	Loss: 113.365067
[2022-10-19 23:23:10] PRINT Train Epoch: 9 [43520/60000 (72%)]	Loss: 107.524117
[2022-10-19 23:23:10] PRINT Train Epoch: 9 [44800/60000 (75%)]	Loss: 109.678665
[2022-10-19 23:23:10] PRINT Train Epoch: 9 [46080/60000 (77%)]	Loss: 104.063416
[2022-10-19 23:23:10] PRINT Train Epoch: 9 [47360/60000 (79%)]	Loss: 107.173080
[2022-10-19 23:23:10] PRINT Train Epoch: 9 [48640/60000 (81%)]	Loss: 106.537682
[2022-10-19 23:23:11] PRINT Train Epoch: 9 [49920/60000 (83%)]	Loss: 109.421738
[2022-10-19 23:23:11] PRINT Train Epoch: 9 [51200/60000 (85%)]	Loss: 107.739265
[2022-10-19 23:23:11] PRINT Train Epoch: 9 [52480/60000 (87%)]	Loss: 108.302658
[2022-10-19 23:23:11] PRINT Train Epoch: 9 [53760/60000 (90%)]	Loss: 109.114655
[2022-10-19 23:23:11] PRINT Train Epoch: 9 [55040/60000 (92%)]	Loss: 110.486313
[2022-10-19 23:23:11] PRINT Train Epoch: 9 [56320/60000 (94%)]	Loss: 105.951080
[2022-10-19 23:23:11] PRINT Train Epoch: 9 [57600/60000 (96%)]	Loss: 104.828766
[2022-10-19 23:23:11] PRINT Train Epoch: 9 [58880/60000 (98%)]	Loss: 111.984070
[2022-10-19 23:23:11] PRINT ====> Epoch: 9 Average loss: 107.4164
[2022-10-19 23:23:12] PRINT ====> Test set loss: 106.5135
[2022-10-19 23:23:12] PRINT Train Epoch: 10 [0/60000 (0%)]	Loss: 106.863800
[2022-10-19 23:23:12] PRINT Train Epoch: 10 [1280/60000 (2%)]	Loss: 101.558655
[2022-10-19 23:23:12] PRINT Train Epoch: 10 [2560/60000 (4%)]	Loss: 106.080666
[2022-10-19 23:23:13] PRINT Train Epoch: 10 [3840/60000 (6%)]	Loss: 106.122726
[2022-10-19 23:23:13] PRINT Train Epoch: 10 [5120/60000 (9%)]	Loss: 106.260124
[2022-10-19 23:23:13] PRINT Train Epoch: 10 [6400/60000 (11%)]	Loss: 109.307526
[2022-10-19 23:23:13] PRINT Train Epoch: 10 [7680/60000 (13%)]	Loss: 107.734032
[2022-10-19 23:23:13] PRINT Train Epoch: 10 [8960/60000 (15%)]	Loss: 109.135902
[2022-10-19 23:23:13] PRINT Train Epoch: 10 [10240/60000 (17%)]	Loss: 106.653732
[2022-10-19 23:23:13] PRINT Train Epoch: 10 [11520/60000 (19%)]	Loss: 107.444946
[2022-10-19 23:23:13] PRINT Train Epoch: 10 [12800/60000 (21%)]	Loss: 109.687668
[2022-10-19 23:23:13] PRINT Train Epoch: 10 [14080/60000 (23%)]	Loss: 108.641449
[2022-10-19 23:23:14] PRINT Train Epoch: 10 [15360/60000 (26%)]	Loss: 107.014435
[2022-10-19 23:23:14] PRINT Train Epoch: 10 [16640/60000 (28%)]	Loss: 104.009422
[2022-10-19 23:23:14] PRINT Train Epoch: 10 [17920/60000 (30%)]	Loss: 102.843307
[2022-10-19 23:23:14] PRINT Train Epoch: 10 [19200/60000 (32%)]	Loss: 105.707947
[2022-10-19 23:23:14] PRINT Train Epoch: 10 [20480/60000 (34%)]	Loss: 106.353951
[2022-10-19 23:23:14] PRINT Train Epoch: 10 [21760/60000 (36%)]	Loss: 105.364975
[2022-10-19 23:23:14] PRINT Train Epoch: 10 [23040/60000 (38%)]	Loss: 105.945160
[2022-10-19 23:23:14] PRINT Train Epoch: 10 [24320/60000 (41%)]	Loss: 103.380882
[2022-10-19 23:23:14] PRINT Train Epoch: 10 [25600/60000 (43%)]	Loss: 107.167908
[2022-10-19 23:23:14] PRINT Train Epoch: 10 [26880/60000 (45%)]	Loss: 108.969597
[2022-10-19 23:23:15] PRINT Train Epoch: 10 [28160/60000 (47%)]	Loss: 105.876648
[2022-10-19 23:23:15] PRINT Train Epoch: 10 [29440/60000 (49%)]	Loss: 107.800125
[2022-10-19 23:23:15] PRINT Train Epoch: 10 [30720/60000 (51%)]	Loss: 104.962570
[2022-10-19 23:23:15] PRINT Train Epoch: 10 [32000/60000 (53%)]	Loss: 108.247490
[2022-10-19 23:23:15] PRINT Train Epoch: 10 [33280/60000 (55%)]	Loss: 105.837967
[2022-10-19 23:23:15] PRINT Train Epoch: 10 [34560/60000 (58%)]	Loss: 107.122917
[2022-10-19 23:23:15] PRINT Train Epoch: 10 [35840/60000 (60%)]	Loss: 105.325027
[2022-10-19 23:23:15] PRINT Train Epoch: 10 [37120/60000 (62%)]	Loss: 107.142548
[2022-10-19 23:23:15] PRINT Train Epoch: 10 [38400/60000 (64%)]	Loss: 104.823738
[2022-10-19 23:23:16] PRINT Train Epoch: 10 [39680/60000 (66%)]	Loss: 103.511108
[2022-10-19 23:23:16] PRINT Train Epoch: 10 [40960/60000 (68%)]	Loss: 105.741432
[2022-10-19 23:23:16] PRINT Train Epoch: 10 [42240/60000 (70%)]	Loss: 103.726868
[2022-10-19 23:23:16] PRINT Train Epoch: 10 [43520/60000 (72%)]	Loss: 107.332527
[2022-10-19 23:23:16] PRINT Train Epoch: 10 [44800/60000 (75%)]	Loss: 105.607735
[2022-10-19 23:23:16] PRINT Train Epoch: 10 [46080/60000 (77%)]	Loss: 106.475166
[2022-10-19 23:23:16] PRINT Train Epoch: 10 [47360/60000 (79%)]	Loss: 109.083069
[2022-10-19 23:23:16] PRINT Train Epoch: 10 [48640/60000 (81%)]	Loss: 110.699272
[2022-10-19 23:23:16] PRINT Train Epoch: 10 [49920/60000 (83%)]	Loss: 110.272766
[2022-10-19 23:23:16] PRINT Train Epoch: 10 [51200/60000 (85%)]	Loss: 105.782898
[2022-10-19 23:23:17] PRINT Train Epoch: 10 [52480/60000 (87%)]	Loss: 106.703537
[2022-10-19 23:23:17] PRINT Train Epoch: 10 [53760/60000 (90%)]	Loss: 104.680595
[2022-10-19 23:23:17] PRINT Train Epoch: 10 [55040/60000 (92%)]	Loss: 107.201920
[2022-10-19 23:23:17] PRINT Train Epoch: 10 [56320/60000 (94%)]	Loss: 108.376480
[2022-10-19 23:23:17] PRINT Train Epoch: 10 [57600/60000 (96%)]	Loss: 107.909470
[2022-10-19 23:23:17] PRINT Train Epoch: 10 [58880/60000 (98%)]	Loss: 104.083435
[2022-10-19 23:23:17] PRINT ====> Epoch: 10 Average loss: 106.8250
[2022-10-19 23:23:18] PRINT ====> Test set loss: 105.9467
