[2022-10-20 01:26:59] PRINT {'features1': 400, 'features2': 20, 'lr': 0.08336105173474741, 'epsilon': 1e-06}
[2022-10-20 01:27:00] PRINT Using cuda device
[2022-10-20 01:27:01] PRINT Train Epoch: 1 [0/60000 (0%)]	Loss: 550.513916
[2022-10-20 01:27:01] PRINT Train Epoch: 1 [1280/60000 (2%)]	Loss: 283.440369
[2022-10-20 01:27:01] PRINT Train Epoch: 1 [2560/60000 (4%)]	Loss: 277.482483
[2022-10-20 01:27:01] PRINT Train Epoch: 1 [3840/60000 (6%)]	Loss: 263.502747
[2022-10-20 01:27:01] PRINT Train Epoch: 1 [5120/60000 (9%)]	Loss: 354.296570
[2022-10-20 01:27:01] PRINT Train Epoch: 1 [6400/60000 (11%)]	Loss: 334.880707
[2022-10-20 01:27:02] PRINT Train Epoch: 1 [7680/60000 (13%)]	Loss: 210.498474
[2022-10-20 01:27:02] PRINT Train Epoch: 1 [8960/60000 (15%)]	Loss: 204.967850
[2022-10-20 01:27:02] PRINT Train Epoch: 1 [10240/60000 (17%)]	Loss: 211.377716
[2022-10-20 01:27:02] PRINT Train Epoch: 1 [11520/60000 (19%)]	Loss: 208.734802
[2022-10-20 01:27:02] PRINT Train Epoch: 1 [12800/60000 (21%)]	Loss: 205.152954
[2022-10-20 01:27:02] PRINT Train Epoch: 1 [14080/60000 (23%)]	Loss: 203.920151
[2022-10-20 01:27:02] PRINT Train Epoch: 1 [15360/60000 (26%)]	Loss: 218.207245
[2022-10-20 01:27:02] PRINT Train Epoch: 1 [16640/60000 (28%)]	Loss: 208.159271
[2022-10-20 01:27:02] PRINT Train Epoch: 1 [17920/60000 (30%)]	Loss: 207.384918
[2022-10-20 01:27:02] PRINT Train Epoch: 1 [19200/60000 (32%)]	Loss: 205.109695
[2022-10-20 01:27:02] PRINT Train Epoch: 1 [20480/60000 (34%)]	Loss: 205.621109
[2022-10-20 01:27:02] PRINT Train Epoch: 1 [21760/60000 (36%)]	Loss: 198.972839
[2022-10-20 01:27:03] PRINT Train Epoch: 1 [23040/60000 (38%)]	Loss: 205.988022
[2022-10-20 01:27:03] PRINT Train Epoch: 1 [24320/60000 (41%)]	Loss: 206.273758
[2022-10-20 01:27:03] PRINT Train Epoch: 1 [25600/60000 (43%)]	Loss: 207.835098
[2022-10-20 01:27:03] PRINT Train Epoch: 1 [26880/60000 (45%)]	Loss: 208.093185
[2022-10-20 01:27:03] PRINT Train Epoch: 1 [28160/60000 (47%)]	Loss: 206.758453
[2022-10-20 01:27:03] PRINT Train Epoch: 1 [29440/60000 (49%)]	Loss: 199.995651
[2022-10-20 01:27:03] PRINT Train Epoch: 1 [30720/60000 (51%)]	Loss: 199.415665
[2022-10-20 01:27:03] PRINT Train Epoch: 1 [32000/60000 (53%)]	Loss: 200.010818
[2022-10-20 01:27:03] PRINT Train Epoch: 1 [33280/60000 (55%)]	Loss: 205.927994
[2022-10-20 01:27:03] PRINT Train Epoch: 1 [34560/60000 (58%)]	Loss: 209.326660
[2022-10-20 01:27:03] PRINT Train Epoch: 1 [35840/60000 (60%)]	Loss: 196.005783
[2022-10-20 01:27:04] PRINT Train Epoch: 1 [37120/60000 (62%)]	Loss: 203.702362
[2022-10-20 01:27:04] PRINT Train Epoch: 1 [38400/60000 (64%)]	Loss: 199.179108
[2022-10-20 01:27:04] PRINT Train Epoch: 1 [39680/60000 (66%)]	Loss: 200.593765
[2022-10-20 01:27:04] PRINT Train Epoch: 1 [40960/60000 (68%)]	Loss: 205.296906
[2022-10-20 01:27:04] PRINT Train Epoch: 1 [42240/60000 (70%)]	Loss: 210.433029
[2022-10-20 01:27:04] PRINT Train Epoch: 1 [43520/60000 (72%)]	Loss: 204.917999
[2022-10-20 01:27:04] PRINT Train Epoch: 1 [44800/60000 (75%)]	Loss: 200.322723
[2022-10-20 01:27:04] PRINT Train Epoch: 1 [46080/60000 (77%)]	Loss: 202.288391
[2022-10-20 01:27:04] PRINT Train Epoch: 1 [47360/60000 (79%)]	Loss: 196.741470
[2022-10-20 01:27:04] PRINT Train Epoch: 1 [48640/60000 (81%)]	Loss: 201.154221
[2022-10-20 01:27:04] PRINT Train Epoch: 1 [49920/60000 (83%)]	Loss: 197.370880
[2022-10-20 01:27:05] PRINT Train Epoch: 1 [51200/60000 (85%)]	Loss: 201.271133
[2022-10-20 01:27:05] PRINT Train Epoch: 1 [52480/60000 (87%)]	Loss: 202.922836
[2022-10-20 01:27:05] PRINT Train Epoch: 1 [53760/60000 (90%)]	Loss: 208.388458
[2022-10-20 01:27:05] PRINT Train Epoch: 1 [55040/60000 (92%)]	Loss: 195.254593
[2022-10-20 01:27:05] PRINT Train Epoch: 1 [56320/60000 (94%)]	Loss: 208.597107
[2022-10-20 01:27:05] PRINT Train Epoch: 1 [57600/60000 (96%)]	Loss: 202.292480
[2022-10-20 01:27:05] PRINT Train Epoch: 1 [58880/60000 (98%)]	Loss: 202.405060
[2022-10-20 01:27:05] PRINT ====> Epoch: 1 Average loss: 356.4310
[2022-10-20 01:27:06] PRINT ====> Test set loss: 202.0265
[2022-10-20 01:27:06] PRINT Train Epoch: 2 [0/60000 (0%)]	Loss: 197.599991
[2022-10-20 01:27:06] PRINT Train Epoch: 2 [1280/60000 (2%)]	Loss: 202.731491
[2022-10-20 01:27:06] PRINT Train Epoch: 2 [2560/60000 (4%)]	Loss: 206.612015
[2022-10-20 01:27:06] PRINT Train Epoch: 2 [3840/60000 (6%)]	Loss: 204.251755
[2022-10-20 01:27:06] PRINT Train Epoch: 2 [5120/60000 (9%)]	Loss: 200.766724
[2022-10-20 01:27:06] PRINT Train Epoch: 2 [6400/60000 (11%)]	Loss: 201.758270
[2022-10-20 01:27:06] PRINT Train Epoch: 2 [7680/60000 (13%)]	Loss: 199.256195
[2022-10-20 01:27:07] PRINT Train Epoch: 2 [8960/60000 (15%)]	Loss: 203.920456
[2022-10-20 01:27:07] PRINT Train Epoch: 2 [10240/60000 (17%)]	Loss: 194.664368
[2022-10-20 01:27:07] PRINT Train Epoch: 2 [11520/60000 (19%)]	Loss: 205.035645
[2022-10-20 01:27:07] PRINT Train Epoch: 2 [12800/60000 (21%)]	Loss: 201.821365
[2022-10-20 01:27:07] PRINT Train Epoch: 2 [14080/60000 (23%)]	Loss: 196.530731
[2022-10-20 01:27:07] PRINT Train Epoch: 2 [15360/60000 (26%)]	Loss: 210.490738
[2022-10-20 01:27:07] PRINT Train Epoch: 2 [16640/60000 (28%)]	Loss: 193.605927
[2022-10-20 01:27:07] PRINT Train Epoch: 2 [17920/60000 (30%)]	Loss: 205.407501
[2022-10-20 01:27:07] PRINT Train Epoch: 2 [19200/60000 (32%)]	Loss: 199.855927
[2022-10-20 01:27:07] PRINT Train Epoch: 2 [20480/60000 (34%)]	Loss: 197.209198
[2022-10-20 01:27:07] PRINT Train Epoch: 2 [21760/60000 (36%)]	Loss: 205.956268
[2022-10-20 01:27:08] PRINT Train Epoch: 2 [23040/60000 (38%)]	Loss: 215.288895
[2022-10-20 01:27:08] PRINT Train Epoch: 2 [24320/60000 (41%)]	Loss: 214.566010
[2022-10-20 01:27:08] PRINT Train Epoch: 2 [25600/60000 (43%)]	Loss: 204.438080
[2022-10-20 01:27:08] PRINT Train Epoch: 2 [26880/60000 (45%)]	Loss: 204.105728
[2022-10-20 01:27:08] PRINT Train Epoch: 2 [28160/60000 (47%)]	Loss: 200.762985
[2022-10-20 01:27:08] PRINT Train Epoch: 2 [29440/60000 (49%)]	Loss: 201.524704
[2022-10-20 01:27:08] PRINT Train Epoch: 2 [30720/60000 (51%)]	Loss: 197.437317
[2022-10-20 01:27:08] PRINT Train Epoch: 2 [32000/60000 (53%)]	Loss: 192.977676
[2022-10-20 01:27:08] PRINT Train Epoch: 2 [33280/60000 (55%)]	Loss: 196.488220
[2022-10-20 01:27:08] PRINT Train Epoch: 2 [34560/60000 (58%)]	Loss: 214.649048
[2022-10-20 01:27:08] PRINT Train Epoch: 2 [35840/60000 (60%)]	Loss: 196.312454
[2022-10-20 01:27:09] PRINT Train Epoch: 2 [37120/60000 (62%)]	Loss: 197.280426
[2022-10-20 01:27:09] PRINT Train Epoch: 2 [38400/60000 (64%)]	Loss: 189.746948
[2022-10-20 01:27:09] PRINT Train Epoch: 2 [39680/60000 (66%)]	Loss: 195.903305
[2022-10-20 01:27:09] PRINT Train Epoch: 2 [40960/60000 (68%)]	Loss: 200.334549
[2022-10-20 01:27:09] PRINT Train Epoch: 2 [42240/60000 (70%)]	Loss: 198.118423
[2022-10-20 01:27:09] PRINT Train Epoch: 2 [43520/60000 (72%)]	Loss: 195.881271
[2022-10-20 01:27:09] PRINT Train Epoch: 2 [44800/60000 (75%)]	Loss: 191.900711
[2022-10-20 01:27:09] PRINT Train Epoch: 2 [46080/60000 (77%)]	Loss: 197.853088
[2022-10-20 01:27:09] PRINT Train Epoch: 2 [47360/60000 (79%)]	Loss: 203.903946
[2022-10-20 01:27:09] PRINT Train Epoch: 2 [48640/60000 (81%)]	Loss: 198.873291
[2022-10-20 01:27:09] PRINT Train Epoch: 2 [49920/60000 (83%)]	Loss: 203.596603
[2022-10-20 01:27:09] PRINT Train Epoch: 2 [51200/60000 (85%)]	Loss: 196.604340
[2022-10-20 01:27:10] PRINT Train Epoch: 2 [52480/60000 (87%)]	Loss: 194.861893
[2022-10-20 01:27:10] PRINT Train Epoch: 2 [53760/60000 (90%)]	Loss: 205.030960
[2022-10-20 01:27:10] PRINT Train Epoch: 2 [55040/60000 (92%)]	Loss: 200.396255
[2022-10-20 01:27:10] PRINT Train Epoch: 2 [56320/60000 (94%)]	Loss: 198.280777
[2022-10-20 01:27:10] PRINT Train Epoch: 2 [57600/60000 (96%)]	Loss: 203.724258
[2022-10-20 01:27:10] PRINT Train Epoch: 2 [58880/60000 (98%)]	Loss: 196.814926
[2022-10-20 01:27:10] PRINT ====> Epoch: 2 Average loss: 200.9828
[2022-10-20 01:27:11] PRINT ====> Test set loss: 197.6894
[2022-10-20 01:27:11] PRINT Train Epoch: 3 [0/60000 (0%)]	Loss: 201.942017
[2022-10-20 01:27:11] PRINT Train Epoch: 3 [1280/60000 (2%)]	Loss: 205.720428
[2022-10-20 01:27:11] PRINT Train Epoch: 3 [2560/60000 (4%)]	Loss: 197.008453
[2022-10-20 01:27:11] PRINT Train Epoch: 3 [3840/60000 (6%)]	Loss: 197.432205
[2022-10-20 01:27:11] PRINT Train Epoch: 3 [5120/60000 (9%)]	Loss: 199.648468
[2022-10-20 01:27:11] PRINT Train Epoch: 3 [6400/60000 (11%)]	Loss: 188.389526
[2022-10-20 01:27:11] PRINT Train Epoch: 3 [7680/60000 (13%)]	Loss: 202.278046
[2022-10-20 01:27:11] PRINT Train Epoch: 3 [8960/60000 (15%)]	Loss: 199.530121
[2022-10-20 01:27:12] PRINT Train Epoch: 3 [10240/60000 (17%)]	Loss: 202.093658
[2022-10-20 01:27:12] PRINT Train Epoch: 3 [11520/60000 (19%)]	Loss: 196.291641
[2022-10-20 01:27:12] PRINT Train Epoch: 3 [12800/60000 (21%)]	Loss: 196.517883
[2022-10-20 01:27:12] PRINT Train Epoch: 3 [14080/60000 (23%)]	Loss: 198.236053
[2022-10-20 01:27:12] PRINT Train Epoch: 3 [15360/60000 (26%)]	Loss: 193.428253
[2022-10-20 01:27:12] PRINT Train Epoch: 3 [16640/60000 (28%)]	Loss: 201.265518
[2022-10-20 01:27:12] PRINT Train Epoch: 3 [17920/60000 (30%)]	Loss: 195.296692
[2022-10-20 01:27:12] PRINT Train Epoch: 3 [19200/60000 (32%)]	Loss: 200.977509
[2022-10-20 01:27:12] PRINT Train Epoch: 3 [20480/60000 (34%)]	Loss: 200.574966
[2022-10-20 01:27:12] PRINT Train Epoch: 3 [21760/60000 (36%)]	Loss: 205.758423
[2022-10-20 01:27:12] PRINT Train Epoch: 3 [23040/60000 (38%)]	Loss: 200.342422
[2022-10-20 01:27:13] PRINT Train Epoch: 3 [24320/60000 (41%)]	Loss: 199.506287
[2022-10-20 01:27:13] PRINT Train Epoch: 3 [25600/60000 (43%)]	Loss: 200.466843
[2022-10-20 01:27:13] PRINT Train Epoch: 3 [26880/60000 (45%)]	Loss: 196.415268
[2022-10-20 01:27:13] PRINT Train Epoch: 3 [28160/60000 (47%)]	Loss: 195.031937
[2022-10-20 01:27:13] PRINT Train Epoch: 3 [29440/60000 (49%)]	Loss: 199.697098
[2022-10-20 01:27:13] PRINT Train Epoch: 3 [30720/60000 (51%)]	Loss: 200.729797
[2022-10-20 01:27:13] PRINT Train Epoch: 3 [32000/60000 (53%)]	Loss: 200.258163
[2022-10-20 01:27:13] PRINT Train Epoch: 3 [33280/60000 (55%)]	Loss: 199.679230
[2022-10-20 01:27:13] PRINT Train Epoch: 3 [34560/60000 (58%)]	Loss: 207.045517
[2022-10-20 01:27:13] PRINT Train Epoch: 3 [35840/60000 (60%)]	Loss: 202.318054
[2022-10-20 01:27:13] PRINT Train Epoch: 3 [37120/60000 (62%)]	Loss: 197.877335
[2022-10-20 01:27:14] PRINT Train Epoch: 3 [38400/60000 (64%)]	Loss: 205.353424
[2022-10-20 01:27:14] PRINT Train Epoch: 3 [39680/60000 (66%)]	Loss: 202.078659
[2022-10-20 01:27:14] PRINT Train Epoch: 3 [40960/60000 (68%)]	Loss: 205.684036
[2022-10-20 01:27:14] PRINT Train Epoch: 3 [42240/60000 (70%)]	Loss: 193.799652
[2022-10-20 01:27:14] PRINT Train Epoch: 3 [43520/60000 (72%)]	Loss: 192.651001
[2022-10-20 01:27:14] PRINT Train Epoch: 3 [44800/60000 (75%)]	Loss: 192.989319
[2022-10-20 01:27:14] PRINT Train Epoch: 3 [46080/60000 (77%)]	Loss: 196.980270
[2022-10-20 01:27:14] PRINT Train Epoch: 3 [47360/60000 (79%)]	Loss: 202.268463
[2022-10-20 01:27:14] PRINT Train Epoch: 3 [48640/60000 (81%)]	Loss: 198.774307
[2022-10-20 01:27:14] PRINT Train Epoch: 3 [49920/60000 (83%)]	Loss: 195.396942
[2022-10-20 01:27:14] PRINT Train Epoch: 3 [51200/60000 (85%)]	Loss: 203.155884
[2022-10-20 01:27:15] PRINT Train Epoch: 3 [52480/60000 (87%)]	Loss: 199.618149
[2022-10-20 01:27:15] PRINT Train Epoch: 3 [53760/60000 (90%)]	Loss: 195.868362
[2022-10-20 01:27:15] PRINT Train Epoch: 3 [55040/60000 (92%)]	Loss: 201.949722
[2022-10-20 01:27:15] PRINT Train Epoch: 3 [56320/60000 (94%)]	Loss: 196.955109
[2022-10-20 01:27:15] PRINT Train Epoch: 3 [57600/60000 (96%)]	Loss: 201.123825
[2022-10-20 01:27:15] PRINT Train Epoch: 3 [58880/60000 (98%)]	Loss: 197.256653
[2022-10-20 01:27:15] PRINT ====> Epoch: 3 Average loss: 198.2302
[2022-10-20 01:27:16] PRINT ====> Test set loss: 198.2860
[2022-10-20 01:27:16] PRINT Train Epoch: 4 [0/60000 (0%)]	Loss: 199.573975
[2022-10-20 01:27:16] PRINT Train Epoch: 4 [1280/60000 (2%)]	Loss: 207.375793
[2022-10-20 01:27:16] PRINT Train Epoch: 4 [2560/60000 (4%)]	Loss: 207.920135
[2022-10-20 01:27:16] PRINT Train Epoch: 4 [3840/60000 (6%)]	Loss: 202.204971
[2022-10-20 01:27:16] PRINT Train Epoch: 4 [5120/60000 (9%)]	Loss: 199.138260
[2022-10-20 01:27:16] PRINT Train Epoch: 4 [6400/60000 (11%)]	Loss: 200.195999
[2022-10-20 01:27:16] PRINT Train Epoch: 4 [7680/60000 (13%)]	Loss: 209.887192
[2022-10-20 01:27:16] PRINT Train Epoch: 4 [8960/60000 (15%)]	Loss: 199.773148
[2022-10-20 01:27:17] PRINT Train Epoch: 4 [10240/60000 (17%)]	Loss: 196.294724
[2022-10-20 01:27:17] PRINT Train Epoch: 4 [11520/60000 (19%)]	Loss: 195.822449
[2022-10-20 01:27:17] PRINT Train Epoch: 4 [12800/60000 (21%)]	Loss: 197.110443
[2022-10-20 01:27:17] PRINT Train Epoch: 4 [14080/60000 (23%)]	Loss: 195.684875
[2022-10-20 01:27:17] PRINT Train Epoch: 4 [15360/60000 (26%)]	Loss: 196.083069
[2022-10-20 01:27:17] PRINT Train Epoch: 4 [16640/60000 (28%)]	Loss: 193.008179
[2022-10-20 01:27:17] PRINT Train Epoch: 4 [17920/60000 (30%)]	Loss: 203.725937
[2022-10-20 01:27:17] PRINT Train Epoch: 4 [19200/60000 (32%)]	Loss: 190.887711
[2022-10-20 01:27:17] PRINT Train Epoch: 4 [20480/60000 (34%)]	Loss: 191.866791
[2022-10-20 01:27:17] PRINT Train Epoch: 4 [21760/60000 (36%)]	Loss: 196.617004
[2022-10-20 01:27:17] PRINT Train Epoch: 4 [23040/60000 (38%)]	Loss: 195.141190
[2022-10-20 01:27:18] PRINT Train Epoch: 4 [24320/60000 (41%)]	Loss: 196.774155
[2022-10-20 01:27:18] PRINT Train Epoch: 4 [25600/60000 (43%)]	Loss: 200.218597
[2022-10-20 01:27:18] PRINT Train Epoch: 4 [26880/60000 (45%)]	Loss: 201.227951
[2022-10-20 01:27:18] PRINT Train Epoch: 4 [28160/60000 (47%)]	Loss: 199.225983
[2022-10-20 01:27:18] PRINT Train Epoch: 4 [29440/60000 (49%)]	Loss: 196.769257
[2022-10-20 01:27:18] PRINT Train Epoch: 4 [30720/60000 (51%)]	Loss: 192.315323
[2022-10-20 01:27:18] PRINT Train Epoch: 4 [32000/60000 (53%)]	Loss: 193.504181
[2022-10-20 01:27:18] PRINT Train Epoch: 4 [33280/60000 (55%)]	Loss: 194.933655
[2022-10-20 01:27:18] PRINT Train Epoch: 4 [34560/60000 (58%)]	Loss: 194.269012
[2022-10-20 01:27:18] PRINT Train Epoch: 4 [35840/60000 (60%)]	Loss: 189.773026
[2022-10-20 01:27:18] PRINT Train Epoch: 4 [37120/60000 (62%)]	Loss: 196.676559
[2022-10-20 01:27:19] PRINT Train Epoch: 4 [38400/60000 (64%)]	Loss: 198.600983
[2022-10-20 01:27:19] PRINT Train Epoch: 4 [39680/60000 (66%)]	Loss: 204.220078
[2022-10-20 01:27:19] PRINT Train Epoch: 4 [40960/60000 (68%)]	Loss: 195.212509
[2022-10-20 01:27:19] PRINT Train Epoch: 4 [42240/60000 (70%)]	Loss: 197.196930
[2022-10-20 01:27:19] PRINT Train Epoch: 4 [43520/60000 (72%)]	Loss: 200.703415
[2022-10-20 01:27:19] PRINT Train Epoch: 4 [44800/60000 (75%)]	Loss: 189.493942
[2022-10-20 01:27:19] PRINT Train Epoch: 4 [46080/60000 (77%)]	Loss: 201.386429
[2022-10-20 01:27:19] PRINT Train Epoch: 4 [47360/60000 (79%)]	Loss: 201.788925
[2022-10-20 01:27:19] PRINT Train Epoch: 4 [48640/60000 (81%)]	Loss: 196.083084
[2022-10-20 01:27:19] PRINT Train Epoch: 4 [49920/60000 (83%)]	Loss: 202.980774
[2022-10-20 01:27:19] PRINT Train Epoch: 4 [51200/60000 (85%)]	Loss: 197.487213
[2022-10-20 01:27:20] PRINT Train Epoch: 4 [52480/60000 (87%)]	Loss: 195.718948
[2022-10-20 01:27:20] PRINT Train Epoch: 4 [53760/60000 (90%)]	Loss: 199.528854
[2022-10-20 01:27:20] PRINT Train Epoch: 4 [55040/60000 (92%)]	Loss: 194.281342
[2022-10-20 01:27:20] PRINT Train Epoch: 4 [56320/60000 (94%)]	Loss: 198.008392
[2022-10-20 01:27:20] PRINT Train Epoch: 4 [57600/60000 (96%)]	Loss: 200.187027
[2022-10-20 01:27:20] PRINT Train Epoch: 4 [58880/60000 (98%)]	Loss: 196.077896
[2022-10-20 01:27:20] PRINT ====> Epoch: 4 Average loss: 198.0514
[2022-10-20 01:27:21] PRINT ====> Test set loss: 197.5699
[2022-10-20 01:27:21] PRINT Train Epoch: 5 [0/60000 (0%)]	Loss: 198.668716
[2022-10-20 01:27:21] PRINT Train Epoch: 5 [1280/60000 (2%)]	Loss: 193.843811
[2022-10-20 01:27:21] PRINT Train Epoch: 5 [2560/60000 (4%)]	Loss: 197.389191
[2022-10-20 01:27:21] PRINT Train Epoch: 5 [3840/60000 (6%)]	Loss: 192.548599
[2022-10-20 01:27:21] PRINT Train Epoch: 5 [5120/60000 (9%)]	Loss: 196.264648
[2022-10-20 01:27:21] PRINT Train Epoch: 5 [6400/60000 (11%)]	Loss: 200.968948
[2022-10-20 01:27:21] PRINT Train Epoch: 5 [7680/60000 (13%)]	Loss: 199.083679
[2022-10-20 01:27:21] PRINT Train Epoch: 5 [8960/60000 (15%)]	Loss: 193.978989
[2022-10-20 01:27:22] PRINT Train Epoch: 5 [10240/60000 (17%)]	Loss: 192.158020
[2022-10-20 01:27:22] PRINT Train Epoch: 5 [11520/60000 (19%)]	Loss: 201.260742
[2022-10-20 01:27:22] PRINT Train Epoch: 5 [12800/60000 (21%)]	Loss: 201.756561
[2022-10-20 01:27:22] PRINT Train Epoch: 5 [14080/60000 (23%)]	Loss: 193.627121
[2022-10-20 01:27:22] PRINT Train Epoch: 5 [15360/60000 (26%)]	Loss: 191.016205
[2022-10-20 01:27:22] PRINT Train Epoch: 5 [16640/60000 (28%)]	Loss: 192.587402
[2022-10-20 01:27:22] PRINT Train Epoch: 5 [17920/60000 (30%)]	Loss: 192.895096
[2022-10-20 01:27:22] PRINT Train Epoch: 5 [19200/60000 (32%)]	Loss: 193.181564
[2022-10-20 01:27:22] PRINT Train Epoch: 5 [20480/60000 (34%)]	Loss: 194.329300
[2022-10-20 01:27:22] PRINT Train Epoch: 5 [21760/60000 (36%)]	Loss: 195.474823
[2022-10-20 01:27:22] PRINT Train Epoch: 5 [23040/60000 (38%)]	Loss: 202.779587
[2022-10-20 01:27:23] PRINT Train Epoch: 5 [24320/60000 (41%)]	Loss: 196.564606
[2022-10-20 01:27:23] PRINT Train Epoch: 5 [25600/60000 (43%)]	Loss: 202.810059
[2022-10-20 01:27:23] PRINT Train Epoch: 5 [26880/60000 (45%)]	Loss: 195.215225
[2022-10-20 01:27:23] PRINT Train Epoch: 5 [28160/60000 (47%)]	Loss: 192.933258
[2022-10-20 01:27:23] PRINT Train Epoch: 5 [29440/60000 (49%)]	Loss: 203.907074
[2022-10-20 01:27:23] PRINT Train Epoch: 5 [30720/60000 (51%)]	Loss: 194.716980
[2022-10-20 01:27:23] PRINT Train Epoch: 5 [32000/60000 (53%)]	Loss: 195.155823
[2022-10-20 01:27:23] PRINT Train Epoch: 5 [33280/60000 (55%)]	Loss: 197.897888
[2022-10-20 01:27:23] PRINT Train Epoch: 5 [34560/60000 (58%)]	Loss: 199.239594
[2022-10-20 01:27:23] PRINT Train Epoch: 5 [35840/60000 (60%)]	Loss: 190.156799
[2022-10-20 01:27:23] PRINT Train Epoch: 5 [37120/60000 (62%)]	Loss: 196.568954
[2022-10-20 01:27:24] PRINT Train Epoch: 5 [38400/60000 (64%)]	Loss: 197.270844
[2022-10-20 01:27:24] PRINT Train Epoch: 5 [39680/60000 (66%)]	Loss: 191.391708
[2022-10-20 01:27:24] PRINT Train Epoch: 5 [40960/60000 (68%)]	Loss: 206.453400
[2022-10-20 01:27:24] PRINT Train Epoch: 5 [42240/60000 (70%)]	Loss: 189.709503
[2022-10-20 01:27:24] PRINT Train Epoch: 5 [43520/60000 (72%)]	Loss: 199.001556
[2022-10-20 01:27:24] PRINT Train Epoch: 5 [44800/60000 (75%)]	Loss: 197.919327
[2022-10-20 01:27:24] PRINT Train Epoch: 5 [46080/60000 (77%)]	Loss: 199.642075
[2022-10-20 01:27:24] PRINT Train Epoch: 5 [47360/60000 (79%)]	Loss: 194.591278
[2022-10-20 01:27:24] PRINT Train Epoch: 5 [48640/60000 (81%)]	Loss: 200.867935
[2022-10-20 01:27:24] PRINT Train Epoch: 5 [49920/60000 (83%)]	Loss: 199.887177
[2022-10-20 01:27:24] PRINT Train Epoch: 5 [51200/60000 (85%)]	Loss: 191.713577
[2022-10-20 01:27:25] PRINT Train Epoch: 5 [52480/60000 (87%)]	Loss: 203.820862
[2022-10-20 01:27:25] PRINT Train Epoch: 5 [53760/60000 (90%)]	Loss: 198.952438
[2022-10-20 01:27:25] PRINT Train Epoch: 5 [55040/60000 (92%)]	Loss: 195.995331
[2022-10-20 01:27:25] PRINT Train Epoch: 5 [56320/60000 (94%)]	Loss: 200.431229
[2022-10-20 01:27:25] PRINT Train Epoch: 5 [57600/60000 (96%)]	Loss: 203.071121
[2022-10-20 01:27:25] PRINT Train Epoch: 5 [58880/60000 (98%)]	Loss: 198.458221
[2022-10-20 01:27:25] PRINT ====> Epoch: 5 Average loss: 197.5052
[2022-10-20 01:27:26] PRINT ====> Test set loss: 198.7025
[2022-10-20 01:27:26] PRINT Train Epoch: 6 [0/60000 (0%)]	Loss: 199.029556
[2022-10-20 01:27:26] PRINT Train Epoch: 6 [1280/60000 (2%)]	Loss: 189.503677
[2022-10-20 01:27:26] PRINT Train Epoch: 6 [2560/60000 (4%)]	Loss: 196.485840
[2022-10-20 01:27:26] PRINT Train Epoch: 6 [3840/60000 (6%)]	Loss: 201.383743
[2022-10-20 01:27:26] PRINT Train Epoch: 6 [5120/60000 (9%)]	Loss: 187.364426
[2022-10-20 01:27:26] PRINT Train Epoch: 6 [6400/60000 (11%)]	Loss: 195.435913
[2022-10-20 01:27:26] PRINT Train Epoch: 6 [7680/60000 (13%)]	Loss: 195.864410
[2022-10-20 01:27:26] PRINT Train Epoch: 6 [8960/60000 (15%)]	Loss: 196.359833
[2022-10-20 01:27:27] PRINT Train Epoch: 6 [10240/60000 (17%)]	Loss: 194.824951
[2022-10-20 01:27:27] PRINT Train Epoch: 6 [11520/60000 (19%)]	Loss: 195.375793
[2022-10-20 01:27:27] PRINT Train Epoch: 6 [12800/60000 (21%)]	Loss: 205.983521
[2022-10-20 01:27:27] PRINT Train Epoch: 6 [14080/60000 (23%)]	Loss: 190.578964
[2022-10-20 01:27:27] PRINT Train Epoch: 6 [15360/60000 (26%)]	Loss: 197.920151
[2022-10-20 01:27:27] PRINT Train Epoch: 6 [16640/60000 (28%)]	Loss: 198.862061
[2022-10-20 01:27:27] PRINT Train Epoch: 6 [17920/60000 (30%)]	Loss: 194.306213
[2022-10-20 01:27:27] PRINT Train Epoch: 6 [19200/60000 (32%)]	Loss: 201.182144
[2022-10-20 01:27:27] PRINT Train Epoch: 6 [20480/60000 (34%)]	Loss: 194.154480
[2022-10-20 01:27:27] PRINT Train Epoch: 6 [21760/60000 (36%)]	Loss: 195.426025
[2022-10-20 01:27:27] PRINT Train Epoch: 6 [23040/60000 (38%)]	Loss: 193.414001
[2022-10-20 01:27:27] PRINT Train Epoch: 6 [24320/60000 (41%)]	Loss: 199.375061
[2022-10-20 01:27:28] PRINT Train Epoch: 6 [25600/60000 (43%)]	Loss: 198.716568
[2022-10-20 01:27:28] PRINT Train Epoch: 6 [26880/60000 (45%)]	Loss: 200.097412
[2022-10-20 01:27:28] PRINT Train Epoch: 6 [28160/60000 (47%)]	Loss: 206.350708
[2022-10-20 01:27:28] PRINT Train Epoch: 6 [29440/60000 (49%)]	Loss: 191.573471
[2022-10-20 01:27:28] PRINT Train Epoch: 6 [30720/60000 (51%)]	Loss: 199.686829
[2022-10-20 01:27:28] PRINT Train Epoch: 6 [32000/60000 (53%)]	Loss: 206.505600
[2022-10-20 01:27:28] PRINT Train Epoch: 6 [33280/60000 (55%)]	Loss: 200.905426
[2022-10-20 01:27:28] PRINT Train Epoch: 6 [34560/60000 (58%)]	Loss: 202.362045
[2022-10-20 01:27:28] PRINT Train Epoch: 6 [35840/60000 (60%)]	Loss: 193.997040
[2022-10-20 01:27:28] PRINT Train Epoch: 6 [37120/60000 (62%)]	Loss: 194.236923
[2022-10-20 01:27:28] PRINT Train Epoch: 6 [38400/60000 (64%)]	Loss: 192.560608
[2022-10-20 01:27:29] PRINT Train Epoch: 6 [39680/60000 (66%)]	Loss: 196.659668
[2022-10-20 01:27:29] PRINT Train Epoch: 6 [40960/60000 (68%)]	Loss: 199.746185
[2022-10-20 01:27:29] PRINT Train Epoch: 6 [42240/60000 (70%)]	Loss: 201.025772
[2022-10-20 01:27:29] PRINT Train Epoch: 6 [43520/60000 (72%)]	Loss: 192.050873
[2022-10-20 01:27:29] PRINT Train Epoch: 6 [44800/60000 (75%)]	Loss: 199.784943
[2022-10-20 01:27:29] PRINT Train Epoch: 6 [46080/60000 (77%)]	Loss: 201.935684
[2022-10-20 01:27:29] PRINT Train Epoch: 6 [47360/60000 (79%)]	Loss: 195.070831
[2022-10-20 01:27:29] PRINT Train Epoch: 6 [48640/60000 (81%)]	Loss: 203.471161
[2022-10-20 01:27:29] PRINT Train Epoch: 6 [49920/60000 (83%)]	Loss: 204.022720
[2022-10-20 01:27:29] PRINT Train Epoch: 6 [51200/60000 (85%)]	Loss: 199.286850
[2022-10-20 01:27:29] PRINT Train Epoch: 6 [52480/60000 (87%)]	Loss: 196.391312
[2022-10-20 01:27:30] PRINT Train Epoch: 6 [53760/60000 (90%)]	Loss: 195.909531
[2022-10-20 01:27:30] PRINT Train Epoch: 6 [55040/60000 (92%)]	Loss: 200.455917
[2022-10-20 01:27:30] PRINT Train Epoch: 6 [56320/60000 (94%)]	Loss: 206.090881
[2022-10-20 01:27:30] PRINT Train Epoch: 6 [57600/60000 (96%)]	Loss: 207.713501
[2022-10-20 01:27:30] PRINT Train Epoch: 6 [58880/60000 (98%)]	Loss: 196.163651
[2022-10-20 01:27:30] PRINT ====> Epoch: 6 Average loss: 198.5717
[2022-10-20 01:27:31] PRINT ====> Test set loss: 198.7262
[2022-10-20 01:27:31] PRINT Train Epoch: 7 [0/60000 (0%)]	Loss: 198.623138
[2022-10-20 01:27:31] PRINT Train Epoch: 7 [1280/60000 (2%)]	Loss: 199.876007
[2022-10-20 01:27:31] PRINT Train Epoch: 7 [2560/60000 (4%)]	Loss: 192.920776
[2022-10-20 01:27:31] PRINT Train Epoch: 7 [3840/60000 (6%)]	Loss: 191.213928
[2022-10-20 01:27:31] PRINT Train Epoch: 7 [5120/60000 (9%)]	Loss: 200.272156
[2022-10-20 01:27:31] PRINT Train Epoch: 7 [6400/60000 (11%)]	Loss: 192.009583
[2022-10-20 01:27:31] PRINT Train Epoch: 7 [7680/60000 (13%)]	Loss: 210.227097
[2022-10-20 01:27:31] PRINT Train Epoch: 7 [8960/60000 (15%)]	Loss: 202.574539
[2022-10-20 01:27:31] PRINT Train Epoch: 7 [10240/60000 (17%)]	Loss: 198.834869
[2022-10-20 01:27:32] PRINT Train Epoch: 7 [11520/60000 (19%)]	Loss: 192.961395
[2022-10-20 01:27:32] PRINT Train Epoch: 7 [12800/60000 (21%)]	Loss: 199.362473
[2022-10-20 01:27:32] PRINT Train Epoch: 7 [14080/60000 (23%)]	Loss: 204.990448
[2022-10-20 01:27:32] PRINT Train Epoch: 7 [15360/60000 (26%)]	Loss: 190.422165
[2022-10-20 01:27:32] PRINT Train Epoch: 7 [16640/60000 (28%)]	Loss: 208.154282
[2022-10-20 01:27:32] PRINT Train Epoch: 7 [17920/60000 (30%)]	Loss: 188.232101
[2022-10-20 01:27:32] PRINT Train Epoch: 7 [19200/60000 (32%)]	Loss: 198.088104
[2022-10-20 01:27:32] PRINT Train Epoch: 7 [20480/60000 (34%)]	Loss: 198.436661
[2022-10-20 01:27:32] PRINT Train Epoch: 7 [21760/60000 (36%)]	Loss: 201.542908
[2022-10-20 01:27:32] PRINT Train Epoch: 7 [23040/60000 (38%)]	Loss: 191.014847
[2022-10-20 01:27:32] PRINT Train Epoch: 7 [24320/60000 (41%)]	Loss: 196.436630
[2022-10-20 01:27:32] PRINT Train Epoch: 7 [25600/60000 (43%)]	Loss: 191.878204
[2022-10-20 01:27:33] PRINT Train Epoch: 7 [26880/60000 (45%)]	Loss: 202.966141
[2022-10-20 01:27:33] PRINT Train Epoch: 7 [28160/60000 (47%)]	Loss: 195.415253
[2022-10-20 01:27:33] PRINT Train Epoch: 7 [29440/60000 (49%)]	Loss: 197.296249
[2022-10-20 01:27:33] PRINT Train Epoch: 7 [30720/60000 (51%)]	Loss: 197.402435
[2022-10-20 01:27:33] PRINT Train Epoch: 7 [32000/60000 (53%)]	Loss: 198.923843
[2022-10-20 01:27:33] PRINT Train Epoch: 7 [33280/60000 (55%)]	Loss: 202.189590
[2022-10-20 01:27:33] PRINT Train Epoch: 7 [34560/60000 (58%)]	Loss: 195.568253
[2022-10-20 01:27:33] PRINT Train Epoch: 7 [35840/60000 (60%)]	Loss: 199.896652
[2022-10-20 01:27:33] PRINT Train Epoch: 7 [37120/60000 (62%)]	Loss: 199.572678
[2022-10-20 01:27:33] PRINT Train Epoch: 7 [38400/60000 (64%)]	Loss: 197.705490
[2022-10-20 01:27:33] PRINT Train Epoch: 7 [39680/60000 (66%)]	Loss: 199.450455
[2022-10-20 01:27:34] PRINT Train Epoch: 7 [40960/60000 (68%)]	Loss: 199.297180
[2022-10-20 01:27:34] PRINT Train Epoch: 7 [42240/60000 (70%)]	Loss: 191.694778
[2022-10-20 01:27:34] PRINT Train Epoch: 7 [43520/60000 (72%)]	Loss: 200.676956
[2022-10-20 01:27:34] PRINT Train Epoch: 7 [44800/60000 (75%)]	Loss: 192.374039
[2022-10-20 01:27:34] PRINT Train Epoch: 7 [46080/60000 (77%)]	Loss: 205.402710
[2022-10-20 01:27:34] PRINT Train Epoch: 7 [47360/60000 (79%)]	Loss: 199.617584
[2022-10-20 01:27:34] PRINT Train Epoch: 7 [48640/60000 (81%)]	Loss: 198.021179
[2022-10-20 01:27:34] PRINT Train Epoch: 7 [49920/60000 (83%)]	Loss: 203.368439
[2022-10-20 01:27:34] PRINT Train Epoch: 7 [51200/60000 (85%)]	Loss: 198.972397
[2022-10-20 01:27:34] PRINT Train Epoch: 7 [52480/60000 (87%)]	Loss: 195.426910
[2022-10-20 01:27:34] PRINT Train Epoch: 7 [53760/60000 (90%)]	Loss: 192.197968
[2022-10-20 01:27:35] PRINT Train Epoch: 7 [55040/60000 (92%)]	Loss: 195.928040
[2022-10-20 01:27:35] PRINT Train Epoch: 7 [56320/60000 (94%)]	Loss: 195.333481
[2022-10-20 01:27:35] PRINT Train Epoch: 7 [57600/60000 (96%)]	Loss: 201.103470
[2022-10-20 01:27:35] PRINT Train Epoch: 7 [58880/60000 (98%)]	Loss: 199.274399
[2022-10-20 01:27:35] PRINT ====> Epoch: 7 Average loss: 198.0036
[2022-10-20 01:27:36] PRINT ====> Test set loss: 198.7002
[2022-10-20 01:27:36] PRINT Train Epoch: 8 [0/60000 (0%)]	Loss: 204.687180
[2022-10-20 01:27:36] PRINT Train Epoch: 8 [1280/60000 (2%)]	Loss: 203.154800
[2022-10-20 01:27:36] PRINT Train Epoch: 8 [2560/60000 (4%)]	Loss: 200.599319
[2022-10-20 01:27:36] PRINT Train Epoch: 8 [3840/60000 (6%)]	Loss: 192.715561
[2022-10-20 01:27:36] PRINT Train Epoch: 8 [5120/60000 (9%)]	Loss: 195.728622
[2022-10-20 01:27:36] PRINT Train Epoch: 8 [6400/60000 (11%)]	Loss: 201.014282
[2022-10-20 01:27:36] PRINT Train Epoch: 8 [7680/60000 (13%)]	Loss: 198.882217
[2022-10-20 01:27:36] PRINT Train Epoch: 8 [8960/60000 (15%)]	Loss: 204.717789
[2022-10-20 01:27:36] PRINT Train Epoch: 8 [10240/60000 (17%)]	Loss: 201.364395
[2022-10-20 01:27:36] PRINT Train Epoch: 8 [11520/60000 (19%)]	Loss: 206.464645
[2022-10-20 01:27:37] PRINT Train Epoch: 8 [12800/60000 (21%)]	Loss: 208.266418
[2022-10-20 01:27:37] PRINT Train Epoch: 8 [14080/60000 (23%)]	Loss: 187.279449
[2022-10-20 01:27:37] PRINT Train Epoch: 8 [15360/60000 (26%)]	Loss: 200.408524
[2022-10-20 01:27:37] PRINT Train Epoch: 8 [16640/60000 (28%)]	Loss: 190.829132
[2022-10-20 01:27:37] PRINT Train Epoch: 8 [17920/60000 (30%)]	Loss: 203.619797
[2022-10-20 01:27:37] PRINT Train Epoch: 8 [19200/60000 (32%)]	Loss: 201.354980
[2022-10-20 01:27:37] PRINT Train Epoch: 8 [20480/60000 (34%)]	Loss: 203.435913
[2022-10-20 01:27:37] PRINT Train Epoch: 8 [21760/60000 (36%)]	Loss: 191.135803
[2022-10-20 01:27:37] PRINT Train Epoch: 8 [23040/60000 (38%)]	Loss: 199.212860
[2022-10-20 01:27:37] PRINT Train Epoch: 8 [24320/60000 (41%)]	Loss: 196.985779
[2022-10-20 01:27:37] PRINT Train Epoch: 8 [25600/60000 (43%)]	Loss: 211.982529
[2022-10-20 01:27:38] PRINT Train Epoch: 8 [26880/60000 (45%)]	Loss: 192.324539
[2022-10-20 01:27:38] PRINT Train Epoch: 8 [28160/60000 (47%)]	Loss: 204.588318
[2022-10-20 01:27:38] PRINT Train Epoch: 8 [29440/60000 (49%)]	Loss: 199.976562
[2022-10-20 01:27:38] PRINT Train Epoch: 8 [30720/60000 (51%)]	Loss: 206.387344
[2022-10-20 01:27:38] PRINT Train Epoch: 8 [32000/60000 (53%)]	Loss: 202.300781
[2022-10-20 01:27:38] PRINT Train Epoch: 8 [33280/60000 (55%)]	Loss: 203.066223
[2022-10-20 01:27:38] PRINT Train Epoch: 8 [34560/60000 (58%)]	Loss: 202.669998
[2022-10-20 01:27:38] PRINT Train Epoch: 8 [35840/60000 (60%)]	Loss: 197.834045
[2022-10-20 01:27:38] PRINT Train Epoch: 8 [37120/60000 (62%)]	Loss: 201.498077
[2022-10-20 01:27:38] PRINT Train Epoch: 8 [38400/60000 (64%)]	Loss: 191.312347
[2022-10-20 01:27:38] PRINT Train Epoch: 8 [39680/60000 (66%)]	Loss: 192.718399
[2022-10-20 01:27:39] PRINT Train Epoch: 8 [40960/60000 (68%)]	Loss: 205.659882
[2022-10-20 01:27:39] PRINT Train Epoch: 8 [42240/60000 (70%)]	Loss: 192.123505
[2022-10-20 01:27:39] PRINT Train Epoch: 8 [43520/60000 (72%)]	Loss: 195.600449
[2022-10-20 01:27:39] PRINT Train Epoch: 8 [44800/60000 (75%)]	Loss: 201.318268
[2022-10-20 01:27:39] PRINT Train Epoch: 8 [46080/60000 (77%)]	Loss: 203.872375
[2022-10-20 01:27:39] PRINT Train Epoch: 8 [47360/60000 (79%)]	Loss: 200.059158
[2022-10-20 01:27:39] PRINT Train Epoch: 8 [48640/60000 (81%)]	Loss: 204.491013
[2022-10-20 01:27:39] PRINT Train Epoch: 8 [49920/60000 (83%)]	Loss: 193.134338
[2022-10-20 01:27:39] PRINT Train Epoch: 8 [51200/60000 (85%)]	Loss: 199.477936
[2022-10-20 01:27:39] PRINT Train Epoch: 8 [52480/60000 (87%)]	Loss: 203.916061
[2022-10-20 01:27:39] PRINT Train Epoch: 8 [53760/60000 (90%)]	Loss: 203.376083
[2022-10-20 01:27:40] PRINT Train Epoch: 8 [55040/60000 (92%)]	Loss: 192.609573
[2022-10-20 01:27:40] PRINT Train Epoch: 8 [56320/60000 (94%)]	Loss: 201.183060
[2022-10-20 01:27:40] PRINT Train Epoch: 8 [57600/60000 (96%)]	Loss: 197.229980
[2022-10-20 01:27:40] PRINT Train Epoch: 8 [58880/60000 (98%)]	Loss: 204.128464
[2022-10-20 01:27:40] PRINT ====> Epoch: 8 Average loss: 199.2327
[2022-10-20 01:27:41] PRINT ====> Test set loss: 204.5921
[2022-10-20 01:27:41] PRINT Train Epoch: 9 [0/60000 (0%)]	Loss: 206.981277
[2022-10-20 01:27:41] PRINT Train Epoch: 9 [1280/60000 (2%)]	Loss: 205.589890
[2022-10-20 01:27:41] PRINT Train Epoch: 9 [2560/60000 (4%)]	Loss: 193.111832
[2022-10-20 01:27:41] PRINT Train Epoch: 9 [3840/60000 (6%)]	Loss: 207.730042
[2022-10-20 01:27:41] PRINT Train Epoch: 9 [5120/60000 (9%)]	Loss: 206.629654
[2022-10-20 01:27:41] PRINT Train Epoch: 9 [6400/60000 (11%)]	Loss: 196.990173
[2022-10-20 01:27:41] PRINT Train Epoch: 9 [7680/60000 (13%)]	Loss: 202.162979
[2022-10-20 01:27:41] PRINT Train Epoch: 9 [8960/60000 (15%)]	Loss: 202.591156
[2022-10-20 01:27:41] PRINT Train Epoch: 9 [10240/60000 (17%)]	Loss: 201.946716
[2022-10-20 01:27:41] PRINT Train Epoch: 9 [11520/60000 (19%)]	Loss: 198.558060
[2022-10-20 01:27:41] PRINT Train Epoch: 9 [12800/60000 (21%)]	Loss: 200.014038
[2022-10-20 01:27:42] PRINT Train Epoch: 9 [14080/60000 (23%)]	Loss: 201.510498
[2022-10-20 01:27:42] PRINT Train Epoch: 9 [15360/60000 (26%)]	Loss: 206.783905
[2022-10-20 01:27:42] PRINT Train Epoch: 9 [16640/60000 (28%)]	Loss: 199.716019
[2022-10-20 01:27:42] PRINT Train Epoch: 9 [17920/60000 (30%)]	Loss: 197.049835
[2022-10-20 01:27:42] PRINT Train Epoch: 9 [19200/60000 (32%)]	Loss: 192.342972
[2022-10-20 01:27:42] PRINT Train Epoch: 9 [20480/60000 (34%)]	Loss: 194.529205
[2022-10-20 01:27:42] PRINT Train Epoch: 9 [21760/60000 (36%)]	Loss: 205.368195
[2022-10-20 01:27:42] PRINT Train Epoch: 9 [23040/60000 (38%)]	Loss: 193.581604
[2022-10-20 01:27:42] PRINT Train Epoch: 9 [24320/60000 (41%)]	Loss: 193.567139
[2022-10-20 01:27:42] PRINT Train Epoch: 9 [25600/60000 (43%)]	Loss: 201.897125
[2022-10-20 01:27:42] PRINT Train Epoch: 9 [26880/60000 (45%)]	Loss: 198.272095
[2022-10-20 01:27:43] PRINT Train Epoch: 9 [28160/60000 (47%)]	Loss: 196.467667
[2022-10-20 01:27:43] PRINT Train Epoch: 9 [29440/60000 (49%)]	Loss: 195.493881
[2022-10-20 01:27:43] PRINT Train Epoch: 9 [30720/60000 (51%)]	Loss: 205.516037
[2022-10-20 01:27:43] PRINT Train Epoch: 9 [32000/60000 (53%)]	Loss: 208.545273
[2022-10-20 01:27:43] PRINT Train Epoch: 9 [33280/60000 (55%)]	Loss: 194.703781
[2022-10-20 01:27:43] PRINT Train Epoch: 9 [34560/60000 (58%)]	Loss: 205.039032
[2022-10-20 01:27:43] PRINT Train Epoch: 9 [35840/60000 (60%)]	Loss: 196.571289
[2022-10-20 01:27:43] PRINT Train Epoch: 9 [37120/60000 (62%)]	Loss: 198.356415
[2022-10-20 01:27:43] PRINT Train Epoch: 9 [38400/60000 (64%)]	Loss: 202.922424
[2022-10-20 01:27:43] PRINT Train Epoch: 9 [39680/60000 (66%)]	Loss: 200.140762
[2022-10-20 01:27:43] PRINT Train Epoch: 9 [40960/60000 (68%)]	Loss: 200.052170
[2022-10-20 01:27:44] PRINT Train Epoch: 9 [42240/60000 (70%)]	Loss: 196.409363
[2022-10-20 01:27:44] PRINT Train Epoch: 9 [43520/60000 (72%)]	Loss: 194.080933
[2022-10-20 01:27:44] PRINT Train Epoch: 9 [44800/60000 (75%)]	Loss: 189.825821
[2022-10-20 01:27:44] PRINT Train Epoch: 9 [46080/60000 (77%)]	Loss: 199.661697
[2022-10-20 01:27:44] PRINT Train Epoch: 9 [47360/60000 (79%)]	Loss: 204.435379
[2022-10-20 01:27:44] PRINT Train Epoch: 9 [48640/60000 (81%)]	Loss: 199.937180
[2022-10-20 01:27:44] PRINT Train Epoch: 9 [49920/60000 (83%)]	Loss: 203.629120
[2022-10-20 01:27:44] PRINT Train Epoch: 9 [51200/60000 (85%)]	Loss: 202.179855
[2022-10-20 01:27:44] PRINT Train Epoch: 9 [52480/60000 (87%)]	Loss: 194.622299
[2022-10-20 01:27:44] PRINT Train Epoch: 9 [53760/60000 (90%)]	Loss: 193.373154
[2022-10-20 01:27:44] PRINT Train Epoch: 9 [55040/60000 (92%)]	Loss: 191.219101
[2022-10-20 01:27:45] PRINT Train Epoch: 9 [56320/60000 (94%)]	Loss: 198.562469
[2022-10-20 01:27:45] PRINT Train Epoch: 9 [57600/60000 (96%)]	Loss: 197.691467
[2022-10-20 01:27:45] PRINT Train Epoch: 9 [58880/60000 (98%)]	Loss: 190.453705
[2022-10-20 01:27:45] PRINT ====> Epoch: 9 Average loss: 199.1225
[2022-10-20 01:27:45] PRINT ====> Test set loss: 198.7046
[2022-10-20 01:27:46] PRINT Train Epoch: 10 [0/60000 (0%)]	Loss: 200.320709
[2022-10-20 01:27:46] PRINT Train Epoch: 10 [1280/60000 (2%)]	Loss: 187.969116
[2022-10-20 01:27:46] PRINT Train Epoch: 10 [2560/60000 (4%)]	Loss: 206.602631
[2022-10-20 01:27:46] PRINT Train Epoch: 10 [3840/60000 (6%)]	Loss: 195.225769
[2022-10-20 01:27:46] PRINT Train Epoch: 10 [5120/60000 (9%)]	Loss: 210.551575
[2022-10-20 01:27:46] PRINT Train Epoch: 10 [6400/60000 (11%)]	Loss: 213.883316
[2022-10-20 01:27:46] PRINT Train Epoch: 10 [7680/60000 (13%)]	Loss: 204.441833
[2022-10-20 01:27:46] PRINT Train Epoch: 10 [8960/60000 (15%)]	Loss: 189.123093
[2022-10-20 01:27:46] PRINT Train Epoch: 10 [10240/60000 (17%)]	Loss: 208.104584
[2022-10-20 01:27:46] PRINT Train Epoch: 10 [11520/60000 (19%)]	Loss: 197.984711
[2022-10-20 01:27:46] PRINT Train Epoch: 10 [12800/60000 (21%)]	Loss: 198.233978
[2022-10-20 01:27:46] PRINT Train Epoch: 10 [14080/60000 (23%)]	Loss: 194.089035
[2022-10-20 01:27:47] PRINT Train Epoch: 10 [15360/60000 (26%)]	Loss: 201.306564
[2022-10-20 01:27:47] PRINT Train Epoch: 10 [16640/60000 (28%)]	Loss: 202.235397
[2022-10-20 01:27:47] PRINT Train Epoch: 10 [17920/60000 (30%)]	Loss: 200.794724
[2022-10-20 01:27:47] PRINT Train Epoch: 10 [19200/60000 (32%)]	Loss: 203.868851
[2022-10-20 01:27:47] PRINT Train Epoch: 10 [20480/60000 (34%)]	Loss: 200.478592
[2022-10-20 01:27:47] PRINT Train Epoch: 10 [21760/60000 (36%)]	Loss: 193.285751
[2022-10-20 01:27:47] PRINT Train Epoch: 10 [23040/60000 (38%)]	Loss: 206.211731
[2022-10-20 01:27:47] PRINT Train Epoch: 10 [24320/60000 (41%)]	Loss: 203.451874
[2022-10-20 01:27:47] PRINT Train Epoch: 10 [25600/60000 (43%)]	Loss: 191.694000
[2022-10-20 01:27:47] PRINT Train Epoch: 10 [26880/60000 (45%)]	Loss: 199.288971
[2022-10-20 01:27:47] PRINT Train Epoch: 10 [28160/60000 (47%)]	Loss: 197.432755
[2022-10-20 01:27:48] PRINT Train Epoch: 10 [29440/60000 (49%)]	Loss: 201.550186
[2022-10-20 01:27:48] PRINT Train Epoch: 10 [30720/60000 (51%)]	Loss: 200.338486
[2022-10-20 01:27:48] PRINT Train Epoch: 10 [32000/60000 (53%)]	Loss: 205.236389
[2022-10-20 01:27:48] PRINT Train Epoch: 10 [33280/60000 (55%)]	Loss: 195.407349
[2022-10-20 01:27:48] PRINT Train Epoch: 10 [34560/60000 (58%)]	Loss: 195.378616
[2022-10-20 01:27:48] PRINT Train Epoch: 10 [35840/60000 (60%)]	Loss: 200.664291
[2022-10-20 01:27:48] PRINT Train Epoch: 10 [37120/60000 (62%)]	Loss: 201.856415
[2022-10-20 01:27:48] PRINT Train Epoch: 10 [38400/60000 (64%)]	Loss: 209.734268
[2022-10-20 01:27:48] PRINT Train Epoch: 10 [39680/60000 (66%)]	Loss: 191.405563
[2022-10-20 01:27:48] PRINT Train Epoch: 10 [40960/60000 (68%)]	Loss: 202.085678
[2022-10-20 01:27:48] PRINT Train Epoch: 10 [42240/60000 (70%)]	Loss: 194.463959
[2022-10-20 01:27:49] PRINT Train Epoch: 10 [43520/60000 (72%)]	Loss: 189.977295
[2022-10-20 01:27:49] PRINT Train Epoch: 10 [44800/60000 (75%)]	Loss: 201.067627
[2022-10-20 01:27:49] PRINT Train Epoch: 10 [46080/60000 (77%)]	Loss: 203.912964
[2022-10-20 01:27:49] PRINT Train Epoch: 10 [47360/60000 (79%)]	Loss: 198.382935
[2022-10-20 01:27:49] PRINT Train Epoch: 10 [48640/60000 (81%)]	Loss: 199.280869
[2022-10-20 01:27:49] PRINT Train Epoch: 10 [49920/60000 (83%)]	Loss: 195.121902
[2022-10-20 01:27:49] PRINT Train Epoch: 10 [51200/60000 (85%)]	Loss: 196.830856
[2022-10-20 01:27:49] PRINT Train Epoch: 10 [52480/60000 (87%)]	Loss: 197.610046
[2022-10-20 01:27:49] PRINT Train Epoch: 10 [53760/60000 (90%)]	Loss: 193.289337
[2022-10-20 01:27:49] PRINT Train Epoch: 10 [55040/60000 (92%)]	Loss: 202.169647
[2022-10-20 01:27:49] PRINT Train Epoch: 10 [56320/60000 (94%)]	Loss: 192.693329
[2022-10-20 01:27:50] PRINT Train Epoch: 10 [57600/60000 (96%)]	Loss: 202.064941
[2022-10-20 01:27:50] PRINT Train Epoch: 10 [58880/60000 (98%)]	Loss: 203.234222
[2022-10-20 01:27:50] PRINT ====> Epoch: 10 Average loss: 199.2642
[2022-10-20 01:27:50] PRINT ====> Test set loss: 198.2376
