[2022-10-20 01:44:45] PRINT {'features1': 600, 'features2': 10, 'lr': 0.0009716689706463866, 'epsilon': 1e-06}
[2022-10-20 01:44:46] PRINT Using cuda device
[2022-10-20 01:44:47] PRINT Train Epoch: 1 [0/60000 (0%)]	Loss: 547.453735
[2022-10-20 01:44:47] PRINT Train Epoch: 1 [1280/60000 (2%)]	Loss: 265.256744
[2022-10-20 01:44:47] PRINT Train Epoch: 1 [2560/60000 (4%)]	Loss: 231.091263
[2022-10-20 01:44:47] PRINT Train Epoch: 1 [3840/60000 (6%)]	Loss: 210.926208
[2022-10-20 01:44:48] PRINT Train Epoch: 1 [5120/60000 (9%)]	Loss: 208.768036
[2022-10-20 01:44:48] PRINT Train Epoch: 1 [6400/60000 (11%)]	Loss: 204.049347
[2022-10-20 01:44:48] PRINT Train Epoch: 1 [7680/60000 (13%)]	Loss: 190.983215
[2022-10-20 01:44:48] PRINT Train Epoch: 1 [8960/60000 (15%)]	Loss: 195.311478
[2022-10-20 01:44:48] PRINT Train Epoch: 1 [10240/60000 (17%)]	Loss: 173.702011
[2022-10-20 01:44:48] PRINT Train Epoch: 1 [11520/60000 (19%)]	Loss: 176.874084
[2022-10-20 01:44:48] PRINT Train Epoch: 1 [12800/60000 (21%)]	Loss: 163.462448
[2022-10-20 01:44:48] PRINT Train Epoch: 1 [14080/60000 (23%)]	Loss: 165.314133
[2022-10-20 01:44:48] PRINT Train Epoch: 1 [15360/60000 (26%)]	Loss: 165.936844
[2022-10-20 01:44:48] PRINT Train Epoch: 1 [16640/60000 (28%)]	Loss: 163.596695
[2022-10-20 01:44:48] PRINT Train Epoch: 1 [17920/60000 (30%)]	Loss: 156.427338
[2022-10-20 01:44:49] PRINT Train Epoch: 1 [19200/60000 (32%)]	Loss: 152.986237
[2022-10-20 01:44:49] PRINT Train Epoch: 1 [20480/60000 (34%)]	Loss: 151.748032
[2022-10-20 01:44:49] PRINT Train Epoch: 1 [21760/60000 (36%)]	Loss: 149.096558
[2022-10-20 01:44:49] PRINT Train Epoch: 1 [23040/60000 (38%)]	Loss: 142.774597
[2022-10-20 01:44:49] PRINT Train Epoch: 1 [24320/60000 (41%)]	Loss: 150.201752
[2022-10-20 01:44:49] PRINT Train Epoch: 1 [25600/60000 (43%)]	Loss: 139.195297
[2022-10-20 01:44:49] PRINT Train Epoch: 1 [26880/60000 (45%)]	Loss: 143.564087
[2022-10-20 01:44:49] PRINT Train Epoch: 1 [28160/60000 (47%)]	Loss: 136.552963
[2022-10-20 01:44:49] PRINT Train Epoch: 1 [29440/60000 (49%)]	Loss: 142.989609
[2022-10-20 01:44:49] PRINT Train Epoch: 1 [30720/60000 (51%)]	Loss: 139.489487
[2022-10-20 01:44:49] PRINT Train Epoch: 1 [32000/60000 (53%)]	Loss: 130.715973
[2022-10-20 01:44:50] PRINT Train Epoch: 1 [33280/60000 (55%)]	Loss: 140.030594
[2022-10-20 01:44:50] PRINT Train Epoch: 1 [34560/60000 (58%)]	Loss: 141.180466
[2022-10-20 01:44:50] PRINT Train Epoch: 1 [35840/60000 (60%)]	Loss: 136.464859
[2022-10-20 01:44:50] PRINT Train Epoch: 1 [37120/60000 (62%)]	Loss: 134.259552
[2022-10-20 01:44:50] PRINT Train Epoch: 1 [38400/60000 (64%)]	Loss: 134.702179
[2022-10-20 01:44:50] PRINT Train Epoch: 1 [39680/60000 (66%)]	Loss: 133.384644
[2022-10-20 01:44:50] PRINT Train Epoch: 1 [40960/60000 (68%)]	Loss: 132.685745
[2022-10-20 01:44:50] PRINT Train Epoch: 1 [42240/60000 (70%)]	Loss: 129.788223
[2022-10-20 01:44:50] PRINT Train Epoch: 1 [43520/60000 (72%)]	Loss: 132.960571
[2022-10-20 01:44:50] PRINT Train Epoch: 1 [44800/60000 (75%)]	Loss: 136.783798
[2022-10-20 01:44:50] PRINT Train Epoch: 1 [46080/60000 (77%)]	Loss: 130.162994
[2022-10-20 01:44:50] PRINT Train Epoch: 1 [47360/60000 (79%)]	Loss: 129.585739
[2022-10-20 01:44:51] PRINT Train Epoch: 1 [48640/60000 (81%)]	Loss: 129.438446
[2022-10-20 01:44:51] PRINT Train Epoch: 1 [49920/60000 (83%)]	Loss: 130.179916
[2022-10-20 01:44:51] PRINT Train Epoch: 1 [51200/60000 (85%)]	Loss: 127.440796
[2022-10-20 01:44:51] PRINT Train Epoch: 1 [52480/60000 (87%)]	Loss: 123.437881
[2022-10-20 01:44:51] PRINT Train Epoch: 1 [53760/60000 (90%)]	Loss: 124.426003
[2022-10-20 01:44:51] PRINT Train Epoch: 1 [55040/60000 (92%)]	Loss: 127.396362
[2022-10-20 01:44:51] PRINT Train Epoch: 1 [56320/60000 (94%)]	Loss: 131.574539
[2022-10-20 01:44:51] PRINT Train Epoch: 1 [57600/60000 (96%)]	Loss: 128.549133
[2022-10-20 01:44:51] PRINT Train Epoch: 1 [58880/60000 (98%)]	Loss: 128.072144
[2022-10-20 01:44:51] PRINT ====> Epoch: 1 Average loss: 155.8125
[2022-10-20 01:44:52] PRINT ====> Test set loss: 124.9836
[2022-10-20 01:44:52] PRINT Train Epoch: 2 [0/60000 (0%)]	Loss: 126.989189
[2022-10-20 01:44:52] PRINT Train Epoch: 2 [1280/60000 (2%)]	Loss: 123.874580
[2022-10-20 01:44:52] PRINT Train Epoch: 2 [2560/60000 (4%)]	Loss: 121.849205
[2022-10-20 01:44:52] PRINT Train Epoch: 2 [3840/60000 (6%)]	Loss: 128.382797
[2022-10-20 01:44:53] PRINT Train Epoch: 2 [5120/60000 (9%)]	Loss: 122.101036
[2022-10-20 01:44:53] PRINT Train Epoch: 2 [6400/60000 (11%)]	Loss: 128.871445
[2022-10-20 01:44:53] PRINT Train Epoch: 2 [7680/60000 (13%)]	Loss: 121.945290
[2022-10-20 01:44:53] PRINT Train Epoch: 2 [8960/60000 (15%)]	Loss: 124.472794
[2022-10-20 01:44:53] PRINT Train Epoch: 2 [10240/60000 (17%)]	Loss: 122.446960
[2022-10-20 01:44:53] PRINT Train Epoch: 2 [11520/60000 (19%)]	Loss: 118.214615
[2022-10-20 01:44:53] PRINT Train Epoch: 2 [12800/60000 (21%)]	Loss: 127.306686
[2022-10-20 01:44:53] PRINT Train Epoch: 2 [14080/60000 (23%)]	Loss: 123.766830
[2022-10-20 01:44:53] PRINT Train Epoch: 2 [15360/60000 (26%)]	Loss: 122.767380
[2022-10-20 01:44:53] PRINT Train Epoch: 2 [16640/60000 (28%)]	Loss: 123.335632
[2022-10-20 01:44:53] PRINT Train Epoch: 2 [17920/60000 (30%)]	Loss: 124.860641
[2022-10-20 01:44:54] PRINT Train Epoch: 2 [19200/60000 (32%)]	Loss: 126.790977
[2022-10-20 01:44:54] PRINT Train Epoch: 2 [20480/60000 (34%)]	Loss: 123.754578
[2022-10-20 01:44:54] PRINT Train Epoch: 2 [21760/60000 (36%)]	Loss: 125.012451
[2022-10-20 01:44:54] PRINT Train Epoch: 2 [23040/60000 (38%)]	Loss: 124.228310
[2022-10-20 01:44:54] PRINT Train Epoch: 2 [24320/60000 (41%)]	Loss: 128.620300
[2022-10-20 01:44:54] PRINT Train Epoch: 2 [25600/60000 (43%)]	Loss: 123.875496
[2022-10-20 01:44:54] PRINT Train Epoch: 2 [26880/60000 (45%)]	Loss: 119.036652
[2022-10-20 01:44:54] PRINT Train Epoch: 2 [28160/60000 (47%)]	Loss: 120.077995
[2022-10-20 01:44:54] PRINT Train Epoch: 2 [29440/60000 (49%)]	Loss: 121.227417
[2022-10-20 01:44:54] PRINT Train Epoch: 2 [30720/60000 (51%)]	Loss: 121.003548
[2022-10-20 01:44:54] PRINT Train Epoch: 2 [32000/60000 (53%)]	Loss: 127.460609
[2022-10-20 01:44:55] PRINT Train Epoch: 2 [33280/60000 (55%)]	Loss: 119.966217
[2022-10-20 01:44:55] PRINT Train Epoch: 2 [34560/60000 (58%)]	Loss: 118.457703
[2022-10-20 01:44:55] PRINT Train Epoch: 2 [35840/60000 (60%)]	Loss: 123.774841
[2022-10-20 01:44:55] PRINT Train Epoch: 2 [37120/60000 (62%)]	Loss: 122.317596
[2022-10-20 01:44:55] PRINT Train Epoch: 2 [38400/60000 (64%)]	Loss: 125.920837
[2022-10-20 01:44:55] PRINT Train Epoch: 2 [39680/60000 (66%)]	Loss: 116.891479
[2022-10-20 01:44:55] PRINT Train Epoch: 2 [40960/60000 (68%)]	Loss: 115.995926
[2022-10-20 01:44:55] PRINT Train Epoch: 2 [42240/60000 (70%)]	Loss: 123.889008
[2022-10-20 01:44:55] PRINT Train Epoch: 2 [43520/60000 (72%)]	Loss: 120.556000
[2022-10-20 01:44:55] PRINT Train Epoch: 2 [44800/60000 (75%)]	Loss: 118.319351
[2022-10-20 01:44:55] PRINT Train Epoch: 2 [46080/60000 (77%)]	Loss: 120.864052
[2022-10-20 01:44:56] PRINT Train Epoch: 2 [47360/60000 (79%)]	Loss: 118.726593
[2022-10-20 01:44:56] PRINT Train Epoch: 2 [48640/60000 (81%)]	Loss: 119.895432
[2022-10-20 01:44:56] PRINT Train Epoch: 2 [49920/60000 (83%)]	Loss: 115.206291
[2022-10-20 01:44:56] PRINT Train Epoch: 2 [51200/60000 (85%)]	Loss: 117.284134
[2022-10-20 01:44:56] PRINT Train Epoch: 2 [52480/60000 (87%)]	Loss: 119.023445
[2022-10-20 01:44:56] PRINT Train Epoch: 2 [53760/60000 (90%)]	Loss: 117.988243
[2022-10-20 01:44:56] PRINT Train Epoch: 2 [55040/60000 (92%)]	Loss: 122.099472
[2022-10-20 01:44:56] PRINT Train Epoch: 2 [56320/60000 (94%)]	Loss: 124.240311
[2022-10-20 01:44:56] PRINT Train Epoch: 2 [57600/60000 (96%)]	Loss: 120.503616
[2022-10-20 01:44:56] PRINT Train Epoch: 2 [58880/60000 (98%)]	Loss: 120.930695
[2022-10-20 01:44:56] PRINT ====> Epoch: 2 Average loss: 122.0548
[2022-10-20 01:44:57] PRINT ====> Test set loss: 118.4564
[2022-10-20 01:44:57] PRINT Train Epoch: 3 [0/60000 (0%)]	Loss: 117.432678
[2022-10-20 01:44:57] PRINT Train Epoch: 3 [1280/60000 (2%)]	Loss: 119.587830
[2022-10-20 01:44:57] PRINT Train Epoch: 3 [2560/60000 (4%)]	Loss: 128.906464
[2022-10-20 01:44:58] PRINT Train Epoch: 3 [3840/60000 (6%)]	Loss: 121.819496
[2022-10-20 01:44:58] PRINT Train Epoch: 3 [5120/60000 (9%)]	Loss: 118.404114
[2022-10-20 01:44:58] PRINT Train Epoch: 3 [6400/60000 (11%)]	Loss: 116.545212
[2022-10-20 01:44:58] PRINT Train Epoch: 3 [7680/60000 (13%)]	Loss: 120.206490
[2022-10-20 01:44:58] PRINT Train Epoch: 3 [8960/60000 (15%)]	Loss: 118.884705
[2022-10-20 01:44:58] PRINT Train Epoch: 3 [10240/60000 (17%)]	Loss: 115.584778
[2022-10-20 01:44:58] PRINT Train Epoch: 3 [11520/60000 (19%)]	Loss: 110.601517
[2022-10-20 01:44:58] PRINT Train Epoch: 3 [12800/60000 (21%)]	Loss: 120.629089
[2022-10-20 01:44:58] PRINT Train Epoch: 3 [14080/60000 (23%)]	Loss: 115.948006
[2022-10-20 01:44:58] PRINT Train Epoch: 3 [15360/60000 (26%)]	Loss: 116.203217
[2022-10-20 01:44:58] PRINT Train Epoch: 3 [16640/60000 (28%)]	Loss: 116.728210
[2022-10-20 01:44:59] PRINT Train Epoch: 3 [17920/60000 (30%)]	Loss: 112.140450
[2022-10-20 01:44:59] PRINT Train Epoch: 3 [19200/60000 (32%)]	Loss: 117.403610
[2022-10-20 01:44:59] PRINT Train Epoch: 3 [20480/60000 (34%)]	Loss: 117.648315
[2022-10-20 01:44:59] PRINT Train Epoch: 3 [21760/60000 (36%)]	Loss: 117.738861
[2022-10-20 01:44:59] PRINT Train Epoch: 3 [23040/60000 (38%)]	Loss: 121.036041
[2022-10-20 01:44:59] PRINT Train Epoch: 3 [24320/60000 (41%)]	Loss: 122.686111
[2022-10-20 01:44:59] PRINT Train Epoch: 3 [25600/60000 (43%)]	Loss: 120.377487
[2022-10-20 01:44:59] PRINT Train Epoch: 3 [26880/60000 (45%)]	Loss: 119.138504
[2022-10-20 01:44:59] PRINT Train Epoch: 3 [28160/60000 (47%)]	Loss: 118.797539
[2022-10-20 01:44:59] PRINT Train Epoch: 3 [29440/60000 (49%)]	Loss: 122.124725
[2022-10-20 01:44:59] PRINT Train Epoch: 3 [30720/60000 (51%)]	Loss: 114.762688
[2022-10-20 01:45:00] PRINT Train Epoch: 3 [32000/60000 (53%)]	Loss: 113.338547
[2022-10-20 01:45:00] PRINT Train Epoch: 3 [33280/60000 (55%)]	Loss: 114.617500
[2022-10-20 01:45:00] PRINT Train Epoch: 3 [34560/60000 (58%)]	Loss: 116.829224
[2022-10-20 01:45:00] PRINT Train Epoch: 3 [35840/60000 (60%)]	Loss: 112.916138
[2022-10-20 01:45:00] PRINT Train Epoch: 3 [37120/60000 (62%)]	Loss: 120.499687
[2022-10-20 01:45:00] PRINT Train Epoch: 3 [38400/60000 (64%)]	Loss: 116.337280
[2022-10-20 01:45:00] PRINT Train Epoch: 3 [39680/60000 (66%)]	Loss: 118.416832
[2022-10-20 01:45:00] PRINT Train Epoch: 3 [40960/60000 (68%)]	Loss: 118.115921
[2022-10-20 01:45:00] PRINT Train Epoch: 3 [42240/60000 (70%)]	Loss: 116.925491
[2022-10-20 01:45:00] PRINT Train Epoch: 3 [43520/60000 (72%)]	Loss: 114.609657
[2022-10-20 01:45:01] PRINT Train Epoch: 3 [44800/60000 (75%)]	Loss: 115.132645
[2022-10-20 01:45:01] PRINT Train Epoch: 3 [46080/60000 (77%)]	Loss: 120.482544
[2022-10-20 01:45:01] PRINT Train Epoch: 3 [47360/60000 (79%)]	Loss: 116.095512
[2022-10-20 01:45:01] PRINT Train Epoch: 3 [48640/60000 (81%)]	Loss: 118.587532
[2022-10-20 01:45:01] PRINT Train Epoch: 3 [49920/60000 (83%)]	Loss: 115.871719
[2022-10-20 01:45:01] PRINT Train Epoch: 3 [51200/60000 (85%)]	Loss: 118.421204
[2022-10-20 01:45:01] PRINT Train Epoch: 3 [52480/60000 (87%)]	Loss: 119.895065
[2022-10-20 01:45:01] PRINT Train Epoch: 3 [53760/60000 (90%)]	Loss: 115.404037
[2022-10-20 01:45:01] PRINT Train Epoch: 3 [55040/60000 (92%)]	Loss: 115.553169
[2022-10-20 01:45:01] PRINT Train Epoch: 3 [56320/60000 (94%)]	Loss: 119.136429
[2022-10-20 01:45:01] PRINT Train Epoch: 3 [57600/60000 (96%)]	Loss: 116.951202
[2022-10-20 01:45:02] PRINT Train Epoch: 3 [58880/60000 (98%)]	Loss: 116.630142
[2022-10-20 01:45:02] PRINT ====> Epoch: 3 Average loss: 117.4770
[2022-10-20 01:45:02] PRINT ====> Test set loss: 115.0047
[2022-10-20 01:45:02] PRINT Train Epoch: 4 [0/60000 (0%)]	Loss: 111.535057
[2022-10-20 01:45:03] PRINT Train Epoch: 4 [1280/60000 (2%)]	Loss: 117.514984
[2022-10-20 01:45:03] PRINT Train Epoch: 4 [2560/60000 (4%)]	Loss: 117.438599
[2022-10-20 01:45:03] PRINT Train Epoch: 4 [3840/60000 (6%)]	Loss: 111.266838
[2022-10-20 01:45:03] PRINT Train Epoch: 4 [5120/60000 (9%)]	Loss: 113.371384
[2022-10-20 01:45:03] PRINT Train Epoch: 4 [6400/60000 (11%)]	Loss: 115.140259
[2022-10-20 01:45:03] PRINT Train Epoch: 4 [7680/60000 (13%)]	Loss: 113.080101
[2022-10-20 01:45:03] PRINT Train Epoch: 4 [8960/60000 (15%)]	Loss: 117.611237
[2022-10-20 01:45:03] PRINT Train Epoch: 4 [10240/60000 (17%)]	Loss: 117.865158
[2022-10-20 01:45:03] PRINT Train Epoch: 4 [11520/60000 (19%)]	Loss: 116.736435
[2022-10-20 01:45:03] PRINT Train Epoch: 4 [12800/60000 (21%)]	Loss: 119.902145
[2022-10-20 01:45:03] PRINT Train Epoch: 4 [14080/60000 (23%)]	Loss: 118.512688
[2022-10-20 01:45:04] PRINT Train Epoch: 4 [15360/60000 (26%)]	Loss: 115.187347
[2022-10-20 01:45:04] PRINT Train Epoch: 4 [16640/60000 (28%)]	Loss: 115.455376
[2022-10-20 01:45:04] PRINT Train Epoch: 4 [17920/60000 (30%)]	Loss: 115.638466
[2022-10-20 01:45:04] PRINT Train Epoch: 4 [19200/60000 (32%)]	Loss: 113.438934
[2022-10-20 01:45:04] PRINT Train Epoch: 4 [20480/60000 (34%)]	Loss: 116.053802
[2022-10-20 01:45:04] PRINT Train Epoch: 4 [21760/60000 (36%)]	Loss: 112.563004
[2022-10-20 01:45:04] PRINT Train Epoch: 4 [23040/60000 (38%)]	Loss: 114.262466
[2022-10-20 01:45:04] PRINT Train Epoch: 4 [24320/60000 (41%)]	Loss: 116.236732
[2022-10-20 01:45:04] PRINT Train Epoch: 4 [25600/60000 (43%)]	Loss: 116.480209
[2022-10-20 01:45:04] PRINT Train Epoch: 4 [26880/60000 (45%)]	Loss: 118.028458
[2022-10-20 01:45:04] PRINT Train Epoch: 4 [28160/60000 (47%)]	Loss: 112.550133
[2022-10-20 01:45:05] PRINT Train Epoch: 4 [29440/60000 (49%)]	Loss: 117.794518
[2022-10-20 01:45:05] PRINT Train Epoch: 4 [30720/60000 (51%)]	Loss: 117.006386
[2022-10-20 01:45:05] PRINT Train Epoch: 4 [32000/60000 (53%)]	Loss: 120.272118
[2022-10-20 01:45:05] PRINT Train Epoch: 4 [33280/60000 (55%)]	Loss: 116.518036
[2022-10-20 01:45:05] PRINT Train Epoch: 4 [34560/60000 (58%)]	Loss: 117.327911
[2022-10-20 01:45:05] PRINT Train Epoch: 4 [35840/60000 (60%)]	Loss: 116.898773
[2022-10-20 01:45:05] PRINT Train Epoch: 4 [37120/60000 (62%)]	Loss: 114.009720
[2022-10-20 01:45:05] PRINT Train Epoch: 4 [38400/60000 (64%)]	Loss: 112.743286
[2022-10-20 01:45:05] PRINT Train Epoch: 4 [39680/60000 (66%)]	Loss: 119.992371
[2022-10-20 01:45:05] PRINT Train Epoch: 4 [40960/60000 (68%)]	Loss: 110.758331
[2022-10-20 01:45:05] PRINT Train Epoch: 4 [42240/60000 (70%)]	Loss: 116.089874
[2022-10-20 01:45:06] PRINT Train Epoch: 4 [43520/60000 (72%)]	Loss: 109.085617
[2022-10-20 01:45:06] PRINT Train Epoch: 4 [44800/60000 (75%)]	Loss: 113.192017
[2022-10-20 01:45:06] PRINT Train Epoch: 4 [46080/60000 (77%)]	Loss: 113.026962
[2022-10-20 01:45:06] PRINT Train Epoch: 4 [47360/60000 (79%)]	Loss: 113.841614
[2022-10-20 01:45:06] PRINT Train Epoch: 4 [48640/60000 (81%)]	Loss: 115.786377
[2022-10-20 01:45:06] PRINT Train Epoch: 4 [49920/60000 (83%)]	Loss: 115.865967
[2022-10-20 01:45:06] PRINT Train Epoch: 4 [51200/60000 (85%)]	Loss: 116.370033
[2022-10-20 01:45:06] PRINT Train Epoch: 4 [52480/60000 (87%)]	Loss: 120.199570
[2022-10-20 01:45:06] PRINT Train Epoch: 4 [53760/60000 (90%)]	Loss: 120.403229
[2022-10-20 01:45:06] PRINT Train Epoch: 4 [55040/60000 (92%)]	Loss: 110.915535
[2022-10-20 01:45:06] PRINT Train Epoch: 4 [56320/60000 (94%)]	Loss: 110.388855
[2022-10-20 01:45:06] PRINT Train Epoch: 4 [57600/60000 (96%)]	Loss: 118.194855
[2022-10-20 01:45:07] PRINT Train Epoch: 4 [58880/60000 (98%)]	Loss: 119.069519
[2022-10-20 01:45:07] PRINT ====> Epoch: 4 Average loss: 115.1014
[2022-10-20 01:45:07] PRINT ====> Test set loss: 113.4556
[2022-10-20 01:45:07] PRINT Train Epoch: 5 [0/60000 (0%)]	Loss: 115.535835
[2022-10-20 01:45:08] PRINT Train Epoch: 5 [1280/60000 (2%)]	Loss: 114.800858
[2022-10-20 01:45:08] PRINT Train Epoch: 5 [2560/60000 (4%)]	Loss: 113.977524
[2022-10-20 01:45:08] PRINT Train Epoch: 5 [3840/60000 (6%)]	Loss: 121.990326
[2022-10-20 01:45:08] PRINT Train Epoch: 5 [5120/60000 (9%)]	Loss: 117.211136
[2022-10-20 01:45:08] PRINT Train Epoch: 5 [6400/60000 (11%)]	Loss: 114.944717
[2022-10-20 01:45:08] PRINT Train Epoch: 5 [7680/60000 (13%)]	Loss: 110.513130
[2022-10-20 01:45:08] PRINT Train Epoch: 5 [8960/60000 (15%)]	Loss: 118.798424
[2022-10-20 01:45:08] PRINT Train Epoch: 5 [10240/60000 (17%)]	Loss: 114.472725
[2022-10-20 01:45:08] PRINT Train Epoch: 5 [11520/60000 (19%)]	Loss: 114.741661
[2022-10-20 01:45:08] PRINT Train Epoch: 5 [12800/60000 (21%)]	Loss: 112.774078
[2022-10-20 01:45:08] PRINT Train Epoch: 5 [14080/60000 (23%)]	Loss: 117.187965
[2022-10-20 01:45:08] PRINT Train Epoch: 5 [15360/60000 (26%)]	Loss: 111.952011
[2022-10-20 01:45:09] PRINT Train Epoch: 5 [16640/60000 (28%)]	Loss: 112.973778
[2022-10-20 01:45:09] PRINT Train Epoch: 5 [17920/60000 (30%)]	Loss: 109.209000
[2022-10-20 01:45:09] PRINT Train Epoch: 5 [19200/60000 (32%)]	Loss: 112.707016
[2022-10-20 01:45:09] PRINT Train Epoch: 5 [20480/60000 (34%)]	Loss: 113.648743
[2022-10-20 01:45:09] PRINT Train Epoch: 5 [21760/60000 (36%)]	Loss: 113.818237
[2022-10-20 01:45:09] PRINT Train Epoch: 5 [23040/60000 (38%)]	Loss: 113.790604
[2022-10-20 01:45:09] PRINT Train Epoch: 5 [24320/60000 (41%)]	Loss: 115.675919
[2022-10-20 01:45:09] PRINT Train Epoch: 5 [25600/60000 (43%)]	Loss: 111.868713
[2022-10-20 01:45:09] PRINT Train Epoch: 5 [26880/60000 (45%)]	Loss: 111.971931
[2022-10-20 01:45:09] PRINT Train Epoch: 5 [28160/60000 (47%)]	Loss: 113.221977
[2022-10-20 01:45:10] PRINT Train Epoch: 5 [29440/60000 (49%)]	Loss: 113.108856
[2022-10-20 01:45:10] PRINT Train Epoch: 5 [30720/60000 (51%)]	Loss: 113.986328
[2022-10-20 01:45:10] PRINT Train Epoch: 5 [32000/60000 (53%)]	Loss: 114.620926
[2022-10-20 01:45:10] PRINT Train Epoch: 5 [33280/60000 (55%)]	Loss: 116.109833
[2022-10-20 01:45:10] PRINT Train Epoch: 5 [34560/60000 (58%)]	Loss: 113.472450
[2022-10-20 01:45:10] PRINT Train Epoch: 5 [35840/60000 (60%)]	Loss: 114.429382
[2022-10-20 01:45:10] PRINT Train Epoch: 5 [37120/60000 (62%)]	Loss: 113.650742
[2022-10-20 01:45:10] PRINT Train Epoch: 5 [38400/60000 (64%)]	Loss: 116.227814
[2022-10-20 01:45:10] PRINT Train Epoch: 5 [39680/60000 (66%)]	Loss: 113.873871
[2022-10-20 01:45:10] PRINT Train Epoch: 5 [40960/60000 (68%)]	Loss: 112.010094
[2022-10-20 01:45:10] PRINT Train Epoch: 5 [42240/60000 (70%)]	Loss: 111.337311
[2022-10-20 01:45:11] PRINT Train Epoch: 5 [43520/60000 (72%)]	Loss: 110.395401
[2022-10-20 01:45:11] PRINT Train Epoch: 5 [44800/60000 (75%)]	Loss: 104.558517
[2022-10-20 01:45:11] PRINT Train Epoch: 5 [46080/60000 (77%)]	Loss: 116.653084
[2022-10-20 01:45:11] PRINT Train Epoch: 5 [47360/60000 (79%)]	Loss: 106.676422
[2022-10-20 01:45:11] PRINT Train Epoch: 5 [48640/60000 (81%)]	Loss: 114.840263
[2022-10-20 01:45:11] PRINT Train Epoch: 5 [49920/60000 (83%)]	Loss: 114.920334
[2022-10-20 01:45:11] PRINT Train Epoch: 5 [51200/60000 (85%)]	Loss: 112.009903
[2022-10-20 01:45:11] PRINT Train Epoch: 5 [52480/60000 (87%)]	Loss: 111.302658
[2022-10-20 01:45:11] PRINT Train Epoch: 5 [53760/60000 (90%)]	Loss: 115.751648
[2022-10-20 01:45:11] PRINT Train Epoch: 5 [55040/60000 (92%)]	Loss: 114.996231
[2022-10-20 01:45:11] PRINT Train Epoch: 5 [56320/60000 (94%)]	Loss: 110.085686
[2022-10-20 01:45:12] PRINT Train Epoch: 5 [57600/60000 (96%)]	Loss: 114.364845
[2022-10-20 01:45:12] PRINT Train Epoch: 5 [58880/60000 (98%)]	Loss: 113.831093
[2022-10-20 01:45:12] PRINT ====> Epoch: 5 Average loss: 113.5830
[2022-10-20 01:45:12] PRINT ====> Test set loss: 112.4874
[2022-10-20 01:45:12] PRINT Train Epoch: 6 [0/60000 (0%)]	Loss: 111.334633
[2022-10-20 01:45:13] PRINT Train Epoch: 6 [1280/60000 (2%)]	Loss: 116.336769
[2022-10-20 01:45:13] PRINT Train Epoch: 6 [2560/60000 (4%)]	Loss: 122.084351
[2022-10-20 01:45:13] PRINT Train Epoch: 6 [3840/60000 (6%)]	Loss: 110.365234
[2022-10-20 01:45:13] PRINT Train Epoch: 6 [5120/60000 (9%)]	Loss: 109.200340
[2022-10-20 01:45:13] PRINT Train Epoch: 6 [6400/60000 (11%)]	Loss: 111.066193
[2022-10-20 01:45:13] PRINT Train Epoch: 6 [7680/60000 (13%)]	Loss: 111.442352
[2022-10-20 01:45:13] PRINT Train Epoch: 6 [8960/60000 (15%)]	Loss: 111.920395
[2022-10-20 01:45:13] PRINT Train Epoch: 6 [10240/60000 (17%)]	Loss: 112.169418
[2022-10-20 01:45:13] PRINT Train Epoch: 6 [11520/60000 (19%)]	Loss: 111.295380
[2022-10-20 01:45:13] PRINT Train Epoch: 6 [12800/60000 (21%)]	Loss: 112.493362
[2022-10-20 01:45:13] PRINT Train Epoch: 6 [14080/60000 (23%)]	Loss: 112.009605
[2022-10-20 01:45:14] PRINT Train Epoch: 6 [15360/60000 (26%)]	Loss: 115.246521
[2022-10-20 01:45:14] PRINT Train Epoch: 6 [16640/60000 (28%)]	Loss: 115.146790
[2022-10-20 01:45:14] PRINT Train Epoch: 6 [17920/60000 (30%)]	Loss: 108.008209
[2022-10-20 01:45:14] PRINT Train Epoch: 6 [19200/60000 (32%)]	Loss: 115.667778
[2022-10-20 01:45:14] PRINT Train Epoch: 6 [20480/60000 (34%)]	Loss: 105.947418
[2022-10-20 01:45:14] PRINT Train Epoch: 6 [21760/60000 (36%)]	Loss: 111.699875
[2022-10-20 01:45:14] PRINT Train Epoch: 6 [23040/60000 (38%)]	Loss: 111.975296
[2022-10-20 01:45:14] PRINT Train Epoch: 6 [24320/60000 (41%)]	Loss: 112.706711
[2022-10-20 01:45:14] PRINT Train Epoch: 6 [25600/60000 (43%)]	Loss: 111.359970
[2022-10-20 01:45:14] PRINT Train Epoch: 6 [26880/60000 (45%)]	Loss: 114.032433
[2022-10-20 01:45:14] PRINT Train Epoch: 6 [28160/60000 (47%)]	Loss: 115.109474
[2022-10-20 01:45:14] PRINT Train Epoch: 6 [29440/60000 (49%)]	Loss: 112.684837
[2022-10-20 01:45:15] PRINT Train Epoch: 6 [30720/60000 (51%)]	Loss: 114.718010
[2022-10-20 01:45:15] PRINT Train Epoch: 6 [32000/60000 (53%)]	Loss: 114.064919
[2022-10-20 01:45:15] PRINT Train Epoch: 6 [33280/60000 (55%)]	Loss: 113.578018
[2022-10-20 01:45:15] PRINT Train Epoch: 6 [34560/60000 (58%)]	Loss: 110.653030
[2022-10-20 01:45:15] PRINT Train Epoch: 6 [35840/60000 (60%)]	Loss: 112.386330
[2022-10-20 01:45:15] PRINT Train Epoch: 6 [37120/60000 (62%)]	Loss: 111.889427
[2022-10-20 01:45:15] PRINT Train Epoch: 6 [38400/60000 (64%)]	Loss: 111.514458
[2022-10-20 01:45:15] PRINT Train Epoch: 6 [39680/60000 (66%)]	Loss: 114.120209
[2022-10-20 01:45:15] PRINT Train Epoch: 6 [40960/60000 (68%)]	Loss: 115.094673
[2022-10-20 01:45:15] PRINT Train Epoch: 6 [42240/60000 (70%)]	Loss: 109.431557
[2022-10-20 01:45:15] PRINT Train Epoch: 6 [43520/60000 (72%)]	Loss: 112.838753
[2022-10-20 01:45:16] PRINT Train Epoch: 6 [44800/60000 (75%)]	Loss: 117.285843
[2022-10-20 01:45:16] PRINT Train Epoch: 6 [46080/60000 (77%)]	Loss: 115.719109
[2022-10-20 01:45:16] PRINT Train Epoch: 6 [47360/60000 (79%)]	Loss: 108.232925
[2022-10-20 01:45:16] PRINT Train Epoch: 6 [48640/60000 (81%)]	Loss: 107.927605
[2022-10-20 01:45:16] PRINT Train Epoch: 6 [49920/60000 (83%)]	Loss: 106.612686
[2022-10-20 01:45:16] PRINT Train Epoch: 6 [51200/60000 (85%)]	Loss: 113.423538
[2022-10-20 01:45:16] PRINT Train Epoch: 6 [52480/60000 (87%)]	Loss: 108.608887
[2022-10-20 01:45:16] PRINT Train Epoch: 6 [53760/60000 (90%)]	Loss: 114.263176
[2022-10-20 01:45:16] PRINT Train Epoch: 6 [55040/60000 (92%)]	Loss: 114.983215
[2022-10-20 01:45:16] PRINT Train Epoch: 6 [56320/60000 (94%)]	Loss: 114.790108
[2022-10-20 01:45:16] PRINT Train Epoch: 6 [57600/60000 (96%)]	Loss: 110.970444
[2022-10-20 01:45:17] PRINT Train Epoch: 6 [58880/60000 (98%)]	Loss: 113.192657
[2022-10-20 01:45:17] PRINT ====> Epoch: 6 Average loss: 112.4986
[2022-10-20 01:45:17] PRINT ====> Test set loss: 111.3622
[2022-10-20 01:45:17] PRINT Train Epoch: 7 [0/60000 (0%)]	Loss: 108.221169
[2022-10-20 01:45:18] PRINT Train Epoch: 7 [1280/60000 (2%)]	Loss: 109.891083
[2022-10-20 01:45:18] PRINT Train Epoch: 7 [2560/60000 (4%)]	Loss: 109.935860
[2022-10-20 01:45:18] PRINT Train Epoch: 7 [3840/60000 (6%)]	Loss: 111.317200
[2022-10-20 01:45:18] PRINT Train Epoch: 7 [5120/60000 (9%)]	Loss: 114.204086
[2022-10-20 01:45:18] PRINT Train Epoch: 7 [6400/60000 (11%)]	Loss: 114.514633
[2022-10-20 01:45:18] PRINT Train Epoch: 7 [7680/60000 (13%)]	Loss: 110.940033
[2022-10-20 01:45:18] PRINT Train Epoch: 7 [8960/60000 (15%)]	Loss: 113.258751
[2022-10-20 01:45:18] PRINT Train Epoch: 7 [10240/60000 (17%)]	Loss: 105.882187
[2022-10-20 01:45:18] PRINT Train Epoch: 7 [11520/60000 (19%)]	Loss: 109.845039
[2022-10-20 01:45:18] PRINT Train Epoch: 7 [12800/60000 (21%)]	Loss: 111.376701
[2022-10-20 01:45:18] PRINT Train Epoch: 7 [14080/60000 (23%)]	Loss: 115.627541
[2022-10-20 01:45:18] PRINT Train Epoch: 7 [15360/60000 (26%)]	Loss: 107.267258
[2022-10-20 01:45:19] PRINT Train Epoch: 7 [16640/60000 (28%)]	Loss: 116.455841
[2022-10-20 01:45:19] PRINT Train Epoch: 7 [17920/60000 (30%)]	Loss: 112.492973
[2022-10-20 01:45:19] PRINT Train Epoch: 7 [19200/60000 (32%)]	Loss: 105.006241
[2022-10-20 01:45:19] PRINT Train Epoch: 7 [20480/60000 (34%)]	Loss: 114.070847
[2022-10-20 01:45:19] PRINT Train Epoch: 7 [21760/60000 (36%)]	Loss: 111.694534
[2022-10-20 01:45:19] PRINT Train Epoch: 7 [23040/60000 (38%)]	Loss: 110.963898
[2022-10-20 01:45:19] PRINT Train Epoch: 7 [24320/60000 (41%)]	Loss: 110.802643
[2022-10-20 01:45:19] PRINT Train Epoch: 7 [25600/60000 (43%)]	Loss: 109.575989
[2022-10-20 01:45:19] PRINT Train Epoch: 7 [26880/60000 (45%)]	Loss: 112.177429
[2022-10-20 01:45:19] PRINT Train Epoch: 7 [28160/60000 (47%)]	Loss: 110.863960
[2022-10-20 01:45:19] PRINT Train Epoch: 7 [29440/60000 (49%)]	Loss: 116.482971
[2022-10-20 01:45:20] PRINT Train Epoch: 7 [30720/60000 (51%)]	Loss: 116.103271
[2022-10-20 01:45:20] PRINT Train Epoch: 7 [32000/60000 (53%)]	Loss: 109.639862
[2022-10-20 01:45:20] PRINT Train Epoch: 7 [33280/60000 (55%)]	Loss: 113.181717
[2022-10-20 01:45:20] PRINT Train Epoch: 7 [34560/60000 (58%)]	Loss: 112.619240
[2022-10-20 01:45:20] PRINT Train Epoch: 7 [35840/60000 (60%)]	Loss: 107.761337
[2022-10-20 01:45:20] PRINT Train Epoch: 7 [37120/60000 (62%)]	Loss: 110.647026
[2022-10-20 01:45:20] PRINT Train Epoch: 7 [38400/60000 (64%)]	Loss: 108.420639
[2022-10-20 01:45:20] PRINT Train Epoch: 7 [39680/60000 (66%)]	Loss: 111.791962
[2022-10-20 01:45:20] PRINT Train Epoch: 7 [40960/60000 (68%)]	Loss: 107.434250
[2022-10-20 01:45:20] PRINT Train Epoch: 7 [42240/60000 (70%)]	Loss: 110.626976
[2022-10-20 01:45:20] PRINT Train Epoch: 7 [43520/60000 (72%)]	Loss: 109.614929
[2022-10-20 01:45:21] PRINT Train Epoch: 7 [44800/60000 (75%)]	Loss: 108.977318
[2022-10-20 01:45:21] PRINT Train Epoch: 7 [46080/60000 (77%)]	Loss: 113.795654
[2022-10-20 01:45:21] PRINT Train Epoch: 7 [47360/60000 (79%)]	Loss: 108.868744
[2022-10-20 01:45:21] PRINT Train Epoch: 7 [48640/60000 (81%)]	Loss: 108.637520
[2022-10-20 01:45:21] PRINT Train Epoch: 7 [49920/60000 (83%)]	Loss: 115.107285
[2022-10-20 01:45:21] PRINT Train Epoch: 7 [51200/60000 (85%)]	Loss: 110.095680
[2022-10-20 01:45:21] PRINT Train Epoch: 7 [52480/60000 (87%)]	Loss: 117.981888
[2022-10-20 01:45:21] PRINT Train Epoch: 7 [53760/60000 (90%)]	Loss: 111.603584
[2022-10-20 01:45:21] PRINT Train Epoch: 7 [55040/60000 (92%)]	Loss: 114.206863
[2022-10-20 01:45:21] PRINT Train Epoch: 7 [56320/60000 (94%)]	Loss: 108.222778
[2022-10-20 01:45:21] PRINT Train Epoch: 7 [57600/60000 (96%)]	Loss: 109.386154
[2022-10-20 01:45:22] PRINT Train Epoch: 7 [58880/60000 (98%)]	Loss: 108.222122
[2022-10-20 01:45:22] PRINT ====> Epoch: 7 Average loss: 111.5911
[2022-10-20 01:45:22] PRINT ====> Test set loss: 110.5593
[2022-10-20 01:45:22] PRINT Train Epoch: 8 [0/60000 (0%)]	Loss: 113.016571
[2022-10-20 01:45:22] PRINT Train Epoch: 8 [1280/60000 (2%)]	Loss: 112.169876
[2022-10-20 01:45:23] PRINT Train Epoch: 8 [2560/60000 (4%)]	Loss: 107.617645
[2022-10-20 01:45:23] PRINT Train Epoch: 8 [3840/60000 (6%)]	Loss: 108.208427
[2022-10-20 01:45:23] PRINT Train Epoch: 8 [5120/60000 (9%)]	Loss: 113.939018
[2022-10-20 01:45:23] PRINT Train Epoch: 8 [6400/60000 (11%)]	Loss: 112.215752
[2022-10-20 01:45:23] PRINT Train Epoch: 8 [7680/60000 (13%)]	Loss: 110.163040
[2022-10-20 01:45:23] PRINT Train Epoch: 8 [8960/60000 (15%)]	Loss: 109.283531
[2022-10-20 01:45:23] PRINT Train Epoch: 8 [10240/60000 (17%)]	Loss: 117.064346
[2022-10-20 01:45:23] PRINT Train Epoch: 8 [11520/60000 (19%)]	Loss: 108.825363
[2022-10-20 01:45:23] PRINT Train Epoch: 8 [12800/60000 (21%)]	Loss: 115.257568
[2022-10-20 01:45:23] PRINT Train Epoch: 8 [14080/60000 (23%)]	Loss: 117.442917
[2022-10-20 01:45:23] PRINT Train Epoch: 8 [15360/60000 (26%)]	Loss: 111.091400
[2022-10-20 01:45:23] PRINT Train Epoch: 8 [16640/60000 (28%)]	Loss: 107.340515
[2022-10-20 01:45:24] PRINT Train Epoch: 8 [17920/60000 (30%)]	Loss: 111.685471
[2022-10-20 01:45:24] PRINT Train Epoch: 8 [19200/60000 (32%)]	Loss: 114.186859
[2022-10-20 01:45:24] PRINT Train Epoch: 8 [20480/60000 (34%)]	Loss: 105.664902
[2022-10-20 01:45:24] PRINT Train Epoch: 8 [21760/60000 (36%)]	Loss: 114.468559
[2022-10-20 01:45:24] PRINT Train Epoch: 8 [23040/60000 (38%)]	Loss: 115.061768
[2022-10-20 01:45:24] PRINT Train Epoch: 8 [24320/60000 (41%)]	Loss: 115.681190
[2022-10-20 01:45:24] PRINT Train Epoch: 8 [25600/60000 (43%)]	Loss: 111.063919
[2022-10-20 01:45:24] PRINT Train Epoch: 8 [26880/60000 (45%)]	Loss: 108.623291
[2022-10-20 01:45:24] PRINT Train Epoch: 8 [28160/60000 (47%)]	Loss: 112.271255
[2022-10-20 01:45:24] PRINT Train Epoch: 8 [29440/60000 (49%)]	Loss: 109.957245
[2022-10-20 01:45:24] PRINT Train Epoch: 8 [30720/60000 (51%)]	Loss: 104.021049
[2022-10-20 01:45:25] PRINT Train Epoch: 8 [32000/60000 (53%)]	Loss: 106.686401
[2022-10-20 01:45:25] PRINT Train Epoch: 8 [33280/60000 (55%)]	Loss: 115.163170
[2022-10-20 01:45:25] PRINT Train Epoch: 8 [34560/60000 (58%)]	Loss: 116.509926
[2022-10-20 01:45:25] PRINT Train Epoch: 8 [35840/60000 (60%)]	Loss: 109.881081
[2022-10-20 01:45:25] PRINT Train Epoch: 8 [37120/60000 (62%)]	Loss: 107.767120
[2022-10-20 01:45:25] PRINT Train Epoch: 8 [38400/60000 (64%)]	Loss: 114.194138
[2022-10-20 01:45:25] PRINT Train Epoch: 8 [39680/60000 (66%)]	Loss: 107.699280
[2022-10-20 01:45:25] PRINT Train Epoch: 8 [40960/60000 (68%)]	Loss: 111.941589
[2022-10-20 01:45:25] PRINT Train Epoch: 8 [42240/60000 (70%)]	Loss: 112.312805
[2022-10-20 01:45:25] PRINT Train Epoch: 8 [43520/60000 (72%)]	Loss: 110.563637
[2022-10-20 01:45:26] PRINT Train Epoch: 8 [44800/60000 (75%)]	Loss: 111.046936
[2022-10-20 01:45:26] PRINT Train Epoch: 8 [46080/60000 (77%)]	Loss: 110.474533
[2022-10-20 01:45:26] PRINT Train Epoch: 8 [47360/60000 (79%)]	Loss: 113.021683
[2022-10-20 01:45:26] PRINT Train Epoch: 8 [48640/60000 (81%)]	Loss: 109.391846
[2022-10-20 01:45:26] PRINT Train Epoch: 8 [49920/60000 (83%)]	Loss: 107.652794
[2022-10-20 01:45:26] PRINT Train Epoch: 8 [51200/60000 (85%)]	Loss: 109.670067
[2022-10-20 01:45:26] PRINT Train Epoch: 8 [52480/60000 (87%)]	Loss: 112.089828
[2022-10-20 01:45:26] PRINT Train Epoch: 8 [53760/60000 (90%)]	Loss: 111.832840
[2022-10-20 01:45:26] PRINT Train Epoch: 8 [55040/60000 (92%)]	Loss: 107.047867
[2022-10-20 01:45:26] PRINT Train Epoch: 8 [56320/60000 (94%)]	Loss: 113.646515
[2022-10-20 01:45:26] PRINT Train Epoch: 8 [57600/60000 (96%)]	Loss: 107.991501
[2022-10-20 01:45:27] PRINT Train Epoch: 8 [58880/60000 (98%)]	Loss: 110.216911
[2022-10-20 01:45:27] PRINT ====> Epoch: 8 Average loss: 110.8483
[2022-10-20 01:45:27] PRINT ====> Test set loss: 109.9493
[2022-10-20 01:45:27] PRINT Train Epoch: 9 [0/60000 (0%)]	Loss: 112.612091
[2022-10-20 01:45:27] PRINT Train Epoch: 9 [1280/60000 (2%)]	Loss: 113.579063
[2022-10-20 01:45:28] PRINT Train Epoch: 9 [2560/60000 (4%)]	Loss: 112.500092
[2022-10-20 01:45:28] PRINT Train Epoch: 9 [3840/60000 (6%)]	Loss: 114.968086
[2022-10-20 01:45:28] PRINT Train Epoch: 9 [5120/60000 (9%)]	Loss: 107.094482
[2022-10-20 01:45:28] PRINT Train Epoch: 9 [6400/60000 (11%)]	Loss: 111.137726
[2022-10-20 01:45:28] PRINT Train Epoch: 9 [7680/60000 (13%)]	Loss: 109.360428
[2022-10-20 01:45:28] PRINT Train Epoch: 9 [8960/60000 (15%)]	Loss: 114.474777
[2022-10-20 01:45:28] PRINT Train Epoch: 9 [10240/60000 (17%)]	Loss: 112.903847
[2022-10-20 01:45:28] PRINT Train Epoch: 9 [11520/60000 (19%)]	Loss: 110.207504
[2022-10-20 01:45:28] PRINT Train Epoch: 9 [12800/60000 (21%)]	Loss: 112.689545
[2022-10-20 01:45:28] PRINT Train Epoch: 9 [14080/60000 (23%)]	Loss: 115.618637
[2022-10-20 01:45:28] PRINT Train Epoch: 9 [15360/60000 (26%)]	Loss: 107.228027
[2022-10-20 01:45:29] PRINT Train Epoch: 9 [16640/60000 (28%)]	Loss: 108.094849
[2022-10-20 01:45:29] PRINT Train Epoch: 9 [17920/60000 (30%)]	Loss: 112.689705
[2022-10-20 01:45:29] PRINT Train Epoch: 9 [19200/60000 (32%)]	Loss: 113.966064
[2022-10-20 01:45:29] PRINT Train Epoch: 9 [20480/60000 (34%)]	Loss: 114.096016
[2022-10-20 01:45:29] PRINT Train Epoch: 9 [21760/60000 (36%)]	Loss: 107.226868
[2022-10-20 01:45:29] PRINT Train Epoch: 9 [23040/60000 (38%)]	Loss: 114.955765
[2022-10-20 01:45:29] PRINT Train Epoch: 9 [24320/60000 (41%)]	Loss: 111.073448
[2022-10-20 01:45:29] PRINT Train Epoch: 9 [25600/60000 (43%)]	Loss: 107.139389
[2022-10-20 01:45:29] PRINT Train Epoch: 9 [26880/60000 (45%)]	Loss: 110.164169
[2022-10-20 01:45:29] PRINT Train Epoch: 9 [28160/60000 (47%)]	Loss: 110.636230
[2022-10-20 01:45:30] PRINT Train Epoch: 9 [29440/60000 (49%)]	Loss: 109.970627
[2022-10-20 01:45:30] PRINT Train Epoch: 9 [30720/60000 (51%)]	Loss: 110.254364
[2022-10-20 01:45:30] PRINT Train Epoch: 9 [32000/60000 (53%)]	Loss: 113.380470
[2022-10-20 01:45:30] PRINT Train Epoch: 9 [33280/60000 (55%)]	Loss: 111.385635
[2022-10-20 01:45:30] PRINT Train Epoch: 9 [34560/60000 (58%)]	Loss: 107.439133
[2022-10-20 01:45:30] PRINT Train Epoch: 9 [35840/60000 (60%)]	Loss: 109.334770
[2022-10-20 01:45:30] PRINT Train Epoch: 9 [37120/60000 (62%)]	Loss: 111.713745
[2022-10-20 01:45:30] PRINT Train Epoch: 9 [38400/60000 (64%)]	Loss: 107.532059
[2022-10-20 01:45:30] PRINT Train Epoch: 9 [39680/60000 (66%)]	Loss: 109.578331
[2022-10-20 01:45:30] PRINT Train Epoch: 9 [40960/60000 (68%)]	Loss: 115.212433
[2022-10-20 01:45:30] PRINT Train Epoch: 9 [42240/60000 (70%)]	Loss: 107.128227
[2022-10-20 01:45:31] PRINT Train Epoch: 9 [43520/60000 (72%)]	Loss: 107.586540
[2022-10-20 01:45:31] PRINT Train Epoch: 9 [44800/60000 (75%)]	Loss: 112.720795
[2022-10-20 01:45:31] PRINT Train Epoch: 9 [46080/60000 (77%)]	Loss: 108.961205
[2022-10-20 01:45:31] PRINT Train Epoch: 9 [47360/60000 (79%)]	Loss: 106.873306
[2022-10-20 01:45:31] PRINT Train Epoch: 9 [48640/60000 (81%)]	Loss: 111.604630
[2022-10-20 01:45:31] PRINT Train Epoch: 9 [49920/60000 (83%)]	Loss: 110.262032
[2022-10-20 01:45:31] PRINT Train Epoch: 9 [51200/60000 (85%)]	Loss: 110.696678
[2022-10-20 01:45:31] PRINT Train Epoch: 9 [52480/60000 (87%)]	Loss: 112.031769
[2022-10-20 01:45:31] PRINT Train Epoch: 9 [53760/60000 (90%)]	Loss: 110.313995
[2022-10-20 01:45:31] PRINT Train Epoch: 9 [55040/60000 (92%)]	Loss: 110.961998
[2022-10-20 01:45:31] PRINT Train Epoch: 9 [56320/60000 (94%)]	Loss: 106.333466
[2022-10-20 01:45:32] PRINT Train Epoch: 9 [57600/60000 (96%)]	Loss: 104.902786
[2022-10-20 01:45:32] PRINT Train Epoch: 9 [58880/60000 (98%)]	Loss: 108.730133
[2022-10-20 01:45:32] PRINT ====> Epoch: 9 Average loss: 110.2016
[2022-10-20 01:45:32] PRINT ====> Test set loss: 109.2280
[2022-10-20 01:45:33] PRINT Train Epoch: 10 [0/60000 (0%)]	Loss: 107.474625
[2022-10-20 01:45:33] PRINT Train Epoch: 10 [1280/60000 (2%)]	Loss: 106.639938
[2022-10-20 01:45:33] PRINT Train Epoch: 10 [2560/60000 (4%)]	Loss: 110.514275
[2022-10-20 01:45:33] PRINT Train Epoch: 10 [3840/60000 (6%)]	Loss: 106.629150
[2022-10-20 01:45:33] PRINT Train Epoch: 10 [5120/60000 (9%)]	Loss: 105.981308
[2022-10-20 01:45:33] PRINT Train Epoch: 10 [6400/60000 (11%)]	Loss: 113.728989
[2022-10-20 01:45:33] PRINT Train Epoch: 10 [7680/60000 (13%)]	Loss: 102.872726
[2022-10-20 01:45:33] PRINT Train Epoch: 10 [8960/60000 (15%)]	Loss: 108.012474
[2022-10-20 01:45:33] PRINT Train Epoch: 10 [10240/60000 (17%)]	Loss: 112.390823
[2022-10-20 01:45:33] PRINT Train Epoch: 10 [11520/60000 (19%)]	Loss: 110.376778
[2022-10-20 01:45:33] PRINT Train Epoch: 10 [12800/60000 (21%)]	Loss: 108.478378
[2022-10-20 01:45:33] PRINT Train Epoch: 10 [14080/60000 (23%)]	Loss: 110.428551
[2022-10-20 01:45:34] PRINT Train Epoch: 10 [15360/60000 (26%)]	Loss: 110.091431
[2022-10-20 01:45:34] PRINT Train Epoch: 10 [16640/60000 (28%)]	Loss: 111.165321
[2022-10-20 01:45:34] PRINT Train Epoch: 10 [17920/60000 (30%)]	Loss: 109.996429
[2022-10-20 01:45:34] PRINT Train Epoch: 10 [19200/60000 (32%)]	Loss: 111.948944
[2022-10-20 01:45:34] PRINT Train Epoch: 10 [20480/60000 (34%)]	Loss: 112.175919
[2022-10-20 01:45:34] PRINT Train Epoch: 10 [21760/60000 (36%)]	Loss: 108.313065
[2022-10-20 01:45:34] PRINT Train Epoch: 10 [23040/60000 (38%)]	Loss: 107.104851
[2022-10-20 01:45:34] PRINT Train Epoch: 10 [24320/60000 (41%)]	Loss: 106.458466
[2022-10-20 01:45:34] PRINT Train Epoch: 10 [25600/60000 (43%)]	Loss: 113.358383
[2022-10-20 01:45:34] PRINT Train Epoch: 10 [26880/60000 (45%)]	Loss: 112.351868
[2022-10-20 01:45:34] PRINT Train Epoch: 10 [28160/60000 (47%)]	Loss: 105.981361
[2022-10-20 01:45:35] PRINT Train Epoch: 10 [29440/60000 (49%)]	Loss: 110.569550
[2022-10-20 01:45:35] PRINT Train Epoch: 10 [30720/60000 (51%)]	Loss: 112.349762
[2022-10-20 01:45:35] PRINT Train Epoch: 10 [32000/60000 (53%)]	Loss: 111.860283
[2022-10-20 01:45:35] PRINT Train Epoch: 10 [33280/60000 (55%)]	Loss: 109.559525
[2022-10-20 01:45:35] PRINT Train Epoch: 10 [34560/60000 (58%)]	Loss: 104.607483
[2022-10-20 01:45:35] PRINT Train Epoch: 10 [35840/60000 (60%)]	Loss: 110.070869
[2022-10-20 01:45:35] PRINT Train Epoch: 10 [37120/60000 (62%)]	Loss: 108.290192
[2022-10-20 01:45:35] PRINT Train Epoch: 10 [38400/60000 (64%)]	Loss: 110.859253
[2022-10-20 01:45:35] PRINT Train Epoch: 10 [39680/60000 (66%)]	Loss: 104.816139
[2022-10-20 01:45:35] PRINT Train Epoch: 10 [40960/60000 (68%)]	Loss: 109.453239
[2022-10-20 01:45:35] PRINT Train Epoch: 10 [42240/60000 (70%)]	Loss: 107.042198
[2022-10-20 01:45:36] PRINT Train Epoch: 10 [43520/60000 (72%)]	Loss: 112.062920
[2022-10-20 01:45:36] PRINT Train Epoch: 10 [44800/60000 (75%)]	Loss: 105.213676
[2022-10-20 01:45:36] PRINT Train Epoch: 10 [46080/60000 (77%)]	Loss: 114.511475
[2022-10-20 01:45:36] PRINT Train Epoch: 10 [47360/60000 (79%)]	Loss: 106.461250
[2022-10-20 01:45:36] PRINT Train Epoch: 10 [48640/60000 (81%)]	Loss: 116.186264
[2022-10-20 01:45:36] PRINT Train Epoch: 10 [49920/60000 (83%)]	Loss: 106.403519
[2022-10-20 01:45:36] PRINT Train Epoch: 10 [51200/60000 (85%)]	Loss: 112.974579
[2022-10-20 01:45:36] PRINT Train Epoch: 10 [52480/60000 (87%)]	Loss: 109.352318
[2022-10-20 01:45:36] PRINT Train Epoch: 10 [53760/60000 (90%)]	Loss: 112.956741
[2022-10-20 01:45:36] PRINT Train Epoch: 10 [55040/60000 (92%)]	Loss: 107.897293
[2022-10-20 01:45:36] PRINT Train Epoch: 10 [56320/60000 (94%)]	Loss: 105.121582
[2022-10-20 01:45:36] PRINT Train Epoch: 10 [57600/60000 (96%)]	Loss: 110.323807
[2022-10-20 01:45:37] PRINT Train Epoch: 10 [58880/60000 (98%)]	Loss: 112.338852
[2022-10-20 01:45:37] PRINT ====> Epoch: 10 Average loss: 109.6331
[2022-10-20 01:45:37] PRINT ====> Test set loss: 108.8423
