[2022-10-20 01:28:04] PRINT {'features1': 600, 'features2': 30, 'lr': 0.023484942070221917, 'epsilon': 1e-07}
[2022-10-20 01:28:05] PRINT Using cuda device
[2022-10-20 01:28:06] PRINT Train Epoch: 1 [0/60000 (0%)]	Loss: 547.314331
[2022-10-20 01:28:06] PRINT Train Epoch: 1 [1280/60000 (2%)]	Loss: 244.560959
[2022-10-20 01:28:06] PRINT Train Epoch: 1 [2560/60000 (4%)]	Loss: 217.841324
[2022-10-20 01:28:06] PRINT Train Epoch: 1 [3840/60000 (6%)]	Loss: 210.080643
[2022-10-20 01:28:06] PRINT Train Epoch: 1 [5120/60000 (9%)]	Loss: 208.104706
[2022-10-20 01:28:06] PRINT Train Epoch: 1 [6400/60000 (11%)]	Loss: 202.171844
[2022-10-20 01:28:06] PRINT Train Epoch: 1 [7680/60000 (13%)]	Loss: 208.832504
[2022-10-20 01:28:07] PRINT Train Epoch: 1 [8960/60000 (15%)]	Loss: 197.517426
[2022-10-20 01:28:07] PRINT Train Epoch: 1 [10240/60000 (17%)]	Loss: 202.786865
[2022-10-20 01:28:07] PRINT Train Epoch: 1 [11520/60000 (19%)]	Loss: 203.304825
[2022-10-20 01:28:07] PRINT Train Epoch: 1 [12800/60000 (21%)]	Loss: 199.903320
[2022-10-20 01:28:07] PRINT Train Epoch: 1 [14080/60000 (23%)]	Loss: 196.871353
[2022-10-20 01:28:07] PRINT Train Epoch: 1 [15360/60000 (26%)]	Loss: 192.752747
[2022-10-20 01:28:07] PRINT Train Epoch: 1 [16640/60000 (28%)]	Loss: 200.648590
[2022-10-20 01:28:07] PRINT Train Epoch: 1 [17920/60000 (30%)]	Loss: 199.185440
[2022-10-20 01:28:07] PRINT Train Epoch: 1 [19200/60000 (32%)]	Loss: 192.036438
[2022-10-20 01:28:07] PRINT Train Epoch: 1 [20480/60000 (34%)]	Loss: 204.763214
[2022-10-20 01:28:07] PRINT Train Epoch: 1 [21760/60000 (36%)]	Loss: 190.720352
[2022-10-20 01:28:07] PRINT Train Epoch: 1 [23040/60000 (38%)]	Loss: 191.764130
[2022-10-20 01:28:08] PRINT Train Epoch: 1 [24320/60000 (41%)]	Loss: 191.789490
[2022-10-20 01:28:08] PRINT Train Epoch: 1 [25600/60000 (43%)]	Loss: 201.416840
[2022-10-20 01:28:08] PRINT Train Epoch: 1 [26880/60000 (45%)]	Loss: 188.350464
[2022-10-20 01:28:08] PRINT Train Epoch: 1 [28160/60000 (47%)]	Loss: 197.422058
[2022-10-20 01:28:08] PRINT Train Epoch: 1 [29440/60000 (49%)]	Loss: 182.064804
[2022-10-20 01:28:08] PRINT Train Epoch: 1 [30720/60000 (51%)]	Loss: 195.846176
[2022-10-20 01:28:08] PRINT Train Epoch: 1 [32000/60000 (53%)]	Loss: 190.579163
[2022-10-20 01:28:08] PRINT Train Epoch: 1 [33280/60000 (55%)]	Loss: 199.868362
[2022-10-20 01:28:08] PRINT Train Epoch: 1 [34560/60000 (58%)]	Loss: 195.779266
[2022-10-20 01:28:08] PRINT Train Epoch: 1 [35840/60000 (60%)]	Loss: 187.822083
[2022-10-20 01:28:09] PRINT Train Epoch: 1 [37120/60000 (62%)]	Loss: 183.803864
[2022-10-20 01:28:09] PRINT Train Epoch: 1 [38400/60000 (64%)]	Loss: 186.432617
[2022-10-20 01:28:09] PRINT Train Epoch: 1 [39680/60000 (66%)]	Loss: 193.223145
[2022-10-20 01:28:09] PRINT Train Epoch: 1 [40960/60000 (68%)]	Loss: 192.284286
[2022-10-20 01:28:09] PRINT Train Epoch: 1 [42240/60000 (70%)]	Loss: 188.488800
[2022-10-20 01:28:09] PRINT Train Epoch: 1 [43520/60000 (72%)]	Loss: 196.896347
[2022-10-20 01:28:09] PRINT Train Epoch: 1 [44800/60000 (75%)]	Loss: 194.993271
[2022-10-20 01:28:09] PRINT Train Epoch: 1 [46080/60000 (77%)]	Loss: 192.657181
[2022-10-20 01:28:09] PRINT Train Epoch: 1 [47360/60000 (79%)]	Loss: 187.083786
[2022-10-20 01:28:09] PRINT Train Epoch: 1 [48640/60000 (81%)]	Loss: 187.891647
[2022-10-20 01:28:09] PRINT Train Epoch: 1 [49920/60000 (83%)]	Loss: 196.932983
[2022-10-20 01:28:09] PRINT Train Epoch: 1 [51200/60000 (85%)]	Loss: 186.759369
[2022-10-20 01:28:10] PRINT Train Epoch: 1 [52480/60000 (87%)]	Loss: 198.030640
[2022-10-20 01:28:10] PRINT Train Epoch: 1 [53760/60000 (90%)]	Loss: 185.810165
[2022-10-20 01:28:10] PRINT Train Epoch: 1 [55040/60000 (92%)]	Loss: 182.898697
[2022-10-20 01:28:10] PRINT Train Epoch: 1 [56320/60000 (94%)]	Loss: 183.412048
[2022-10-20 01:28:10] PRINT Train Epoch: 1 [57600/60000 (96%)]	Loss: 192.576279
[2022-10-20 01:28:10] PRINT Train Epoch: 1 [58880/60000 (98%)]	Loss: 188.543701
[2022-10-20 01:28:10] PRINT ====> Epoch: 1 Average loss: 211.5123
[2022-10-20 01:28:11] PRINT ====> Test set loss: 189.7421
[2022-10-20 01:28:11] PRINT Train Epoch: 2 [0/60000 (0%)]	Loss: 184.177429
[2022-10-20 01:28:11] PRINT Train Epoch: 2 [1280/60000 (2%)]	Loss: 193.187729
[2022-10-20 01:28:11] PRINT Train Epoch: 2 [2560/60000 (4%)]	Loss: 191.458649
[2022-10-20 01:28:11] PRINT Train Epoch: 2 [3840/60000 (6%)]	Loss: 197.268661
[2022-10-20 01:28:11] PRINT Train Epoch: 2 [5120/60000 (9%)]	Loss: 184.444046
[2022-10-20 01:28:11] PRINT Train Epoch: 2 [6400/60000 (11%)]	Loss: 190.118454
[2022-10-20 01:28:11] PRINT Train Epoch: 2 [7680/60000 (13%)]	Loss: 190.054626
[2022-10-20 01:28:11] PRINT Train Epoch: 2 [8960/60000 (15%)]	Loss: 185.575027
[2022-10-20 01:28:12] PRINT Train Epoch: 2 [10240/60000 (17%)]	Loss: 191.108948
[2022-10-20 01:28:12] PRINT Train Epoch: 2 [11520/60000 (19%)]	Loss: 191.971436
[2022-10-20 01:28:12] PRINT Train Epoch: 2 [12800/60000 (21%)]	Loss: 197.354782
[2022-10-20 01:28:12] PRINT Train Epoch: 2 [14080/60000 (23%)]	Loss: 185.945587
[2022-10-20 01:28:12] PRINT Train Epoch: 2 [15360/60000 (26%)]	Loss: 195.874420
[2022-10-20 01:28:12] PRINT Train Epoch: 2 [16640/60000 (28%)]	Loss: 193.734772
[2022-10-20 01:28:12] PRINT Train Epoch: 2 [17920/60000 (30%)]	Loss: 183.343292
[2022-10-20 01:28:12] PRINT Train Epoch: 2 [19200/60000 (32%)]	Loss: 190.871704
[2022-10-20 01:28:12] PRINT Train Epoch: 2 [20480/60000 (34%)]	Loss: 191.399002
[2022-10-20 01:28:12] PRINT Train Epoch: 2 [21760/60000 (36%)]	Loss: 190.097458
[2022-10-20 01:28:12] PRINT Train Epoch: 2 [23040/60000 (38%)]	Loss: 192.836319
[2022-10-20 01:28:13] PRINT Train Epoch: 2 [24320/60000 (41%)]	Loss: 189.408508
[2022-10-20 01:28:13] PRINT Train Epoch: 2 [25600/60000 (43%)]	Loss: 196.219711
[2022-10-20 01:28:13] PRINT Train Epoch: 2 [26880/60000 (45%)]	Loss: 191.197708
[2022-10-20 01:28:13] PRINT Train Epoch: 2 [28160/60000 (47%)]	Loss: 192.014359
[2022-10-20 01:28:13] PRINT Train Epoch: 2 [29440/60000 (49%)]	Loss: 189.467987
[2022-10-20 01:28:13] PRINT Train Epoch: 2 [30720/60000 (51%)]	Loss: 189.041046
[2022-10-20 01:28:13] PRINT Train Epoch: 2 [32000/60000 (53%)]	Loss: 191.395401
[2022-10-20 01:28:13] PRINT Train Epoch: 2 [33280/60000 (55%)]	Loss: 184.109589
[2022-10-20 01:28:13] PRINT Train Epoch: 2 [34560/60000 (58%)]	Loss: 187.361694
[2022-10-20 01:28:13] PRINT Train Epoch: 2 [35840/60000 (60%)]	Loss: 191.950012
[2022-10-20 01:28:13] PRINT Train Epoch: 2 [37120/60000 (62%)]	Loss: 184.219711
[2022-10-20 01:28:14] PRINT Train Epoch: 2 [38400/60000 (64%)]	Loss: 190.630051
[2022-10-20 01:28:14] PRINT Train Epoch: 2 [39680/60000 (66%)]	Loss: 189.778900
[2022-10-20 01:28:14] PRINT Train Epoch: 2 [40960/60000 (68%)]	Loss: 191.169296
[2022-10-20 01:28:14] PRINT Train Epoch: 2 [42240/60000 (70%)]	Loss: 191.272873
[2022-10-20 01:28:14] PRINT Train Epoch: 2 [43520/60000 (72%)]	Loss: 191.296402
[2022-10-20 01:28:14] PRINT Train Epoch: 2 [44800/60000 (75%)]	Loss: 197.995224
[2022-10-20 01:28:14] PRINT Train Epoch: 2 [46080/60000 (77%)]	Loss: 188.792694
[2022-10-20 01:28:14] PRINT Train Epoch: 2 [47360/60000 (79%)]	Loss: 193.324203
[2022-10-20 01:28:14] PRINT Train Epoch: 2 [48640/60000 (81%)]	Loss: 189.259308
[2022-10-20 01:28:14] PRINT Train Epoch: 2 [49920/60000 (83%)]	Loss: 186.423981
[2022-10-20 01:28:14] PRINT Train Epoch: 2 [51200/60000 (85%)]	Loss: 183.369095
[2022-10-20 01:28:15] PRINT Train Epoch: 2 [52480/60000 (87%)]	Loss: 192.451340
[2022-10-20 01:28:15] PRINT Train Epoch: 2 [53760/60000 (90%)]	Loss: 194.059860
[2022-10-20 01:28:15] PRINT Train Epoch: 2 [55040/60000 (92%)]	Loss: 191.808594
[2022-10-20 01:28:15] PRINT Train Epoch: 2 [56320/60000 (94%)]	Loss: 194.449936
[2022-10-20 01:28:15] PRINT Train Epoch: 2 [57600/60000 (96%)]	Loss: 190.922760
[2022-10-20 01:28:15] PRINT Train Epoch: 2 [58880/60000 (98%)]	Loss: 192.909546
[2022-10-20 01:28:15] PRINT ====> Epoch: 2 Average loss: 190.2622
[2022-10-20 01:28:16] PRINT ====> Test set loss: 188.3050
[2022-10-20 01:28:16] PRINT Train Epoch: 3 [0/60000 (0%)]	Loss: 186.806870
[2022-10-20 01:28:16] PRINT Train Epoch: 3 [1280/60000 (2%)]	Loss: 183.410812
[2022-10-20 01:28:16] PRINT Train Epoch: 3 [2560/60000 (4%)]	Loss: 190.364105
[2022-10-20 01:28:16] PRINT Train Epoch: 3 [3840/60000 (6%)]	Loss: 189.169891
[2022-10-20 01:28:16] PRINT Train Epoch: 3 [5120/60000 (9%)]	Loss: 187.490982
[2022-10-20 01:28:16] PRINT Train Epoch: 3 [6400/60000 (11%)]	Loss: 192.631760
[2022-10-20 01:28:16] PRINT Train Epoch: 3 [7680/60000 (13%)]	Loss: 187.800262
[2022-10-20 01:28:16] PRINT Train Epoch: 3 [8960/60000 (15%)]	Loss: 191.873047
[2022-10-20 01:28:17] PRINT Train Epoch: 3 [10240/60000 (17%)]	Loss: 186.887360
[2022-10-20 01:28:17] PRINT Train Epoch: 3 [11520/60000 (19%)]	Loss: 193.613251
[2022-10-20 01:28:17] PRINT Train Epoch: 3 [12800/60000 (21%)]	Loss: 187.784821
[2022-10-20 01:28:17] PRINT Train Epoch: 3 [14080/60000 (23%)]	Loss: 185.332275
[2022-10-20 01:28:17] PRINT Train Epoch: 3 [15360/60000 (26%)]	Loss: 188.935410
[2022-10-20 01:28:17] PRINT Train Epoch: 3 [16640/60000 (28%)]	Loss: 177.723846
[2022-10-20 01:28:17] PRINT Train Epoch: 3 [17920/60000 (30%)]	Loss: 177.977127
[2022-10-20 01:28:17] PRINT Train Epoch: 3 [19200/60000 (32%)]	Loss: 185.805588
[2022-10-20 01:28:17] PRINT Train Epoch: 3 [20480/60000 (34%)]	Loss: 188.196228
[2022-10-20 01:28:17] PRINT Train Epoch: 3 [21760/60000 (36%)]	Loss: 188.463104
[2022-10-20 01:28:17] PRINT Train Epoch: 3 [23040/60000 (38%)]	Loss: 184.037384
[2022-10-20 01:28:18] PRINT Train Epoch: 3 [24320/60000 (41%)]	Loss: 197.343811
[2022-10-20 01:28:18] PRINT Train Epoch: 3 [25600/60000 (43%)]	Loss: 194.966873
[2022-10-20 01:28:18] PRINT Train Epoch: 3 [26880/60000 (45%)]	Loss: 188.838181
[2022-10-20 01:28:18] PRINT Train Epoch: 3 [28160/60000 (47%)]	Loss: 186.708191
[2022-10-20 01:28:18] PRINT Train Epoch: 3 [29440/60000 (49%)]	Loss: 186.060135
[2022-10-20 01:28:18] PRINT Train Epoch: 3 [30720/60000 (51%)]	Loss: 188.847244
[2022-10-20 01:28:18] PRINT Train Epoch: 3 [32000/60000 (53%)]	Loss: 183.953781
[2022-10-20 01:28:18] PRINT Train Epoch: 3 [33280/60000 (55%)]	Loss: 190.962372
[2022-10-20 01:28:18] PRINT Train Epoch: 3 [34560/60000 (58%)]	Loss: 187.020325
[2022-10-20 01:28:18] PRINT Train Epoch: 3 [35840/60000 (60%)]	Loss: 192.478470
[2022-10-20 01:28:18] PRINT Train Epoch: 3 [37120/60000 (62%)]	Loss: 195.910614
[2022-10-20 01:28:19] PRINT Train Epoch: 3 [38400/60000 (64%)]	Loss: 187.509155
[2022-10-20 01:28:19] PRINT Train Epoch: 3 [39680/60000 (66%)]	Loss: 179.335114
[2022-10-20 01:28:19] PRINT Train Epoch: 3 [40960/60000 (68%)]	Loss: 184.667007
[2022-10-20 01:28:19] PRINT Train Epoch: 3 [42240/60000 (70%)]	Loss: 186.785095
[2022-10-20 01:28:19] PRINT Train Epoch: 3 [43520/60000 (72%)]	Loss: 185.308365
[2022-10-20 01:28:19] PRINT Train Epoch: 3 [44800/60000 (75%)]	Loss: 184.274048
[2022-10-20 01:28:19] PRINT Train Epoch: 3 [46080/60000 (77%)]	Loss: 181.630707
[2022-10-20 01:28:19] PRINT Train Epoch: 3 [47360/60000 (79%)]	Loss: 192.778748
[2022-10-20 01:28:19] PRINT Train Epoch: 3 [48640/60000 (81%)]	Loss: 185.069427
[2022-10-20 01:28:19] PRINT Train Epoch: 3 [49920/60000 (83%)]	Loss: 191.239243
[2022-10-20 01:28:19] PRINT Train Epoch: 3 [51200/60000 (85%)]	Loss: 194.711899
[2022-10-20 01:28:19] PRINT Train Epoch: 3 [52480/60000 (87%)]	Loss: 191.739334
[2022-10-20 01:28:19] PRINT Train Epoch: 3 [53760/60000 (90%)]	Loss: 184.858383
[2022-10-20 01:28:20] PRINT Train Epoch: 3 [55040/60000 (92%)]	Loss: 195.319504
[2022-10-20 01:28:20] PRINT Train Epoch: 3 [56320/60000 (94%)]	Loss: 192.527161
[2022-10-20 01:28:20] PRINT Train Epoch: 3 [57600/60000 (96%)]	Loss: 187.383682
[2022-10-20 01:28:20] PRINT Train Epoch: 3 [58880/60000 (98%)]	Loss: 189.946594
[2022-10-20 01:28:20] PRINT ====> Epoch: 3 Average loss: 189.2465
[2022-10-20 01:28:21] PRINT ====> Test set loss: 191.4681
[2022-10-20 01:28:21] PRINT Train Epoch: 4 [0/60000 (0%)]	Loss: 190.909302
[2022-10-20 01:28:21] PRINT Train Epoch: 4 [1280/60000 (2%)]	Loss: 190.577515
[2022-10-20 01:28:21] PRINT Train Epoch: 4 [2560/60000 (4%)]	Loss: 191.635742
[2022-10-20 01:28:21] PRINT Train Epoch: 4 [3840/60000 (6%)]	Loss: 193.278336
[2022-10-20 01:28:21] PRINT Train Epoch: 4 [5120/60000 (9%)]	Loss: 186.320312
[2022-10-20 01:28:21] PRINT Train Epoch: 4 [6400/60000 (11%)]	Loss: 182.965973
[2022-10-20 01:28:21] PRINT Train Epoch: 4 [7680/60000 (13%)]	Loss: 190.009140
[2022-10-20 01:28:21] PRINT Train Epoch: 4 [8960/60000 (15%)]	Loss: 181.269699
[2022-10-20 01:28:21] PRINT Train Epoch: 4 [10240/60000 (17%)]	Loss: 181.808746
[2022-10-20 01:28:21] PRINT Train Epoch: 4 [11520/60000 (19%)]	Loss: 196.559387
[2022-10-20 01:28:22] PRINT Train Epoch: 4 [12800/60000 (21%)]	Loss: 191.894547
[2022-10-20 01:28:22] PRINT Train Epoch: 4 [14080/60000 (23%)]	Loss: 192.227249
[2022-10-20 01:28:22] PRINT Train Epoch: 4 [15360/60000 (26%)]	Loss: 196.444366
[2022-10-20 01:28:22] PRINT Train Epoch: 4 [16640/60000 (28%)]	Loss: 195.082092
[2022-10-20 01:28:22] PRINT Train Epoch: 4 [17920/60000 (30%)]	Loss: 183.643539
[2022-10-20 01:28:22] PRINT Train Epoch: 4 [19200/60000 (32%)]	Loss: 202.717377
[2022-10-20 01:28:22] PRINT Train Epoch: 4 [20480/60000 (34%)]	Loss: 190.216583
[2022-10-20 01:28:22] PRINT Train Epoch: 4 [21760/60000 (36%)]	Loss: 191.838242
[2022-10-20 01:28:22] PRINT Train Epoch: 4 [23040/60000 (38%)]	Loss: 195.076279
[2022-10-20 01:28:22] PRINT Train Epoch: 4 [24320/60000 (41%)]	Loss: 189.634399
[2022-10-20 01:28:22] PRINT Train Epoch: 4 [25600/60000 (43%)]	Loss: 188.027557
[2022-10-20 01:28:23] PRINT Train Epoch: 4 [26880/60000 (45%)]	Loss: 180.175613
[2022-10-20 01:28:23] PRINT Train Epoch: 4 [28160/60000 (47%)]	Loss: 189.632996
[2022-10-20 01:28:23] PRINT Train Epoch: 4 [29440/60000 (49%)]	Loss: 189.312637
[2022-10-20 01:28:23] PRINT Train Epoch: 4 [30720/60000 (51%)]	Loss: 188.471451
[2022-10-20 01:28:23] PRINT Train Epoch: 4 [32000/60000 (53%)]	Loss: 196.082367
[2022-10-20 01:28:23] PRINT Train Epoch: 4 [33280/60000 (55%)]	Loss: 193.926010
[2022-10-20 01:28:23] PRINT Train Epoch: 4 [34560/60000 (58%)]	Loss: 187.149841
[2022-10-20 01:28:23] PRINT Train Epoch: 4 [35840/60000 (60%)]	Loss: 187.329956
[2022-10-20 01:28:23] PRINT Train Epoch: 4 [37120/60000 (62%)]	Loss: 188.039185
[2022-10-20 01:28:23] PRINT Train Epoch: 4 [38400/60000 (64%)]	Loss: 189.691940
[2022-10-20 01:28:23] PRINT Train Epoch: 4 [39680/60000 (66%)]	Loss: 187.445526
[2022-10-20 01:28:24] PRINT Train Epoch: 4 [40960/60000 (68%)]	Loss: 190.508179
[2022-10-20 01:28:24] PRINT Train Epoch: 4 [42240/60000 (70%)]	Loss: 192.669724
[2022-10-20 01:28:24] PRINT Train Epoch: 4 [43520/60000 (72%)]	Loss: 189.486816
[2022-10-20 01:28:24] PRINT Train Epoch: 4 [44800/60000 (75%)]	Loss: 188.444107
[2022-10-20 01:28:24] PRINT Train Epoch: 4 [46080/60000 (77%)]	Loss: 184.873947
[2022-10-20 01:28:24] PRINT Train Epoch: 4 [47360/60000 (79%)]	Loss: 194.252792
[2022-10-20 01:28:24] PRINT Train Epoch: 4 [48640/60000 (81%)]	Loss: 190.025787
[2022-10-20 01:28:24] PRINT Train Epoch: 4 [49920/60000 (83%)]	Loss: 195.082001
[2022-10-20 01:28:24] PRINT Train Epoch: 4 [51200/60000 (85%)]	Loss: 184.220718
[2022-10-20 01:28:24] PRINT Train Epoch: 4 [52480/60000 (87%)]	Loss: 185.896729
[2022-10-20 01:28:24] PRINT Train Epoch: 4 [53760/60000 (90%)]	Loss: 196.882446
[2022-10-20 01:28:24] PRINT Train Epoch: 4 [55040/60000 (92%)]	Loss: 189.759293
[2022-10-20 01:28:25] PRINT Train Epoch: 4 [56320/60000 (94%)]	Loss: 187.826187
[2022-10-20 01:28:25] PRINT Train Epoch: 4 [57600/60000 (96%)]	Loss: 177.757477
[2022-10-20 01:28:25] PRINT Train Epoch: 4 [58880/60000 (98%)]	Loss: 191.904358
[2022-10-20 01:28:25] PRINT ====> Epoch: 4 Average loss: 189.2189
[2022-10-20 01:28:26] PRINT ====> Test set loss: 191.2488
[2022-10-20 01:28:26] PRINT Train Epoch: 5 [0/60000 (0%)]	Loss: 179.506073
[2022-10-20 01:28:26] PRINT Train Epoch: 5 [1280/60000 (2%)]	Loss: 187.222290
[2022-10-20 01:28:26] PRINT Train Epoch: 5 [2560/60000 (4%)]	Loss: 192.981354
[2022-10-20 01:28:26] PRINT Train Epoch: 5 [3840/60000 (6%)]	Loss: 184.080505
[2022-10-20 01:28:26] PRINT Train Epoch: 5 [5120/60000 (9%)]	Loss: 182.756958
[2022-10-20 01:28:26] PRINT Train Epoch: 5 [6400/60000 (11%)]	Loss: 187.000916
[2022-10-20 01:28:26] PRINT Train Epoch: 5 [7680/60000 (13%)]	Loss: 188.648773
[2022-10-20 01:28:26] PRINT Train Epoch: 5 [8960/60000 (15%)]	Loss: 183.434433
[2022-10-20 01:28:26] PRINT Train Epoch: 5 [10240/60000 (17%)]	Loss: 190.312820
[2022-10-20 01:28:26] PRINT Train Epoch: 5 [11520/60000 (19%)]	Loss: 193.368347
[2022-10-20 01:28:26] PRINT Train Epoch: 5 [12800/60000 (21%)]	Loss: 190.361313
[2022-10-20 01:28:27] PRINT Train Epoch: 5 [14080/60000 (23%)]	Loss: 184.621826
[2022-10-20 01:28:27] PRINT Train Epoch: 5 [15360/60000 (26%)]	Loss: 185.052872
[2022-10-20 01:28:27] PRINT Train Epoch: 5 [16640/60000 (28%)]	Loss: 182.732559
[2022-10-20 01:28:27] PRINT Train Epoch: 5 [17920/60000 (30%)]	Loss: 186.563385
[2022-10-20 01:28:27] PRINT Train Epoch: 5 [19200/60000 (32%)]	Loss: 178.366379
[2022-10-20 01:28:27] PRINT Train Epoch: 5 [20480/60000 (34%)]	Loss: 194.188950
[2022-10-20 01:28:27] PRINT Train Epoch: 5 [21760/60000 (36%)]	Loss: 182.875244
[2022-10-20 01:28:27] PRINT Train Epoch: 5 [23040/60000 (38%)]	Loss: 192.178513
[2022-10-20 01:28:27] PRINT Train Epoch: 5 [24320/60000 (41%)]	Loss: 188.135727
[2022-10-20 01:28:27] PRINT Train Epoch: 5 [25600/60000 (43%)]	Loss: 189.356018
[2022-10-20 01:28:27] PRINT Train Epoch: 5 [26880/60000 (45%)]	Loss: 188.309692
[2022-10-20 01:28:28] PRINT Train Epoch: 5 [28160/60000 (47%)]	Loss: 185.641357
[2022-10-20 01:28:28] PRINT Train Epoch: 5 [29440/60000 (49%)]	Loss: 180.872864
[2022-10-20 01:28:28] PRINT Train Epoch: 5 [30720/60000 (51%)]	Loss: 187.810608
[2022-10-20 01:28:28] PRINT Train Epoch: 5 [32000/60000 (53%)]	Loss: 196.903641
[2022-10-20 01:28:28] PRINT Train Epoch: 5 [33280/60000 (55%)]	Loss: 193.795258
[2022-10-20 01:28:28] PRINT Train Epoch: 5 [34560/60000 (58%)]	Loss: 189.290802
[2022-10-20 01:28:28] PRINT Train Epoch: 5 [35840/60000 (60%)]	Loss: 192.014191
[2022-10-20 01:28:28] PRINT Train Epoch: 5 [37120/60000 (62%)]	Loss: 196.253555
[2022-10-20 01:28:28] PRINT Train Epoch: 5 [38400/60000 (64%)]	Loss: 188.773468
[2022-10-20 01:28:28] PRINT Train Epoch: 5 [39680/60000 (66%)]	Loss: 185.725876
[2022-10-20 01:28:28] PRINT Train Epoch: 5 [40960/60000 (68%)]	Loss: 187.131302
[2022-10-20 01:28:28] PRINT Train Epoch: 5 [42240/60000 (70%)]	Loss: 197.392761
[2022-10-20 01:28:29] PRINT Train Epoch: 5 [43520/60000 (72%)]	Loss: 184.476456
[2022-10-20 01:28:29] PRINT Train Epoch: 5 [44800/60000 (75%)]	Loss: 190.855774
[2022-10-20 01:28:29] PRINT Train Epoch: 5 [46080/60000 (77%)]	Loss: 191.362885
[2022-10-20 01:28:29] PRINT Train Epoch: 5 [47360/60000 (79%)]	Loss: 192.807281
[2022-10-20 01:28:29] PRINT Train Epoch: 5 [48640/60000 (81%)]	Loss: 181.377594
[2022-10-20 01:28:29] PRINT Train Epoch: 5 [49920/60000 (83%)]	Loss: 192.419647
[2022-10-20 01:28:29] PRINT Train Epoch: 5 [51200/60000 (85%)]	Loss: 194.461090
[2022-10-20 01:28:29] PRINT Train Epoch: 5 [52480/60000 (87%)]	Loss: 195.797974
[2022-10-20 01:28:29] PRINT Train Epoch: 5 [53760/60000 (90%)]	Loss: 194.303482
[2022-10-20 01:28:29] PRINT Train Epoch: 5 [55040/60000 (92%)]	Loss: 196.846664
[2022-10-20 01:28:29] PRINT Train Epoch: 5 [56320/60000 (94%)]	Loss: 181.634445
[2022-10-20 01:28:30] PRINT Train Epoch: 5 [57600/60000 (96%)]	Loss: 194.863739
[2022-10-20 01:28:30] PRINT Train Epoch: 5 [58880/60000 (98%)]	Loss: 190.060883
[2022-10-20 01:28:30] PRINT ====> Epoch: 5 Average loss: 188.5760
[2022-10-20 01:28:30] PRINT ====> Test set loss: 188.9664
[2022-10-20 01:28:30] PRINT Train Epoch: 6 [0/60000 (0%)]	Loss: 187.595703
[2022-10-20 01:28:30] PRINT Train Epoch: 6 [1280/60000 (2%)]	Loss: 184.457306
[2022-10-20 01:28:31] PRINT Train Epoch: 6 [2560/60000 (4%)]	Loss: 189.633621
[2022-10-20 01:28:31] PRINT Train Epoch: 6 [3840/60000 (6%)]	Loss: 182.442078
[2022-10-20 01:28:31] PRINT Train Epoch: 6 [5120/60000 (9%)]	Loss: 178.862579
[2022-10-20 01:28:31] PRINT Train Epoch: 6 [6400/60000 (11%)]	Loss: 190.585556
[2022-10-20 01:28:31] PRINT Train Epoch: 6 [7680/60000 (13%)]	Loss: 191.496429
[2022-10-20 01:28:31] PRINT Train Epoch: 6 [8960/60000 (15%)]	Loss: 183.981384
[2022-10-20 01:28:31] PRINT Train Epoch: 6 [10240/60000 (17%)]	Loss: 192.727432
[2022-10-20 01:28:31] PRINT Train Epoch: 6 [11520/60000 (19%)]	Loss: 187.537827
[2022-10-20 01:28:31] PRINT Train Epoch: 6 [12800/60000 (21%)]	Loss: 188.160492
[2022-10-20 01:28:31] PRINT Train Epoch: 6 [14080/60000 (23%)]	Loss: 183.539001
[2022-10-20 01:28:32] PRINT Train Epoch: 6 [15360/60000 (26%)]	Loss: 192.267242
[2022-10-20 01:28:32] PRINT Train Epoch: 6 [16640/60000 (28%)]	Loss: 191.134888
[2022-10-20 01:28:32] PRINT Train Epoch: 6 [17920/60000 (30%)]	Loss: 181.358566
[2022-10-20 01:28:32] PRINT Train Epoch: 6 [19200/60000 (32%)]	Loss: 195.368134
[2022-10-20 01:28:32] PRINT Train Epoch: 6 [20480/60000 (34%)]	Loss: 190.621170
[2022-10-20 01:28:32] PRINT Train Epoch: 6 [21760/60000 (36%)]	Loss: 188.929504
[2022-10-20 01:28:32] PRINT Train Epoch: 6 [23040/60000 (38%)]	Loss: 188.043228
[2022-10-20 01:28:32] PRINT Train Epoch: 6 [24320/60000 (41%)]	Loss: 193.584885
[2022-10-20 01:28:32] PRINT Train Epoch: 6 [25600/60000 (43%)]	Loss: 189.089203
[2022-10-20 01:28:32] PRINT Train Epoch: 6 [26880/60000 (45%)]	Loss: 186.186020
[2022-10-20 01:28:32] PRINT Train Epoch: 6 [28160/60000 (47%)]	Loss: 182.551437
[2022-10-20 01:28:32] PRINT Train Epoch: 6 [29440/60000 (49%)]	Loss: 184.228134
[2022-10-20 01:28:33] PRINT Train Epoch: 6 [30720/60000 (51%)]	Loss: 182.329010
[2022-10-20 01:28:33] PRINT Train Epoch: 6 [32000/60000 (53%)]	Loss: 186.390213
[2022-10-20 01:28:33] PRINT Train Epoch: 6 [33280/60000 (55%)]	Loss: 188.349335
[2022-10-20 01:28:33] PRINT Train Epoch: 6 [34560/60000 (58%)]	Loss: 191.412033
[2022-10-20 01:28:33] PRINT Train Epoch: 6 [35840/60000 (60%)]	Loss: 188.991348
[2022-10-20 01:28:33] PRINT Train Epoch: 6 [37120/60000 (62%)]	Loss: 190.083771
[2022-10-20 01:28:33] PRINT Train Epoch: 6 [38400/60000 (64%)]	Loss: 183.587845
[2022-10-20 01:28:33] PRINT Train Epoch: 6 [39680/60000 (66%)]	Loss: 179.429459
[2022-10-20 01:28:33] PRINT Train Epoch: 6 [40960/60000 (68%)]	Loss: 181.117355
[2022-10-20 01:28:33] PRINT Train Epoch: 6 [42240/60000 (70%)]	Loss: 189.231018
[2022-10-20 01:28:33] PRINT Train Epoch: 6 [43520/60000 (72%)]	Loss: 192.033020
[2022-10-20 01:28:34] PRINT Train Epoch: 6 [44800/60000 (75%)]	Loss: 185.762268
[2022-10-20 01:28:34] PRINT Train Epoch: 6 [46080/60000 (77%)]	Loss: 191.108765
[2022-10-20 01:28:34] PRINT Train Epoch: 6 [47360/60000 (79%)]	Loss: 185.674332
[2022-10-20 01:28:34] PRINT Train Epoch: 6 [48640/60000 (81%)]	Loss: 195.560928
[2022-10-20 01:28:34] PRINT Train Epoch: 6 [49920/60000 (83%)]	Loss: 193.437576
[2022-10-20 01:28:34] PRINT Train Epoch: 6 [51200/60000 (85%)]	Loss: 192.148239
[2022-10-20 01:28:34] PRINT Train Epoch: 6 [52480/60000 (87%)]	Loss: 186.756516
[2022-10-20 01:28:34] PRINT Train Epoch: 6 [53760/60000 (90%)]	Loss: 184.344971
[2022-10-20 01:28:34] PRINT Train Epoch: 6 [55040/60000 (92%)]	Loss: 191.607452
[2022-10-20 01:28:34] PRINT Train Epoch: 6 [56320/60000 (94%)]	Loss: 188.205948
[2022-10-20 01:28:34] PRINT Train Epoch: 6 [57600/60000 (96%)]	Loss: 187.424728
[2022-10-20 01:28:35] PRINT Train Epoch: 6 [58880/60000 (98%)]	Loss: 185.707260
[2022-10-20 01:28:35] PRINT ====> Epoch: 6 Average loss: 188.6890
[2022-10-20 01:28:35] PRINT ====> Test set loss: 188.6535
[2022-10-20 01:28:35] PRINT Train Epoch: 7 [0/60000 (0%)]	Loss: 188.202286
[2022-10-20 01:28:35] PRINT Train Epoch: 7 [1280/60000 (2%)]	Loss: 195.167389
[2022-10-20 01:28:36] PRINT Train Epoch: 7 [2560/60000 (4%)]	Loss: 192.249374
[2022-10-20 01:28:36] PRINT Train Epoch: 7 [3840/60000 (6%)]	Loss: 187.691406
[2022-10-20 01:28:36] PRINT Train Epoch: 7 [5120/60000 (9%)]	Loss: 191.042007
[2022-10-20 01:28:36] PRINT Train Epoch: 7 [6400/60000 (11%)]	Loss: 190.302750
[2022-10-20 01:28:36] PRINT Train Epoch: 7 [7680/60000 (13%)]	Loss: 187.972305
[2022-10-20 01:28:36] PRINT Train Epoch: 7 [8960/60000 (15%)]	Loss: 178.792175
[2022-10-20 01:28:36] PRINT Train Epoch: 7 [10240/60000 (17%)]	Loss: 195.162827
[2022-10-20 01:28:36] PRINT Train Epoch: 7 [11520/60000 (19%)]	Loss: 189.104843
[2022-10-20 01:28:36] PRINT Train Epoch: 7 [12800/60000 (21%)]	Loss: 193.257111
[2022-10-20 01:28:36] PRINT Train Epoch: 7 [14080/60000 (23%)]	Loss: 182.653076
[2022-10-20 01:28:36] PRINT Train Epoch: 7 [15360/60000 (26%)]	Loss: 190.876511
[2022-10-20 01:28:37] PRINT Train Epoch: 7 [16640/60000 (28%)]	Loss: 191.424652
[2022-10-20 01:28:37] PRINT Train Epoch: 7 [17920/60000 (30%)]	Loss: 188.072311
[2022-10-20 01:28:37] PRINT Train Epoch: 7 [19200/60000 (32%)]	Loss: 185.340744
[2022-10-20 01:28:37] PRINT Train Epoch: 7 [20480/60000 (34%)]	Loss: 183.675125
[2022-10-20 01:28:37] PRINT Train Epoch: 7 [21760/60000 (36%)]	Loss: 188.112213
[2022-10-20 01:28:37] PRINT Train Epoch: 7 [23040/60000 (38%)]	Loss: 196.568771
[2022-10-20 01:28:37] PRINT Train Epoch: 7 [24320/60000 (41%)]	Loss: 188.282364
[2022-10-20 01:28:37] PRINT Train Epoch: 7 [25600/60000 (43%)]	Loss: 177.765320
[2022-10-20 01:28:37] PRINT Train Epoch: 7 [26880/60000 (45%)]	Loss: 186.348999
[2022-10-20 01:28:37] PRINT Train Epoch: 7 [28160/60000 (47%)]	Loss: 195.430038
[2022-10-20 01:28:37] PRINT Train Epoch: 7 [29440/60000 (49%)]	Loss: 189.849838
[2022-10-20 01:28:37] PRINT Train Epoch: 7 [30720/60000 (51%)]	Loss: 188.895264
[2022-10-20 01:28:38] PRINT Train Epoch: 7 [32000/60000 (53%)]	Loss: 192.615494
[2022-10-20 01:28:38] PRINT Train Epoch: 7 [33280/60000 (55%)]	Loss: 181.374649
[2022-10-20 01:28:38] PRINT Train Epoch: 7 [34560/60000 (58%)]	Loss: 193.054840
[2022-10-20 01:28:38] PRINT Train Epoch: 7 [35840/60000 (60%)]	Loss: 187.578308
[2022-10-20 01:28:38] PRINT Train Epoch: 7 [37120/60000 (62%)]	Loss: 198.193634
[2022-10-20 01:28:38] PRINT Train Epoch: 7 [38400/60000 (64%)]	Loss: 193.869247
[2022-10-20 01:28:38] PRINT Train Epoch: 7 [39680/60000 (66%)]	Loss: 191.010284
[2022-10-20 01:28:38] PRINT Train Epoch: 7 [40960/60000 (68%)]	Loss: 188.067963
[2022-10-20 01:28:38] PRINT Train Epoch: 7 [42240/60000 (70%)]	Loss: 195.374847
[2022-10-20 01:28:38] PRINT Train Epoch: 7 [43520/60000 (72%)]	Loss: 190.986771
[2022-10-20 01:28:38] PRINT Train Epoch: 7 [44800/60000 (75%)]	Loss: 199.799164
[2022-10-20 01:28:39] PRINT Train Epoch: 7 [46080/60000 (77%)]	Loss: 192.820511
[2022-10-20 01:28:39] PRINT Train Epoch: 7 [47360/60000 (79%)]	Loss: 185.655045
[2022-10-20 01:28:39] PRINT Train Epoch: 7 [48640/60000 (81%)]	Loss: 187.679565
[2022-10-20 01:28:39] PRINT Train Epoch: 7 [49920/60000 (83%)]	Loss: 189.438278
[2022-10-20 01:28:39] PRINT Train Epoch: 7 [51200/60000 (85%)]	Loss: 196.295837
[2022-10-20 01:28:39] PRINT Train Epoch: 7 [52480/60000 (87%)]	Loss: 192.454376
[2022-10-20 01:28:39] PRINT Train Epoch: 7 [53760/60000 (90%)]	Loss: 188.287842
[2022-10-20 01:28:39] PRINT Train Epoch: 7 [55040/60000 (92%)]	Loss: 190.899841
[2022-10-20 01:28:39] PRINT Train Epoch: 7 [56320/60000 (94%)]	Loss: 184.692230
[2022-10-20 01:28:39] PRINT Train Epoch: 7 [57600/60000 (96%)]	Loss: 180.154129
[2022-10-20 01:28:39] PRINT Train Epoch: 7 [58880/60000 (98%)]	Loss: 188.141754
[2022-10-20 01:28:39] PRINT ====> Epoch: 7 Average loss: 188.7574
[2022-10-20 01:28:40] PRINT ====> Test set loss: 187.4055
[2022-10-20 01:28:40] PRINT Train Epoch: 8 [0/60000 (0%)]	Loss: 191.050903
[2022-10-20 01:28:40] PRINT Train Epoch: 8 [1280/60000 (2%)]	Loss: 181.509476
[2022-10-20 01:28:40] PRINT Train Epoch: 8 [2560/60000 (4%)]	Loss: 184.528000
[2022-10-20 01:28:41] PRINT Train Epoch: 8 [3840/60000 (6%)]	Loss: 188.297745
[2022-10-20 01:28:41] PRINT Train Epoch: 8 [5120/60000 (9%)]	Loss: 179.762360
[2022-10-20 01:28:41] PRINT Train Epoch: 8 [6400/60000 (11%)]	Loss: 190.043732
[2022-10-20 01:28:41] PRINT Train Epoch: 8 [7680/60000 (13%)]	Loss: 191.083603
[2022-10-20 01:28:41] PRINT Train Epoch: 8 [8960/60000 (15%)]	Loss: 187.457336
[2022-10-20 01:28:41] PRINT Train Epoch: 8 [10240/60000 (17%)]	Loss: 184.927811
[2022-10-20 01:28:41] PRINT Train Epoch: 8 [11520/60000 (19%)]	Loss: 196.391052
[2022-10-20 01:28:41] PRINT Train Epoch: 8 [12800/60000 (21%)]	Loss: 184.636719
[2022-10-20 01:28:41] PRINT Train Epoch: 8 [14080/60000 (23%)]	Loss: 192.123108
[2022-10-20 01:28:41] PRINT Train Epoch: 8 [15360/60000 (26%)]	Loss: 200.055374
[2022-10-20 01:28:41] PRINT Train Epoch: 8 [16640/60000 (28%)]	Loss: 192.862030
[2022-10-20 01:28:42] PRINT Train Epoch: 8 [17920/60000 (30%)]	Loss: 191.815109
[2022-10-20 01:28:42] PRINT Train Epoch: 8 [19200/60000 (32%)]	Loss: 187.261459
[2022-10-20 01:28:42] PRINT Train Epoch: 8 [20480/60000 (34%)]	Loss: 183.701157
[2022-10-20 01:28:42] PRINT Train Epoch: 8 [21760/60000 (36%)]	Loss: 183.121338
[2022-10-20 01:28:42] PRINT Train Epoch: 8 [23040/60000 (38%)]	Loss: 191.198990
[2022-10-20 01:28:42] PRINT Train Epoch: 8 [24320/60000 (41%)]	Loss: 192.246490
[2022-10-20 01:28:42] PRINT Train Epoch: 8 [25600/60000 (43%)]	Loss: 185.577179
[2022-10-20 01:28:42] PRINT Train Epoch: 8 [26880/60000 (45%)]	Loss: 191.209564
[2022-10-20 01:28:42] PRINT Train Epoch: 8 [28160/60000 (47%)]	Loss: 199.253220
[2022-10-20 01:28:42] PRINT Train Epoch: 8 [29440/60000 (49%)]	Loss: 198.351028
[2022-10-20 01:28:42] PRINT Train Epoch: 8 [30720/60000 (51%)]	Loss: 190.540756
[2022-10-20 01:28:42] PRINT Train Epoch: 8 [32000/60000 (53%)]	Loss: 192.673492
[2022-10-20 01:28:43] PRINT Train Epoch: 8 [33280/60000 (55%)]	Loss: 192.196060
[2022-10-20 01:28:43] PRINT Train Epoch: 8 [34560/60000 (58%)]	Loss: 194.645096
[2022-10-20 01:28:43] PRINT Train Epoch: 8 [35840/60000 (60%)]	Loss: 185.300446
[2022-10-20 01:28:43] PRINT Train Epoch: 8 [37120/60000 (62%)]	Loss: 193.366028
[2022-10-20 01:28:43] PRINT Train Epoch: 8 [38400/60000 (64%)]	Loss: 184.608185
[2022-10-20 01:28:43] PRINT Train Epoch: 8 [39680/60000 (66%)]	Loss: 183.321548
[2022-10-20 01:28:43] PRINT Train Epoch: 8 [40960/60000 (68%)]	Loss: 188.168198
[2022-10-20 01:28:43] PRINT Train Epoch: 8 [42240/60000 (70%)]	Loss: 189.036163
[2022-10-20 01:28:43] PRINT Train Epoch: 8 [43520/60000 (72%)]	Loss: 191.079880
[2022-10-20 01:28:43] PRINT Train Epoch: 8 [44800/60000 (75%)]	Loss: 185.424225
[2022-10-20 01:28:43] PRINT Train Epoch: 8 [46080/60000 (77%)]	Loss: 191.737686
[2022-10-20 01:28:43] PRINT Train Epoch: 8 [47360/60000 (79%)]	Loss: 188.770920
[2022-10-20 01:28:44] PRINT Train Epoch: 8 [48640/60000 (81%)]	Loss: 192.547287
[2022-10-20 01:28:44] PRINT Train Epoch: 8 [49920/60000 (83%)]	Loss: 189.586411
[2022-10-20 01:28:44] PRINT Train Epoch: 8 [51200/60000 (85%)]	Loss: 189.784088
[2022-10-20 01:28:44] PRINT Train Epoch: 8 [52480/60000 (87%)]	Loss: 194.563385
[2022-10-20 01:28:44] PRINT Train Epoch: 8 [53760/60000 (90%)]	Loss: 194.553192
[2022-10-20 01:28:44] PRINT Train Epoch: 8 [55040/60000 (92%)]	Loss: 187.873047
[2022-10-20 01:28:44] PRINT Train Epoch: 8 [56320/60000 (94%)]	Loss: 187.205246
[2022-10-20 01:28:44] PRINT Train Epoch: 8 [57600/60000 (96%)]	Loss: 192.258514
[2022-10-20 01:28:44] PRINT Train Epoch: 8 [58880/60000 (98%)]	Loss: 194.763489
[2022-10-20 01:28:44] PRINT ====> Epoch: 8 Average loss: 188.7935
[2022-10-20 01:28:45] PRINT ====> Test set loss: 188.9462
[2022-10-20 01:28:45] PRINT Train Epoch: 9 [0/60000 (0%)]	Loss: 195.064835
[2022-10-20 01:28:45] PRINT Train Epoch: 9 [1280/60000 (2%)]	Loss: 188.202286
[2022-10-20 01:28:45] PRINT Train Epoch: 9 [2560/60000 (4%)]	Loss: 185.681854
[2022-10-20 01:28:45] PRINT Train Epoch: 9 [3840/60000 (6%)]	Loss: 192.354889
[2022-10-20 01:28:45] PRINT Train Epoch: 9 [5120/60000 (9%)]	Loss: 195.094208
[2022-10-20 01:28:45] PRINT Train Epoch: 9 [6400/60000 (11%)]	Loss: 183.460846
[2022-10-20 01:28:46] PRINT Train Epoch: 9 [7680/60000 (13%)]	Loss: 184.523743
[2022-10-20 01:28:46] PRINT Train Epoch: 9 [8960/60000 (15%)]	Loss: 196.015091
[2022-10-20 01:28:46] PRINT Train Epoch: 9 [10240/60000 (17%)]	Loss: 187.824066
[2022-10-20 01:28:46] PRINT Train Epoch: 9 [11520/60000 (19%)]	Loss: 184.001709
[2022-10-20 01:28:46] PRINT Train Epoch: 9 [12800/60000 (21%)]	Loss: 182.513763
[2022-10-20 01:28:46] PRINT Train Epoch: 9 [14080/60000 (23%)]	Loss: 187.888702
[2022-10-20 01:28:46] PRINT Train Epoch: 9 [15360/60000 (26%)]	Loss: 182.148651
[2022-10-20 01:28:46] PRINT Train Epoch: 9 [16640/60000 (28%)]	Loss: 184.002975
[2022-10-20 01:28:46] PRINT Train Epoch: 9 [17920/60000 (30%)]	Loss: 190.121841
[2022-10-20 01:28:46] PRINT Train Epoch: 9 [19200/60000 (32%)]	Loss: 192.229080
[2022-10-20 01:28:46] PRINT Train Epoch: 9 [20480/60000 (34%)]	Loss: 186.223511
[2022-10-20 01:28:47] PRINT Train Epoch: 9 [21760/60000 (36%)]	Loss: 188.580399
[2022-10-20 01:28:47] PRINT Train Epoch: 9 [23040/60000 (38%)]	Loss: 192.022430
[2022-10-20 01:28:47] PRINT Train Epoch: 9 [24320/60000 (41%)]	Loss: 186.426682
[2022-10-20 01:28:47] PRINT Train Epoch: 9 [25600/60000 (43%)]	Loss: 185.292938
[2022-10-20 01:28:47] PRINT Train Epoch: 9 [26880/60000 (45%)]	Loss: 188.557877
[2022-10-20 01:28:47] PRINT Train Epoch: 9 [28160/60000 (47%)]	Loss: 189.993362
[2022-10-20 01:28:47] PRINT Train Epoch: 9 [29440/60000 (49%)]	Loss: 178.888046
[2022-10-20 01:28:47] PRINT Train Epoch: 9 [30720/60000 (51%)]	Loss: 189.771606
[2022-10-20 01:28:47] PRINT Train Epoch: 9 [32000/60000 (53%)]	Loss: 189.693054
[2022-10-20 01:28:47] PRINT Train Epoch: 9 [33280/60000 (55%)]	Loss: 193.642914
[2022-10-20 01:28:47] PRINT Train Epoch: 9 [34560/60000 (58%)]	Loss: 182.799088
[2022-10-20 01:28:48] PRINT Train Epoch: 9 [35840/60000 (60%)]	Loss: 187.663361
[2022-10-20 01:28:48] PRINT Train Epoch: 9 [37120/60000 (62%)]	Loss: 186.729996
[2022-10-20 01:28:48] PRINT Train Epoch: 9 [38400/60000 (64%)]	Loss: 195.446365
[2022-10-20 01:28:48] PRINT Train Epoch: 9 [39680/60000 (66%)]	Loss: 178.102493
[2022-10-20 01:28:48] PRINT Train Epoch: 9 [40960/60000 (68%)]	Loss: 184.081207
[2022-10-20 01:28:48] PRINT Train Epoch: 9 [42240/60000 (70%)]	Loss: 193.095352
[2022-10-20 01:28:48] PRINT Train Epoch: 9 [43520/60000 (72%)]	Loss: 191.072525
[2022-10-20 01:28:48] PRINT Train Epoch: 9 [44800/60000 (75%)]	Loss: 182.142120
[2022-10-20 01:28:48] PRINT Train Epoch: 9 [46080/60000 (77%)]	Loss: 190.804047
[2022-10-20 01:28:48] PRINT Train Epoch: 9 [47360/60000 (79%)]	Loss: 183.712540
[2022-10-20 01:28:48] PRINT Train Epoch: 9 [48640/60000 (81%)]	Loss: 189.464584
[2022-10-20 01:28:49] PRINT Train Epoch: 9 [49920/60000 (83%)]	Loss: 188.020248
[2022-10-20 01:28:49] PRINT Train Epoch: 9 [51200/60000 (85%)]	Loss: 178.974228
[2022-10-20 01:28:49] PRINT Train Epoch: 9 [52480/60000 (87%)]	Loss: 187.481262
[2022-10-20 01:28:49] PRINT Train Epoch: 9 [53760/60000 (90%)]	Loss: 191.741425
[2022-10-20 01:28:49] PRINT Train Epoch: 9 [55040/60000 (92%)]	Loss: 196.340256
[2022-10-20 01:28:49] PRINT Train Epoch: 9 [56320/60000 (94%)]	Loss: 186.811035
[2022-10-20 01:28:49] PRINT Train Epoch: 9 [57600/60000 (96%)]	Loss: 185.909409
[2022-10-20 01:28:49] PRINT Train Epoch: 9 [58880/60000 (98%)]	Loss: 191.298508
[2022-10-20 01:28:49] PRINT ====> Epoch: 9 Average loss: 188.7907
[2022-10-20 01:28:50] PRINT ====> Test set loss: 188.3160
[2022-10-20 01:28:50] PRINT Train Epoch: 10 [0/60000 (0%)]	Loss: 188.177567
[2022-10-20 01:28:50] PRINT Train Epoch: 10 [1280/60000 (2%)]	Loss: 182.763428
[2022-10-20 01:28:50] PRINT Train Epoch: 10 [2560/60000 (4%)]	Loss: 192.707718
[2022-10-20 01:28:50] PRINT Train Epoch: 10 [3840/60000 (6%)]	Loss: 196.981293
[2022-10-20 01:28:50] PRINT Train Epoch: 10 [5120/60000 (9%)]	Loss: 189.432205
[2022-10-20 01:28:50] PRINT Train Epoch: 10 [6400/60000 (11%)]	Loss: 190.686035
[2022-10-20 01:28:50] PRINT Train Epoch: 10 [7680/60000 (13%)]	Loss: 186.773788
[2022-10-20 01:28:51] PRINT Train Epoch: 10 [8960/60000 (15%)]	Loss: 190.890930
[2022-10-20 01:28:51] PRINT Train Epoch: 10 [10240/60000 (17%)]	Loss: 195.016830
[2022-10-20 01:28:51] PRINT Train Epoch: 10 [11520/60000 (19%)]	Loss: 188.393631
[2022-10-20 01:28:51] PRINT Train Epoch: 10 [12800/60000 (21%)]	Loss: 184.801422
[2022-10-20 01:28:51] PRINT Train Epoch: 10 [14080/60000 (23%)]	Loss: 180.163376
[2022-10-20 01:28:51] PRINT Train Epoch: 10 [15360/60000 (26%)]	Loss: 194.453903
[2022-10-20 01:28:51] PRINT Train Epoch: 10 [16640/60000 (28%)]	Loss: 186.469101
[2022-10-20 01:28:51] PRINT Train Epoch: 10 [17920/60000 (30%)]	Loss: 194.635834
[2022-10-20 01:28:51] PRINT Train Epoch: 10 [19200/60000 (32%)]	Loss: 197.877808
[2022-10-20 01:28:51] PRINT Train Epoch: 10 [20480/60000 (34%)]	Loss: 193.978317
[2022-10-20 01:28:51] PRINT Train Epoch: 10 [21760/60000 (36%)]	Loss: 189.652313
[2022-10-20 01:28:51] PRINT Train Epoch: 10 [23040/60000 (38%)]	Loss: 197.348145
[2022-10-20 01:28:52] PRINT Train Epoch: 10 [24320/60000 (41%)]	Loss: 194.053238
[2022-10-20 01:28:52] PRINT Train Epoch: 10 [25600/60000 (43%)]	Loss: 191.308731
[2022-10-20 01:28:52] PRINT Train Epoch: 10 [26880/60000 (45%)]	Loss: 189.757355
[2022-10-20 01:28:52] PRINT Train Epoch: 10 [28160/60000 (47%)]	Loss: 185.776260
[2022-10-20 01:28:52] PRINT Train Epoch: 10 [29440/60000 (49%)]	Loss: 189.410873
[2022-10-20 01:28:52] PRINT Train Epoch: 10 [30720/60000 (51%)]	Loss: 189.222275
[2022-10-20 01:28:52] PRINT Train Epoch: 10 [32000/60000 (53%)]	Loss: 186.877899
[2022-10-20 01:28:52] PRINT Train Epoch: 10 [33280/60000 (55%)]	Loss: 183.274139
[2022-10-20 01:28:52] PRINT Train Epoch: 10 [34560/60000 (58%)]	Loss: 192.859283
[2022-10-20 01:28:52] PRINT Train Epoch: 10 [35840/60000 (60%)]	Loss: 186.161942
[2022-10-20 01:28:52] PRINT Train Epoch: 10 [37120/60000 (62%)]	Loss: 187.622284
[2022-10-20 01:28:52] PRINT Train Epoch: 10 [38400/60000 (64%)]	Loss: 187.417953
[2022-10-20 01:28:53] PRINT Train Epoch: 10 [39680/60000 (66%)]	Loss: 188.039078
[2022-10-20 01:28:53] PRINT Train Epoch: 10 [40960/60000 (68%)]	Loss: 186.215240
[2022-10-20 01:28:53] PRINT Train Epoch: 10 [42240/60000 (70%)]	Loss: 187.482330
[2022-10-20 01:28:53] PRINT Train Epoch: 10 [43520/60000 (72%)]	Loss: 179.721619
[2022-10-20 01:28:53] PRINT Train Epoch: 10 [44800/60000 (75%)]	Loss: 189.418793
[2022-10-20 01:28:53] PRINT Train Epoch: 10 [46080/60000 (77%)]	Loss: 179.340454
[2022-10-20 01:28:53] PRINT Train Epoch: 10 [47360/60000 (79%)]	Loss: 185.780792
[2022-10-20 01:28:53] PRINT Train Epoch: 10 [48640/60000 (81%)]	Loss: 180.751709
[2022-10-20 01:28:53] PRINT Train Epoch: 10 [49920/60000 (83%)]	Loss: 188.695465
[2022-10-20 01:28:53] PRINT Train Epoch: 10 [51200/60000 (85%)]	Loss: 188.029602
[2022-10-20 01:28:53] PRINT Train Epoch: 10 [52480/60000 (87%)]	Loss: 190.844528
[2022-10-20 01:28:54] PRINT Train Epoch: 10 [53760/60000 (90%)]	Loss: 190.809219
[2022-10-20 01:28:54] PRINT Train Epoch: 10 [55040/60000 (92%)]	Loss: 184.682770
[2022-10-20 01:28:54] PRINT Train Epoch: 10 [56320/60000 (94%)]	Loss: 188.634445
[2022-10-20 01:28:54] PRINT Train Epoch: 10 [57600/60000 (96%)]	Loss: 182.765213
[2022-10-20 01:28:54] PRINT Train Epoch: 10 [58880/60000 (98%)]	Loss: 188.933502
[2022-10-20 01:28:54] PRINT ====> Epoch: 10 Average loss: 188.2450
[2022-10-20 01:28:55] PRINT ====> Test set loss: 186.9706
