[2022-10-19 23:16:02] PRINT {'features1': 300, 'features2': 30, 'lr': 0.00038893435097367413, 'epsilon': 1e-06}
[2022-10-19 23:16:02] PRINT Using cuda device
[2022-10-19 23:16:04] PRINT Train Epoch: 1 [0/60000 (0%)]	Loss: 550.495728
[2022-10-19 23:16:04] PRINT Train Epoch: 1 [1280/60000 (2%)]	Loss: 469.901306
[2022-10-19 23:16:04] PRINT Train Epoch: 1 [2560/60000 (4%)]	Loss: 358.427551
[2022-10-19 23:16:04] PRINT Train Epoch: 1 [3840/60000 (6%)]	Loss: 296.283569
[2022-10-19 23:16:04] PRINT Train Epoch: 1 [5120/60000 (9%)]	Loss: 260.124939
[2022-10-19 23:16:05] PRINT Train Epoch: 1 [6400/60000 (11%)]	Loss: 240.699234
[2022-10-19 23:16:05] PRINT Train Epoch: 1 [7680/60000 (13%)]	Loss: 235.649658
[2022-10-19 23:16:05] PRINT Train Epoch: 1 [8960/60000 (15%)]	Loss: 233.847839
[2022-10-19 23:16:05] PRINT Train Epoch: 1 [10240/60000 (17%)]	Loss: 218.171112
[2022-10-19 23:16:05] PRINT Train Epoch: 1 [11520/60000 (19%)]	Loss: 229.227951
[2022-10-19 23:16:05] PRINT Train Epoch: 1 [12800/60000 (21%)]	Loss: 222.551453
[2022-10-19 23:16:05] PRINT Train Epoch: 1 [14080/60000 (23%)]	Loss: 214.494843
[2022-10-19 23:16:05] PRINT Train Epoch: 1 [15360/60000 (26%)]	Loss: 214.551056
[2022-10-19 23:16:05] PRINT Train Epoch: 1 [16640/60000 (28%)]	Loss: 213.147003
[2022-10-19 23:16:05] PRINT Train Epoch: 1 [17920/60000 (30%)]	Loss: 211.313324
[2022-10-19 23:16:06] PRINT Train Epoch: 1 [19200/60000 (32%)]	Loss: 208.411682
[2022-10-19 23:16:06] PRINT Train Epoch: 1 [20480/60000 (34%)]	Loss: 213.501572
[2022-10-19 23:16:06] PRINT Train Epoch: 1 [21760/60000 (36%)]	Loss: 203.184036
[2022-10-19 23:16:06] PRINT Train Epoch: 1 [23040/60000 (38%)]	Loss: 201.983093
[2022-10-19 23:16:06] PRINT Train Epoch: 1 [24320/60000 (41%)]	Loss: 206.678589
[2022-10-19 23:16:06] PRINT Train Epoch: 1 [25600/60000 (43%)]	Loss: 195.379517
[2022-10-19 23:16:06] PRINT Train Epoch: 1 [26880/60000 (45%)]	Loss: 195.041458
[2022-10-19 23:16:06] PRINT Train Epoch: 1 [28160/60000 (47%)]	Loss: 188.390961
[2022-10-19 23:16:06] PRINT Train Epoch: 1 [29440/60000 (49%)]	Loss: 180.611893
[2022-10-19 23:16:06] PRINT Train Epoch: 1 [30720/60000 (51%)]	Loss: 189.091202
[2022-10-19 23:16:07] PRINT Train Epoch: 1 [32000/60000 (53%)]	Loss: 179.487869
[2022-10-19 23:16:07] PRINT Train Epoch: 1 [33280/60000 (55%)]	Loss: 180.149353
[2022-10-19 23:16:07] PRINT Train Epoch: 1 [34560/60000 (58%)]	Loss: 174.774307
[2022-10-19 23:16:07] PRINT Train Epoch: 1 [35840/60000 (60%)]	Loss: 178.032242
[2022-10-19 23:16:07] PRINT Train Epoch: 1 [37120/60000 (62%)]	Loss: 174.281006
[2022-10-19 23:16:07] PRINT Train Epoch: 1 [38400/60000 (64%)]	Loss: 169.625885
[2022-10-19 23:16:07] PRINT Train Epoch: 1 [39680/60000 (66%)]	Loss: 168.208206
[2022-10-19 23:16:07] PRINT Train Epoch: 1 [40960/60000 (68%)]	Loss: 168.747375
[2022-10-19 23:16:07] PRINT Train Epoch: 1 [42240/60000 (70%)]	Loss: 169.995193
[2022-10-19 23:16:07] PRINT Train Epoch: 1 [43520/60000 (72%)]	Loss: 168.934204
[2022-10-19 23:16:08] PRINT Train Epoch: 1 [44800/60000 (75%)]	Loss: 165.652817
[2022-10-19 23:16:08] PRINT Train Epoch: 1 [46080/60000 (77%)]	Loss: 172.515717
[2022-10-19 23:16:08] PRINT Train Epoch: 1 [47360/60000 (79%)]	Loss: 161.192017
[2022-10-19 23:16:08] PRINT Train Epoch: 1 [48640/60000 (81%)]	Loss: 166.608597
[2022-10-19 23:16:08] PRINT Train Epoch: 1 [49920/60000 (83%)]	Loss: 163.584213
[2022-10-19 23:16:08] PRINT Train Epoch: 1 [51200/60000 (85%)]	Loss: 166.162018
[2022-10-19 23:16:08] PRINT Train Epoch: 1 [52480/60000 (87%)]	Loss: 152.484131
[2022-10-19 23:16:08] PRINT Train Epoch: 1 [53760/60000 (90%)]	Loss: 163.342712
[2022-10-19 23:16:08] PRINT Train Epoch: 1 [55040/60000 (92%)]	Loss: 153.923889
[2022-10-19 23:16:09] PRINT Train Epoch: 1 [56320/60000 (94%)]	Loss: 160.328110
[2022-10-19 23:16:09] PRINT Train Epoch: 1 [57600/60000 (96%)]	Loss: 161.272278
[2022-10-19 23:16:09] PRINT Train Epoch: 1 [58880/60000 (98%)]	Loss: 160.113251
[2022-10-19 23:16:09] PRINT ====> Epoch: 1 Average loss: 205.3026
[2022-10-19 23:16:10] PRINT ====> Test set loss: 157.0964
[2022-10-19 23:16:10] PRINT Train Epoch: 2 [0/60000 (0%)]	Loss: 161.128998
[2022-10-19 23:16:10] PRINT Train Epoch: 2 [1280/60000 (2%)]	Loss: 160.661697
[2022-10-19 23:16:10] PRINT Train Epoch: 2 [2560/60000 (4%)]	Loss: 158.061096
[2022-10-19 23:16:10] PRINT Train Epoch: 2 [3840/60000 (6%)]	Loss: 158.775284
[2022-10-19 23:16:10] PRINT Train Epoch: 2 [5120/60000 (9%)]	Loss: 152.487656
[2022-10-19 23:16:10] PRINT Train Epoch: 2 [6400/60000 (11%)]	Loss: 161.888428
[2022-10-19 23:16:10] PRINT Train Epoch: 2 [7680/60000 (13%)]	Loss: 151.212585
[2022-10-19 23:16:11] PRINT Train Epoch: 2 [8960/60000 (15%)]	Loss: 153.659286
[2022-10-19 23:16:11] PRINT Train Epoch: 2 [10240/60000 (17%)]	Loss: 153.959091
[2022-10-19 23:16:11] PRINT Train Epoch: 2 [11520/60000 (19%)]	Loss: 149.946136
[2022-10-19 23:16:11] PRINT Train Epoch: 2 [12800/60000 (21%)]	Loss: 148.678162
[2022-10-19 23:16:11] PRINT Train Epoch: 2 [14080/60000 (23%)]	Loss: 144.788132
[2022-10-19 23:16:11] PRINT Train Epoch: 2 [15360/60000 (26%)]	Loss: 159.060501
[2022-10-19 23:16:11] PRINT Train Epoch: 2 [16640/60000 (28%)]	Loss: 146.633072
[2022-10-19 23:16:11] PRINT Train Epoch: 2 [17920/60000 (30%)]	Loss: 147.850296
[2022-10-19 23:16:11] PRINT Train Epoch: 2 [19200/60000 (32%)]	Loss: 148.450684
[2022-10-19 23:16:11] PRINT Train Epoch: 2 [20480/60000 (34%)]	Loss: 150.876648
[2022-10-19 23:16:12] PRINT Train Epoch: 2 [21760/60000 (36%)]	Loss: 143.397461
[2022-10-19 23:16:12] PRINT Train Epoch: 2 [23040/60000 (38%)]	Loss: 142.993439
[2022-10-19 23:16:12] PRINT Train Epoch: 2 [24320/60000 (41%)]	Loss: 152.210754
[2022-10-19 23:16:12] PRINT Train Epoch: 2 [25600/60000 (43%)]	Loss: 145.188995
[2022-10-19 23:16:12] PRINT Train Epoch: 2 [26880/60000 (45%)]	Loss: 141.743927
[2022-10-19 23:16:12] PRINT Train Epoch: 2 [28160/60000 (47%)]	Loss: 139.486023
[2022-10-19 23:16:12] PRINT Train Epoch: 2 [29440/60000 (49%)]	Loss: 144.104248
[2022-10-19 23:16:12] PRINT Train Epoch: 2 [30720/60000 (51%)]	Loss: 146.959656
[2022-10-19 23:16:12] PRINT Train Epoch: 2 [32000/60000 (53%)]	Loss: 143.604950
[2022-10-19 23:16:13] PRINT Train Epoch: 2 [33280/60000 (55%)]	Loss: 143.849762
[2022-10-19 23:16:13] PRINT Train Epoch: 2 [34560/60000 (58%)]	Loss: 144.394394
[2022-10-19 23:16:13] PRINT Train Epoch: 2 [35840/60000 (60%)]	Loss: 137.916519
[2022-10-19 23:16:13] PRINT Train Epoch: 2 [37120/60000 (62%)]	Loss: 140.583954
[2022-10-19 23:16:13] PRINT Train Epoch: 2 [38400/60000 (64%)]	Loss: 146.154785
[2022-10-19 23:16:13] PRINT Train Epoch: 2 [39680/60000 (66%)]	Loss: 141.261444
[2022-10-19 23:16:13] PRINT Train Epoch: 2 [40960/60000 (68%)]	Loss: 142.722015
[2022-10-19 23:16:13] PRINT Train Epoch: 2 [42240/60000 (70%)]	Loss: 142.386230
[2022-10-19 23:16:13] PRINT Train Epoch: 2 [43520/60000 (72%)]	Loss: 143.573669
[2022-10-19 23:16:13] PRINT Train Epoch: 2 [44800/60000 (75%)]	Loss: 140.247604
[2022-10-19 23:16:14] PRINT Train Epoch: 2 [46080/60000 (77%)]	Loss: 140.799133
[2022-10-19 23:16:14] PRINT Train Epoch: 2 [47360/60000 (79%)]	Loss: 136.614563
[2022-10-19 23:16:14] PRINT Train Epoch: 2 [48640/60000 (81%)]	Loss: 141.473495
[2022-10-19 23:16:14] PRINT Train Epoch: 2 [49920/60000 (83%)]	Loss: 140.087738
[2022-10-19 23:16:14] PRINT Train Epoch: 2 [51200/60000 (85%)]	Loss: 137.884979
[2022-10-19 23:16:14] PRINT Train Epoch: 2 [52480/60000 (87%)]	Loss: 138.626984
[2022-10-19 23:16:14] PRINT Train Epoch: 2 [53760/60000 (90%)]	Loss: 132.082443
[2022-10-19 23:16:14] PRINT Train Epoch: 2 [55040/60000 (92%)]	Loss: 134.781906
[2022-10-19 23:16:14] PRINT Train Epoch: 2 [56320/60000 (94%)]	Loss: 138.200546
[2022-10-19 23:16:15] PRINT Train Epoch: 2 [57600/60000 (96%)]	Loss: 139.090546
[2022-10-19 23:16:15] PRINT Train Epoch: 2 [58880/60000 (98%)]	Loss: 142.596268
[2022-10-19 23:16:15] PRINT ====> Epoch: 2 Average loss: 145.7974
[2022-10-19 23:16:16] PRINT ====> Test set loss: 135.6538
[2022-10-19 23:16:16] PRINT Train Epoch: 3 [0/60000 (0%)]	Loss: 129.211975
[2022-10-19 23:16:16] PRINT Train Epoch: 3 [1280/60000 (2%)]	Loss: 132.042847
[2022-10-19 23:16:16] PRINT Train Epoch: 3 [2560/60000 (4%)]	Loss: 134.281754
[2022-10-19 23:16:16] PRINT Train Epoch: 3 [3840/60000 (6%)]	Loss: 134.881042
[2022-10-19 23:16:16] PRINT Train Epoch: 3 [5120/60000 (9%)]	Loss: 137.795410
[2022-10-19 23:16:16] PRINT Train Epoch: 3 [6400/60000 (11%)]	Loss: 132.840652
[2022-10-19 23:16:16] PRINT Train Epoch: 3 [7680/60000 (13%)]	Loss: 135.751419
[2022-10-19 23:16:16] PRINT Train Epoch: 3 [8960/60000 (15%)]	Loss: 133.584976
[2022-10-19 23:16:17] PRINT Train Epoch: 3 [10240/60000 (17%)]	Loss: 133.686188
[2022-10-19 23:16:17] PRINT Train Epoch: 3 [11520/60000 (19%)]	Loss: 133.448349
[2022-10-19 23:16:17] PRINT Train Epoch: 3 [12800/60000 (21%)]	Loss: 134.386307
[2022-10-19 23:16:17] PRINT Train Epoch: 3 [14080/60000 (23%)]	Loss: 134.838806
[2022-10-19 23:16:17] PRINT Train Epoch: 3 [15360/60000 (26%)]	Loss: 132.835129
[2022-10-19 23:16:17] PRINT Train Epoch: 3 [16640/60000 (28%)]	Loss: 131.367462
[2022-10-19 23:16:17] PRINT Train Epoch: 3 [17920/60000 (30%)]	Loss: 135.168304
[2022-10-19 23:16:17] PRINT Train Epoch: 3 [19200/60000 (32%)]	Loss: 135.391891
[2022-10-19 23:16:17] PRINT Train Epoch: 3 [20480/60000 (34%)]	Loss: 135.125381
[2022-10-19 23:16:17] PRINT Train Epoch: 3 [21760/60000 (36%)]	Loss: 135.667328
[2022-10-19 23:16:18] PRINT Train Epoch: 3 [23040/60000 (38%)]	Loss: 128.512695
[2022-10-19 23:16:18] PRINT Train Epoch: 3 [24320/60000 (41%)]	Loss: 136.166504
[2022-10-19 23:16:18] PRINT Train Epoch: 3 [25600/60000 (43%)]	Loss: 125.903839
[2022-10-19 23:16:18] PRINT Train Epoch: 3 [26880/60000 (45%)]	Loss: 130.328903
[2022-10-19 23:16:18] PRINT Train Epoch: 3 [28160/60000 (47%)]	Loss: 127.841362
[2022-10-19 23:16:18] PRINT Train Epoch: 3 [29440/60000 (49%)]	Loss: 129.608337
[2022-10-19 23:16:18] PRINT Train Epoch: 3 [30720/60000 (51%)]	Loss: 130.039398
[2022-10-19 23:16:18] PRINT Train Epoch: 3 [32000/60000 (53%)]	Loss: 129.360641
[2022-10-19 23:16:18] PRINT Train Epoch: 3 [33280/60000 (55%)]	Loss: 132.510574
[2022-10-19 23:16:19] PRINT Train Epoch: 3 [34560/60000 (58%)]	Loss: 126.853004
[2022-10-19 23:16:19] PRINT Train Epoch: 3 [35840/60000 (60%)]	Loss: 125.077721
[2022-10-19 23:16:19] PRINT Train Epoch: 3 [37120/60000 (62%)]	Loss: 133.509872
[2022-10-19 23:16:19] PRINT Train Epoch: 3 [38400/60000 (64%)]	Loss: 131.173248
[2022-10-19 23:16:19] PRINT Train Epoch: 3 [39680/60000 (66%)]	Loss: 124.292183
[2022-10-19 23:16:19] PRINT Train Epoch: 3 [40960/60000 (68%)]	Loss: 133.955490
[2022-10-19 23:16:19] PRINT Train Epoch: 3 [42240/60000 (70%)]	Loss: 128.798309
[2022-10-19 23:16:19] PRINT Train Epoch: 3 [43520/60000 (72%)]	Loss: 126.721870
[2022-10-19 23:16:19] PRINT Train Epoch: 3 [44800/60000 (75%)]	Loss: 130.912674
[2022-10-19 23:16:20] PRINT Train Epoch: 3 [46080/60000 (77%)]	Loss: 127.413376
[2022-10-19 23:16:20] PRINT Train Epoch: 3 [47360/60000 (79%)]	Loss: 131.714890
[2022-10-19 23:16:20] PRINT Train Epoch: 3 [48640/60000 (81%)]	Loss: 130.232285
[2022-10-19 23:16:20] PRINT Train Epoch: 3 [49920/60000 (83%)]	Loss: 134.039078
[2022-10-19 23:16:20] PRINT Train Epoch: 3 [51200/60000 (85%)]	Loss: 129.632553
[2022-10-19 23:16:20] PRINT Train Epoch: 3 [52480/60000 (87%)]	Loss: 128.506729
[2022-10-19 23:16:20] PRINT Train Epoch: 3 [53760/60000 (90%)]	Loss: 130.225113
[2022-10-19 23:16:20] PRINT Train Epoch: 3 [55040/60000 (92%)]	Loss: 129.505188
[2022-10-19 23:16:20] PRINT Train Epoch: 3 [56320/60000 (94%)]	Loss: 124.987923
[2022-10-19 23:16:21] PRINT Train Epoch: 3 [57600/60000 (96%)]	Loss: 130.658508
[2022-10-19 23:16:21] PRINT Train Epoch: 3 [58880/60000 (98%)]	Loss: 125.679131
[2022-10-19 23:16:21] PRINT ====> Epoch: 3 Average loss: 131.6634
[2022-10-19 23:16:22] PRINT ====> Test set loss: 126.2668
[2022-10-19 23:16:22] PRINT Train Epoch: 4 [0/60000 (0%)]	Loss: 128.749069
[2022-10-19 23:16:22] PRINT Train Epoch: 4 [1280/60000 (2%)]	Loss: 127.515533
[2022-10-19 23:16:22] PRINT Train Epoch: 4 [2560/60000 (4%)]	Loss: 124.807449
[2022-10-19 23:16:22] PRINT Train Epoch: 4 [3840/60000 (6%)]	Loss: 123.620872
[2022-10-19 23:16:22] PRINT Train Epoch: 4 [5120/60000 (9%)]	Loss: 127.608391
[2022-10-19 23:16:22] PRINT Train Epoch: 4 [6400/60000 (11%)]	Loss: 129.102249
[2022-10-19 23:16:22] PRINT Train Epoch: 4 [7680/60000 (13%)]	Loss: 123.507698
[2022-10-19 23:16:22] PRINT Train Epoch: 4 [8960/60000 (15%)]	Loss: 125.064545
[2022-10-19 23:16:22] PRINT Train Epoch: 4 [10240/60000 (17%)]	Loss: 125.012360
[2022-10-19 23:16:23] PRINT Train Epoch: 4 [11520/60000 (19%)]	Loss: 130.871384
[2022-10-19 23:16:23] PRINT Train Epoch: 4 [12800/60000 (21%)]	Loss: 126.369362
[2022-10-19 23:16:23] PRINT Train Epoch: 4 [14080/60000 (23%)]	Loss: 123.318398
[2022-10-19 23:16:23] PRINT Train Epoch: 4 [15360/60000 (26%)]	Loss: 129.385056
[2022-10-19 23:16:23] PRINT Train Epoch: 4 [16640/60000 (28%)]	Loss: 125.808022
[2022-10-19 23:16:23] PRINT Train Epoch: 4 [17920/60000 (30%)]	Loss: 120.075768
[2022-10-19 23:16:23] PRINT Train Epoch: 4 [19200/60000 (32%)]	Loss: 123.920975
[2022-10-19 23:16:23] PRINT Train Epoch: 4 [20480/60000 (34%)]	Loss: 125.226715
[2022-10-19 23:16:23] PRINT Train Epoch: 4 [21760/60000 (36%)]	Loss: 126.485611
[2022-10-19 23:16:24] PRINT Train Epoch: 4 [23040/60000 (38%)]	Loss: 127.358414
[2022-10-19 23:16:24] PRINT Train Epoch: 4 [24320/60000 (41%)]	Loss: 122.142151
[2022-10-19 23:16:24] PRINT Train Epoch: 4 [25600/60000 (43%)]	Loss: 119.640839
[2022-10-19 23:16:24] PRINT Train Epoch: 4 [26880/60000 (45%)]	Loss: 123.917854
[2022-10-19 23:16:24] PRINT Train Epoch: 4 [28160/60000 (47%)]	Loss: 125.861504
[2022-10-19 23:16:24] PRINT Train Epoch: 4 [29440/60000 (49%)]	Loss: 125.193253
[2022-10-19 23:16:24] PRINT Train Epoch: 4 [30720/60000 (51%)]	Loss: 124.699409
[2022-10-19 23:16:24] PRINT Train Epoch: 4 [32000/60000 (53%)]	Loss: 124.829796
[2022-10-19 23:16:24] PRINT Train Epoch: 4 [33280/60000 (55%)]	Loss: 125.016792
[2022-10-19 23:16:25] PRINT Train Epoch: 4 [34560/60000 (58%)]	Loss: 122.171844
[2022-10-19 23:16:25] PRINT Train Epoch: 4 [35840/60000 (60%)]	Loss: 124.567581
[2022-10-19 23:16:25] PRINT Train Epoch: 4 [37120/60000 (62%)]	Loss: 123.884399
[2022-10-19 23:16:25] PRINT Train Epoch: 4 [38400/60000 (64%)]	Loss: 125.778275
[2022-10-19 23:16:25] PRINT Train Epoch: 4 [39680/60000 (66%)]	Loss: 123.024261
[2022-10-19 23:16:25] PRINT Train Epoch: 4 [40960/60000 (68%)]	Loss: 123.670929
[2022-10-19 23:16:25] PRINT Train Epoch: 4 [42240/60000 (70%)]	Loss: 125.164413
[2022-10-19 23:16:25] PRINT Train Epoch: 4 [43520/60000 (72%)]	Loss: 121.204742
[2022-10-19 23:16:25] PRINT Train Epoch: 4 [44800/60000 (75%)]	Loss: 120.870117
[2022-10-19 23:16:25] PRINT Train Epoch: 4 [46080/60000 (77%)]	Loss: 127.449921
[2022-10-19 23:16:26] PRINT Train Epoch: 4 [47360/60000 (79%)]	Loss: 120.405342
[2022-10-19 23:16:26] PRINT Train Epoch: 4 [48640/60000 (81%)]	Loss: 123.989037
[2022-10-19 23:16:26] PRINT Train Epoch: 4 [49920/60000 (83%)]	Loss: 124.372391
[2022-10-19 23:16:26] PRINT Train Epoch: 4 [51200/60000 (85%)]	Loss: 122.650253
[2022-10-19 23:16:26] PRINT Train Epoch: 4 [52480/60000 (87%)]	Loss: 121.966667
[2022-10-19 23:16:26] PRINT Train Epoch: 4 [53760/60000 (90%)]	Loss: 121.559135
[2022-10-19 23:16:26] PRINT Train Epoch: 4 [55040/60000 (92%)]	Loss: 122.393135
[2022-10-19 23:16:26] PRINT Train Epoch: 4 [56320/60000 (94%)]	Loss: 123.276443
[2022-10-19 23:16:26] PRINT Train Epoch: 4 [57600/60000 (96%)]	Loss: 121.759216
[2022-10-19 23:16:27] PRINT Train Epoch: 4 [58880/60000 (98%)]	Loss: 123.892143
[2022-10-19 23:16:27] PRINT ====> Epoch: 4 Average loss: 124.5609
[2022-10-19 23:16:27] PRINT ====> Test set loss: 120.9284
[2022-10-19 23:16:28] PRINT Train Epoch: 5 [0/60000 (0%)]	Loss: 121.420883
[2022-10-19 23:16:28] PRINT Train Epoch: 5 [1280/60000 (2%)]	Loss: 119.107185
[2022-10-19 23:16:28] PRINT Train Epoch: 5 [2560/60000 (4%)]	Loss: 120.925858
[2022-10-19 23:16:28] PRINT Train Epoch: 5 [3840/60000 (6%)]	Loss: 118.386192
[2022-10-19 23:16:28] PRINT Train Epoch: 5 [5120/60000 (9%)]	Loss: 122.630615
[2022-10-19 23:16:28] PRINT Train Epoch: 5 [6400/60000 (11%)]	Loss: 120.630074
[2022-10-19 23:16:28] PRINT Train Epoch: 5 [7680/60000 (13%)]	Loss: 119.819000
[2022-10-19 23:16:28] PRINT Train Epoch: 5 [8960/60000 (15%)]	Loss: 122.944069
[2022-10-19 23:16:28] PRINT Train Epoch: 5 [10240/60000 (17%)]	Loss: 120.510803
[2022-10-19 23:16:28] PRINT Train Epoch: 5 [11520/60000 (19%)]	Loss: 125.259705
[2022-10-19 23:16:29] PRINT Train Epoch: 5 [12800/60000 (21%)]	Loss: 120.358597
[2022-10-19 23:16:29] PRINT Train Epoch: 5 [14080/60000 (23%)]	Loss: 119.346085
[2022-10-19 23:16:29] PRINT Train Epoch: 5 [15360/60000 (26%)]	Loss: 120.097504
[2022-10-19 23:16:29] PRINT Train Epoch: 5 [16640/60000 (28%)]	Loss: 119.271980
[2022-10-19 23:16:29] PRINT Train Epoch: 5 [17920/60000 (30%)]	Loss: 122.415161
[2022-10-19 23:16:29] PRINT Train Epoch: 5 [19200/60000 (32%)]	Loss: 120.397240
[2022-10-19 23:16:29] PRINT Train Epoch: 5 [20480/60000 (34%)]	Loss: 124.598801
[2022-10-19 23:16:29] PRINT Train Epoch: 5 [21760/60000 (36%)]	Loss: 123.442665
[2022-10-19 23:16:29] PRINT Train Epoch: 5 [23040/60000 (38%)]	Loss: 122.653877
[2022-10-19 23:16:30] PRINT Train Epoch: 5 [24320/60000 (41%)]	Loss: 124.952744
[2022-10-19 23:16:30] PRINT Train Epoch: 5 [25600/60000 (43%)]	Loss: 123.582748
[2022-10-19 23:16:30] PRINT Train Epoch: 5 [26880/60000 (45%)]	Loss: 115.831673
[2022-10-19 23:16:30] PRINT Train Epoch: 5 [28160/60000 (47%)]	Loss: 121.275406
[2022-10-19 23:16:30] PRINT Train Epoch: 5 [29440/60000 (49%)]	Loss: 119.460052
[2022-10-19 23:16:30] PRINT Train Epoch: 5 [30720/60000 (51%)]	Loss: 118.977829
[2022-10-19 23:16:30] PRINT Train Epoch: 5 [32000/60000 (53%)]	Loss: 122.355667
[2022-10-19 23:16:30] PRINT Train Epoch: 5 [33280/60000 (55%)]	Loss: 117.971275
[2022-10-19 23:16:30] PRINT Train Epoch: 5 [34560/60000 (58%)]	Loss: 116.712044
[2022-10-19 23:16:31] PRINT Train Epoch: 5 [35840/60000 (60%)]	Loss: 125.058640
[2022-10-19 23:16:31] PRINT Train Epoch: 5 [37120/60000 (62%)]	Loss: 121.490227
[2022-10-19 23:16:31] PRINT Train Epoch: 5 [38400/60000 (64%)]	Loss: 117.094742
[2022-10-19 23:16:31] PRINT Train Epoch: 5 [39680/60000 (66%)]	Loss: 123.257309
[2022-10-19 23:16:31] PRINT Train Epoch: 5 [40960/60000 (68%)]	Loss: 117.876770
[2022-10-19 23:16:31] PRINT Train Epoch: 5 [42240/60000 (70%)]	Loss: 122.570511
[2022-10-19 23:16:31] PRINT Train Epoch: 5 [43520/60000 (72%)]	Loss: 120.767441
[2022-10-19 23:16:31] PRINT Train Epoch: 5 [44800/60000 (75%)]	Loss: 122.440292
[2022-10-19 23:16:31] PRINT Train Epoch: 5 [46080/60000 (77%)]	Loss: 116.890686
[2022-10-19 23:16:31] PRINT Train Epoch: 5 [47360/60000 (79%)]	Loss: 118.239983
[2022-10-19 23:16:32] PRINT Train Epoch: 5 [48640/60000 (81%)]	Loss: 117.474747
[2022-10-19 23:16:32] PRINT Train Epoch: 5 [49920/60000 (83%)]	Loss: 125.227173
[2022-10-19 23:16:32] PRINT Train Epoch: 5 [51200/60000 (85%)]	Loss: 121.316742
[2022-10-19 23:16:32] PRINT Train Epoch: 5 [52480/60000 (87%)]	Loss: 120.882782
[2022-10-19 23:16:32] PRINT Train Epoch: 5 [53760/60000 (90%)]	Loss: 119.500397
[2022-10-19 23:16:32] PRINT Train Epoch: 5 [55040/60000 (92%)]	Loss: 113.993408
[2022-10-19 23:16:32] PRINT Train Epoch: 5 [56320/60000 (94%)]	Loss: 117.759476
[2022-10-19 23:16:32] PRINT Train Epoch: 5 [57600/60000 (96%)]	Loss: 119.238243
[2022-10-19 23:16:32] PRINT Train Epoch: 5 [58880/60000 (98%)]	Loss: 119.963089
[2022-10-19 23:16:32] PRINT ====> Epoch: 5 Average loss: 120.1462
[2022-10-19 23:16:33] PRINT ====> Test set loss: 117.4710
[2022-10-19 23:16:33] PRINT Train Epoch: 6 [0/60000 (0%)]	Loss: 120.148750
[2022-10-19 23:16:34] PRINT Train Epoch: 6 [1280/60000 (2%)]	Loss: 117.178558
[2022-10-19 23:16:34] PRINT Train Epoch: 6 [2560/60000 (4%)]	Loss: 120.169266
[2022-10-19 23:16:34] PRINT Train Epoch: 6 [3840/60000 (6%)]	Loss: 120.961990
[2022-10-19 23:16:34] PRINT Train Epoch: 6 [5120/60000 (9%)]	Loss: 120.362854
[2022-10-19 23:16:34] PRINT Train Epoch: 6 [6400/60000 (11%)]	Loss: 117.949936
[2022-10-19 23:16:34] PRINT Train Epoch: 6 [7680/60000 (13%)]	Loss: 118.505173
[2022-10-19 23:16:34] PRINT Train Epoch: 6 [8960/60000 (15%)]	Loss: 116.968819
[2022-10-19 23:16:34] PRINT Train Epoch: 6 [10240/60000 (17%)]	Loss: 120.668762
[2022-10-19 23:16:34] PRINT Train Epoch: 6 [11520/60000 (19%)]	Loss: 117.654228
[2022-10-19 23:16:34] PRINT Train Epoch: 6 [12800/60000 (21%)]	Loss: 115.497520
[2022-10-19 23:16:35] PRINT Train Epoch: 6 [14080/60000 (23%)]	Loss: 121.275856
[2022-10-19 23:16:35] PRINT Train Epoch: 6 [15360/60000 (26%)]	Loss: 117.399445
[2022-10-19 23:16:35] PRINT Train Epoch: 6 [16640/60000 (28%)]	Loss: 116.425667
[2022-10-19 23:16:35] PRINT Train Epoch: 6 [17920/60000 (30%)]	Loss: 120.540657
[2022-10-19 23:16:35] PRINT Train Epoch: 6 [19200/60000 (32%)]	Loss: 113.186745
[2022-10-19 23:16:35] PRINT Train Epoch: 6 [20480/60000 (34%)]	Loss: 118.777802
[2022-10-19 23:16:35] PRINT Train Epoch: 6 [21760/60000 (36%)]	Loss: 116.335960
[2022-10-19 23:16:35] PRINT Train Epoch: 6 [23040/60000 (38%)]	Loss: 115.767990
[2022-10-19 23:16:35] PRINT Train Epoch: 6 [24320/60000 (41%)]	Loss: 115.423386
[2022-10-19 23:16:35] PRINT Train Epoch: 6 [25600/60000 (43%)]	Loss: 112.456345
[2022-10-19 23:16:36] PRINT Train Epoch: 6 [26880/60000 (45%)]	Loss: 118.271111
[2022-10-19 23:16:36] PRINT Train Epoch: 6 [28160/60000 (47%)]	Loss: 118.351547
[2022-10-19 23:16:36] PRINT Train Epoch: 6 [29440/60000 (49%)]	Loss: 119.190536
[2022-10-19 23:16:36] PRINT Train Epoch: 6 [30720/60000 (51%)]	Loss: 121.350281
[2022-10-19 23:16:36] PRINT Train Epoch: 6 [32000/60000 (53%)]	Loss: 119.467651
[2022-10-19 23:16:36] PRINT Train Epoch: 6 [33280/60000 (55%)]	Loss: 117.670288
[2022-10-19 23:16:36] PRINT Train Epoch: 6 [34560/60000 (58%)]	Loss: 117.706116
[2022-10-19 23:16:36] PRINT Train Epoch: 6 [35840/60000 (60%)]	Loss: 113.054253
[2022-10-19 23:16:36] PRINT Train Epoch: 6 [37120/60000 (62%)]	Loss: 119.678123
[2022-10-19 23:16:36] PRINT Train Epoch: 6 [38400/60000 (64%)]	Loss: 119.357338
[2022-10-19 23:16:37] PRINT Train Epoch: 6 [39680/60000 (66%)]	Loss: 117.923912
[2022-10-19 23:16:37] PRINT Train Epoch: 6 [40960/60000 (68%)]	Loss: 116.583710
[2022-10-19 23:16:37] PRINT Train Epoch: 6 [42240/60000 (70%)]	Loss: 120.663002
[2022-10-19 23:16:37] PRINT Train Epoch: 6 [43520/60000 (72%)]	Loss: 122.706238
[2022-10-19 23:16:37] PRINT Train Epoch: 6 [44800/60000 (75%)]	Loss: 116.948196
[2022-10-19 23:16:37] PRINT Train Epoch: 6 [46080/60000 (77%)]	Loss: 114.081680
[2022-10-19 23:16:37] PRINT Train Epoch: 6 [47360/60000 (79%)]	Loss: 117.149994
[2022-10-19 23:16:37] PRINT Train Epoch: 6 [48640/60000 (81%)]	Loss: 118.314903
[2022-10-19 23:16:37] PRINT Train Epoch: 6 [49920/60000 (83%)]	Loss: 118.312683
[2022-10-19 23:16:38] PRINT Train Epoch: 6 [51200/60000 (85%)]	Loss: 116.736496
[2022-10-19 23:16:38] PRINT Train Epoch: 6 [52480/60000 (87%)]	Loss: 113.031799
[2022-10-19 23:16:38] PRINT Train Epoch: 6 [53760/60000 (90%)]	Loss: 119.358986
[2022-10-19 23:16:38] PRINT Train Epoch: 6 [55040/60000 (92%)]	Loss: 120.119461
[2022-10-19 23:16:38] PRINT Train Epoch: 6 [56320/60000 (94%)]	Loss: 116.752968
[2022-10-19 23:16:38] PRINT Train Epoch: 6 [57600/60000 (96%)]	Loss: 116.440323
[2022-10-19 23:16:38] PRINT Train Epoch: 6 [58880/60000 (98%)]	Loss: 117.029495
[2022-10-19 23:16:38] PRINT ====> Epoch: 6 Average loss: 117.2167
[2022-10-19 23:16:39] PRINT ====> Test set loss: 115.0818
[2022-10-19 23:16:39] PRINT Train Epoch: 7 [0/60000 (0%)]	Loss: 112.370766
[2022-10-19 23:16:39] PRINT Train Epoch: 7 [1280/60000 (2%)]	Loss: 114.752922
[2022-10-19 23:16:39] PRINT Train Epoch: 7 [2560/60000 (4%)]	Loss: 117.059608
[2022-10-19 23:16:40] PRINT Train Epoch: 7 [3840/60000 (6%)]	Loss: 119.203812
[2022-10-19 23:16:40] PRINT Train Epoch: 7 [5120/60000 (9%)]	Loss: 117.449615
[2022-10-19 23:16:40] PRINT Train Epoch: 7 [6400/60000 (11%)]	Loss: 119.555763
[2022-10-19 23:16:40] PRINT Train Epoch: 7 [7680/60000 (13%)]	Loss: 111.471024
[2022-10-19 23:16:40] PRINT Train Epoch: 7 [8960/60000 (15%)]	Loss: 115.520836
[2022-10-19 23:16:40] PRINT Train Epoch: 7 [10240/60000 (17%)]	Loss: 113.226418
[2022-10-19 23:16:40] PRINT Train Epoch: 7 [11520/60000 (19%)]	Loss: 117.502808
[2022-10-19 23:16:40] PRINT Train Epoch: 7 [12800/60000 (21%)]	Loss: 110.702011
[2022-10-19 23:16:40] PRINT Train Epoch: 7 [14080/60000 (23%)]	Loss: 108.880753
[2022-10-19 23:16:40] PRINT Train Epoch: 7 [15360/60000 (26%)]	Loss: 117.269974
[2022-10-19 23:16:41] PRINT Train Epoch: 7 [16640/60000 (28%)]	Loss: 117.400993
[2022-10-19 23:16:41] PRINT Train Epoch: 7 [17920/60000 (30%)]	Loss: 110.752731
[2022-10-19 23:16:41] PRINT Train Epoch: 7 [19200/60000 (32%)]	Loss: 116.821030
[2022-10-19 23:16:41] PRINT Train Epoch: 7 [20480/60000 (34%)]	Loss: 116.040771
[2022-10-19 23:16:41] PRINT Train Epoch: 7 [21760/60000 (36%)]	Loss: 115.851295
[2022-10-19 23:16:41] PRINT Train Epoch: 7 [23040/60000 (38%)]	Loss: 111.036118
[2022-10-19 23:16:41] PRINT Train Epoch: 7 [24320/60000 (41%)]	Loss: 115.831360
[2022-10-19 23:16:41] PRINT Train Epoch: 7 [25600/60000 (43%)]	Loss: 111.495850
[2022-10-19 23:16:41] PRINT Train Epoch: 7 [26880/60000 (45%)]	Loss: 118.312798
[2022-10-19 23:16:41] PRINT Train Epoch: 7 [28160/60000 (47%)]	Loss: 115.370911
[2022-10-19 23:16:42] PRINT Train Epoch: 7 [29440/60000 (49%)]	Loss: 115.309204
[2022-10-19 23:16:42] PRINT Train Epoch: 7 [30720/60000 (51%)]	Loss: 110.149231
[2022-10-19 23:16:42] PRINT Train Epoch: 7 [32000/60000 (53%)]	Loss: 115.839249
[2022-10-19 23:16:42] PRINT Train Epoch: 7 [33280/60000 (55%)]	Loss: 114.785400
[2022-10-19 23:16:42] PRINT Train Epoch: 7 [34560/60000 (58%)]	Loss: 119.424004
[2022-10-19 23:16:42] PRINT Train Epoch: 7 [35840/60000 (60%)]	Loss: 116.133629
[2022-10-19 23:16:42] PRINT Train Epoch: 7 [37120/60000 (62%)]	Loss: 113.011940
[2022-10-19 23:16:42] PRINT Train Epoch: 7 [38400/60000 (64%)]	Loss: 117.218452
[2022-10-19 23:16:42] PRINT Train Epoch: 7 [39680/60000 (66%)]	Loss: 108.982224
[2022-10-19 23:16:43] PRINT Train Epoch: 7 [40960/60000 (68%)]	Loss: 118.340775
[2022-10-19 23:16:43] PRINT Train Epoch: 7 [42240/60000 (70%)]	Loss: 114.797668
[2022-10-19 23:16:43] PRINT Train Epoch: 7 [43520/60000 (72%)]	Loss: 113.967148
[2022-10-19 23:16:43] PRINT Train Epoch: 7 [44800/60000 (75%)]	Loss: 114.273651
[2022-10-19 23:16:43] PRINT Train Epoch: 7 [46080/60000 (77%)]	Loss: 120.248505
[2022-10-19 23:16:43] PRINT Train Epoch: 7 [47360/60000 (79%)]	Loss: 118.055275
[2022-10-19 23:16:43] PRINT Train Epoch: 7 [48640/60000 (81%)]	Loss: 116.308998
[2022-10-19 23:16:43] PRINT Train Epoch: 7 [49920/60000 (83%)]	Loss: 112.128296
[2022-10-19 23:16:43] PRINT Train Epoch: 7 [51200/60000 (85%)]	Loss: 111.118362
[2022-10-19 23:16:43] PRINT Train Epoch: 7 [52480/60000 (87%)]	Loss: 116.297913
[2022-10-19 23:16:44] PRINT Train Epoch: 7 [53760/60000 (90%)]	Loss: 115.139503
[2022-10-19 23:16:44] PRINT Train Epoch: 7 [55040/60000 (92%)]	Loss: 117.421341
[2022-10-19 23:16:44] PRINT Train Epoch: 7 [56320/60000 (94%)]	Loss: 113.271515
[2022-10-19 23:16:44] PRINT Train Epoch: 7 [57600/60000 (96%)]	Loss: 112.037415
[2022-10-19 23:16:44] PRINT Train Epoch: 7 [58880/60000 (98%)]	Loss: 110.363113
[2022-10-19 23:16:44] PRINT ====> Epoch: 7 Average loss: 115.0695
[2022-10-19 23:16:45] PRINT ====> Test set loss: 113.4285
[2022-10-19 23:16:45] PRINT Train Epoch: 8 [0/60000 (0%)]	Loss: 109.900719
[2022-10-19 23:16:45] PRINT Train Epoch: 8 [1280/60000 (2%)]	Loss: 112.809204
[2022-10-19 23:16:45] PRINT Train Epoch: 8 [2560/60000 (4%)]	Loss: 115.498489
[2022-10-19 23:16:45] PRINT Train Epoch: 8 [3840/60000 (6%)]	Loss: 116.129990
[2022-10-19 23:16:45] PRINT Train Epoch: 8 [5120/60000 (9%)]	Loss: 116.071365
[2022-10-19 23:16:46] PRINT Train Epoch: 8 [6400/60000 (11%)]	Loss: 111.918152
[2022-10-19 23:16:46] PRINT Train Epoch: 8 [7680/60000 (13%)]	Loss: 112.198181
[2022-10-19 23:16:46] PRINT Train Epoch: 8 [8960/60000 (15%)]	Loss: 112.570343
[2022-10-19 23:16:46] PRINT Train Epoch: 8 [10240/60000 (17%)]	Loss: 113.611633
[2022-10-19 23:16:46] PRINT Train Epoch: 8 [11520/60000 (19%)]	Loss: 115.488312
[2022-10-19 23:16:46] PRINT Train Epoch: 8 [12800/60000 (21%)]	Loss: 115.492615
[2022-10-19 23:16:46] PRINT Train Epoch: 8 [14080/60000 (23%)]	Loss: 109.838570
[2022-10-19 23:16:46] PRINT Train Epoch: 8 [15360/60000 (26%)]	Loss: 116.769829
[2022-10-19 23:16:46] PRINT Train Epoch: 8 [16640/60000 (28%)]	Loss: 116.438774
[2022-10-19 23:16:47] PRINT Train Epoch: 8 [17920/60000 (30%)]	Loss: 112.455704
[2022-10-19 23:16:47] PRINT Train Epoch: 8 [19200/60000 (32%)]	Loss: 113.448769
[2022-10-19 23:16:47] PRINT Train Epoch: 8 [20480/60000 (34%)]	Loss: 119.149559
[2022-10-19 23:16:47] PRINT Train Epoch: 8 [21760/60000 (36%)]	Loss: 112.564934
[2022-10-19 23:16:47] PRINT Train Epoch: 8 [23040/60000 (38%)]	Loss: 116.933113
[2022-10-19 23:16:47] PRINT Train Epoch: 8 [24320/60000 (41%)]	Loss: 113.755859
[2022-10-19 23:16:47] PRINT Train Epoch: 8 [25600/60000 (43%)]	Loss: 113.774536
[2022-10-19 23:16:47] PRINT Train Epoch: 8 [26880/60000 (45%)]	Loss: 112.786102
[2022-10-19 23:16:47] PRINT Train Epoch: 8 [28160/60000 (47%)]	Loss: 111.518112
[2022-10-19 23:16:47] PRINT Train Epoch: 8 [29440/60000 (49%)]	Loss: 109.831871
[2022-10-19 23:16:48] PRINT Train Epoch: 8 [30720/60000 (51%)]	Loss: 119.059212
[2022-10-19 23:16:48] PRINT Train Epoch: 8 [32000/60000 (53%)]	Loss: 113.859634
[2022-10-19 23:16:48] PRINT Train Epoch: 8 [33280/60000 (55%)]	Loss: 108.885559
[2022-10-19 23:16:48] PRINT Train Epoch: 8 [34560/60000 (58%)]	Loss: 117.449448
[2022-10-19 23:16:48] PRINT Train Epoch: 8 [35840/60000 (60%)]	Loss: 117.271576
[2022-10-19 23:16:48] PRINT Train Epoch: 8 [37120/60000 (62%)]	Loss: 116.946136
[2022-10-19 23:16:48] PRINT Train Epoch: 8 [38400/60000 (64%)]	Loss: 110.898972
[2022-10-19 23:16:48] PRINT Train Epoch: 8 [39680/60000 (66%)]	Loss: 112.376312
[2022-10-19 23:16:48] PRINT Train Epoch: 8 [40960/60000 (68%)]	Loss: 120.820831
[2022-10-19 23:16:48] PRINT Train Epoch: 8 [42240/60000 (70%)]	Loss: 111.986496
[2022-10-19 23:16:49] PRINT Train Epoch: 8 [43520/60000 (72%)]	Loss: 107.153496
[2022-10-19 23:16:49] PRINT Train Epoch: 8 [44800/60000 (75%)]	Loss: 112.318169
[2022-10-19 23:16:49] PRINT Train Epoch: 8 [46080/60000 (77%)]	Loss: 112.714302
[2022-10-19 23:16:49] PRINT Train Epoch: 8 [47360/60000 (79%)]	Loss: 113.374039
[2022-10-19 23:16:49] PRINT Train Epoch: 8 [48640/60000 (81%)]	Loss: 113.126862
[2022-10-19 23:16:49] PRINT Train Epoch: 8 [49920/60000 (83%)]	Loss: 110.822884
[2022-10-19 23:16:49] PRINT Train Epoch: 8 [51200/60000 (85%)]	Loss: 112.010658
[2022-10-19 23:16:49] PRINT Train Epoch: 8 [52480/60000 (87%)]	Loss: 114.227127
[2022-10-19 23:16:49] PRINT Train Epoch: 8 [53760/60000 (90%)]	Loss: 115.835556
[2022-10-19 23:16:49] PRINT Train Epoch: 8 [55040/60000 (92%)]	Loss: 115.548378
[2022-10-19 23:16:50] PRINT Train Epoch: 8 [56320/60000 (94%)]	Loss: 112.272148
[2022-10-19 23:16:50] PRINT Train Epoch: 8 [57600/60000 (96%)]	Loss: 110.264526
[2022-10-19 23:16:50] PRINT Train Epoch: 8 [58880/60000 (98%)]	Loss: 110.453964
[2022-10-19 23:16:50] PRINT ====> Epoch: 8 Average loss: 113.4539
[2022-10-19 23:16:51] PRINT ====> Test set loss: 111.8736
[2022-10-19 23:16:51] PRINT Train Epoch: 9 [0/60000 (0%)]	Loss: 110.261383
[2022-10-19 23:16:51] PRINT Train Epoch: 9 [1280/60000 (2%)]	Loss: 113.701965
[2022-10-19 23:16:51] PRINT Train Epoch: 9 [2560/60000 (4%)]	Loss: 113.844803
[2022-10-19 23:16:51] PRINT Train Epoch: 9 [3840/60000 (6%)]	Loss: 114.093994
[2022-10-19 23:16:51] PRINT Train Epoch: 9 [5120/60000 (9%)]	Loss: 112.014999
[2022-10-19 23:16:51] PRINT Train Epoch: 9 [6400/60000 (11%)]	Loss: 116.794113
[2022-10-19 23:16:51] PRINT Train Epoch: 9 [7680/60000 (13%)]	Loss: 114.809288
[2022-10-19 23:16:52] PRINT Train Epoch: 9 [8960/60000 (15%)]	Loss: 112.109886
[2022-10-19 23:16:52] PRINT Train Epoch: 9 [10240/60000 (17%)]	Loss: 113.997345
[2022-10-19 23:16:52] PRINT Train Epoch: 9 [11520/60000 (19%)]	Loss: 114.322670
[2022-10-19 23:16:52] PRINT Train Epoch: 9 [12800/60000 (21%)]	Loss: 113.849060
[2022-10-19 23:16:52] PRINT Train Epoch: 9 [14080/60000 (23%)]	Loss: 114.245316
[2022-10-19 23:16:52] PRINT Train Epoch: 9 [15360/60000 (26%)]	Loss: 112.796188
[2022-10-19 23:16:52] PRINT Train Epoch: 9 [16640/60000 (28%)]	Loss: 110.510071
[2022-10-19 23:16:52] PRINT Train Epoch: 9 [17920/60000 (30%)]	Loss: 109.349060
[2022-10-19 23:16:52] PRINT Train Epoch: 9 [19200/60000 (32%)]	Loss: 108.043037
[2022-10-19 23:16:53] PRINT Train Epoch: 9 [20480/60000 (34%)]	Loss: 109.656311
[2022-10-19 23:16:53] PRINT Train Epoch: 9 [21760/60000 (36%)]	Loss: 109.233643
[2022-10-19 23:16:53] PRINT Train Epoch: 9 [23040/60000 (38%)]	Loss: 117.586464
[2022-10-19 23:16:53] PRINT Train Epoch: 9 [24320/60000 (41%)]	Loss: 117.708649
[2022-10-19 23:16:53] PRINT Train Epoch: 9 [25600/60000 (43%)]	Loss: 113.248856
[2022-10-19 23:16:53] PRINT Train Epoch: 9 [26880/60000 (45%)]	Loss: 111.350998
[2022-10-19 23:16:53] PRINT Train Epoch: 9 [28160/60000 (47%)]	Loss: 115.649536
[2022-10-19 23:16:53] PRINT Train Epoch: 9 [29440/60000 (49%)]	Loss: 110.188797
[2022-10-19 23:16:53] PRINT Train Epoch: 9 [30720/60000 (51%)]	Loss: 111.507935
[2022-10-19 23:16:54] PRINT Train Epoch: 9 [32000/60000 (53%)]	Loss: 107.033493
[2022-10-19 23:16:54] PRINT Train Epoch: 9 [33280/60000 (55%)]	Loss: 112.448837
[2022-10-19 23:16:54] PRINT Train Epoch: 9 [34560/60000 (58%)]	Loss: 111.628098
[2022-10-19 23:16:54] PRINT Train Epoch: 9 [35840/60000 (60%)]	Loss: 113.875587
[2022-10-19 23:16:54] PRINT Train Epoch: 9 [37120/60000 (62%)]	Loss: 113.667465
[2022-10-19 23:16:54] PRINT Train Epoch: 9 [38400/60000 (64%)]	Loss: 114.568954
[2022-10-19 23:16:54] PRINT Train Epoch: 9 [39680/60000 (66%)]	Loss: 113.520485
[2022-10-19 23:16:54] PRINT Train Epoch: 9 [40960/60000 (68%)]	Loss: 110.277542
[2022-10-19 23:16:54] PRINT Train Epoch: 9 [42240/60000 (70%)]	Loss: 109.958496
[2022-10-19 23:16:54] PRINT Train Epoch: 9 [43520/60000 (72%)]	Loss: 112.983284
[2022-10-19 23:16:55] PRINT Train Epoch: 9 [44800/60000 (75%)]	Loss: 113.504463
[2022-10-19 23:16:55] PRINT Train Epoch: 9 [46080/60000 (77%)]	Loss: 111.693130
[2022-10-19 23:16:55] PRINT Train Epoch: 9 [47360/60000 (79%)]	Loss: 110.844460
[2022-10-19 23:16:55] PRINT Train Epoch: 9 [48640/60000 (81%)]	Loss: 113.941650
[2022-10-19 23:16:55] PRINT Train Epoch: 9 [49920/60000 (83%)]	Loss: 110.031578
[2022-10-19 23:16:55] PRINT Train Epoch: 9 [51200/60000 (85%)]	Loss: 110.383118
[2022-10-19 23:16:55] PRINT Train Epoch: 9 [52480/60000 (87%)]	Loss: 112.663353
[2022-10-19 23:16:55] PRINT Train Epoch: 9 [53760/60000 (90%)]	Loss: 114.945602
[2022-10-19 23:16:55] PRINT Train Epoch: 9 [55040/60000 (92%)]	Loss: 117.047424
[2022-10-19 23:16:56] PRINT Train Epoch: 9 [56320/60000 (94%)]	Loss: 114.248795
[2022-10-19 23:16:56] PRINT Train Epoch: 9 [57600/60000 (96%)]	Loss: 111.994934
[2022-10-19 23:16:56] PRINT Train Epoch: 9 [58880/60000 (98%)]	Loss: 108.831589
[2022-10-19 23:16:56] PRINT ====> Epoch: 9 Average loss: 112.1426
[2022-10-19 23:16:57] PRINT ====> Test set loss: 110.8008
[2022-10-19 23:16:57] PRINT Train Epoch: 10 [0/60000 (0%)]	Loss: 111.227493
[2022-10-19 23:16:57] PRINT Train Epoch: 10 [1280/60000 (2%)]	Loss: 117.072006
[2022-10-19 23:16:57] PRINT Train Epoch: 10 [2560/60000 (4%)]	Loss: 108.591522
[2022-10-19 23:16:57] PRINT Train Epoch: 10 [3840/60000 (6%)]	Loss: 115.453285
[2022-10-19 23:16:57] PRINT Train Epoch: 10 [5120/60000 (9%)]	Loss: 113.943535
[2022-10-19 23:16:57] PRINT Train Epoch: 10 [6400/60000 (11%)]	Loss: 109.011879
[2022-10-19 23:16:57] PRINT Train Epoch: 10 [7680/60000 (13%)]	Loss: 113.474808
[2022-10-19 23:16:58] PRINT Train Epoch: 10 [8960/60000 (15%)]	Loss: 109.738976
[2022-10-19 23:16:58] PRINT Train Epoch: 10 [10240/60000 (17%)]	Loss: 111.670212
[2022-10-19 23:16:58] PRINT Train Epoch: 10 [11520/60000 (19%)]	Loss: 107.195473
[2022-10-19 23:16:58] PRINT Train Epoch: 10 [12800/60000 (21%)]	Loss: 108.775703
[2022-10-19 23:16:58] PRINT Train Epoch: 10 [14080/60000 (23%)]	Loss: 108.882812
[2022-10-19 23:16:58] PRINT Train Epoch: 10 [15360/60000 (26%)]	Loss: 111.691376
[2022-10-19 23:16:58] PRINT Train Epoch: 10 [16640/60000 (28%)]	Loss: 114.748283
[2022-10-19 23:16:58] PRINT Train Epoch: 10 [17920/60000 (30%)]	Loss: 106.796677
[2022-10-19 23:16:58] PRINT Train Epoch: 10 [19200/60000 (32%)]	Loss: 114.869919
[2022-10-19 23:16:58] PRINT Train Epoch: 10 [20480/60000 (34%)]	Loss: 111.959480
[2022-10-19 23:16:59] PRINT Train Epoch: 10 [21760/60000 (36%)]	Loss: 111.753143
[2022-10-19 23:16:59] PRINT Train Epoch: 10 [23040/60000 (38%)]	Loss: 114.837891
[2022-10-19 23:16:59] PRINT Train Epoch: 10 [24320/60000 (41%)]	Loss: 117.054230
[2022-10-19 23:16:59] PRINT Train Epoch: 10 [25600/60000 (43%)]	Loss: 113.194511
[2022-10-19 23:16:59] PRINT Train Epoch: 10 [26880/60000 (45%)]	Loss: 114.430824
[2022-10-19 23:16:59] PRINT Train Epoch: 10 [28160/60000 (47%)]	Loss: 112.461304
[2022-10-19 23:16:59] PRINT Train Epoch: 10 [29440/60000 (49%)]	Loss: 107.286179
[2022-10-19 23:16:59] PRINT Train Epoch: 10 [30720/60000 (51%)]	Loss: 110.414200
[2022-10-19 23:16:59] PRINT Train Epoch: 10 [32000/60000 (53%)]	Loss: 110.445511
[2022-10-19 23:16:59] PRINT Train Epoch: 10 [33280/60000 (55%)]	Loss: 108.169624
[2022-10-19 23:17:00] PRINT Train Epoch: 10 [34560/60000 (58%)]	Loss: 114.886230
[2022-10-19 23:17:00] PRINT Train Epoch: 10 [35840/60000 (60%)]	Loss: 110.025284
[2022-10-19 23:17:00] PRINT Train Epoch: 10 [37120/60000 (62%)]	Loss: 109.921478
[2022-10-19 23:17:00] PRINT Train Epoch: 10 [38400/60000 (64%)]	Loss: 111.575516
[2022-10-19 23:17:00] PRINT Train Epoch: 10 [39680/60000 (66%)]	Loss: 112.125458
[2022-10-19 23:17:00] PRINT Train Epoch: 10 [40960/60000 (68%)]	Loss: 108.701187
[2022-10-19 23:17:00] PRINT Train Epoch: 10 [42240/60000 (70%)]	Loss: 109.366074
[2022-10-19 23:17:00] PRINT Train Epoch: 10 [43520/60000 (72%)]	Loss: 112.211975
[2022-10-19 23:17:00] PRINT Train Epoch: 10 [44800/60000 (75%)]	Loss: 111.308594
[2022-10-19 23:17:00] PRINT Train Epoch: 10 [46080/60000 (77%)]	Loss: 114.328667
[2022-10-19 23:17:01] PRINT Train Epoch: 10 [47360/60000 (79%)]	Loss: 110.619354
[2022-10-19 23:17:01] PRINT Train Epoch: 10 [48640/60000 (81%)]	Loss: 113.018028
[2022-10-19 23:17:01] PRINT Train Epoch: 10 [49920/60000 (83%)]	Loss: 110.477226
[2022-10-19 23:17:01] PRINT Train Epoch: 10 [51200/60000 (85%)]	Loss: 112.538956
[2022-10-19 23:17:01] PRINT Train Epoch: 10 [52480/60000 (87%)]	Loss: 111.266663
[2022-10-19 23:17:01] PRINT Train Epoch: 10 [53760/60000 (90%)]	Loss: 113.645248
[2022-10-19 23:17:01] PRINT Train Epoch: 10 [55040/60000 (92%)]	Loss: 113.462540
[2022-10-19 23:17:01] PRINT Train Epoch: 10 [56320/60000 (94%)]	Loss: 109.806114
[2022-10-19 23:17:01] PRINT Train Epoch: 10 [57600/60000 (96%)]	Loss: 108.803238
[2022-10-19 23:17:02] PRINT Train Epoch: 10 [58880/60000 (98%)]	Loss: 109.886841
[2022-10-19 23:17:02] PRINT ====> Epoch: 10 Average loss: 111.1570
[2022-10-19 23:17:03] PRINT ====> Test set loss: 109.9170
